<?xml version="1.0" encoding="UTF-8"?>
<testsuite name="org.springframework.jdbc.core.BeanPropertyRowMapperTests" tests="10" skipped="0" failures="0" errors="0" timestamp="2020-08-26T03:58:59" hostname="PC-20191023THJJ" time="0.962">
  <properties/>
  <testcase name="testOverridingSameClassDefinedForMapping" classname="org.springframework.jdbc.core.BeanPropertyRowMapperTests" time="0.004"/>
  <testcase name="testMappingWithInheritance" classname="org.springframework.jdbc.core.BeanPropertyRowMapperTests" time="0.917"/>
  <testcase name="testMappingWithNoUnpopulatedFieldsFound" classname="org.springframework.jdbc.core.BeanPropertyRowMapperTests" time="0.001"/>
  <testcase name="testQueryWithSpaceInColumnNameAndLocalDateTime" classname="org.springframework.jdbc.core.BeanPropertyRowMapperTests" time="0.009"/>
  <testcase name="testMappingNullValue" classname="org.springframework.jdbc.core.BeanPropertyRowMapperTests" time="0.002"/>
  <testcase name="testQueryWithSpaceInColumnNameAndLocalDate" classname="org.springframework.jdbc.core.BeanPropertyRowMapperTests" time="0.02"/>
  <testcase name="testMappingWithUnpopulatedFieldsNotChecked" classname="org.springframework.jdbc.core.BeanPropertyRowMapperTests" time="0.004"/>
  <testcase name="testOverridingDifferentClassDefinedForMapping" classname="org.springframework.jdbc.core.BeanPropertyRowMapperTests" time="0.001"/>
  <testcase name="testStaticQueryWithRowMapper" classname="org.springframework.jdbc.core.BeanPropertyRowMapperTests" time="0.001"/>
  <testcase name="testMappingWithUnpopulatedFieldsNotAccepted" classname="org.springframework.jdbc.core.BeanPropertyRowMapperTests" time="0.001"/>
  <system-out><![CDATA[]]></system-out>
  <system-err><![CDATA[]]></system-err>
</testsuite>
