<?xml version="1.0" encoding="UTF-8"?>
<testsuite name="org.springframework.jdbc.datasource.init.ScriptUtilsIntegrationTests" tests="2" skipped="0" failures="0" errors="0" timestamp="2020-08-26T03:59:04" hostname="PC-20191023THJJ" time="0.013">
  <properties/>
  <testcase name="executeSqlScriptContainingMuliLineComments" classname="org.springframework.jdbc.datasource.init.ScriptUtilsIntegrationTests" time="0.007"/>
  <testcase name="executeSqlScriptContainingSingleQuotesNestedInsideDoubleQuotes" classname="org.springframework.jdbc.datasource.init.ScriptUtilsIntegrationTests" time="0.006"/>
  <system-out><![CDATA[]]></system-out>
  <system-err><![CDATA[]]></system-err>
</testsuite>
