<?xml version="1.0" encoding="UTF-8"?>
<testsuite name="org.springframework.jdbc.datasource.init.H2DatabasePopulatorTests" tests="16" skipped="0" failures="0" errors="0" timestamp="2020-08-26T03:59:03" hostname="PC-20191023THJJ" time="0.918">
  <properties/>
  <testcase name="scriptWithH2Alias" classname="org.springframework.jdbc.datasource.init.H2DatabasePopulatorTests" time="0.798"/>
  <testcase name="scriptWithoutStatementSeparator" classname="org.springframework.jdbc.datasource.init.H2DatabasePopulatorTests" time="0.01"/>
  <testcase name="scriptWithMultipleStatementsAndWhitespaceSeparator" classname="org.springframework.jdbc.datasource.init.H2DatabasePopulatorTests" time="0.003"/>
  <testcase name="scriptWithSingleLineCommentsAndFailedDrop" classname="org.springframework.jdbc.datasource.init.H2DatabasePopulatorTests" time="0.003"/>
  <testcase name="usesBoundConnectionIfAvailable" classname="org.springframework.jdbc.datasource.init.H2DatabasePopulatorTests" time="0.001"/>
  <testcase name="scriptWithMultipleStatementsAndLongSeparator" classname="org.springframework.jdbc.datasource.init.H2DatabasePopulatorTests" time="0.003"/>
  <testcase name="scriptWithSelectStatements" classname="org.springframework.jdbc.datasource.init.H2DatabasePopulatorTests" time="0.003"/>
  <testcase name="scriptWithMultipleStatements" classname="org.springframework.jdbc.datasource.init.H2DatabasePopulatorTests" time="0.002"/>
  <testcase name="executesHugeScriptInReasonableTime" classname="org.springframework.jdbc.datasource.init.H2DatabasePopulatorTests" time="0.072"/>
  <testcase name="scriptWithMultipleStatementsAndMultipleNewlineSeparator" classname="org.springframework.jdbc.datasource.init.H2DatabasePopulatorTests" time="0.003"/>
  <testcase name="scriptWithStandardEscapedLiteral" classname="org.springframework.jdbc.datasource.init.H2DatabasePopulatorTests" time="0.002"/>
  <testcase name="scriptWithMultipleStatementsAndNewlineSeparator" classname="org.springframework.jdbc.datasource.init.H2DatabasePopulatorTests" time="0.003"/>
  <testcase name="scriptWithCommentsWithinStatements" classname="org.springframework.jdbc.datasource.init.H2DatabasePopulatorTests" time="0.003"/>
  <testcase name="scriptWithMySqlEscapedLiteral" classname="org.springframework.jdbc.datasource.init.H2DatabasePopulatorTests" time="0.003"/>
  <testcase name="scriptWithEolBetweenTokens" classname="org.springframework.jdbc.datasource.init.H2DatabasePopulatorTests" time="0.002"/>
  <testcase name="constructorWithMultipleScriptResources" classname="org.springframework.jdbc.datasource.init.H2DatabasePopulatorTests" time="0.004"/>
  <system-out><![CDATA[]]></system-out>
  <system-err><![CDATA[]]></system-err>
</testsuite>
