<?xml version="1.0" encoding="UTF-8"?>
<testsuite name="org.springframework.jdbc.datasource.init.HsqlDatabasePopulatorTests" tests="15" skipped="0" failures="0" errors="0" timestamp="2020-08-26T03:59:04" hostname="PC-20191023THJJ" time="0.132">
  <properties/>
  <testcase name="scriptWithoutStatementSeparator" classname="org.springframework.jdbc.datasource.init.HsqlDatabasePopulatorTests" time="0.01"/>
  <testcase name="scriptWithMultipleStatementsAndWhitespaceSeparator" classname="org.springframework.jdbc.datasource.init.HsqlDatabasePopulatorTests" time="0.007"/>
  <testcase name="scriptWithSingleLineCommentsAndFailedDrop" classname="org.springframework.jdbc.datasource.init.HsqlDatabasePopulatorTests" time="0.006"/>
  <testcase name="usesBoundConnectionIfAvailable" classname="org.springframework.jdbc.datasource.init.HsqlDatabasePopulatorTests" time="0.006"/>
  <testcase name="scriptWithMultipleStatementsAndLongSeparator" classname="org.springframework.jdbc.datasource.init.HsqlDatabasePopulatorTests" time="0.006"/>
  <testcase name="scriptWithSelectStatements" classname="org.springframework.jdbc.datasource.init.HsqlDatabasePopulatorTests" time="0.006"/>
  <testcase name="scriptWithMultipleStatements" classname="org.springframework.jdbc.datasource.init.HsqlDatabasePopulatorTests" time="0.006"/>
  <testcase name="executesHugeScriptInReasonableTime" classname="org.springframework.jdbc.datasource.init.HsqlDatabasePopulatorTests" time="0.042"/>
  <testcase name="scriptWithMultipleStatementsAndMultipleNewlineSeparator" classname="org.springframework.jdbc.datasource.init.HsqlDatabasePopulatorTests" time="0.007"/>
  <testcase name="scriptWithStandardEscapedLiteral" classname="org.springframework.jdbc.datasource.init.HsqlDatabasePopulatorTests" time="0.005"/>
  <testcase name="scriptWithMultipleStatementsAndNewlineSeparator" classname="org.springframework.jdbc.datasource.init.HsqlDatabasePopulatorTests" time="0.006"/>
  <testcase name="scriptWithCommentsWithinStatements" classname="org.springframework.jdbc.datasource.init.HsqlDatabasePopulatorTests" time="0.006"/>
  <testcase name="scriptWithMySqlEscapedLiteral" classname="org.springframework.jdbc.datasource.init.HsqlDatabasePopulatorTests" time="0.005"/>
  <testcase name="scriptWithEolBetweenTokens" classname="org.springframework.jdbc.datasource.init.HsqlDatabasePopulatorTests" time="0.007"/>
  <testcase name="constructorWithMultipleScriptResources" classname="org.springframework.jdbc.datasource.init.HsqlDatabasePopulatorTests" time="0.006"/>
  <system-out><![CDATA[]]></system-out>
  <system-err><![CDATA[]]></system-err>
</testsuite>
