<?xml version="1.0" encoding="UTF-8"?>
<testsuite name="org.springframework.jdbc.core.JdbcOperationsExtensionsTests" tests="10" skipped="0" failures="0" errors="0" timestamp="2020-08-26T03:59:05" hostname="PC-20191023THJJ" time="0.017">
  <properties/>
  <testcase name="queryForObject with reified type parameters" classname="org.springframework.jdbc.core.JdbcOperationsExtensionsTests" time="0.003"/>
  <testcase name="queryForObject with RowMapper-like function" classname="org.springframework.jdbc.core.JdbcOperationsExtensionsTests" time="0.007"/>
  <testcase name="queryForList with reified type parameters and argTypes" classname="org.springframework.jdbc.core.JdbcOperationsExtensionsTests" time="0.001"/>
  <testcase name="query with ResultSetExtractor-like function" classname="org.springframework.jdbc.core.JdbcOperationsExtensionsTests" time="0.0"/>
  <testcase name="queryForList with reified type parameters" classname="org.springframework.jdbc.core.JdbcOperationsExtensionsTests" time="0.0"/>
  <testcase name="queryForObject with reified type parameters and argTypes" classname="org.springframework.jdbc.core.JdbcOperationsExtensionsTests" time="0.0"/>
  <testcase name="queryForObject with reified type parameters and args" classname="org.springframework.jdbc.core.JdbcOperationsExtensionsTests" time="0.0"/>
  <testcase name="query with RowMapper-like function" classname="org.springframework.jdbc.core.JdbcOperationsExtensionsTests" time="0.001"/>
  <testcase name="queryForList with reified type parameters and args" classname="org.springframework.jdbc.core.JdbcOperationsExtensionsTests" time="0.0"/>
  <testcase name="query with RowCallbackHandler-like function" classname="org.springframework.jdbc.core.JdbcOperationsExtensionsTests" time="0.002"/>
  <system-out><![CDATA[]]></system-out>
  <system-err><![CDATA[]]></system-err>
</testsuite>
