<?xml version="1.0" encoding="UTF-8"?>
<testsuite name="org.springframework.jdbc.datasource.embedded.EmbeddedDatabaseBuilderTests" tests="11" skipped="0" failures="0" errors="0" timestamp="2020-08-26T03:59:01" hostname="PC-20191023THJJ" time="2.232">
  <properties/>
  <testcase name="createSameSchemaTwiceWithGeneratedUniqueDbNames" classname="org.springframework.jdbc.datasource.embedded.EmbeddedDatabaseBuilderTests" time="0.018"/>
  <testcase name="setTypeToDerbyAndIgnoreFailedDrops" classname="org.springframework.jdbc.datasource.embedded.EmbeddedDatabaseBuilderTests" time="2.094"/>
  <testcase name="addScriptWithBogusFileName" classname="org.springframework.jdbc.datasource.embedded.EmbeddedDatabaseBuilderTests" time="0.008"/>
  <testcase name="createSameSchemaTwiceWithoutUniqueDbNames" classname="org.springframework.jdbc.datasource.embedded.EmbeddedDatabaseBuilderTests" time="0.013"/>
  <testcase name="addScripts" classname="org.springframework.jdbc.datasource.embedded.EmbeddedDatabaseBuilderTests" time="0.016"/>
  <testcase name="addScriptsWithDefaultCommentPrefix" classname="org.springframework.jdbc.datasource.embedded.EmbeddedDatabaseBuilderTests" time="0.016"/>
  <testcase name="addScriptsWithCustomBlockComments" classname="org.springframework.jdbc.datasource.embedded.EmbeddedDatabaseBuilderTests" time="0.015"/>
  <testcase name="addScript" classname="org.springframework.jdbc.datasource.embedded.EmbeddedDatabaseBuilderTests" time="0.015"/>
  <testcase name="addScriptsWithCustomCommentPrefix" classname="org.springframework.jdbc.datasource.embedded.EmbeddedDatabaseBuilderTests" time="0.014"/>
  <testcase name="setTypeToH2" classname="org.springframework.jdbc.datasource.embedded.EmbeddedDatabaseBuilderTests" time="0.007"/>
  <testcase name="addDefaultScripts" classname="org.springframework.jdbc.datasource.embedded.EmbeddedDatabaseBuilderTests" time="0.014"/>
  <system-out><![CDATA[]]></system-out>
  <system-err><![CDATA[]]></system-err>
</testsuite>
