<?xml version="1.0" encoding="UTF-8"?>
<testsuite name="org.springframework.jdbc.object.BatchSqlUpdateTests" tests="2" skipped="0" failures="0" errors="0" timestamp="2020-08-26T03:59:04" hostname="PC-20191023THJJ" time="0.004">
  <properties/>
  <testcase name="testBatchUpdateWithFlushThroughBatchSize" classname="org.springframework.jdbc.object.BatchSqlUpdateTests" time="0.004"/>
  <testcase name="testBatchUpdateWithExplicitFlush" classname="org.springframework.jdbc.object.BatchSqlUpdateTests" time="0.0"/>
  <system-out><![CDATA[]]></system-out>
  <system-err><![CDATA[]]></system-err>
</testsuite>
