<?xml version="1.0" encoding="UTF-8"?>
<testsuite name="org.springframework.jdbc.core.RowMapperTests" tests="5" skipped="0" failures="0" errors="0" timestamp="2020-08-26T03:59:01" hostname="PC-20191023THJJ" time="0.003">
  <properties/>
  <testcase name="preparedStatementSetterWithRowMapper" classname="org.springframework.jdbc.core.RowMapperTests" time="0.001"/>
  <testcase name="queryWithArgsAndRowMapper" classname="org.springframework.jdbc.core.RowMapperTests" time="0.0"/>
  <testcase name="queryWithArgsAndTypesAndRowMapper" classname="org.springframework.jdbc.core.RowMapperTests" time="0.001"/>
  <testcase name="staticQueryWithRowMapper" classname="org.springframework.jdbc.core.RowMapperTests" time="0.0"/>
  <testcase name="preparedStatementCreatorWithRowMapper" classname="org.springframework.jdbc.core.RowMapperTests" time="0.0"/>
  <system-out><![CDATA[]]></system-out>
  <system-err><![CDATA[]]></system-err>
</testsuite>
