<?xml version="1.0" encoding="UTF-8"?>
<testsuite name="org.springframework.jdbc.datasource.embedded.EmbeddedDatabaseFactoryBeanTests" tests="1" skipped="0" failures="0" errors="0" timestamp="2020-08-26T03:59:03" hostname="PC-20191023THJJ" time="0.007">
  <properties/>
  <testcase name="testFactoryBeanLifecycle" classname="org.springframework.jdbc.datasource.embedded.EmbeddedDatabaseFactoryBeanTests" time="0.007"/>
  <system-out><![CDATA[]]></system-out>
  <system-err><![CDATA[]]></system-err>
</testsuite>
