<?xml version="1.0" encoding="UTF-8"?>
<testsuite name="org.springframework.jdbc.config.JdbcNamespaceIntegrationTests" tests="15" skipped="2" failures="0" errors="0" timestamp="2020-08-26T03:58:59" hostname="PC-20191023THJJ" time="0.597">
  <properties/>
  <testcase name="createAndDestroyNestedWithH2" classname="org.springframework.jdbc.config.JdbcNamespaceIntegrationTests" time="0.298"/>
  <testcase name="createEmbeddedDatabaseAgain" classname="org.springframework.jdbc.config.JdbcNamespaceIntegrationTests" time="0.004">
    <skipped/>
  </testcase>
  <testcase name="createWithAnonymousDataSourceAndDefaultDatabaseName" classname="org.springframework.jdbc.config.JdbcNamespaceIntegrationTests" time="0.028"/>
  <testcase name="initializeWithCustomSeparator" classname="org.springframework.jdbc.config.JdbcNamespaceIntegrationTests" time="0.03"/>
  <testcase name="multipleDataSourcesHaveDifferentDatabaseNames" classname="org.springframework.jdbc.config.JdbcNamespaceIntegrationTests" time="0.013"/>
  <testcase name="embeddedWithCustomSeparator" classname="org.springframework.jdbc.config.JdbcNamespaceIntegrationTests" time="0.028"/>
  <testcase name="createWithEndings" classname="org.springframework.jdbc.config.JdbcNamespaceIntegrationTests" time="0.026"/>
  <testcase name="createAndDestroy" classname="org.springframework.jdbc.config.JdbcNamespaceIntegrationTests" time="0.027"/>
  <testcase name="createWithImplicitDatabaseName" classname="org.springframework.jdbc.config.JdbcNamespaceIntegrationTests" time="0.024"/>
  <testcase name="createAndDestroyNestedWithHsql" classname="org.springframework.jdbc.config.JdbcNamespaceIntegrationTests" time="0.031"/>
  <testcase name="createWithResourcePattern" classname="org.springframework.jdbc.config.JdbcNamespaceIntegrationTests" time="0.02"/>
  <testcase name="createWithEndingsNested" classname="org.springframework.jdbc.config.JdbcNamespaceIntegrationTests" time="0.021"/>
  <testcase name="createWithExplicitDatabaseName" classname="org.springframework.jdbc.config.JdbcNamespaceIntegrationTests" time="0.022"/>
  <testcase name="createWithGeneratedDatabaseName" classname="org.springframework.jdbc.config.JdbcNamespaceIntegrationTests" time="0.022"/>
  <testcase name="createEmbeddedDatabase" classname="org.springframework.jdbc.config.JdbcNamespaceIntegrationTests" time="0.0">
    <skipped/>
  </testcase>
  <system-out><![CDATA[]]></system-out>
  <system-err><![CDATA[]]></system-err>
</testsuite>
