<?xml version="1.0" encoding="UTF-8"?>
<testsuite name="org.springframework.jdbc.core.namedparam.BeanPropertySqlParameterSourceTests" tests="7" skipped="0" failures="0" errors="0" timestamp="2020-08-26T03:59:01" hostname="PC-20191023THJJ" time="0.02">
  <properties/>
  <testcase name="hasValueWhereTheUnderlyingBeanPropertyIsNotReadable" classname="org.springframework.jdbc.core.namedparam.BeanPropertySqlParameterSourceTests" time="0.005"/>
  <testcase name="hasValueWhereTheUnderlyingBeanHasNoSuchProperty" classname="org.springframework.jdbc.core.namedparam.BeanPropertySqlParameterSourceTests" time="0.014"/>
  <testcase name="getValueWhereTheUnderlyingBeanHasNoSuchProperty" classname="org.springframework.jdbc.core.namedparam.BeanPropertySqlParameterSourceTests" time="0.0"/>
  <testcase name="getValueWhereTheUnderlyingBeanPropertyIsNotReadable" classname="org.springframework.jdbc.core.namedparam.BeanPropertySqlParameterSourceTests" time="0.0"/>
  <testcase name="successfulPropertyAccessWithOverriddenSqlType" classname="org.springframework.jdbc.core.namedparam.BeanPropertySqlParameterSourceTests" time="0.001"/>
  <testcase name="withNullBeanPassedToCtor" classname="org.springframework.jdbc.core.namedparam.BeanPropertySqlParameterSourceTests" time="0.0"/>
  <testcase name="successfulPropertyAccess" classname="org.springframework.jdbc.core.namedparam.BeanPropertySqlParameterSourceTests" time="0.0"/>
  <system-out><![CDATA[]]></system-out>
  <system-err><![CDATA[]]></system-err>
</testsuite>
