<?xml version="1.0" encoding="UTF-8"?>
<testsuite name="org.springframework.jdbc.support.DataFieldMaxValueIncrementerTests" tests="6" skipped="0" failures="0" errors="0" timestamp="2020-08-26T03:59:05" hostname="PC-20191023THJJ" time="0.006">
  <properties/>
  <testcase name="testMySQLMaxValueIncrementer" classname="org.springframework.jdbc.support.DataFieldMaxValueIncrementerTests" time="0.002"/>
  <testcase name="testHsqlMaxValueIncrementer" classname="org.springframework.jdbc.support.DataFieldMaxValueIncrementerTests" time="0.001"/>
  <testcase name="testOracleSequenceMaxValueIncrementer" classname="org.springframework.jdbc.support.DataFieldMaxValueIncrementerTests" time="0.001"/>
  <testcase name="testHsqlMaxValueIncrementerWithDeleteSpecificValues" classname="org.springframework.jdbc.support.DataFieldMaxValueIncrementerTests" time="0.001"/>
  <testcase name="testPostgresSequenceMaxValueIncrementer" classname="org.springframework.jdbc.support.DataFieldMaxValueIncrementerTests" time="0.0"/>
  <testcase name="testHanaSequenceMaxValueIncrementer" classname="org.springframework.jdbc.support.DataFieldMaxValueIncrementerTests" time="0.001"/>
  <system-out><![CDATA[]]></system-out>
  <system-err><![CDATA[]]></system-err>
</testsuite>
