<?xml version="1.0" encoding="UTF-8"?>
<testsuite name="org.springframework.orm.jpa.ContainerManagedEntityManagerIntegrationTests" tests="10" skipped="0" failures="0" errors="0" timestamp="2020-08-26T04:00:00" hostname="PC-20191023THJJ" time="0.11">
  <properties/>
  <testcase name="testEntityManagerProxyRejectsProgrammaticTxManagement" classname="org.springframework.orm.jpa.ContainerManagedEntityManagerIntegrationTests" time="0.091"/>
  <testcase name="testContainerEntityManagerProxyAllowsJoinTransactionInTransaction" classname="org.springframework.orm.jpa.ContainerManagedEntityManagerIntegrationTests" time="0.0"/>
  <testcase name="testExceptionTranslationWithDialectFoundOnIntroducedEntityManagerInfo" classname="org.springframework.orm.jpa.ContainerManagedEntityManagerIntegrationTests" time="0.003"/>
  <testcase name="testExceptionTranslationWithDialectFoundOnEntityManagerFactoryBean" classname="org.springframework.orm.jpa.ContainerManagedEntityManagerIntegrationTests" time="0.0"/>
  <testcase name="testCommitOccurs" classname="org.springframework.orm.jpa.ContainerManagedEntityManagerIntegrationTests" time="0.004"/>
  <testcase name="testContainerEntityManagerProxyRejectsJoinTransactionWithoutTransaction" classname="org.springframework.orm.jpa.ContainerManagedEntityManagerIntegrationTests" time="0.001"/>
  <testcase name="testEntityManagerProxyIsProxy" classname="org.springframework.orm.jpa.ContainerManagedEntityManagerIntegrationTests" time="0.001"/>
  <testcase name="testRollbackOccurs" classname="org.springframework.orm.jpa.ContainerManagedEntityManagerIntegrationTests" time="0.003"/>
  <testcase name="testReuseInNewTransaction" classname="org.springframework.orm.jpa.ContainerManagedEntityManagerIntegrationTests" time="0.004"/>
  <testcase name="testInstantiateAndSave" classname="org.springframework.orm.jpa.ContainerManagedEntityManagerIntegrationTests" time="0.002"/>
  <system-out><![CDATA[[EL Info]: 2020-08-26 12:00:00.717--ServerSession(424225847)--EclipseLink, version: Eclipse Persistence Services - 2.7.3.v20180807-4be1041
[EL Warning]: metadata: 2020-08-26 12:00:00.717--ServerSession(424225847)--Reverting the lazy setting on the OneToOne or ManyToOne attribute [driversLicense] for the entity class [class org.springframework.orm.jpa.domain.Person] since weaving was not enabled or did not occur.
[EL Info]: connection: 2020-08-26 12:00:00.718--ServerSession(424225847)--/file:/E:/SourceCode/spring-framework/spring-orm/build/classes/java/test/_Person login successful
[EL Fine]: sql: 2020-08-26 12:00:00.719--ServerSession(424225847)--Connection(542816850)--SELECT * FROM SEQUENCE WHERE SEQ_NAME = 'SEQ_GEN'
[EL Fine]: sql: 2020-08-26 12:00:00.733--ClientSession(1513249957)--Connection(1606015874)--SELECT COUNT(0) FROM person
[EL Fine]: sql: 2020-08-26 12:00:00.734--ClientSession(1513249957)--Connection(1606015874)--UPDATE SEQUENCE SET SEQ_COUNT = SEQ_COUNT + ? WHERE SEQ_NAME = ?
	bind => [50, SEQ_GEN]
[EL Fine]: sql: 2020-08-26 12:00:00.734--ClientSession(1513249957)--Connection(1606015874)--SELECT SEQ_COUNT FROM SEQUENCE WHERE SEQ_NAME = ?
	bind => [SEQ_GEN]
[EL Fine]: sql: 2020-08-26 12:00:00.735--ClientSession(1513249957)--Connection(1606015874)--INSERT INTO PERSON (ID, FIRST_NAME, LAST_NAME, DRIVERS_LICENSE_ID) VALUES (?, ?, ?, ?)
	bind => [51, Tony, Blair, null]
[EL Fine]: sql: 2020-08-26 12:00:00.735--ClientSession(1513249957)--Connection(1606015874)--SELECT COUNT(0) FROM person
[EL Fine]: sql: 2020-08-26 12:00:00.736--ServerSession(424225847)--Connection(1081699973)--SELECT COUNT(0) FROM person
[EL Fine]: sql: 2020-08-26 12:00:00.738--ServerSession(424225847)--Connection(1533959886)--SELECT ID, FIRST_NAME, LAST_NAME, DRIVERS_LICENSE_ID FROM PERSON
[EL Fine]: sql: 2020-08-26 12:00:00.74--ClientSession(2091217174)--Connection(232590610)--SELECT COUNT(0) FROM person
[EL Fine]: sql: 2020-08-26 12:00:00.741--ClientSession(2091217174)--Connection(232590610)--INSERT INTO PERSON (ID, FIRST_NAME, LAST_NAME, DRIVERS_LICENSE_ID) VALUES (?, ?, ?, ?)
	bind => [52, Tony, Blair, null]
[EL Fine]: sql: 2020-08-26 12:00:00.741--ClientSession(2091217174)--Connection(232590610)--SELECT COUNT(0) FROM person
[EL Fine]: sql: 2020-08-26 12:00:00.742--ServerSession(424225847)--Connection(957368466)--SELECT COUNT(0) FROM person
[EL Fine]: sql: 2020-08-26 12:00:00.743--ClientSession(1439105938)--Connection(660778287)--SELECT COUNT(0) FROM person
[EL Fine]: sql: 2020-08-26 12:00:00.743--ClientSession(1439105938)--Connection(660778287)--INSERT INTO PERSON (ID, FIRST_NAME, LAST_NAME, DRIVERS_LICENSE_ID) VALUES (?, ?, ?, ?)
	bind => [53, Tony, Blair, null]
[EL Fine]: sql: 2020-08-26 12:00:00.744--ClientSession(1439105938)--Connection(660778287)--SELECT COUNT(0) FROM person
[EL Fine]: sql: 2020-08-26 12:00:00.744--ClientSession(1408010860)--Connection(1731963534)--SELECT COUNT(0) FROM person
[EL Fine]: sql: 2020-08-26 12:00:00.745--ClientSession(1408010860)--Connection(1731963534)--INSERT INTO PERSON (ID, FIRST_NAME, LAST_NAME, DRIVERS_LICENSE_ID) VALUES (?, ?, ?, ?)
	bind => [54, Tony, Blair, null]
[EL Fine]: sql: 2020-08-26 12:00:00.745--ClientSession(1408010860)--Connection(1731963534)--SELECT COUNT(0) FROM person
[EL Fine]: sql: 2020-08-26 12:00:00.746--ServerSession(424225847)--Connection(525900452)--SELECT COUNT(0) FROM person
[EL Fine]: sql: 2020-08-26 12:00:00.747--ClientSession(554039712)--Connection(409334306)--SELECT COUNT(0) FROM person
[EL Fine]: sql: 2020-08-26 12:00:00.747--ClientSession(554039712)--Connection(409334306)--INSERT INTO PERSON (ID, FIRST_NAME, LAST_NAME, DRIVERS_LICENSE_ID) VALUES (?, ?, ?, ?)
	bind => [55, Tony, Blair, null]
[EL Fine]: sql: 2020-08-26 12:00:00.748--ClientSession(554039712)--Connection(409334306)--SELECT COUNT(0) FROM person
[EL Info]: connection: 2020-08-26 12:00:00.748--ServerSession(424225847)--/file:/E:/SourceCode/spring-framework/spring-orm/build/classes/java/test/_Person logout successful
]]></system-out>
  <system-err><![CDATA[]]></system-err>
</testsuite>
