<?xml version="1.0" encoding="UTF-8"?>
<testsuite name="org.springframework.orm.jpa.DefaultJpaDialectTests" tests="3" skipped="0" failures="0" errors="0" timestamp="2020-08-26T04:00:00" hostname="PC-20191023THJJ" time="0.821">
  <properties/>
  <testcase name="testDefaultTransactionDefinition" classname="org.springframework.orm.jpa.DefaultJpaDialectTests" time="0.001"/>
  <testcase name="testDefaultBeginTransaction" classname="org.springframework.orm.jpa.DefaultJpaDialectTests" time="0.82"/>
  <testcase name="testTranslateException" classname="org.springframework.orm.jpa.DefaultJpaDialectTests" time="0.0"/>
  <system-out><![CDATA[]]></system-out>
  <system-err><![CDATA[]]></system-err>
</testsuite>
