<?xml version="1.0" encoding="UTF-8"?>
<testsuite name="org.springframework.orm.jpa.ApplicationManagedEntityManagerIntegrationTests" tests="8" skipped="0" failures="0" errors="0" timestamp="2020-08-26T03:59:57" hostname="PC-20191023THJJ" time="3.387">
  <properties/>
  <testcase name="testEntityManagerProxyAcceptsProgrammaticTxJoining" classname="org.springframework.orm.jpa.ApplicationManagedEntityManagerIntegrationTests" time="2.826"/>
  <testcase name="testStateClean" classname="org.springframework.orm.jpa.ApplicationManagedEntityManagerIntegrationTests" time="0.088"/>
  <testcase name="testCommitOccurs" classname="org.springframework.orm.jpa.ApplicationManagedEntityManagerIntegrationTests" time="0.037"/>
  <testcase name="testEntityManagerProxyIsProxy" classname="org.springframework.orm.jpa.ApplicationManagedEntityManagerIntegrationTests" time="0.402"/>
  <testcase name="testCannotFlushWithoutGettingTransaction" classname="org.springframework.orm.jpa.ApplicationManagedEntityManagerIntegrationTests" time="0.022"/>
  <testcase name="testRollbackOccurs" classname="org.springframework.orm.jpa.ApplicationManagedEntityManagerIntegrationTests" time="0.003"/>
  <testcase name="testReuseInNewTransaction" classname="org.springframework.orm.jpa.ApplicationManagedEntityManagerIntegrationTests" time="0.007"/>
  <testcase name="testInstantiateAndSave" classname="org.springframework.orm.jpa.ApplicationManagedEntityManagerIntegrationTests" time="0.002"/>
  <system-out><![CDATA[[EL Info]: 2020-08-26 11:59:59.498--ServerSession(962616512)--EclipseLink, version: Eclipse Persistence Services - 2.7.3.v20180807-4be1041
[EL Warning]: metadata: 2020-08-26 11:59:59.885--ServerSession(962616512)--Reverting the lazy setting on the OneToOne or ManyToOne attribute [driversLicense] for the entity class [class org.springframework.orm.jpa.domain.Person] since weaving was not enabled or did not occur.
[EL Info]: connection: 2020-08-26 11:59:59.921--ServerSession(962616512)--/file:/E:/SourceCode/spring-framework/spring-orm/build/classes/java/test/_Person login successful
[EL Fine]: sql: 2020-08-26 11:59:59.958--ServerSession(962616512)--Connection(1783037646)--CREATE TABLE PERSON (ID INTEGER NOT NULL, FIRST_NAME VARCHAR(255), LAST_NAME VARCHAR(255), DRIVERS_LICENSE_ID INTEGER, PRIMARY KEY (ID))
[EL Fine]: sql: 2020-08-26 11:59:59.959--ServerSession(962616512)--Connection(298428448)--CREATE TABLE DRIVERS_LICENSE (ID INTEGER NOT NULL, SERIAL_NUMBER VARCHAR(255), PRIMARY KEY (ID))
[EL Fine]: sql: 2020-08-26 11:59:59.96--ServerSession(962616512)--Connection(799373267)--ALTER TABLE PERSON ADD CONSTRAINT FK_PERSON_DRIVERS_LICENSE_ID FOREIGN KEY (DRIVERS_LICENSE_ID) REFERENCES DRIVERS_LICENSE (ID)
[EL Fine]: sql: 2020-08-26 11:59:59.961--ServerSession(962616512)--Connection(653294970)--CREATE TABLE SEQUENCE (SEQ_NAME VARCHAR(50) NOT NULL, SEQ_COUNT NUMERIC(38), PRIMARY KEY (SEQ_NAME))
[EL Fine]: sql: 2020-08-26 11:59:59.962--ServerSession(962616512)--Connection(2112577023)--SELECT * FROM SEQUENCE WHERE SEQ_NAME = 'SEQ_GEN'
[EL Fine]: sql: 2020-08-26 11:59:59.963--ServerSession(962616512)--Connection(63458391)--INSERT INTO SEQUENCE(SEQ_NAME, SEQ_COUNT) values ('SEQ_GEN', 0)
[EL Fine]: sql: 2020-08-26 12:00:00.167--ClientSession(1767283404)--Connection(1675344140)--UPDATE SEQUENCE SET SEQ_COUNT = SEQ_COUNT + ? WHERE SEQ_NAME = ?
	bind => [50, SEQ_GEN]
[EL Fine]: sql: 2020-08-26 12:00:00.169--ClientSession(1767283404)--Connection(1675344140)--SELECT SEQ_COUNT FROM SEQUENCE WHERE SEQ_NAME = ?
	bind => [SEQ_GEN]
[EL Fine]: sql: 2020-08-26 12:00:00.179--ClientSession(1767283404)--Connection(704358225)--INSERT INTO PERSON (ID, FIRST_NAME, LAST_NAME, DRIVERS_LICENSE_ID) VALUES (?, ?, ?, ?)
	bind => [1, Tony, Blair, null]
[EL Fine]: sql: 2020-08-26 12:00:00.188--ClientSession(1767283404)--Connection(704358225)--SELECT COUNT(0) FROM person
[EL Fine]: sql: 2020-08-26 12:00:00.196--ServerSession(962616512)--Connection(1497835798)--SELECT COUNT(0) FROM person
[EL Fine]: sql: 2020-08-26 12:00:00.6--ServerSession(962616512)--Connection(1174015058)--SELECT ID, FIRST_NAME, LAST_NAME, DRIVERS_LICENSE_ID FROM PERSON
[EL Fine]: sql: 2020-08-26 12:00:00.622--ClientSession(1881686507)--Connection(1603607574)--DELETE FROM PERSON
[EL Fine]: sql: 2020-08-26 12:00:00.624--ClientSession(848823350)--Connection(1638092932)--INSERT INTO PERSON (ID, FIRST_NAME, LAST_NAME, DRIVERS_LICENSE_ID) VALUES (?, ?, ?, ?)
	bind => [3, Tony, Blair, null]
[EL Fine]: sql: 2020-08-26 12:00:00.625--ClientSession(848823350)--Connection(1638092932)--SELECT COUNT(0) FROM person
[EL Fine]: sql: 2020-08-26 12:00:00.625--ServerSession(962616512)--Connection(1707085622)--SELECT COUNT(0) FROM person
[EL Fine]: sql: 2020-08-26 12:00:00.627--ClientSession(710651558)--Connection(399919987)--INSERT INTO PERSON (ID, FIRST_NAME, LAST_NAME, DRIVERS_LICENSE_ID) VALUES (?, ?, ?, ?)
	bind => [4, Tony, Blair, null]
[EL Fine]: sql: 2020-08-26 12:00:00.627--ClientSession(710651558)--Connection(399919987)--SELECT COUNT(0) FROM person
[EL Fine]: sql: 2020-08-26 12:00:00.628--ClientSession(1802461411)--Connection(1436830569)--INSERT INTO PERSON (ID, FIRST_NAME, LAST_NAME, DRIVERS_LICENSE_ID) VALUES (?, ?, ?, ?)
	bind => [5, Tony, Blair, null]
[EL Fine]: sql: 2020-08-26 12:00:00.629--ClientSession(1802461411)--Connection(1436830569)--SELECT COUNT(0) FROM person
[EL Fine]: sql: 2020-08-26 12:00:00.629--ServerSession(962616512)--Connection(63717876)--SELECT COUNT(0) FROM person
[EL Fine]: sql: 2020-08-26 12:00:00.63--ClientSession(1802461411)--Connection(291278381)--DELETE FROM PERSON
[EL Fine]: sql: 2020-08-26 12:00:00.632--ClientSession(1802461411)--Connection(291278381)--SELECT COUNT(0) FROM person
[EL Fine]: sql: 2020-08-26 12:00:00.634--ClientSession(603673972)--Connection(696962793)--INSERT INTO PERSON (ID, FIRST_NAME, LAST_NAME, DRIVERS_LICENSE_ID) VALUES (?, ?, ?, ?)
	bind => [6, Tony, Blair, null]
[EL Fine]: sql: 2020-08-26 12:00:00.635--ClientSession(603673972)--Connection(696962793)--SELECT COUNT(0) FROM person
[EL Info]: connection: 2020-08-26 12:00:00.636--ServerSession(962616512)--/file:/E:/SourceCode/spring-framework/spring-orm/build/classes/java/test/_Person logout successful
]]></system-out>
  <system-err><![CDATA[]]></system-err>
</testsuite>
