<?xml version="1.0" encoding="UTF-8"?>
<testsuite name="org.springframework.orm.jpa.EntityManagerFactoryBeanSupportTests" tests="1" skipped="0" failures="0" errors="0" timestamp="2020-08-26T04:00:01" hostname="PC-20191023THJJ" time="0.025">
  <properties/>
  <testcase name="testHookIsCalled" classname="org.springframework.orm.jpa.EntityManagerFactoryBeanSupportTests" time="0.025"/>
  <system-out><![CDATA[]]></system-out>
  <system-err><![CDATA[]]></system-err>
</testsuite>
