<?xml version="1.0" encoding="UTF-8"?>
<testsuite name="org.springframework.context.index.processor.CandidateComponentsIndexerTests" tests="24" skipped="0" failures="0" errors="0" timestamp="2020-08-26T03:58:24" hostname="PC-20191023THJJ" time="5.702">
  <properties/>
  <testcase name="persistenceEmbeddable" classname="org.springframework.context.index.processor.CandidateComponentsIndexerTests" time="0.903"/>
  <testcase name="stereotypeService" classname="org.springframework.context.index.processor.CandidateComponentsIndexerTests" time="0.279"/>
  <testcase name="cdiNamed" classname="org.springframework.context.index.processor.CandidateComponentsIndexerTests" time="0.245"/>
  <testcase name="typeStereotypeFromInterfaceFromSuperClass" classname="org.springframework.context.index.processor.CandidateComponentsIndexerTests" time="0.139"/>
  <testcase name="typeStereotypeOnIndexedInterface" classname="org.springframework.context.index.processor.CandidateComponentsIndexerTests" time="0.189"/>
  <testcase name="stereotypeRepository" classname="org.springframework.context.index.processor.CandidateComponentsIndexerTests" time="0.236"/>
  <testcase name="stereotypeControllerMetaAnnotation" classname="org.springframework.context.index.processor.CandidateComponentsIndexerTests" time="0.179"/>
  <testcase name="embeddedNonStaticCandidateAreIgnored" classname="org.springframework.context.index.processor.CandidateComponentsIndexerTests" time="0.133"/>
  <testcase name="noAnnotation" classname="org.springframework.context.index.processor.CandidateComponentsIndexerTests" time="0.687"/>
  <testcase name="typeStereotypeFromMetaInterface" classname="org.springframework.context.index.processor.CandidateComponentsIndexerTests" time="0.124"/>
  <testcase name="stereotypeOnAbstractClass" classname="org.springframework.context.index.processor.CandidateComponentsIndexerTests" time="0.128"/>
  <testcase name="typeStereotypeFromSeveralInterfaces" classname="org.springframework.context.index.processor.CandidateComponentsIndexerTests" time="0.126"/>
  <testcase name="typeStereotypeOnInterfaceFromSeveralInterfaces" classname="org.springframework.context.index.processor.CandidateComponentsIndexerTests" time="0.181"/>
  <testcase name="cdiManagedBean" classname="org.springframework.context.index.processor.CandidateComponentsIndexerTests" time="0.217"/>
  <testcase name="embeddedCandidatesAreDetected" classname="org.springframework.context.index.processor.CandidateComponentsIndexerTests" time="0.13"/>
  <testcase name="stereotypeControllerMetaIndex" classname="org.springframework.context.index.processor.CandidateComponentsIndexerTests" time="0.179"/>
  <testcase name="persistenceEntity" classname="org.springframework.context.index.processor.CandidateComponentsIndexerTests" time="0.211"/>
  <testcase name="packageInfo" classname="org.springframework.context.index.processor.CandidateComponentsIndexerTests" time="0.102"/>
  <testcase name="persistenceConverter" classname="org.springframework.context.index.processor.CandidateComponentsIndexerTests" time="0.217"/>
  <testcase name="typeStereotypeOnInterface" classname="org.springframework.context.index.processor.CandidateComponentsIndexerTests" time="0.117"/>
  <testcase name="persistenceMappedSuperClass" classname="org.springframework.context.index.processor.CandidateComponentsIndexerTests" time="0.219"/>
  <testcase name="stereotypeController" classname="org.springframework.context.index.processor.CandidateComponentsIndexerTests" time="0.241"/>
  <testcase name="noCandidate" classname="org.springframework.context.index.processor.CandidateComponentsIndexerTests" time="0.387"/>
  <testcase name="stereotypeComponent" classname="org.springframework.context.index.processor.CandidateComponentsIndexerTests" time="0.128"/>
  <system-out><![CDATA[]]></system-out>
  <system-err><![CDATA[]]></system-err>
</testsuite>
