<?xml version="1.0" encoding="UTF-8"?>
<testsuite name="org.springframework.beans.factory.config.ServiceLocatorFactoryBeanTests" tests="12" skipped="2" failures="0" errors="0" timestamp="2020-08-26T03:57:17" hostname="PC-20191023THJJ" time="0.009">
  <properties/>
  <testcase name="testWhenServiceLocatorExceptionClassIsNotAnExceptionSubclass" classname="org.springframework.beans.factory.config.ServiceLocatorFactoryBeanTests" time="0.0"/>
  <testcase name="testStringArgGetter" classname="org.springframework.beans.factory.config.ServiceLocatorFactoryBeanTests" time="0.004"/>
  <testcase name="testWhenServiceLocatorMethodCalledWithTooManyParameters" classname="org.springframework.beans.factory.config.ServiceLocatorFactoryBeanTests" time="0.001"/>
  <testcase name="testErrorOnTooManyOrTooFew" classname="org.springframework.beans.factory.config.ServiceLocatorFactoryBeanTests" time="0.001"/>
  <testcase name="testCombinedLocatorInterface" classname="org.springframework.beans.factory.config.ServiceLocatorFactoryBeanTests" time="0.0">
    <skipped/>
  </testcase>
  <testcase name="testRequiresListableBeanFactoryAndChokesOnAnythingElse" classname="org.springframework.beans.factory.config.ServiceLocatorFactoryBeanTests" time="0.001"/>
  <testcase name="testServiceMappings" classname="org.springframework.beans.factory.config.ServiceLocatorFactoryBeanTests" time="0.0">
    <skipped/>
  </testcase>
  <testcase name="testWhenServiceLocatorInterfaceIsNotAnInterfaceType" classname="org.springframework.beans.factory.config.ServiceLocatorFactoryBeanTests" time="0.0"/>
  <testcase name="testErrorOnTooManyOrTooFewWithCustomServiceLocatorException" classname="org.springframework.beans.factory.config.ServiceLocatorFactoryBeanTests" time="0.0"/>
  <testcase name="testNoServiceLocatorInterfaceSupplied" classname="org.springframework.beans.factory.config.ServiceLocatorFactoryBeanTests" time="0.001"/>
  <testcase name="testNoArgGetter" classname="org.springframework.beans.factory.config.ServiceLocatorFactoryBeanTests" time="0.0"/>
  <testcase name="testWhenServiceLocatorExceptionClassToExceptionTypeWithOnlyNoArgCtor" classname="org.springframework.beans.factory.config.ServiceLocatorFactoryBeanTests" time="0.0"/>
  <system-out><![CDATA[]]></system-out>
  <system-err><![CDATA[]]></system-err>
</testsuite>
