<?xml version="1.0" encoding="UTF-8"?>
<testsuite name="org.springframework.beans.factory.annotation.CustomAutowireConfigurerTests" tests="1" skipped="0" failures="0" errors="0" timestamp="2020-08-26T03:57:16" hostname="PC-20191023THJJ" time="0.07">
  <properties/>
  <testcase name="testCustomResolver" classname="org.springframework.beans.factory.annotation.CustomAutowireConfigurerTests" time="0.07"/>
  <system-out><![CDATA[]]></system-out>
  <system-err><![CDATA[]]></system-err>
</testsuite>
