<?xml version="1.0" encoding="UTF-8"?>
<testsuite name="org.springframework.beans.factory.config.PropertyPathFactoryBeanTests" tests="6" skipped="0" failures="0" errors="0" timestamp="2020-08-26T03:57:17" hostname="PC-20191023THJJ" time="0.022">
  <properties/>
  <testcase name="testPropertyPathFactoryBeanWithSingletonResult" classname="org.springframework.beans.factory.config.PropertyPathFactoryBeanTests" time="0.007"/>
  <testcase name="testPropertyPathFactoryBeanAsInnerBean" classname="org.springframework.beans.factory.config.PropertyPathFactoryBeanTests" time="0.003"/>
  <testcase name="testPropertyPathFactoryBeanAsInnerNull" classname="org.springframework.beans.factory.config.PropertyPathFactoryBeanTests" time="0.003"/>
  <testcase name="testPropertyPathFactoryBeanWithNullResult" classname="org.springframework.beans.factory.config.PropertyPathFactoryBeanTests" time="0.003"/>
  <testcase name="testPropertyPathFactoryBeanWithPrototypeResult" classname="org.springframework.beans.factory.config.PropertyPathFactoryBeanTests" time="0.003"/>
  <testcase name="testPropertyPathFactoryBeanAsNullReference" classname="org.springframework.beans.factory.config.PropertyPathFactoryBeanTests" time="0.003"/>
  <system-out><![CDATA[]]></system-out>
  <system-err><![CDATA[]]></system-err>
</testsuite>
