<?xml version="1.0" encoding="UTF-8"?>
<testsuite name="org.springframework.beans.factory.xml.DelegatingEntityResolverTests" tests="3" skipped="0" failures="0" errors="0" timestamp="2020-08-26T03:57:18" hostname="PC-20191023THJJ" time="0.001">
  <properties/>
  <testcase name="testCtorWhereEntityResolversAreBothNull" classname="org.springframework.beans.factory.xml.DelegatingEntityResolverTests" time="0.0"/>
  <testcase name="testCtorWhereDtdEntityResolverIsNull" classname="org.springframework.beans.factory.xml.DelegatingEntityResolverTests" time="0.001"/>
  <testcase name="testCtorWhereSchemaEntityResolverIsNull" classname="org.springframework.beans.factory.xml.DelegatingEntityResolverTests" time="0.0"/>
  <system-out><![CDATA[]]></system-out>
  <system-err><![CDATA[]]></system-err>
</testsuite>
