<?xml version="1.0" encoding="UTF-8"?>
<testsuite name="org.springframework.beans.factory.support.BeanDefinitionTests" tests="6" skipped="0" failures="0" errors="0" timestamp="2020-08-26T03:57:17" hostname="PC-20191023THJJ" time="0.001">
  <properties/>
  <testcase name="beanDefinitionEquality" classname="org.springframework.beans.factory.support.BeanDefinitionTests" time="0.0"/>
  <testcase name="beanDefinitionHolderEquality" classname="org.springframework.beans.factory.support.BeanDefinitionTests" time="0.0"/>
  <testcase name="beanDefinitionEqualityWithConstructorArguments" classname="org.springframework.beans.factory.support.BeanDefinitionTests" time="0.0"/>
  <testcase name="beanDefinitionEqualityWithTypedConstructorArguments" classname="org.springframework.beans.factory.support.BeanDefinitionTests" time="0.0"/>
  <testcase name="beanDefinitionEqualityWithPropertyValues" classname="org.springframework.beans.factory.support.BeanDefinitionTests" time="0.0"/>
  <testcase name="beanDefinitionMerging" classname="org.springframework.beans.factory.support.BeanDefinitionTests" time="0.001"/>
  <system-out><![CDATA[]]></system-out>
  <system-err><![CDATA[]]></system-err>
</testsuite>
