<?xml version="1.0" encoding="UTF-8"?>
<testsuite name="org.springframework.beans.factory.support.ManagedSetTests" tests="6" skipped="0" failures="0" errors="0" timestamp="2020-08-26T03:57:17" hostname="PC-20191023THJJ" time="0.0">
  <properties/>
  <testcase name="mergeEmptyChild" classname="org.springframework.beans.factory.support.ManagedSetTests" time="0.0"/>
  <testcase name="mergeWithNullParent" classname="org.springframework.beans.factory.support.ManagedSetTests" time="0.0"/>
  <testcase name="mergeNotAllowedWhenMergeNotEnabled" classname="org.springframework.beans.factory.support.ManagedSetTests" time="0.0"/>
  <testcase name="mergeChildValuesOverrideTheParents" classname="org.springframework.beans.factory.support.ManagedSetTests" time="0.0"/>
  <testcase name="mergeSunnyDay" classname="org.springframework.beans.factory.support.ManagedSetTests" time="0.0"/>
  <testcase name="mergeWithNonCompatibleParentType" classname="org.springframework.beans.factory.support.ManagedSetTests" time="0.0"/>
  <system-out><![CDATA[]]></system-out>
  <system-err><![CDATA[]]></system-err>
</testsuite>
