<?xml version="1.0" encoding="UTF-8"?>
<testsuite name="org.springframework.beans.factory.support.security.CallbacksSecurityTests" tests="15" skipped="0" failures="0" errors="0" timestamp="2020-08-26T03:57:17" hostname="PC-20191023THJJ" time="0.146">
  <properties/>
  <testcase name="testSecuritySanity" classname="org.springframework.beans.factory.support.security.CallbacksSecurityTests" time="0.025"/>
  <testcase name="testSpringDestroyBean" classname="org.springframework.beans.factory.support.security.CallbacksSecurityTests" time="0.01"/>
  <testcase name="testCustomFactoryType" classname="org.springframework.beans.factory.support.security.CallbacksSecurityTests" time="0.008"/>
  <testcase name="testTrustedFactoryMethod" classname="org.springframework.beans.factory.support.security.CallbacksSecurityTests" time="0.01"/>
  <testcase name="testCustomStaticFactoryMethod" classname="org.springframework.beans.factory.support.security.CallbacksSecurityTests" time="0.007"/>
  <testcase name="testCustomInstanceFactoryMethod" classname="org.springframework.beans.factory.support.security.CallbacksSecurityTests" time="0.007"/>
  <testcase name="testSpringInitBean" classname="org.springframework.beans.factory.support.security.CallbacksSecurityTests" time="0.007"/>
  <testcase name="testContainerPrivileges" classname="org.springframework.beans.factory.support.security.CallbacksSecurityTests" time="0.007"/>
  <testcase name="testPropertyInjection" classname="org.springframework.beans.factory.support.security.CallbacksSecurityTests" time="0.014"/>
  <testcase name="testCustomFactoryObject" classname="org.springframework.beans.factory.support.security.CallbacksSecurityTests" time="0.007"/>
  <testcase name="testCustomDestroyBean" classname="org.springframework.beans.factory.support.security.CallbacksSecurityTests" time="0.007"/>
  <testcase name="testCustomInitBean" classname="org.springframework.beans.factory.support.security.CallbacksSecurityTests" time="0.006"/>
  <testcase name="testTrustedExecution" classname="org.springframework.beans.factory.support.security.CallbacksSecurityTests" time="0.019"/>
  <testcase name="testInitSecurityAwarePrototypeBean" classname="org.springframework.beans.factory.support.security.CallbacksSecurityTests" time="0.006"/>
  <testcase name="testConstructor" classname="org.springframework.beans.factory.support.security.CallbacksSecurityTests" time="0.006"/>
  <system-out><![CDATA[]]></system-out>
  <system-err><![CDATA[]]></system-err>
</testsuite>
