<?xml version="1.0" encoding="UTF-8"?>
<testsuite name="org.springframework.beans.factory.support.PropertiesBeanDefinitionReaderTests" tests="3" skipped="0" failures="0" errors="0" timestamp="2020-08-26T03:57:17" hostname="PC-20191023THJJ" time="0.002">
  <properties/>
  <testcase name="withMultipleConstructorsArgs" classname="org.springframework.beans.factory.support.PropertiesBeanDefinitionReaderTests" time="0.001"/>
  <testcase name="withSimpleConstructorArg" classname="org.springframework.beans.factory.support.PropertiesBeanDefinitionReaderTests" time="0.0"/>
  <testcase name="withConstructorArgRef" classname="org.springframework.beans.factory.support.PropertiesBeanDefinitionReaderTests" time="0.0"/>
  <system-out><![CDATA[]]></system-out>
  <system-err><![CDATA[]]></system-err>
</testsuite>
