<?xml version="1.0" encoding="UTF-8"?>
<testsuite name="org.springframework.beans.support.PagedListHolderTests" tests="1" skipped="1" failures="0" errors="0" timestamp="2020-08-26T03:57:19" hostname="PC-20191023THJJ" time="0.0">
  <properties/>
  <testcase name="testPagedListHolder" classname="org.springframework.beans.support.PagedListHolderTests" time="0.0">
    <skipped/>
  </testcase>
  <system-out><![CDATA[]]></system-out>
  <system-err><![CDATA[]]></system-err>
</testsuite>
