<?xml version="1.0" encoding="UTF-8"?>
<testsuite name="org.springframework.beans.propertyeditors.URLEditorTests" tests="7" skipped="0" failures="0" errors="0" timestamp="2020-08-26T03:57:19" hostname="PC-20191023THJJ" time="0.024">
  <properties/>
  <testcase name="testStandardURI" classname="org.springframework.beans.propertyeditors.URLEditorTests" time="0.018"/>
  <testcase name="testStandardURL" classname="org.springframework.beans.propertyeditors.URLEditorTests" time="0.0"/>
  <testcase name="testSetAsTextWithNull" classname="org.springframework.beans.propertyeditors.URLEditorTests" time="0.0"/>
  <testcase name="testClasspathURL" classname="org.springframework.beans.propertyeditors.URLEditorTests" time="0.0"/>
  <testcase name="testGetAsTextReturnsEmptyStringIfValueNotSet" classname="org.springframework.beans.propertyeditors.URLEditorTests" time="0.0"/>
  <testcase name="testWithNonExistentResource" classname="org.springframework.beans.propertyeditors.URLEditorTests" time="0.006"/>
  <testcase name="testCtorWithNullResourceEditor" classname="org.springframework.beans.propertyeditors.URLEditorTests" time="0.0"/>
  <system-out><![CDATA[]]></system-out>
  <system-err><![CDATA[]]></system-err>
</testsuite>
