<?xml version="1.0" encoding="UTF-8"?>
<testsuite name="org.springframework.beans.factory.parsing.FailFastProblemReporterTests" tests="2" skipped="0" failures="0" errors="0" timestamp="2020-08-26T03:57:17" hostname="PC-20191023THJJ" time="0.017">
  <properties/>
  <testcase name="testError" classname="org.springframework.beans.factory.parsing.FailFastProblemReporterTests" time="0.0"/>
  <testcase name="testWarn" classname="org.springframework.beans.factory.parsing.FailFastProblemReporterTests" time="0.017"/>
  <system-out><![CDATA[]]></system-out>
  <system-err><![CDATA[]]></system-err>
</testsuite>
