<?xml version="1.0" encoding="UTF-8"?>
<testsuite name="org.springframework.beans.factory.BeanFactoryExtensionsTests" tests="3" skipped="0" failures="0" errors="0" timestamp="2020-08-26T03:57:22" hostname="PC-20191023THJJ" time="0.013">
  <properties/>
  <testcase name="getBean with reified type parameters and varargs" classname="org.springframework.beans.factory.BeanFactoryExtensionsTests" time="0.01"/>
  <testcase name="getBean with reified type parameters" classname="org.springframework.beans.factory.BeanFactoryExtensionsTests" time="0.0"/>
  <testcase name="getBean with String and reified type parameters" classname="org.springframework.beans.factory.BeanFactoryExtensionsTests" time="0.001"/>
  <system-out><![CDATA[]]></system-out>
  <system-err><![CDATA[]]></system-err>
</testsuite>
