<?xml version="1.0" encoding="UTF-8"?>
<testsuite name="org.springframework.beans.factory.annotation.LookupAnnotationTests" tests="6" skipped="0" failures="0" errors="0" timestamp="2020-08-26T03:57:16" hostname="PC-20191023THJJ" time="0.08">
  <properties/>
  <testcase name="testWithoutConstructorArg" classname="org.springframework.beans.factory.annotation.LookupAnnotationTests" time="0.065"/>
  <testcase name="testWithOverloadedArg" classname="org.springframework.beans.factory.annotation.LookupAnnotationTests" time="0.004"/>
  <testcase name="testWithThreeArgsShouldFail" classname="org.springframework.beans.factory.annotation.LookupAnnotationTests" time="0.002"/>
  <testcase name="testWithEarlyInjection" classname="org.springframework.beans.factory.annotation.LookupAnnotationTests" time="0.003"/>
  <testcase name="testWithOneConstructorArg" classname="org.springframework.beans.factory.annotation.LookupAnnotationTests" time="0.003"/>
  <testcase name="testWithTwoConstructorArg" classname="org.springframework.beans.factory.annotation.LookupAnnotationTests" time="0.003"/>
  <system-out><![CDATA[]]></system-out>
  <system-err><![CDATA[]]></system-err>
</testsuite>
