<?xml version="1.0" encoding="UTF-8"?>
<testsuite name="org.springframework.http.codec.xml.Jaxb2XmlEncoderTests" tests="18" skipped="0" failures="0" errors="0" timestamp="2020-08-26T04:01:40" hostname="PC-20191023THJJ" time="0.297">
  <properties/>
  <testcase name="encode[NettyDataBufferFactory (UnpooledByteBufAllocator(directByDefault: true))]" classname="org.springframework.http.codec.xml.Jaxb2XmlEncoderTests" time="0.094"/>
  <testcase name="canEncode[NettyDataBufferFactory (UnpooledByteBufAllocator(directByDefault: true))]" classname="org.springframework.http.codec.xml.Jaxb2XmlEncoderTests" time="0.0"/>
  <testcase name="encodeElementsWithCommonType[NettyDataBufferFactory (UnpooledByteBufAllocator(directByDefault: true))]" classname="org.springframework.http.codec.xml.Jaxb2XmlEncoderTests" time="0.03"/>
  <testcase name="encode[NettyDataBufferFactory (UnpooledByteBufAllocator(directByDefault: false))]" classname="org.springframework.http.codec.xml.Jaxb2XmlEncoderTests" time="0.006"/>
  <testcase name="canEncode[NettyDataBufferFactory (UnpooledByteBufAllocator(directByDefault: false))]" classname="org.springframework.http.codec.xml.Jaxb2XmlEncoderTests" time="0.0"/>
  <testcase name="encodeElementsWithCommonType[NettyDataBufferFactory (UnpooledByteBufAllocator(directByDefault: false))]" classname="org.springframework.http.codec.xml.Jaxb2XmlEncoderTests" time="0.007"/>
  <testcase name="encode[NettyDataBufferFactory (PooledByteBufAllocator(directByDefault: true))]" classname="org.springframework.http.codec.xml.Jaxb2XmlEncoderTests" time="0.006"/>
  <testcase name="canEncode[NettyDataBufferFactory (PooledByteBufAllocator(directByDefault: true))]" classname="org.springframework.http.codec.xml.Jaxb2XmlEncoderTests" time="0.0"/>
  <testcase name="encodeElementsWithCommonType[NettyDataBufferFactory (PooledByteBufAllocator(directByDefault: true))]" classname="org.springframework.http.codec.xml.Jaxb2XmlEncoderTests" time="0.006"/>
  <testcase name="encode[NettyDataBufferFactory (PooledByteBufAllocator(directByDefault: false))]" classname="org.springframework.http.codec.xml.Jaxb2XmlEncoderTests" time="0.009"/>
  <testcase name="canEncode[NettyDataBufferFactory (PooledByteBufAllocator(directByDefault: false))]" classname="org.springframework.http.codec.xml.Jaxb2XmlEncoderTests" time="0.0"/>
  <testcase name="encodeElementsWithCommonType[NettyDataBufferFactory (PooledByteBufAllocator(directByDefault: false))]" classname="org.springframework.http.codec.xml.Jaxb2XmlEncoderTests" time="0.006"/>
  <testcase name="encode[DefaultDataBufferFactory (preferDirect=true)]" classname="org.springframework.http.codec.xml.Jaxb2XmlEncoderTests" time="0.109"/>
  <testcase name="canEncode[DefaultDataBufferFactory (preferDirect=true)]" classname="org.springframework.http.codec.xml.Jaxb2XmlEncoderTests" time="0.0"/>
  <testcase name="encodeElementsWithCommonType[DefaultDataBufferFactory (preferDirect=true)]" classname="org.springframework.http.codec.xml.Jaxb2XmlEncoderTests" time="0.008"/>
  <testcase name="encode[DefaultDataBufferFactory (preferDirect=false)]" classname="org.springframework.http.codec.xml.Jaxb2XmlEncoderTests" time="0.007"/>
  <testcase name="canEncode[DefaultDataBufferFactory (preferDirect=false)]" classname="org.springframework.http.codec.xml.Jaxb2XmlEncoderTests" time="0.0"/>
  <testcase name="encodeElementsWithCommonType[DefaultDataBufferFactory (preferDirect=false)]" classname="org.springframework.http.codec.xml.Jaxb2XmlEncoderTests" time="0.009"/>
  <system-out><![CDATA[]]></system-out>
  <system-err><![CDATA[]]></system-err>
</testsuite>
