<?xml version="1.0" encoding="UTF-8"?>
<testsuite name="org.springframework.http.codec.multipart.SynchronossPartHttpMessageReaderTests" tests="4" skipped="0" failures="0" errors="0" timestamp="2020-08-26T04:01:39" hostname="PC-20191023THJJ" time="0.013">
  <properties/>
  <testcase name="transferTo" classname="org.springframework.http.codec.multipart.SynchronossPartHttpMessageReaderTests" time="0.009"/>
  <testcase name="resolveParts" classname="org.springframework.http.codec.multipart.SynchronossPartHttpMessageReaderTests" time="0.003"/>
  <testcase name="canRead" classname="org.springframework.http.codec.multipart.SynchronossPartHttpMessageReaderTests" time="0.0"/>
  <testcase name="bodyError" classname="org.springframework.http.codec.multipart.SynchronossPartHttpMessageReaderTests" time="0.0"/>
  <system-out><![CDATA[12:01:39.432 [Test worker] DEBUG org.springframework.web.HttpLogging - Encoding parts [fooPart, barPart] (content masked)
12:01:39.436 [Test worker] DEBUG org.springframework.web.HttpLogging - Parsed parts [barPart, fooPart] (content masked)
12:01:39.439 [Test worker] DEBUG org.springframework.web.HttpLogging - Encoding parts [fooPart, barPart] (content masked)
12:01:39.442 [Test worker] DEBUG org.springframework.web.HttpLogging - Parsed parts [barPart, fooPart] (content masked)
]]></system-out>
  <system-err><![CDATA[]]></system-err>
</testsuite>
