<?xml version="1.0" encoding="UTF-8"?>
<testsuite name="org.springframework.http.client.BufferedSimpleHttpRequestFactoryTests" tests="8" skipped="0" failures="0" errors="0" timestamp="2020-08-26T04:01:30" hostname="PC-20191023THJJ" time="0.023">
  <properties/>
  <testcase name="prepareConnectionWithRequestBody" classname="org.springframework.http.client.BufferedSimpleHttpRequestFactoryTests" time="0.002"/>
  <testcase name="deleteWithoutBodyDoesNotRaiseException" classname="org.springframework.http.client.BufferedSimpleHttpRequestFactoryTests" time="0.001"/>
  <testcase name="httpMethods" classname="org.springframework.http.client.BufferedSimpleHttpRequestFactoryTests" time="0.001"/>
  <testcase name="headersAfterExecute" classname="org.springframework.http.client.BufferedSimpleHttpRequestFactoryTests" time="0.003"/>
  <testcase name="status" classname="org.springframework.http.client.BufferedSimpleHttpRequestFactoryTests" time="0.004"/>
  <testcase name="echo" classname="org.springframework.http.client.BufferedSimpleHttpRequestFactoryTests" time="0.008"/>
  <testcase name="multipleWrites" classname="org.springframework.http.client.BufferedSimpleHttpRequestFactoryTests" time="0.001"/>
  <testcase name="queryParameters" classname="org.springframework.http.client.BufferedSimpleHttpRequestFactoryTests" time="0.003"/>
  <system-out><![CDATA[]]></system-out>
  <system-err><![CDATA[八月 26, 2020 12:01:30 下午 okhttp3.mockwebserver.MockWebServer$2 execute
信息: MockWebServer[64051] starting to accept connections
八月 26, 2020 12:01:30 下午 okhttp3.mockwebserver.MockWebServer$2 acceptConnections
信息: MockWebServer[64051] done accepting connections: Socket is closed
八月 26, 2020 12:01:30 下午 okhttp3.mockwebserver.MockWebServer$2 execute
信息: MockWebServer[64052] starting to accept connections
八月 26, 2020 12:01:30 下午 okhttp3.mockwebserver.MockWebServer$2 acceptConnections
信息: MockWebServer[64052] done accepting connections: Socket is closed
八月 26, 2020 12:01:30 下午 okhttp3.mockwebserver.MockWebServer$2 execute
信息: MockWebServer[64053] starting to accept connections
八月 26, 2020 12:01:30 下午 okhttp3.mockwebserver.MockWebServer$2 acceptConnections
信息: MockWebServer[64053] done accepting connections: Socket is closed
八月 26, 2020 12:01:30 下午 okhttp3.mockwebserver.MockWebServer$2 execute
信息: MockWebServer[64054] starting to accept connections
八月 26, 2020 12:01:30 下午 okhttp3.mockwebserver.MockWebServer$3 processOneRequest
信息: MockWebServer[64054] received request: POST /status/ok HTTP/1.1 and responded: HTTP/1.1 200 OK
八月 26, 2020 12:01:30 下午 okhttp3.mockwebserver.MockWebServer$2 acceptConnections
信息: MockWebServer[64054] done accepting connections: socket closed
八月 26, 2020 12:01:30 下午 okhttp3.mockwebserver.MockWebServer$2 execute
信息: MockWebServer[64056] starting to accept connections
八月 26, 2020 12:01:30 下午 okhttp3.mockwebserver.MockWebServer$3 processOneRequest
信息: MockWebServer[64056] received request: GET /status/notfound HTTP/1.1 and responded: HTTP/1.1 404 Client Error
八月 26, 2020 12:01:30 下午 okhttp3.mockwebserver.MockWebServer$2 acceptConnections
信息: MockWebServer[64056] done accepting connections: socket closed
八月 26, 2020 12:01:30 下午 okhttp3.mockwebserver.MockWebServer$2 execute
信息: MockWebServer[64058] starting to accept connections
八月 26, 2020 12:01:30 下午 okhttp3.mockwebserver.MockWebServer$3 processOneRequest
信息: MockWebServer[64058] received request: PUT /echo HTTP/1.1 and responded: HTTP/1.1 200 OK
八月 26, 2020 12:01:30 下午 okhttp3.mockwebserver.MockWebServer$2 acceptConnections
信息: MockWebServer[64058] done accepting connections: socket closed
八月 26, 2020 12:01:30 下午 okhttp3.mockwebserver.MockWebServer$2 execute
信息: MockWebServer[64060] starting to accept connections
八月 26, 2020 12:01:30 下午 okhttp3.mockwebserver.MockWebServer$2 acceptConnections
信息: MockWebServer[64060] done accepting connections: Socket is closed
八月 26, 2020 12:01:30 下午 okhttp3.mockwebserver.MockWebServer$2 execute
信息: MockWebServer[64062] starting to accept connections
八月 26, 2020 12:01:30 下午 okhttp3.mockwebserver.MockWebServer$3 processOneRequest
信息: MockWebServer[64062] received request: GET /params?param1=value&param2=value1&param2=value2 HTTP/1.1 and responded: HTTP/1.1 200 OK
八月 26, 2020 12:01:30 下午 okhttp3.mockwebserver.MockWebServer$2 acceptConnections
信息: MockWebServer[64062] done accepting connections: socket closed
]]></system-err>
</testsuite>
