<?xml version="1.0" encoding="UTF-8"?>
<testsuite name="org.springframework.web.server.handler.ResponseStatusExceptionHandlerTests" tests="4" skipped="0" failures="0" errors="0" timestamp="2020-08-26T04:01:54" hostname="PC-20191023THJJ" time="0.002">
  <properties/>
  <testcase name="handleNestedResponseStatusException" classname="org.springframework.web.server.handler.ResponseStatusExceptionHandlerTests" time="0.0"/>
  <testcase name="unresolvedException" classname="org.springframework.web.server.handler.ResponseStatusExceptionHandlerTests" time="0.0"/>
  <testcase name="responseCommitted" classname="org.springframework.web.server.handler.ResponseStatusExceptionHandlerTests" time="0.0"/>
  <testcase name="handleResponseStatusException" classname="org.springframework.web.server.handler.ResponseStatusExceptionHandlerTests" time="0.0"/>
  <system-out><![CDATA[12:01:54.879 [Test worker] WARN  org.springframework.web.server.handler.ResponseStatusExceptionHandler - [3a5b419f] Resolved [Exception: org.springframework.web.server.ResponseStatusException: 400 BAD_REQUEST ""] for HTTP GET /
12:01:54.880 [Test worker] WARN  org.springframework.web.server.handler.ResponseStatusExceptionHandler - [4d2b13c2] Resolved [ResponseStatusException: 400 BAD_REQUEST ""] for HTTP GET /
]]></system-out>
  <system-err><![CDATA[]]></system-err>
</testsuite>
