<?xml version="1.0" encoding="UTF-8"?>
<testsuite name="org.springframework.web.server.session.CookieWebSessionIdResolverTests" tests="2" skipped="0" failures="0" errors="0" timestamp="2020-08-26T04:01:54" hostname="PC-20191023THJJ" time="0.001">
  <properties/>
  <testcase name="cookieInitializer" classname="org.springframework.web.server.session.CookieWebSessionIdResolverTests" time="0.001"/>
  <testcase name="setSessionId" classname="org.springframework.web.server.session.CookieWebSessionIdResolverTests" time="0.0"/>
  <system-out><![CDATA[]]></system-out>
  <system-err><![CDATA[]]></system-err>
</testsuite>
