<?xml version="1.0" encoding="UTF-8"?>
<testsuite name="org.springframework.http.client.BufferedSimpleAsyncHttpRequestFactoryTests" tests="7" skipped="0" failures="0" errors="0" timestamp="2020-08-26T04:01:29" hostname="PC-20191023THJJ" time="0.895">
  <properties/>
  <testcase name="httpMethods" classname="org.springframework.http.client.BufferedSimpleAsyncHttpRequestFactoryTests" time="0.874"/>
  <testcase name="cancel" classname="org.springframework.http.client.BufferedSimpleAsyncHttpRequestFactoryTests" time="0.002"/>
  <testcase name="headersAfterExecute" classname="org.springframework.http.client.BufferedSimpleAsyncHttpRequestFactoryTests" time="0.008"/>
  <testcase name="status" classname="org.springframework.http.client.BufferedSimpleAsyncHttpRequestFactoryTests" time="0.002"/>
  <testcase name="echo" classname="org.springframework.http.client.BufferedSimpleAsyncHttpRequestFactoryTests" time="0.004"/>
  <testcase name="statusCallback" classname="org.springframework.http.client.BufferedSimpleAsyncHttpRequestFactoryTests" time="0.003"/>
  <testcase name="multipleWrites" classname="org.springframework.http.client.BufferedSimpleAsyncHttpRequestFactoryTests" time="0.002"/>
  <system-out><![CDATA[]]></system-out>
  <system-err><![CDATA[八月 26, 2020 12:01:29 下午 okhttp3.mockwebserver.MockWebServer$2 execute
信息: MockWebServer[64037] starting to accept connections
八月 26, 2020 12:01:29 下午 okhttp3.mockwebserver.MockWebServer$3 processOneRequest
信息: MockWebServer[64037] received request: GET /methods/get HTTP/1.1 and responded: HTTP/1.1 200 OK
八月 26, 2020 12:01:30 下午 okhttp3.mockwebserver.MockWebServer$3 processOneRequest
信息: MockWebServer[64037] received request: HEAD /methods/head HTTP/1.1 and responded: HTTP/1.1 200 OK
八月 26, 2020 12:01:30 下午 okhttp3.mockwebserver.MockWebServer$3 processOneRequest
信息: MockWebServer[64037] received request: POST /methods/post HTTP/1.1 and responded: HTTP/1.1 200 OK
八月 26, 2020 12:01:30 下午 okhttp3.mockwebserver.MockWebServer$3 processOneRequest
信息: MockWebServer[64037] received request: PUT /methods/put HTTP/1.1 and responded: HTTP/1.1 200 OK
八月 26, 2020 12:01:30 下午 okhttp3.mockwebserver.MockWebServer$3 processOneRequest
信息: MockWebServer[64037] received request: OPTIONS /methods/options HTTP/1.1 and responded: HTTP/1.1 200 OK
八月 26, 2020 12:01:30 下午 okhttp3.mockwebserver.MockWebServer$3 processOneRequest
信息: MockWebServer[64037] received request: DELETE /methods/delete HTTP/1.1 and responded: HTTP/1.1 200 OK
八月 26, 2020 12:01:30 下午 okhttp3.mockwebserver.MockWebServer$2 acceptConnections
信息: MockWebServer[64037] done accepting connections: socket closed
八月 26, 2020 12:01:30 下午 okhttp3.mockwebserver.MockWebServer$2 execute
信息: MockWebServer[64039] starting to accept connections
八月 26, 2020 12:01:30 下午 okhttp3.mockwebserver.MockWebServer$2 acceptConnections
信息: MockWebServer[64039] done accepting connections: Socket is closed
八月 26, 2020 12:01:30 下午 okhttp3.mockwebserver.MockWebServer$2 execute
信息: MockWebServer[64040] starting to accept connections
八月 26, 2020 12:01:30 下午 okhttp3.mockwebserver.MockWebServer$3 processOneRequest
信息: MockWebServer[64040] received request: POST /echo HTTP/1.1 and responded: HTTP/1.1 200 OK
八月 26, 2020 12:01:30 下午 okhttp3.mockwebserver.MockWebServer$2 acceptConnections
信息: MockWebServer[64040] done accepting connections: socket closed
八月 26, 2020 12:01:30 下午 okhttp3.mockwebserver.MockWebServer$2 execute
信息: MockWebServer[64042] starting to accept connections
八月 26, 2020 12:01:30 下午 okhttp3.mockwebserver.MockWebServer$3 processOneRequest
信息: MockWebServer[64042] received request: GET /status/notfound HTTP/1.1 and responded: HTTP/1.1 404 Client Error
八月 26, 2020 12:01:30 下午 okhttp3.mockwebserver.MockWebServer$2 acceptConnections
信息: MockWebServer[64042] done accepting connections: socket closed
八月 26, 2020 12:01:30 下午 okhttp3.mockwebserver.MockWebServer$2 execute
信息: MockWebServer[64044] starting to accept connections
八月 26, 2020 12:01:30 下午 okhttp3.mockwebserver.MockWebServer$3 processOneRequest
信息: MockWebServer[64044] received request: PUT /echo HTTP/1.1 and responded: HTTP/1.1 200 OK
八月 26, 2020 12:01:30 下午 okhttp3.mockwebserver.MockWebServer$2 acceptConnections
信息: MockWebServer[64044] done accepting connections: socket closed
八月 26, 2020 12:01:30 下午 okhttp3.mockwebserver.MockWebServer$2 execute
信息: MockWebServer[64047] starting to accept connections
八月 26, 2020 12:01:30 下午 okhttp3.mockwebserver.MockWebServer$3 processOneRequest
信息: MockWebServer[64047] received request: GET /status/notfound HTTP/1.1 and responded: HTTP/1.1 404 Client Error
八月 26, 2020 12:01:30 下午 okhttp3.mockwebserver.MockWebServer$2 acceptConnections
信息: MockWebServer[64047] done accepting connections: socket closed
八月 26, 2020 12:01:30 下午 okhttp3.mockwebserver.MockWebServer$2 execute
信息: MockWebServer[64049] starting to accept connections
八月 26, 2020 12:01:30 下午 okhttp3.mockwebserver.MockWebServer$3 processOneRequest
信息: MockWebServer[64049] received request: POST /echo HTTP/1.1 and responded: HTTP/1.1 200 OK
八月 26, 2020 12:01:30 下午 okhttp3.mockwebserver.MockWebServer$2 acceptConnections
信息: MockWebServer[64049] done accepting connections: socket closed
]]></system-err>
</testsuite>
