<?xml version="1.0" encoding="UTF-8"?>
<testsuite name="org.springframework.http.client.HttpComponentsClientHttpRequestFactoryTests" tests="11" skipped="0" failures="0" errors="0" timestamp="2020-08-26T04:01:30" hostname="PC-20191023THJJ" time="0.71">
  <properties/>
  <testcase name="createHttpUriRequest" classname="org.springframework.http.client.HttpComponentsClientHttpRequestFactoryTests" time="0.002"/>
  <testcase name="mergeBasedOnCurrentHttpClient" classname="org.springframework.http.client.HttpComponentsClientHttpRequestFactoryTests" time="0.681"/>
  <testcase name="assertCustomConfig" classname="org.springframework.http.client.HttpComponentsClientHttpRequestFactoryTests" time="0.003"/>
  <testcase name="localSettingsOverrideClientDefaultSettings" classname="org.springframework.http.client.HttpComponentsClientHttpRequestFactoryTests" time="0.002"/>
  <testcase name="httpMethods" classname="org.springframework.http.client.HttpComponentsClientHttpRequestFactoryTests" time="0.006"/>
  <testcase name="defaultSettingsOfHttpClientMergedOnExecutorCustomization" classname="org.springframework.http.client.HttpComponentsClientHttpRequestFactoryTests" time="0.001"/>
  <testcase name="headersAfterExecute" classname="org.springframework.http.client.HttpComponentsClientHttpRequestFactoryTests" time="0.003"/>
  <testcase name="status" classname="org.springframework.http.client.HttpComponentsClientHttpRequestFactoryTests" time="0.003"/>
  <testcase name="echo" classname="org.springframework.http.client.HttpComponentsClientHttpRequestFactoryTests" time="0.003"/>
  <testcase name="multipleWrites" classname="org.springframework.http.client.HttpComponentsClientHttpRequestFactoryTests" time="0.003"/>
  <testcase name="queryParameters" classname="org.springframework.http.client.HttpComponentsClientHttpRequestFactoryTests" time="0.003"/>
  <system-out><![CDATA[]]></system-out>
  <system-err><![CDATA[八月 26, 2020 12:01:30 下午 okhttp3.mockwebserver.MockWebServer$2 execute
信息: MockWebServer[64249] starting to accept connections
八月 26, 2020 12:01:30 下午 okhttp3.mockwebserver.MockWebServer$2 acceptConnections
信息: MockWebServer[64249] done accepting connections: socket closed
八月 26, 2020 12:01:30 下午 okhttp3.mockwebserver.MockWebServer$2 execute
信息: MockWebServer[64250] starting to accept connections
八月 26, 2020 12:01:31 下午 okhttp3.mockwebserver.MockWebServer$2 acceptConnections
信息: MockWebServer[64250] done accepting connections: socket closed
八月 26, 2020 12:01:31 下午 okhttp3.mockwebserver.MockWebServer$2 execute
信息: MockWebServer[64251] starting to accept connections
八月 26, 2020 12:01:31 下午 okhttp3.mockwebserver.MockWebServer$2 acceptConnections
信息: MockWebServer[64251] done accepting connections: socket closed
八月 26, 2020 12:01:31 下午 okhttp3.mockwebserver.MockWebServer$2 execute
信息: MockWebServer[64252] starting to accept connections
八月 26, 2020 12:01:31 下午 okhttp3.mockwebserver.MockWebServer$2 acceptConnections
信息: MockWebServer[64252] done accepting connections: socket closed
八月 26, 2020 12:01:31 下午 okhttp3.mockwebserver.MockWebServer$2 execute
信息: MockWebServer[64253] starting to accept connections
八月 26, 2020 12:01:31 下午 okhttp3.mockwebserver.MockWebServer$3 processOneRequest
信息: MockWebServer[64253] received request: GET /methods/get HTTP/1.1 and responded: HTTP/1.1 200 OK
八月 26, 2020 12:01:31 下午 okhttp3.mockwebserver.MockWebServer$3 processOneRequest
信息: MockWebServer[64253] received request: HEAD /methods/head HTTP/1.1 and responded: HTTP/1.1 200 OK
八月 26, 2020 12:01:31 下午 okhttp3.mockwebserver.MockWebServer$3 processOneRequest
信息: MockWebServer[64253] received request: POST /methods/post HTTP/1.1 and responded: HTTP/1.1 200 OK
八月 26, 2020 12:01:31 下午 okhttp3.mockwebserver.MockWebServer$3 processOneRequest
信息: MockWebServer[64253] received request: PUT /methods/put HTTP/1.1 and responded: HTTP/1.1 200 OK
八月 26, 2020 12:01:31 下午 okhttp3.mockwebserver.MockWebServer$3 processOneRequest
信息: MockWebServer[64253] received request: OPTIONS /methods/options HTTP/1.1 and responded: HTTP/1.1 200 OK
八月 26, 2020 12:01:31 下午 okhttp3.mockwebserver.MockWebServer$3 processOneRequest
信息: MockWebServer[64253] received request: DELETE /methods/delete HTTP/1.1 and responded: HTTP/1.1 200 OK
八月 26, 2020 12:01:31 下午 okhttp3.mockwebserver.MockWebServer$3 processOneRequest
信息: MockWebServer[64253] received request: PATCH /methods/patch HTTP/1.1 and responded: HTTP/1.1 200 OK
八月 26, 2020 12:01:31 下午 okhttp3.mockwebserver.MockWebServer$2 acceptConnections
信息: MockWebServer[64253] done accepting connections: socket closed
八月 26, 2020 12:01:31 下午 okhttp3.mockwebserver.MockWebServer$2 execute
信息: MockWebServer[64255] starting to accept connections
八月 26, 2020 12:01:31 下午 okhttp3.mockwebserver.MockWebServer$2 acceptConnections
信息: MockWebServer[64255] done accepting connections: socket closed
八月 26, 2020 12:01:31 下午 okhttp3.mockwebserver.MockWebServer$2 execute
信息: MockWebServer[64256] starting to accept connections
八月 26, 2020 12:01:31 下午 okhttp3.mockwebserver.MockWebServer$3 processOneRequest
信息: MockWebServer[64256] received request: POST /status/ok HTTP/1.1 and responded: HTTP/1.1 200 OK
八月 26, 2020 12:01:31 下午 okhttp3.mockwebserver.MockWebServer$2 acceptConnections
信息: MockWebServer[64256] done accepting connections: socket closed
八月 26, 2020 12:01:31 下午 okhttp3.mockwebserver.MockWebServer$2 execute
信息: MockWebServer[64258] starting to accept connections
八月 26, 2020 12:01:31 下午 okhttp3.mockwebserver.MockWebServer$3 processOneRequest
信息: MockWebServer[64258] received request: GET /status/notfound HTTP/1.1 and responded: HTTP/1.1 404 Client Error
八月 26, 2020 12:01:31 下午 okhttp3.mockwebserver.MockWebServer$2 acceptConnections
信息: MockWebServer[64258] done accepting connections: socket closed
八月 26, 2020 12:01:31 下午 okhttp3.mockwebserver.MockWebServer$2 execute
信息: MockWebServer[64260] starting to accept connections
八月 26, 2020 12:01:31 下午 okhttp3.mockwebserver.MockWebServer$3 processOneRequest
信息: MockWebServer[64260] received request: PUT /echo HTTP/1.1 and responded: HTTP/1.1 200 OK
八月 26, 2020 12:01:31 下午 okhttp3.mockwebserver.MockWebServer$2 acceptConnections
信息: MockWebServer[64260] done accepting connections: socket closed
八月 26, 2020 12:01:31 下午 okhttp3.mockwebserver.MockWebServer$2 execute
信息: MockWebServer[64262] starting to accept connections
八月 26, 2020 12:01:31 下午 okhttp3.mockwebserver.MockWebServer$3 processOneRequest
信息: MockWebServer[64262] received request: POST /echo HTTP/1.1 and responded: HTTP/1.1 200 OK
八月 26, 2020 12:01:31 下午 okhttp3.mockwebserver.MockWebServer$2 acceptConnections
信息: MockWebServer[64262] done accepting connections: socket closed
八月 26, 2020 12:01:31 下午 okhttp3.mockwebserver.MockWebServer$2 execute
信息: MockWebServer[64264] starting to accept connections
八月 26, 2020 12:01:31 下午 okhttp3.mockwebserver.MockWebServer$3 processOneRequest
信息: MockWebServer[64264] received request: GET /params?param1=value&param2=value1&param2=value2 HTTP/1.1 and responded: HTTP/1.1 200 OK
八月 26, 2020 12:01:31 下午 okhttp3.mockwebserver.MockWebServer$2 acceptConnections
信息: MockWebServer[64264] done accepting connections: socket closed
]]></system-err>
</testsuite>
