<?xml version="1.0" encoding="UTF-8"?>
<testsuite name="org.springframework.http.client.InterceptingStreamingHttpComponentsTests" tests="6" skipped="0" failures="0" errors="0" timestamp="2020-08-26T04:01:31" hostname="PC-20191023THJJ" time="0.019">
  <properties/>
  <testcase name="httpMethods" classname="org.springframework.http.client.InterceptingStreamingHttpComponentsTests" time="0.004"/>
  <testcase name="headersAfterExecute" classname="org.springframework.http.client.InterceptingStreamingHttpComponentsTests" time="0.003"/>
  <testcase name="status" classname="org.springframework.http.client.InterceptingStreamingHttpComponentsTests" time="0.002"/>
  <testcase name="echo" classname="org.springframework.http.client.InterceptingStreamingHttpComponentsTests" time="0.003"/>
  <testcase name="multipleWrites" classname="org.springframework.http.client.InterceptingStreamingHttpComponentsTests" time="0.002"/>
  <testcase name="queryParameters" classname="org.springframework.http.client.InterceptingStreamingHttpComponentsTests" time="0.004"/>
  <system-out><![CDATA[]]></system-out>
  <system-err><![CDATA[八月 26, 2020 12:01:31 下午 okhttp3.mockwebserver.MockWebServer$2 execute
信息: MockWebServer[64266] starting to accept connections
八月 26, 2020 12:01:31 下午 okhttp3.mockwebserver.MockWebServer$3 processOneRequest
信息: MockWebServer[64266] received request: PATCH /methods/patch HTTP/1.1 and responded: HTTP/1.1 200 OK
八月 26, 2020 12:01:31 下午 okhttp3.mockwebserver.MockWebServer$2 acceptConnections
信息: MockWebServer[64266] done accepting connections: socket closed
八月 26, 2020 12:01:31 下午 okhttp3.mockwebserver.MockWebServer$2 execute
信息: MockWebServer[64268] starting to accept connections
八月 26, 2020 12:01:31 下午 okhttp3.mockwebserver.MockWebServer$3 processOneRequest
信息: MockWebServer[64268] received request: POST /status/ok HTTP/1.1 and responded: HTTP/1.1 200 OK
八月 26, 2020 12:01:31 下午 okhttp3.mockwebserver.MockWebServer$2 acceptConnections
信息: MockWebServer[64268] done accepting connections: socket closed
八月 26, 2020 12:01:31 下午 okhttp3.mockwebserver.MockWebServer$2 execute
信息: MockWebServer[64270] starting to accept connections
八月 26, 2020 12:01:31 下午 okhttp3.mockwebserver.MockWebServer$3 processOneRequest
信息: MockWebServer[64270] received request: GET /status/notfound HTTP/1.1 and responded: HTTP/1.1 404 Client Error
八月 26, 2020 12:01:31 下午 okhttp3.mockwebserver.MockWebServer$2 acceptConnections
信息: MockWebServer[64270] done accepting connections: socket closed
八月 26, 2020 12:01:31 下午 okhttp3.mockwebserver.MockWebServer$2 execute
信息: MockWebServer[64272] starting to accept connections
八月 26, 2020 12:01:31 下午 okhttp3.mockwebserver.MockWebServer$3 processOneRequest
信息: MockWebServer[64272] received request: PUT /echo HTTP/1.1 and responded: HTTP/1.1 200 OK
八月 26, 2020 12:01:31 下午 okhttp3.mockwebserver.MockWebServer$2 acceptConnections
信息: MockWebServer[64272] done accepting connections: socket closed
八月 26, 2020 12:01:31 下午 okhttp3.mockwebserver.MockWebServer$2 execute
信息: MockWebServer[64274] starting to accept connections
八月 26, 2020 12:01:31 下午 okhttp3.mockwebserver.MockWebServer$3 processOneRequest
信息: MockWebServer[64274] received request: POST /echo HTTP/1.1 and responded: HTTP/1.1 200 OK
八月 26, 2020 12:01:31 下午 okhttp3.mockwebserver.MockWebServer$2 acceptConnections
信息: MockWebServer[64274] done accepting connections: socket closed
八月 26, 2020 12:01:31 下午 okhttp3.mockwebserver.MockWebServer$2 execute
信息: MockWebServer[64276] starting to accept connections
八月 26, 2020 12:01:31 下午 okhttp3.mockwebserver.MockWebServer$3 processOneRequest
信息: MockWebServer[64276] received request: GET /params?param1=value&param2=value1&param2=value2 HTTP/1.1 and responded: HTTP/1.1 200 OK
八月 26, 2020 12:01:31 下午 okhttp3.mockwebserver.MockWebServer$2 acceptConnections
信息: MockWebServer[64276] done accepting connections: socket closed
]]></system-err>
</testsuite>
