<?xml version="1.0" encoding="UTF-8"?>
<testsuite name="org.springframework.http.ResponseCookieTests" tests="4" skipped="0" failures="0" errors="0" timestamp="2020-08-26T04:01:43" hostname="PC-20191023THJJ" time="0.001">
  <properties/>
  <testcase name="maxAge" classname="org.springframework.http.ResponseCookieTests" time="0.001"/>
  <testcase name="maxAge0" classname="org.springframework.http.ResponseCookieTests" time="0.0"/>
  <testcase name="defaultValues" classname="org.springframework.http.ResponseCookieTests" time="0.0"/>
  <testcase name="httpOnlyStrictSecureWithDomainAndPath" classname="org.springframework.http.ResponseCookieTests" time="0.0"/>
  <system-out><![CDATA[]]></system-out>
  <system-err><![CDATA[]]></system-err>
</testsuite>
