<?xml version="1.0" encoding="UTF-8"?>
<testsuite name="org.springframework.web.method.annotation.RequestParamMapMethodArgumentResolverTests" tests="3" skipped="0" failures="0" errors="0" timestamp="2020-08-26T04:01:54" hostname="PC-20191023THJJ" time="0.006">
  <properties/>
  <testcase name="resolveMapArgument" classname="org.springframework.web.method.annotation.RequestParamMapMethodArgumentResolverTests" time="0.003"/>
  <testcase name="resolveMultiValueMapArgument" classname="org.springframework.web.method.annotation.RequestParamMapMethodArgumentResolverTests" time="0.001"/>
  <testcase name="supportsParameter" classname="org.springframework.web.method.annotation.RequestParamMapMethodArgumentResolverTests" time="0.002"/>
  <system-out><![CDATA[]]></system-out>
  <system-err><![CDATA[]]></system-err>
</testsuite>
