<?xml version="1.0" encoding="UTF-8"?>
<testsuite name="org.springframework.http.server.reactive.ErrorHandlerIntegrationTests" tests="12" skipped="0" failures="0" errors="0" timestamp="2020-08-26T04:01:45" hostname="PC-20191023THJJ" time="0.439">
  <properties/>
  <testcase name="handlingError[server [org.springframework.http.server.reactive.bootstrap.JettyHttpServer@7784af8e]]" classname="org.springframework.http.server.reactive.ErrorHandlerIntegrationTests" time="0.027"/>
  <testcase name="responseBodyError[server [org.springframework.http.server.reactive.bootstrap.JettyHttpServer@7784af8e]]" classname="org.springframework.http.server.reactive.ErrorHandlerIntegrationTests" time="0.02"/>
  <testcase name="emptyPathSegments[server [org.springframework.http.server.reactive.bootstrap.JettyHttpServer@7784af8e]]" classname="org.springframework.http.server.reactive.ErrorHandlerIntegrationTests" time="0.019"/>
  <testcase name="handlingError[server [org.springframework.http.server.reactive.bootstrap.ReactorHttpServer@5a40a579]]" classname="org.springframework.http.server.reactive.ErrorHandlerIntegrationTests" time="0.02"/>
  <testcase name="responseBodyError[server [org.springframework.http.server.reactive.bootstrap.ReactorHttpServer@5a40a579]]" classname="org.springframework.http.server.reactive.ErrorHandlerIntegrationTests" time="0.017"/>
  <testcase name="emptyPathSegments[server [org.springframework.http.server.reactive.bootstrap.ReactorHttpServer@5a40a579]]" classname="org.springframework.http.server.reactive.ErrorHandlerIntegrationTests" time="0.015"/>
  <testcase name="handlingError[server [org.springframework.http.server.reactive.bootstrap.TomcatHttpServer@26b64115]]" classname="org.springframework.http.server.reactive.ErrorHandlerIntegrationTests" time="0.096"/>
  <testcase name="responseBodyError[server [org.springframework.http.server.reactive.bootstrap.TomcatHttpServer@26b64115]]" classname="org.springframework.http.server.reactive.ErrorHandlerIntegrationTests" time="0.079"/>
  <testcase name="emptyPathSegments[server [org.springframework.http.server.reactive.bootstrap.TomcatHttpServer@26b64115]]" classname="org.springframework.http.server.reactive.ErrorHandlerIntegrationTests" time="0.077"/>
  <testcase name="handlingError[server [org.springframework.http.server.reactive.bootstrap.UndertowHttpServer@2648fb7c]]" classname="org.springframework.http.server.reactive.ErrorHandlerIntegrationTests" time="0.019"/>
  <testcase name="responseBodyError[server [org.springframework.http.server.reactive.bootstrap.UndertowHttpServer@2648fb7c]]" classname="org.springframework.http.server.reactive.ErrorHandlerIntegrationTests" time="0.019"/>
  <testcase name="emptyPathSegments[server [org.springframework.http.server.reactive.bootstrap.UndertowHttpServer@2648fb7c]]" classname="org.springframework.http.server.reactive.ErrorHandlerIntegrationTests" time="0.028"/>
  <system-out><![CDATA[12:01:45.346 [Test worker] DEBUG org.springframework.web.client.RestTemplate - HTTP GET http://localhost:64528/handling-error
12:01:45.346 [Test worker] DEBUG org.springframework.web.client.RestTemplate - Accept=[text/plain, application/xml, text/xml, application/json, application/x-jackson-smile, application/cbor, application/*+xml, application/*+json, */*]
12:01:45.356 [Test worker] DEBUG org.springframework.web.client.RestTemplate - Response 500 INTERNAL_SERVER_ERROR
12:01:45.373 [Test worker] DEBUG org.springframework.web.client.RestTemplate - HTTP GET http://localhost:64536/response-body-error
12:01:45.373 [Test worker] DEBUG org.springframework.web.client.RestTemplate - Accept=[text/plain, application/xml, text/xml, application/json, application/x-jackson-smile, application/cbor, application/*+xml, application/*+json, */*]
12:01:45.376 [Test worker] DEBUG org.springframework.web.client.RestTemplate - Response 500 INTERNAL_SERVER_ERROR
12:01:45.393 [Test worker] DEBUG org.springframework.web.client.RestTemplate - HTTP GET http://localhost:64544//
12:01:45.393 [Test worker] DEBUG org.springframework.web.client.RestTemplate - Accept=[text/plain, application/xml, text/xml, application/json, application/x-jackson-smile, application/cbor, application/*+xml, application/*+json, */*]
12:01:45.395 [Test worker] DEBUG org.springframework.web.client.RestTemplate - Response 200 OK
12:01:45.411 [Test worker] DEBUG org.springframework.web.client.RestTemplate - HTTP GET http://localhost:64552/handling-error
12:01:45.411 [Test worker] DEBUG org.springframework.web.client.RestTemplate - Accept=[text/plain, application/xml, text/xml, application/json, application/x-jackson-smile, application/cbor, application/*+xml, application/*+json, */*]
12:01:45.412 [reactor-http-nio-6] ERROR reactor.netty.http.server.HttpServerOperations - [id: 0x0621e16d, L:/127.0.0.1:64552 - R:/127.0.0.1:64553] Error starting response. Replying error status
java.lang.UnsupportedOperationException: null
	at org.springframework.http.server.reactive.ErrorHandlerIntegrationTests$ErrorHandler.handle(ErrorHandlerIntegrationTests.java:82) ~[test/:?]
	at org.springframework.http.server.reactive.ReactorHttpHandlerAdapter.apply(ReactorHttpHandlerAdapter.java:65) ~[main/:?]
	at org.springframework.http.server.reactive.ReactorHttpHandlerAdapter.apply(ReactorHttpHandlerAdapter.java:40) ~[main/:?]
	at reactor.netty.http.server.HttpServerHandle.onStateChange(HttpServerHandle.java:63) [reactor-netty-0.8.0.M2.jar:0.8.0.M2]
	at reactor.netty.tcp.TcpServerBind$ChildObserver.onStateChange(TcpServerBind.java:226) [reactor-netty-0.8.0.M2.jar:0.8.0.M2]
	at reactor.netty.http.server.HttpServerOperations.onInboundNext(HttpServerOperations.java:420) [reactor-netty-0.8.0.M2.jar:0.8.0.M2]
	at reactor.netty.channel.ChannelOperationsHandler.channelRead(ChannelOperationsHandler.java:141) [reactor-netty-0.8.0.M2.jar:0.8.0.M2]
	at io.netty.channel.AbstractChannelHandlerContext.invokeChannelRead(AbstractChannelHandlerContext.java:362) [netty-all-4.1.29.Final.jar:4.1.29.Final]
	at io.netty.channel.AbstractChannelHandlerContext.invokeChannelRead(AbstractChannelHandlerContext.java:348) [netty-all-4.1.29.Final.jar:4.1.29.Final]
	at io.netty.channel.AbstractChannelHandlerContext.fireChannelRead(AbstractChannelHandlerContext.java:340) [netty-all-4.1.29.Final.jar:4.1.29.Final]
	at reactor.netty.http.server.HttpTrafficHandler.channelRead(HttpTrafficHandler.java:150) [reactor-netty-0.8.0.M2.jar:0.8.0.M2]
	at io.netty.channel.AbstractChannelHandlerContext.invokeChannelRead(AbstractChannelHandlerContext.java:362) [netty-all-4.1.29.Final.jar:4.1.29.Final]
	at io.netty.channel.AbstractChannelHandlerContext.invokeChannelRead(AbstractChannelHandlerContext.java:348) [netty-all-4.1.29.Final.jar:4.1.29.Final]
	at io.netty.channel.AbstractChannelHandlerContext.fireChannelRead(AbstractChannelHandlerContext.java:340) [netty-all-4.1.29.Final.jar:4.1.29.Final]
	at io.netty.channel.CombinedChannelDuplexHandler$DelegatingChannelHandlerContext.fireChannelRead(CombinedChannelDuplexHandler.java:438) [netty-all-4.1.29.Final.jar:4.1.29.Final]
	at io.netty.handler.codec.ByteToMessageDecoder.fireChannelRead(ByteToMessageDecoder.java:310) [netty-all-4.1.29.Final.jar:4.1.29.Final]
	at io.netty.handler.codec.ByteToMessageDecoder.channelRead(ByteToMessageDecoder.java:284) [netty-all-4.1.29.Final.jar:4.1.29.Final]
	at io.netty.channel.CombinedChannelDuplexHandler.channelRead(CombinedChannelDuplexHandler.java:253) [netty-all-4.1.29.Final.jar:4.1.29.Final]
	at io.netty.channel.AbstractChannelHandlerContext.invokeChannelRead(AbstractChannelHandlerContext.java:362) [netty-all-4.1.29.Final.jar:4.1.29.Final]
	at io.netty.channel.AbstractChannelHandlerContext.invokeChannelRead(AbstractChannelHandlerContext.java:348) [netty-all-4.1.29.Final.jar:4.1.29.Final]
	at io.netty.channel.AbstractChannelHandlerContext.fireChannelRead(AbstractChannelHandlerContext.java:340) [netty-all-4.1.29.Final.jar:4.1.29.Final]
	at io.netty.channel.DefaultChannelPipeline$HeadContext.channelRead(DefaultChannelPipeline.java:1434) [netty-all-4.1.29.Final.jar:4.1.29.Final]
	at io.netty.channel.AbstractChannelHandlerContext.invokeChannelRead(AbstractChannelHandlerContext.java:362) [netty-all-4.1.29.Final.jar:4.1.29.Final]
	at io.netty.channel.AbstractChannelHandlerContext.invokeChannelRead(AbstractChannelHandlerContext.java:348) [netty-all-4.1.29.Final.jar:4.1.29.Final]
	at io.netty.channel.DefaultChannelPipeline.fireChannelRead(DefaultChannelPipeline.java:965) [netty-all-4.1.29.Final.jar:4.1.29.Final]
	at io.netty.channel.nio.AbstractNioByteChannel$NioByteUnsafe.read(AbstractNioByteChannel.java:163) [netty-all-4.1.29.Final.jar:4.1.29.Final]
	at io.netty.channel.nio.NioEventLoop.processSelectedKey(NioEventLoop.java:628) [netty-all-4.1.29.Final.jar:4.1.29.Final]
	at io.netty.channel.nio.NioEventLoop.processSelectedKeysOptimized(NioEventLoop.java:563) [netty-all-4.1.29.Final.jar:4.1.29.Final]
	at io.netty.channel.nio.NioEventLoop.processSelectedKeys(NioEventLoop.java:480) [netty-all-4.1.29.Final.jar:4.1.29.Final]
	at io.netty.channel.nio.NioEventLoop.run(NioEventLoop.java:442) [netty-all-4.1.29.Final.jar:4.1.29.Final]
	at io.netty.util.concurrent.SingleThreadEventExecutor$5.run(SingleThreadEventExecutor.java:884) [netty-all-4.1.29.Final.jar:4.1.29.Final]
	at java.lang.Thread.run(Thread.java:745) [?:1.8.0_101]
12:01:45.417 [Test worker] DEBUG org.springframework.web.client.RestTemplate - Response 500 INTERNAL_SERVER_ERROR
12:01:45.431 [Test worker] DEBUG org.springframework.web.client.RestTemplate - HTTP GET http://localhost:64554/response-body-error
12:01:45.431 [Test worker] DEBUG org.springframework.web.client.RestTemplate - Accept=[text/plain, application/xml, text/xml, application/json, application/x-jackson-smile, application/cbor, application/*+xml, application/*+json, */*]
12:01:45.433 [reactor-http-nio-2] ERROR reactor.netty.http.server.HttpServerOperations - [id: 0x2d4c0925, L:/127.0.0.1:64554 - R:/127.0.0.1:64555] Error starting response. Replying error status
java.lang.UnsupportedOperationException: null
	at org.springframework.http.server.reactive.ErrorHandlerIntegrationTests$ErrorHandler.handle(ErrorHandlerIntegrationTests.java:82) ~[test/:?]
	at org.springframework.http.server.reactive.ReactorHttpHandlerAdapter.apply(ReactorHttpHandlerAdapter.java:65) ~[main/:?]
	at org.springframework.http.server.reactive.ReactorHttpHandlerAdapter.apply(ReactorHttpHandlerAdapter.java:40) ~[main/:?]
	at reactor.netty.http.server.HttpServerHandle.onStateChange(HttpServerHandle.java:63) [reactor-netty-0.8.0.M2.jar:0.8.0.M2]
	at reactor.netty.tcp.TcpServerBind$ChildObserver.onStateChange(TcpServerBind.java:226) [reactor-netty-0.8.0.M2.jar:0.8.0.M2]
	at reactor.netty.http.server.HttpServerOperations.onInboundNext(HttpServerOperations.java:420) [reactor-netty-0.8.0.M2.jar:0.8.0.M2]
	at reactor.netty.channel.ChannelOperationsHandler.channelRead(ChannelOperationsHandler.java:141) [reactor-netty-0.8.0.M2.jar:0.8.0.M2]
	at io.netty.channel.AbstractChannelHandlerContext.invokeChannelRead(AbstractChannelHandlerContext.java:362) [netty-all-4.1.29.Final.jar:4.1.29.Final]
	at io.netty.channel.AbstractChannelHandlerContext.invokeChannelRead(AbstractChannelHandlerContext.java:348) [netty-all-4.1.29.Final.jar:4.1.29.Final]
	at io.netty.channel.AbstractChannelHandlerContext.fireChannelRead(AbstractChannelHandlerContext.java:340) [netty-all-4.1.29.Final.jar:4.1.29.Final]
	at reactor.netty.http.server.HttpTrafficHandler.channelRead(HttpTrafficHandler.java:150) [reactor-netty-0.8.0.M2.jar:0.8.0.M2]
	at io.netty.channel.AbstractChannelHandlerContext.invokeChannelRead(AbstractChannelHandlerContext.java:362) [netty-all-4.1.29.Final.jar:4.1.29.Final]
	at io.netty.channel.AbstractChannelHandlerContext.invokeChannelRead(AbstractChannelHandlerContext.java:348) [netty-all-4.1.29.Final.jar:4.1.29.Final]
	at io.netty.channel.AbstractChannelHandlerContext.fireChannelRead(AbstractChannelHandlerContext.java:340) [netty-all-4.1.29.Final.jar:4.1.29.Final]
	at io.netty.channel.CombinedChannelDuplexHandler$DelegatingChannelHandlerContext.fireChannelRead(CombinedChannelDuplexHandler.java:438) [netty-all-4.1.29.Final.jar:4.1.29.Final]
	at io.netty.handler.codec.ByteToMessageDecoder.fireChannelRead(ByteToMessageDecoder.java:310) [netty-all-4.1.29.Final.jar:4.1.29.Final]
	at io.netty.handler.codec.ByteToMessageDecoder.channelRead(ByteToMessageDecoder.java:284) [netty-all-4.1.29.Final.jar:4.1.29.Final]
	at io.netty.channel.CombinedChannelDuplexHandler.channelRead(CombinedChannelDuplexHandler.java:253) [netty-all-4.1.29.Final.jar:4.1.29.Final]
	at io.netty.channel.AbstractChannelHandlerContext.invokeChannelRead(AbstractChannelHandlerContext.java:362) [netty-all-4.1.29.Final.jar:4.1.29.Final]
	at io.netty.channel.AbstractChannelHandlerContext.invokeChannelRead(AbstractChannelHandlerContext.java:348) [netty-all-4.1.29.Final.jar:4.1.29.Final]
	at io.netty.channel.AbstractChannelHandlerContext.fireChannelRead(AbstractChannelHandlerContext.java:340) [netty-all-4.1.29.Final.jar:4.1.29.Final]
	at io.netty.channel.DefaultChannelPipeline$HeadContext.channelRead(DefaultChannelPipeline.java:1434) [netty-all-4.1.29.Final.jar:4.1.29.Final]
	at io.netty.channel.AbstractChannelHandlerContext.invokeChannelRead(AbstractChannelHandlerContext.java:362) [netty-all-4.1.29.Final.jar:4.1.29.Final]
	at io.netty.channel.AbstractChannelHandlerContext.invokeChannelRead(AbstractChannelHandlerContext.java:348) [netty-all-4.1.29.Final.jar:4.1.29.Final]
	at io.netty.channel.DefaultChannelPipeline.fireChannelRead(DefaultChannelPipeline.java:965) [netty-all-4.1.29.Final.jar:4.1.29.Final]
	at io.netty.channel.nio.AbstractNioByteChannel$NioByteUnsafe.read(AbstractNioByteChannel.java:163) [netty-all-4.1.29.Final.jar:4.1.29.Final]
	at io.netty.channel.nio.NioEventLoop.processSelectedKey(NioEventLoop.java:628) [netty-all-4.1.29.Final.jar:4.1.29.Final]
	at io.netty.channel.nio.NioEventLoop.processSelectedKeysOptimized(NioEventLoop.java:563) [netty-all-4.1.29.Final.jar:4.1.29.Final]
	at io.netty.channel.nio.NioEventLoop.processSelectedKeys(NioEventLoop.java:480) [netty-all-4.1.29.Final.jar:4.1.29.Final]
	at io.netty.channel.nio.NioEventLoop.run(NioEventLoop.java:442) [netty-all-4.1.29.Final.jar:4.1.29.Final]
	at io.netty.util.concurrent.SingleThreadEventExecutor$5.run(SingleThreadEventExecutor.java:884) [netty-all-4.1.29.Final.jar:4.1.29.Final]
	at java.lang.Thread.run(Thread.java:745) [?:1.8.0_101]
12:01:45.434 [Test worker] DEBUG org.springframework.web.client.RestTemplate - Response 500 INTERNAL_SERVER_ERROR
12:01:45.447 [Test worker] DEBUG org.springframework.web.client.RestTemplate - HTTP GET http://localhost:64556//
12:01:45.448 [Test worker] DEBUG org.springframework.web.client.RestTemplate - Accept=[text/plain, application/xml, text/xml, application/json, application/x-jackson-smile, application/cbor, application/*+xml, application/*+json, */*]
12:01:45.449 [Test worker] DEBUG org.springframework.web.client.RestTemplate - Response 200 OK
12:01:45.486 [Test worker] DEBUG org.springframework.web.client.RestTemplate - HTTP GET http://localhost:64558/handling-error
12:01:45.486 [Test worker] DEBUG org.springframework.web.client.RestTemplate - Accept=[text/plain, application/xml, text/xml, application/json, application/x-jackson-smile, application/cbor, application/*+xml, application/*+json, */*]
12:01:45.489 [Test worker] DEBUG org.springframework.web.client.RestTemplate - Response 500 INTERNAL_SERVER_ERROR
12:01:45.566 [Test worker] DEBUG org.springframework.web.client.RestTemplate - HTTP GET http://localhost:64567/response-body-error
12:01:45.567 [Test worker] DEBUG org.springframework.web.client.RestTemplate - Accept=[text/plain, application/xml, text/xml, application/json, application/x-jackson-smile, application/cbor, application/*+xml, application/*+json, */*]
12:01:45.569 [Test worker] DEBUG org.springframework.web.client.RestTemplate - Response 500 INTERNAL_SERVER_ERROR
12:01:45.645 [Test worker] DEBUG org.springframework.web.client.RestTemplate - HTTP GET http://localhost:64576//
12:01:45.645 [Test worker] DEBUG org.springframework.web.client.RestTemplate - Accept=[text/plain, application/xml, text/xml, application/json, application/x-jackson-smile, application/cbor, application/*+xml, application/*+json, */*]
12:01:45.648 [Test worker] DEBUG org.springframework.web.client.RestTemplate - Response 200 OK
12:01:45.719 [Test worker] DEBUG org.springframework.web.client.RestTemplate - HTTP GET http://localhost:64599/handling-error
12:01:45.719 [Test worker] DEBUG org.springframework.web.client.RestTemplate - Accept=[text/plain, application/xml, text/xml, application/json, application/x-jackson-smile, application/cbor, application/*+xml, application/*+json, */*]
12:01:45.720 [XNIO-3 I/O-6] DEBUG org.springframework.web.HttpLogging - [45e33b45] Setting HttpServerExchange status to 500 Server Error
12:01:45.720 [Test worker] DEBUG org.springframework.web.client.RestTemplate - Response 500 INTERNAL_SERVER_ERROR
12:01:45.738 [Test worker] DEBUG org.springframework.web.client.RestTemplate - HTTP GET http://localhost:64615/response-body-error
12:01:45.738 [Test worker] DEBUG org.springframework.web.client.RestTemplate - Accept=[text/plain, application/xml, text/xml, application/json, application/x-jackson-smile, application/cbor, application/*+xml, application/*+json, */*]
12:01:45.739 [XNIO-4 I/O-6] DEBUG org.springframework.web.HttpLogging - [5b351256] Setting HttpServerExchange status to 500 Server Error
12:01:45.739 [Test worker] DEBUG org.springframework.web.client.RestTemplate - Response 500 INTERNAL_SERVER_ERROR
12:01:45.764 [Test worker] DEBUG org.springframework.web.client.RestTemplate - HTTP GET http://localhost:64631//
12:01:45.764 [Test worker] DEBUG org.springframework.web.client.RestTemplate - Accept=[text/plain, application/xml, text/xml, application/json, application/x-jackson-smile, application/cbor, application/*+xml, application/*+json, */*]
12:01:45.765 [Test worker] DEBUG org.springframework.web.client.RestTemplate - Response 200 OK
]]></system-out>
  <system-err><![CDATA[八月 26, 2020 12:01:45 下午 org.apache.catalina.core.StandardService startInternal
信息: Starting service [Tomcat]
八月 26, 2020 12:01:45 下午 org.apache.catalina.core.StandardEngine startInternal
信息: Starting Servlet Engine: Apache Tomcat/9.0.11
八月 26, 2020 12:01:45 下午 org.apache.coyote.AbstractProtocol init
信息: Initializing ProtocolHandler ["http-nio-auto-3"]
八月 26, 2020 12:01:45 下午 org.apache.tomcat.util.net.NioSelectorPool getSharedSelector
信息: Using a shared selector for servlet write/read
八月 26, 2020 12:01:45 下午 org.apache.coyote.AbstractProtocol start
信息: Starting ProtocolHandler ["http-nio-auto-3-64558"]
八月 26, 2020 12:01:45 下午 org.apache.coyote.AbstractProtocol pause
信息: Pausing ProtocolHandler ["http-nio-auto-3-64558"]
八月 26, 2020 12:01:45 下午 org.apache.catalina.core.StandardService stopInternal
信息: Stopping service [Tomcat]
八月 26, 2020 12:01:45 下午 org.apache.coyote.AbstractProtocol stop
信息: Stopping ProtocolHandler ["http-nio-auto-3-64558"]
八月 26, 2020 12:01:45 下午 org.apache.coyote.AbstractProtocol destroy
信息: Destroying ProtocolHandler ["http-nio-auto-3-64558"]
八月 26, 2020 12:01:45 下午 org.apache.catalina.core.StandardService startInternal
信息: Starting service [Tomcat]
八月 26, 2020 12:01:45 下午 org.apache.catalina.core.StandardEngine startInternal
信息: Starting Servlet Engine: Apache Tomcat/9.0.11
八月 26, 2020 12:01:45 下午 org.apache.coyote.AbstractProtocol init
信息: Initializing ProtocolHandler ["http-nio-auto-4"]
八月 26, 2020 12:01:45 下午 org.apache.tomcat.util.net.NioSelectorPool getSharedSelector
信息: Using a shared selector for servlet write/read
八月 26, 2020 12:01:45 下午 org.apache.coyote.AbstractProtocol start
信息: Starting ProtocolHandler ["http-nio-auto-4-64567"]
八月 26, 2020 12:01:45 下午 org.apache.coyote.AbstractProtocol pause
信息: Pausing ProtocolHandler ["http-nio-auto-4-64567"]
八月 26, 2020 12:01:45 下午 org.apache.catalina.core.StandardService stopInternal
信息: Stopping service [Tomcat]
八月 26, 2020 12:01:45 下午 org.apache.coyote.AbstractProtocol stop
信息: Stopping ProtocolHandler ["http-nio-auto-4-64567"]
八月 26, 2020 12:01:45 下午 org.apache.coyote.AbstractProtocol destroy
信息: Destroying ProtocolHandler ["http-nio-auto-4-64567"]
八月 26, 2020 12:01:45 下午 org.apache.catalina.core.StandardService startInternal
信息: Starting service [Tomcat]
八月 26, 2020 12:01:45 下午 org.apache.catalina.core.StandardEngine startInternal
信息: Starting Servlet Engine: Apache Tomcat/9.0.11
八月 26, 2020 12:01:45 下午 org.apache.coyote.AbstractProtocol init
信息: Initializing ProtocolHandler ["http-nio-auto-5"]
八月 26, 2020 12:01:45 下午 org.apache.tomcat.util.net.NioSelectorPool getSharedSelector
信息: Using a shared selector for servlet write/read
八月 26, 2020 12:01:45 下午 org.apache.coyote.AbstractProtocol start
信息: Starting ProtocolHandler ["http-nio-auto-5-64576"]
八月 26, 2020 12:01:45 下午 org.apache.coyote.AbstractProtocol pause
信息: Pausing ProtocolHandler ["http-nio-auto-5-64576"]
八月 26, 2020 12:01:45 下午 org.apache.catalina.core.StandardService stopInternal
信息: Stopping service [Tomcat]
八月 26, 2020 12:01:45 下午 org.apache.coyote.AbstractProtocol stop
信息: Stopping ProtocolHandler ["http-nio-auto-5-64576"]
八月 26, 2020 12:01:45 下午 org.apache.coyote.AbstractProtocol destroy
信息: Destroying ProtocolHandler ["http-nio-auto-5-64576"]
]]></system-err>
</testsuite>
