<?xml version="1.0" encoding="UTF-8"?>
<testsuite name="org.springframework.web.context.request.RequestScopeTests" tests="6" skipped="0" failures="0" errors="0" timestamp="2020-08-26T04:01:53" hostname="PC-20191023THJJ" time="0.097">
  <properties/>
  <testcase name="destructionAtRequestCompletion" classname="org.springframework.web.context.request.RequestScopeTests" time="0.008"/>
  <testcase name="circleLeadsToException" classname="org.springframework.web.context.request.RequestScopeTests" time="0.008"/>
  <testcase name="requestScopedInnerBeanDestroyedWhileContainedBySingleton" classname="org.springframework.web.context.request.RequestScopeTests" time="0.008"/>
  <testcase name="innerBeanInheritsContainingBeanScopeByDefault" classname="org.springframework.web.context.request.RequestScopeTests" time="0.009"/>
  <testcase name="getFromScope" classname="org.springframework.web.context.request.RequestScopeTests" time="0.057"/>
  <testcase name="getFromFactoryBeanInScope" classname="org.springframework.web.context.request.RequestScopeTests" time="0.007"/>
  <system-out><![CDATA[]]></system-out>
  <system-err><![CDATA[]]></system-err>
</testsuite>
