<?xml version="1.0" encoding="UTF-8"?>
<testsuite name="org.springframework.web.method.annotation.ModelFactoryOrderingTests" tests="4" skipped="0" failures="0" errors="0" timestamp="2020-08-26T04:01:54" hostname="PC-20191023THJJ" time="0.014">
  <properties/>
  <testcase name="unresolvedDependency" classname="org.springframework.web.method.annotation.ModelFactoryOrderingTests" time="0.009"/>
  <testcase name="treeDependency" classname="org.springframework.web.method.annotation.ModelFactoryOrderingTests" time="0.002"/>
  <testcase name="straightLineDependency" classname="org.springframework.web.method.annotation.ModelFactoryOrderingTests" time="0.001"/>
  <testcase name="InvertedTreeDependency" classname="org.springframework.web.method.annotation.ModelFactoryOrderingTests" time="0.002"/>
  <system-out><![CDATA[12:01:54.398 [Test worker] DEBUG org.springframework.web.method.annotation.ModelFactoryOrderingTests -  >> getA >> getC1 >> getC2 >> getC4 >> getC3
12:01:54.400 [Test worker] DEBUG org.springframework.web.method.annotation.ModelFactoryOrderingTests -  >> getA >> getB2 >> getC4 >> getC3 >> getB1 >> getC2 >> getC1
12:01:54.402 [Test worker] DEBUG org.springframework.web.method.annotation.ModelFactoryOrderingTests -  >> getA >> getB1 >> getB2 >> getC1 >> getC2 >> getC3 >> getC4
12:01:54.404 [Test worker] DEBUG org.springframework.web.method.annotation.ModelFactoryOrderingTests -  >> getC4 >> getC1 >> getC2 >> getB1 >> getC3 >> getB2 >> getA
]]></system-out>
  <system-err><![CDATA[]]></system-err>
</testsuite>
