<?xml version="1.0" encoding="UTF-8"?>
<testsuite name="org.springframework.http.client.StreamingHttpComponentsClientHttpRequestFactoryTests" tests="6" skipped="0" failures="0" errors="0" timestamp="2020-08-26T04:01:37" hostname="PC-20191023THJJ" time="0.019">
  <properties/>
  <testcase name="httpMethods" classname="org.springframework.http.client.StreamingHttpComponentsClientHttpRequestFactoryTests" time="0.003"/>
  <testcase name="headersAfterExecute" classname="org.springframework.http.client.StreamingHttpComponentsClientHttpRequestFactoryTests" time="0.002"/>
  <testcase name="status" classname="org.springframework.http.client.StreamingHttpComponentsClientHttpRequestFactoryTests" time="0.003"/>
  <testcase name="echo" classname="org.springframework.http.client.StreamingHttpComponentsClientHttpRequestFactoryTests" time="0.003"/>
  <testcase name="multipleWrites" classname="org.springframework.http.client.StreamingHttpComponentsClientHttpRequestFactoryTests" time="0.005"/>
  <testcase name="queryParameters" classname="org.springframework.http.client.StreamingHttpComponentsClientHttpRequestFactoryTests" time="0.003"/>
  <system-out><![CDATA[]]></system-out>
  <system-err><![CDATA[八月 26, 2020 12:01:37 下午 okhttp3.mockwebserver.MockWebServer$2 execute
信息: MockWebServer[64417] starting to accept connections
八月 26, 2020 12:01:37 下午 okhttp3.mockwebserver.MockWebServer$3 processOneRequest
信息: MockWebServer[64417] received request: PATCH /methods/patch HTTP/1.1 and responded: HTTP/1.1 200 OK
八月 26, 2020 12:01:37 下午 okhttp3.mockwebserver.MockWebServer$2 acceptConnections
信息: MockWebServer[64417] done accepting connections: socket closed
八月 26, 2020 12:01:37 下午 okhttp3.mockwebserver.MockWebServer$2 execute
信息: MockWebServer[64419] starting to accept connections
八月 26, 2020 12:01:37 下午 okhttp3.mockwebserver.MockWebServer$2 acceptConnections
信息: MockWebServer[64419] done accepting connections: socket closed
八月 26, 2020 12:01:37 下午 okhttp3.mockwebserver.MockWebServer$2 execute
信息: MockWebServer[64420] starting to accept connections
八月 26, 2020 12:01:37 下午 okhttp3.mockwebserver.MockWebServer$3 processOneRequest
信息: MockWebServer[64420] received request: GET /status/notfound HTTP/1.1 and responded: HTTP/1.1 404 Client Error
八月 26, 2020 12:01:37 下午 okhttp3.mockwebserver.MockWebServer$2 acceptConnections
信息: MockWebServer[64420] done accepting connections: socket closed
八月 26, 2020 12:01:37 下午 okhttp3.mockwebserver.MockWebServer$2 execute
信息: MockWebServer[64422] starting to accept connections
八月 26, 2020 12:01:37 下午 okhttp3.mockwebserver.MockWebServer$3 processOneRequest
信息: MockWebServer[64422] received request: PUT /echo HTTP/1.1 and responded: HTTP/1.1 200 OK
八月 26, 2020 12:01:37 下午 okhttp3.mockwebserver.MockWebServer$2 acceptConnections
信息: MockWebServer[64422] done accepting connections: socket closed
八月 26, 2020 12:01:37 下午 okhttp3.mockwebserver.MockWebServer$2 execute
信息: MockWebServer[64424] starting to accept connections
八月 26, 2020 12:01:37 下午 okhttp3.mockwebserver.MockWebServer$3 processOneRequest
信息: MockWebServer[64424] received request: POST /echo HTTP/1.1 and responded: HTTP/1.1 200 OK
八月 26, 2020 12:01:37 下午 okhttp3.mockwebserver.MockWebServer$2 acceptConnections
信息: MockWebServer[64424] done accepting connections: socket closed
八月 26, 2020 12:01:37 下午 okhttp3.mockwebserver.MockWebServer$2 execute
信息: MockWebServer[64426] starting to accept connections
八月 26, 2020 12:01:37 下午 okhttp3.mockwebserver.MockWebServer$3 processOneRequest
信息: MockWebServer[64426] received request: GET /params?param1=value&param2=value1&param2=value2 HTTP/1.1 and responded: HTTP/1.1 200 OK
八月 26, 2020 12:01:37 下午 okhttp3.mockwebserver.MockWebServer$2 acceptConnections
信息: MockWebServer[64426] done accepting connections: socket closed
]]></system-err>
</testsuite>
