<?xml version="1.0" encoding="UTF-8"?>
<testsuite name="org.springframework.http.converter.json.Jackson2ObjectMapperBuilderTests" tests="34" skipped="0" failures="0" errors="0" timestamp="2020-08-26T04:01:41" hostname="PC-20191023THJJ" time="0.509">
  <properties/>
  <testcase name="unknownFeature" classname="org.springframework.http.converter.json.Jackson2ObjectMapperBuilderTests" time="0.002"/>
  <testcase name="xmlMapper" classname="org.springframework.http.converter.json.Jackson2ObjectMapperBuilderTests" time="0.002"/>
  <testcase name="wellKnownModules" classname="org.springframework.http.converter.json.Jackson2ObjectMapperBuilderTests" time="0.42"/>
  <testcase name="propertyNamingStrategy" classname="org.springframework.http.converter.json.Jackson2ObjectMapperBuilderTests" time="0.003"/>
  <testcase name="simpleDateFormatStringSetter" classname="org.springframework.http.converter.json.Jackson2ObjectMapperBuilderTests" time="0.005"/>
  <testcase name="setNotEmptySerializationInclusion" classname="org.springframework.http.converter.json.Jackson2ObjectMapperBuilderTests" time="0.02"/>
  <testcase name="setNotNullSerializationInclusion" classname="org.springframework.http.converter.json.Jackson2ObjectMapperBuilderTests" time="0.003"/>
  <testcase name="localeSetter" classname="org.springframework.http.converter.json.Jackson2ObjectMapperBuilderTests" time="0.001"/>
  <testcase name="factory" classname="org.springframework.http.converter.json.Jackson2ObjectMapperBuilderTests" time="0.001"/>
  <testcase name="mixIns" classname="org.springframework.http.converter.json.Jackson2ObjectMapperBuilderTests" time="0.001"/>
  <testcase name="serializerByType" classname="org.springframework.http.converter.json.Jackson2ObjectMapperBuilderTests" time="0.0"/>
  <testcase name="filters" classname="org.springframework.http.converter.json.Jackson2ObjectMapperBuilderTests" time="0.009"/>
  <testcase name="propertiesShortcut" classname="org.springframework.http.converter.json.Jackson2ObjectMapperBuilderTests" time="0.002"/>
  <testcase name="defaultProperties" classname="org.springframework.http.converter.json.Jackson2ObjectMapperBuilderTests" time="0.001"/>
  <testcase name="dateTimeFormatSetter" classname="org.springframework.http.converter.json.Jackson2ObjectMapperBuilderTests" time="0.001"/>
  <testcase name="customizeWellKnownModulesWithSerializer" classname="org.springframework.http.converter.json.Jackson2ObjectMapperBuilderTests" time="0.002"/>
  <testcase name="cbor" classname="org.springframework.http.converter.json.Jackson2ObjectMapperBuilderTests" time="0.008"/>
  <testcase name="mixIn" classname="org.springframework.http.converter.json.Jackson2ObjectMapperBuilderTests" time="0.0"/>
  <testcase name="smile" classname="org.springframework.http.converter.json.Jackson2ObjectMapperBuilderTests" time="0.001"/>
  <testcase name="completeSetup" classname="org.springframework.http.converter.json.Jackson2ObjectMapperBuilderTests" time="0.0"/>
  <testcase name="wrongTimeZoneStringSetter" classname="org.springframework.http.converter.json.Jackson2ObjectMapperBuilderTests" time="0.0"/>
  <testcase name="defaultUseWrapper" classname="org.springframework.http.converter.json.Jackson2ObjectMapperBuilderTests" time="0.004"/>
  <testcase name="booleanSetters" classname="org.springframework.http.converter.json.Jackson2ObjectMapperBuilderTests" time="0.002"/>
  <testcase name="customizeWellKnownModulesWithModule" classname="org.springframework.http.converter.json.Jackson2ObjectMapperBuilderTests" time="0.002"/>
  <testcase name="modulesToInstallByInstance" classname="org.springframework.http.converter.json.Jackson2ObjectMapperBuilderTests" time="0.001"/>
  <testcase name="createXmlMapper" classname="org.springframework.http.converter.json.Jackson2ObjectMapperBuilderTests" time="0.004"/>
  <testcase name="modules" classname="org.springframework.http.converter.json.Jackson2ObjectMapperBuilderTests" time="0.0"/>
  <testcase name="timeZoneStringSetter" classname="org.springframework.http.converter.json.Jackson2ObjectMapperBuilderTests" time="0.002"/>
  <testcase name="deserializerByType" classname="org.springframework.http.converter.json.Jackson2ObjectMapperBuilderTests" time="0.0"/>
  <testcase name="customizeWellKnownModulesWithModuleClass" classname="org.springframework.http.converter.json.Jackson2ObjectMapperBuilderTests" time="0.001"/>
  <testcase name="timeZoneSetter" classname="org.springframework.http.converter.json.Jackson2ObjectMapperBuilderTests" time="0.001"/>
  <testcase name="modulesToInstallByClass" classname="org.springframework.http.converter.json.Jackson2ObjectMapperBuilderTests" time="0.001"/>
  <testcase name="visibility" classname="org.springframework.http.converter.json.Jackson2ObjectMapperBuilderTests" time="0.002"/>
  <testcase name="setNotDefaultSerializationInclusion" classname="org.springframework.http.converter.json.Jackson2ObjectMapperBuilderTests" time="0.003"/>
  <system-out><![CDATA[]]></system-out>
  <system-err><![CDATA[]]></system-err>
</testsuite>
