<?xml version="1.0" encoding="UTF-8"?>
<testsuite name="org.springframework.http.client.OkHttp3AsyncClientHttpRequestFactoryTests" tests="7" skipped="0" failures="0" errors="0" timestamp="2020-08-26T04:01:36" hostname="PC-20191023THJJ" time="0.08">
  <properties/>
  <testcase name="httpMethods" classname="org.springframework.http.client.OkHttp3AsyncClientHttpRequestFactoryTests" time="0.063"/>
  <testcase name="cancel" classname="org.springframework.http.client.OkHttp3AsyncClientHttpRequestFactoryTests" time="0.002"/>
  <testcase name="headersAfterExecute" classname="org.springframework.http.client.OkHttp3AsyncClientHttpRequestFactoryTests" time="0.003"/>
  <testcase name="status" classname="org.springframework.http.client.OkHttp3AsyncClientHttpRequestFactoryTests" time="0.003"/>
  <testcase name="echo" classname="org.springframework.http.client.OkHttp3AsyncClientHttpRequestFactoryTests" time="0.003"/>
  <testcase name="statusCallback" classname="org.springframework.http.client.OkHttp3AsyncClientHttpRequestFactoryTests" time="0.003"/>
  <testcase name="multipleWrites" classname="org.springframework.http.client.OkHttp3AsyncClientHttpRequestFactoryTests" time="0.003"/>
  <system-out><![CDATA[]]></system-out>
  <system-err><![CDATA[八月 26, 2020 12:01:36 下午 okhttp3.mockwebserver.MockWebServer$2 execute
信息: MockWebServer[64392] starting to accept connections
八月 26, 2020 12:01:36 下午 okhttp3.mockwebserver.MockWebServer$3 processOneRequest
信息: MockWebServer[64392] received request: GET /methods/get HTTP/1.1 and responded: HTTP/1.1 200 OK
八月 26, 2020 12:01:36 下午 okhttp3.mockwebserver.MockWebServer$3 processOneRequest
信息: MockWebServer[64392] received request: HEAD /methods/head HTTP/1.1 and responded: HTTP/1.1 200 OK
八月 26, 2020 12:01:36 下午 okhttp3.mockwebserver.MockWebServer$3 processOneRequest
信息: MockWebServer[64392] received request: POST /methods/post HTTP/1.1 and responded: HTTP/1.1 200 OK
八月 26, 2020 12:01:36 下午 okhttp3.mockwebserver.MockWebServer$3 processOneRequest
信息: MockWebServer[64392] received request: PUT /methods/put HTTP/1.1 and responded: HTTP/1.1 200 OK
八月 26, 2020 12:01:36 下午 okhttp3.mockwebserver.MockWebServer$3 processOneRequest
信息: MockWebServer[64392] received request: OPTIONS /methods/options HTTP/1.1 and responded: HTTP/1.1 200 OK
八月 26, 2020 12:01:36 下午 okhttp3.mockwebserver.MockWebServer$3 processOneRequest
信息: MockWebServer[64392] received request: DELETE /methods/delete HTTP/1.1 and responded: HTTP/1.1 200 OK
八月 26, 2020 12:01:36 下午 okhttp3.mockwebserver.MockWebServer$3 processOneRequest
信息: MockWebServer[64392] received request: PATCH /methods/patch HTTP/1.1 and responded: HTTP/1.1 200 OK
八月 26, 2020 12:01:36 下午 okhttp3.mockwebserver.MockWebServer$2 acceptConnections
信息: MockWebServer[64392] done accepting connections: socket closed
八月 26, 2020 12:01:36 下午 okhttp3.mockwebserver.MockWebServer$2 execute
信息: MockWebServer[64394] starting to accept connections
八月 26, 2020 12:01:36 下午 okhttp3.mockwebserver.MockWebServer$2 acceptConnections
信息: MockWebServer[64394] done accepting connections: socket closed
八月 26, 2020 12:01:36 下午 okhttp3.mockwebserver.MockWebServer$2 execute
信息: MockWebServer[64395] starting to accept connections
八月 26, 2020 12:01:36 下午 okhttp3.mockwebserver.MockWebServer$3 processOneRequest
信息: MockWebServer[64395] received request: POST /echo HTTP/1.1 and responded: HTTP/1.1 200 OK
八月 26, 2020 12:01:36 下午 okhttp3.mockwebserver.MockWebServer$2 acceptConnections
信息: MockWebServer[64395] done accepting connections: socket closed
八月 26, 2020 12:01:36 下午 okhttp3.mockwebserver.MockWebServer$2 execute
信息: MockWebServer[64397] starting to accept connections
八月 26, 2020 12:01:36 下午 okhttp3.mockwebserver.MockWebServer$3 processOneRequest
信息: MockWebServer[64397] received request: GET /status/notfound HTTP/1.1 and responded: HTTP/1.1 404 Client Error
八月 26, 2020 12:01:36 下午 okhttp3.mockwebserver.MockWebServer$2 acceptConnections
信息: MockWebServer[64397] done accepting connections: socket closed
八月 26, 2020 12:01:36 下午 okhttp3.mockwebserver.MockWebServer$2 execute
信息: MockWebServer[64399] starting to accept connections
八月 26, 2020 12:01:36 下午 okhttp3.mockwebserver.MockWebServer$3 processOneRequest
信息: MockWebServer[64399] received request: PUT /echo HTTP/1.1 and responded: HTTP/1.1 200 OK
八月 26, 2020 12:01:36 下午 okhttp3.mockwebserver.MockWebServer$2 acceptConnections
信息: MockWebServer[64399] done accepting connections: socket closed
八月 26, 2020 12:01:36 下午 okhttp3.mockwebserver.MockWebServer$2 execute
信息: MockWebServer[64401] starting to accept connections
八月 26, 2020 12:01:36 下午 okhttp3.mockwebserver.MockWebServer$3 processOneRequest
信息: MockWebServer[64401] received request: GET /status/notfound HTTP/1.1 and responded: HTTP/1.1 404 Client Error
八月 26, 2020 12:01:36 下午 okhttp3.mockwebserver.MockWebServer$2 acceptConnections
信息: MockWebServer[64401] done accepting connections: socket closed
八月 26, 2020 12:01:36 下午 okhttp3.mockwebserver.MockWebServer$2 execute
信息: MockWebServer[64403] starting to accept connections
八月 26, 2020 12:01:36 下午 okhttp3.mockwebserver.MockWebServer$3 processOneRequest
信息: MockWebServer[64403] received request: POST /echo HTTP/1.1 and responded: HTTP/1.1 200 OK
八月 26, 2020 12:01:36 下午 okhttp3.mockwebserver.MockWebServer$2 acceptConnections
信息: MockWebServer[64403] done accepting connections: socket closed
]]></system-err>
</testsuite>
