<?xml version="1.0" encoding="UTF-8"?>
<testsuite name="org.springframework.http.converter.feed.AtomFeedHttpMessageConverterTests" tests="5" skipped="0" failures="0" errors="0" timestamp="2020-08-26T04:01:40" hostname="PC-20191023THJJ" time="0.155">
  <properties/>
  <testcase name="writeOtherCharset" classname="org.springframework.http.converter.feed.AtomFeedHttpMessageConverterTests" time="0.078"/>
  <testcase name="canWrite" classname="org.springframework.http.converter.feed.AtomFeedHttpMessageConverterTests" time="0.0"/>
  <testcase name="read" classname="org.springframework.http.converter.feed.AtomFeedHttpMessageConverterTests" time="0.043"/>
  <testcase name="write" classname="org.springframework.http.converter.feed.AtomFeedHttpMessageConverterTests" time="0.034"/>
  <testcase name="canRead" classname="org.springframework.http.converter.feed.AtomFeedHttpMessageConverterTests" time="0.0"/>
  <system-out><![CDATA[]]></system-out>
  <system-err><![CDATA[]]></system-err>
</testsuite>
