<?xml version="1.0" encoding="UTF-8"?>
<testsuite name="org.springframework.http.server.ServletServerHttpResponseTests" tests="4" skipped="0" failures="0" errors="0" timestamp="2020-08-26T04:01:46" hostname="PC-20191023THJJ" time="0.001">
  <properties/>
  <testcase name="preExistingHeadersFromHttpServletResponse" classname="org.springframework.http.server.ServletServerHttpResponseTests" time="0.0"/>
  <testcase name="getBody" classname="org.springframework.http.server.ServletServerHttpResponseTests" time="0.0"/>
  <testcase name="setStatusCode" classname="org.springframework.http.server.ServletServerHttpResponseTests" time="0.0"/>
  <testcase name="getHeaders" classname="org.springframework.http.server.ServletServerHttpResponseTests" time="0.001"/>
  <system-out><![CDATA[]]></system-out>
  <system-err><![CDATA[]]></system-err>
</testsuite>
