<?xml version="1.0" encoding="UTF-8"?>
<testsuite name="org.springframework.web.context.request.WebApplicationContextScopeTests" tests="3" skipped="0" failures="0" errors="0" timestamp="2020-08-26T04:01:53" hostname="PC-20191023THJJ" time="0.003">
  <properties/>
  <testcase name="testRequestScope" classname="org.springframework.web.context.request.WebApplicationContextScopeTests" time="0.001"/>
  <testcase name="testApplicationScope" classname="org.springframework.web.context.request.WebApplicationContextScopeTests" time="0.001"/>
  <testcase name="testSessionScope" classname="org.springframework.web.context.request.WebApplicationContextScopeTests" time="0.001"/>
  <system-out><![CDATA[12:01:53.606 [Test worker] DEBUG org.springframework.web.context.support.GenericWebApplicationContext - Refreshing org.springframework.web.context.support.GenericWebApplicationContext@6f3596a6
12:01:53.607 [Test worker] DEBUG org.springframework.web.context.support.GenericWebApplicationContext - Refreshing org.springframework.web.context.support.GenericWebApplicationContext@535318d3
12:01:53.608 [Test worker] DEBUG org.springframework.web.context.support.GenericWebApplicationContext - Refreshing org.springframework.web.context.support.GenericWebApplicationContext@67144e5d
]]></system-out>
  <system-err><![CDATA[]]></system-err>
</testsuite>
