<?xml version="1.0" encoding="UTF-8"?>
<testsuite name="org.springframework.http.server.reactive.ServerHttpRequestIntegrationTests" tests="4" skipped="0" failures="0" errors="0" timestamp="2020-08-26T04:01:46" hostname="PC-20191023THJJ" time="0.136">
  <properties/>
  <testcase name="checkUri[server [org.springframework.http.server.reactive.bootstrap.JettyHttpServer@31284869]]" classname="org.springframework.http.server.reactive.ServerHttpRequestIntegrationTests" time="0.022"/>
  <testcase name="checkUri[server [org.springframework.http.server.reactive.bootstrap.ReactorHttpServer@3e94c78d]]" classname="org.springframework.http.server.reactive.ServerHttpRequestIntegrationTests" time="0.016"/>
  <testcase name="checkUri[server [org.springframework.http.server.reactive.bootstrap.TomcatHttpServer@569a0167]]" classname="org.springframework.http.server.reactive.ServerHttpRequestIntegrationTests" time="0.081"/>
  <testcase name="checkUri[server [org.springframework.http.server.reactive.bootstrap.UndertowHttpServer@6dac2f9f]]" classname="org.springframework.http.server.reactive.ServerHttpRequestIntegrationTests" time="0.017"/>
  <system-out><![CDATA[12:01:46.118 [Test worker] DEBUG org.springframework.web.client.RestTemplate - HTTP POST http://localhost:64703/foo?param=bar
12:01:46.119 [Test worker] DEBUG org.springframework.web.client.RestTemplate - Accept=[application/xml, text/xml, application/json, application/x-jackson-smile, application/cbor, application/*+xml, application/*+json]
12:01:46.120 [Test worker] DEBUG org.springframework.web.client.RestTemplate - Response 200 OK
12:01:46.135 [Test worker] DEBUG org.springframework.web.client.RestTemplate - HTTP POST http://localhost:64711/foo?param=bar
12:01:46.136 [Test worker] DEBUG org.springframework.web.client.RestTemplate - Accept=[application/xml, text/xml, application/json, application/x-jackson-smile, application/cbor, application/*+xml, application/*+json]
12:01:46.137 [Test worker] DEBUG org.springframework.web.client.RestTemplate - Response 200 OK
12:01:46.157 [Test worker] DEBUG org.springframework.web.client.RestTemplate - HTTP POST http://localhost:64713/foo?param=bar
12:01:46.158 [Test worker] DEBUG org.springframework.web.client.RestTemplate - Accept=[application/xml, text/xml, application/json, application/x-jackson-smile, application/cbor, application/*+xml, application/*+json]
12:01:46.161 [Test worker] DEBUG org.springframework.web.client.RestTemplate - Response 200 OK
12:01:46.234 [Test worker] DEBUG org.springframework.web.client.RestTemplate - HTTP POST http://localhost:64736/foo?param=bar
12:01:46.234 [Test worker] DEBUG org.springframework.web.client.RestTemplate - Accept=[application/xml, text/xml, application/json, application/x-jackson-smile, application/cbor, application/*+xml, application/*+json]
12:01:46.236 [Test worker] DEBUG org.springframework.web.client.RestTemplate - Response 200 OK
]]></system-out>
  <system-err><![CDATA[八月 26, 2020 12:01:46 下午 org.apache.catalina.core.StandardService startInternal
信息: Starting service [Tomcat]
八月 26, 2020 12:01:46 下午 org.apache.catalina.core.StandardEngine startInternal
信息: Starting Servlet Engine: Apache Tomcat/9.0.11
八月 26, 2020 12:01:46 下午 org.apache.coyote.AbstractProtocol init
信息: Initializing ProtocolHandler ["http-nio-auto-8"]
八月 26, 2020 12:01:46 下午 org.apache.tomcat.util.net.NioSelectorPool getSharedSelector
信息: Using a shared selector for servlet write/read
八月 26, 2020 12:01:46 下午 org.apache.coyote.AbstractProtocol start
信息: Starting ProtocolHandler ["http-nio-auto-8-64713"]
八月 26, 2020 12:01:46 下午 org.apache.coyote.AbstractProtocol pause
信息: Pausing ProtocolHandler ["http-nio-auto-8-64713"]
八月 26, 2020 12:01:46 下午 org.apache.catalina.core.StandardService stopInternal
信息: Stopping service [Tomcat]
八月 26, 2020 12:01:46 下午 org.apache.coyote.AbstractProtocol stop
信息: Stopping ProtocolHandler ["http-nio-auto-8-64713"]
八月 26, 2020 12:01:46 下午 org.apache.coyote.AbstractProtocol destroy
信息: Destroying ProtocolHandler ["http-nio-auto-8-64713"]
]]></system-err>
</testsuite>
