<?xml version="1.0" encoding="UTF-8"?>
<testsuite name="org.springframework.web.context.support.AnnotationConfigWebApplicationContextTests" tests="4" skipped="0" failures="0" errors="0" timestamp="2020-08-26T04:01:53" hostname="PC-20191023THJJ" time="0.053">
  <properties/>
  <testcase name="withBeanNameGenerator" classname="org.springframework.web.context.support.AnnotationConfigWebApplicationContextTests" time="0.014"/>
  <testcase name="configLocationWithBasePackage" classname="org.springframework.web.context.support.AnnotationConfigWebApplicationContextTests" time="0.025"/>
  <testcase name="registerSingleClass" classname="org.springframework.web.context.support.AnnotationConfigWebApplicationContextTests" time="0.008"/>
  <testcase name="configLocationWithSingleClass" classname="org.springframework.web.context.support.AnnotationConfigWebApplicationContextTests" time="0.006"/>
  <system-out><![CDATA[12:01:53.612 [Test worker] DEBUG org.springframework.web.context.support.AnnotationConfigWebApplicationContext - Refreshing Root WebApplicationContext
12:01:53.622 [Test worker] DEBUG org.springframework.web.context.support.AnnotationConfigWebApplicationContext - Refreshing Root WebApplicationContext
12:01:53.648 [Test worker] DEBUG org.springframework.web.context.support.AnnotationConfigWebApplicationContext - Refreshing Root WebApplicationContext
12:01:53.652 [Test worker] DEBUG org.springframework.web.context.support.AnnotationConfigWebApplicationContext - Registering annotated classes: [class org.springframework.web.context.support.AnnotationConfigWebApplicationContextTests$Config]
12:01:53.655 [Test worker] DEBUG org.springframework.web.context.support.AnnotationConfigWebApplicationContext - Refreshing Root WebApplicationContext
]]></system-out>
  <system-err><![CDATA[]]></system-err>
</testsuite>
