<?xml version="1.0" encoding="UTF-8"?>
<testsuite name="org.springframework.web.method.annotation.RequestHeaderMapMethodArgumentResolverTests" tests="4" skipped="0" failures="0" errors="0" timestamp="2020-08-26T04:01:54" hostname="PC-20191023THJJ" time="0.002">
  <properties/>
  <testcase name="resolveMapArgument" classname="org.springframework.web.method.annotation.RequestHeaderMapMethodArgumentResolverTests" time="0.0"/>
  <testcase name="resolveHttpHeadersArgument" classname="org.springframework.web.method.annotation.RequestHeaderMapMethodArgumentResolverTests" time="0.001"/>
  <testcase name="resolveMultiValueMapArgument" classname="org.springframework.web.method.annotation.RequestHeaderMapMethodArgumentResolverTests" time="0.0"/>
  <testcase name="supportsParameter" classname="org.springframework.web.method.annotation.RequestHeaderMapMethodArgumentResolverTests" time="0.001"/>
  <system-out><![CDATA[]]></system-out>
  <system-err><![CDATA[]]></system-err>
</testsuite>
