<?xml version="1.0" encoding="UTF-8"?>
<testsuite name="org.springframework.web.filter.RequestContextFilterTests" tests="2" skipped="0" failures="0" errors="0" timestamp="2020-08-26T04:01:53" hostname="PC-20191023THJJ" time="0.001">
  <properties/>
  <testcase name="happyPath" classname="org.springframework.web.filter.RequestContextFilterTests" time="0.001"/>
  <testcase name="withException" classname="org.springframework.web.filter.RequestContextFilterTests" time="0.0"/>
  <system-out><![CDATA[12:01:53.953 [Test worker] DEBUG org.springframework.web.filter.RequestContextFilter - Filter 'foo' configured for use
12:01:53.953 [Test worker] DEBUG org.springframework.web.filter.RequestContextFilter - Filter 'foo' configured for use
]]></system-out>
  <system-err><![CDATA[]]></system-err>
</testsuite>
