<?xml version="1.0" encoding="UTF-8"?>
<testsuite name="org.springframework.web.context.request.RequestAndSessionScopedBeanTests" tests="2" skipped="0" failures="0" errors="0" timestamp="2020-08-26T04:01:53" hostname="PC-20191023THJJ" time="0.005">
  <properties/>
  <testcase name="testPutBeanInSession" classname="org.springframework.web.context.request.RequestAndSessionScopedBeanTests" time="0.003"/>
  <testcase name="testPutBeanInRequest" classname="org.springframework.web.context.request.RequestAndSessionScopedBeanTests" time="0.002"/>
  <system-out><![CDATA[12:01:53.137 [Test worker] DEBUG org.springframework.web.context.support.StaticWebApplicationContext - Refreshing Root WebApplicationContext
12:01:53.140 [Test worker] DEBUG org.springframework.web.context.support.StaticWebApplicationContext - Refreshing Root WebApplicationContext
]]></system-out>
  <system-err><![CDATA[]]></system-err>
</testsuite>
