<?xml version="1.0" encoding="UTF-8"?>
<testsuite name="org.springframework.http.CacheControlTests" tests="8" skipped="0" failures="0" errors="0" timestamp="2020-08-26T04:01:29" hostname="PC-20191023THJJ" time="0.012">
  <properties/>
  <testcase name="maxAge" classname="org.springframework.http.CacheControlTests" time="0.009"/>
  <testcase name="staleIfError" classname="org.springframework.http.CacheControlTests" time="0.0"/>
  <testcase name="noCachePrivate" classname="org.springframework.http.CacheControlTests" time="0.0"/>
  <testcase name="maxAgeAndDirectives" classname="org.springframework.http.CacheControlTests" time="0.0"/>
  <testcase name="emptyCacheControl" classname="org.springframework.http.CacheControlTests" time="0.001"/>
  <testcase name="staleWhileRevalidate" classname="org.springframework.http.CacheControlTests" time="0.001"/>
  <testcase name="maxAgeAndSMaxAge" classname="org.springframework.http.CacheControlTests" time="0.0"/>
  <testcase name="noStore" classname="org.springframework.http.CacheControlTests" time="0.0"/>
  <system-out><![CDATA[]]></system-out>
  <system-err><![CDATA[]]></system-err>
</testsuite>
