<?xml version="1.0" encoding="UTF-8"?>
<testsuite name="org.springframework.http.codec.FormHttpMessageWriterTests" tests="2" skipped="0" failures="0" errors="0" timestamp="2020-08-26T04:01:37" hostname="PC-20191023THJJ" time="0.004">
  <properties/>
  <testcase name="writeForm" classname="org.springframework.http.codec.FormHttpMessageWriterTests" time="0.004"/>
  <testcase name="canWrite" classname="org.springframework.http.codec.FormHttpMessageWriterTests" time="0.0"/>
  <system-out><![CDATA[12:01:37.382 [Test worker] DEBUG org.springframework.web.HttpLogging - Writing form fields [name 1, name 2, name 3] (content masked)
]]></system-out>
  <system-err><![CDATA[]]></system-err>
</testsuite>
