<?xml version="1.0" encoding="UTF-8"?>
<testsuite name="org.springframework.http.client.HttpComponentsAsyncClientHttpRequestFactoryTests" tests="9" skipped="0" failures="0" errors="0" timestamp="2020-08-26T04:01:30" hostname="PC-20191023THJJ" time="0.175">
  <properties/>
  <testcase name="defaultSettingsOfHttpAsyncClientLostOnExecutorCustomization" classname="org.springframework.http.client.HttpComponentsAsyncClientHttpRequestFactoryTests" time="0.063"/>
  <testcase name="customHttpAsyncClientUsesItsDefault" classname="org.springframework.http.client.HttpComponentsAsyncClientHttpRequestFactoryTests" time="0.006"/>
  <testcase name="httpMethods" classname="org.springframework.http.client.HttpComponentsAsyncClientHttpRequestFactoryTests" time="0.053"/>
  <testcase name="cancel" classname="org.springframework.http.client.HttpComponentsAsyncClientHttpRequestFactoryTests" time="0.005"/>
  <testcase name="headersAfterExecute" classname="org.springframework.http.client.HttpComponentsAsyncClientHttpRequestFactoryTests" time="0.007"/>
  <testcase name="status" classname="org.springframework.http.client.HttpComponentsAsyncClientHttpRequestFactoryTests" time="0.007"/>
  <testcase name="echo" classname="org.springframework.http.client.HttpComponentsAsyncClientHttpRequestFactoryTests" time="0.007"/>
  <testcase name="statusCallback" classname="org.springframework.http.client.HttpComponentsAsyncClientHttpRequestFactoryTests" time="0.014"/>
  <testcase name="multipleWrites" classname="org.springframework.http.client.HttpComponentsAsyncClientHttpRequestFactoryTests" time="0.011"/>
  <system-out><![CDATA[]]></system-out>
  <system-err><![CDATA[八月 26, 2020 12:01:30 下午 okhttp3.mockwebserver.MockWebServer$2 execute
信息: MockWebServer[64079] starting to accept connections
八月 26, 2020 12:01:30 下午 okhttp3.mockwebserver.MockWebServer$2 acceptConnections
信息: MockWebServer[64079] done accepting connections: socket closed
八月 26, 2020 12:01:30 下午 okhttp3.mockwebserver.MockWebServer$2 execute
信息: MockWebServer[64108] starting to accept connections
八月 26, 2020 12:01:30 下午 okhttp3.mockwebserver.MockWebServer$2 acceptConnections
信息: MockWebServer[64108] done accepting connections: socket closed
八月 26, 2020 12:01:30 下午 okhttp3.mockwebserver.MockWebServer$2 execute
信息: MockWebServer[64131] starting to accept connections
八月 26, 2020 12:01:30 下午 okhttp3.mockwebserver.MockWebServer$3 processOneRequest
信息: MockWebServer[64131] received request: GET /methods/get HTTP/1.1 and responded: HTTP/1.1 200 OK
八月 26, 2020 12:01:30 下午 okhttp3.mockwebserver.MockWebServer$3 processOneRequest
信息: MockWebServer[64131] received request: HEAD /methods/head HTTP/1.1 and responded: HTTP/1.1 200 OK
八月 26, 2020 12:01:30 下午 okhttp3.mockwebserver.MockWebServer$3 processOneRequest
信息: MockWebServer[64131] received request: POST /methods/post HTTP/1.1 and responded: HTTP/1.1 200 OK
八月 26, 2020 12:01:30 下午 okhttp3.mockwebserver.MockWebServer$3 processOneRequest
信息: MockWebServer[64131] received request: PUT /methods/put HTTP/1.1 and responded: HTTP/1.1 200 OK
八月 26, 2020 12:01:30 下午 okhttp3.mockwebserver.MockWebServer$3 processOneRequest
信息: MockWebServer[64131] received request: OPTIONS /methods/options HTTP/1.1 and responded: HTTP/1.1 200 OK
八月 26, 2020 12:01:30 下午 okhttp3.mockwebserver.MockWebServer$3 processOneRequest
信息: MockWebServer[64131] received request: DELETE /methods/delete HTTP/1.1 and responded: HTTP/1.1 200 OK
八月 26, 2020 12:01:30 下午 okhttp3.mockwebserver.MockWebServer$3 processOneRequest
信息: MockWebServer[64131] received request: PATCH /methods/patch HTTP/1.1 and responded: HTTP/1.1 200 OK
八月 26, 2020 12:01:30 下午 okhttp3.mockwebserver.MockWebServer$2 acceptConnections
信息: MockWebServer[64131] done accepting connections: socket closed
八月 26, 2020 12:01:30 下午 okhttp3.mockwebserver.MockWebServer$2 execute
信息: MockWebServer[64153] starting to accept connections
八月 26, 2020 12:01:30 下午 okhttp3.mockwebserver.MockWebServer$2 acceptConnections
信息: MockWebServer[64153] done accepting connections: socket closed
八月 26, 2020 12:01:30 下午 okhttp3.mockwebserver.MockWebServer$2 execute
信息: MockWebServer[64168] starting to accept connections
八月 26, 2020 12:01:30 下午 okhttp3.mockwebserver.MockWebServer$3 processOneRequest
信息: MockWebServer[64168] received request: POST /echo HTTP/1.1 and responded: HTTP/1.1 200 OK
八月 26, 2020 12:01:30 下午 okhttp3.mockwebserver.MockWebServer$2 acceptConnections
信息: MockWebServer[64168] done accepting connections: socket closed
八月 26, 2020 12:01:30 下午 okhttp3.mockwebserver.MockWebServer$2 execute
信息: MockWebServer[64184] starting to accept connections
八月 26, 2020 12:01:30 下午 okhttp3.mockwebserver.MockWebServer$3 processOneRequest
信息: MockWebServer[64184] received request: GET /status/notfound HTTP/1.1 and responded: HTTP/1.1 404 Client Error
八月 26, 2020 12:01:30 下午 okhttp3.mockwebserver.MockWebServer$2 acceptConnections
信息: MockWebServer[64184] done accepting connections: socket closed
八月 26, 2020 12:01:30 下午 okhttp3.mockwebserver.MockWebServer$2 execute
信息: MockWebServer[64200] starting to accept connections
八月 26, 2020 12:01:30 下午 okhttp3.mockwebserver.MockWebServer$3 processOneRequest
信息: MockWebServer[64200] received request: PUT /echo HTTP/1.1 and responded: HTTP/1.1 200 OK
八月 26, 2020 12:01:30 下午 okhttp3.mockwebserver.MockWebServer$2 acceptConnections
信息: MockWebServer[64200] done accepting connections: socket closed
八月 26, 2020 12:01:30 下午 okhttp3.mockwebserver.MockWebServer$2 execute
信息: MockWebServer[64217] starting to accept connections
八月 26, 2020 12:01:30 下午 okhttp3.mockwebserver.MockWebServer$3 processOneRequest
信息: MockWebServer[64217] received request: GET /status/notfound HTTP/1.1 and responded: HTTP/1.1 404 Client Error
八月 26, 2020 12:01:30 下午 okhttp3.mockwebserver.MockWebServer$2 acceptConnections
信息: MockWebServer[64217] done accepting connections: socket closed
八月 26, 2020 12:01:30 下午 okhttp3.mockwebserver.MockWebServer$2 execute
信息: MockWebServer[64233] starting to accept connections
八月 26, 2020 12:01:30 下午 okhttp3.mockwebserver.MockWebServer$3 processOneRequest
信息: MockWebServer[64233] received request: POST /echo HTTP/1.1 and responded: HTTP/1.1 200 OK
八月 26, 2020 12:01:30 下午 okhttp3.mockwebserver.MockWebServer$2 acceptConnections
信息: MockWebServer[64233] done accepting connections: socket closed
]]></system-err>
</testsuite>
