<?xml version="1.0" encoding="UTF-8"?>
<testsuite name="org.springframework.web.server.session.InMemoryWebSessionStoreTests" tests="7" skipped="0" failures="0" errors="0" timestamp="2020-08-26T04:01:54" hostname="PC-20191023THJJ" time="0.026">
  <properties/>
  <testcase name="startsSessionExplicitly" classname="org.springframework.web.server.session.InMemoryWebSessionStoreTests" time="0.002"/>
  <testcase name="maxSessions" classname="org.springframework.web.server.session.InMemoryWebSessionStoreTests" time="0.023"/>
  <testcase name="sessionInvalidatedBeforeSave" classname="org.springframework.web.server.session.InMemoryWebSessionStoreTests" time="0.0"/>
  <testcase name="startsSessionImplicitly" classname="org.springframework.web.server.session.InMemoryWebSessionStoreTests" time="0.0"/>
  <testcase name="retrieveExpiredSession" classname="org.springframework.web.server.session.InMemoryWebSessionStoreTests" time="0.0"/>
  <testcase name="expirationCheckPeriod" classname="org.springframework.web.server.session.InMemoryWebSessionStoreTests" time="0.001"/>
  <testcase name="lastAccessTimeIsUpdatedOnRetrieve" classname="org.springframework.web.server.session.InMemoryWebSessionStoreTests" time="0.0"/>
  <system-out><![CDATA[]]></system-out>
  <system-err><![CDATA[]]></system-err>
</testsuite>
