<?xml version="1.0" encoding="UTF-8"?>
<testsuite name="org.springframework.http.client.BufferingClientHttpRequestFactoryTests" tests="7" skipped="0" failures="0" errors="0" timestamp="2020-08-26T04:01:30" hostname="PC-20191023THJJ" time="0.283">
  <properties/>
  <testcase name="repeatableRead" classname="org.springframework.http.client.BufferingClientHttpRequestFactoryTests" time="0.244"/>
  <testcase name="headersAfterExecute" classname="org.springframework.http.client.BufferingClientHttpRequestFactoryTests" time="0.008"/>
  <testcase name="status" classname="org.springframework.http.client.BufferingClientHttpRequestFactoryTests" time="0.004"/>
  <testcase name="echo" classname="org.springframework.http.client.BufferingClientHttpRequestFactoryTests" time="0.003"/>
  <testcase name="multipleWrites" classname="org.springframework.http.client.BufferingClientHttpRequestFactoryTests" time="0.004"/>
  <testcase name="queryParameters" classname="org.springframework.http.client.BufferingClientHttpRequestFactoryTests" time="0.005"/>
  <testcase name="httpMethods" classname="org.springframework.http.client.BufferingClientHttpRequestFactoryTests" time="0.015"/>
  <system-out><![CDATA[]]></system-out>
  <system-err><![CDATA[八月 26, 2020 12:01:30 下午 okhttp3.mockwebserver.MockWebServer$2 execute
信息: MockWebServer[64064] starting to accept connections
八月 26, 2020 12:01:30 下午 okhttp3.mockwebserver.MockWebServer$3 processOneRequest
信息: MockWebServer[64064] received request: PUT /echo HTTP/1.1 and responded: HTTP/1.1 200 OK
八月 26, 2020 12:01:30 下午 okhttp3.mockwebserver.MockWebServer$2 acceptConnections
信息: MockWebServer[64064] done accepting connections: socket closed
八月 26, 2020 12:01:30 下午 okhttp3.mockwebserver.MockWebServer$2 execute
信息: MockWebServer[64067] starting to accept connections
八月 26, 2020 12:01:30 下午 okhttp3.mockwebserver.MockWebServer$3 processOneRequest
信息: MockWebServer[64067] received request: POST /status/ok HTTP/1.1 and responded: HTTP/1.1 200 OK
八月 26, 2020 12:01:30 下午 okhttp3.mockwebserver.MockWebServer$2 acceptConnections
信息: MockWebServer[64067] done accepting connections: socket closed
八月 26, 2020 12:01:30 下午 okhttp3.mockwebserver.MockWebServer$2 execute
信息: MockWebServer[64069] starting to accept connections
八月 26, 2020 12:01:30 下午 okhttp3.mockwebserver.MockWebServer$3 processOneRequest
信息: MockWebServer[64069] received request: GET /status/notfound HTTP/1.1 and responded: HTTP/1.1 404 Client Error
八月 26, 2020 12:01:30 下午 okhttp3.mockwebserver.MockWebServer$2 acceptConnections
信息: MockWebServer[64069] done accepting connections: socket closed
八月 26, 2020 12:01:30 下午 okhttp3.mockwebserver.MockWebServer$2 execute
信息: MockWebServer[64071] starting to accept connections
八月 26, 2020 12:01:30 下午 okhttp3.mockwebserver.MockWebServer$3 processOneRequest
信息: MockWebServer[64071] received request: PUT /echo HTTP/1.1 and responded: HTTP/1.1 200 OK
八月 26, 2020 12:01:30 下午 okhttp3.mockwebserver.MockWebServer$2 acceptConnections
信息: MockWebServer[64071] done accepting connections: socket closed
八月 26, 2020 12:01:30 下午 okhttp3.mockwebserver.MockWebServer$2 execute
信息: MockWebServer[64073] starting to accept connections
八月 26, 2020 12:01:30 下午 okhttp3.mockwebserver.MockWebServer$3 processOneRequest
信息: MockWebServer[64073] received request: POST /echo HTTP/1.1 and responded: HTTP/1.1 200 OK
八月 26, 2020 12:01:30 下午 okhttp3.mockwebserver.MockWebServer$2 acceptConnections
信息: MockWebServer[64073] done accepting connections: socket closed
八月 26, 2020 12:01:30 下午 okhttp3.mockwebserver.MockWebServer$2 execute
信息: MockWebServer[64075] starting to accept connections
八月 26, 2020 12:01:30 下午 okhttp3.mockwebserver.MockWebServer$3 processOneRequest
信息: MockWebServer[64075] received request: GET /params?param1=value&param2=value1&param2=value2 HTTP/1.1 and responded: HTTP/1.1 200 OK
八月 26, 2020 12:01:30 下午 okhttp3.mockwebserver.MockWebServer$2 acceptConnections
信息: MockWebServer[64075] done accepting connections: socket closed
八月 26, 2020 12:01:30 下午 okhttp3.mockwebserver.MockWebServer$2 execute
信息: MockWebServer[64077] starting to accept connections
八月 26, 2020 12:01:30 下午 okhttp3.mockwebserver.MockWebServer$3 processOneRequest
信息: MockWebServer[64077] received request: GET /methods/get HTTP/1.1 and responded: HTTP/1.1 200 OK
八月 26, 2020 12:01:30 下午 okhttp3.mockwebserver.MockWebServer$3 processOneRequest
信息: MockWebServer[64077] received request: HEAD /methods/head HTTP/1.1 and responded: HTTP/1.1 200 OK
八月 26, 2020 12:01:30 下午 okhttp3.mockwebserver.MockWebServer$3 processOneRequest
信息: MockWebServer[64077] received request: POST /methods/post HTTP/1.1 and responded: HTTP/1.1 200 OK
八月 26, 2020 12:01:30 下午 okhttp3.mockwebserver.MockWebServer$3 processOneRequest
信息: MockWebServer[64077] received request: PUT /methods/put HTTP/1.1 and responded: HTTP/1.1 200 OK
八月 26, 2020 12:01:30 下午 okhttp3.mockwebserver.MockWebServer$3 processOneRequest
信息: MockWebServer[64077] received request: OPTIONS /methods/options HTTP/1.1 and responded: HTTP/1.1 200 OK
八月 26, 2020 12:01:30 下午 okhttp3.mockwebserver.MockWebServer$3 processOneRequest
信息: MockWebServer[64077] received request: DELETE /methods/delete HTTP/1.1 and responded: HTTP/1.1 200 OK
八月 26, 2020 12:01:30 下午 okhttp3.mockwebserver.MockWebServer$2 acceptConnections
信息: MockWebServer[64077] done accepting connections: socket closed
]]></system-err>
</testsuite>
