<?xml version="1.0" encoding="UTF-8"?>
<testsuite name="org.springframework.http.client.Netty4ClientHttpRequestFactoryTests" tests="6" skipped="0" failures="0" errors="0" timestamp="2020-08-26T04:01:34" hostname="PC-20191023THJJ" time="0.06">
  <properties/>
  <testcase name="httpMethods" classname="org.springframework.http.client.Netty4ClientHttpRequestFactoryTests" time="0.038"/>
  <testcase name="headersAfterExecute" classname="org.springframework.http.client.Netty4ClientHttpRequestFactoryTests" time="0.004"/>
  <testcase name="status" classname="org.springframework.http.client.Netty4ClientHttpRequestFactoryTests" time="0.004"/>
  <testcase name="echo" classname="org.springframework.http.client.Netty4ClientHttpRequestFactoryTests" time="0.004"/>
  <testcase name="multipleWrites" classname="org.springframework.http.client.Netty4ClientHttpRequestFactoryTests" time="0.004"/>
  <testcase name="queryParameters" classname="org.springframework.http.client.Netty4ClientHttpRequestFactoryTests" time="0.005"/>
  <system-out><![CDATA[]]></system-out>
  <system-err><![CDATA[八月 26, 2020 12:01:34 下午 okhttp3.mockwebserver.MockWebServer$2 execute
信息: MockWebServer[64348] starting to accept connections
八月 26, 2020 12:01:34 下午 okhttp3.mockwebserver.MockWebServer$3 processOneRequest
信息: MockWebServer[64348] received request: GET /methods/get HTTP/1.1 and responded: HTTP/1.1 200 OK
八月 26, 2020 12:01:34 下午 okhttp3.mockwebserver.MockWebServer$3 processOneRequest
信息: MockWebServer[64348] received request: HEAD /methods/head HTTP/1.1 and responded: HTTP/1.1 200 OK
八月 26, 2020 12:01:34 下午 okhttp3.mockwebserver.MockWebServer$3 processOneRequest
信息: MockWebServer[64348] received request: POST /methods/post HTTP/1.1 and responded: HTTP/1.1 200 OK
八月 26, 2020 12:01:34 下午 okhttp3.mockwebserver.MockWebServer$3 processOneRequest
信息: MockWebServer[64348] received request: PUT /methods/put HTTP/1.1 and responded: HTTP/1.1 200 OK
八月 26, 2020 12:01:34 下午 okhttp3.mockwebserver.MockWebServer$3 processOneRequest
信息: MockWebServer[64348] received request: OPTIONS /methods/options HTTP/1.1 and responded: HTTP/1.1 200 OK
八月 26, 2020 12:01:34 下午 okhttp3.mockwebserver.MockWebServer$3 processOneRequest
信息: MockWebServer[64348] received request: DELETE /methods/delete HTTP/1.1 and responded: HTTP/1.1 200 OK
八月 26, 2020 12:01:34 下午 okhttp3.mockwebserver.MockWebServer$3 processOneRequest
信息: MockWebServer[64348] received request: PATCH /methods/patch HTTP/1.1 and responded: HTTP/1.1 200 OK
八月 26, 2020 12:01:34 下午 okhttp3.mockwebserver.MockWebServer$2 acceptConnections
信息: MockWebServer[64348] done accepting connections: socket closed
八月 26, 2020 12:01:34 下午 okhttp3.mockwebserver.MockWebServer$2 execute
信息: MockWebServer[64356] starting to accept connections
八月 26, 2020 12:01:34 下午 okhttp3.mockwebserver.MockWebServer$3 processOneRequest
信息: MockWebServer[64356] received request: POST /status/ok HTTP/1.1 and responded: HTTP/1.1 200 OK
八月 26, 2020 12:01:34 下午 okhttp3.mockwebserver.MockWebServer$2 acceptConnections
信息: MockWebServer[64356] done accepting connections: socket closed
八月 26, 2020 12:01:34 下午 okhttp3.mockwebserver.MockWebServer$2 execute
信息: MockWebServer[64358] starting to accept connections
八月 26, 2020 12:01:34 下午 okhttp3.mockwebserver.MockWebServer$3 processOneRequest
信息: MockWebServer[64358] received request: GET /status/notfound HTTP/1.1 and responded: HTTP/1.1 404 Client Error
八月 26, 2020 12:01:34 下午 okhttp3.mockwebserver.MockWebServer$2 acceptConnections
信息: MockWebServer[64358] done accepting connections: socket closed
八月 26, 2020 12:01:34 下午 okhttp3.mockwebserver.MockWebServer$2 execute
信息: MockWebServer[64360] starting to accept connections
八月 26, 2020 12:01:34 下午 okhttp3.mockwebserver.MockWebServer$3 processOneRequest
信息: MockWebServer[64360] received request: PUT /echo HTTP/1.1 and responded: HTTP/1.1 200 OK
八月 26, 2020 12:01:34 下午 okhttp3.mockwebserver.MockWebServer$2 acceptConnections
信息: MockWebServer[64360] done accepting connections: socket closed
八月 26, 2020 12:01:34 下午 okhttp3.mockwebserver.MockWebServer$2 execute
信息: MockWebServer[64362] starting to accept connections
八月 26, 2020 12:01:34 下午 okhttp3.mockwebserver.MockWebServer$3 processOneRequest
信息: MockWebServer[64362] received request: POST /echo HTTP/1.1 and responded: HTTP/1.1 200 OK
八月 26, 2020 12:01:34 下午 okhttp3.mockwebserver.MockWebServer$2 acceptConnections
信息: MockWebServer[64362] done accepting connections: socket closed
八月 26, 2020 12:01:34 下午 okhttp3.mockwebserver.MockWebServer$2 execute
信息: MockWebServer[64364] starting to accept connections
八月 26, 2020 12:01:34 下午 okhttp3.mockwebserver.MockWebServer$3 processOneRequest
信息: MockWebServer[64364] received request: GET /params?param1=value&param2=value1&param2=value2 HTTP/1.1 and responded: HTTP/1.1 200 OK
八月 26, 2020 12:01:34 下午 okhttp3.mockwebserver.MockWebServer$2 acceptConnections
信息: MockWebServer[64364] done accepting connections: socket closed
]]></system-err>
</testsuite>
