<?xml version="1.0" encoding="UTF-8"?>
<testsuite name="org.springframework.web.method.annotation.InitBinderDataBinderFactoryTests" tests="7" skipped="0" failures="0" errors="0" timestamp="2020-08-26T04:01:54" hostname="PC-20191023THJJ" time="0.086">
  <properties/>
  <testcase name="createBinderNullAttrName" classname="org.springframework.web.method.annotation.InitBinderDataBinderFactoryTests" time="0.005"/>
  <testcase name="createBinderWithAttrNameNoMatch" classname="org.springframework.web.method.annotation.InitBinderDataBinderFactoryTests" time="0.0"/>
  <testcase name="createBinderWithGlobalInitialization" classname="org.springframework.web.method.annotation.InitBinderDataBinderFactoryTests" time="0.074"/>
  <testcase name="createBinderTypeConversion" classname="org.springframework.web.method.annotation.InitBinderDataBinderFactoryTests" time="0.007"/>
  <testcase name="returnValueNotExpected" classname="org.springframework.web.method.annotation.InitBinderDataBinderFactoryTests" time="0.0"/>
  <testcase name="createBinder" classname="org.springframework.web.method.annotation.InitBinderDataBinderFactoryTests" time="0.0"/>
  <testcase name="createBinderWithAttrName" classname="org.springframework.web.method.annotation.InitBinderDataBinderFactoryTests" time="0.0"/>
  <system-out><![CDATA[]]></system-out>
  <system-err><![CDATA[]]></system-err>
</testsuite>
