<?xml version="1.0" encoding="UTF-8"?>
<testsuite name="org.springframework.http.server.reactive.ListenerReadPublisherTests" tests="1" skipped="0" failures="0" errors="0" timestamp="2020-08-26T04:01:45" hostname="PC-20191023THJJ" time="0.018">
  <properties/>
  <testcase name="testReceiveTwoRequestCallsWhenOnSubscribe" classname="org.springframework.http.server.reactive.ListenerReadPublisherTests" time="0.018"/>
  <system-out><![CDATA[]]></system-out>
  <system-err><![CDATA[]]></system-err>
</testsuite>
