<?xml version="1.0" encoding="UTF-8"?>
<testsuite name="org.springframework.web.util.HtmlCharacterEntityReferencesTests" tests="2" skipped="0" failures="0" errors="0" timestamp="2020-08-26T04:01:55" hostname="PC-20191023THJJ" time="0.007">
  <properties/>
  <testcase name="testSupportsAllCharacterEntityReferencesDefinedByHtml" classname="org.springframework.web.util.HtmlCharacterEntityReferencesTests" time="0.006"/>
  <testcase name="testConvertToReferenceUTF8" classname="org.springframework.web.util.HtmlCharacterEntityReferencesTests" time="0.001"/>
  <system-out><![CDATA[]]></system-out>
  <system-err><![CDATA[]]></system-err>
</testsuite>
