<?xml version="1.0" encoding="UTF-8"?>
<testsuite name="org.springframework.web.method.annotation.RequestParamMethodArgumentResolverTests" tests="34" skipped="0" failures="0" errors="0" timestamp="2020-08-26T04:01:54" hostname="PC-20191023THJJ" time="0.096">
  <properties/>
  <testcase name="resolveEmptyValueWithoutDefault" classname="org.springframework.web.method.annotation.RequestParamMethodArgumentResolverTests" time="0.004"/>
  <testcase name="resolveOptionalParamList" classname="org.springframework.web.method.annotation.RequestParamMethodArgumentResolverTests" time="0.002"/>
  <testcase name="missingOptionalParamArray" classname="org.springframework.web.method.annotation.RequestParamMethodArgumentResolverTests" time="0.002"/>
  <testcase name="missingOptionalParamValue" classname="org.springframework.web.method.annotation.RequestParamMethodArgumentResolverTests" time="0.002"/>
  <testcase name="missingRequestParamEmptyValueNotRequired" classname="org.springframework.web.method.annotation.RequestParamMethodArgumentResolverTests" time="0.003"/>
  <testcase name="resolveMultipartFileNotAnnot" classname="org.springframework.web.method.annotation.RequestParamMethodArgumentResolverTests" time="0.002"/>
  <testcase name="resolveSimpleTypeParam" classname="org.springframework.web.method.annotation.RequestParamMethodArgumentResolverTests" time="0.002"/>
  <testcase name="resolveOptionalMultipartFile" classname="org.springframework.web.method.annotation.RequestParamMethodArgumentResolverTests" time="0.002"/>
  <testcase name="isMultipartRequest" classname="org.springframework.web.method.annotation.RequestParamMethodArgumentResolverTests" time="0.001"/>
  <testcase name="missingOptionalMultipartFile" classname="org.springframework.web.method.annotation.RequestParamMethodArgumentResolverTests" time="0.004"/>
  <testcase name="resolveEmptyValueToDefault" classname="org.springframework.web.method.annotation.RequestParamMethodArgumentResolverTests" time="0.002"/>
  <testcase name="resolvePartList" classname="org.springframework.web.method.annotation.RequestParamMethodArgumentResolverTests" time="0.002"/>
  <testcase name="resolveOptionalParamArray" classname="org.springframework.web.method.annotation.RequestParamMethodArgumentResolverTests" time="0.002"/>
  <testcase name="resolveOptionalParamValue" classname="org.springframework.web.method.annotation.RequestParamMethodArgumentResolverTests" time="0.003"/>
  <testcase name="resolveString" classname="org.springframework.web.method.annotation.RequestParamMethodArgumentResolverTests" time="0.002"/>
  <testcase name="resolveStringArray" classname="org.springframework.web.method.annotation.RequestParamMethodArgumentResolverTests" time="0.002"/>
  <testcase name="missingRequestParam" classname="org.springframework.web.method.annotation.RequestParamMethodArgumentResolverTests" time="0.002"/>
  <testcase name="resolveEmptyValueRequiredWithoutDefault" classname="org.springframework.web.method.annotation.RequestParamMethodArgumentResolverTests" time="0.001"/>
  <testcase name="optionalMultipartFileWithoutMultipartRequest" classname="org.springframework.web.method.annotation.RequestParamMethodArgumentResolverTests" time="0.001"/>
  <testcase name="resolvePartArray" classname="org.springframework.web.method.annotation.RequestParamMethodArgumentResolverTests" time="0.001"/>
  <testcase name="resolveMultipartFileArray" classname="org.springframework.web.method.annotation.RequestParamMethodArgumentResolverTests" time="0.001"/>
  <testcase name="resolveMultipartFile" classname="org.springframework.web.method.annotation.RequestParamMethodArgumentResolverTests" time="0.001"/>
  <testcase name="resolveMultipartFileListNotannot" classname="org.springframework.web.method.annotation.RequestParamMethodArgumentResolverTests" time="0.001"/>
  <testcase name="resolveDefaultValue" classname="org.springframework.web.method.annotation.RequestParamMethodArgumentResolverTests" time="0.002"/>
  <testcase name="isMultipartRequestHttpPut" classname="org.springframework.web.method.annotation.RequestParamMethodArgumentResolverTests" time="0.001"/>
  <testcase name="noMultipartContent" classname="org.springframework.web.method.annotation.RequestParamMethodArgumentResolverTests" time="0.001"/>
  <testcase name="missingOptionalParamList" classname="org.springframework.web.method.annotation.RequestParamMethodArgumentResolverTests" time="0.002"/>
  <testcase name="missingMultipartFile" classname="org.springframework.web.method.annotation.RequestParamMethodArgumentResolverTests" time="0.002"/>
  <testcase name="supportsParameter" classname="org.springframework.web.method.annotation.RequestParamMethodArgumentResolverTests" time="0.03"/>
  <testcase name="missingRequestParamEmptyValueConvertedToNull" classname="org.springframework.web.method.annotation.RequestParamMethodArgumentResolverTests" time="0.002"/>
  <testcase name="resolvePart" classname="org.springframework.web.method.annotation.RequestParamMethodArgumentResolverTests" time="0.002"/>
  <testcase name="resolvePartNotAnnot" classname="org.springframework.web.method.annotation.RequestParamMethodArgumentResolverTests" time="0.001"/>
  <testcase name="resolveSimpleTypeParamToNull" classname="org.springframework.web.method.annotation.RequestParamMethodArgumentResolverTests" time="0.001"/>
  <testcase name="resolveMultipartFileList" classname="org.springframework.web.method.annotation.RequestParamMethodArgumentResolverTests" time="0.002"/>
  <system-out><![CDATA[]]></system-out>
  <system-err><![CDATA[]]></system-err>
</testsuite>
