<?xml version="1.0" encoding="UTF-8"?>
<testsuite name="org.springframework.web.context.request.RequestScopedProxyTests" tests="6" skipped="0" failures="0" errors="0" timestamp="2020-08-26T04:01:53" hostname="PC-20191023THJJ" time="0.282">
  <properties/>
  <testcase name="testGetAnonymousInnerBeanFromScope" classname="org.springframework.web.context.request.RequestScopedProxyTests" time="0.178"/>
  <testcase name="testGetInnerBeanFromScope" classname="org.springframework.web.context.request.RequestScopedProxyTests" time="0.022"/>
  <testcase name="testGetFromFactoryBeanInScope" classname="org.springframework.web.context.request.RequestScopedProxyTests" time="0.02"/>
  <testcase name="testGetFromScopeThroughDynamicProxy" classname="org.springframework.web.context.request.RequestScopedProxyTests" time="0.018"/>
  <testcase name="testGetFromScope" classname="org.springframework.web.context.request.RequestScopedProxyTests" time="0.018"/>
  <testcase name="testDestructionAtRequestCompletion" classname="org.springframework.web.context.request.RequestScopedProxyTests" time="0.026"/>
  <system-out><![CDATA[]]></system-out>
  <system-err><![CDATA[]]></system-err>
</testsuite>
