<?xml version="1.0" encoding="UTF-8"?>
<testsuite name="org.springframework.http.client.NoOutputStreamingStreamingSimpleHttpRequestFactoryTests" tests="6" skipped="0" failures="0" errors="0" timestamp="2020-08-26T04:01:36" hostname="PC-20191023THJJ" time="0.019">
  <properties/>
  <testcase name="headersAfterExecute" classname="org.springframework.http.client.NoOutputStreamingStreamingSimpleHttpRequestFactoryTests" time="0.003"/>
  <testcase name="status" classname="org.springframework.http.client.NoOutputStreamingStreamingSimpleHttpRequestFactoryTests" time="0.002"/>
  <testcase name="echo" classname="org.springframework.http.client.NoOutputStreamingStreamingSimpleHttpRequestFactoryTests" time="0.002"/>
  <testcase name="multipleWrites" classname="org.springframework.http.client.NoOutputStreamingStreamingSimpleHttpRequestFactoryTests" time="0.001"/>
  <testcase name="queryParameters" classname="org.springframework.http.client.NoOutputStreamingStreamingSimpleHttpRequestFactoryTests" time="0.002"/>
  <testcase name="httpMethods" classname="org.springframework.http.client.NoOutputStreamingStreamingSimpleHttpRequestFactoryTests" time="0.009"/>
  <system-out><![CDATA[]]></system-out>
  <system-err><![CDATA[八月 26, 2020 12:01:36 下午 okhttp3.mockwebserver.MockWebServer$2 execute
信息: MockWebServer[64380] starting to accept connections
八月 26, 2020 12:01:36 下午 okhttp3.mockwebserver.MockWebServer$3 processOneRequest
信息: MockWebServer[64380] received request: POST /status/ok HTTP/1.1 and responded: HTTP/1.1 200 OK
八月 26, 2020 12:01:36 下午 okhttp3.mockwebserver.MockWebServer$2 acceptConnections
信息: MockWebServer[64380] done accepting connections: socket closed
八月 26, 2020 12:01:36 下午 okhttp3.mockwebserver.MockWebServer$2 execute
信息: MockWebServer[64382] starting to accept connections
八月 26, 2020 12:01:36 下午 okhttp3.mockwebserver.MockWebServer$3 processOneRequest
信息: MockWebServer[64382] received request: GET /status/notfound HTTP/1.1 and responded: HTTP/1.1 404 Client Error
八月 26, 2020 12:01:36 下午 okhttp3.mockwebserver.MockWebServer$2 acceptConnections
信息: MockWebServer[64382] done accepting connections: socket closed
八月 26, 2020 12:01:36 下午 okhttp3.mockwebserver.MockWebServer$2 execute
信息: MockWebServer[64384] starting to accept connections
八月 26, 2020 12:01:36 下午 okhttp3.mockwebserver.MockWebServer$3 processOneRequest
信息: MockWebServer[64384] received request: PUT /echo HTTP/1.1 and responded: HTTP/1.1 200 OK
八月 26, 2020 12:01:36 下午 okhttp3.mockwebserver.MockWebServer$2 acceptConnections
信息: MockWebServer[64384] done accepting connections: socket closed
八月 26, 2020 12:01:36 下午 okhttp3.mockwebserver.MockWebServer$2 execute
信息: MockWebServer[64386] starting to accept connections
八月 26, 2020 12:01:36 下午 okhttp3.mockwebserver.MockWebServer$2 acceptConnections
信息: MockWebServer[64386] done accepting connections: Socket is closed
八月 26, 2020 12:01:36 下午 okhttp3.mockwebserver.MockWebServer$2 execute
信息: MockWebServer[64388] starting to accept connections
八月 26, 2020 12:01:36 下午 okhttp3.mockwebserver.MockWebServer$3 processOneRequest
信息: MockWebServer[64388] received request: GET /params?param1=value&param2=value1&param2=value2 HTTP/1.1 and responded: HTTP/1.1 200 OK
八月 26, 2020 12:01:36 下午 okhttp3.mockwebserver.MockWebServer$2 acceptConnections
信息: MockWebServer[64388] done accepting connections: socket closed
八月 26, 2020 12:01:36 下午 okhttp3.mockwebserver.MockWebServer$2 execute
信息: MockWebServer[64390] starting to accept connections
八月 26, 2020 12:01:36 下午 okhttp3.mockwebserver.MockWebServer$3 processOneRequest
信息: MockWebServer[64390] received request: GET /methods/get HTTP/1.1 and responded: HTTP/1.1 200 OK
八月 26, 2020 12:01:36 下午 okhttp3.mockwebserver.MockWebServer$3 processOneRequest
信息: MockWebServer[64390] received request: HEAD /methods/head HTTP/1.1 and responded: HTTP/1.1 200 OK
八月 26, 2020 12:01:36 下午 okhttp3.mockwebserver.MockWebServer$3 processOneRequest
信息: MockWebServer[64390] received request: POST /methods/post HTTP/1.1 and responded: HTTP/1.1 200 OK
八月 26, 2020 12:01:36 下午 okhttp3.mockwebserver.MockWebServer$3 processOneRequest
信息: MockWebServer[64390] received request: PUT /methods/put HTTP/1.1 and responded: HTTP/1.1 200 OK
八月 26, 2020 12:01:36 下午 okhttp3.mockwebserver.MockWebServer$3 processOneRequest
信息: MockWebServer[64390] received request: OPTIONS /methods/options HTTP/1.1 and responded: HTTP/1.1 200 OK
八月 26, 2020 12:01:36 下午 okhttp3.mockwebserver.MockWebServer$3 processOneRequest
信息: MockWebServer[64390] received request: DELETE /methods/delete HTTP/1.1 and responded: HTTP/1.1 200 OK
八月 26, 2020 12:01:36 下午 okhttp3.mockwebserver.MockWebServer$2 acceptConnections
信息: MockWebServer[64390] done accepting connections: socket closed
]]></system-err>
</testsuite>
