<?xml version="1.0" encoding="UTF-8"?>
<testsuite name="org.springframework.http.client.NoOutputStreamingBufferedSimpleHttpRequestFactoryTests" tests="6" skipped="0" failures="0" errors="0" timestamp="2020-08-26T04:01:36" hostname="PC-20191023THJJ" time="0.012">
  <properties/>
  <testcase name="headersAfterExecute" classname="org.springframework.http.client.NoOutputStreamingBufferedSimpleHttpRequestFactoryTests" time="0.002"/>
  <testcase name="status" classname="org.springframework.http.client.NoOutputStreamingBufferedSimpleHttpRequestFactoryTests" time="0.001"/>
  <testcase name="echo" classname="org.springframework.http.client.NoOutputStreamingBufferedSimpleHttpRequestFactoryTests" time="0.002"/>
  <testcase name="multipleWrites" classname="org.springframework.http.client.NoOutputStreamingBufferedSimpleHttpRequestFactoryTests" time="0.001"/>
  <testcase name="queryParameters" classname="org.springframework.http.client.NoOutputStreamingBufferedSimpleHttpRequestFactoryTests" time="0.001"/>
  <testcase name="httpMethods" classname="org.springframework.http.client.NoOutputStreamingBufferedSimpleHttpRequestFactoryTests" time="0.004"/>
  <system-out><![CDATA[]]></system-out>
  <system-err><![CDATA[八月 26, 2020 12:01:36 下午 okhttp3.mockwebserver.MockWebServer$2 execute
信息: MockWebServer[64368] starting to accept connections
八月 26, 2020 12:01:36 下午 okhttp3.mockwebserver.MockWebServer$3 processOneRequest
信息: MockWebServer[64368] received request: POST /status/ok HTTP/1.1 and responded: HTTP/1.1 200 OK
八月 26, 2020 12:01:36 下午 okhttp3.mockwebserver.MockWebServer$2 acceptConnections
信息: MockWebServer[64368] done accepting connections: socket closed
八月 26, 2020 12:01:36 下午 okhttp3.mockwebserver.MockWebServer$2 execute
信息: MockWebServer[64370] starting to accept connections
八月 26, 2020 12:01:36 下午 okhttp3.mockwebserver.MockWebServer$3 processOneRequest
信息: MockWebServer[64370] received request: GET /status/notfound HTTP/1.1 and responded: HTTP/1.1 404 Client Error
八月 26, 2020 12:01:36 下午 okhttp3.mockwebserver.MockWebServer$2 acceptConnections
信息: MockWebServer[64370] done accepting connections: socket closed
八月 26, 2020 12:01:36 下午 okhttp3.mockwebserver.MockWebServer$2 execute
信息: MockWebServer[64372] starting to accept connections
八月 26, 2020 12:01:36 下午 okhttp3.mockwebserver.MockWebServer$3 processOneRequest
信息: MockWebServer[64372] received request: PUT /echo HTTP/1.1 and responded: HTTP/1.1 200 OK
八月 26, 2020 12:01:36 下午 okhttp3.mockwebserver.MockWebServer$2 acceptConnections
信息: MockWebServer[64372] done accepting connections: socket closed
八月 26, 2020 12:01:36 下午 okhttp3.mockwebserver.MockWebServer$2 execute
信息: MockWebServer[64374] starting to accept connections
八月 26, 2020 12:01:36 下午 okhttp3.mockwebserver.MockWebServer$2 acceptConnections
信息: MockWebServer[64374] done accepting connections: Socket is closed
八月 26, 2020 12:01:36 下午 okhttp3.mockwebserver.MockWebServer$2 execute
信息: MockWebServer[64376] starting to accept connections
八月 26, 2020 12:01:36 下午 okhttp3.mockwebserver.MockWebServer$3 processOneRequest
信息: MockWebServer[64376] received request: GET /params?param1=value&param2=value1&param2=value2 HTTP/1.1 and responded: HTTP/1.1 200 OK
八月 26, 2020 12:01:36 下午 okhttp3.mockwebserver.MockWebServer$2 acceptConnections
信息: MockWebServer[64376] done accepting connections: socket closed
八月 26, 2020 12:01:36 下午 okhttp3.mockwebserver.MockWebServer$2 execute
信息: MockWebServer[64378] starting to accept connections
八月 26, 2020 12:01:36 下午 okhttp3.mockwebserver.MockWebServer$3 processOneRequest
信息: MockWebServer[64378] received request: GET /methods/get HTTP/1.1 and responded: HTTP/1.1 200 OK
八月 26, 2020 12:01:36 下午 okhttp3.mockwebserver.MockWebServer$3 processOneRequest
信息: MockWebServer[64378] received request: HEAD /methods/head HTTP/1.1 and responded: HTTP/1.1 200 OK
八月 26, 2020 12:01:36 下午 okhttp3.mockwebserver.MockWebServer$3 processOneRequest
信息: MockWebServer[64378] received request: POST /methods/post HTTP/1.1 and responded: HTTP/1.1 200 OK
八月 26, 2020 12:01:36 下午 okhttp3.mockwebserver.MockWebServer$3 processOneRequest
信息: MockWebServer[64378] received request: PUT /methods/put HTTP/1.1 and responded: HTTP/1.1 200 OK
八月 26, 2020 12:01:36 下午 okhttp3.mockwebserver.MockWebServer$3 processOneRequest
信息: MockWebServer[64378] received request: OPTIONS /methods/options HTTP/1.1 and responded: HTTP/1.1 200 OK
八月 26, 2020 12:01:36 下午 okhttp3.mockwebserver.MockWebServer$3 processOneRequest
信息: MockWebServer[64378] received request: DELETE /methods/delete HTTP/1.1 and responded: HTTP/1.1 200 OK
八月 26, 2020 12:01:36 下午 okhttp3.mockwebserver.MockWebServer$2 acceptConnections
信息: MockWebServer[64378] done accepting connections: socket closed
]]></system-err>
</testsuite>
