<?xml version="1.0" encoding="UTF-8"?>
<testsuite name="org.springframework.web.client.DefaultResponseErrorHandlerHttpStatusTests" tests="32" skipped="0" failures="0" errors="0" timestamp="2020-08-26T04:01:51" hostname="PC-20191023THJJ" time="0.006">
  <properties/>
  <testcase name="hasErrorTrue[error: [400 BAD_REQUEST], exception: [class org.springframework.web.client.HttpClientErrorException$BadRequest]]" classname="org.springframework.web.client.DefaultResponseErrorHandlerHttpStatusTests" time="0.0"/>
  <testcase name="handleErrorIOException[error: [400 BAD_REQUEST], exception: [class org.springframework.web.client.HttpClientErrorException$BadRequest]]" classname="org.springframework.web.client.DefaultResponseErrorHandlerHttpStatusTests" time="0.0"/>
  <testcase name="hasErrorTrue[error: [401 UNAUTHORIZED], exception: [class org.springframework.web.client.HttpClientErrorException$Unauthorized]]" classname="org.springframework.web.client.DefaultResponseErrorHandlerHttpStatusTests" time="0.0"/>
  <testcase name="handleErrorIOException[error: [401 UNAUTHORIZED], exception: [class org.springframework.web.client.HttpClientErrorException$Unauthorized]]" classname="org.springframework.web.client.DefaultResponseErrorHandlerHttpStatusTests" time="0.0"/>
  <testcase name="hasErrorTrue[error: [403 FORBIDDEN], exception: [class org.springframework.web.client.HttpClientErrorException$Forbidden]]" classname="org.springframework.web.client.DefaultResponseErrorHandlerHttpStatusTests" time="0.0"/>
  <testcase name="handleErrorIOException[error: [403 FORBIDDEN], exception: [class org.springframework.web.client.HttpClientErrorException$Forbidden]]" classname="org.springframework.web.client.DefaultResponseErrorHandlerHttpStatusTests" time="0.0"/>
  <testcase name="hasErrorTrue[error: [404 NOT_FOUND], exception: [class org.springframework.web.client.HttpClientErrorException$NotFound]]" classname="org.springframework.web.client.DefaultResponseErrorHandlerHttpStatusTests" time="0.0"/>
  <testcase name="handleErrorIOException[error: [404 NOT_FOUND], exception: [class org.springframework.web.client.HttpClientErrorException$NotFound]]" classname="org.springframework.web.client.DefaultResponseErrorHandlerHttpStatusTests" time="0.0"/>
  <testcase name="hasErrorTrue[error: [405 METHOD_NOT_ALLOWED], exception: [class org.springframework.web.client.HttpClientErrorException$MethodNotAllowed]]" classname="org.springframework.web.client.DefaultResponseErrorHandlerHttpStatusTests" time="0.0"/>
  <testcase name="handleErrorIOException[error: [405 METHOD_NOT_ALLOWED], exception: [class org.springframework.web.client.HttpClientErrorException$MethodNotAllowed]]" classname="org.springframework.web.client.DefaultResponseErrorHandlerHttpStatusTests" time="0.001"/>
  <testcase name="hasErrorTrue[error: [406 NOT_ACCEPTABLE], exception: [class org.springframework.web.client.HttpClientErrorException$NotAcceptable]]" classname="org.springframework.web.client.DefaultResponseErrorHandlerHttpStatusTests" time="0.0"/>
  <testcase name="handleErrorIOException[error: [406 NOT_ACCEPTABLE], exception: [class org.springframework.web.client.HttpClientErrorException$NotAcceptable]]" classname="org.springframework.web.client.DefaultResponseErrorHandlerHttpStatusTests" time="0.0"/>
  <testcase name="hasErrorTrue[error: [409 CONFLICT], exception: [class org.springframework.web.client.HttpClientErrorException$Conflict]]" classname="org.springframework.web.client.DefaultResponseErrorHandlerHttpStatusTests" time="0.0"/>
  <testcase name="handleErrorIOException[error: [409 CONFLICT], exception: [class org.springframework.web.client.HttpClientErrorException$Conflict]]" classname="org.springframework.web.client.DefaultResponseErrorHandlerHttpStatusTests" time="0.0"/>
  <testcase name="hasErrorTrue[error: [429 TOO_MANY_REQUESTS], exception: [class org.springframework.web.client.HttpClientErrorException$TooManyRequests]]" classname="org.springframework.web.client.DefaultResponseErrorHandlerHttpStatusTests" time="0.0"/>
  <testcase name="handleErrorIOException[error: [429 TOO_MANY_REQUESTS], exception: [class org.springframework.web.client.HttpClientErrorException$TooManyRequests]]" classname="org.springframework.web.client.DefaultResponseErrorHandlerHttpStatusTests" time="0.0"/>
  <testcase name="hasErrorTrue[error: [422 UNPROCESSABLE_ENTITY], exception: [class org.springframework.web.client.HttpClientErrorException$UnprocessableEntity]]" classname="org.springframework.web.client.DefaultResponseErrorHandlerHttpStatusTests" time="0.0"/>
  <testcase name="handleErrorIOException[error: [422 UNPROCESSABLE_ENTITY], exception: [class org.springframework.web.client.HttpClientErrorException$UnprocessableEntity]]" classname="org.springframework.web.client.DefaultResponseErrorHandlerHttpStatusTests" time="0.0"/>
  <testcase name="hasErrorTrue[error: [418 I_AM_A_TEAPOT], exception: [class org.springframework.web.client.HttpClientErrorException]]" classname="org.springframework.web.client.DefaultResponseErrorHandlerHttpStatusTests" time="0.0"/>
  <testcase name="handleErrorIOException[error: [418 I_AM_A_TEAPOT], exception: [class org.springframework.web.client.HttpClientErrorException]]" classname="org.springframework.web.client.DefaultResponseErrorHandlerHttpStatusTests" time="0.0"/>
  <testcase name="hasErrorTrue[error: [500 INTERNAL_SERVER_ERROR], exception: [class org.springframework.web.client.HttpServerErrorException$InternalServerError]]" classname="org.springframework.web.client.DefaultResponseErrorHandlerHttpStatusTests" time="0.0"/>
  <testcase name="handleErrorIOException[error: [500 INTERNAL_SERVER_ERROR], exception: [class org.springframework.web.client.HttpServerErrorException$InternalServerError]]" classname="org.springframework.web.client.DefaultResponseErrorHandlerHttpStatusTests" time="0.0"/>
  <testcase name="hasErrorTrue[error: [501 NOT_IMPLEMENTED], exception: [class org.springframework.web.client.HttpServerErrorException$NotImplemented]]" classname="org.springframework.web.client.DefaultResponseErrorHandlerHttpStatusTests" time="0.001"/>
  <testcase name="handleErrorIOException[error: [501 NOT_IMPLEMENTED], exception: [class org.springframework.web.client.HttpServerErrorException$NotImplemented]]" classname="org.springframework.web.client.DefaultResponseErrorHandlerHttpStatusTests" time="0.0"/>
  <testcase name="hasErrorTrue[error: [502 BAD_GATEWAY], exception: [class org.springframework.web.client.HttpServerErrorException$BadGateway]]" classname="org.springframework.web.client.DefaultResponseErrorHandlerHttpStatusTests" time="0.0"/>
  <testcase name="handleErrorIOException[error: [502 BAD_GATEWAY], exception: [class org.springframework.web.client.HttpServerErrorException$BadGateway]]" classname="org.springframework.web.client.DefaultResponseErrorHandlerHttpStatusTests" time="0.0"/>
  <testcase name="hasErrorTrue[error: [503 SERVICE_UNAVAILABLE], exception: [class org.springframework.web.client.HttpServerErrorException$ServiceUnavailable]]" classname="org.springframework.web.client.DefaultResponseErrorHandlerHttpStatusTests" time="0.0"/>
  <testcase name="handleErrorIOException[error: [503 SERVICE_UNAVAILABLE], exception: [class org.springframework.web.client.HttpServerErrorException$ServiceUnavailable]]" classname="org.springframework.web.client.DefaultResponseErrorHandlerHttpStatusTests" time="0.0"/>
  <testcase name="hasErrorTrue[error: [504 GATEWAY_TIMEOUT], exception: [class org.springframework.web.client.HttpServerErrorException$GatewayTimeout]]" classname="org.springframework.web.client.DefaultResponseErrorHandlerHttpStatusTests" time="0.001"/>
  <testcase name="handleErrorIOException[error: [504 GATEWAY_TIMEOUT], exception: [class org.springframework.web.client.HttpServerErrorException$GatewayTimeout]]" classname="org.springframework.web.client.DefaultResponseErrorHandlerHttpStatusTests" time="0.0"/>
  <testcase name="hasErrorTrue[error: [505 HTTP_VERSION_NOT_SUPPORTED], exception: [class org.springframework.web.client.HttpServerErrorException]]" classname="org.springframework.web.client.DefaultResponseErrorHandlerHttpStatusTests" time="0.0"/>
  <testcase name="handleErrorIOException[error: [505 HTTP_VERSION_NOT_SUPPORTED], exception: [class org.springframework.web.client.HttpServerErrorException]]" classname="org.springframework.web.client.DefaultResponseErrorHandlerHttpStatusTests" time="0.001"/>
  <system-out><![CDATA[]]></system-out>
  <system-err><![CDATA[]]></system-err>
</testsuite>
