<?xml version="1.0" encoding="UTF-8"?>
<testsuite name="org.springframework.http.client.Netty4AsyncClientHttpRequestFactoryTests" tests="7" skipped="0" failures="0" errors="0" timestamp="2020-08-26T04:01:31" hostname="PC-20191023THJJ" time="0.499">
  <properties/>
  <testcase name="httpMethods" classname="org.springframework.http.client.Netty4AsyncClientHttpRequestFactoryTests" time="0.463"/>
  <testcase name="cancel" classname="org.springframework.http.client.Netty4AsyncClientHttpRequestFactoryTests" time="0.002"/>
  <testcase name="headersAfterExecute" classname="org.springframework.http.client.Netty4AsyncClientHttpRequestFactoryTests" time="0.019"/>
  <testcase name="status" classname="org.springframework.http.client.Netty4AsyncClientHttpRequestFactoryTests" time="0.003"/>
  <testcase name="echo" classname="org.springframework.http.client.Netty4AsyncClientHttpRequestFactoryTests" time="0.005"/>
  <testcase name="statusCallback" classname="org.springframework.http.client.Netty4AsyncClientHttpRequestFactoryTests" time="0.003"/>
  <testcase name="multipleWrites" classname="org.springframework.http.client.Netty4AsyncClientHttpRequestFactoryTests" time="0.003"/>
  <system-out><![CDATA[]]></system-out>
  <system-err><![CDATA[八月 26, 2020 12:01:31 下午 okhttp3.mockwebserver.MockWebServer$2 execute
信息: MockWebServer[64302] starting to accept connections
八月 26, 2020 12:01:32 下午 okhttp3.mockwebserver.MockWebServer$3 processOneRequest
信息: MockWebServer[64302] received request: GET /methods/get HTTP/1.1 and responded: HTTP/1.1 200 OK
八月 26, 2020 12:01:32 下午 okhttp3.mockwebserver.MockWebServer$3 processOneRequest
信息: MockWebServer[64302] received request: HEAD /methods/head HTTP/1.1 and responded: HTTP/1.1 200 OK
八月 26, 2020 12:01:32 下午 okhttp3.mockwebserver.MockWebServer$3 processOneRequest
信息: MockWebServer[64302] received request: POST /methods/post HTTP/1.1 and responded: HTTP/1.1 200 OK
八月 26, 2020 12:01:32 下午 okhttp3.mockwebserver.MockWebServer$3 processOneRequest
信息: MockWebServer[64302] received request: PUT /methods/put HTTP/1.1 and responded: HTTP/1.1 200 OK
八月 26, 2020 12:01:32 下午 okhttp3.mockwebserver.MockWebServer$3 processOneRequest
信息: MockWebServer[64302] received request: OPTIONS /methods/options HTTP/1.1 and responded: HTTP/1.1 200 OK
八月 26, 2020 12:01:32 下午 okhttp3.mockwebserver.MockWebServer$3 processOneRequest
信息: MockWebServer[64302] received request: DELETE /methods/delete HTTP/1.1 and responded: HTTP/1.1 200 OK
八月 26, 2020 12:01:32 下午 okhttp3.mockwebserver.MockWebServer$3 processOneRequest
信息: MockWebServer[64302] received request: PATCH /methods/patch HTTP/1.1 and responded: HTTP/1.1 200 OK
八月 26, 2020 12:01:32 下午 okhttp3.mockwebserver.MockWebServer$2 acceptConnections
信息: MockWebServer[64302] done accepting connections: socket closed
八月 26, 2020 12:01:32 下午 okhttp3.mockwebserver.MockWebServer$2 execute
信息: MockWebServer[64310] starting to accept connections
八月 26, 2020 12:01:32 下午 okhttp3.mockwebserver.MockWebServer$2 acceptConnections
信息: MockWebServer[64310] done accepting connections: socket closed
八月 26, 2020 12:01:32 下午 okhttp3.mockwebserver.MockWebServer$2 execute
信息: MockWebServer[64312] starting to accept connections
八月 26, 2020 12:01:32 下午 okhttp3.mockwebserver.MockWebServer$3 processOneRequest
信息: MockWebServer[64312] received request: POST /echo HTTP/1.1 and responded: HTTP/1.1 200 OK
八月 26, 2020 12:01:32 下午 okhttp3.mockwebserver.MockWebServer$2 acceptConnections
信息: MockWebServer[64312] done accepting connections: socket closed
八月 26, 2020 12:01:32 下午 okhttp3.mockwebserver.MockWebServer$2 execute
信息: MockWebServer[64314] starting to accept connections
八月 26, 2020 12:01:32 下午 okhttp3.mockwebserver.MockWebServer$3 processOneRequest
信息: MockWebServer[64314] received request: GET /status/notfound HTTP/1.1 and responded: HTTP/1.1 404 Client Error
八月 26, 2020 12:01:32 下午 okhttp3.mockwebserver.MockWebServer$2 acceptConnections
信息: MockWebServer[64314] done accepting connections: socket closed
八月 26, 2020 12:01:32 下午 okhttp3.mockwebserver.MockWebServer$2 execute
信息: MockWebServer[64316] starting to accept connections
八月 26, 2020 12:01:32 下午 okhttp3.mockwebserver.MockWebServer$3 processOneRequest
信息: MockWebServer[64316] received request: PUT /echo HTTP/1.1 and responded: HTTP/1.1 200 OK
八月 26, 2020 12:01:32 下午 okhttp3.mockwebserver.MockWebServer$2 acceptConnections
信息: MockWebServer[64316] done accepting connections: socket closed
八月 26, 2020 12:01:32 下午 okhttp3.mockwebserver.MockWebServer$2 execute
信息: MockWebServer[64318] starting to accept connections
八月 26, 2020 12:01:32 下午 okhttp3.mockwebserver.MockWebServer$3 processOneRequest
信息: MockWebServer[64318] received request: GET /status/notfound HTTP/1.1 and responded: HTTP/1.1 404 Client Error
八月 26, 2020 12:01:32 下午 okhttp3.mockwebserver.MockWebServer$2 acceptConnections
信息: MockWebServer[64318] done accepting connections: socket closed
八月 26, 2020 12:01:32 下午 okhttp3.mockwebserver.MockWebServer$2 execute
信息: MockWebServer[64320] starting to accept connections
八月 26, 2020 12:01:32 下午 okhttp3.mockwebserver.MockWebServer$3 processOneRequest
信息: MockWebServer[64320] received request: POST /echo HTTP/1.1 and responded: HTTP/1.1 200 OK
八月 26, 2020 12:01:32 下午 okhttp3.mockwebserver.MockWebServer$2 acceptConnections
信息: MockWebServer[64320] done accepting connections: socket closed
]]></system-err>
</testsuite>
