<?xml version="1.0" encoding="UTF-8"?>
<testsuite name="org.springframework.http.client.OkHttp3ClientHttpRequestFactoryTests" tests="6" skipped="0" failures="0" errors="0" timestamp="2020-08-26T04:01:36" hostname="PC-20191023THJJ" time="0.036">
  <properties/>
  <testcase name="httpMethods" classname="org.springframework.http.client.OkHttp3ClientHttpRequestFactoryTests" time="0.015"/>
  <testcase name="headersAfterExecute" classname="org.springframework.http.client.OkHttp3ClientHttpRequestFactoryTests" time="0.003"/>
  <testcase name="status" classname="org.springframework.http.client.OkHttp3ClientHttpRequestFactoryTests" time="0.009"/>
  <testcase name="echo" classname="org.springframework.http.client.OkHttp3ClientHttpRequestFactoryTests" time="0.003"/>
  <testcase name="multipleWrites" classname="org.springframework.http.client.OkHttp3ClientHttpRequestFactoryTests" time="0.003"/>
  <testcase name="queryParameters" classname="org.springframework.http.client.OkHttp3ClientHttpRequestFactoryTests" time="0.003"/>
  <system-out><![CDATA[]]></system-out>
  <system-err><![CDATA[八月 26, 2020 12:01:36 下午 okhttp3.mockwebserver.MockWebServer$2 execute
信息: MockWebServer[64405] starting to accept connections
八月 26, 2020 12:01:36 下午 okhttp3.mockwebserver.MockWebServer$3 processOneRequest
信息: MockWebServer[64405] received request: GET /methods/get HTTP/1.1 and responded: HTTP/1.1 200 OK
八月 26, 2020 12:01:36 下午 okhttp3.mockwebserver.MockWebServer$3 processOneRequest
信息: MockWebServer[64405] received request: HEAD /methods/head HTTP/1.1 and responded: HTTP/1.1 200 OK
八月 26, 2020 12:01:36 下午 okhttp3.mockwebserver.MockWebServer$3 processOneRequest
信息: MockWebServer[64405] received request: POST /methods/post HTTP/1.1 and responded: HTTP/1.1 200 OK
八月 26, 2020 12:01:36 下午 okhttp3.mockwebserver.MockWebServer$3 processOneRequest
信息: MockWebServer[64405] received request: PUT /methods/put HTTP/1.1 and responded: HTTP/1.1 200 OK
八月 26, 2020 12:01:36 下午 okhttp3.mockwebserver.MockWebServer$3 processOneRequest
信息: MockWebServer[64405] received request: OPTIONS /methods/options HTTP/1.1 and responded: HTTP/1.1 200 OK
八月 26, 2020 12:01:36 下午 okhttp3.mockwebserver.MockWebServer$3 processOneRequest
信息: MockWebServer[64405] received request: DELETE /methods/delete HTTP/1.1 and responded: HTTP/1.1 200 OK
八月 26, 2020 12:01:36 下午 okhttp3.mockwebserver.MockWebServer$3 processOneRequest
信息: MockWebServer[64405] received request: PATCH /methods/patch HTTP/1.1 and responded: HTTP/1.1 200 OK
八月 26, 2020 12:01:36 下午 okhttp3.mockwebserver.MockWebServer$2 acceptConnections
信息: MockWebServer[64405] done accepting connections: socket closed
八月 26, 2020 12:01:36 下午 okhttp3.mockwebserver.MockWebServer$2 execute
信息: MockWebServer[64407] starting to accept connections
八月 26, 2020 12:01:36 下午 okhttp3.mockwebserver.MockWebServer$3 processOneRequest
信息: MockWebServer[64407] received request: POST /status/ok HTTP/1.1 and responded: HTTP/1.1 200 OK
八月 26, 2020 12:01:36 下午 okhttp3.mockwebserver.MockWebServer$2 acceptConnections
信息: MockWebServer[64407] done accepting connections: socket closed
八月 26, 2020 12:01:36 下午 okhttp3.mockwebserver.MockWebServer$2 execute
信息: MockWebServer[64409] starting to accept connections
八月 26, 2020 12:01:36 下午 okhttp3.mockwebserver.MockWebServer$3 processOneRequest
信息: MockWebServer[64409] received request: GET /status/notfound HTTP/1.1 and responded: HTTP/1.1 404 Client Error
八月 26, 2020 12:01:36 下午 okhttp3.mockwebserver.MockWebServer$2 acceptConnections
信息: MockWebServer[64409] done accepting connections: socket closed
八月 26, 2020 12:01:36 下午 okhttp3.mockwebserver.MockWebServer$2 execute
信息: MockWebServer[64411] starting to accept connections
八月 26, 2020 12:01:36 下午 okhttp3.mockwebserver.MockWebServer$3 processOneRequest
信息: MockWebServer[64411] received request: PUT /echo HTTP/1.1 and responded: HTTP/1.1 200 OK
八月 26, 2020 12:01:36 下午 okhttp3.mockwebserver.MockWebServer$2 acceptConnections
信息: MockWebServer[64411] done accepting connections: socket closed
八月 26, 2020 12:01:36 下午 okhttp3.mockwebserver.MockWebServer$2 execute
信息: MockWebServer[64413] starting to accept connections
八月 26, 2020 12:01:36 下午 okhttp3.mockwebserver.MockWebServer$3 processOneRequest
信息: MockWebServer[64413] received request: POST /echo HTTP/1.1 and responded: HTTP/1.1 200 OK
八月 26, 2020 12:01:36 下午 okhttp3.mockwebserver.MockWebServer$2 acceptConnections
信息: MockWebServer[64413] done accepting connections: socket closed
八月 26, 2020 12:01:36 下午 okhttp3.mockwebserver.MockWebServer$2 execute
信息: MockWebServer[64415] starting to accept connections
八月 26, 2020 12:01:36 下午 okhttp3.mockwebserver.MockWebServer$3 processOneRequest
信息: MockWebServer[64415] received request: GET /params?param1=value&param2=value1&param2=value2 HTTP/1.1 and responded: HTTP/1.1 200 OK
八月 26, 2020 12:01:36 下午 okhttp3.mockwebserver.MockWebServer$2 acceptConnections
信息: MockWebServer[64415] done accepting connections: socket closed
]]></system-err>
</testsuite>
