<?xml version="1.0" encoding="UTF-8"?>
<testsuite name="org.springframework.http.server.reactive.MultipartIntegrationTests" tests="4" skipped="0" failures="0" errors="0" timestamp="2020-08-26T04:01:45" hostname="PC-20191023THJJ" time="0.164">
  <properties/>
  <testcase name="getFormParts[server [org.springframework.http.server.reactive.bootstrap.JettyHttpServer@1bc3f89e]]" classname="org.springframework.http.server.reactive.MultipartIntegrationTests" time="0.042"/>
  <testcase name="getFormParts[server [org.springframework.http.server.reactive.bootstrap.ReactorHttpServer@36723b99]]" classname="org.springframework.http.server.reactive.MultipartIntegrationTests" time="0.021"/>
  <testcase name="getFormParts[server [org.springframework.http.server.reactive.bootstrap.TomcatHttpServer@1b44e954]]" classname="org.springframework.http.server.reactive.MultipartIntegrationTests" time="0.073"/>
  <testcase name="getFormParts[server [org.springframework.http.server.reactive.bootstrap.UndertowHttpServer@13f1eadf]]" classname="org.springframework.http.server.reactive.MultipartIntegrationTests" time="0.028"/>
  <system-out><![CDATA[12:01:45.809 [Test worker] DEBUG org.springframework.web.client.RestTemplate - HTTP POST http://localhost:64633/form-parts
12:01:45.810 [Test worker] DEBUG org.springframework.web.client.RestTemplate - Accept=[application/xml, text/xml, application/json, application/x-jackson-smile, application/cbor, application/*+xml, application/*+json]
12:01:45.810 [Test worker] DEBUG org.springframework.web.client.RestTemplate - Writing [{fooPart=[<class path resource [org/springframework/http/codec/multipart/foo.txt],{Content-Type=[text/plain]}>], barPart=[<bar,{}>]}] as "multipart/form-data"
12:01:45.823 [qtp518386809-517] DEBUG org.springframework.web.server.adapter.HttpWebHandlerAdapter - [548df258] HTTP POST "/form-parts"
12:01:45.827 [qtp518386809-517] DEBUG org.springframework.web.HttpLogging - [548df258] Parsed parts [barPart, fooPart] (content masked)
12:01:45.827 [qtp518386809-517] DEBUG org.springframework.web.server.adapter.HttpWebHandlerAdapter - [548df258] Completed 200 OK
12:01:45.828 [Test worker] DEBUG org.springframework.web.client.RestTemplate - Response 200 OK
12:01:45.843 [Test worker] DEBUG org.springframework.web.client.RestTemplate - HTTP POST http://localhost:64641/form-parts
12:01:45.843 [Test worker] DEBUG org.springframework.web.client.RestTemplate - Accept=[application/xml, text/xml, application/json, application/x-jackson-smile, application/cbor, application/*+xml, application/*+json]
12:01:45.843 [Test worker] DEBUG org.springframework.web.client.RestTemplate - Writing [{fooPart=[<class path resource [org/springframework/http/codec/multipart/foo.txt],{Content-Type=[text/plain]}>], barPart=[<bar,{}>]}] as "multipart/form-data"
12:01:45.848 [reactor-http-nio-6] DEBUG org.springframework.web.server.adapter.HttpWebHandlerAdapter - [052fb8e3] HTTP POST "/form-parts"
12:01:45.850 [reactor-http-nio-6] DEBUG org.springframework.web.HttpLogging - [052fb8e3] Parsed parts [barPart, fooPart] (content masked)
12:01:45.850 [reactor-http-nio-6] DEBUG org.springframework.web.server.adapter.HttpWebHandlerAdapter - [052fb8e3] Completed 200 OK
12:01:45.850 [Test worker] DEBUG org.springframework.web.client.RestTemplate - Response 200 OK
12:01:45.870 [Test worker] DEBUG org.springframework.web.client.RestTemplate - HTTP POST http://localhost:64643/form-parts
12:01:45.870 [Test worker] DEBUG org.springframework.web.client.RestTemplate - Accept=[application/xml, text/xml, application/json, application/x-jackson-smile, application/cbor, application/*+xml, application/*+json]
12:01:45.870 [Test worker] DEBUG org.springframework.web.client.RestTemplate - Writing [{fooPart=[<class path resource [org/springframework/http/codec/multipart/foo.txt],{Content-Type=[text/plain]}>], barPart=[<bar,{}>]}] as "multipart/form-data"
12:01:45.876 [http-nio-auto-6-exec-1] DEBUG org.springframework.web.server.adapter.HttpWebHandlerAdapter - [46641f65] HTTP POST "/form-parts"
12:01:45.876 [http-nio-auto-6-exec-1] DEBUG org.springframework.web.HttpLogging - [46641f65] Parsed parts [barPart, fooPart] (content masked)
12:01:45.876 [http-nio-auto-6-exec-1] DEBUG org.springframework.web.server.adapter.HttpWebHandlerAdapter - [46641f65] Completed 200 OK
12:01:45.877 [Test worker] DEBUG org.springframework.web.client.RestTemplate - Response 200 OK
12:01:45.939 [Test worker] DEBUG org.springframework.web.client.RestTemplate - HTTP POST http://localhost:64666/form-parts
12:01:45.939 [Test worker] DEBUG org.springframework.web.client.RestTemplate - Accept=[application/xml, text/xml, application/json, application/x-jackson-smile, application/cbor, application/*+xml, application/*+json]
12:01:45.939 [Test worker] DEBUG org.springframework.web.client.RestTemplate - Writing [{fooPart=[<class path resource [org/springframework/http/codec/multipart/foo.txt],{Content-Type=[text/plain]}>], barPart=[<bar,{}>]}] as "multipart/form-data"
12:01:45.944 [XNIO-6 I/O-6] DEBUG org.springframework.web.server.adapter.HttpWebHandlerAdapter - [3521b6cd] HTTP POST "/form-parts"
12:01:45.944 [XNIO-6 I/O-6] DEBUG org.springframework.web.HttpLogging - [3521b6cd] Parsed parts [barPart, fooPart] (content masked)
12:01:45.944 [XNIO-6 I/O-6] DEBUG org.springframework.web.server.adapter.HttpWebHandlerAdapter - [3521b6cd] Completed 200 OK
12:01:45.950 [Test worker] DEBUG org.springframework.web.client.RestTemplate - Response 200 OK
]]></system-out>
  <system-err><![CDATA[八月 26, 2020 12:01:45 下午 org.apache.catalina.core.StandardService startInternal
信息: Starting service [Tomcat]
八月 26, 2020 12:01:45 下午 org.apache.catalina.core.StandardEngine startInternal
信息: Starting Servlet Engine: Apache Tomcat/9.0.11
八月 26, 2020 12:01:45 下午 org.apache.coyote.AbstractProtocol init
信息: Initializing ProtocolHandler ["http-nio-auto-6"]
八月 26, 2020 12:01:45 下午 org.apache.tomcat.util.net.NioSelectorPool getSharedSelector
信息: Using a shared selector for servlet write/read
八月 26, 2020 12:01:45 下午 org.apache.coyote.AbstractProtocol start
信息: Starting ProtocolHandler ["http-nio-auto-6-64643"]
八月 26, 2020 12:01:45 下午 org.apache.coyote.AbstractProtocol pause
信息: Pausing ProtocolHandler ["http-nio-auto-6-64643"]
八月 26, 2020 12:01:45 下午 org.apache.catalina.core.StandardService stopInternal
信息: Stopping service [Tomcat]
八月 26, 2020 12:01:45 下午 org.apache.coyote.AbstractProtocol stop
信息: Stopping ProtocolHandler ["http-nio-auto-6-64643"]
八月 26, 2020 12:01:45 下午 org.apache.coyote.AbstractProtocol destroy
信息: Destroying ProtocolHandler ["http-nio-auto-6-64643"]
]]></system-err>
</testsuite>
