<?xml version="1.0" encoding="UTF-8"?>
<testsuite name="org.springframework.http.client.support.BasicAuthorizationInterceptorTests" tests="4" skipped="0" failures="0" errors="0" timestamp="2020-08-26T04:01:37" hostname="PC-20191023THJJ" time="0.044">
  <properties/>
  <testcase name="createWhenUsernameContainsColonShouldThrowException" classname="org.springframework.http.client.support.BasicAuthorizationInterceptorTests" time="0.006"/>
  <testcase name="createWhenUsernameIsNullShouldUseEmptyUsername" classname="org.springframework.http.client.support.BasicAuthorizationInterceptorTests" time="0.03"/>
  <testcase name="createWhenPasswordIsNullShouldUseEmptyPassword" classname="org.springframework.http.client.support.BasicAuthorizationInterceptorTests" time="0.0"/>
  <testcase name="interceptShouldAddHeader" classname="org.springframework.http.client.support.BasicAuthorizationInterceptorTests" time="0.006"/>
  <system-out><![CDATA[]]></system-out>
  <system-err><![CDATA[]]></system-err>
</testsuite>
