<?xml version="1.0" encoding="UTF-8"?>
<testsuite name="org.springframework.http.server.reactive.ZeroCopyIntegrationTests" tests="4" skipped="2" failures="0" errors="0" timestamp="2020-08-26T04:01:46" hostname="PC-20191023THJJ" time="0.122">
  <properties/>
  <testcase name="zeroCopy[server [org.springframework.http.server.reactive.bootstrap.JettyHttpServer@3ebffc1a]]" classname="org.springframework.http.server.reactive.ZeroCopyIntegrationTests" time="0.008">
    <skipped/>
  </testcase>
  <testcase name="zeroCopy[server [org.springframework.http.server.reactive.bootstrap.ReactorHttpServer@3d23b6d0]]" classname="org.springframework.http.server.reactive.ZeroCopyIntegrationTests" time="0.024"/>
  <testcase name="zeroCopy[server [org.springframework.http.server.reactive.bootstrap.TomcatHttpServer@3e0fdf8]]" classname="org.springframework.http.server.reactive.ZeroCopyIntegrationTests" time="0.063">
    <skipped/>
  </testcase>
  <testcase name="zeroCopy[server [org.springframework.http.server.reactive.bootstrap.UndertowHttpServer@56f99a50]]" classname="org.springframework.http.server.reactive.ZeroCopyIntegrationTests" time="0.027"/>
  <system-out><![CDATA[12:01:46.528 [Test worker] DEBUG org.springframework.web.client.RestTemplate - HTTP GET http://localhost:64782
12:01:46.529 [Test worker] DEBUG org.springframework.web.client.RestTemplate - Accept=[application/octet-stream, application/xml, text/xml, application/json, application/x-jackson-smile, application/cbor, application/*+xml, application/*+json, */*]
12:01:46.533 [Test worker] DEBUG org.springframework.web.client.RestTemplate - Response 200 OK
12:01:46.540 [Test worker] DEBUG org.springframework.web.client.RestTemplate - Reading to [[B] as "image/png"
12:01:46.618 [Test worker] DEBUG org.springframework.web.client.RestTemplate - HTTP GET http://localhost:64806
12:01:46.619 [Test worker] DEBUG org.springframework.web.client.RestTemplate - Accept=[application/octet-stream, application/xml, text/xml, application/json, application/x-jackson-smile, application/cbor, application/*+xml, application/*+json, */*]
12:01:46.629 [Test worker] DEBUG org.springframework.web.client.RestTemplate - Response 200 OK
12:01:46.629 [Test worker] DEBUG org.springframework.web.client.RestTemplate - Reading to [[B] as "image/png"
]]></system-out>
  <system-err><![CDATA[八月 26, 2020 12:01:46 下午 org.apache.catalina.core.StandardService startInternal
信息: Starting service [Tomcat]
八月 26, 2020 12:01:46 下午 org.apache.catalina.core.StandardEngine startInternal
信息: Starting Servlet Engine: Apache Tomcat/9.0.11
八月 26, 2020 12:01:46 下午 org.apache.coyote.AbstractProtocol init
信息: Initializing ProtocolHandler ["http-nio-auto-10"]
八月 26, 2020 12:01:46 下午 org.apache.tomcat.util.net.NioSelectorPool getSharedSelector
信息: Using a shared selector for servlet write/read
八月 26, 2020 12:01:46 下午 org.apache.coyote.AbstractProtocol start
信息: Starting ProtocolHandler ["http-nio-auto-10-64784"]
八月 26, 2020 12:01:46 下午 org.apache.coyote.AbstractProtocol pause
信息: Pausing ProtocolHandler ["http-nio-auto-10-64784"]
八月 26, 2020 12:01:46 下午 org.apache.catalina.core.StandardService stopInternal
信息: Stopping service [Tomcat]
八月 26, 2020 12:01:46 下午 org.apache.coyote.AbstractProtocol stop
信息: Stopping ProtocolHandler ["http-nio-auto-10-64784"]
八月 26, 2020 12:01:46 下午 org.apache.coyote.AbstractProtocol destroy
信息: Destroying ProtocolHandler ["http-nio-auto-10-64784"]
]]></system-err>
</testsuite>
