<?xml version="1.0" encoding="UTF-8"?>
<testsuite name="org.springframework.http.client.MultipartBodyBuilderTests" tests="2" skipped="0" failures="0" errors="0" timestamp="2020-08-26T04:01:31" hostname="PC-20191023THJJ" time="0.168">
  <properties/>
  <testcase name="publisherEntityAcceptedAsInput" classname="org.springframework.http.client.MultipartBodyBuilderTests" time="0.161"/>
  <testcase name="builder" classname="org.springframework.http.client.MultipartBodyBuilderTests" time="0.007"/>
  <system-out><![CDATA[]]></system-out>
  <system-err><![CDATA[]]></system-err>
</testsuite>
