<?xml version="1.0" encoding="UTF-8"?>
<testsuite name="org.springframework.web.context.support.SpringBeanAutowiringSupportTests" tests="1" skipped="0" failures="0" errors="0" timestamp="2020-08-26T04:01:53" hostname="PC-20191023THJJ" time="0.007">
  <properties/>
  <testcase name="testProcessInjectionBasedOnServletContext" classname="org.springframework.web.context.support.SpringBeanAutowiringSupportTests" time="0.007"/>
  <system-out><![CDATA[12:01:53.710 [Test worker] DEBUG org.springframework.web.context.support.StaticWebApplicationContext - Refreshing Root WebApplicationContext
]]></system-out>
  <system-err><![CDATA[]]></system-err>
</testsuite>
