<?xml version="1.0" encoding="UTF-8"?>
<testsuite name="org.springframework.web.server.adapter.WebHttpHandlerBuilderTests" tests="5" skipped="0" failures="0" errors="0" timestamp="2020-08-26T04:01:54" hostname="PC-20191023THJJ" time="0.065">
  <properties/>
  <testcase name="configWithoutFilters" classname="org.springframework.web.server.adapter.WebHttpHandlerBuilderTests" time="0.017"/>
  <testcase name="orderedWebExceptionHandlerBeans" classname="org.springframework.web.server.adapter.WebHttpHandlerBuilderTests" time="0.015"/>
  <testcase name="cloneWithApplicationContext" classname="org.springframework.web.server.adapter.WebHttpHandlerBuilderTests" time="0.007"/>
  <testcase name="forwardedHeaderFilter" classname="org.springframework.web.server.adapter.WebHttpHandlerBuilderTests" time="0.013"/>
  <testcase name="orderedWebFilterBeans" classname="org.springframework.web.server.adapter.WebHttpHandlerBuilderTests" time="0.013"/>
  <system-out><![CDATA[12:01:54.702 [Test worker] DEBUG org.springframework.web.server.adapter.HttpWebHandlerAdapter - enableLoggingRequestDetails='false': form data and headers will be masked to prevent unsafe logging of potentially sensitive data
12:01:54.702 [Test worker] DEBUG org.springframework.web.server.adapter.HttpWebHandlerAdapter - [23b5878b] HTTP GET "/"
12:01:54.702 [Test worker] DEBUG org.springframework.web.server.adapter.HttpWebHandlerAdapter - [23b5878b] Completed 200 OK
12:01:54.717 [Test worker] DEBUG org.springframework.web.server.adapter.HttpWebHandlerAdapter - enableLoggingRequestDetails='false': form data and headers will be masked to prevent unsafe logging of potentially sensitive data
12:01:54.717 [Test worker] DEBUG org.springframework.web.server.adapter.HttpWebHandlerAdapter - [4926e68c] HTTP GET "/"
12:01:54.717 [Test worker] DEBUG org.springframework.web.server.adapter.HttpWebHandlerAdapter - [4926e68c] Completed 200 OK
12:01:54.725 [Test worker] DEBUG org.springframework.web.server.adapter.HttpWebHandlerAdapter - enableLoggingRequestDetails='false': form data and headers will be masked to prevent unsafe logging of potentially sensitive data
12:01:54.725 [Test worker] DEBUG org.springframework.web.server.adapter.HttpWebHandlerAdapter - enableLoggingRequestDetails='false': form data and headers will be masked to prevent unsafe logging of potentially sensitive data
12:01:54.749 [Test worker] DEBUG org.springframework.web.server.adapter.HttpWebHandlerAdapter - enableLoggingRequestDetails='false': form data and headers will be masked to prevent unsafe logging of potentially sensitive data
12:01:54.749 [Test worker] DEBUG org.springframework.web.server.adapter.HttpWebHandlerAdapter - [75aecc96] HTTP GET "/"
12:01:54.751 [Test worker] DEBUG org.springframework.web.server.adapter.HttpWebHandlerAdapter - [75aecc96] Completed 200 OK
]]></system-out>
  <system-err><![CDATA[]]></system-err>
</testsuite>
