<?xml version="1.0" encoding="UTF-8"?>
<testsuite name="org.springframework.http.converter.smile.MappingJackson2SmileHttpMessageConverterTests" tests="4" skipped="0" failures="0" errors="0" timestamp="2020-08-26T04:01:42" hostname="PC-20191023THJJ" time="0.009">
  <properties/>
  <testcase name="canWrite" classname="org.springframework.http.converter.smile.MappingJackson2SmileHttpMessageConverterTests" time="0.001"/>
  <testcase name="read" classname="org.springframework.http.converter.smile.MappingJackson2SmileHttpMessageConverterTests" time="0.001"/>
  <testcase name="write" classname="org.springframework.http.converter.smile.MappingJackson2SmileHttpMessageConverterTests" time="0.001"/>
  <testcase name="canRead" classname="org.springframework.http.converter.smile.MappingJackson2SmileHttpMessageConverterTests" time="0.001"/>
  <system-out><![CDATA[]]></system-out>
  <system-err><![CDATA[]]></system-err>
</testsuite>
