<?xml version="1.0" encoding="UTF-8"?>
<testsuite name="org.springframework.http.server.reactive.CookieIntegrationTests" tests="4" skipped="0" failures="0" errors="0" timestamp="2020-08-26T04:01:43" hostname="PC-20191023THJJ" time="1.606">
  <properties/>
  <testcase name="basicTest[server [org.springframework.http.server.reactive.bootstrap.JettyHttpServer@707aba33]]" classname="org.springframework.http.server.reactive.CookieIntegrationTests" time="0.417"/>
  <testcase name="basicTest[server [org.springframework.http.server.reactive.bootstrap.ReactorHttpServer@a179e35]]" classname="org.springframework.http.server.reactive.CookieIntegrationTests" time="0.179"/>
  <testcase name="basicTest[server [org.springframework.http.server.reactive.bootstrap.TomcatHttpServer@6ebd5340]]" classname="org.springframework.http.server.reactive.CookieIntegrationTests" time="0.73"/>
  <testcase name="basicTest[server [org.springframework.http.server.reactive.bootstrap.UndertowHttpServer@1354be79]]" classname="org.springframework.http.server.reactive.CookieIntegrationTests" time="0.28"/>
  <system-out><![CDATA[12:01:43.709 [Test worker] DEBUG org.springframework.web.client.RestTemplate - HTTP GET http://localhost:64444
12:01:43.715 [Test worker] DEBUG org.springframework.web.client.RestTemplate - Accept=[application/xml, text/xml, application/json, application/x-jackson-smile, application/cbor, application/*+xml, application/*+json]
12:01:43.893 [Test worker] DEBUG org.springframework.web.client.RestTemplate - Response 200 OK
12:01:44.028 [Test worker] DEBUG org.springframework.web.client.RestTemplate - HTTP GET http://localhost:64464
12:01:44.028 [Test worker] DEBUG org.springframework.web.client.RestTemplate - Accept=[application/xml, text/xml, application/json, application/x-jackson-smile, application/cbor, application/*+xml, application/*+json]
12:01:44.081 [Test worker] DEBUG org.springframework.web.client.RestTemplate - Response 200 OK
12:01:44.642 [Test worker] DEBUG org.springframework.web.client.RestTemplate - HTTP GET http://localhost:64466
12:01:44.642 [Test worker] DEBUG org.springframework.web.client.RestTemplate - Accept=[application/xml, text/xml, application/json, application/x-jackson-smile, application/cbor, application/*+xml, application/*+json]
12:01:44.748 [Test worker] DEBUG org.springframework.web.client.RestTemplate - Response 200 OK
12:01:45.006 [Test worker] DEBUG org.springframework.web.client.RestTemplate - HTTP GET http://localhost:64491
12:01:45.006 [Test worker] DEBUG org.springframework.web.client.RestTemplate - Accept=[application/xml, text/xml, application/json, application/x-jackson-smile, application/cbor, application/*+xml, application/*+json]
12:01:45.080 [Test worker] DEBUG org.springframework.web.client.RestTemplate - Response 200 OK
]]></system-out>
  <system-err><![CDATA[八月 26, 2020 12:01:44 下午 org.apache.catalina.core.StandardService startInternal
信息: Starting service [Tomcat]
八月 26, 2020 12:01:44 下午 org.apache.catalina.core.StandardEngine startInternal
信息: Starting Servlet Engine: Apache Tomcat/9.0.11
八月 26, 2020 12:01:44 下午 org.apache.coyote.AbstractProtocol init
信息: Initializing ProtocolHandler ["http-nio-auto-1"]
八月 26, 2020 12:01:44 下午 org.apache.tomcat.util.net.NioSelectorPool getSharedSelector
信息: Using a shared selector for servlet write/read
八月 26, 2020 12:01:44 下午 org.apache.coyote.AbstractProtocol start
信息: Starting ProtocolHandler ["http-nio-auto-1-64466"]
八月 26, 2020 12:01:44 下午 org.apache.coyote.AbstractProtocol pause
信息: Pausing ProtocolHandler ["http-nio-auto-1-64466"]
八月 26, 2020 12:01:44 下午 org.apache.catalina.core.StandardService stopInternal
信息: Stopping service [Tomcat]
八月 26, 2020 12:01:44 下午 org.apache.coyote.AbstractProtocol stop
信息: Stopping ProtocolHandler ["http-nio-auto-1-64466"]
八月 26, 2020 12:01:44 下午 org.apache.coyote.AbstractProtocol destroy
信息: Destroying ProtocolHandler ["http-nio-auto-1-64466"]
]]></system-err>
</testsuite>
