<?xml version="1.0" encoding="UTF-8"?>
<testsuite name="org.springframework.web.filter.CorsFilterTests" tests="4" skipped="0" failures="0" errors="0" timestamp="2020-08-26T04:01:53" hostname="PC-20191023THJJ" time="0.002">
  <properties/>
  <testcase name="validActualRequest" classname="org.springframework.web.filter.CorsFilterTests" time="0.0"/>
  <testcase name="validPreFlightRequest" classname="org.springframework.web.filter.CorsFilterTests" time="0.001"/>
  <testcase name="invalidPreFlightRequest" classname="org.springframework.web.filter.CorsFilterTests" time="0.0"/>
  <testcase name="invalidActualRequest" classname="org.springframework.web.filter.CorsFilterTests" time="0.001"/>
  <system-out><![CDATA[12:01:53.782 [Test worker] DEBUG org.springframework.web.cors.DefaultCorsProcessor - Reject: HTTP 'DELETE' is not allowed
12:01:53.783 [Test worker] DEBUG org.springframework.web.cors.DefaultCorsProcessor - Reject: HTTP 'DELETE' is not allowed
]]></system-out>
  <system-err><![CDATA[]]></system-err>
</testsuite>
