<?xml version="1.0" encoding="UTF-8"?>
<testsuite name="org.springframework.web.context.support.ResourceTests" tests="2" skipped="0" failures="0" errors="0" timestamp="2020-08-26T04:01:53" hostname="PC-20191023THJJ" time="0.007">
  <properties/>
  <testcase name="testServletContextResourceWithRelativePath" classname="org.springframework.web.context.support.ResourceTests" time="0.001"/>
  <testcase name="testServletContextResource" classname="org.springframework.web.context.support.ResourceTests" time="0.006"/>
  <system-out><![CDATA[]]></system-out>
  <system-err><![CDATA[]]></system-err>
</testsuite>
