<?xml version="1.0" encoding="UTF-8"?>
<testsuite name="org.springframework.web.cors.reactive.CorsUtilsTests" tests="7" skipped="0" failures="0" errors="0" timestamp="2020-08-26T04:01:53" hostname="PC-20191023THJJ" time="0.006">
  <properties/>
  <testcase name="isCorsRequest" classname="org.springframework.web.cors.reactive.CorsUtilsTests" time="0.001"/>
  <testcase name="isSameOriginWithDifferentSchemes" classname="org.springframework.web.cors.reactive.CorsUtilsTests" time="0.0"/>
  <testcase name="isNotCorsRequest" classname="org.springframework.web.cors.reactive.CorsUtilsTests" time="0.0"/>
  <testcase name="isNotPreFlightRequest" classname="org.springframework.web.cors.reactive.CorsUtilsTests" time="0.0"/>
  <testcase name="isSameOriginWithForwardedHeader" classname="org.springframework.web.cors.reactive.CorsUtilsTests" time="0.004"/>
  <testcase name="isSameOriginWithXForwardedHeaders" classname="org.springframework.web.cors.reactive.CorsUtilsTests" time="0.001"/>
  <testcase name="isPreFlightRequest" classname="org.springframework.web.cors.reactive.CorsUtilsTests" time="0.0"/>
  <system-out><![CDATA[]]></system-out>
  <system-err><![CDATA[]]></system-err>
</testsuite>
