<?xml version="1.0" encoding="UTF-8"?>
<testsuite name="org.springframework.http.converter.ResourceRegionHttpMessageConverterTests" tests="7" skipped="0" failures="0" errors="0" timestamp="2020-08-26T04:01:42" hostname="PC-20191023THJJ" time="0.024">
  <properties/>
  <testcase name="partialContentMultipleByteRanges" classname="org.springframework.http.converter.ResourceRegionHttpMessageConverterTests" time="0.003"/>
  <testcase name="canWriteResourceCollection" classname="org.springframework.http.converter.ResourceRegionHttpMessageConverterTests" time="0.001"/>
  <testcase name="canWriteResource" classname="org.springframework.http.converter.ResourceRegionHttpMessageConverterTests" time="0.0"/>
  <testcase name="shouldWritePartialContentByteRangeNoEnd" classname="org.springframework.http.converter.ResourceRegionHttpMessageConverterTests" time="0.001"/>
  <testcase name="applicationOctetStreamDefaultContentType" classname="org.springframework.http.converter.ResourceRegionHttpMessageConverterTests" time="0.018"/>
  <testcase name="canReadResource" classname="org.springframework.http.converter.ResourceRegionHttpMessageConverterTests" time="0.0"/>
  <testcase name="shouldWritePartialContentByteRange" classname="org.springframework.http.converter.ResourceRegionHttpMessageConverterTests" time="0.001"/>
  <system-out><![CDATA[]]></system-out>
  <system-err><![CDATA[]]></system-err>
</testsuite>
