<?xml version="1.0" encoding="UTF-8"?>
<testsuite name="org.springframework.web.bind.ServletRequestUtilsTests" tests="17" skipped="6" failures="0" errors="0" timestamp="2020-08-26T04:01:50" hostname="PC-20191023THJJ" time="0.006">
  <properties/>
  <testcase name="testLongParameter" classname="org.springframework.web.bind.ServletRequestUtilsTests" time="0.004"/>
  <testcase name="testIntParameters" classname="org.springframework.web.bind.ServletRequestUtilsTests" time="0.0"/>
  <testcase name="testGetFloatParameterWithDefaultValueHandlingIsFastEnough" classname="org.springframework.web.bind.ServletRequestUtilsTests" time="0.001">
    <skipped/>
  </testcase>
  <testcase name="testFloatParameter" classname="org.springframework.web.bind.ServletRequestUtilsTests" time="0.0"/>
  <testcase name="testGetLongParameterWithDefaultValueHandlingIsFastEnough" classname="org.springframework.web.bind.ServletRequestUtilsTests" time="0.0">
    <skipped/>
  </testcase>
  <testcase name="testDoubleParameters" classname="org.springframework.web.bind.ServletRequestUtilsTests" time="0.0"/>
  <testcase name="testBooleanParameter" classname="org.springframework.web.bind.ServletRequestUtilsTests" time="0.0"/>
  <testcase name="testBooleanParameters" classname="org.springframework.web.bind.ServletRequestUtilsTests" time="0.0"/>
  <testcase name="testIntParameter" classname="org.springframework.web.bind.ServletRequestUtilsTests" time="0.0"/>
  <testcase name="testDoubleParameter" classname="org.springframework.web.bind.ServletRequestUtilsTests" time="0.0"/>
  <testcase name="testGetStringParameterWithDefaultValueHandlingIsFastEnough" classname="org.springframework.web.bind.ServletRequestUtilsTests" time="0.001">
    <skipped/>
  </testcase>
  <testcase name="testLongParameters" classname="org.springframework.web.bind.ServletRequestUtilsTests" time="0.0"/>
  <testcase name="testStringParameter" classname="org.springframework.web.bind.ServletRequestUtilsTests" time="0.0"/>
  <testcase name="testFloatParameters" classname="org.springframework.web.bind.ServletRequestUtilsTests" time="0.0"/>
  <testcase name="testGetDoubleParameterWithDefaultValueHandlingIsFastEnough" classname="org.springframework.web.bind.ServletRequestUtilsTests" time="0.0">
    <skipped/>
  </testcase>
  <testcase name="testGetBooleanParameterWithDefaultValueHandlingIsFastEnough" classname="org.springframework.web.bind.ServletRequestUtilsTests" time="0.0">
    <skipped/>
  </testcase>
  <testcase name="testGetIntParameterWithDefaultValueHandlingIsFastEnough" classname="org.springframework.web.bind.ServletRequestUtilsTests" time="0.0">
    <skipped/>
  </testcase>
  <system-out><![CDATA[]]></system-out>
  <system-err><![CDATA[]]></system-err>
</testsuite>
