<?xml version="1.0" encoding="UTF-8"?>
<testsuite name="org.springframework.web.method.annotation.ExceptionHandlerMethodResolverTests" tests="8" skipped="0" failures="0" errors="0" timestamp="2020-08-26T04:01:53" hostname="PC-20191023THJJ" time="0.008">
  <properties/>
  <testcase name="resolveMethodFromAnnotation" classname="org.springframework.web.method.annotation.ExceptionHandlerMethodResolverTests" time="0.004"/>
  <testcase name="resolveMethodInherited" classname="org.springframework.web.method.annotation.ExceptionHandlerMethodResolverTests" time="0.003"/>
  <testcase name="resolveMethodFromArgument" classname="org.springframework.web.method.annotation.ExceptionHandlerMethodResolverTests" time="0.0"/>
  <testcase name="ambiguousExceptionMapping" classname="org.springframework.web.method.annotation.ExceptionHandlerMethodResolverTests" time="0.001"/>
  <testcase name="resolveMethodExceptionSubType" classname="org.springframework.web.method.annotation.ExceptionHandlerMethodResolverTests" time="0.0"/>
  <testcase name="resolveMethodBestMatch" classname="org.springframework.web.method.annotation.ExceptionHandlerMethodResolverTests" time="0.0"/>
  <testcase name="noExceptionMapping" classname="org.springframework.web.method.annotation.ExceptionHandlerMethodResolverTests" time="0.0"/>
  <testcase name="resolveMethodNoMatch" classname="org.springframework.web.method.annotation.ExceptionHandlerMethodResolverTests" time="0.0"/>
  <system-out><![CDATA[]]></system-out>
  <system-err><![CDATA[]]></system-err>
</testsuite>
