<?xml version="1.0" encoding="UTF-8"?>
<testsuite name="org.springframework.http.client.StreamingSimpleClientHttpRequestFactoryTests" tests="8" skipped="1" failures="0" errors="0" timestamp="2020-08-26T04:01:37" hostname="PC-20191023THJJ" time="0.03">
  <properties/>
  <testcase name="largeFileUpload" classname="org.springframework.http.client.StreamingSimpleClientHttpRequestFactoryTests" time="0.0">
    <skipped/>
  </testcase>
  <testcase name="interceptor" classname="org.springframework.http.client.StreamingSimpleClientHttpRequestFactoryTests" time="0.002"/>
  <testcase name="headersAfterExecute" classname="org.springframework.http.client.StreamingSimpleClientHttpRequestFactoryTests" time="0.002"/>
  <testcase name="status" classname="org.springframework.http.client.StreamingSimpleClientHttpRequestFactoryTests" time="0.003"/>
  <testcase name="echo" classname="org.springframework.http.client.StreamingSimpleClientHttpRequestFactoryTests" time="0.002"/>
  <testcase name="multipleWrites" classname="org.springframework.http.client.StreamingSimpleClientHttpRequestFactoryTests" time="0.002"/>
  <testcase name="queryParameters" classname="org.springframework.http.client.StreamingSimpleClientHttpRequestFactoryTests" time="0.002"/>
  <testcase name="httpMethods" classname="org.springframework.http.client.StreamingSimpleClientHttpRequestFactoryTests" time="0.017"/>
  <system-out><![CDATA[]]></system-out>
  <system-err><![CDATA[八月 26, 2020 12:01:37 下午 okhttp3.mockwebserver.MockWebServer$2 execute
信息: MockWebServer[64428] starting to accept connections
八月 26, 2020 12:01:37 下午 okhttp3.mockwebserver.MockWebServer$3 processOneRequest
信息: MockWebServer[64428] received request: GET /echo HTTP/1.1 and responded: HTTP/1.1 200 OK
八月 26, 2020 12:01:37 下午 okhttp3.mockwebserver.MockWebServer$2 acceptConnections
信息: MockWebServer[64428] done accepting connections: socket closed
八月 26, 2020 12:01:37 下午 okhttp3.mockwebserver.MockWebServer$2 execute
信息: MockWebServer[64430] starting to accept connections
八月 26, 2020 12:01:37 下午 okhttp3.mockwebserver.MockWebServer$3 processOneRequest
信息: MockWebServer[64430] received request: POST /status/ok HTTP/1.1 and responded: HTTP/1.1 200 OK
八月 26, 2020 12:01:37 下午 okhttp3.mockwebserver.MockWebServer$2 acceptConnections
信息: MockWebServer[64430] done accepting connections: socket closed
八月 26, 2020 12:01:37 下午 okhttp3.mockwebserver.MockWebServer$2 execute
信息: MockWebServer[64432] starting to accept connections
八月 26, 2020 12:01:37 下午 okhttp3.mockwebserver.MockWebServer$3 processOneRequest
信息: MockWebServer[64432] received request: GET /status/notfound HTTP/1.1 and responded: HTTP/1.1 404 Client Error
八月 26, 2020 12:01:37 下午 okhttp3.mockwebserver.MockWebServer$2 acceptConnections
信息: MockWebServer[64432] done accepting connections: socket closed
八月 26, 2020 12:01:37 下午 okhttp3.mockwebserver.MockWebServer$2 execute
信息: MockWebServer[64434] starting to accept connections
八月 26, 2020 12:01:37 下午 okhttp3.mockwebserver.MockWebServer$3 processOneRequest
信息: MockWebServer[64434] received request: PUT /echo HTTP/1.1 and responded: HTTP/1.1 200 OK
八月 26, 2020 12:01:37 下午 okhttp3.mockwebserver.MockWebServer$2 acceptConnections
信息: MockWebServer[64434] done accepting connections: socket closed
八月 26, 2020 12:01:37 下午 okhttp3.mockwebserver.MockWebServer$2 execute
信息: MockWebServer[64436] starting to accept connections
八月 26, 2020 12:01:37 下午 okhttp3.mockwebserver.MockWebServer$2 acceptConnections
信息: MockWebServer[64436] done accepting connections: socket closed
八月 26, 2020 12:01:37 下午 okhttp3.mockwebserver.MockWebServer$3 execute
信息: MockWebServer[64436] connection from /127.0.0.1 failed: java.net.SocketException: Socket is closed
八月 26, 2020 12:01:37 下午 okhttp3.mockwebserver.MockWebServer$2 execute
信息: MockWebServer[64438] starting to accept connections
八月 26, 2020 12:01:37 下午 okhttp3.mockwebserver.MockWebServer$3 processOneRequest
信息: MockWebServer[64438] received request: GET /params?param1=value&param2=value1&param2=value2 HTTP/1.1 and responded: HTTP/1.1 200 OK
八月 26, 2020 12:01:37 下午 okhttp3.mockwebserver.MockWebServer$2 acceptConnections
信息: MockWebServer[64438] done accepting connections: socket closed
八月 26, 2020 12:01:37 下午 okhttp3.mockwebserver.MockWebServer$2 execute
信息: MockWebServer[64440] starting to accept connections
八月 26, 2020 12:01:37 下午 okhttp3.mockwebserver.MockWebServer$3 processOneRequest
信息: MockWebServer[64440] received request: GET /methods/get HTTP/1.1 and responded: HTTP/1.1 200 OK
八月 26, 2020 12:01:37 下午 okhttp3.mockwebserver.MockWebServer$3 processOneRequest
信息: MockWebServer[64440] received request: HEAD /methods/head HTTP/1.1 and responded: HTTP/1.1 200 OK
八月 26, 2020 12:01:37 下午 okhttp3.mockwebserver.MockWebServer$3 processOneRequest
信息: MockWebServer[64440] received request: POST /methods/post HTTP/1.1 and responded: HTTP/1.1 200 OK
八月 26, 2020 12:01:37 下午 okhttp3.mockwebserver.MockWebServer$3 processOneRequest
信息: MockWebServer[64440] received request: PUT /methods/put HTTP/1.1 and responded: HTTP/1.1 200 OK
八月 26, 2020 12:01:37 下午 okhttp3.mockwebserver.MockWebServer$3 processOneRequest
信息: MockWebServer[64440] received request: OPTIONS /methods/options HTTP/1.1 and responded: HTTP/1.1 200 OK
八月 26, 2020 12:01:37 下午 okhttp3.mockwebserver.MockWebServer$3 processOneRequest
信息: MockWebServer[64440] received request: DELETE /methods/delete HTTP/1.1 and responded: HTTP/1.1 200 OK
八月 26, 2020 12:01:37 下午 okhttp3.mockwebserver.MockWebServer$2 acceptConnections
信息: MockWebServer[64440] done accepting connections: socket closed
]]></system-err>
</testsuite>
