<?xml version="1.0" encoding="UTF-8"?>
<testsuite name="org.springframework.web.server.i18n.FixedLocaleContextResolverTests" tests="3" skipped="0" failures="0" errors="0" timestamp="2020-08-26T04:01:54" hostname="PC-20191023THJJ" time="0.001">
  <properties/>
  <testcase name="resolveDefaultLocale" classname="org.springframework.web.server.i18n.FixedLocaleContextResolverTests" time="0.001"/>
  <testcase name="resolveCustomizedLocale" classname="org.springframework.web.server.i18n.FixedLocaleContextResolverTests" time="0.0"/>
  <testcase name="resolveCustomizedAndTimeZoneLocale" classname="org.springframework.web.server.i18n.FixedLocaleContextResolverTests" time="0.0"/>
  <system-out><![CDATA[]]></system-out>
  <system-err><![CDATA[]]></system-err>
</testsuite>
