<?xml version="1.0" encoding="UTF-8"?>
<testsuite name="org.springframework.http.server.reactive.ChannelSendOperatorTests" tests="5" skipped="0" failures="0" errors="0" timestamp="2020-08-26T04:01:43" hostname="PC-20191023THJJ" time="0.212">
  <properties/>
  <testcase name="writeMultipleItems" classname="org.springframework.http.server.reactive.ChannelSendOperatorTests" time="0.057"/>
  <testcase name="errorBeforeFirstItem" classname="org.springframework.http.server.reactive.ChannelSendOperatorTests" time="0.0"/>
  <testcase name="completionBeforeFirstItem" classname="org.springframework.http.server.reactive.ChannelSendOperatorTests" time="0.051"/>
  <testcase name="errorAfterMultipleItems" classname="org.springframework.http.server.reactive.ChannelSendOperatorTests" time="0.053"/>
  <testcase name="writeOneItem" classname="org.springframework.http.server.reactive.ChannelSendOperatorTests" time="0.051"/>
  <system-out><![CDATA[]]></system-out>
  <system-err><![CDATA[]]></system-err>
</testsuite>
