<?xml version="1.0" encoding="UTF-8"?>
<testsuite name="org.springframework.http.converter.FormHttpMessageConverterTests" tests="6" skipped="0" failures="0" errors="0" timestamp="2020-08-26T04:01:41" hostname="PC-20191023THJJ" time="0.139">
  <properties/>
  <testcase name="writeForm" classname="org.springframework.http.converter.FormHttpMessageConverterTests" time="0.001"/>
  <testcase name="readForm" classname="org.springframework.http.converter.FormHttpMessageConverterTests" time="0.0"/>
  <testcase name="canWrite" classname="org.springframework.http.converter.FormHttpMessageConverterTests" time="0.0"/>
  <testcase name="canRead" classname="org.springframework.http.converter.FormHttpMessageConverterTests" time="0.0"/>
  <testcase name="writeMultipartOrder" classname="org.springframework.http.converter.FormHttpMessageConverterTests" time="0.069"/>
  <testcase name="writeMultipart" classname="org.springframework.http.converter.FormHttpMessageConverterTests" time="0.04"/>
  <system-out><![CDATA[]]></system-out>
  <system-err><![CDATA[]]></system-err>
</testsuite>
