<?xml version="1.0" encoding="UTF-8"?>
<testsuite name="org.springframework.http.RequestEntityTests" tests="6" skipped="0" failures="0" errors="0" timestamp="2020-08-26T04:01:43" hostname="PC-20191023THJJ" time="0.003">
  <properties/>
  <testcase name="normal" classname="org.springframework.http.RequestEntityTests" time="0.001"/>
  <testcase name="get" classname="org.springframework.http.RequestEntityTests" time="0.0"/>
  <testcase name="types" classname="org.springframework.http.RequestEntityTests" time="0.0"/>
  <testcase name="headers" classname="org.springframework.http.RequestEntityTests" time="0.0"/>
  <testcase name="methods" classname="org.springframework.http.RequestEntityTests" time="0.0"/>
  <testcase name="uriVariablesExpansion" classname="org.springframework.http.RequestEntityTests" time="0.002"/>
  <system-out><![CDATA[]]></system-out>
  <system-err><![CDATA[]]></system-err>
</testsuite>
