<?xml version="1.0" encoding="UTF-8"?>
<testsuite name="org.springframework.web.method.support.HandlerMethodReturnValueHandlerCompositeTests" tests="5" skipped="0" failures="0" errors="0" timestamp="2020-08-26T04:01:54" hostname="PC-20191023THJJ" time="0.008">
  <properties/>
  <testcase name="handleReturnValueWithMultipleHandlers" classname="org.springframework.web.method.support.HandlerMethodReturnValueHandlerCompositeTests" time="0.004"/>
  <testcase name="handleReturnValue" classname="org.springframework.web.method.support.HandlerMethodReturnValueHandlerCompositeTests" time="0.0"/>
  <testcase name="handleReturnValueWithAsyncHandler" classname="org.springframework.web.method.support.HandlerMethodReturnValueHandlerCompositeTests" time="0.004"/>
  <testcase name="supportsReturnType" classname="org.springframework.web.method.support.HandlerMethodReturnValueHandlerCompositeTests" time="0.0"/>
  <testcase name="noSuitableReturnValueHandler" classname="org.springframework.web.method.support.HandlerMethodReturnValueHandlerCompositeTests" time="0.0"/>
  <system-out><![CDATA[]]></system-out>
  <system-err><![CDATA[]]></system-err>
</testsuite>
