<?xml version="1.0" encoding="UTF-8"?>
<testsuite name="org.springframework.http.server.ServletServerHttpRequestTests" tests="10" skipped="0" failures="0" errors="0" timestamp="2020-08-26T04:01:46" hostname="PC-20191023THJJ" time="0.0">
  <properties/>
  <testcase name="getHeadersWithEmptyContentTypeAndEncoding" classname="org.springframework.http.server.ServletServerHttpRequestTests" time="0.0"/>
  <testcase name="getFormBody" classname="org.springframework.http.server.ServletServerHttpRequestTests" time="0.0"/>
  <testcase name="getUriWithMalformedQueryParam" classname="org.springframework.http.server.ServletServerHttpRequestTests" time="0.0"/>
  <testcase name="getUriWithQueryString" classname="org.springframework.http.server.ServletServerHttpRequestTests" time="0.0"/>
  <testcase name="getBody" classname="org.springframework.http.server.ServletServerHttpRequestTests" time="0.0"/>
  <testcase name="getMethod" classname="org.springframework.http.server.ServletServerHttpRequestTests" time="0.0"/>
  <testcase name="getUriWithEncoding" classname="org.springframework.http.server.ServletServerHttpRequestTests" time="0.0"/>
  <testcase name="getUriForSimplePath" classname="org.springframework.http.server.ServletServerHttpRequestTests" time="0.0"/>
  <testcase name="getHeaders" classname="org.springframework.http.server.ServletServerHttpRequestTests" time="0.0"/>
  <testcase name="getUriWithQueryParam" classname="org.springframework.http.server.ServletServerHttpRequestTests" time="0.0"/>
  <system-out><![CDATA[]]></system-out>
  <system-err><![CDATA[]]></system-err>
</testsuite>
