<?xml version="1.0" encoding="UTF-8"?>
<testsuite name="org.springframework.web.method.annotation.ExpressionValueMethodArgumentResolverTests" tests="3" skipped="0" failures="0" errors="0" timestamp="2020-08-26T04:01:54" hostname="PC-20191023THJJ" time="0.003">
  <properties/>
  <testcase name="resolveSystemProperty" classname="org.springframework.web.method.annotation.ExpressionValueMethodArgumentResolverTests" time="0.002"/>
  <testcase name="resolveContextPath" classname="org.springframework.web.method.annotation.ExpressionValueMethodArgumentResolverTests" time="0.0"/>
  <testcase name="supportsParameter" classname="org.springframework.web.method.annotation.ExpressionValueMethodArgumentResolverTests" time="0.001"/>
  <system-out><![CDATA[12:01:54.006 [Test worker] DEBUG org.springframework.web.context.support.GenericWebApplicationContext - Refreshing org.springframework.web.context.support.GenericWebApplicationContext@38cde5e1
12:01:54.007 [Test worker] DEBUG org.springframework.web.context.support.GenericWebApplicationContext - Refreshing org.springframework.web.context.support.GenericWebApplicationContext@3e5363a2
12:01:54.008 [Test worker] DEBUG org.springframework.web.context.support.GenericWebApplicationContext - Refreshing org.springframework.web.context.support.GenericWebApplicationContext@443fd38a
]]></system-out>
  <system-err><![CDATA[]]></system-err>
</testsuite>
