<?xml version="1.0" encoding="UTF-8"?>
<testsuite name="org.springframework.web.server.adapter.ForwardedHeaderTransformerTests" tests="5" skipped="0" failures="0" errors="0" timestamp="2020-08-26T04:01:54" hostname="PC-20191023THJJ" time="0.001">
  <properties/>
  <testcase name="forwardedHeader" classname="org.springframework.web.server.adapter.ForwardedHeaderTransformerTests" time="0.0"/>
  <testcase name="xForwardedPrefixTrailingSlash" classname="org.springframework.web.server.adapter.ForwardedHeaderTransformerTests" time="0.0"/>
  <testcase name="xForwardedHeaders" classname="org.springframework.web.server.adapter.ForwardedHeaderTransformerTests" time="0.001"/>
  <testcase name="removeOnly" classname="org.springframework.web.server.adapter.ForwardedHeaderTransformerTests" time="0.0"/>
  <testcase name="xForwardedPrefix" classname="org.springframework.web.server.adapter.ForwardedHeaderTransformerTests" time="0.0"/>
  <system-out><![CDATA[]]></system-out>
  <system-err><![CDATA[]]></system-err>
</testsuite>
