<?xml version="1.0" encoding="UTF-8"?>
<testsuite name="org.springframework.web.server.session.DefaultWebSessionManagerTests" tests="4" skipped="0" failures="0" errors="0" timestamp="2020-08-26T04:01:54" hostname="PC-20191023THJJ" time="0.005">
  <properties/>
  <testcase name="existingSession" classname="org.springframework.web.server.session.DefaultWebSessionManagerTests" time="0.001"/>
  <testcase name="multipleSessionIds" classname="org.springframework.web.server.session.DefaultWebSessionManagerTests" time="0.001"/>
  <testcase name="getSessionSaveWhenCreatedAndStartedThenSavesAndSetsId" classname="org.springframework.web.server.session.DefaultWebSessionManagerTests" time="0.002"/>
  <testcase name="getSessionSaveWhenCreatedAndNotStartedThenNotSaved" classname="org.springframework.web.server.session.DefaultWebSessionManagerTests" time="0.0"/>
  <system-out><![CDATA[]]></system-out>
  <system-err><![CDATA[]]></system-err>
</testsuite>
