<?xml version="1.0" encoding="UTF-8"?>
<testsuite name="org.springframework.http.converter.xml.Jaxb2RootElementHttpMessageConverterTests" tests="12" skipped="0" failures="0" errors="0" timestamp="2020-08-26T04:01:42" hostname="PC-20191023THJJ" time="0.263">
  <properties/>
  <testcase name="customizeMarshaller" classname="org.springframework.http.converter.xml.Jaxb2RootElementHttpMessageConverterTests" time="0.163"/>
  <testcase name="readXmlRootElementExternalEntityDisabled" classname="org.springframework.http.converter.xml.Jaxb2RootElementHttpMessageConverterTests" time="0.03"/>
  <testcase name="readXmlRootElementExternalEntityEnabled" classname="org.springframework.http.converter.xml.Jaxb2RootElementHttpMessageConverterTests" time="0.006"/>
  <testcase name="canWrite" classname="org.springframework.http.converter.xml.Jaxb2RootElementHttpMessageConverterTests" time="0.001"/>
  <testcase name="writeXmlRootElementSubclass" classname="org.springframework.http.converter.xml.Jaxb2RootElementHttpMessageConverterTests" time="0.022"/>
  <testcase name="canRead" classname="org.springframework.http.converter.xml.Jaxb2RootElementHttpMessageConverterTests" time="0.001"/>
  <testcase name="customizeUnmarshaller" classname="org.springframework.http.converter.xml.Jaxb2RootElementHttpMessageConverterTests" time="0.004"/>
  <testcase name="writeXmlRootElement" classname="org.springframework.http.converter.xml.Jaxb2RootElementHttpMessageConverterTests" time="0.008"/>
  <testcase name="readXmlRootElement" classname="org.springframework.http.converter.xml.Jaxb2RootElementHttpMessageConverterTests" time="0.006"/>
  <testcase name="readXmlRootElementSubclass" classname="org.springframework.http.converter.xml.Jaxb2RootElementHttpMessageConverterTests" time="0.005"/>
  <testcase name="readXmlType" classname="org.springframework.http.converter.xml.Jaxb2RootElementHttpMessageConverterTests" time="0.003"/>
  <testcase name="testXmlBomb" classname="org.springframework.http.converter.xml.Jaxb2RootElementHttpMessageConverterTests" time="0.013"/>
  <system-out><![CDATA[]]></system-out>
  <system-err><![CDATA[]]></system-err>
</testsuite>
