<?xml version="1.0" encoding="UTF-8"?>
<testsuite name="org.springframework.cache.aspectj.AspectJEnableCachingIsolatedTests" tests="9" skipped="1" failures="0" errors="0" timestamp="2020-08-26T03:57:10" hostname="PC-20191023THJJ" time="0.516">
  <properties/>
  <testcase name="multipleCacheManagerBeans_implementsCachingConfigurer" classname="org.springframework.cache.aspectj.AspectJEnableCachingIsolatedTests" time="0.315"/>
  <testcase name="bothSetOnlyResolverIsUsed" classname="org.springframework.cache.aspectj.AspectJEnableCachingIsolatedTests" time="0.033"/>
  <testcase name="emptyConfigSupport" classname="org.springframework.cache.aspectj.AspectJEnableCachingIsolatedTests" time="0.0">
    <skipped/>
  </testcase>
  <testcase name="testKeyStrategy" classname="org.springframework.cache.aspectj.AspectJEnableCachingIsolatedTests" time="0.037"/>
  <testcase name="testCacheErrorHandler" classname="org.springframework.cache.aspectj.AspectJEnableCachingIsolatedTests" time="0.026"/>
  <testcase name="multipleCacheManagerBeans" classname="org.springframework.cache.aspectj.AspectJEnableCachingIsolatedTests" time="0.032"/>
  <testcase name="multipleCachingConfigurers" classname="org.springframework.cache.aspectj.AspectJEnableCachingIsolatedTests" time="0.023"/>
  <testcase name="noCacheManagerBeans" classname="org.springframework.cache.aspectj.AspectJEnableCachingIsolatedTests" time="0.022"/>
  <testcase name="singleCacheManagerBean" classname="org.springframework.cache.aspectj.AspectJEnableCachingIsolatedTests" time="0.026"/>
  <system-out><![CDATA[]]></system-out>
  <system-err><![CDATA[]]></system-err>
</testsuite>
