<?xml version="1.0" encoding="UTF-8"?>
<testsuite name="org.springframework.aop.aspectj.autoproxy.AutoProxyWithCodeStyleAspectsTests" tests="1" skipped="0" failures="0" errors="0" timestamp="2020-08-26T03:57:07" hostname="PC-20191023THJJ" time="1.181">
  <properties/>
  <testcase name="noAutoproxyingOfAjcCompiledAspects" classname="org.springframework.aop.aspectj.autoproxy.AutoProxyWithCodeStyleAspectsTests" time="1.181"/>
  <system-out><![CDATA[]]></system-out>
  <system-err><![CDATA[]]></system-err>
</testsuite>
