<?xml version="1.0" encoding="UTF-8"?>
<testsuite name="org.springframework.oxm.jibx.JibxUnmarshallerTests" tests="10" skipped="0" failures="0" errors="0" timestamp="2020-08-26T04:00:10" hostname="PC-20191023THJJ" time="0.086">
  <properties/>
  <testcase name="unmarshalPartialStaxSourceXmlStreamReader" classname="org.springframework.oxm.jibx.JibxUnmarshallerTests" time="0.001"/>
  <testcase name="unmarshalStreamSourceInputStreamUsingNonDefaultEncoding" classname="org.springframework.oxm.jibx.JibxUnmarshallerTests" time="0.061"/>
  <testcase name="unmarshalStreamSourceReader" classname="org.springframework.oxm.jibx.JibxUnmarshallerTests" time="0.002"/>
  <testcase name="unmarshalJaxp14StaxSourceXmlEventReader" classname="org.springframework.oxm.jibx.JibxUnmarshallerTests" time="0.005"/>
  <testcase name="unmarshalStaxSourceXmlStreamReader" classname="org.springframework.oxm.jibx.JibxUnmarshallerTests" time="0.001"/>
  <testcase name="unmarshalSAXSource" classname="org.springframework.oxm.jibx.JibxUnmarshallerTests" time="0.001"/>
  <testcase name="unmarshalStreamSourceInputStream" classname="org.springframework.oxm.jibx.JibxUnmarshallerTests" time="0.001"/>
  <testcase name="unmarshalJaxp14StaxSourceXmlStreamReader" classname="org.springframework.oxm.jibx.JibxUnmarshallerTests" time="0.001"/>
  <testcase name="unmarshalStaxSourceXmlEventReader" classname="org.springframework.oxm.jibx.JibxUnmarshallerTests" time="0.001"/>
  <testcase name="unmarshalDomSource" classname="org.springframework.oxm.jibx.JibxUnmarshallerTests" time="0.01"/>
  <system-out><![CDATA[]]></system-out>
  <system-err><![CDATA[]]></system-err>
</testsuite>
