<?xml version="1.0" encoding="UTF-8"?>
<testsuite name="org.springframework.oxm.xstream.XStreamMarshallerTests" tests="20" skipped="2" failures="0" errors="0" timestamp="2020-08-26T04:00:10" hostname="PC-20191023THJJ" time="0.453">
  <properties/>
  <testcase name="aliasesByTypeStringClassMap" classname="org.springframework.oxm.xstream.XStreamMarshallerTests" time="0.0">
    <skipped/>
  </testcase>
  <testcase name="marshalStaxResultXMLStreamWriter" classname="org.springframework.oxm.xstream.XStreamMarshallerTests" time="0.26"/>
  <testcase name="marshalStreamResultOutputStream" classname="org.springframework.oxm.xstream.XStreamMarshallerTests" time="0.012"/>
  <testcase name="jettisonDriver" classname="org.springframework.oxm.xstream.XStreamMarshallerTests" time="0.032"/>
  <testcase name="marshalDOMResultToExistentDocument" classname="org.springframework.oxm.xstream.XStreamMarshallerTests" time="0.012"/>
  <testcase name="useAttributesForClassStringListMap" classname="org.springframework.oxm.xstream.XStreamMarshallerTests" time="0.01"/>
  <testcase name="fieldAliases" classname="org.springframework.oxm.xstream.XStreamMarshallerTests" time="0.009"/>
  <testcase name="implicitCollections" classname="org.springframework.oxm.xstream.XStreamMarshallerTests" time="0.013"/>
  <testcase name="useAttributesForStringClassMap" classname="org.springframework.oxm.xstream.XStreamMarshallerTests" time="0.01"/>
  <testcase name="jsonDriver" classname="org.springframework.oxm.xstream.XStreamMarshallerTests" time="0.007"/>
  <testcase name="annotatedMarshalStreamResultWriter" classname="org.springframework.oxm.xstream.XStreamMarshallerTests" time="0.016"/>
  <testcase name="useAttributesForClassStringMap" classname="org.springframework.oxm.xstream.XStreamMarshallerTests" time="0.01"/>
  <testcase name="omitFields" classname="org.springframework.oxm.xstream.XStreamMarshallerTests" time="0.005"/>
  <testcase name="aliasesByTypeStringStringMap" classname="org.springframework.oxm.xstream.XStreamMarshallerTests" time="0.0">
    <skipped/>
  </testcase>
  <testcase name="marshalStaxResultXMLEventWriter" classname="org.springframework.oxm.xstream.XStreamMarshallerTests" time="0.011"/>
  <testcase name="marshalSaxResult" classname="org.springframework.oxm.xstream.XStreamMarshallerTests" time="0.003"/>
  <testcase name="marshalStreamResultWriter" classname="org.springframework.oxm.xstream.XStreamMarshallerTests" time="0.009"/>
  <testcase name="marshalDOMResult" classname="org.springframework.oxm.xstream.XStreamMarshallerTests" time="0.013"/>
  <testcase name="useAttributesFor" classname="org.springframework.oxm.xstream.XStreamMarshallerTests" time="0.009"/>
  <testcase name="converters" classname="org.springframework.oxm.xstream.XStreamMarshallerTests" time="0.011"/>
  <system-out><![CDATA[]]></system-out>
  <system-err><![CDATA[Security framework of XStream not initialized, XStream is probably vulnerable.
Security framework of XStream not initialized, XStream is probably vulnerable.
]]></system-err>
</testsuite>
