<?xml version="1.0" encoding="UTF-8"?>
<testsuite name="org.springframework.jms.support.JmsAccessorTests" tests="4" skipped="0" failures="0" errors="0" timestamp="2020-08-26T03:59:13" hostname="PC-20191023THJJ" time="0.0">
  <properties/>
  <testcase name="testSessionTransactedModeReallyDoesDefaultToFalse" classname="org.springframework.jms.support.JmsAccessorTests" time="0.0"/>
  <testcase name="testChokesIfConnectionFactoryIsNotSupplied" classname="org.springframework.jms.support.JmsAccessorTests" time="0.0"/>
  <testcase name="testSetAcknowledgeModeNameChokesIfBadAckModeIsSupplied" classname="org.springframework.jms.support.JmsAccessorTests" time="0.0"/>
  <testcase name="testAcknowledgeModeReallyDoesDefaultToAutoAcknowledge" classname="org.springframework.jms.support.JmsAccessorTests" time="0.0"/>
  <system-out><![CDATA[]]></system-out>
  <system-err><![CDATA[]]></system-err>
</testsuite>
