<?xml version="1.0" encoding="UTF-8"?>
<testsuite name="org.springframework.jms.support.converter.MessagingMessageConverterTests" tests="3" skipped="0" failures="0" errors="0" timestamp="2020-08-26T03:59:13" hostname="PC-20191023THJJ" time="0.004">
  <properties/>
  <testcase name="simpleObject" classname="org.springframework.jms.support.converter.MessagingMessageConverterTests" time="0.004"/>
  <testcase name="onlyHandlesMessage" classname="org.springframework.jms.support.converter.MessagingMessageConverterTests" time="0.0"/>
  <testcase name="customPayloadConverter" classname="org.springframework.jms.support.converter.MessagingMessageConverterTests" time="0.0"/>
  <system-out><![CDATA[]]></system-out>
  <system-err><![CDATA[]]></system-err>
</testsuite>
