<?xml version="1.0" encoding="UTF-8"?>
<testsuite name="org.springframework.jms.annotation.JmsListenerAnnotationBeanPostProcessorTests" tests="5" skipped="0" failures="0" errors="0" timestamp="2020-08-26T03:59:10" hostname="PC-20191023THJJ" time="0.304">
  <properties/>
  <testcase name="simpleMessageListener" classname="org.springframework.jms.annotation.JmsListenerAnnotationBeanPostProcessorTests" time="0.017"/>
  <testcase name="invalidProxy" classname="org.springframework.jms.annotation.JmsListenerAnnotationBeanPostProcessorTests" time="0.185"/>
  <testcase name="sendToAnnotationFoundOnCglibProxy" classname="org.springframework.jms.annotation.JmsListenerAnnotationBeanPostProcessorTests" time="0.067"/>
  <testcase name="metaAnnotationIsDiscovered" classname="org.springframework.jms.annotation.JmsListenerAnnotationBeanPostProcessorTests" time="0.012"/>
  <testcase name="sendToAnnotationFoundOnInterfaceProxy" classname="org.springframework.jms.annotation.JmsListenerAnnotationBeanPostProcessorTests" time="0.023"/>
  <system-out><![CDATA[]]></system-out>
  <system-err><![CDATA[]]></system-err>
</testsuite>
