<?xml version="1.0" encoding="UTF-8"?>
<testsuite name="org.springframework.jms.core.JmsMessagingTemplateTests" tests="49" skipped="0" failures="0" errors="0" timestamp="2020-08-26T03:59:12" hostname="PC-20191023THJJ" time="0.146">
  <properties/>
  <testcase name="sendAndReceiveNoDefaultSet" classname="org.springframework.jms.core.JmsMessagingTemplateTests" time="0.109"/>
  <testcase name="receiveName" classname="org.springframework.jms.core.JmsMessagingTemplateTests" time="0.0"/>
  <testcase name="sendNoDefaultSet" classname="org.springframework.jms.core.JmsMessagingTemplateTests" time="0.0"/>
  <testcase name="convertMessageConversionExceptionOnReceive" classname="org.springframework.jms.core.JmsMessagingTemplateTests" time="0.007"/>
  <testcase name="receiveAndConvertName" classname="org.springframework.jms.core.JmsMessagingTemplateTests" time="0.0"/>
  <testcase name="convertMessageFormatException" classname="org.springframework.jms.core.JmsMessagingTemplateTests" time="0.004"/>
  <testcase name="convertAndSendPayloadName" classname="org.springframework.jms.core.JmsMessagingTemplateTests" time="0.001"/>
  <testcase name="sendDefaultDestinationName" classname="org.springframework.jms.core.JmsMessagingTemplateTests" time="0.0"/>
  <testcase name="sendPropertyInjection" classname="org.springframework.jms.core.JmsMessagingTemplateTests" time="0.001"/>
  <testcase name="sendDefaultDestination" classname="org.springframework.jms.core.JmsMessagingTemplateTests" time="0.001"/>
  <testcase name="convertSendAndReceiveDefaultDestinationName" classname="org.springframework.jms.core.JmsMessagingTemplateTests" time="0.0"/>
  <testcase name="receiveAndConvertNoConverter" classname="org.springframework.jms.core.JmsMessagingTemplateTests" time="0.001"/>
  <testcase name="convertAndSendNoDefaultSet" classname="org.springframework.jms.core.JmsMessagingTemplateTests" time="0.0"/>
  <testcase name="receiveAndConvertWithConversion" classname="org.springframework.jms.core.JmsMessagingTemplateTests" time="0.0"/>
  <testcase name="convertInvalidDestinationExceptionOnSendAndReceive" classname="org.springframework.jms.core.JmsMessagingTemplateTests" time="0.001"/>
  <testcase name="convertSendAndReceiveNoDefaultSet" classname="org.springframework.jms.core.JmsMessagingTemplateTests" time="0.001"/>
  <testcase name="receiveAndConvert" classname="org.springframework.jms.core.JmsMessagingTemplateTests" time="0.001"/>
  <testcase name="convertDestinationResolutionExceptionOnSend" classname="org.springframework.jms.core.JmsMessagingTemplateTests" time="0.0"/>
  <testcase name="sendAndReceiveName" classname="org.springframework.jms.core.JmsMessagingTemplateTests" time="0.001"/>
  <testcase name="convertAndSendDefaultDestinationName" classname="org.springframework.jms.core.JmsMessagingTemplateTests" time="0.0"/>
  <testcase name="convertSendAndReceivePayloadName" classname="org.springframework.jms.core.JmsMessagingTemplateTests" time="0.001"/>
  <testcase name="receiveNoDefaultSet" classname="org.springframework.jms.core.JmsMessagingTemplateTests" time="0.0"/>
  <testcase name="customConverterAlwaysTakesPrecedence" classname="org.springframework.jms.core.JmsMessagingTemplateTests" time="0.0"/>
  <testcase name="sendAndReceive" classname="org.springframework.jms.core.JmsMessagingTemplateTests" time="0.001"/>
  <testcase name="validateJmsTemplate" classname="org.springframework.jms.core.JmsMessagingTemplateTests" time="0.0"/>
  <testcase name="send" classname="org.springframework.jms.core.JmsMessagingTemplateTests" time="0.001"/>
  <testcase name="convertMessageConversionExceptionOnSend" classname="org.springframework.jms.core.JmsMessagingTemplateTests" time="0.0"/>
  <testcase name="convertSendAndReceiveDefaultDestination" classname="org.springframework.jms.core.JmsMessagingTemplateTests" time="0.001"/>
  <testcase name="convertAndSendDefaultDestination" classname="org.springframework.jms.core.JmsMessagingTemplateTests" time="0.0"/>
  <testcase name="payloadConverterIsConsistentConstructor" classname="org.springframework.jms.core.JmsMessagingTemplateTests" time="0.0"/>
  <testcase name="convertDestinationResolutionExceptionOnReceive" classname="org.springframework.jms.core.JmsMessagingTemplateTests" time="0.001"/>
  <testcase name="convertMessageNotWritableException" classname="org.springframework.jms.core.JmsMessagingTemplateTests" time="0.001"/>
  <testcase name="payloadConverterIsConsistentSetter" classname="org.springframework.jms.core.JmsMessagingTemplateTests" time="0.001"/>
  <testcase name="convertSendAndReceivePayload" classname="org.springframework.jms.core.JmsMessagingTemplateTests" time="0.0"/>
  <testcase name="convertMessageNotReadableException" classname="org.springframework.jms.core.JmsMessagingTemplateTests" time="0.002"/>
  <testcase name="convertInvalidDestinationExceptionOnSendAndReceiveWithName" classname="org.springframework.jms.core.JmsMessagingTemplateTests" time="0.0"/>
  <testcase name="receiveAndConvertNoInput" classname="org.springframework.jms.core.JmsMessagingTemplateTests" time="0.0"/>
  <testcase name="sendAndReceiveDefaultDestinationName" classname="org.springframework.jms.core.JmsMessagingTemplateTests" time="0.0"/>
  <testcase name="receive" classname="org.springframework.jms.core.JmsMessagingTemplateTests" time="0.001"/>
  <testcase name="convertAndSendPayload" classname="org.springframework.jms.core.JmsMessagingTemplateTests" time="0.0"/>
  <testcase name="receiveAndConvertDefaultDestinationName" classname="org.springframework.jms.core.JmsMessagingTemplateTests" time="0.001"/>
  <testcase name="sendName" classname="org.springframework.jms.core.JmsMessagingTemplateTests" time="0.0"/>
  <testcase name="receiveDefaultDestinationName" classname="org.springframework.jms.core.JmsMessagingTemplateTests" time="0.001"/>
  <testcase name="sendAndReceiveDefaultDestination" classname="org.springframework.jms.core.JmsMessagingTemplateTests" time="0.0"/>
  <testcase name="convertAndSendPayloadAndHeaders" classname="org.springframework.jms.core.JmsMessagingTemplateTests" time="0.002"/>
  <testcase name="convertAndSendCustomJmsMessageConverter" classname="org.springframework.jms.core.JmsMessagingTemplateTests" time="0.001"/>
  <testcase name="receiveAndConvertDefaultDestination" classname="org.springframework.jms.core.JmsMessagingTemplateTests" time="0.001"/>
  <testcase name="receiveDefaultDestination" classname="org.springframework.jms.core.JmsMessagingTemplateTests" time="0.0"/>
  <testcase name="convertAndSendPayloadAndHeadersName" classname="org.springframework.jms.core.JmsMessagingTemplateTests" time="0.001"/>
  <system-out><![CDATA[]]></system-out>
  <system-err><![CDATA[]]></system-err>
</testsuite>
