<?xml version="1.0" encoding="UTF-8"?>
<testsuite name="org.springframework.jms.connection.JmsTransactionManagerTests" tests="7" skipped="0" failures="0" errors="0" timestamp="2020-08-26T03:59:11" hostname="PC-20191023THJJ" time="0.079">
  <properties/>
  <testcase name="testTransactionSuspension" classname="org.springframework.jms.connection.JmsTransactionManagerTests" time="0.042"/>
  <testcase name="testTransactionCommit" classname="org.springframework.jms.connection.JmsTransactionManagerTests" time="0.0"/>
  <testcase name="testSuspendedTransaction" classname="org.springframework.jms.connection.JmsTransactionManagerTests" time="0.002"/>
  <testcase name="testParticipatingTransactionWithCommit" classname="org.springframework.jms.connection.JmsTransactionManagerTests" time="0.001"/>
  <testcase name="testTransactionRollback" classname="org.springframework.jms.connection.JmsTransactionManagerTests" time="0.001"/>
  <testcase name="testParticipatingTransactionWithRollbackOnly" classname="org.springframework.jms.connection.JmsTransactionManagerTests" time="0.001"/>
  <testcase name="testTransactionCommitWithMessageProducer" classname="org.springframework.jms.connection.JmsTransactionManagerTests" time="0.032"/>
  <system-out><![CDATA[]]></system-out>
  <system-err><![CDATA[]]></system-err>
</testsuite>
