<?xml version="1.0" encoding="UTF-8"?>
<testsuite name="org.springframework.expression.spel.SpelExceptionTests" tests="9" skipped="0" failures="0" errors="0" timestamp="2020-08-26T03:58:56" hostname="PC-20191023THJJ" time="0.003">
  <properties/>
  <testcase name="spelExpressionListWithVariables" classname="org.springframework.expression.spel.SpelExceptionTests" time="0.001"/>
  <testcase name="spelExpressionMapNullVariables" classname="org.springframework.expression.spel.SpelExceptionTests" time="0.0"/>
  <testcase name="spelExpressionListNullVariables" classname="org.springframework.expression.spel.SpelExceptionTests" time="0.0"/>
  <testcase name="spelExpressionListIndexAccessWithVariables" classname="org.springframework.expression.spel.SpelExceptionTests" time="0.001"/>
  <testcase name="spelExpressionListIndexAccessNullVariables" classname="org.springframework.expression.spel.SpelExceptionTests" time="0.0"/>
  <testcase name="spelExpressionMapIndexAccessNullVariables" classname="org.springframework.expression.spel.SpelExceptionTests" time="0.0"/>
  <testcase name="spelExpressionArrayWithVariables" classname="org.springframework.expression.spel.SpelExceptionTests" time="0.001"/>
  <testcase name="spelExpressionArrayIndexAccessNullVariables" classname="org.springframework.expression.spel.SpelExceptionTests" time="0.0"/>
  <testcase name="spelExpressionMapWithVariables" classname="org.springframework.expression.spel.SpelExceptionTests" time="0.0"/>
  <system-out><![CDATA[]]></system-out>
  <system-err><![CDATA[]]></system-err>
</testsuite>
