<?xml version="1.0" encoding="UTF-8"?>
<testsuite name="org.springframework.expression.spel.standard.PropertiesConversionSpelTests" tests="4" skipped="0" failures="0" errors="0" timestamp="2020-08-26T03:58:56" hostname="PC-20191023THJJ" time="0.001">
  <properties/>
  <testcase name="customMapWithNonStringValue" classname="org.springframework.expression.spel.standard.PropertiesConversionSpelTests" time="0.001"/>
  <testcase name="mapWithAllStringValues" classname="org.springframework.expression.spel.standard.PropertiesConversionSpelTests" time="0.0"/>
  <testcase name="props" classname="org.springframework.expression.spel.standard.PropertiesConversionSpelTests" time="0.0"/>
  <testcase name="mapWithNonStringValue" classname="org.springframework.expression.spel.standard.PropertiesConversionSpelTests" time="0.0"/>
  <system-out><![CDATA[]]></system-out>
  <system-err><![CDATA[]]></system-err>
</testsuite>
