<?xml version="1.0" encoding="UTF-8"?>
<testsuite name="org.springframework.expression.spel.CachedMethodExecutorTests" tests="2" skipped="0" failures="0" errors="0" timestamp="2020-08-26T03:58:56" hostname="PC-20191023THJJ" time="0.003">
  <properties/>
  <testcase name="testCachedExecutionForTarget" classname="org.springframework.expression.spel.CachedMethodExecutorTests" time="0.002"/>
  <testcase name="testCachedExecutionForParameters" classname="org.springframework.expression.spel.CachedMethodExecutorTests" time="0.001"/>
  <system-out><![CDATA[]]></system-out>
  <system-err><![CDATA[]]></system-err>
</testsuite>
