<?xml version="1.0" encoding="UTF-8"?>
<testsuite name="org.springframework.transaction.TxNamespaceHandlerEventTests" tests="1" skipped="0" failures="0" errors="0" timestamp="2020-08-26T04:01:28" hostname="PC-20191023THJJ" time="0.013">
  <properties/>
  <testcase name="componentEventReceived" classname="org.springframework.transaction.TxNamespaceHandlerEventTests" time="0.013"/>
  <system-out><![CDATA[]]></system-out>
  <system-err><![CDATA[]]></system-err>
</testsuite>
