<?xml version="1.0" encoding="UTF-8"?>
<testsuite name="org.springframework.jca.cci.EisOperationTests" tests="5" skipped="0" failures="0" errors="0" timestamp="2020-08-26T04:01:26" hostname="PC-20191023THJJ" time="0.011">
  <properties/>
  <testcase name="testSimpleRecordOperationWithInputOutputRecord" classname="org.springframework.jca.cci.EisOperationTests" time="0.002"/>
  <testcase name="testMappingRecordOperationWithOutputRecordCreator" classname="org.springframework.jca.cci.EisOperationTests" time="0.008"/>
  <testcase name="testSimpleRecordOperation" classname="org.springframework.jca.cci.EisOperationTests" time="0.0"/>
  <testcase name="testSimpleRecordOperationWithExplicitOutputRecord" classname="org.springframework.jca.cci.EisOperationTests" time="0.0"/>
  <testcase name="testMappingRecordOperation" classname="org.springframework.jca.cci.EisOperationTests" time="0.0"/>
  <system-out><![CDATA[]]></system-out>
  <system-err><![CDATA[]]></system-err>
</testsuite>
