<?xml version="1.0" encoding="UTF-8"?>
<testsuite name="org.springframework.transaction.TxNamespaceHandlerTests" tests="3" skipped="0" failures="0" errors="0" timestamp="2020-08-26T04:01:28" hostname="PC-20191023THJJ" time="0.061">
  <properties/>
  <testcase name="rollbackRules" classname="org.springframework.transaction.TxNamespaceHandlerTests" time="0.026"/>
  <testcase name="invokeTransactional" classname="org.springframework.transaction.TxNamespaceHandlerTests" time="0.019"/>
  <testcase name="isProxy" classname="org.springframework.transaction.TxNamespaceHandlerTests" time="0.016"/>
  <system-out><![CDATA[]]></system-out>
  <system-err><![CDATA[]]></system-err>
</testsuite>
