<?xml version="1.0" encoding="UTF-8"?>
<testsuite name="org.springframework.transaction.JndiJtaTransactionManagerTests" tests="6" skipped="0" failures="0" errors="0" timestamp="2020-08-26T04:01:28" hostname="PC-20191023THJJ" time="0.023">
  <properties/>
  <testcase name="jtaTransactionManagerWithDefaultJndiLookupsAndNoTmFound" classname="org.springframework.transaction.JndiJtaTransactionManagerTests" time="0.02"/>
  <testcase name="jtaTransactionManagerWithDefaultJndiLookups1" classname="org.springframework.transaction.JndiJtaTransactionManagerTests" time="0.0"/>
  <testcase name="jtaTransactionManagerWithDefaultJndiLookups2" classname="org.springframework.transaction.JndiJtaTransactionManagerTests" time="0.001"/>
  <testcase name="jtaTransactionManagerWithDefaultJndiLookupsAndNoUtFound" classname="org.springframework.transaction.JndiJtaTransactionManagerTests" time="0.001"/>
  <testcase name="jtaTransactionManagerWithNotCacheUserTransaction" classname="org.springframework.transaction.JndiJtaTransactionManagerTests" time="0.001"/>
  <testcase name="jtaTransactionManagerWithCustomJndiLookups" classname="org.springframework.transaction.JndiJtaTransactionManagerTests" time="0.0"/>
  <system-out><![CDATA[12:01:28.100 [Test worker] WARN  org.springframework.transaction.jta.JtaTransactionManager - No JTA TransactionManager found: transaction suspension not available
12:01:28.103 [Test worker] WARN  org.springframework.transaction.jta.JtaTransactionManager - No JTA TransactionManager found: transaction suspension not available
]]></system-out>
  <system-err><![CDATA[]]></system-err>
</testsuite>
