<?xml version="1.0" encoding="UTF-8"?>
<testsuite name="org.springframework.transaction.event.TransactionalEventListenerTests" tests="15" skipped="0" failures="0" errors="0" timestamp="2020-08-26T04:01:27" hostname="PC-20191023THJJ" time="0.227">
  <properties/>
  <testcase name="immediately" classname="org.springframework.transaction.event.TransactionalEventListenerTests" time="0.069"/>
  <testcase name="afterCompletionRollback" classname="org.springframework.transaction.event.TransactionalEventListenerTests" time="0.01"/>
  <testcase name="noTransaction" classname="org.springframework.transaction.event.TransactionalEventListenerTests" time="0.011"/>
  <testcase name="noTransactionWithFallbackExecution" classname="org.springframework.transaction.event.TransactionalEventListenerTests" time="0.022"/>
  <testcase name="beforeCommit" classname="org.springframework.transaction.event.TransactionalEventListenerTests" time="0.009"/>
  <testcase name="afterCommitMetaAnnotation" classname="org.springframework.transaction.event.TransactionalEventListenerTests" time="0.011"/>
  <testcase name="afterCommit" classname="org.springframework.transaction.event.TransactionalEventListenerTests" time="0.008"/>
  <testcase name="afterCompletionCommit" classname="org.springframework.transaction.event.TransactionalEventListenerTests" time="0.009"/>
  <testcase name="conditionFoundOnMetaAnnotation" classname="org.springframework.transaction.event.TransactionalEventListenerTests" time="0.009"/>
  <testcase name="regularTransaction" classname="org.springframework.transaction.event.TransactionalEventListenerTests" time="0.011"/>
  <testcase name="conditionFoundOnTransactionalEventListener" classname="org.springframework.transaction.event.TransactionalEventListenerTests" time="0.008"/>
  <testcase name="afterRollback" classname="org.springframework.transaction.event.TransactionalEventListenerTests" time="0.009"/>
  <testcase name="beforeCommitWithException" classname="org.springframework.transaction.event.TransactionalEventListenerTests" time="0.008"/>
  <testcase name="immediatelyImpactsCurrentTransaction" classname="org.springframework.transaction.event.TransactionalEventListenerTests" time="0.009"/>
  <testcase name="afterCommitWithTransactionalComponentListenerProxiedViaDynamicProxy" classname="org.springframework.transaction.event.TransactionalEventListenerTests" time="0.022"/>
  <system-out><![CDATA[12:01:27.605 [Test worker] WARN  org.springframework.transaction.event.ApplicationListenerMethodTransactionalAdapter - Processing org.springframework.context.PayloadApplicationEvent[source=org.springframework.context.annotation.AnnotationConfigApplicationContext@636c6562, started on Wed Aug 26 12:01:27 CST 2020] as a fallback execution on AFTER_ROLLBACK phase
]]></system-out>
  <system-err><![CDATA[]]></system-err>
</testsuite>
