<?xml version="1.0" encoding="UTF-8"?>
<testsuite name="org.springframework.jca.cci.CciLocalTransactionTests" tests="2" skipped="0" failures="0" errors="0" timestamp="2020-08-26T04:01:25" hostname="PC-20191023THJJ" time="0.67">
  <properties/>
  <testcase name="testLocalTransactionRollback" classname="org.springframework.jca.cci.CciLocalTransactionTests" time="0.668"/>
  <testcase name="testLocalTransactionCommit" classname="org.springframework.jca.cci.CciLocalTransactionTests" time="0.002"/>
  <system-out><![CDATA[]]></system-out>
  <system-err><![CDATA[]]></system-err>
</testsuite>
