<?xml version="1.0" encoding="UTF-8"?>
<testsuite name="org.springframework.transaction.JtaTransactionManagerTests" tests="44" skipped="0" failures="0" errors="0" timestamp="2020-08-26T04:01:28" hostname="PC-20191023THJJ" time="0.053">
  <properties/>
  <testcase name="jtaTransactionManagerWithPropagationRequiresNewAndAdapter" classname="org.springframework.transaction.JtaTransactionManagerTests" time="0.006"/>
  <testcase name="jtaTransactionManagerWithPropagationNotSupported" classname="org.springframework.transaction.JtaTransactionManagerTests" time="0.001"/>
  <testcase name="jtaTransactionManagerWithHeuristicRollbackExceptionOnCommit" classname="org.springframework.transaction.JtaTransactionManagerTests" time="0.001"/>
  <testcase name="jtaTransactionManagerWithExistingTransactionAndSynchronizationNever" classname="org.springframework.transaction.JtaTransactionManagerTests" time="0.004"/>
  <testcase name="jtaTransactionManagerWithPropagationSupportsAndSynchronizationNever" classname="org.springframework.transaction.JtaTransactionManagerTests" time="0.001"/>
  <testcase name="jtaTransactionManagerWithCommitAndSynchronizationNever" classname="org.springframework.transaction.JtaTransactionManagerTests" time="0.001"/>
  <testcase name="jtaTransactionManagerWithNestedBegin" classname="org.springframework.transaction.JtaTransactionManagerTests" time="0.0"/>
  <testcase name="jtaTransactionManagerWithDoubleRollback" classname="org.springframework.transaction.JtaTransactionManagerTests" time="0.0"/>
  <testcase name="jtaTransactionManagerWithExistingTransactionAndCommitException" classname="org.springframework.transaction.JtaTransactionManagerTests" time="0.01"/>
  <testcase name="jtaTransactionManagerWithPropagationSupportsAndSynchronizationOnActual" classname="org.springframework.transaction.JtaTransactionManagerTests" time="0.001"/>
  <testcase name="jtaTransactionManagerWithNoExceptionOnGlobalRollbackOnlyAndFailEarly" classname="org.springframework.transaction.JtaTransactionManagerTests" time="0.001"/>
  <testcase name="jtaTransactionManagerWithSystemExceptionOnCommit" classname="org.springframework.transaction.JtaTransactionManagerTests" time="0.001"/>
  <testcase name="jtaTransactionManagerWithPropagationRequiresNewAndExistingWithSuspendException" classname="org.springframework.transaction.JtaTransactionManagerTests" time="0.001"/>
  <testcase name="jtaTransactionManagerWithNoExceptionOnGlobalRollbackOnly" classname="org.springframework.transaction.JtaTransactionManagerTests" time="0.0"/>
  <testcase name="jtaTransactionManagerWithRollbackExceptionOnCommit" classname="org.springframework.transaction.JtaTransactionManagerTests" time="0.001"/>
  <testcase name="jtaTransactionManagerWithIllegalStateExceptionOnRollbackOnly" classname="org.springframework.transaction.JtaTransactionManagerTests" time="0.001"/>
  <testcase name="jtaTransactionManagerWithExistingTransactionAndRollbackOnly" classname="org.springframework.transaction.JtaTransactionManagerTests" time="0.001"/>
  <testcase name="jtaTransactionManagerWithPropagationRequiresNewWithinSupports" classname="org.springframework.transaction.JtaTransactionManagerTests" time="0.001"/>
  <testcase name="jtaTransactionManagerWithHeuristicMixedExceptionOnCommit" classname="org.springframework.transaction.JtaTransactionManagerTests" time="0.001"/>
  <testcase name="jtaTransactionManagerWithRollback" classname="org.springframework.transaction.JtaTransactionManagerTests" time="0.001"/>
  <testcase name="jtaTransactionManagerWithExistingTransactionAndRollbackOnlyAndNoGlobalRollback" classname="org.springframework.transaction.JtaTransactionManagerTests" time="0.0"/>
  <testcase name="jtaTransactionManagerWithRollbackAndSynchronizationOnActual" classname="org.springframework.transaction.JtaTransactionManagerTests" time="0.001"/>
  <testcase name="jtaTransactionManagerWithRollbackAndSynchronizationNever" classname="org.springframework.transaction.JtaTransactionManagerTests" time="0.004"/>
  <testcase name="jtaTransactionManagerWithIsolationLevel" classname="org.springframework.transaction.JtaTransactionManagerTests" time="0.0"/>
  <testcase name="jtaTransactionManagerWithExistingTransactionAndJtaSynchronization" classname="org.springframework.transaction.JtaTransactionManagerTests" time="0.001"/>
  <testcase name="jtaTransactionManagerWithRollbackAndCommit" classname="org.springframework.transaction.JtaTransactionManagerTests" time="0.001"/>
  <testcase name="jtaTransactionManagerWithPropagationRequiresNew" classname="org.springframework.transaction.JtaTransactionManagerTests" time="0.0"/>
  <testcase name="jtaTransactionManagerWithPropagationRequiresNewAndSuspensionNotSupported" classname="org.springframework.transaction.JtaTransactionManagerTests" time="0.0"/>
  <testcase name="jtaTransactionManagerWithPropagationRequiresNewAndExistingWithBeginException" classname="org.springframework.transaction.JtaTransactionManagerTests" time="0.001"/>
  <testcase name="jtaTransactionManagerWithExistingTransactionAndExceptionAndNoGlobalRollback" classname="org.springframework.transaction.JtaTransactionManagerTests" time="0.0"/>
  <testcase name="jtaTransactionManagerWithSystemExceptionOnBegin" classname="org.springframework.transaction.JtaTransactionManagerTests" time="0.001"/>
  <testcase name="jtaTransactionManagerWithSystemExceptionOnIsExisting" classname="org.springframework.transaction.JtaTransactionManagerTests" time="0.0"/>
  <testcase name="jtaTransactionManagerWithUnsupportedOperationExceptionOnNestedBegin" classname="org.springframework.transaction.JtaTransactionManagerTests" time="0.001"/>
  <testcase name="jtaTransactionManagerWithCommitAndSynchronizationOnActual" classname="org.springframework.transaction.JtaTransactionManagerTests" time="0.001"/>
  <testcase name="jtaTransactionManagerWithNotSupportedExceptionOnNestedBegin" classname="org.springframework.transaction.JtaTransactionManagerTests" time="0.0"/>
  <testcase name="jtaTransactionManagerWithSystemExceptionOnRollback" classname="org.springframework.transaction.JtaTransactionManagerTests" time="0.001"/>
  <testcase name="jtaTransactionManagerWithPropagationSupports" classname="org.springframework.transaction.JtaTransactionManagerTests" time="0.001"/>
  <testcase name="jtaTransactionManagerWithExistingTransactionAndException" classname="org.springframework.transaction.JtaTransactionManagerTests" time="0.0"/>
  <testcase name="jtaTransactionManagerWithExistingAndPropagationSupports" classname="org.springframework.transaction.JtaTransactionManagerTests" time="0.001"/>
  <testcase name="jtaTransactionManagerWithPropagationRequiresNewAndExisting" classname="org.springframework.transaction.JtaTransactionManagerTests" time="0.0"/>
  <testcase name="jtaTransactionManagerWithExistingTransactionAndSynchronizationOnActual" classname="org.springframework.transaction.JtaTransactionManagerTests" time="0.001"/>
  <testcase name="jtaTransactionManagerWithCommit" classname="org.springframework.transaction.JtaTransactionManagerTests" time="0.0"/>
  <testcase name="jtaTransactionManagerWithSystemExceptionOnRollbackOnly" classname="org.springframework.transaction.JtaTransactionManagerTests" time="0.0"/>
  <testcase name="jtaTransactionManagerWithDoubleCommit" classname="org.springframework.transaction.JtaTransactionManagerTests" time="0.001"/>
  <system-out><![CDATA[12:01:28.135 [Test worker] WARN  org.springframework.transaction.jta.JtaTransactionManager - No JTA TransactionManager found: transaction suspension not available
12:01:28.136 [Test worker] WARN  org.springframework.transaction.jta.JtaTransactionManager - No JTA TransactionManager found: transaction suspension not available
12:01:28.137 [Test worker] WARN  org.springframework.transaction.jta.JtaTransactionManager - No JTA TransactionManager found: transaction suspension not available
12:01:28.148 [Test worker] WARN  org.springframework.transaction.jta.JtaTransactionManager - Participating in existing JTA transaction, but no JTA TransactionManager available: cannot register Spring after-completion callbacks with outer JTA transaction - processing Spring after-completion callbacks with outcome status 'unknown'
12:01:28.148 [Test worker] WARN  org.springframework.transaction.jta.JtaTransactionManager - No JTA TransactionManager found: transaction suspension not available
12:01:28.154 [Test worker] WARN  org.springframework.transaction.jta.JtaTransactionManager - Participating in existing JTA transaction, but no JTA TransactionManager available: cannot register Spring after-completion callbacks with outer JTA transaction - processing Spring after-completion callbacks with outcome status 'unknown'
12:01:28.158 [Test worker] WARN  org.springframework.transaction.jta.JtaTransactionManager - Participating in existing JTA transaction, but no JTA TransactionManager available: cannot register Spring after-completion callbacks with outer JTA transaction - processing Spring after-completion callbacks with outcome status 'unknown'
12:01:28.159 [Test worker] WARN  org.springframework.transaction.jta.JtaTransactionManager - No JTA TransactionManager found: transaction suspension not available
12:01:28.167 [Test worker] WARN  org.springframework.transaction.jta.JtaTransactionManager - Participating in existing JTA transaction, but no JTA TransactionManager available: cannot register Spring after-completion callbacks with outer JTA transaction - processing Spring after-completion callbacks with outcome status 'unknown'
12:01:28.172 [Test worker] WARN  org.springframework.transaction.jta.JtaTransactionManager - Participating in existing JTA transaction, but no JTA TransactionManager available: cannot register Spring after-completion callbacks with outer JTA transaction - processing Spring after-completion callbacks with outcome status 'unknown'
12:01:28.173 [Test worker] WARN  org.springframework.transaction.jta.JtaTransactionManager - Participating in existing JTA transaction, but no JTA TransactionManager available: cannot register Spring after-completion callbacks with outer JTA transaction - processing Spring after-completion callbacks with outcome status 'unknown'
12:01:28.174 [Test worker] WARN  org.springframework.transaction.jta.JtaTransactionManager - Participating in existing JTA transaction, but no JTA TransactionManager available: cannot register Spring after-completion callbacks with outer JTA transaction - processing Spring after-completion callbacks with outcome status 'unknown'
12:01:28.176 [Test worker] WARN  org.springframework.transaction.jta.JtaTransactionManager - Participating in existing JTA transaction, but no JTA TransactionManager available: cannot register Spring after-completion callbacks with outer JTA transaction - processing Spring after-completion callbacks with outcome status 'unknown'
]]></system-out>
  <system-err><![CDATA[]]></system-err>
</testsuite>
