<?xml version="1.0" encoding="UTF-8"?>
<!-- Generated by org.testng.reporters.JUnitReportReporter -->
<testsuite skipped="0" hostname="PC-20191023THJJ" name="org.springframework.test.context.cache.ClassLevelDirtiesContextTestNGTests$ClassLevelDirtiesContextWithAfterEachTestMethodModeTestCase" tests="3" failures="0" timestamp="26 八月 2020 04:38:39 GMT" time="0.005" errors="0">
  <testcase name="verifyContextWasAutowired2" time="0.000" classname="org.springframework.test.context.cache.ClassLevelDirtiesContextTestNGTests$ClassLevelDirtiesContextWithAfterEachTestMethodModeTestCase"/>
  <testcase name="verifyContextWasAutowired1" time="0.002" classname="org.springframework.test.context.cache.ClassLevelDirtiesContextTestNGTests$ClassLevelDirtiesContextWithAfterEachTestMethodModeTestCase"/>
  <testcase name="verifyContextWasAutowired3" time="0.003" classname="org.springframework.test.context.cache.ClassLevelDirtiesContextTestNGTests$ClassLevelDirtiesContextWithAfterEachTestMethodModeTestCase"/>
</testsuite> <!-- org.springframework.test.context.cache.ClassLevelDirtiesContextTestNGTests$ClassLevelDirtiesContextWithAfterEachTestMethodModeTestCase -->
