<?xml version="1.0" encoding="UTF-8"?>
<testsuite name="org.springframework.test.annotation.ProfileValueUtilsTests" tests="3" skipped="0" failures="0" errors="0" timestamp="2020-08-26T04:38:37" hostname="PC-20191023THJJ" time="0.06">
  <properties/>
  <testcase name="isTestEnabledInThisEnvironmentForProvidedClass" classname="org.springframework.test.annotation.ProfileValueUtilsTests" time="0.056"/>
  <testcase name="isTestEnabledInThisEnvironmentForProvidedMethodAndClass" classname="org.springframework.test.annotation.ProfileValueUtilsTests" time="0.003"/>
  <testcase name="isTestEnabledInThisEnvironmentForProvidedProfileValueSourceMethodAndClass" classname="org.springframework.test.annotation.ProfileValueUtilsTests" time="0.001"/>
  <system-out><![CDATA[]]></system-out>
  <system-err><![CDATA[]]></system-err>
</testsuite>
