<?xml version="1.0" encoding="UTF-8"?>
<testsuite name="org.springframework.test.web.servlet.samples.standalone.RedirectTests" tests="5" skipped="0" failures="0" errors="0" timestamp="2020-08-26T04:39:19" hostname="PC-20191023THJJ" time="0.364">
  <properties/>
  <testcase name="saveSpecial" classname="org.springframework.test.web.servlet.samples.standalone.RedirectTests" time="0.065"/>
  <testcase name="saveSpecialWithErrors" classname="org.springframework.test.web.servlet.samples.standalone.RedirectTests" time="0.127"/>
  <testcase name="save" classname="org.springframework.test.web.servlet.samples.standalone.RedirectTests" time="0.058"/>
  <testcase name="saveWithErrors" classname="org.springframework.test.web.servlet.samples.standalone.RedirectTests" time="0.057"/>
  <testcase name="getPerson" classname="org.springframework.test.web.servlet.samples.standalone.RedirectTests" time="0.057"/>
  <system-out><![CDATA[]]></system-out>
  <system-err><![CDATA[]]></system-err>
</testsuite>
