<?xml version="1.0" encoding="UTF-8"?>
<testsuite name="org.springframework.test.web.client.samples.MockMvcClientHttpRequestFactoryTests" tests="2" skipped="0" failures="0" errors="0" timestamp="2020-08-26T04:39:02" hostname="PC-20191023THJJ" time="0.182">
  <properties/>
  <testcase name="testAsyncTemplate" classname="org.springframework.test.web.client.samples.MockMvcClientHttpRequestFactoryTests" time="0.155"/>
  <testcase name="test" classname="org.springframework.test.web.client.samples.MockMvcClientHttpRequestFactoryTests" time="0.027"/>
  <system-out><![CDATA[]]></system-out>
  <system-err><![CDATA[]]></system-err>
</testsuite>
