<?xml version="1.0" encoding="UTF-8"?>
<testsuite name="org.springframework.test.web.reactive.server.samples.JsonContentTests" tests="4" skipped="0" failures="0" errors="0" timestamp="2020-08-26T04:39:06" hostname="PC-20191023THJJ" time="0.385">
  <properties/>
  <testcase name="jsonPathIsEqualTo" classname="org.springframework.test.web.reactive.server.samples.JsonContentTests" time="0.01"/>
  <testcase name="jsonContent" classname="org.springframework.test.web.reactive.server.samples.JsonContentTests" time="0.002"/>
  <testcase name="postJsonContent" classname="org.springframework.test.web.reactive.server.samples.JsonContentTests" time="0.042"/>
  <testcase name="jsonPathMatches" classname="org.springframework.test.web.reactive.server.samples.JsonContentTests" time="0.003"/>
  <system-out><![CDATA[]]></system-out>
  <system-err><![CDATA[]]></system-err>
</testsuite>
