<?xml version="1.0" encoding="UTF-8"?>
<testsuite name="org.springframework.test.web.servlet.setup.SharedHttpSessionTests" tests="2" skipped="0" failures="0" errors="0" timestamp="2020-08-26T04:39:25" hostname="PC-20191023THJJ" time="0.111">
  <properties/>
  <testcase name="httpSession" classname="org.springframework.test.web.servlet.setup.SharedHttpSessionTests" time="0.056"/>
  <testcase name="noHttpSession" classname="org.springframework.test.web.servlet.setup.SharedHttpSessionTests" time="0.055"/>
  <system-out><![CDATA[]]></system-out>
  <system-err><![CDATA[]]></system-err>
</testsuite>
