<?xml version="1.0" encoding="UTF-8"?>
<testsuite name="org.springframework.test.web.reactive.server.WebTestClientConnectorTests" tests="1" skipped="0" failures="0" errors="0" timestamp="2020-08-26T04:39:09" hostname="PC-20191023THJJ" time="0.01">
  <properties/>
  <testcase name="captureAndClaim" classname="org.springframework.test.web.reactive.server.WebTestClientConnectorTests" time="0.01"/>
  <system-out><![CDATA[]]></system-out>
  <system-err><![CDATA[]]></system-err>
</testsuite>
