<?xml version="1.0" encoding="UTF-8"?>
<testsuite name="org.springframework.test.util.ReflectionTestUtilsTests" tests="38" skipped="1" failures="0" errors="0" timestamp="2020-08-26T04:38:59" hostname="PC-20191023THJJ" time="0.028">
  <properties/>
  <testcase name="invokeMethodWithTooManyArguments" classname="org.springframework.test.util.ReflectionTestUtilsTests" time="0.0"/>
  <testcase name="setFieldWithNullValueForPrimitiveLong" classname="org.springframework.test.util.ReflectionTestUtilsTests" time="0.001"/>
  <testcase name="setFieldWithNullTargetObject" classname="org.springframework.test.util.ReflectionTestUtilsTests" time="0.0"/>
  <testcase name="invokeMethodWithAutoboxingAndUnboxing" classname="org.springframework.test.util.ReflectionTestUtilsTests" time="0.0"/>
  <testcase name="invokeMethodWithIncompatibleArgumentTypes" classname="org.springframework.test.util.ReflectionTestUtilsTests" time="0.0"/>
  <testcase name="setFieldOnLegacyEntityWithSideEffectsInToString" classname="org.springframework.test.util.ReflectionTestUtilsTests" time="0.001"/>
  <testcase name="setFieldWithNullTargetClass" classname="org.springframework.test.util.ReflectionTestUtilsTests" time="0.0"/>
  <testcase name="setFieldWithNullValueForPrimitiveInt" classname="org.springframework.test.util.ReflectionTestUtilsTests" time="0.0"/>
  <testcase name="setFieldWithNullValuesForNonPrimitives" classname="org.springframework.test.util.ReflectionTestUtilsTests" time="0.0"/>
  <testcase name="invokeSetterMethodAndInvokeGetterMethodWithExplicitMethodNames" classname="org.springframework.test.util.ReflectionTestUtilsTests" time="0.002"/>
  <testcase name="setFieldAndGetFieldForStandardUseCases" classname="org.springframework.test.util.ReflectionTestUtilsTests" time="0.001"/>
  <testcase name="invokeGetterMethodOnLegacyEntityWithSideEffectsInToString" classname="org.springframework.test.util.ReflectionTestUtilsTests" time="0.0"/>
  <testcase name="setFieldAndGetFieldViaCglibProxy" classname="org.springframework.test.util.ReflectionTestUtilsTests" time="0.015"/>
  <testcase name="invokeMethodWithPrimitiveVarArgsAsSingleArgument" classname="org.springframework.test.util.ReflectionTestUtilsTests" time="0.0"/>
  <testcase name="setFieldAndGetFieldViaJdkDynamicProxy" classname="org.springframework.test.util.ReflectionTestUtilsTests" time="0.003"/>
  <testcase name="invokeMethodWithPrimitiveVarArgs" classname="org.springframework.test.util.ReflectionTestUtilsTests" time="0.0">
    <skipped/>
  </testcase>
  <testcase name="invokeSetterMethodWithNullValuesForNonPrimitives" classname="org.springframework.test.util.ReflectionTestUtilsTests" time="0.0"/>
  <testcase name="setStaticFieldViaClassWithExplicitType" classname="org.springframework.test.util.ReflectionTestUtilsTests" time="0.001"/>
  <testcase name="invokeSetterMethodOnLegacyEntityWithSideEffectsInToString" classname="org.springframework.test.util.ReflectionTestUtilsTests" time="0.0"/>
  <testcase name="invokeSetterMethodWithNullValueForPrimitiveLong" classname="org.springframework.test.util.ReflectionTestUtilsTests" time="0.0"/>
  <testcase name="getFieldWithNullTargetClass" classname="org.springframework.test.util.ReflectionTestUtilsTests" time="0.0"/>
  <testcase name="invokeMethodOnLegacyEntityWithSideEffectsInToString" classname="org.springframework.test.util.ReflectionTestUtilsTests" time="0.0"/>
  <testcase name="invokeInitMethodBeforeAutowiring" classname="org.springframework.test.util.ReflectionTestUtilsTests" time="0.001"/>
  <testcase name="invokeSetterMethodWithNullValueForPrimitiveBoolean" classname="org.springframework.test.util.ReflectionTestUtilsTests" time="0.0"/>
  <testcase name="getStaticFieldViaClass" classname="org.springframework.test.util.ReflectionTestUtilsTests" time="0.0"/>
  <testcase name="getFieldOnLegacyEntityWithSideEffectsInToString" classname="org.springframework.test.util.ReflectionTestUtilsTests" time="0.0"/>
  <testcase name="getStaticFieldViaInstance" classname="org.springframework.test.util.ReflectionTestUtilsTests" time="0.001"/>
  <testcase name="getFieldWithNullTargetObject" classname="org.springframework.test.util.ReflectionTestUtilsTests" time="0.0"/>
  <testcase name="setStaticFieldViaInstance" classname="org.springframework.test.util.ReflectionTestUtilsTests" time="0.0"/>
  <testcase name="invokeMethodWithTooFewArguments" classname="org.springframework.test.util.ReflectionTestUtilsTests" time="0.0"/>
  <testcase name="invokeSetterMethodAndInvokeGetterMethodWithJavaBeanPropertyNames" classname="org.springframework.test.util.ReflectionTestUtilsTests" time="0.001"/>
  <testcase name="setFieldWithNullNameAndNullType" classname="org.springframework.test.util.ReflectionTestUtilsTests" time="0.0"/>
  <testcase name="setStaticFieldViaClass" classname="org.springframework.test.util.ReflectionTestUtilsTests" time="0.0"/>
  <testcase name="invokeSetterMethodWithNullValueForPrimitiveInt" classname="org.springframework.test.util.ReflectionTestUtilsTests" time="0.0"/>
  <testcase name="setFieldWithWrongType" classname="org.springframework.test.util.ReflectionTestUtilsTests" time="0.001"/>
  <testcase name="setFieldWithNullValueForPrimitiveBoolean" classname="org.springframework.test.util.ReflectionTestUtilsTests" time="0.0"/>
  <testcase name="setFieldWithBogusName" classname="org.springframework.test.util.ReflectionTestUtilsTests" time="0.0"/>
  <testcase name="invokeMethodSimulatingLifecycleEvents" classname="org.springframework.test.util.ReflectionTestUtilsTests" time="0.0"/>
  <system-out><![CDATA[12:38:59.587 [Test worker] DEBUG org.springframework.test.util.ReflectionTestUtils - Setting field 'id' of type [long] on target object [[PersonEntity@8f0a4a6 id = 0, name = [null], age = 0, eyeColor = [null], likesPets = false, favoriteNumber = [null]]] or target class [class org.springframework.test.util.subpackage.PersonEntity] to value [null]
12:38:59.587 [Test worker] DEBUG org.springframework.test.util.ReflectionTestUtils - Invoking method 'subtract' on target object [org.springframework.test.util.subpackage.Component@6402ea1d] with arguments {5, 2}
12:38:59.588 [Test worker] DEBUG org.springframework.test.util.ReflectionTestUtils - Setting field 'collaborator' of type [class java.lang.Object] on target of type [org.springframework.test.util.subpackage.LegacyEntity] whose toString() method threw [org.springframework.test.util.subpackage.LegacyEntityException: Invoking toString() on the default collaborator causes an undesirable side effect] or target class [class org.springframework.test.util.subpackage.LegacyEntity] to value [test collaborator]
12:38:59.588 [Test worker] DEBUG org.springframework.test.util.ReflectionTestUtils - Setting field 'age' of type [int] on target object [[PersonEntity@250cdd88 id = 0, name = [null], age = 0, eyeColor = [null], likesPets = false, favoriteNumber = [null]]] or target class [class org.springframework.test.util.subpackage.PersonEntity] to value [null]
12:38:59.588 [Test worker] DEBUG org.springframework.test.util.ReflectionTestUtils - Setting field 'name' of type [null] on target object [[PersonEntity@56ad8936 id = 0, name = [null], age = 0, eyeColor = [null], likesPets = false, favoriteNumber = [null]]] or target class [class org.springframework.test.util.subpackage.PersonEntity] to value [Tom]
12:38:59.588 [Test worker] DEBUG org.springframework.test.util.ReflectionTestUtils - Setting field 'eyeColor' of type [class java.lang.String] on target object [[PersonEntity@56ad8936 id = 0, name = 'Tom', age = 0, eyeColor = [null], likesPets = false, favoriteNumber = [null]]] or target class [class org.springframework.test.util.subpackage.PersonEntity] to value [blue]
12:38:59.588 [Test worker] DEBUG org.springframework.test.util.ReflectionTestUtils - Setting field 'favoriteNumber' of type [class java.lang.Number] on target object [[PersonEntity@56ad8936 id = 0, name = 'Tom', age = 0, eyeColor = 'blue', likesPets = false, favoriteNumber = [null]]] or target class [class org.springframework.test.util.subpackage.PersonEntity] to value [3.142857]
12:38:59.588 [Test worker] DEBUG org.springframework.test.util.ReflectionTestUtils - Setting field 'name' of type [class java.lang.String] on target object [[PersonEntity@56ad8936 id = 0, name = 'Tom', age = 0, eyeColor = 'blue', likesPets = false, favoriteNumber = 3.142857]] or target class [class org.springframework.test.util.subpackage.PersonEntity] to value [null]
12:38:59.588 [Test worker] DEBUG org.springframework.test.util.ReflectionTestUtils - Setting field 'eyeColor' of type [class java.lang.String] on target object [[PersonEntity@56ad8936 id = 0, name = [null], age = 0, eyeColor = 'blue', likesPets = false, favoriteNumber = 3.142857]] or target class [class org.springframework.test.util.subpackage.PersonEntity] to value [null]
12:38:59.588 [Test worker] DEBUG org.springframework.test.util.ReflectionTestUtils - Setting field 'favoriteNumber' of type [class java.lang.Number] on target object [[PersonEntity@56ad8936 id = 0, name = [null], age = 0, eyeColor = [null], likesPets = false, favoriteNumber = 3.142857]] or target class [class org.springframework.test.util.subpackage.PersonEntity] to value [null]
12:38:59.589 [Test worker] DEBUG org.springframework.test.util.ReflectionTestUtils - Invoking setter method 'setId' on target object [[PersonEntity@181dc797 id = 0, name = [null], age = 0, eyeColor = [null], likesPets = false, favoriteNumber = [null]]] with value [1]
12:38:59.589 [Test worker] DEBUG org.springframework.test.util.ReflectionTestUtils - Invoking setter method 'setName' on target object [[PersonEntity@181dc797 id = 1, name = [null], age = 0, eyeColor = [null], likesPets = false, favoriteNumber = [null]]] with value [Jerry]
12:38:59.589 [Test worker] DEBUG org.springframework.test.util.ReflectionTestUtils - Invoking setter method 'setAge' on target object [[PersonEntity@181dc797 id = 1, name = 'Jerry', age = 0, eyeColor = [null], likesPets = false, favoriteNumber = [null]]] with value [33]
12:38:59.589 [Test worker] DEBUG org.springframework.test.util.ReflectionTestUtils - Invoking setter method 'setEyeColor' on target object [[PersonEntity@181dc797 id = 1, name = 'Jerry', age = 33, eyeColor = [null], likesPets = false, favoriteNumber = [null]]] with value [green]
12:38:59.589 [Test worker] DEBUG org.springframework.test.util.ReflectionTestUtils - Invoking setter method 'setLikesPets' on target object [[PersonEntity@181dc797 id = 1, name = 'Jerry', age = 33, eyeColor = 'green', likesPets = false, favoriteNumber = [null]]] with value [false]
12:38:59.589 [Test worker] DEBUG org.springframework.test.util.ReflectionTestUtils - Invoking setter method 'setFavoriteNumber' on target object [[PersonEntity@181dc797 id = 1, name = 'Jerry', age = 33, eyeColor = 'green', likesPets = false, favoriteNumber = [null]]] with value [42]
12:38:59.589 [Test worker] DEBUG org.springframework.test.util.ReflectionTestUtils - Invoking getter method 'getId' on target object [[PersonEntity@181dc797 id = 1, name = 'Jerry', age = 33, eyeColor = 'green', likesPets = false, favoriteNumber = 42]]
12:38:59.589 [Test worker] DEBUG org.springframework.test.util.ReflectionTestUtils - Invoking getter method 'getName' on target object [[PersonEntity@181dc797 id = 1, name = 'Jerry', age = 33, eyeColor = 'green', likesPets = false, favoriteNumber = 42]]
12:38:59.589 [Test worker] DEBUG org.springframework.test.util.ReflectionTestUtils - Invoking getter method 'getAge' on target object [[PersonEntity@181dc797 id = 1, name = 'Jerry', age = 33, eyeColor = 'green', likesPets = false, favoriteNumber = 42]]
12:38:59.590 [Test worker] DEBUG org.springframework.test.util.ReflectionTestUtils - Invoking getter method 'getEyeColor' on target object [[PersonEntity@181dc797 id = 1, name = 'Jerry', age = 33, eyeColor = 'green', likesPets = false, favoriteNumber = 42]]
12:38:59.590 [Test worker] DEBUG org.springframework.test.util.ReflectionTestUtils - Invoking getter method 'likesPets' on target object [[PersonEntity@181dc797 id = 1, name = 'Jerry', age = 33, eyeColor = 'green', likesPets = false, favoriteNumber = 42]]
12:38:59.590 [Test worker] DEBUG org.springframework.test.util.ReflectionTestUtils - Invoking getter method 'getFavoriteNumber' on target object [[PersonEntity@181dc797 id = 1, name = 'Jerry', age = 33, eyeColor = 'green', likesPets = false, favoriteNumber = 42]]
12:38:59.590 [Test worker] DEBUG org.springframework.test.util.ReflectionTestUtils - Setting field 'id' of type [long] on target object [[PersonEntity@5bbea981 id = 0, name = [null], age = 0, eyeColor = [null], likesPets = false, favoriteNumber = [null]]] or target class [class org.springframework.test.util.subpackage.PersonEntity] to value [99]
12:38:59.590 [Test worker] DEBUG org.springframework.test.util.ReflectionTestUtils - Setting field 'name' of type [null] on target object [[PersonEntity@5bbea981 id = 99, name = [null], age = 0, eyeColor = [null], likesPets = false, favoriteNumber = [null]]] or target class [class org.springframework.test.util.subpackage.PersonEntity] to value [Tom]
12:38:59.590 [Test worker] DEBUG org.springframework.test.util.ReflectionTestUtils - Setting field 'age' of type [null] on target object [[PersonEntity@5bbea981 id = 99, name = 'Tom', age = 0, eyeColor = [null], likesPets = false, favoriteNumber = [null]]] or target class [class org.springframework.test.util.subpackage.PersonEntity] to value [42]
12:38:59.590 [Test worker] DEBUG org.springframework.test.util.ReflectionTestUtils - Setting field 'eyeColor' of type [class java.lang.String] on target object [[PersonEntity@5bbea981 id = 99, name = 'Tom', age = 42, eyeColor = [null], likesPets = false, favoriteNumber = [null]]] or target class [class org.springframework.test.util.subpackage.PersonEntity] to value [blue]
12:38:59.590 [Test worker] DEBUG org.springframework.test.util.ReflectionTestUtils - Setting field 'likesPets' of type [null] on target object [[PersonEntity@5bbea981 id = 99, name = 'Tom', age = 42, eyeColor = 'blue', likesPets = false, favoriteNumber = [null]]] or target class [class org.springframework.test.util.subpackage.PersonEntity] to value [true]
12:38:59.590 [Test worker] DEBUG org.springframework.test.util.ReflectionTestUtils - Setting field 'favoriteNumber' of type [class java.lang.Number] on target object [[PersonEntity@5bbea981 id = 99, name = 'Tom', age = 42, eyeColor = 'blue', likesPets = true, favoriteNumber = [null]]] or target class [class org.springframework.test.util.subpackage.PersonEntity] to value [3.142857]
12:38:59.590 [Test worker] DEBUG org.springframework.test.util.ReflectionTestUtils - Getting field 'id' from target object [[PersonEntity@5bbea981 id = 99, name = 'Tom', age = 42, eyeColor = 'blue', likesPets = true, favoriteNumber = 3.142857]] or target class [class org.springframework.test.util.subpackage.PersonEntity]
12:38:59.590 [Test worker] DEBUG org.springframework.test.util.ReflectionTestUtils - Getting field 'name' from target object [[PersonEntity@5bbea981 id = 99, name = 'Tom', age = 42, eyeColor = 'blue', likesPets = true, favoriteNumber = 3.142857]] or target class [class org.springframework.test.util.subpackage.PersonEntity]
12:38:59.590 [Test worker] DEBUG org.springframework.test.util.ReflectionTestUtils - Getting field 'age' from target object [[PersonEntity@5bbea981 id = 99, name = 'Tom', age = 42, eyeColor = 'blue', likesPets = true, favoriteNumber = 3.142857]] or target class [class org.springframework.test.util.subpackage.PersonEntity]
12:38:59.591 [Test worker] DEBUG org.springframework.test.util.ReflectionTestUtils - Getting field 'eyeColor' from target object [[PersonEntity@5bbea981 id = 99, name = 'Tom', age = 42, eyeColor = 'blue', likesPets = true, favoriteNumber = 3.142857]] or target class [class org.springframework.test.util.subpackage.PersonEntity]
12:38:59.591 [Test worker] DEBUG org.springframework.test.util.ReflectionTestUtils - Getting field 'likesPets' from target object [[PersonEntity@5bbea981 id = 99, name = 'Tom', age = 42, eyeColor = 'blue', likesPets = true, favoriteNumber = 3.142857]] or target class [class org.springframework.test.util.subpackage.PersonEntity]
12:38:59.591 [Test worker] DEBUG org.springframework.test.util.ReflectionTestUtils - Getting field 'favoriteNumber' from target object [[PersonEntity@5bbea981 id = 99, name = 'Tom', age = 42, eyeColor = 'blue', likesPets = true, favoriteNumber = 3.142857]] or target class [class org.springframework.test.util.subpackage.PersonEntity]
12:38:59.591 [Test worker] DEBUG org.springframework.test.util.ReflectionTestUtils - Invoking getter method 'getCollaborator' on target of type [org.springframework.test.util.subpackage.LegacyEntity] whose toString() method threw [org.springframework.test.util.subpackage.LegacyEntityException: Invoking toString() on the default collaborator causes an undesirable side effect]
12:38:59.597 [Test worker] DEBUG org.springframework.test.util.ReflectionTestUtils - Setting field 'id' of type [long] on target object [[PersonEntity@5a44640 id = 0, name = [null], age = 0, eyeColor = [null], likesPets = false, favoriteNumber = [null]]] or target class [class org.springframework.test.util.subpackage.PersonEntity] to value [99]
12:38:59.597 [Test worker] DEBUG org.springframework.test.util.ReflectionTestUtils - Setting field 'name' of type [null] on target object [[PersonEntity@5a44640 id = 99, name = [null], age = 0, eyeColor = [null], likesPets = false, favoriteNumber = [null]]] or target class [class org.springframework.test.util.subpackage.PersonEntity] to value [Tom]
12:38:59.597 [Test worker] DEBUG org.springframework.test.util.ReflectionTestUtils - Setting field 'age' of type [null] on target object [[PersonEntity@5a44640 id = 99, name = 'Tom', age = 0, eyeColor = [null], likesPets = false, favoriteNumber = [null]]] or target class [class org.springframework.test.util.subpackage.PersonEntity] to value [42]
12:38:59.597 [Test worker] DEBUG org.springframework.test.util.ReflectionTestUtils - Setting field 'eyeColor' of type [class java.lang.String] on target object [[PersonEntity@5a44640 id = 99, name = 'Tom', age = 42, eyeColor = [null], likesPets = false, favoriteNumber = [null]]] or target class [class org.springframework.test.util.subpackage.PersonEntity] to value [blue]
12:38:59.597 [Test worker] DEBUG org.springframework.test.util.ReflectionTestUtils - Setting field 'likesPets' of type [null] on target object [[PersonEntity@5a44640 id = 99, name = 'Tom', age = 42, eyeColor = 'blue', likesPets = false, favoriteNumber = [null]]] or target class [class org.springframework.test.util.subpackage.PersonEntity] to value [true]
12:38:59.597 [Test worker] DEBUG org.springframework.test.util.ReflectionTestUtils - Setting field 'favoriteNumber' of type [class java.lang.Number] on target object [[PersonEntity@5a44640 id = 99, name = 'Tom', age = 42, eyeColor = 'blue', likesPets = true, favoriteNumber = [null]]] or target class [class org.springframework.test.util.subpackage.PersonEntity] to value [3.142857]
12:38:59.597 [Test worker] DEBUG org.springframework.test.util.ReflectionTestUtils - Getting field 'id' from target object [[PersonEntity@5a44640 id = 99, name = 'Tom', age = 42, eyeColor = 'blue', likesPets = true, favoriteNumber = 3.142857]] or target class [class org.springframework.test.util.subpackage.PersonEntity]
12:38:59.597 [Test worker] DEBUG org.springframework.test.util.ReflectionTestUtils - Getting field 'name' from target object [[PersonEntity@5a44640 id = 99, name = 'Tom', age = 42, eyeColor = 'blue', likesPets = true, favoriteNumber = 3.142857]] or target class [class org.springframework.test.util.subpackage.PersonEntity]
12:38:59.597 [Test worker] DEBUG org.springframework.test.util.ReflectionTestUtils - Getting field 'age' from target object [[PersonEntity@5a44640 id = 99, name = 'Tom', age = 42, eyeColor = 'blue', likesPets = true, favoriteNumber = 3.142857]] or target class [class org.springframework.test.util.subpackage.PersonEntity]
12:38:59.598 [Test worker] DEBUG org.springframework.test.util.ReflectionTestUtils - Getting field 'eyeColor' from target object [[PersonEntity@5a44640 id = 99, name = 'Tom', age = 42, eyeColor = 'blue', likesPets = true, favoriteNumber = 3.142857]] or target class [class org.springframework.test.util.subpackage.PersonEntity]
12:38:59.598 [Test worker] DEBUG org.springframework.test.util.ReflectionTestUtils - Getting field 'likesPets' from target object [[PersonEntity@5a44640 id = 99, name = 'Tom', age = 42, eyeColor = 'blue', likesPets = true, favoriteNumber = 3.142857]] or target class [class org.springframework.test.util.subpackage.PersonEntity]
12:38:59.598 [Test worker] DEBUG org.springframework.test.util.ReflectionTestUtils - Getting field 'favoriteNumber' from target object [[PersonEntity@5a44640 id = 99, name = 'Tom', age = 42, eyeColor = 'blue', likesPets = true, favoriteNumber = 3.142857]] or target class [class org.springframework.test.util.subpackage.PersonEntity]
12:38:59.606 [Test worker] DEBUG org.springframework.test.util.ReflectionTestUtils - Invoking method 'add' on target object [org.springframework.test.util.subpackage.Component@552b4514] with arguments {[I@11764926}
12:38:59.608 [Test worker] DEBUG org.springframework.test.util.ReflectionTestUtils - Setting field 'id' of type [long] on target object [[PersonEntity@30b9893b id = 0, name = [null], age = 0, eyeColor = [null], likesPets = false, favoriteNumber = [null]]] or target class [class org.springframework.test.util.subpackage.PersonEntity] to value [99]
12:38:59.608 [Test worker] DEBUG org.springframework.test.util.ReflectionTestUtils - Setting field 'name' of type [null] on target object [[PersonEntity@30b9893b id = 99, name = [null], age = 0, eyeColor = [null], likesPets = false, favoriteNumber = [null]]] or target class [class org.springframework.test.util.subpackage.PersonEntity] to value [Tom]
12:38:59.608 [Test worker] DEBUG org.springframework.test.util.ReflectionTestUtils - Setting field 'age' of type [null] on target object [[PersonEntity@30b9893b id = 99, name = 'Tom', age = 0, eyeColor = [null], likesPets = false, favoriteNumber = [null]]] or target class [class org.springframework.test.util.subpackage.PersonEntity] to value [42]
12:38:59.608 [Test worker] DEBUG org.springframework.test.util.ReflectionTestUtils - Setting field 'eyeColor' of type [class java.lang.String] on target object [[PersonEntity@30b9893b id = 99, name = 'Tom', age = 42, eyeColor = [null], likesPets = false, favoriteNumber = [null]]] or target class [class org.springframework.test.util.subpackage.PersonEntity] to value [blue]
12:38:59.608 [Test worker] DEBUG org.springframework.test.util.ReflectionTestUtils - Setting field 'likesPets' of type [null] on target object [[PersonEntity@30b9893b id = 99, name = 'Tom', age = 42, eyeColor = 'blue', likesPets = false, favoriteNumber = [null]]] or target class [class org.springframework.test.util.subpackage.PersonEntity] to value [true]
12:38:59.608 [Test worker] DEBUG org.springframework.test.util.ReflectionTestUtils - Setting field 'favoriteNumber' of type [class java.lang.Number] on target object [[PersonEntity@30b9893b id = 99, name = 'Tom', age = 42, eyeColor = 'blue', likesPets = true, favoriteNumber = [null]]] or target class [class org.springframework.test.util.subpackage.PersonEntity] to value [3.142857]
12:38:59.608 [Test worker] DEBUG org.springframework.test.util.ReflectionTestUtils - Getting field 'id' from target object [[PersonEntity@30b9893b id = 99, name = 'Tom', age = 42, eyeColor = 'blue', likesPets = true, favoriteNumber = 3.142857]] or target class [class org.springframework.test.util.subpackage.PersonEntity]
12:38:59.609 [Test worker] DEBUG org.springframework.test.util.ReflectionTestUtils - Getting field 'name' from target object [[PersonEntity@30b9893b id = 99, name = 'Tom', age = 42, eyeColor = 'blue', likesPets = true, favoriteNumber = 3.142857]] or target class [class org.springframework.test.util.subpackage.PersonEntity]
12:38:59.609 [Test worker] DEBUG org.springframework.test.util.ReflectionTestUtils - Getting field 'age' from target object [[PersonEntity@30b9893b id = 99, name = 'Tom', age = 42, eyeColor = 'blue', likesPets = true, favoriteNumber = 3.142857]] or target class [class org.springframework.test.util.subpackage.PersonEntity]
12:38:59.609 [Test worker] DEBUG org.springframework.test.util.ReflectionTestUtils - Getting field 'eyeColor' from target object [[PersonEntity@30b9893b id = 99, name = 'Tom', age = 42, eyeColor = 'blue', likesPets = true, favoriteNumber = 3.142857]] or target class [class org.springframework.test.util.subpackage.PersonEntity]
12:38:59.609 [Test worker] DEBUG org.springframework.test.util.ReflectionTestUtils - Getting field 'likesPets' from target object [[PersonEntity@30b9893b id = 99, name = 'Tom', age = 42, eyeColor = 'blue', likesPets = true, favoriteNumber = 3.142857]] or target class [class org.springframework.test.util.subpackage.PersonEntity]
12:38:59.609 [Test worker] DEBUG org.springframework.test.util.ReflectionTestUtils - Getting field 'favoriteNumber' from target object [[PersonEntity@30b9893b id = 99, name = 'Tom', age = 42, eyeColor = 'blue', likesPets = true, favoriteNumber = 3.142857]] or target class [class org.springframework.test.util.subpackage.PersonEntity]
12:38:59.609 [Test worker] DEBUG org.springframework.test.util.ReflectionTestUtils - Invoking setter method 'setName' on target object [[PersonEntity@7517e73f id = 0, name = [null], age = 0, eyeColor = [null], likesPets = false, favoriteNumber = [null]]] with value [null]
12:38:59.609 [Test worker] DEBUG org.springframework.test.util.ReflectionTestUtils - Invoking setter method 'setEyeColor' on target object [[PersonEntity@7517e73f id = 0, name = [null], age = 0, eyeColor = [null], likesPets = false, favoriteNumber = [null]]] with value [null]
12:38:59.610 [Test worker] DEBUG org.springframework.test.util.ReflectionTestUtils - Invoking setter method 'setFavoriteNumber' on target object [[PersonEntity@7517e73f id = 0, name = [null], age = 0, eyeColor = [null], likesPets = false, favoriteNumber = [null]]] with value [null]
12:38:59.610 [Test worker] DEBUG org.springframework.test.util.ReflectionTestUtils - Setting field 'publicField' of type [class java.lang.String] on target object [null] or target class [class org.springframework.test.util.subpackage.StaticFields] to value [xxx]
12:38:59.610 [Test worker] DEBUG org.springframework.test.util.ReflectionTestUtils - Setting field 'privateField' of type [class java.lang.String] on target object [null] or target class [class org.springframework.test.util.subpackage.StaticFields] to value [yyy]
12:38:59.610 [Test worker] DEBUG org.springframework.test.util.ReflectionTestUtils - Invoking setter method 'setCollaborator' on target of type [org.springframework.test.util.subpackage.LegacyEntity] whose toString() method threw [org.springframework.test.util.subpackage.LegacyEntityException: Invoking toString() on the default collaborator causes an undesirable side effect] with value [test collaborator]
12:38:59.610 [Test worker] DEBUG org.springframework.test.util.ReflectionTestUtils - Invoking setter method 'setId' on target object [[PersonEntity@67b4ac9b id = 0, name = [null], age = 0, eyeColor = [null], likesPets = false, favoriteNumber = [null]]] with value [null]
12:38:59.610 [Test worker] DEBUG org.springframework.test.util.ReflectionTestUtils - Invoking method 'configure' on target of type [org.springframework.test.util.subpackage.LegacyEntity] whose toString() method threw [org.springframework.test.util.subpackage.LegacyEntityException: Invoking toString() on the default collaborator causes an undesirable side effect] with arguments {42, enigma}
12:38:59.611 [Test worker] DEBUG org.springframework.test.util.ReflectionTestUtils - Invoking method 'init' on target object [org.springframework.test.util.subpackage.Component@c97f93d] with arguments {}
12:38:59.611 [Test worker] DEBUG org.springframework.test.util.ReflectionTestUtils - Invoking setter method 'setLikesPets' on target object [[PersonEntity@3332ec0 id = 0, name = [null], age = 0, eyeColor = [null], likesPets = false, favoriteNumber = [null]]] with value [null]
12:38:59.611 [Test worker] DEBUG org.springframework.test.util.ReflectionTestUtils - Getting field 'publicField' from target object [null] or target class [class org.springframework.test.util.subpackage.StaticFields]
12:38:59.611 [Test worker] DEBUG org.springframework.test.util.ReflectionTestUtils - Getting field 'privateField' from target object [null] or target class [class org.springframework.test.util.subpackage.StaticFields]
12:38:59.611 [Test worker] DEBUG org.springframework.test.util.ReflectionTestUtils - Getting field 'collaborator' from target of type [org.springframework.test.util.subpackage.LegacyEntity] whose toString() method threw [org.springframework.test.util.subpackage.LegacyEntityException: Invoking toString() on the default collaborator causes an undesirable side effect] or target class [class org.springframework.test.util.subpackage.LegacyEntity]
12:38:59.612 [Test worker] DEBUG org.springframework.test.util.ReflectionTestUtils - Getting field 'publicField' from target object [org.springframework.test.util.subpackage.StaticFields@68d231d9] or target class [class org.springframework.test.util.subpackage.StaticFields]
12:38:59.612 [Test worker] DEBUG org.springframework.test.util.ReflectionTestUtils - Getting field 'privateField' from target object [org.springframework.test.util.subpackage.StaticFields@68d231d9] or target class [class org.springframework.test.util.subpackage.StaticFields]
12:38:59.612 [Test worker] DEBUG org.springframework.test.util.ReflectionTestUtils - Setting field 'publicField' of type [null] on target object [org.springframework.test.util.subpackage.StaticFields@5b3f63ef] or target class [class org.springframework.test.util.subpackage.StaticFields] to value [xxx]
12:38:59.612 [Test worker] DEBUG org.springframework.test.util.ReflectionTestUtils - Setting field 'privateField' of type [null] on target object [org.springframework.test.util.subpackage.StaticFields@5b3f63ef] or target class [class org.springframework.test.util.subpackage.StaticFields] to value [yyy]
12:38:59.612 [Test worker] DEBUG org.springframework.test.util.ReflectionTestUtils - Invoking setter method 'setId' on target object [[PersonEntity@41600366 id = 0, name = [null], age = 0, eyeColor = [null], likesPets = false, favoriteNumber = [null]]] with value [99]
12:38:59.612 [Test worker] DEBUG org.springframework.test.util.ReflectionTestUtils - Invoking setter method 'setName' on target object [[PersonEntity@41600366 id = 99, name = [null], age = 0, eyeColor = [null], likesPets = false, favoriteNumber = [null]]] with value [Tom]
12:38:59.613 [Test worker] DEBUG org.springframework.test.util.ReflectionTestUtils - Invoking setter method 'setAge' on target object [[PersonEntity@41600366 id = 99, name = 'Tom', age = 0, eyeColor = [null], likesPets = false, favoriteNumber = [null]]] with value [42]
12:38:59.613 [Test worker] DEBUG org.springframework.test.util.ReflectionTestUtils - Invoking setter method 'setEyeColor' on target object [[PersonEntity@41600366 id = 99, name = 'Tom', age = 42, eyeColor = [null], likesPets = false, favoriteNumber = [null]]] with value [blue]
12:38:59.613 [Test worker] DEBUG org.springframework.test.util.ReflectionTestUtils - Invoking setter method 'setLikesPets' on target object [[PersonEntity@41600366 id = 99, name = 'Tom', age = 42, eyeColor = 'blue', likesPets = false, favoriteNumber = [null]]] with value [true]
12:38:59.613 [Test worker] DEBUG org.springframework.test.util.ReflectionTestUtils - Invoking setter method 'setFavoriteNumber' on target object [[PersonEntity@41600366 id = 99, name = 'Tom', age = 42, eyeColor = 'blue', likesPets = true, favoriteNumber = [null]]] with value [3.142857]
12:38:59.613 [Test worker] DEBUG org.springframework.test.util.ReflectionTestUtils - Invoking getter method 'getId' on target object [[PersonEntity@41600366 id = 99, name = 'Tom', age = 42, eyeColor = 'blue', likesPets = true, favoriteNumber = 3.142857]]
12:38:59.613 [Test worker] DEBUG org.springframework.test.util.ReflectionTestUtils - Invoking getter method 'getName' on target object [[PersonEntity@41600366 id = 99, name = 'Tom', age = 42, eyeColor = 'blue', likesPets = true, favoriteNumber = 3.142857]]
12:38:59.613 [Test worker] DEBUG org.springframework.test.util.ReflectionTestUtils - Invoking getter method 'getAge' on target object [[PersonEntity@41600366 id = 99, name = 'Tom', age = 42, eyeColor = 'blue', likesPets = true, favoriteNumber = 3.142857]]
12:38:59.613 [Test worker] DEBUG org.springframework.test.util.ReflectionTestUtils - Invoking getter method 'getEyeColor' on target object [[PersonEntity@41600366 id = 99, name = 'Tom', age = 42, eyeColor = 'blue', likesPets = true, favoriteNumber = 3.142857]]
12:38:59.613 [Test worker] DEBUG org.springframework.test.util.ReflectionTestUtils - Invoking getter method 'likesPets' on target object [[PersonEntity@41600366 id = 99, name = 'Tom', age = 42, eyeColor = 'blue', likesPets = true, favoriteNumber = 3.142857]]
12:38:59.613 [Test worker] DEBUG org.springframework.test.util.ReflectionTestUtils - Invoking getter method 'getFavoriteNumber' on target object [[PersonEntity@41600366 id = 99, name = 'Tom', age = 42, eyeColor = 'blue', likesPets = true, favoriteNumber = 3.142857]]
12:38:59.613 [Test worker] DEBUG org.springframework.test.util.ReflectionTestUtils - Setting field 'publicField' of type [null] on target object [null] or target class [class org.springframework.test.util.subpackage.StaticFields] to value [xxx]
12:38:59.614 [Test worker] DEBUG org.springframework.test.util.ReflectionTestUtils - Setting field 'privateField' of type [null] on target object [null] or target class [class org.springframework.test.util.subpackage.StaticFields] to value [yyy]
12:38:59.614 [Test worker] DEBUG org.springframework.test.util.ReflectionTestUtils - Invoking setter method 'setAge' on target object [[PersonEntity@cde2ad1 id = 0, name = [null], age = 0, eyeColor = [null], likesPets = false, favoriteNumber = [null]]] with value [null]
12:38:59.614 [Test worker] DEBUG org.springframework.test.util.ReflectionTestUtils - Setting field 'likesPets' of type [boolean] on target object [[PersonEntity@557bbb21 id = 0, name = [null], age = 0, eyeColor = [null], likesPets = false, favoriteNumber = [null]]] or target class [class org.springframework.test.util.subpackage.PersonEntity] to value [null]
12:38:59.614 [Test worker] DEBUG org.springframework.test.util.ReflectionTestUtils - Invoking method 'configure' on target object [org.springframework.test.util.subpackage.Component@6934d120] with arguments {42, enigma}
12:38:59.614 [Test worker] DEBUG org.springframework.test.util.ReflectionTestUtils - Invoking method 'init' on target object [org.springframework.test.util.subpackage.Component@6934d120] with arguments {}
12:38:59.614 [Test worker] DEBUG org.springframework.test.util.ReflectionTestUtils - Invoking method 'destroy' on target object [org.springframework.test.util.subpackage.Component@6934d120] with arguments {}
]]></system-out>
  <system-err><![CDATA[]]></system-err>
</testsuite>
