<?xml version="1.0" encoding="UTF-8"?>
<testsuite name="org.springframework.test.web.client.samples.matchers.ContentRequestMatchersIntegrationTests" tests="5" skipped="0" failures="0" errors="0" timestamp="2020-08-26T04:39:01" hostname="PC-20191023THJJ" time="0.258">
  <properties/>
  <testcase name="contentTypeNoMatch" classname="org.springframework.test.web.client.samples.matchers.ContentRequestMatchersIntegrationTests" time="0.033"/>
  <testcase name="contentAsBytes" classname="org.springframework.test.web.client.samples.matchers.ContentRequestMatchersIntegrationTests" time="0.034"/>
  <testcase name="contentType" classname="org.springframework.test.web.client.samples.matchers.ContentRequestMatchersIntegrationTests" time="0.125"/>
  <testcase name="contentStringStartsWith" classname="org.springframework.test.web.client.samples.matchers.ContentRequestMatchersIntegrationTests" time="0.033"/>
  <testcase name="contentAsString" classname="org.springframework.test.web.client.samples.matchers.ContentRequestMatchersIntegrationTests" time="0.033"/>
  <system-out><![CDATA[]]></system-out>
  <system-err><![CDATA[]]></system-err>
</testsuite>
