<?xml version="1.0" encoding="UTF-8"?>
<testsuite name="org.springframework.test.context.groovy.DefaultScriptDetectionGroovySpringContextTests" tests="1" skipped="0" failures="0" errors="0" timestamp="2020-08-26T04:38:43" hostname="PC-20191023THJJ" time="0.0">
  <properties/>
  <testcase name="verifyAnnotationAutowiredFields" classname="org.springframework.test.context.groovy.DefaultScriptDetectionGroovySpringContextTests" time="0.0"/>
  <system-out><![CDATA[]]></system-out>
  <system-err><![CDATA[]]></system-err>
</testsuite>
