<?xml version="1.0" encoding="UTF-8"?>
<testsuite name="org.springframework.mock.web.MockCookieTests" tests="4" skipped="0" failures="0" errors="0" timestamp="2020-08-26T04:38:36" hostname="PC-20191023THJJ" time="0.012">
  <properties/>
  <testcase name="setSameSite" classname="org.springframework.mock.web.MockCookieTests" time="0.011"/>
  <testcase name="constructCookie" classname="org.springframework.mock.web.MockCookieTests" time="0.0"/>
  <testcase name="parseInvalidHeader" classname="org.springframework.mock.web.MockCookieTests" time="0.0"/>
  <testcase name="parseValidHeader" classname="org.springframework.mock.web.MockCookieTests" time="0.001"/>
  <system-out><![CDATA[]]></system-out>
  <system-err><![CDATA[]]></system-err>
</testsuite>
