<?xml version="1.0" encoding="UTF-8"?>
<testsuite name="org.springframework.test.web.reactive.server.samples.XmlContentTests" tests="5" skipped="0" failures="0" errors="0" timestamp="2020-08-26T04:39:08" hostname="PC-20191023THJJ" time="0.55">
  <properties/>
  <testcase name="postXmlContent" classname="org.springframework.test.web.reactive.server.samples.XmlContentTests" time="0.019"/>
  <testcase name="xpathIsEqualTo" classname="org.springframework.test.web.reactive.server.samples.XmlContentTests" time="0.044"/>
  <testcase name="xpathContainsSubstringViaRegex" classname="org.springframework.test.web.reactive.server.samples.XmlContentTests" time="0.011"/>
  <testcase name="xmlContent" classname="org.springframework.test.web.reactive.server.samples.XmlContentTests" time="0.064"/>
  <testcase name="xpathMatches" classname="org.springframework.test.web.reactive.server.samples.XmlContentTests" time="0.012"/>
  <system-out><![CDATA[]]></system-out>
  <system-err><![CDATA[]]></system-err>
</testsuite>
