<?xml version="1.0" encoding="UTF-8"?>
<testsuite name="org.springframework.test.web.servlet.samples.standalone.ViewResolutionTests" tests="5" skipped="0" failures="0" errors="0" timestamp="2020-08-26T04:39:24" hostname="PC-20191023THJJ" time="0.328">
  <properties/>
  <testcase name="testJspOnly" classname="org.springframework.test.web.servlet.samples.standalone.ViewResolutionTests" time="0.056"/>
  <testcase name="testJsonOnly" classname="org.springframework.test.web.servlet.samples.standalone.ViewResolutionTests" time="0.065"/>
  <testcase name="defaultViewResolver" classname="org.springframework.test.web.servlet.samples.standalone.ViewResolutionTests" time="0.054"/>
  <testcase name="testContentNegotiation" classname="org.springframework.test.web.servlet.samples.standalone.ViewResolutionTests" time="0.091"/>
  <testcase name="testXmlOnly" classname="org.springframework.test.web.servlet.samples.standalone.ViewResolutionTests" time="0.062"/>
  <system-out><![CDATA[]]></system-out>
  <system-err><![CDATA[]]></system-err>
</testsuite>
