<?xml version="1.0" encoding="UTF-8"?>
<testsuite name="org.springframework.test.web.client.match.XpathRequestMatchersTests" tests="14" skipped="0" failures="0" errors="0" timestamp="2020-08-26T04:39:00" hostname="PC-20191023THJJ" time="0.094">
  <properties/>
  <testcase name="testExistsNoMatch" classname="org.springframework.test.web.client.match.XpathRequestMatchersTests" time="0.011"/>
  <testcase name="testBooleanNoMatch" classname="org.springframework.test.web.client.match.XpathRequestMatchersTests" time="0.01"/>
  <testcase name="testNodeCountNoMatch" classname="org.springframework.test.web.client.match.XpathRequestMatchersTests" time="0.009"/>
  <testcase name="testNodeMatcherNoMatch" classname="org.springframework.test.web.client.match.XpathRequestMatchersTests" time="0.006"/>
  <testcase name="testBoolean" classname="org.springframework.test.web.client.match.XpathRequestMatchersTests" time="0.006"/>
  <testcase name="testStringNoMatch" classname="org.springframework.test.web.client.match.XpathRequestMatchersTests" time="0.006"/>
  <testcase name="testNumberNoMatch" classname="org.springframework.test.web.client.match.XpathRequestMatchersTests" time="0.006"/>
  <testcase name="testDoesNotExist" classname="org.springframework.test.web.client.match.XpathRequestMatchersTests" time="0.006"/>
  <testcase name="testNodeMatcher" classname="org.springframework.test.web.client.match.XpathRequestMatchersTests" time="0.006"/>
  <testcase name="testNodeCount" classname="org.springframework.test.web.client.match.XpathRequestMatchersTests" time="0.005"/>
  <testcase name="testExists" classname="org.springframework.test.web.client.match.XpathRequestMatchersTests" time="0.006"/>
  <testcase name="testDoesNotExistNoMatch" classname="org.springframework.test.web.client.match.XpathRequestMatchersTests" time="0.005"/>
  <testcase name="testNumber" classname="org.springframework.test.web.client.match.XpathRequestMatchersTests" time="0.006"/>
  <testcase name="testString" classname="org.springframework.test.web.client.match.XpathRequestMatchersTests" time="0.006"/>
  <system-out><![CDATA[]]></system-out>
  <system-err><![CDATA[]]></system-err>
</testsuite>
