<?xml version="1.0" encoding="UTF-8"?>
<testsuite name="org.springframework.test.context.jdbc.TransactionalAfterTestMethodSqlScriptsTests" tests="2" skipped="0" failures="0" errors="0" timestamp="2020-08-26T04:38:44" hostname="PC-20191023THJJ" time="0.089">
  <properties/>
  <testcase name="test01" classname="org.springframework.test.context.jdbc.TransactionalAfterTestMethodSqlScriptsTests" time="0.086"/>
  <testcase name="test02" classname="org.springframework.test.context.jdbc.TransactionalAfterTestMethodSqlScriptsTests" time="0.003"/>
  <system-out><![CDATA[]]></system-out>
  <system-err><![CDATA[]]></system-err>
</testsuite>
