<?xml version="1.0" encoding="UTF-8"?>
<testsuite name="org.springframework.test.context.junit4.ClassLevelTransactionalSpringRunnerTests" tests="2" skipped="0" failures="0" errors="0" timestamp="2020-08-26T04:38:45" hostname="PC-20191023THJJ" time="0.003">
  <properties/>
  <testcase name="modifyTestDataWithinTransaction" classname="org.springframework.test.context.junit4.ClassLevelTransactionalSpringRunnerTests" time="0.001"/>
  <testcase name="modifyTestDataWithoutTransaction" classname="org.springframework.test.context.junit4.ClassLevelTransactionalSpringRunnerTests" time="0.002"/>
  <system-out><![CDATA[]]></system-out>
  <system-err><![CDATA[]]></system-err>
</testsuite>
