<?xml version="1.0" encoding="UTF-8"?>
<testsuite name="org.springframework.test.context.ContextHierarchyDirtiesContextTests" tests="4" skipped="0" failures="0" errors="0" timestamp="2020-08-26T04:38:42" hostname="PC-20191023THJJ" time="0.076">
  <properties/>
  <testcase name="classLevelDirtiesContextWithCurrentLevelHierarchyMode" classname="org.springframework.test.context.ContextHierarchyDirtiesContextTests" time="0.03"/>
  <testcase name="classLevelDirtiesContextWithExhaustiveHierarchyMode" classname="org.springframework.test.context.ContextHierarchyDirtiesContextTests" time="0.015"/>
  <testcase name="methodLevelDirtiesContextWithCurrentLevelHierarchyMode" classname="org.springframework.test.context.ContextHierarchyDirtiesContextTests" time="0.017"/>
  <testcase name="methodLevelDirtiesContextWithExhaustiveHierarchyMode" classname="org.springframework.test.context.ContextHierarchyDirtiesContextTests" time="0.014"/>
  <system-out><![CDATA[]]></system-out>
  <system-err><![CDATA[]]></system-err>
</testsuite>
