<?xml version="1.0" encoding="UTF-8"?>
<testsuite name="org.springframework.test.web.servlet.samples.standalone.FilterTests" tests="7" skipped="0" failures="0" errors="0" timestamp="2020-08-26T04:39:15" hostname="PC-20191023THJJ" time="0.581">
  <properties/>
  <testcase name="filtersProcessRequest" classname="org.springframework.test.web.servlet.samples.standalone.FilterTests" time="0.062"/>
  <testcase name="filterMappedBySuffix" classname="org.springframework.test.web.servlet.samples.standalone.FilterTests" time="0.063"/>
  <testcase name="whenFiltersCompleteMvcProcessesRequest" classname="org.springframework.test.web.servlet.samples.standalone.FilterTests" time="0.19"/>
  <testcase name="filterWrapsRequestResponseAndPerformsAsyncDispatch" classname="org.springframework.test.web.servlet.samples.standalone.FilterTests" time="0.077"/>
  <testcase name="filterWrapsRequestResponse" classname="org.springframework.test.web.servlet.samples.standalone.FilterTests" time="0.062"/>
  <testcase name="filterWithExactMapping" classname="org.springframework.test.web.servlet.samples.standalone.FilterTests" time="0.063"/>
  <testcase name="filterSkipped" classname="org.springframework.test.web.servlet.samples.standalone.FilterTests" time="0.064"/>
  <system-out><![CDATA[]]></system-out>
  <system-err><![CDATA[]]></system-err>
</testsuite>
