<?xml version="1.0" encoding="UTF-8"?>
<testsuite name="org.springframework.test.web.reactive.server.HeaderAssertionTests" tests="8" skipped="0" failures="0" errors="0" timestamp="2020-08-26T04:39:04" hostname="PC-20191023THJJ" time="0.013">
  <properties/>
  <testcase name="valueEquals" classname="org.springframework.test.web.reactive.server.HeaderAssertionTests" time="0.011"/>
  <testcase name="cacheControl" classname="org.springframework.test.web.reactive.server.HeaderAssertionTests" time="0.0"/>
  <testcase name="exists" classname="org.springframework.test.web.reactive.server.HeaderAssertionTests" time="0.0"/>
  <testcase name="doesNotExist" classname="org.springframework.test.web.reactive.server.HeaderAssertionTests" time="0.0"/>
  <testcase name="contentTypeCompatibleWith" classname="org.springframework.test.web.reactive.server.HeaderAssertionTests" time="0.0"/>
  <testcase name="valueEqualsWithMultipeValues" classname="org.springframework.test.web.reactive.server.HeaderAssertionTests" time="0.0"/>
  <testcase name="valueMatcher" classname="org.springframework.test.web.reactive.server.HeaderAssertionTests" time="0.001"/>
  <testcase name="valueMatches" classname="org.springframework.test.web.reactive.server.HeaderAssertionTests" time="0.0"/>
  <system-out><![CDATA[]]></system-out>
  <system-err><![CDATA[]]></system-err>
</testsuite>
