<?xml version="1.0" encoding="UTF-8"?>
<testsuite name="org.springframework.test.web.reactive.server.samples.HeaderAndCookieTests" tests="3" skipped="0" failures="0" errors="0" timestamp="2020-08-26T04:39:06" hostname="PC-20191023THJJ" time="0.231">
  <properties/>
  <testcase name="requestResponseHeaderPair" classname="org.springframework.test.web.reactive.server.samples.HeaderAndCookieTests" time="0.013"/>
  <testcase name="setCookies" classname="org.springframework.test.web.reactive.server.samples.HeaderAndCookieTests" time="0.002"/>
  <testcase name="headerMultipleValues" classname="org.springframework.test.web.reactive.server.samples.HeaderAndCookieTests" time="0.001"/>
  <system-out><![CDATA[]]></system-out>
  <system-err><![CDATA[]]></system-err>
</testsuite>
