<?xml version="1.0" encoding="UTF-8"?>
<testsuite name="org.springframework.test.web.reactive.server.DefaultControllerSpecTests" tests="4" skipped="0" failures="0" errors="0" timestamp="2020-08-26T04:39:03" hostname="PC-20191023THJJ" time="0.483">
  <properties/>
  <testcase name="controllerAdvice" classname="org.springframework.test.web.reactive.server.DefaultControllerSpecTests" time="0.162"/>
  <testcase name="controllerAdviceWithClassArgument" classname="org.springframework.test.web.reactive.server.DefaultControllerSpecTests" time="0.105"/>
  <testcase name="controller" classname="org.springframework.test.web.reactive.server.DefaultControllerSpecTests" time="0.105"/>
  <testcase name="configurerConsumers" classname="org.springframework.test.web.reactive.server.DefaultControllerSpecTests" time="0.111"/>
  <system-out><![CDATA[]]></system-out>
  <system-err><![CDATA[]]></system-err>
</testsuite>
