<?xml version="1.0" encoding="UTF-8"?>
<testsuite name="org.springframework.test.web.reactive.server.samples.ExchangeMutatorTests" tests="2" skipped="0" failures="0" errors="0" timestamp="2020-08-26T04:39:05" hostname="PC-20191023THJJ" time="0.259">
  <properties/>
  <testcase name="useGloballyConfiguredIdentity" classname="org.springframework.test.web.reactive.server.samples.ExchangeMutatorTests" time="0.14"/>
  <testcase name="useLocallyConfiguredIdentity" classname="org.springframework.test.web.reactive.server.samples.ExchangeMutatorTests" time="0.119"/>
  <system-out><![CDATA[]]></system-out>
  <system-err><![CDATA[]]></system-err>
</testsuite>
