<?xml version="1.0" encoding="UTF-8"?>
<testsuite name="org.springframework.test.web.servlet.samples.standalone.FrameworkExtensionTests" tests="2" skipped="0" failures="0" errors="0" timestamp="2020-08-26T04:39:15" hostname="PC-20191023THJJ" time="0.131">
  <properties/>
  <testcase name="fooHeader" classname="org.springframework.test.web.servlet.samples.standalone.FrameworkExtensionTests" time="0.066"/>
  <testcase name="barHeader" classname="org.springframework.test.web.servlet.samples.standalone.FrameworkExtensionTests" time="0.065"/>
  <system-out><![CDATA[]]></system-out>
  <system-err><![CDATA[]]></system-err>
</testsuite>
