<?xml version="1.0" encoding="UTF-8"?>
<testsuite name="org.springframework.test.util.OverriddenMetaAnnotationAttributesTests" tests="4" skipped="0" failures="0" errors="0" timestamp="2020-08-26T04:38:59" hostname="PC-20191023THJJ" time="0.003">
  <properties/>
  <testcase name="overriddenContextConfigurationLocationsAndInheritLocations" classname="org.springframework.test.util.OverriddenMetaAnnotationAttributesTests" time="0.001"/>
  <testcase name="contextConfigurationValue" classname="org.springframework.test.util.OverriddenMetaAnnotationAttributesTests" time="0.001"/>
  <testcase name="overriddenContextConfigurationValue" classname="org.springframework.test.util.OverriddenMetaAnnotationAttributesTests" time="0.0"/>
  <testcase name="contextConfigurationLocationsAndInheritLocations" classname="org.springframework.test.util.OverriddenMetaAnnotationAttributesTests" time="0.001"/>
  <system-out><![CDATA[]]></system-out>
  <system-err><![CDATA[]]></system-err>
</testsuite>
