<?xml version="1.0" encoding="UTF-8"?>
<testsuite name="org.springframework.test.web.servlet.htmlunit.MockMvcWebConnectionTests" tests="6" skipped="0" failures="0" errors="0" timestamp="2020-08-26T04:39:11" hostname="PC-20191023THJJ" time="0.617">
  <properties/>
  <testcase name="contextPathDoesNotStartWithSlash" classname="org.springframework.test.web.servlet.htmlunit.MockMvcWebConnectionTests" time="0.0"/>
  <testcase name="forward" classname="org.springframework.test.web.servlet.htmlunit.MockMvcWebConnectionTests" time="0.3"/>
  <testcase name="contextPathEmpty" classname="org.springframework.test.web.servlet.htmlunit.MockMvcWebConnectionTests" time="0.007"/>
  <testcase name="contextPathEndsWithSlash" classname="org.springframework.test.web.servlet.htmlunit.MockMvcWebConnectionTests" time="0.0"/>
  <testcase name="contextPathExplicit" classname="org.springframework.test.web.servlet.htmlunit.MockMvcWebConnectionTests" time="0.007"/>
  <testcase name="contextPathNull" classname="org.springframework.test.web.servlet.htmlunit.MockMvcWebConnectionTests" time="0.006"/>
  <system-out><![CDATA[]]></system-out>
  <system-err><![CDATA[]]></system-err>
</testsuite>
