<?xml version="1.0" encoding="UTF-8"?>
<testsuite name="org.springframework.test.web.reactive.server.samples.ResponseEntityTests" tests="8" skipped="0" failures="0" errors="0" timestamp="2020-08-26T04:39:06" hostname="PC-20191023THJJ" time="1.581">
  <properties/>
  <testcase name="entityList" classname="org.springframework.test.web.reactive.server.samples.ResponseEntityTests" time="0.007"/>
  <testcase name="entity" classname="org.springframework.test.web.reactive.server.samples.ResponseEntityTests" time="0.001"/>
  <testcase name="entityMap" classname="org.springframework.test.web.reactive.server.samples.ResponseEntityTests" time="0.007"/>
  <testcase name="entityListWithConsumer" classname="org.springframework.test.web.reactive.server.samples.ResponseEntityTests" time="0.002"/>
  <testcase name="entityWithConsumer" classname="org.springframework.test.web.reactive.server.samples.ResponseEntityTests" time="0.002"/>
  <testcase name="entityMatcher" classname="org.springframework.test.web.reactive.server.samples.ResponseEntityTests" time="0.002"/>
  <testcase name="entityStream" classname="org.springframework.test.web.reactive.server.samples.ResponseEntityTests" time="0.823"/>
  <testcase name="postEntity" classname="org.springframework.test.web.reactive.server.samples.ResponseEntityTests" time="0.002"/>
  <system-out><![CDATA[]]></system-out>
  <system-err><![CDATA[]]></system-err>
</testsuite>
