<?xml version="1.0" encoding="UTF-8"?>
<testsuite name="org.springframework.test.web.servlet.htmlunit.UrlRegexRequestMatcherTests" tests="1" skipped="0" failures="0" errors="0" timestamp="2020-08-26T04:39:12" hostname="PC-20191023THJJ" time="0.0">
  <properties/>
  <testcase name="verifyExampleInClassLevelJavadoc" classname="org.springframework.test.web.servlet.htmlunit.UrlRegexRequestMatcherTests" time="0.0"/>
  <system-out><![CDATA[]]></system-out>
  <system-err><![CDATA[]]></system-err>
</testsuite>
