<?xml version="1.0" encoding="UTF-8"?>
<testsuite name="org.springframework.test.context.cache.LruContextCacheTests" tests="6" skipped="0" failures="0" errors="0" timestamp="2020-08-26T04:38:40" hostname="PC-20191023THJJ" time="0.004">
  <properties/>
  <testcase name="maxCacheSizeOne" classname="org.springframework.test.context.cache.LruContextCacheTests" time="0.001"/>
  <testcase name="maxCacheSizeNegativeOne" classname="org.springframework.test.context.cache.LruContextCacheTests" time="0.0"/>
  <testcase name="maxCacheSizeZero" classname="org.springframework.test.context.cache.LruContextCacheTests" time="0.0"/>
  <testcase name="maxCacheSizeThree" classname="org.springframework.test.context.cache.LruContextCacheTests" time="0.001"/>
  <testcase name="ensureLruOrderingIsUpdated" classname="org.springframework.test.context.cache.LruContextCacheTests" time="0.001"/>
  <testcase name="ensureEvictedContextsAreClosed" classname="org.springframework.test.context.cache.LruContextCacheTests" time="0.001"/>
  <system-out><![CDATA[12:38:40.391 [Test worker] DEBUG org.springframework.test.util.ReflectionTestUtils - Getting field 'contextMap' from target object [[DefaultContextCache@4fd93871 size = 1, maxSize = 1, parentContextCount = 0, hitCount = 0, missCount = 0]] or target class [class org.springframework.test.context.cache.DefaultContextCache]
12:38:40.392 [Test worker] DEBUG org.springframework.test.util.ReflectionTestUtils - Getting field 'contextMap' from target object [[DefaultContextCache@4fd93871 size = 1, maxSize = 1, parentContextCount = 0, hitCount = 0, missCount = 0]] or target class [class org.springframework.test.context.cache.DefaultContextCache]
12:38:40.392 [Test worker] DEBUG org.springframework.test.util.ReflectionTestUtils - Getting field 'contextMap' from target object [[DefaultContextCache@4fd93871 size = 1, maxSize = 1, parentContextCount = 0, hitCount = 0, missCount = 0]] or target class [class org.springframework.test.context.cache.DefaultContextCache]
12:38:40.392 [Test worker] DEBUG org.springframework.test.util.ReflectionTestUtils - Getting field 'contextMap' from target object [[DefaultContextCache@4fd93871 size = 1, maxSize = 1, parentContextCount = 0, hitCount = 0, missCount = 0]] or target class [class org.springframework.test.context.cache.DefaultContextCache]
12:38:40.393 [Test worker] DEBUG org.springframework.test.util.ReflectionTestUtils - Getting field 'contextMap' from target object [[DefaultContextCache@7aa805 size = 1, maxSize = 3, parentContextCount = 0, hitCount = 0, missCount = 0]] or target class [class org.springframework.test.context.cache.DefaultContextCache]
12:38:40.393 [Test worker] DEBUG org.springframework.test.util.ReflectionTestUtils - Getting field 'contextMap' from target object [[DefaultContextCache@7aa805 size = 1, maxSize = 3, parentContextCount = 0, hitCount = 0, missCount = 0]] or target class [class org.springframework.test.context.cache.DefaultContextCache]
12:38:40.393 [Test worker] DEBUG org.springframework.test.util.ReflectionTestUtils - Getting field 'contextMap' from target object [[DefaultContextCache@7aa805 size = 2, maxSize = 3, parentContextCount = 0, hitCount = 0, missCount = 0]] or target class [class org.springframework.test.context.cache.DefaultContextCache]
12:38:40.393 [Test worker] DEBUG org.springframework.test.util.ReflectionTestUtils - Getting field 'contextMap' from target object [[DefaultContextCache@7aa805 size = 3, maxSize = 3, parentContextCount = 0, hitCount = 0, missCount = 0]] or target class [class org.springframework.test.context.cache.DefaultContextCache]
12:38:40.393 [Test worker] DEBUG org.springframework.test.util.ReflectionTestUtils - Getting field 'contextMap' from target object [[DefaultContextCache@7aa805 size = 3, maxSize = 3, parentContextCount = 0, hitCount = 0, missCount = 0]] or target class [class org.springframework.test.context.cache.DefaultContextCache]
12:38:40.394 [Test worker] DEBUG org.springframework.test.util.ReflectionTestUtils - Getting field 'contextMap' from target object [[DefaultContextCache@365d4f72 size = 3, maxSize = 3, parentContextCount = 0, hitCount = 0, missCount = 0]] or target class [class org.springframework.test.context.cache.DefaultContextCache]
12:38:40.394 [Test worker] DEBUG org.springframework.test.util.ReflectionTestUtils - Getting field 'contextMap' from target object [[DefaultContextCache@365d4f72 size = 3, maxSize = 3, parentContextCount = 0, hitCount = 1, missCount = 0]] or target class [class org.springframework.test.context.cache.DefaultContextCache]
12:38:40.394 [Test worker] DEBUG org.springframework.test.util.ReflectionTestUtils - Getting field 'contextMap' from target object [[DefaultContextCache@365d4f72 size = 3, maxSize = 3, parentContextCount = 0, hitCount = 2, missCount = 0]] or target class [class org.springframework.test.context.cache.DefaultContextCache]
12:38:40.394 [Test worker] DEBUG org.springframework.test.util.ReflectionTestUtils - Getting field 'contextMap' from target object [[DefaultContextCache@365d4f72 size = 3, maxSize = 3, parentContextCount = 0, hitCount = 3, missCount = 0]] or target class [class org.springframework.test.context.cache.DefaultContextCache]
12:38:40.394 [Test worker] DEBUG org.springframework.test.util.ReflectionTestUtils - Getting field 'contextMap' from target object [[DefaultContextCache@365d4f72 size = 3, maxSize = 3, parentContextCount = 0, hitCount = 4, missCount = 0]] or target class [class org.springframework.test.context.cache.DefaultContextCache]
12:38:40.395 [Test worker] DEBUG org.springframework.test.util.ReflectionTestUtils - Getting field 'contextMap' from target object [[DefaultContextCache@6332f33c size = 2, maxSize = 2, parentContextCount = 0, hitCount = 0, missCount = 0]] or target class [class org.springframework.test.context.cache.DefaultContextCache]
12:38:40.395 [Test worker] DEBUG org.springframework.test.util.ReflectionTestUtils - Getting field 'contextMap' from target object [[DefaultContextCache@6332f33c size = 2, maxSize = 2, parentContextCount = 0, hitCount = 0, missCount = 0]] or target class [class org.springframework.test.context.cache.DefaultContextCache]
12:38:40.395 [Test worker] DEBUG org.springframework.test.util.ReflectionTestUtils - Getting field 'contextMap' from target object [[DefaultContextCache@6332f33c size = 2, maxSize = 2, parentContextCount = 0, hitCount = 0, missCount = 0]] or target class [class org.springframework.test.context.cache.DefaultContextCache]
]]></system-out>
  <system-err><![CDATA[]]></system-err>
</testsuite>
