<?xml version="1.0" encoding="UTF-8"?>
<testsuite name="org.springframework.mock.http.server.reactive.MockServerHttpResponseTests" tests="1" skipped="0" failures="0" errors="0" timestamp="2020-08-26T04:38:36" hostname="PC-20191023THJJ" time="0.047">
  <properties/>
  <testcase name="cookieHeaderSet" classname="org.springframework.mock.http.server.reactive.MockServerHttpResponseTests" time="0.047"/>
  <system-out><![CDATA[]]></system-out>
  <system-err><![CDATA[]]></system-err>
</testsuite>
