<?xml version="1.0" encoding="UTF-8"?>
<testsuite name="org.springframework.test.context.jdbc.DataSourceOnlySqlScriptsTests" tests="2" skipped="0" failures="0" errors="0" timestamp="2020-08-26T04:38:44" hostname="PC-20191023THJJ" time="0.007">
  <properties/>
  <testcase name="test01_classLevelScripts" classname="org.springframework.test.context.jdbc.DataSourceOnlySqlScriptsTests" time="0.005"/>
  <testcase name="test02_methodLevelScripts" classname="org.springframework.test.context.jdbc.DataSourceOnlySqlScriptsTests" time="0.002"/>
  <system-out><![CDATA[]]></system-out>
  <system-err><![CDATA[]]></system-err>
</testsuite>
