<?xml version="1.0" encoding="UTF-8"?>
<testsuite name="org.springframework.test.context.web.ServletTestExecutionListenerTests" tests="6" skipped="0" failures="0" errors="0" timestamp="2020-08-26T04:38:58" hostname="PC-20191023THJJ" time="0.005">
  <properties/>
  <testcase name="legacyWebTestCaseWithPresetRequestAttributes" classname="org.springframework.test.context.web.ServletTestExecutionListenerTests" time="0.001"/>
  <testcase name="standardApplicationContext" classname="org.springframework.test.context.web.ServletTestExecutionListenerTests" time="0.001"/>
  <testcase name="activateListenerWithoutExistingRequestAttributes" classname="org.springframework.test.context.web.ServletTestExecutionListenerTests" time="0.001"/>
  <testcase name="atWebAppConfigTestCaseWithoutExistingRequestAttributes" classname="org.springframework.test.context.web.ServletTestExecutionListenerTests" time="0.001"/>
  <testcase name="legacyWebTestCaseWithoutExistingRequestAttributes" classname="org.springframework.test.context.web.ServletTestExecutionListenerTests" time="0.0"/>
  <testcase name="atWebAppConfigTestCaseWithPresetRequestAttributes" classname="org.springframework.test.context.web.ServletTestExecutionListenerTests" time="0.001"/>
  <system-out><![CDATA[]]></system-out>
  <system-err><![CDATA[]]></system-err>
</testsuite>
