<?xml version="1.0" encoding="UTF-8"?>
<testsuite name="org.springframework.test.web.client.MockRestServiceServerTests" tests="6" skipped="0" failures="0" errors="0" timestamp="2020-08-26T04:39:00" hostname="PC-20191023THJJ" time="0.263">
  <properties/>
  <testcase name="buildMultipleTimes" classname="org.springframework.test.web.client.MockRestServiceServerTests" time="0.104"/>
  <testcase name="resetAndReuseServer" classname="org.springframework.test.web.client.MockRestServiceServerTests" time="0.0"/>
  <testcase name="followUpRequestAfterFailure" classname="org.springframework.test.web.client.MockRestServiceServerTests" time="0.046"/>
  <testcase name="exactExpectOrder" classname="org.springframework.test.web.client.MockRestServiceServerTests" time="0.001"/>
  <testcase name="resetAndReuseServerWithUnorderedExpectationManager" classname="org.springframework.test.web.client.MockRestServiceServerTests" time="0.0"/>
  <testcase name="ignoreExpectOrder" classname="org.springframework.test.web.client.MockRestServiceServerTests" time="0.0"/>
  <system-out><![CDATA[]]></system-out>
  <system-err><![CDATA[]]></system-err>
</testsuite>
