<?xml version="1.0" encoding="UTF-8"?>
<testsuite name="org.springframework.test.web.servlet.setup.StandaloneMockMvcBuilderTests" tests="8" skipped="0" failures="0" errors="0" timestamp="2020-08-26T04:39:25" hostname="PC-20191023THJJ" time="0.242">
  <properties/>
  <testcase name="addFilterPatternsNull" classname="org.springframework.test.web.servlet.setup.StandaloneMockMvcBuilderTests" time="0.0"/>
  <testcase name="springHandlerInstantiator" classname="org.springframework.test.web.servlet.setup.StandaloneMockMvcBuilderTests" time="0.058"/>
  <testcase name="addFilterPatternContainsNull" classname="org.springframework.test.web.servlet.setup.StandaloneMockMvcBuilderTests" time="0.0"/>
  <testcase name="placeHoldersInRequestMapping" classname="org.springframework.test.web.servlet.setup.StandaloneMockMvcBuilderTests" time="0.066"/>
  <testcase name="applicationContextAttribute" classname="org.springframework.test.web.servlet.setup.StandaloneMockMvcBuilderTests" time="0.058"/>
  <testcase name="addFiltersFiltersNull" classname="org.springframework.test.web.servlet.setup.StandaloneMockMvcBuilderTests" time="0.0"/>
  <testcase name="suffixPatternMatch" classname="org.springframework.test.web.servlet.setup.StandaloneMockMvcBuilderTests" time="0.06"/>
  <testcase name="addFiltersFiltersContainsNull" classname="org.springframework.test.web.servlet.setup.StandaloneMockMvcBuilderTests" time="0.0"/>
  <system-out><![CDATA[]]></system-out>
  <system-err><![CDATA[]]></system-err>
</testsuite>
