<?xml version="1.0" encoding="UTF-8"?>
<testsuite name="org.springframework.test.web.servlet.samples.standalone.RequestParameterTests" tests="1" skipped="0" failures="0" errors="0" timestamp="2020-08-26T04:39:20" hostname="PC-20191023THJJ" time="0.055">
  <properties/>
  <testcase name="queryParameter" classname="org.springframework.test.web.servlet.samples.standalone.RequestParameterTests" time="0.055"/>
  <system-out><![CDATA[]]></system-out>
  <system-err><![CDATA[]]></system-err>
</testsuite>
