<?xml version="1.0" encoding="UTF-8"?>
<testsuite name="org.springframework.mock.http.server.reactive.MockServerHttpRequestTests" tests="2" skipped="0" failures="0" errors="0" timestamp="2020-08-26T04:38:35" hostname="PC-20191023THJJ" time="1.339">
  <properties/>
  <testcase name="queryParams" classname="org.springframework.mock.http.server.reactive.MockServerHttpRequestTests" time="1.338"/>
  <testcase name="cookieHeaderSet" classname="org.springframework.mock.http.server.reactive.MockServerHttpRequestTests" time="0.001"/>
  <system-out><![CDATA[]]></system-out>
  <system-err><![CDATA[ScriptEngineManager providers.next(): javax.script.ScriptEngineFactory: Provider org.jetbrains.kotlin.script.jsr223.KotlinJsr223JvmLocalScriptEngineFactory not found
ScriptEngineManager providers.next(): javax.script.ScriptEngineFactory: Provider org.jetbrains.kotlin.script.jsr223.KotlinJsr223JvmLocalScriptEngineFactory not found
]]></system-err>
</testsuite>
