<?xml version="1.0" encoding="UTF-8"?>
<testsuite name="org.springframework.test.web.servlet.samples.standalone.resultmatchers.ViewNameAssertionTests" tests="2" skipped="0" failures="0" errors="0" timestamp="2020-08-26T04:39:24" hostname="PC-20191023THJJ" time="0.109">
  <properties/>
  <testcase name="testHamcrestMatcher" classname="org.springframework.test.web.servlet.samples.standalone.resultmatchers.ViewNameAssertionTests" time="0.055"/>
  <testcase name="testEqualTo" classname="org.springframework.test.web.servlet.samples.standalone.resultmatchers.ViewNameAssertionTests" time="0.054"/>
  <system-out><![CDATA[]]></system-out>
  <system-err><![CDATA[]]></system-err>
</testsuite>
