<?xml version="1.0" encoding="UTF-8"?>
<testsuite name="org.springframework.test.context.junit4.rules.TransactionalSqlScriptsSpringRuleTests" tests="2" skipped="0" failures="0" errors="0" timestamp="2020-08-26T04:38:53" hostname="PC-20191023THJJ" time="0.031">
  <properties/>
  <testcase name="test01_classLevelScripts" classname="org.springframework.test.context.junit4.rules.TransactionalSqlScriptsSpringRuleTests" time="0.028"/>
  <testcase name="test02_methodLevelScripts" classname="org.springframework.test.context.junit4.rules.TransactionalSqlScriptsSpringRuleTests" time="0.003"/>
  <system-out><![CDATA[]]></system-out>
  <system-err><![CDATA[]]></system-err>
</testsuite>
