<?xml version="1.0" encoding="UTF-8"?>
<testsuite name="org.springframework.test.context.junit4.spr3896.DefaultLocationsBaseTests" tests="2" skipped="0" failures="0" errors="0" timestamp="2020-08-26T04:38:53" hostname="PC-20191023THJJ" time="0.086">
  <properties/>
  <testcase name="verifyEmployeeSetFromBaseContextConfig" classname="org.springframework.test.context.junit4.spr3896.DefaultLocationsBaseTests" time="0.0"/>
  <testcase name="verifyEmployeeSetFromBaseContextConfig" classname="org.springframework.test.context.junit4.spr3896.DefaultLocationsBaseTests" time="0.0"/>
  <system-out><![CDATA[]]></system-out>
  <system-err><![CDATA[]]></system-err>
</testsuite>
