<?xml version="1.0" encoding="UTF-8"?>
<testsuite name="org.springframework.test.web.reactive.server.MockServerTests" tests="3" skipped="0" failures="0" errors="0" timestamp="2020-08-26T04:39:04" hostname="PC-20191023THJJ" time="0.03">
  <properties/>
  <testcase name="exchangeResultHasCookieHeaders" classname="org.springframework.test.web.reactive.server.MockServerTests" time="0.002"/>
  <testcase name="mutateDoesNotCreateNewSession" classname="org.springframework.test.web.reactive.server.MockServerTests" time="0.024"/>
  <testcase name="mutateDoesCopy" classname="org.springframework.test.web.reactive.server.MockServerTests" time="0.004"/>
  <system-out><![CDATA[]]></system-out>
  <system-err><![CDATA[]]></system-err>
</testsuite>
