<?xml version="1.0" encoding="UTF-8"?>
<testsuite name="org.springframework.test.web.servlet.samples.context.AsyncControllerJavaConfigTests" tests="1" skipped="0" failures="0" errors="0" timestamp="2020-08-26T04:39:12" hostname="PC-20191023THJJ" time="0.022">
  <properties/>
  <testcase name="callableInterceptor" classname="org.springframework.test.web.servlet.samples.context.AsyncControllerJavaConfigTests" time="0.022"/>
  <system-out><![CDATA[]]></system-out>
  <system-err><![CDATA[]]></system-err>
</testsuite>
