<?xml version="1.0" encoding="UTF-8"?>
<testsuite name="org.springframework.test.context.env.ExplicitPropertiesFileTestPropertySourceTests" tests="1" skipped="0" failures="0" errors="0" timestamp="2020-08-26T04:38:42" hostname="PC-20191023THJJ" time="0.0">
  <properties/>
  <testcase name="verifyPropertiesAreAvailableInEnvironment" classname="org.springframework.test.context.env.ExplicitPropertiesFileTestPropertySourceTests" time="0.0"/>
  <system-out><![CDATA[]]></system-out>
  <system-err><![CDATA[]]></system-err>
</testsuite>
