<?xml version="1.0" encoding="UTF-8"?>
<testsuite name="org.springframework.test.web.servlet.samples.context.WebAppResourceTests" tests="3" skipped="0" failures="0" errors="0" timestamp="2020-08-26T04:39:13" hostname="PC-20191023THJJ" time="0.013">
  <properties/>
  <testcase name="resourcesViaDefaultServlet" classname="org.springframework.test.web.servlet.samples.context.WebAppResourceTests" time="0.002"/>
  <testcase name="tilesDefinitions" classname="org.springframework.test.web.servlet.samples.context.WebAppResourceTests" time="0.006"/>
  <testcase name="resourceRequest" classname="org.springframework.test.web.servlet.samples.context.WebAppResourceTests" time="0.004"/>
  <system-out><![CDATA[]]></system-out>
  <system-err><![CDATA[]]></system-err>
</testsuite>
