<?xml version="1.0" encoding="UTF-8"?>
<testsuite name="org.springframework.test.context.hierarchies.standard.TestHierarchyLevelOneWithSingleLevelContextHierarchyTests" tests="1" skipped="0" failures="0" errors="0" timestamp="2020-08-26T04:38:44" hostname="PC-20191023THJJ" time="0.0">
  <properties/>
  <testcase name="loadContextHierarchy" classname="org.springframework.test.context.hierarchies.standard.TestHierarchyLevelOneWithSingleLevelContextHierarchyTests" time="0.0"/>
  <system-out><![CDATA[]]></system-out>
  <system-err><![CDATA[]]></system-err>
</testsuite>
