<?xml version="1.0" encoding="UTF-8"?>
<testsuite name="org.springframework.test.context.junit4.TimedSpringRunnerTests" tests="1" skipped="0" failures="0" errors="0" timestamp="2020-08-26T04:38:55" hostname="PC-20191023THJJ" time="0.708">
  <properties/>
  <testcase name="timedTests" classname="org.springframework.test.context.junit4.TimedSpringRunnerTests" time="0.708"/>
  <system-out><![CDATA[12:38:55.901 [Test worker] ERROR org.springframework.test.context.junit4.SpringJUnit4ClassRunner - Test method [public void org.springframework.test.context.junit4.TimedSpringRunnerTests$TimedSpringRunnerTestCase.springAndJUnitTimeouts()] has been configured with Spring's @Timed(millis=200) and JUnit's @Test(timeout=200) annotations, but only one declaration of a 'timeout' is permitted per test method.
]]></system-out>
  <system-err><![CDATA[]]></system-err>
</testsuite>
