<?xml version="1.0" encoding="UTF-8"?>
<testsuite name="org.springframework.test.web.servlet.samples.standalone.resultmatchers.SessionAttributeAssertionTests" tests="2" skipped="0" failures="0" errors="0" timestamp="2020-08-26T04:39:23" hostname="PC-20191023THJJ" time="0.109">
  <properties/>
  <testcase name="testSessionAttributeEqualTo" classname="org.springframework.test.web.servlet.samples.standalone.resultmatchers.SessionAttributeAssertionTests" time="0.055"/>
  <testcase name="testSessionAttributeMatcher" classname="org.springframework.test.web.servlet.samples.standalone.resultmatchers.SessionAttributeAssertionTests" time="0.054"/>
  <system-out><![CDATA[]]></system-out>
  <system-err><![CDATA[]]></system-err>
</testsuite>
