<?xml version="1.0" encoding="UTF-8"?>
<testsuite name="org.springframework.test.web.servlet.htmlunit.MockMvcConnectionBuilderSupportTests" tests="8" skipped="0" failures="0" errors="0" timestamp="2020-08-26T04:39:11" hostname="PC-20191023THJJ" time="0.014">
  <properties/>
  <testcase name="mockMvcExampleDotCom" classname="org.springframework.test.web.servlet.htmlunit.MockMvcConnectionBuilderSupportTests" time="0.002"/>
  <testcase name="constructorMockMvcNull" classname="org.springframework.test.web.servlet.htmlunit.MockMvcConnectionBuilderSupportTests" time="0.0"/>
  <testcase name="mockMvcAlwaysUseMockMvc" classname="org.springframework.test.web.servlet.htmlunit.MockMvcConnectionBuilderSupportTests" time="0.001"/>
  <testcase name="constructorContextNull" classname="org.springframework.test.web.servlet.htmlunit.MockMvcConnectionBuilderSupportTests" time="0.001"/>
  <testcase name="context" classname="org.springframework.test.web.servlet.htmlunit.MockMvcConnectionBuilderSupportTests" time="0.001"/>
  <testcase name="mockMvc" classname="org.springframework.test.web.servlet.htmlunit.MockMvcConnectionBuilderSupportTests" time="0.002"/>
  <testcase name="defaultContextPathEmpty" classname="org.springframework.test.web.servlet.htmlunit.MockMvcConnectionBuilderSupportTests" time="0.005"/>
  <testcase name="defaultContextPathCustom" classname="org.springframework.test.web.servlet.htmlunit.MockMvcConnectionBuilderSupportTests" time="0.001"/>
  <system-out><![CDATA[]]></system-out>
  <system-err><![CDATA[]]></system-err>
</testsuite>
