<?xml version="1.0" encoding="UTF-8"?>
<testsuite name="org.springframework.test.web.servlet.setup.DefaultMockMvcBuilderTests" tests="8" skipped="0" failures="0" errors="0" timestamp="2020-08-26T04:39:25" hostname="PC-20191023THJJ" time="0.053">
  <properties/>
  <testcase name="rootWacServletContainerAttributePreviouslySet" classname="org.springframework.test.web.servlet.setup.DefaultMockMvcBuilderTests" time="0.0"/>
  <testcase name="webAppContextSetupWithNullServletContext" classname="org.springframework.test.web.servlet.setup.DefaultMockMvcBuilderTests" time="0.0"/>
  <testcase name="rootWacServletContainerAttributeNotPreviouslySetWithContextHierarchy" classname="org.springframework.test.web.servlet.setup.DefaultMockMvcBuilderTests" time="0.007"/>
  <testcase name="dispatcherServletCustomizer" classname="org.springframework.test.web.servlet.setup.DefaultMockMvcBuilderTests" time="0.025"/>
  <testcase name="rootWacServletContainerAttributeNotPreviouslySet" classname="org.springframework.test.web.servlet.setup.DefaultMockMvcBuilderTests" time="0.0"/>
  <testcase name="webAppContextSetupWithNullWac" classname="org.springframework.test.web.servlet.setup.DefaultMockMvcBuilderTests" time="0.0"/>
  <testcase name="rootWacServletContainerAttributePreviouslySetWithContextHierarchy" classname="org.springframework.test.web.servlet.setup.DefaultMockMvcBuilderTests" time="0.0"/>
  <testcase name="dispatcherServletCustomizerProcessedInOrder" classname="org.springframework.test.web.servlet.setup.DefaultMockMvcBuilderTests" time="0.021"/>
  <system-out><![CDATA[]]></system-out>
  <system-err><![CDATA[]]></system-err>
</testsuite>
