<?xml version="1.0" encoding="UTF-8"?>
<testsuite name="org.springframework.test.web.servlet.samples.standalone.resulthandlers.PrintingResultHandlerSmokeTests" tests="1" skipped="1" failures="0" errors="0" timestamp="2020-08-26T04:39:20" hostname="PC-20191023THJJ" time="0.001">
  <properties/>
  <testcase name="testPrint" classname="org.springframework.test.web.servlet.samples.standalone.resulthandlers.PrintingResultHandlerSmokeTests" time="0.001">
    <skipped/>
  </testcase>
  <system-out><![CDATA[]]></system-out>
  <system-err><![CDATA[]]></system-err>
</testsuite>
