<?xml version="1.0" encoding="UTF-8"?>
<testsuite name="org.springframework.test.web.servlet.samples.standalone.ExceptionHandlerTests" tests="3" skipped="0" failures="0" errors="0" timestamp="2020-08-26T04:39:14" hostname="PC-20191023THJJ" time="0.185">
  <properties/>
  <testcase name="testGlobalExceptionHandlerMethodUsingClassArgument" classname="org.springframework.test.web.servlet.samples.standalone.ExceptionHandlerTests" time="0.063"/>
  <testcase name="testExceptionHandlerMethod" classname="org.springframework.test.web.servlet.samples.standalone.ExceptionHandlerTests" time="0.062"/>
  <testcase name="testGlobalExceptionHandlerMethod" classname="org.springframework.test.web.servlet.samples.standalone.ExceptionHandlerTests" time="0.06"/>
  <system-out><![CDATA[]]></system-out>
  <system-err><![CDATA[]]></system-err>
</testsuite>
