<?xml version="1.0" encoding="UTF-8"?>
<testsuite name="org.springframework.test.web.servlet.result.XpathResultMatchersTests" tests="15" skipped="0" failures="0" errors="0" timestamp="2020-08-26T04:39:12" hostname="PC-20191023THJJ" time="0.092">
  <properties/>
  <testcase name="stringNoMatch" classname="org.springframework.test.web.servlet.result.XpathResultMatchersTests" time="0.007"/>
  <testcase name="numberNoMatch" classname="org.springframework.test.web.servlet.result.XpathResultMatchersTests" time="0.006"/>
  <testcase name="nodeNoMatch" classname="org.springframework.test.web.servlet.result.XpathResultMatchersTests" time="0.006"/>
  <testcase name="exists" classname="org.springframework.test.web.servlet.result.XpathResultMatchersTests" time="0.006"/>
  <testcase name="doesNotExistNoMatch" classname="org.springframework.test.web.servlet.result.XpathResultMatchersTests" time="0.006"/>
  <testcase name="booleanValue" classname="org.springframework.test.web.servlet.result.XpathResultMatchersTests" time="0.006"/>
  <testcase name="number" classname="org.springframework.test.web.servlet.result.XpathResultMatchersTests" time="0.006"/>
  <testcase name="string" classname="org.springframework.test.web.servlet.result.XpathResultMatchersTests" time="0.006"/>
  <testcase name="doesNotExist" classname="org.springframework.test.web.servlet.result.XpathResultMatchersTests" time="0.006"/>
  <testcase name="node" classname="org.springframework.test.web.servlet.result.XpathResultMatchersTests" time="0.006"/>
  <testcase name="nodeCountNoMatch" classname="org.springframework.test.web.servlet.result.XpathResultMatchersTests" time="0.007"/>
  <testcase name="nodeCount" classname="org.springframework.test.web.servlet.result.XpathResultMatchersTests" time="0.005"/>
  <testcase name="existsNoMatch" classname="org.springframework.test.web.servlet.result.XpathResultMatchersTests" time="0.006"/>
  <testcase name="booleanValueNoMatch" classname="org.springframework.test.web.servlet.result.XpathResultMatchersTests" time="0.006"/>
  <testcase name="stringEncodingDetection" classname="org.springframework.test.web.servlet.result.XpathResultMatchersTests" time="0.006"/>
  <system-out><![CDATA[]]></system-out>
  <system-err><![CDATA[]]></system-err>
</testsuite>
