<?xml version="1.0" encoding="UTF-8"?>
<testsuite name="org.springframework.test.web.servlet.samples.spr.CustomRequestAttributesRequestContextHolderTests" tests="1" skipped="0" failures="0" errors="0" timestamp="2020-08-26T04:39:13" hostname="PC-20191023THJJ" time="0.075">
  <properties/>
  <testcase name="singletonController" classname="org.springframework.test.web.servlet.samples.spr.CustomRequestAttributesRequestContextHolderTests" time="0.075"/>
  <system-out><![CDATA[]]></system-out>
  <system-err><![CDATA[]]></system-err>
</testsuite>
