<?xml version="1.0" encoding="UTF-8"?>
<testsuite name="org.springframework.test.context.jdbc.SqlScriptsTestExecutionListenerTests" tests="5" skipped="0" failures="0" errors="0" timestamp="2020-08-26T04:38:44" hostname="PC-20191023THJJ" time="0.092">
  <properties/>
  <testcase name="valueAndScriptsDeclared" classname="org.springframework.test.context.jdbc.SqlScriptsTestExecutionListenerTests" time="0.017"/>
  <testcase name="isolatedTxModeDeclaredWithoutTxMgr" classname="org.springframework.test.context.jdbc.SqlScriptsTestExecutionListenerTests" time="0.069"/>
  <testcase name="missingDataSourceAndTxMgr" classname="org.springframework.test.context.jdbc.SqlScriptsTestExecutionListenerTests" time="0.001"/>
  <testcase name="missingValueAndScriptsAndStatementsAtMethodLevel" classname="org.springframework.test.context.jdbc.SqlScriptsTestExecutionListenerTests" time="0.003"/>
  <testcase name="missingValueAndScriptsAndStatementsAtClassLevel" classname="org.springframework.test.context.jdbc.SqlScriptsTestExecutionListenerTests" time="0.002"/>
  <system-out><![CDATA[12:38:44.889 [Test worker] ERROR org.springframework.test.context.jdbc.SqlScriptsTestExecutionListener - Could not detect default SQL script for test method [public void org.springframework.test.context.jdbc.SqlScriptsTestExecutionListenerTests$MissingValueAndScriptsAndStatementsAtMethodLevel.foo()]: class path resource [org/springframework/test/context/jdbc/SqlScriptsTestExecutionListenerTests$MissingValueAndScriptsAndStatementsAtMethodLevel.foo.sql] does not exist. Either declare statements or scripts via @Sql or make the default SQL script available.
12:38:44.892 [Test worker] ERROR org.springframework.test.context.jdbc.SqlScriptsTestExecutionListener - Could not detect default SQL script for test class [org.springframework.test.context.jdbc.SqlScriptsTestExecutionListenerTests$MissingValueAndScriptsAndStatementsAtClassLevel]: class path resource [org/springframework/test/context/jdbc/SqlScriptsTestExecutionListenerTests$MissingValueAndScriptsAndStatementsAtClassLevel.sql] does not exist. Either declare statements or scripts via @Sql or make the default SQL script available.
]]></system-out>
  <system-err><![CDATA[]]></system-err>
</testsuite>
