<?xml version="1.0" encoding="UTF-8"?>
<testsuite name="org.springframework.test.web.reactive.server.WebTestClientExtensionsTests" tests="7" skipped="0" failures="0" errors="0" timestamp="2020-08-26T04:39:25" hostname="PC-20191023THJJ" time="0.147">
  <properties/>
  <testcase name="ResponseSpec#expectBody with reified type parameters" classname="org.springframework.test.web.reactive.server.WebTestClientExtensionsTests" time="0.027"/>
  <testcase name="ResponseSpec#expectBodyList with reified type parameters" classname="org.springframework.test.web.reactive.server.WebTestClientExtensionsTests" time="0.012"/>
  <testcase name="KotlinBodySpec#isEqualTo" classname="org.springframework.test.web.reactive.server.WebTestClientExtensionsTests" time="0.039"/>
  <testcase name="RequestBodySpec#body with Publisher and reified type parameters" classname="org.springframework.test.web.reactive.server.WebTestClientExtensionsTests" time="0.009"/>
  <testcase name="ResponseSpec#returnResult with reified type parameters" classname="org.springframework.test.web.reactive.server.WebTestClientExtensionsTests" time="0.009"/>
  <testcase name="KotlinBodySpec#consumeWith" classname="org.springframework.test.web.reactive.server.WebTestClientExtensionsTests" time="0.026"/>
  <testcase name="KotlinBodySpec#returnResult" classname="org.springframework.test.web.reactive.server.WebTestClientExtensionsTests" time="0.024"/>
  <system-out><![CDATA[]]></system-out>
  <system-err><![CDATA[]]></system-err>
</testsuite>
