<?xml version="1.0" encoding="UTF-8"?>
<testsuite name="org.springframework.test.web.reactive.server.samples.ErrorTests" tests="2" skipped="0" failures="0" errors="0" timestamp="2020-08-26T04:39:05" hostname="PC-20191023THJJ" time="0.135">
  <properties/>
  <testcase name="serverException" classname="org.springframework.test.web.reactive.server.samples.ErrorTests" time="0.013"/>
  <testcase name="notFound" classname="org.springframework.test.web.reactive.server.samples.ErrorTests" time="0.004"/>
  <system-out><![CDATA[12:39:05.620 [Test worker] ERROR org.springframework.web.server.adapter.HttpWebHandlerAdapter - [49c15395] 500 Server Error for HTTP GET "/server-error"
java.lang.IllegalStateException: server error
	at org.springframework.test.web.reactive.server.samples.ErrorTests$TestController.handleAndThrowException(ErrorTests.java:59) ~[test/:?]
	at sun.reflect.NativeMethodAccessorImpl.invoke0(Native Method) ~[?:1.8.0_101]
	at sun.reflect.NativeMethodAccessorImpl.invoke(NativeMethodAccessorImpl.java:62) ~[?:1.8.0_101]
	at sun.reflect.DelegatingMethodAccessorImpl.invoke(DelegatingMethodAccessorImpl.java:43) ~[?:1.8.0_101]
	at java.lang.reflect.Method.invoke(Method.java:498) ~[?:1.8.0_101]
	at org.springframework.web.reactive.result.method.InvocableHandlerMethod.lambda$invoke$0(InvocableHandlerMethod.java:140) ~[spring-webflux-5.1.0.BUILD-SNAPSHOT.jar:5.1.0.BUILD-SNAPSHOT]
	at reactor.core.publisher.FluxFlatMap.trySubscribeScalarMap(FluxFlatMap.java:141) ~[reactor-core-3.2.0.M4.jar:3.2.0.M4]
	at reactor.core.publisher.MonoFlatMap.subscribe(MonoFlatMap.java:53) ~[reactor-core-3.2.0.M4.jar:3.2.0.M4]
	at reactor.core.publisher.MonoDefer.subscribe(MonoDefer.java:52) ~[reactor-core-3.2.0.M4.jar:3.2.0.M4]
	at reactor.core.publisher.MonoIgnoreThen$ThenIgnoreMain.drain(MonoIgnoreThen.java:153) ~[reactor-core-3.2.0.M4.jar:3.2.0.M4]
	at reactor.core.publisher.MonoIgnoreThen.subscribe(MonoIgnoreThen.java:56) ~[reactor-core-3.2.0.M4.jar:3.2.0.M4]
	at reactor.core.publisher.MonoPeekFuseable.subscribe(MonoPeekFuseable.java:74) ~[reactor-core-3.2.0.M4.jar:3.2.0.M4]
	at reactor.core.publisher.MonoPeekFuseable.subscribe(MonoPeekFuseable.java:74) ~[reactor-core-3.2.0.M4.jar:3.2.0.M4]
	at reactor.core.publisher.MonoOnErrorResume.subscribe(MonoOnErrorResume.java:44) ~[reactor-core-3.2.0.M4.jar:3.2.0.M4]
	at reactor.core.publisher.MonoFlatMap$FlatMapMain.onNext(MonoFlatMap.java:150) ~[reactor-core-3.2.0.M4.jar:3.2.0.M4]
	at reactor.core.publisher.FluxSwitchIfEmpty$SwitchIfEmptySubscriber.onNext(FluxSwitchIfEmpty.java:67) ~[reactor-core-3.2.0.M4.jar:3.2.0.M4]
	at reactor.core.publisher.MonoNext$NextSubscriber.onNext(MonoNext.java:76) ~[reactor-core-3.2.0.M4.jar:3.2.0.M4]
	at reactor.core.publisher.FluxConcatMap$ConcatMapImmediate.innerNext(FluxConcatMap.java:275) ~[reactor-core-3.2.0.M4.jar:3.2.0.M4]
	at reactor.core.publisher.FluxConcatMap$ConcatMapInner.onNext(FluxConcatMap.java:849) ~[reactor-core-3.2.0.M4.jar:3.2.0.M4]
	at reactor.core.publisher.FluxMapFuseable$MapFuseableSubscriber.onNext(FluxMapFuseable.java:121) ~[reactor-core-3.2.0.M4.jar:3.2.0.M4]
	at reactor.core.publisher.Operators$ScalarSubscription.request(Operators.java:1993) ~[reactor-core-3.2.0.M4.jar:3.2.0.M4]
	at reactor.core.publisher.FluxMapFuseable$MapFuseableSubscriber.request(FluxMapFuseable.java:162) ~[reactor-core-3.2.0.M4.jar:3.2.0.M4]
	at reactor.core.publisher.Operators$MultiSubscriptionSubscriber.set(Operators.java:1801) ~[reactor-core-3.2.0.M4.jar:3.2.0.M4]
	at reactor.core.publisher.Operators$MultiSubscriptionSubscriber.onSubscribe(Operators.java:1675) ~[reactor-core-3.2.0.M4.jar:3.2.0.M4]
	at reactor.core.publisher.FluxMapFuseable$MapFuseableSubscriber.onSubscribe(FluxMapFuseable.java:90) ~[reactor-core-3.2.0.M4.jar:3.2.0.M4]
	at reactor.core.publisher.MonoJust.subscribe(MonoJust.java:54) ~[reactor-core-3.2.0.M4.jar:3.2.0.M4]
	at reactor.core.publisher.MonoMapFuseable.subscribe(MonoMapFuseable.java:59) ~[reactor-core-3.2.0.M4.jar:3.2.0.M4]
	at reactor.core.publisher.Mono.subscribe(Mono.java:3555) ~[reactor-core-3.2.0.M4.jar:3.2.0.M4]
	at reactor.core.publisher.FluxConcatMap$ConcatMapImmediate.drain(FluxConcatMap.java:442) ~[reactor-core-3.2.0.M4.jar:3.2.0.M4]
	at reactor.core.publisher.FluxConcatMap$ConcatMapImmediate.onSubscribe(FluxConcatMap.java:212) ~[reactor-core-3.2.0.M4.jar:3.2.0.M4]
	at reactor.core.publisher.FluxIterable.subscribe(FluxIterable.java:139) ~[reactor-core-3.2.0.M4.jar:3.2.0.M4]
	at reactor.core.publisher.FluxIterable.subscribe(FluxIterable.java:63) ~[reactor-core-3.2.0.M4.jar:3.2.0.M4]
	at reactor.core.publisher.FluxConcatMap.subscribe(FluxConcatMap.java:121) ~[reactor-core-3.2.0.M4.jar:3.2.0.M4]
	at reactor.core.publisher.MonoNext.subscribe(MonoNext.java:40) ~[reactor-core-3.2.0.M4.jar:3.2.0.M4]
	at reactor.core.publisher.MonoSwitchIfEmpty.subscribe(MonoSwitchIfEmpty.java:44) ~[reactor-core-3.2.0.M4.jar:3.2.0.M4]
	at reactor.core.publisher.MonoFlatMap.subscribe(MonoFlatMap.java:60) ~[reactor-core-3.2.0.M4.jar:3.2.0.M4]
	at reactor.core.publisher.MonoFlatMap.subscribe(MonoFlatMap.java:60) ~[reactor-core-3.2.0.M4.jar:3.2.0.M4]
	at reactor.core.publisher.MonoOnErrorResume.subscribe(MonoOnErrorResume.java:44) ~[reactor-core-3.2.0.M4.jar:3.2.0.M4]
	at reactor.core.publisher.MonoPeekTerminal.subscribe(MonoPeekTerminal.java:61) ~[reactor-core-3.2.0.M4.jar:3.2.0.M4]
	at reactor.core.publisher.MonoOnErrorResume.subscribe(MonoOnErrorResume.java:44) ~[reactor-core-3.2.0.M4.jar:3.2.0.M4]
	at reactor.core.publisher.Mono.subscribe(Mono.java:3555) ~[reactor-core-3.2.0.M4.jar:3.2.0.M4]
	at reactor.core.publisher.MonoIgnoreThen$ThenIgnoreMain.drain(MonoIgnoreThen.java:172) ~[reactor-core-3.2.0.M4.jar:3.2.0.M4]
	at reactor.core.publisher.MonoIgnoreThen.subscribe(MonoIgnoreThen.java:56) ~[reactor-core-3.2.0.M4.jar:3.2.0.M4]
	at reactor.core.publisher.Mono.subscribe(Mono.java:3555) ~[reactor-core-3.2.0.M4.jar:3.2.0.M4]
	at reactor.core.publisher.Mono.subscribeWith(Mono.java:3661) ~[reactor-core-3.2.0.M4.jar:3.2.0.M4]
	at reactor.core.publisher.Mono.subscribe(Mono.java:3549) ~[reactor-core-3.2.0.M4.jar:3.2.0.M4]
	at reactor.core.publisher.Mono.subscribe(Mono.java:3516) ~[reactor-core-3.2.0.M4.jar:3.2.0.M4]
	at reactor.core.publisher.Mono.subscribe(Mono.java:3488) ~[reactor-core-3.2.0.M4.jar:3.2.0.M4]
	at org.springframework.test.web.reactive.server.HttpHandlerConnector.lambda$connect$1(HttpHandlerConnector.java:89) ~[main/:?]
	at org.springframework.mock.http.client.reactive.MockClientHttpRequest.lambda$null$2(MockClientHttpRequest.java:121) ~[main/:?]
	at reactor.core.publisher.MonoDefer.subscribe(MonoDefer.java:44) [reactor-core-3.2.0.M4.jar:3.2.0.M4]
	at reactor.core.publisher.Mono.subscribe(Mono.java:3555) [reactor-core-3.2.0.M4.jar:3.2.0.M4]
	at reactor.core.publisher.FluxConcatIterable$ConcatIterableSubscriber.onComplete(FluxConcatIterable.java:146) [reactor-core-3.2.0.M4.jar:3.2.0.M4]
	at reactor.core.publisher.FluxConcatIterable.subscribe(FluxConcatIterable.java:60) [reactor-core-3.2.0.M4.jar:3.2.0.M4]
	at reactor.core.publisher.MonoIgnoreElements.subscribe(MonoIgnoreElements.java:37) [reactor-core-3.2.0.M4.jar:3.2.0.M4]
	at reactor.core.publisher.Mono.subscribe(Mono.java:3555) [reactor-core-3.2.0.M4.jar:3.2.0.M4]
	at reactor.core.publisher.Mono.subscribeWith(Mono.java:3661) [reactor-core-3.2.0.M4.jar:3.2.0.M4]
	at reactor.core.publisher.Mono.subscribe(Mono.java:3549) [reactor-core-3.2.0.M4.jar:3.2.0.M4]
	at reactor.core.publisher.Mono.subscribe(Mono.java:3516) [reactor-core-3.2.0.M4.jar:3.2.0.M4]
	at reactor.core.publisher.Mono.subscribe(Mono.java:3488) [reactor-core-3.2.0.M4.jar:3.2.0.M4]
	at org.springframework.test.web.reactive.server.HttpHandlerConnector.connect(HttpHandlerConnector.java:100) [main/:?]
	at org.springframework.test.web.reactive.server.WiretapConnector.connect(WiretapConnector.java:73) [main/:?]
	at org.springframework.web.reactive.function.client.ExchangeFunctions$DefaultExchangeFunction.exchange(ExchangeFunctions.java:102) [spring-webflux-5.1.0.BUILD-SNAPSHOT.jar:5.1.0.BUILD-SNAPSHOT]
	at org.springframework.web.reactive.function.client.DefaultWebClient$DefaultRequestBodyUriSpec.exchange(DefaultWebClient.java:321) [spring-webflux-5.1.0.BUILD-SNAPSHOT.jar:5.1.0.BUILD-SNAPSHOT]
	at org.springframework.test.web.reactive.server.DefaultWebTestClient$DefaultRequestBodyUriSpec.exchange(DefaultWebTestClient.java:283) [main/:?]
	at org.springframework.test.web.reactive.server.samples.ErrorTests.serverException(ErrorTests.java:48) [test/:?]
	at sun.reflect.NativeMethodAccessorImpl.invoke0(Native Method) ~[?:1.8.0_101]
	at sun.reflect.NativeMethodAccessorImpl.invoke(NativeMethodAccessorImpl.java:62) ~[?:1.8.0_101]
	at sun.reflect.DelegatingMethodAccessorImpl.invoke(DelegatingMethodAccessorImpl.java:43) ~[?:1.8.0_101]
	at java.lang.reflect.Method.invoke(Method.java:498) ~[?:1.8.0_101]
	at org.junit.runners.model.FrameworkMethod$1.runReflectiveCall(FrameworkMethod.java:50) [junit-4.12.jar:4.12]
	at org.junit.internal.runners.model.ReflectiveCallable.run(ReflectiveCallable.java:12) [junit-4.12.jar:4.12]
	at org.junit.runners.model.FrameworkMethod.invokeExplosively(FrameworkMethod.java:47) [junit-4.12.jar:4.12]
	at org.junit.internal.runners.statements.InvokeMethod.evaluate(InvokeMethod.java:17) [junit-4.12.jar:4.12]
	at org.junit.runners.ParentRunner.runLeaf(ParentRunner.java:325) [junit-4.12.jar:4.12]
	at org.junit.runners.BlockJUnit4ClassRunner.runChild(BlockJUnit4ClassRunner.java:78) [junit-4.12.jar:4.12]
	at org.junit.runners.BlockJUnit4ClassRunner.runChild(BlockJUnit4ClassRunner.java:57) [junit-4.12.jar:4.12]
	at org.junit.runners.ParentRunner$3.run(ParentRunner.java:290) [junit-4.12.jar:4.12]
	at org.junit.runners.ParentRunner$1.schedule(ParentRunner.java:71) [junit-4.12.jar:4.12]
	at org.junit.runners.ParentRunner.runChildren(ParentRunner.java:288) [junit-4.12.jar:4.12]
	at org.junit.runners.ParentRunner.access$000(ParentRunner.java:58) [junit-4.12.jar:4.12]
	at org.junit.runners.ParentRunner$2.evaluate(ParentRunner.java:268) [junit-4.12.jar:4.12]
	at org.junit.runners.ParentRunner.run(ParentRunner.java:363) [junit-4.12.jar:4.12]
	at org.gradle.api.internal.tasks.testing.junit.JUnitTestClassExecutor.runTestClass(JUnitTestClassExecutor.java:106) [gradle-testing-jvm-4.10.jar:4.10]
	at org.gradle.api.internal.tasks.testing.junit.JUnitTestClassExecutor.execute(JUnitTestClassExecutor.java:58) [gradle-testing-jvm-4.10.jar:4.10]
	at org.gradle.api.internal.tasks.testing.junit.JUnitTestClassExecutor.execute(JUnitTestClassExecutor.java:38) [gradle-testing-jvm-4.10.jar:4.10]
	at org.gradle.api.internal.tasks.testing.junit.AbstractJUnitTestClassProcessor.processTestClass(AbstractJUnitTestClassProcessor.java:66) [gradle-testing-jvm-4.10.jar:4.10]
	at org.gradle.api.internal.tasks.testing.SuiteTestClassProcessor.processTestClass(SuiteTestClassProcessor.java:51) [gradle-testing-base-4.10.jar:4.10]
	at sun.reflect.GeneratedMethodAccessor51.invoke(Unknown Source) ~[?:?]
	at sun.reflect.DelegatingMethodAccessorImpl.invoke(DelegatingMethodAccessorImpl.java:43) ~[?:1.8.0_101]
	at java.lang.reflect.Method.invoke(Method.java:498) ~[?:1.8.0_101]
	at org.gradle.internal.dispatch.ReflectionDispatch.dispatch(ReflectionDispatch.java:35) [gradle-messaging-4.10.jar:4.10]
	at org.gradle.internal.dispatch.ReflectionDispatch.dispatch(ReflectionDispatch.java:24) [gradle-messaging-4.10.jar:4.10]
	at org.gradle.internal.dispatch.ContextClassLoaderDispatch.dispatch(ContextClassLoaderDispatch.java:32) [gradle-messaging-4.10.jar:4.10]
	at org.gradle.internal.dispatch.ProxyDispatchAdapter$DispatchingInvocationHandler.invoke(ProxyDispatchAdapter.java:93) [gradle-messaging-4.10.jar:4.10]
	at com.sun.proxy.$Proxy2.processTestClass(Unknown Source) [?:?]
	at org.gradle.api.internal.tasks.testing.worker.TestWorker.processTestClass(TestWorker.java:117) [gradle-testing-base-4.10.jar:4.10]
	at sun.reflect.GeneratedMethodAccessor50.invoke(Unknown Source) ~[?:?]
	at sun.reflect.DelegatingMethodAccessorImpl.invoke(DelegatingMethodAccessorImpl.java:43) ~[?:1.8.0_101]
	at java.lang.reflect.Method.invoke(Method.java:498) ~[?:1.8.0_101]
	at org.gradle.internal.dispatch.ReflectionDispatch.dispatch(ReflectionDispatch.java:35) [gradle-messaging-4.10.jar:4.10]
	at org.gradle.internal.dispatch.ReflectionDispatch.dispatch(ReflectionDispatch.java:24) [gradle-messaging-4.10.jar:4.10]
	at org.gradle.internal.remote.internal.hub.MessageHubBackedObjectConnection$DispatchWrapper.dispatch(MessageHubBackedObjectConnection.java:155) [gradle-messaging-4.10.jar:4.10]
	at org.gradle.internal.remote.internal.hub.MessageHubBackedObjectConnection$DispatchWrapper.dispatch(MessageHubBackedObjectConnection.java:137) [gradle-messaging-4.10.jar:4.10]
	at org.gradle.internal.remote.internal.hub.MessageHub$Handler.run(MessageHub.java:404) [gradle-messaging-4.10.jar:4.10]
	at org.gradle.internal.concurrent.ExecutorPolicy$CatchAndRecordFailures.onExecute(ExecutorPolicy.java:63) [gradle-base-services-4.10.jar:4.10]
	at org.gradle.internal.concurrent.ManagedExecutorImpl$1.run(ManagedExecutorImpl.java:46) [gradle-base-services-4.10.jar:4.10]
	at java.util.concurrent.ThreadPoolExecutor.runWorker(ThreadPoolExecutor.java:1142) [?:1.8.0_101]
	at java.util.concurrent.ThreadPoolExecutor$Worker.run(ThreadPoolExecutor.java:617) [?:1.8.0_101]
	at org.gradle.internal.concurrent.ThreadFactoryImpl$ManagedThreadRunnable.run(ThreadFactoryImpl.java:55) [gradle-base-services-4.10.jar:4.10]
	at java.lang.Thread.run(Thread.java:745) [?:1.8.0_101]
]]></system-out>
  <system-err><![CDATA[]]></system-err>
</testsuite>
