<?xml version="1.0" encoding="UTF-8"?>
<testsuite name="org.springframework.context.annotation.PropertySourceAnnotationTests" tests="21" skipped="0" failures="0" errors="0" timestamp="2020-08-26T03:57:43" hostname="PC-20191023THJJ" time="0.086">
  <properties/>
  <testcase name="withPropertySources" classname="org.springframework.context.annotation.PropertySourceAnnotationTests" time="0.004"/>
  <testcase name="withCustomFactory" classname="org.springframework.context.annotation.PropertySourceAnnotationTests" time="0.006"/>
  <testcase name="orderingWithAndWithoutNameAndMultipleResourceLocations" classname="org.springframework.context.annotation.PropertySourceAnnotationTests" time="0.006"/>
  <testcase name="withResolvablePlaceholderAndFactoryBean" classname="org.springframework.context.annotation.PropertySourceAnnotationTests" time="0.005"/>
  <testcase name="withImplicitName" classname="org.springframework.context.annotation.PropertySourceAnnotationTests" time="0.002"/>
  <testcase name="withIgnoredPropertySource" classname="org.springframework.context.annotation.PropertySourceAnnotationTests" time="0.004"/>
  <testcase name="withResolvablePlaceholder" classname="org.springframework.context.annotation.PropertySourceAnnotationTests" time="0.004"/>
  <testcase name="orderingIsLifo" classname="org.springframework.context.annotation.PropertySourceAnnotationTests" time="0.006"/>
  <testcase name="withUnresolvablePlaceholderAndDefault" classname="org.springframework.context.annotation.PropertySourceAnnotationTests" time="0.004"/>
  <testcase name="withNamedPropertySources" classname="org.springframework.context.annotation.PropertySourceAnnotationTests" time="0.004"/>
  <testcase name="orderingDoesntReplaceExisting" classname="org.springframework.context.annotation.PropertySourceAnnotationTests" time="0.004"/>
  <testcase name="withExplicitName" classname="org.springframework.context.annotation.PropertySourceAnnotationTests" time="0.005"/>
  <testcase name="withMissingPropertySource" classname="org.springframework.context.annotation.PropertySourceAnnotationTests" time="0.003"/>
  <testcase name="withCustomFactoryAsMeta" classname="org.springframework.context.annotation.PropertySourceAnnotationTests" time="0.004"/>
  <testcase name="withEmptyResourceLocations" classname="org.springframework.context.annotation.PropertySourceAnnotationTests" time="0.002"/>
  <testcase name="withTestProfileBeans" classname="org.springframework.context.annotation.PropertySourceAnnotationTests" time="0.008"/>
  <testcase name="withNameAndMultipleResourceLocations" classname="org.springframework.context.annotation.PropertySourceAnnotationTests" time="0.002"/>
  <testcase name="withSameSourceImportedInDifferentOrder" classname="org.springframework.context.annotation.PropertySourceAnnotationTests" time="0.004"/>
  <testcase name="withMultipleResourceLocations" classname="org.springframework.context.annotation.PropertySourceAnnotationTests" time="0.002"/>
  <testcase name="orderingWithAndWithoutNameAndFourResourceLocations" classname="org.springframework.context.annotation.PropertySourceAnnotationTests" time="0.003"/>
  <testcase name="withUnresolvablePlaceholder" classname="org.springframework.context.annotation.PropertySourceAnnotationTests" time="0.003"/>
  <system-out><![CDATA[11:57:43.944 [Test worker] WARN  org.springframework.context.annotation.AnnotationConfigApplicationContext - Exception encountered during context initialization - cancelling refresh attempt: org.springframework.beans.factory.BeanDefinitionStoreException: Failed to parse configuration class [org.springframework.context.annotation.PropertySourceAnnotationTests$ConfigWithMissingPropertySource]; nested exception is java.io.FileNotFoundException: class path resource [org/springframework/context/annotation/missing.properties] cannot be opened because it does not exist
11:57:43.949 [Test worker] WARN  org.springframework.context.annotation.AnnotationConfigApplicationContext - Exception encountered during context initialization - cancelling refresh attempt: org.springframework.beans.factory.BeanDefinitionStoreException: Failed to parse configuration class [org.springframework.context.annotation.PropertySourceAnnotationTests$ConfigWithEmptyResourceLocations]; nested exception is java.lang.IllegalArgumentException: At least one @PropertySource(value) location is required
11:57:43.971 [Test worker] WARN  org.springframework.context.annotation.AnnotationConfigApplicationContext - Exception encountered during context initialization - cancelling refresh attempt: org.springframework.beans.factory.BeanDefinitionStoreException: Failed to parse configuration class [org.springframework.context.annotation.PropertySourceAnnotationTests$ConfigWithUnresolvablePlaceholder]; nested exception is java.lang.IllegalArgumentException: Could not resolve placeholder 'unresolvable' in value "classpath:${unresolvable}/p1.properties"
]]></system-out>
  <system-err><![CDATA[]]></system-err>
</testsuite>
