<?xml version="1.0" encoding="UTF-8"?>
<testsuite name="org.springframework.context.annotation.Spr12636Tests" tests="2" skipped="0" failures="0" errors="0" timestamp="2020-08-26T03:57:44" hostname="PC-20191023THJJ" time="0.023">
  <properties/>
  <testcase name="orderOnImplementation" classname="org.springframework.context.annotation.Spr12636Tests" time="0.004"/>
  <testcase name="orderOnImplementationWithProxy" classname="org.springframework.context.annotation.Spr12636Tests" time="0.019"/>
  <system-out><![CDATA[]]></system-out>
  <system-err><![CDATA[]]></system-err>
</testsuite>
