<?xml version="1.0" encoding="UTF-8"?>
<testsuite name="org.springframework.context.support.ResourceBundleMessageSourceTests" tests="29" skipped="0" failures="0" errors="0" timestamp="2020-08-26T03:57:49" hostname="PC-20191023THJJ" time="2.401">
  <properties/>
  <testcase name="testMessageAccessWithReloadableMessageSourceAndMessageFormat" classname="org.springframework.context.support.ResourceBundleMessageSourceTests" time="0.031"/>
  <testcase name="testMessageSourceResourceBundle" classname="org.springframework.context.support.ResourceBundleMessageSourceTests" time="0.009"/>
  <testcase name="testMessageAccessWithDefaultMessageSourceAndFallbackTurnedOffAndFallbackToGerman" classname="org.springframework.context.support.ResourceBundleMessageSourceTests" time="0.013"/>
  <testcase name="testMessageAccessWithReloadableMessageSourceAndFallbackToGerman" classname="org.springframework.context.support.ResourceBundleMessageSourceTests" time="0.012"/>
  <testcase name="testMessageAccessWithDefaultMessageSource" classname="org.springframework.context.support.ResourceBundleMessageSourceTests" time="0.013"/>
  <testcase name="testStaticApplicationContextMessageSourceWithStaticParent" classname="org.springframework.context.support.ResourceBundleMessageSourceTests" time="0.0"/>
  <testcase name="testMessageAccessWithReloadableMessageSource" classname="org.springframework.context.support.ResourceBundleMessageSourceTests" time="0.014"/>
  <testcase name="testDefaultApplicationContextMessageSource" classname="org.springframework.context.support.ResourceBundleMessageSourceTests" time="0.0"/>
  <testcase name="testReloadableResourceBundleMessageSourceWithDefaultCharset" classname="org.springframework.context.support.ResourceBundleMessageSourceTests" time="0.003"/>
  <testcase name="testResourceBundleMessageSourceWithWhitespaceInBasename" classname="org.springframework.context.support.ResourceBundleMessageSourceTests" time="0.004"/>
  <testcase name="testMessageAccessWithDefaultMessageSourceAndFallbackTurnedOff" classname="org.springframework.context.support.ResourceBundleMessageSourceTests" time="0.007"/>
  <testcase name="testDefaultApplicationContextMessageSourceWithParent" classname="org.springframework.context.support.ResourceBundleMessageSourceTests" time="0.0"/>
  <testcase name="testResourceBundleMessageSourceWithDefaultCharset" classname="org.springframework.context.support.ResourceBundleMessageSourceTests" time="0.005"/>
  <testcase name="testStaticApplicationContextMessageSourceWithDefaultParent" classname="org.springframework.context.support.ResourceBundleMessageSourceTests" time="0.0"/>
  <testcase name="testReloadableResourceBundleMessageSourceWithInappropriateDefaultCharset" classname="org.springframework.context.support.ResourceBundleMessageSourceTests" time="0.013"/>
  <testcase name="testMessageAccessWithDefaultMessageSourceAndMessageFormat" classname="org.springframework.context.support.ResourceBundleMessageSourceTests" time="0.016"/>
  <testcase name="testReloadableResourceBundleMessageSourceStandalone" classname="org.springframework.context.support.ResourceBundleMessageSourceTests" time="0.003"/>
  <testcase name="testReloadableResourceBundleMessageSourceWithCommonMessages" classname="org.springframework.context.support.ResourceBundleMessageSourceTests" time="0.003"/>
  <testcase name="testMessageAccessWithReloadableMessageSourceAndFallbackTurnedOff" classname="org.springframework.context.support.ResourceBundleMessageSourceTests" time="0.011"/>
  <testcase name="testReloadableResourceBundleMessageSourceWithCacheSeconds" classname="org.springframework.context.support.ResourceBundleMessageSourceTests" time="1.107"/>
  <testcase name="testMessageAccessWithDefaultMessageSourceAndFallbackToGerman" classname="org.springframework.context.support.ResourceBundleMessageSourceTests" time="0.007"/>
  <testcase name="testMessageAccessWithReloadableMessageSourceAndFallbackTurnedOffAndFallbackToGerman" classname="org.springframework.context.support.ResourceBundleMessageSourceTests" time="0.011"/>
  <testcase name="testResourceBundleMessageSourceWithInappropriateDefaultCharset" classname="org.springframework.context.support.ResourceBundleMessageSourceTests" time="0.003"/>
  <testcase name="testReloadableResourceBundleMessageSourceWithInappropriateEnglishCharset" classname="org.springframework.context.support.ResourceBundleMessageSourceTests" time="0.002"/>
  <testcase name="testReloadableResourceBundleMessageSourceFileNameCalculation" classname="org.springframework.context.support.ResourceBundleMessageSourceTests" time="0.0"/>
  <testcase name="testReloadableResourceBundleMessageSourceWithNonConcurrentRefresh" classname="org.springframework.context.support.ResourceBundleMessageSourceTests" time="1.106"/>
  <testcase name="testReloadableResourceBundleMessageSourceWithInappropriateGermanCharset" classname="org.springframework.context.support.ResourceBundleMessageSourceTests" time="0.001"/>
  <testcase name="testResourceBundleMessageSourceStandalone" classname="org.springframework.context.support.ResourceBundleMessageSourceTests" time="0.002"/>
  <testcase name="testReloadableResourceBundleMessageSourceWithWhitespaceInBasename" classname="org.springframework.context.support.ResourceBundleMessageSourceTests" time="0.002"/>
  <system-out><![CDATA[11:57:50.635 [Test worker] WARN  org.springframework.context.support.ResourceBundleMessageSource - ResourceBundle [org/springframework/context/support/messages] not found for MessageSource: Can't find bundle for base name org/springframework/context/support/messages, locale en
]]></system-out>
  <system-err><![CDATA[]]></system-err>
</testsuite>
