<?xml version="1.0" encoding="UTF-8"?>
<testsuite name="org.springframework.aop.config.MethodLocatingFactoryBeanTests" tests="9" skipped="0" failures="0" errors="0" timestamp="2020-08-26T03:57:29" hostname="PC-20191023THJJ" time="0.04">
  <properties/>
  <testcase name="testWhenTargetBeanClassCannotBeResolved" classname="org.springframework.aop.config.MethodLocatingFactoryBeanTests" time="0.035"/>
  <testcase name="testWithNullTargetMethodName" classname="org.springframework.aop.config.MethodLocatingFactoryBeanTests" time="0.0"/>
  <testcase name="testGetObjectType" classname="org.springframework.aop.config.MethodLocatingFactoryBeanTests" time="0.0"/>
  <testcase name="testWithNullTargetBeanName" classname="org.springframework.aop.config.MethodLocatingFactoryBeanTests" time="0.0"/>
  <testcase name="testIsSingleton" classname="org.springframework.aop.config.MethodLocatingFactoryBeanTests" time="0.0"/>
  <testcase name="testWhereMethodCannotBeResolved" classname="org.springframework.aop.config.MethodLocatingFactoryBeanTests" time="0.005"/>
  <testcase name="testSunnyDayPath" classname="org.springframework.aop.config.MethodLocatingFactoryBeanTests" time="0.0"/>
  <testcase name="testWithEmptyTargetBeanName" classname="org.springframework.aop.config.MethodLocatingFactoryBeanTests" time="0.0"/>
  <testcase name="testWithEmptyTargetMethodName" classname="org.springframework.aop.config.MethodLocatingFactoryBeanTests" time="0.0"/>
  <system-out><![CDATA[]]></system-out>
  <system-err><![CDATA[]]></system-err>
</testsuite>
