<?xml version="1.0" encoding="UTF-8"?>
<testsuite name="org.springframework.context.annotation.Spr8954Tests" tests="2" skipped="0" failures="0" errors="0" timestamp="2020-08-26T03:57:44" hostname="PC-20191023THJJ" time="0.005">
  <properties/>
  <testcase name="repro" classname="org.springframework.context.annotation.Spr8954Tests" time="0.003"/>
  <testcase name="findsBeansByTypeIfNotInstantiated" classname="org.springframework.context.annotation.Spr8954Tests" time="0.002"/>
  <system-out><![CDATA[]]></system-out>
  <system-err><![CDATA[]]></system-err>
</testsuite>
