<?xml version="1.0" encoding="UTF-8"?>
<testsuite name="org.springframework.scheduling.concurrent.ConcurrentTaskExecutorTests" tests="17" skipped="0" failures="0" errors="0" timestamp="2020-08-26T03:58:01" hostname="PC-20191023THJJ" time="2.263">
  <properties/>
  <testcase name="passingNullExecutorToCtorResultsInDefaultTaskExecutorBeingUsed" classname="org.springframework.scheduling.concurrent.ConcurrentTaskExecutorTests" time="0.001"/>
  <testcase name="passingNullExecutorToSetterResultsInDefaultTaskExecutorBeingUsed" classname="org.springframework.scheduling.concurrent.ConcurrentTaskExecutorTests" time="0.0"/>
  <testcase name="zeroArgCtorResultsInDefaultTaskExecutorBeingUsed" classname="org.springframework.scheduling.concurrent.ConcurrentTaskExecutorTests" time="0.0"/>
  <testcase name="submitCallableWithGetAfterShutdown" classname="org.springframework.scheduling.concurrent.ConcurrentTaskExecutorTests" time="0.001"/>
  <testcase name="submitListenableCallableWithGetAfterShutdown" classname="org.springframework.scheduling.concurrent.ConcurrentTaskExecutorTests" time="0.001"/>
  <testcase name="submitListenableCallable" classname="org.springframework.scheduling.concurrent.ConcurrentTaskExecutorTests" time="0.101"/>
  <testcase name="executeRunnable" classname="org.springframework.scheduling.concurrent.ConcurrentTaskExecutorTests" time="0.011"/>
  <testcase name="submitListenableRunnable" classname="org.springframework.scheduling.concurrent.ConcurrentTaskExecutorTests" time="1.002"/>
  <testcase name="submitFailingCallable" classname="org.springframework.scheduling.concurrent.ConcurrentTaskExecutorTests" time="0.011"/>
  <testcase name="submitCallable" classname="org.springframework.scheduling.concurrent.ConcurrentTaskExecutorTests" time="0.01"/>
  <testcase name="submitFailingListenableCallable" classname="org.springframework.scheduling.concurrent.ConcurrentTaskExecutorTests" time="0.101"/>
  <testcase name="submitRunnableWithGetAfterShutdown" classname="org.springframework.scheduling.concurrent.ConcurrentTaskExecutorTests" time="0.001"/>
  <testcase name="submitListenableRunnableWithGetAfterShutdown" classname="org.springframework.scheduling.concurrent.ConcurrentTaskExecutorTests" time="0.0"/>
  <testcase name="submitFailingRunnable" classname="org.springframework.scheduling.concurrent.ConcurrentTaskExecutorTests" time="0.011"/>
  <testcase name="submitRunnable" classname="org.springframework.scheduling.concurrent.ConcurrentTaskExecutorTests" time="0.011"/>
  <testcase name="executeFailingRunnable" classname="org.springframework.scheduling.concurrent.ConcurrentTaskExecutorTests" time="0.001"/>
  <testcase name="submitFailingListenableRunnable" classname="org.springframework.scheduling.concurrent.ConcurrentTaskExecutorTests" time="1.0"/>
  <system-out><![CDATA[Running
Running
Running
]]></system-out>
  <system-err><![CDATA[Exception in thread "test-1" java.lang.RuntimeException: intentional test failure
	at org.springframework.scheduling.concurrent.AbstractSchedulingTaskExecutorTests$TestTask.run(AbstractSchedulingTaskExecutorTests.java:248)
	at java.util.concurrent.ThreadPoolExecutor.runWorker(ThreadPoolExecutor.java:1142)
	at java.util.concurrent.ThreadPoolExecutor$Worker.run(ThreadPoolExecutor.java:617)
	at java.lang.Thread.run(Thread.java:745)
]]></system-err>
</testsuite>
