<?xml version="1.0" encoding="UTF-8"?>
<testsuite name="org.springframework.jmx.export.NotificationPublisherTests" tests="4" skipped="0" failures="0" errors="0" timestamp="2020-08-26T03:57:54" hostname="PC-20191023THJJ" time="0.032">
  <properties/>
  <testcase name="testSimpleBean" classname="org.springframework.jmx.export.NotificationPublisherTests" time="0.016"/>
  <testcase name="testMBean" classname="org.springframework.jmx.export.NotificationPublisherTests" time="0.003"/>
  <testcase name="testLazyInit" classname="org.springframework.jmx.export.NotificationPublisherTests" time="0.008"/>
  <testcase name="testSimpleBeanRegisteredManually" classname="org.springframework.jmx.export.NotificationPublisherTests" time="0.005"/>
  <system-out><![CDATA[]]></system-out>
  <system-err><![CDATA[]]></system-err>
</testsuite>
