<?xml version="1.0" encoding="UTF-8"?>
<testsuite name="org.springframework.aop.aspectj.DeclareParentsTests" tests="2" skipped="0" failures="0" errors="0" timestamp="2020-08-26T03:57:28" hostname="PC-20191023THJJ" time="0.029">
  <properties/>
  <testcase name="testLockingWorks" classname="org.springframework.aop.aspectj.DeclareParentsTests" time="0.016"/>
  <testcase name="testIntroductionWasMade" classname="org.springframework.aop.aspectj.DeclareParentsTests" time="0.013"/>
  <system-out><![CDATA[]]></system-out>
  <system-err><![CDATA[]]></system-err>
</testsuite>
