<?xml version="1.0" encoding="UTF-8"?>
<testsuite name="org.springframework.jmx.export.LazyInitMBeanTests" tests="1" skipped="0" failures="0" errors="0" timestamp="2020-08-26T03:57:54" hostname="PC-20191023THJJ" time="0.023">
  <properties/>
  <testcase name="invokeOnLazyInitBean" classname="org.springframework.jmx.export.LazyInitMBeanTests" time="0.023"/>
  <system-out><![CDATA[]]></system-out>
  <system-err><![CDATA[]]></system-err>
</testsuite>
