<?xml version="1.0" encoding="UTF-8"?>
<testsuite name="org.springframework.scripting.groovy.GroovyAspectTests" tests="4" skipped="0" failures="0" errors="0" timestamp="2020-08-26T03:58:14" hostname="PC-20191023THJJ" time="0.077">
  <properties/>
  <testcase name="manualGroovyBeanWithStaticPointcut" classname="org.springframework.scripting.groovy.GroovyAspectTests" time="0.022"/>
  <testcase name="manualGroovyBeanWithDynamicPointcutProxyTargetClass" classname="org.springframework.scripting.groovy.GroovyAspectTests" time="0.022"/>
  <testcase name="manualGroovyBeanWithUnconditionalPointcut" classname="org.springframework.scripting.groovy.GroovyAspectTests" time="0.016"/>
  <testcase name="manualGroovyBeanWithDynamicPointcut" classname="org.springframework.scripting.groovy.GroovyAspectTests" time="0.017"/>
  <system-out><![CDATA[]]></system-out>
  <system-err><![CDATA[]]></system-err>
</testsuite>
