<?xml version="1.0" encoding="UTF-8"?>
<testsuite name="org.springframework.aop.aspectj.autoproxy.AspectJAutoProxyCreatorTests" tests="19" skipped="3" failures="0" errors="0" timestamp="2020-08-26T03:57:26" hostname="PC-20191023THJJ" time="0.559">
  <properties/>
  <testcase name="testTwoAdviceAspectPrototype" classname="org.springframework.aop.aspectj.autoproxy.AspectJAutoProxyCreatorTests" time="0.017"/>
  <testcase name="testAspectsAndAdvisorNotAppliedToPrototypeIsFastEnough" classname="org.springframework.aop.aspectj.autoproxy.AspectJAutoProxyCreatorTests" time="0.003">
    <skipped/>
  </testcase>
  <testcase name="testAspectsAreApplied" classname="org.springframework.aop.aspectj.autoproxy.AspectJAutoProxyCreatorTests" time="0.033"/>
  <testcase name="testIncludeMechanism" classname="org.springframework.aop.aspectj.autoproxy.AspectJAutoProxyCreatorTests" time="0.035"/>
  <testcase name="testForceProxyTargetClass" classname="org.springframework.aop.aspectj.autoproxy.AspectJAutoProxyCreatorTests" time="0.028"/>
  <testcase name="testAspectsAndAdvisorNotAppliedToManySingletonsIsFastEnough" classname="org.springframework.aop.aspectj.autoproxy.AspectJAutoProxyCreatorTests" time="0.0">
    <skipped/>
  </testcase>
  <testcase name="testAspectsAreAppliedInDefinedOrder" classname="org.springframework.aop.aspectj.autoproxy.AspectJAutoProxyCreatorTests" time="0.026"/>
  <testcase name="testAspectsAndAdvisorAppliedToPrototypeIsFastEnough" classname="org.springframework.aop.aspectj.autoproxy.AspectJAutoProxyCreatorTests" time="0.0">
    <skipped/>
  </testcase>
  <testcase name="testMultipleAspectsWithParameterApplied" classname="org.springframework.aop.aspectj.autoproxy.AspectJAutoProxyCreatorTests" time="0.032"/>
  <testcase name="testAspectsAndAdvisorAreApplied" classname="org.springframework.aop.aspectj.autoproxy.AspectJAutoProxyCreatorTests" time="0.011"/>
  <testcase name="testAdviceUsingJoinPoint" classname="org.springframework.aop.aspectj.autoproxy.AspectJAutoProxyCreatorTests" time="0.02"/>
  <testcase name="testTwoAdviceAspect" classname="org.springframework.aop.aspectj.autoproxy.AspectJAutoProxyCreatorTests" time="0.033"/>
  <testcase name="testTwoAdviceAspectSingleton" classname="org.springframework.aop.aspectj.autoproxy.AspectJAutoProxyCreatorTests" time="0.009"/>
  <testcase name="testPerThisAspect" classname="org.springframework.aop.aspectj.autoproxy.AspectJAutoProxyCreatorTests" time="0.024"/>
  <testcase name="testAspectsAndAdvisorAreAppliedEvenIfComingFromParentFactory" classname="org.springframework.aop.aspectj.autoproxy.AspectJAutoProxyCreatorTests" time="0.013"/>
  <testcase name="testPerTargetAspect" classname="org.springframework.aop.aspectj.autoproxy.AspectJAutoProxyCreatorTests" time="0.02"/>
  <testcase name="testRetryAspect" classname="org.springframework.aop.aspectj.autoproxy.AspectJAutoProxyCreatorTests" time="0.162"/>
  <testcase name="testWithAbstractFactoryBeanAreApplied" classname="org.springframework.aop.aspectj.autoproxy.AspectJAutoProxyCreatorTests" time="0.012"/>
  <testcase name="testWithBeanNameAutoProxyCreator" classname="org.springframework.aop.aspectj.autoproxy.AspectJAutoProxyCreatorTests" time="0.075"/>
  <system-out><![CDATA[]]></system-out>
  <system-err><![CDATA[]]></system-err>
</testsuite>
