<?xml version="1.0" encoding="UTF-8"?>
<testsuite name="org.springframework.context.annotation.EnableAspectJAutoProxyTests" tests="5" skipped="0" failures="0" errors="0" timestamp="2020-08-26T03:57:43" hostname="PC-20191023THJJ" time="0.099">
  <properties/>
  <testcase name="withCglibProxy" classname="org.springframework.context.annotation.EnableAspectJAutoProxyTests" time="0.019"/>
  <testcase name="withJdkProxy" classname="org.springframework.context.annotation.EnableAspectJAutoProxyTests" time="0.015"/>
  <testcase name="withAnnotationOnArgumentAndCglibProxy" classname="org.springframework.context.annotation.EnableAspectJAutoProxyTests" time="0.031"/>
  <testcase name="withAnnotationOnArgumentAndJdkProxy" classname="org.springframework.context.annotation.EnableAspectJAutoProxyTests" time="0.019"/>
  <testcase name="withExposedProxy" classname="org.springframework.context.annotation.EnableAspectJAutoProxyTests" time="0.015"/>
  <system-out><![CDATA[]]></system-out>
  <system-err><![CDATA[]]></system-err>
</testsuite>
