<?xml version="1.0" encoding="UTF-8"?>
<testsuite name="org.springframework.context.annotation.spr16756.Spr16756Tests" tests="1" skipped="0" failures="0" errors="0" timestamp="2020-08-26T03:57:44" hostname="PC-20191023THJJ" time="0.008">
  <properties/>
  <testcase name="shouldNotFailOnNestedScopedComponent" classname="org.springframework.context.annotation.spr16756.Spr16756Tests" time="0.008"/>
  <system-out><![CDATA[]]></system-out>
  <system-err><![CDATA[]]></system-err>
</testsuite>
