<?xml version="1.0" encoding="UTF-8"?>
<testsuite name="org.springframework.aop.aspectj.autoproxy.AtAspectJAnnotationBindingTests" tests="3" skipped="0" failures="0" errors="0" timestamp="2020-08-26T03:57:27" hostname="PC-20191023THJJ" time="0.034">
  <properties/>
  <testcase name="testAnnotationBindingInAroundAdvice" classname="org.springframework.aop.aspectj.autoproxy.AtAspectJAnnotationBindingTests" time="0.013"/>
  <testcase name="testNoMatchingWithoutAnnotationPresent" classname="org.springframework.aop.aspectj.autoproxy.AtAspectJAnnotationBindingTests" time="0.011"/>
  <testcase name="testPointcutEvaulatedAgainstArray" classname="org.springframework.aop.aspectj.autoproxy.AtAspectJAnnotationBindingTests" time="0.01"/>
  <system-out><![CDATA[]]></system-out>
  <system-err><![CDATA[]]></system-err>
</testsuite>
