<?xml version="1.0" encoding="UTF-8"?>
<testsuite name="org.springframework.context.event.EventPublicationInterceptorTests" tests="5" skipped="0" failures="0" errors="0" timestamp="2020-08-26T03:57:45" hostname="PC-20191023THJJ" time="0.01">
  <properties/>
  <testcase name="testWithAbstractStraightApplicationEventClassSupplied" classname="org.springframework.context.event.EventPublicationInterceptorTests" time="0.003"/>
  <testcase name="testWithNoApplicationEventClassSupplied" classname="org.springframework.context.event.EventPublicationInterceptorTests" time="0.0"/>
  <testcase name="testExpectedBehavior" classname="org.springframework.context.event.EventPublicationInterceptorTests" time="0.006"/>
  <testcase name="testWithApplicationEventClassThatDoesntExposeAValidCtor" classname="org.springframework.context.event.EventPublicationInterceptorTests" time="0.001"/>
  <testcase name="testWithNonApplicationEventClassSupplied" classname="org.springframework.context.event.EventPublicationInterceptorTests" time="0.0"/>
  <system-out><![CDATA[]]></system-out>
  <system-err><![CDATA[]]></system-err>
</testsuite>
