<?xml version="1.0" encoding="UTF-8"?>
<testsuite name="org.springframework.format.number.NumberStyleFormatterTests" tests="4" skipped="0" failures="0" errors="0" timestamp="2020-08-26T03:57:52" hostname="PC-20191023THJJ" time="0.0">
  <properties/>
  <testcase name="parseValue" classname="org.springframework.format.number.NumberStyleFormatterTests" time="0.0"/>
  <testcase name="parsePercentValueNotLenientFailure" classname="org.springframework.format.number.NumberStyleFormatterTests" time="0.0"/>
  <testcase name="parseBogusValue" classname="org.springframework.format.number.NumberStyleFormatterTests" time="0.0"/>
  <testcase name="formatValue" classname="org.springframework.format.number.NumberStyleFormatterTests" time="0.0"/>
  <system-out><![CDATA[]]></system-out>
  <system-err><![CDATA[]]></system-err>
</testsuite>
