<?xml version="1.0" encoding="UTF-8"?>
<testsuite name="org.springframework.beans.factory.xml.support.CustomNamespaceHandlerTests" tests="9" skipped="0" failures="0" errors="0" timestamp="2020-08-26T03:57:31" hostname="PC-20191023THJJ" time="0.088">
  <properties/>
  <testcase name="testDecorationViaAttribute" classname="org.springframework.beans.factory.xml.support.CustomNamespaceHandlerTests" time="0.018"/>
  <testcase name="testCustomElementNestedWithinUtilMap" classname="org.springframework.beans.factory.xml.support.CustomNamespaceHandlerTests" time="0.009"/>
  <testcase name="testCustomElementNestedWithinUtilSet" classname="org.springframework.beans.factory.xml.support.CustomNamespaceHandlerTests" time="0.012"/>
  <testcase name="testSimpleDecorator" classname="org.springframework.beans.factory.xml.support.CustomNamespaceHandlerTests" time="0.008"/>
  <testcase name="testCustomElementNestedWithinUtilList" classname="org.springframework.beans.factory.xml.support.CustomNamespaceHandlerTests" time="0.008"/>
  <testcase name="testProxyingDecorator" classname="org.springframework.beans.factory.xml.support.CustomNamespaceHandlerTests" time="0.008"/>
  <testcase name="testProxyingDecoratorNoInstance" classname="org.springframework.beans.factory.xml.support.CustomNamespaceHandlerTests" time="0.009"/>
  <testcase name="testSimpleParser" classname="org.springframework.beans.factory.xml.support.CustomNamespaceHandlerTests" time="0.007"/>
  <testcase name="testChainedDecorators" classname="org.springframework.beans.factory.xml.support.CustomNamespaceHandlerTests" time="0.009"/>
  <system-out><![CDATA[]]></system-out>
  <system-err><![CDATA[]]></system-err>
</testsuite>
