<?xml version="1.0" encoding="UTF-8"?>
<testsuite name="org.springframework.validation.beanvalidation.SpringValidatorAdapterTests" tests="7" skipped="0" failures="0" errors="0" timestamp="2020-08-26T03:58:19" hostname="PC-20191023THJJ" time="0.098">
  <properties/>
  <testcase name="testNoStringArgumentValue" classname="org.springframework.validation.beanvalidation.SpringValidatorAdapterTests" time="0.012"/>
  <testcase name="testWithList" classname="org.springframework.validation.beanvalidation.SpringValidatorAdapterTests" time="0.034"/>
  <testcase name="testApplyMessageSourceResolvableToStringArgumentValueWithUnresolvedLogicalFieldName" classname="org.springframework.validation.beanvalidation.SpringValidatorAdapterTests" time="0.003"/>
  <testcase name="testWithSet" classname="org.springframework.validation.beanvalidation.SpringValidatorAdapterTests" time="0.018"/>
  <testcase name="testApplyMessageSourceResolvableToStringArgumentValueWithAlwaysUseMessageFormat" classname="org.springframework.validation.beanvalidation.SpringValidatorAdapterTests" time="0.002"/>
  <testcase name="testUnwrap" classname="org.springframework.validation.beanvalidation.SpringValidatorAdapterTests" time="0.0"/>
  <testcase name="testApplyMessageSourceResolvableToStringArgumentValueWithResolvedLogicalFieldName" classname="org.springframework.validation.beanvalidation.SpringValidatorAdapterTests" time="0.002"/>
  <system-out><![CDATA[]]></system-out>
  <system-err><![CDATA[]]></system-err>
</testsuite>
