<?xml version="1.0" encoding="UTF-8"?>
<testsuite name="org.springframework.aop.config.AopNamespaceHandlerProxyTargetClassTests" tests="6" skipped="0" failures="0" errors="0" timestamp="2020-08-26T03:57:28" hostname="PC-20191023THJJ" time="0.113">
  <properties/>
  <testcase name="testIsClassProxy" classname="org.springframework.aop.config.AopNamespaceHandlerProxyTargetClassTests" time="0.028"/>
  <testcase name="testAspectAppliedForInitializeBeanWithEmptyName" classname="org.springframework.aop.config.AopNamespaceHandlerProxyTargetClassTests" time="0.022"/>
  <testcase name="testAdviceInvokedCorrectly" classname="org.springframework.aop.config.AopNamespaceHandlerProxyTargetClassTests" time="0.018"/>
  <testcase name="testAspectAppliedForInitializeBeanWithNullName" classname="org.springframework.aop.config.AopNamespaceHandlerProxyTargetClassTests" time="0.016"/>
  <testcase name="testIsProxy" classname="org.springframework.aop.config.AopNamespaceHandlerProxyTargetClassTests" time="0.014"/>
  <testcase name="testAspectApplied" classname="org.springframework.aop.config.AopNamespaceHandlerProxyTargetClassTests" time="0.014"/>
  <system-out><![CDATA[]]></system-out>
  <system-err><![CDATA[]]></system-err>
</testsuite>
