<?xml version="1.0" encoding="UTF-8"?>
<testsuite name="org.springframework.aop.aspectj.BeforeAdviceBindingTests" tests="5" skipped="0" failures="0" errors="0" timestamp="2020-08-26T03:57:27" hostname="PC-20191023THJJ" time="0.07">
  <properties/>
  <testcase name="testOneObjectArgBoundToProxyUsingThis" classname="org.springframework.aop.aspectj.BeforeAdviceBindingTests" time="0.015"/>
  <testcase name="testNeedsJoinPoint" classname="org.springframework.aop.aspectj.BeforeAdviceBindingTests" time="0.014"/>
  <testcase name="testOneIntAndOneObjectArgs" classname="org.springframework.aop.aspectj.BeforeAdviceBindingTests" time="0.014"/>
  <testcase name="testNeedsJoinPointStaticPart" classname="org.springframework.aop.aspectj.BeforeAdviceBindingTests" time="0.013"/>
  <testcase name="testOneIntArg" classname="org.springframework.aop.aspectj.BeforeAdviceBindingTests" time="0.013"/>
  <system-out><![CDATA[]]></system-out>
  <system-err><![CDATA[]]></system-err>
</testsuite>
