<?xml version="1.0" encoding="UTF-8"?>
<testsuite name="org.springframework.context.support.ClassPathXmlApplicationContextTests" tests="20" skipped="0" failures="0" errors="0" timestamp="2020-08-26T03:57:46" hostname="PC-20191023THJJ" time="1.976">
  <properties/>
  <testcase name="testSingleConfigLocationWithClass" classname="org.springframework.context.support.ClassPathXmlApplicationContextTests" time="0.003"/>
  <testcase name="testAliasWithPlaceholder" classname="org.springframework.context.support.ClassPathXmlApplicationContextTests" time="0.491"/>
  <testcase name="testContextWithInvalidValueType" classname="org.springframework.context.support.ClassPathXmlApplicationContextTests" time="0.013"/>
  <testcase name="testResourceAndInputStream" classname="org.springframework.context.support.ClassPathXmlApplicationContextTests" time="0.014"/>
  <testcase name="testContextWithInvalidLazyClass" classname="org.springframework.context.support.ClassPathXmlApplicationContextTests" time="0.014"/>
  <testcase name="testMessageSourceAware" classname="org.springframework.context.support.ClassPathXmlApplicationContextTests" time="0.145"/>
  <testcase name="testContextWithClassNameThatContainsPlaceholder" classname="org.springframework.context.support.ClassPathXmlApplicationContextTests" time="0.008"/>
  <testcase name="testGenericApplicationContextWithXmlBeanDefinitionsAndClassLoaderNull" classname="org.springframework.context.support.ClassPathXmlApplicationContextTests" time="0.128"/>
  <testcase name="testAliasThatOverridesParent" classname="org.springframework.context.support.ClassPathXmlApplicationContextTests" time="0.007"/>
  <testcase name="testChildWithProxy" classname="org.springframework.context.support.ClassPathXmlApplicationContextTests" time="0.127"/>
  <testcase name="testSingleConfigLocation" classname="org.springframework.context.support.ClassPathXmlApplicationContextTests" time="0.003"/>
  <testcase name="testResourceArrayPropertyEditor" classname="org.springframework.context.support.ClassPathXmlApplicationContextTests" time="0.116"/>
  <testcase name="testGenericApplicationContextWithXmlBeanDefinitionsAndSpecifiedId" classname="org.springframework.context.support.ClassPathXmlApplicationContextTests" time="0.099"/>
  <testcase name="testFactoryBeanAndApplicationListener" classname="org.springframework.context.support.ClassPathXmlApplicationContextTests" time="0.112"/>
  <testcase name="testMultipleConfigLocationsWithClass" classname="org.springframework.context.support.ClassPathXmlApplicationContextTests" time="0.105"/>
  <testcase name="testMultipleConfigLocations" classname="org.springframework.context.support.ClassPathXmlApplicationContextTests" time="0.331"/>
  <testcase name="testAliasForParentContext" classname="org.springframework.context.support.ClassPathXmlApplicationContextTests" time="0.005"/>
  <testcase name="testGenericApplicationContextWithXmlBeanDefinitions" classname="org.springframework.context.support.ClassPathXmlApplicationContextTests" time="0.13"/>
  <testcase name="testAliasThatOverridesEarlierBean" classname="org.springframework.context.support.ClassPathXmlApplicationContextTests" time="0.004"/>
  <testcase name="testConfigLocationPattern" classname="org.springframework.context.support.ClassPathXmlApplicationContextTests" time="0.121"/>
  <system-out><![CDATA[11:57:46.812 [Test worker] WARN  org.springframework.context.support.ClassPathXmlApplicationContext - Exception encountered during context initialization - cancelling refresh attempt: org.springframework.beans.factory.BeanCreationException: Error creating bean with name 'someMessageSource' defined in class path resource [org/springframework/context/support/invalidValueType.xml]: Initialization of bean failed; nested exception is org.springframework.beans.TypeMismatchException: Failed to convert property value of type 'java.lang.String' to required type 'boolean' for property 'useCodeAsDefaultMessage'; nested exception is java.lang.IllegalArgumentException: Invalid boolean value [xxx]
]]></system-out>
  <system-err><![CDATA[]]></system-err>
</testsuite>
