<?xml version="1.0" encoding="UTF-8"?>
<testsuite name="org.springframework.aop.aspectj.AfterAdviceBindingTests" tests="6" skipped="0" failures="0" errors="0" timestamp="2020-08-26T03:57:24" hostname="PC-20191023THJJ" time="1.776">
  <properties/>
  <testcase name="testNeedsJoinPoint" classname="org.springframework.aop.aspectj.AfterAdviceBindingTests" time="1.633"/>
  <testcase name="testOneObjectArgBindingTarget" classname="org.springframework.aop.aspectj.AfterAdviceBindingTests" time="0.034"/>
  <testcase name="testOneIntAndOneObjectArgs" classname="org.springframework.aop.aspectj.AfterAdviceBindingTests" time="0.032"/>
  <testcase name="testNeedsJoinPointStaticPart" classname="org.springframework.aop.aspectj.AfterAdviceBindingTests" time="0.026"/>
  <testcase name="testOneIntArg" classname="org.springframework.aop.aspectj.AfterAdviceBindingTests" time="0.025"/>
  <testcase name="testOneObjectArgBindingProxyWithThis" classname="org.springframework.aop.aspectj.AfterAdviceBindingTests" time="0.025"/>
  <system-out><![CDATA[]]></system-out>
  <system-err><![CDATA[]]></system-err>
</testsuite>
