<?xml version="1.0" encoding="UTF-8"?>
<testsuite name="org.springframework.context.groovy.GroovyApplicationContextDynamicBeanPropertyTests" tests="2" skipped="0" failures="0" errors="0" timestamp="2020-08-26T03:58:21" hostname="PC-20191023THJJ" time="0.063">
  <properties/>
  <testcase name="testAccessDynamicBeanProperties" classname="org.springframework.context.groovy.GroovyApplicationContextDynamicBeanPropertyTests" time="0.033"/>
  <testcase name="testAccessingNonExistentBeanViaDynamicProperty" classname="org.springframework.context.groovy.GroovyApplicationContextDynamicBeanPropertyTests" time="0.03"/>
  <system-out><![CDATA[]]></system-out>
  <system-err><![CDATA[]]></system-err>
</testsuite>
