<?xml version="1.0" encoding="UTF-8"?>
<testsuite name="org.springframework.aop.aspectj.BeanNamePointcutTests" tests="6" skipped="0" failures="0" errors="0" timestamp="2020-08-26T03:57:27" hostname="PC-20191023THJJ" time="0.12">
  <properties/>
  <testcase name="testPointcutAdvisorCombination" classname="org.springframework.aop.aspectj.BeanNamePointcutTests" time="0.034"/>
  <testcase name="testMatchingBeanName" classname="org.springframework.aop.aspectj.BeanNamePointcutTests" time="0.021"/>
  <testcase name="testMatchingFactoryBeanItself" classname="org.springframework.aop.aspectj.BeanNamePointcutTests" time="0.016"/>
  <testcase name="testMatchingFactoryBeanObject" classname="org.springframework.aop.aspectj.BeanNamePointcutTests" time="0.016"/>
  <testcase name="testNonMatchingNestedBeanName" classname="org.springframework.aop.aspectj.BeanNamePointcutTests" time="0.017"/>
  <testcase name="testNonMatchingBeanName" classname="org.springframework.aop.aspectj.BeanNamePointcutTests" time="0.016"/>
  <system-out><![CDATA[]]></system-out>
  <system-err><![CDATA[]]></system-err>
</testsuite>
