<?xml version="1.0" encoding="UTF-8"?>
<testsuite name="org.springframework.scripting.support.ResourceScriptSourceTests" tests="4" skipped="0" failures="0" errors="0" timestamp="2020-08-26T03:58:19" hostname="PC-20191023THJJ" time="0.009">
  <properties/>
  <testcase name="beginsInModifiedState" classname="org.springframework.scripting.support.ResourceScriptSourceTests" time="0.007"/>
  <testcase name="lastModifiedWorksWithResourceThatDoesNotSupportFileBasedAccessAtAll" classname="org.springframework.scripting.support.ResourceScriptSourceTests" time="0.002"/>
  <testcase name="doesNotPropagateFatalExceptionOnResourceThatCannotBeResolvedToAFile" classname="org.springframework.scripting.support.ResourceScriptSourceTests" time="0.0"/>
  <testcase name="lastModifiedWorksWithResourceThatDoesNotSupportFileBasedReading" classname="org.springframework.scripting.support.ResourceScriptSourceTests" time="0.0"/>
  <system-out><![CDATA[]]></system-out>
  <system-err><![CDATA[]]></system-err>
</testsuite>
