<?xml version="1.0" encoding="UTF-8"?>
<testsuite name="org.springframework.context.support.GenericApplicationContextTests" tests="4" skipped="0" failures="0" errors="0" timestamp="2020-08-26T03:57:49" hostname="PC-20191023THJJ" time="0.003">
  <properties/>
  <testcase name="withScopedSupplier" classname="org.springframework.context.support.GenericApplicationContextTests" time="0.002"/>
  <testcase name="accessAfterClosing" classname="org.springframework.context.support.GenericApplicationContextTests" time="0.001"/>
  <testcase name="withSingletonSupplier" classname="org.springframework.context.support.GenericApplicationContextTests" time="0.0"/>
  <testcase name="getBeanForClass" classname="org.springframework.context.support.GenericApplicationContextTests" time="0.0"/>
  <system-out><![CDATA[]]></system-out>
  <system-err><![CDATA[]]></system-err>
</testsuite>
