<?xml version="1.0" encoding="UTF-8"?>
<testsuite name="org.springframework.context.annotation.ComponentScanParserScopedProxyTests" tests="5" skipped="0" failures="0" errors="0" timestamp="2020-08-26T03:57:41" hostname="PC-20191023THJJ" time="0.067">
  <properties/>
  <testcase name="testDefaultScopedProxy" classname="org.springframework.context.annotation.ComponentScanParserScopedProxyTests" time="0.014"/>
  <testcase name="testTargetClassScopedProxy" classname="org.springframework.context.annotation.ComponentScanParserScopedProxyTests" time="0.019"/>
  <testcase name="testInterfacesScopedProxy" classname="org.springframework.context.annotation.ComponentScanParserScopedProxyTests" time="0.014"/>
  <testcase name="testNoScopedProxy" classname="org.springframework.context.annotation.ComponentScanParserScopedProxyTests" time="0.012"/>
  <testcase name="testInvalidConfigScopedProxy" classname="org.springframework.context.annotation.ComponentScanParserScopedProxyTests" time="0.008"/>
  <system-out><![CDATA[]]></system-out>
  <system-err><![CDATA[]]></system-err>
</testsuite>
