<?xml version="1.0" encoding="UTF-8"?>
<testsuite name="org.springframework.scripting.config.ScriptingDefaultsTests" tests="6" skipped="0" failures="0" errors="0" timestamp="2020-08-26T03:58:14" hostname="PC-20191023THJJ" time="0.273">
  <properties/>
  <testcase name="defaultAutowire" classname="org.springframework.scripting.config.ScriptingDefaultsTests" time="0.096"/>
  <testcase name="nameAsAlias" classname="org.springframework.scripting.config.ScriptingDefaultsTests" time="0.036"/>
  <testcase name="defaultInitMethod" classname="org.springframework.scripting.config.ScriptingDefaultsTests" time="0.039"/>
  <testcase name="defaultProxyTargetClass" classname="org.springframework.scripting.config.ScriptingDefaultsTests" time="0.028"/>
  <testcase name="defaultRefreshCheckDelay" classname="org.springframework.scripting.config.ScriptingDefaultsTests" time="0.037"/>
  <testcase name="defaultDestroyMethod" classname="org.springframework.scripting.config.ScriptingDefaultsTests" time="0.037"/>
  <system-out><![CDATA[]]></system-out>
  <system-err><![CDATA[]]></system-err>
</testsuite>
