<?xml version="1.0" encoding="UTF-8"?>
<testsuite name="org.springframework.aop.aspectj.generic.GenericBridgeMethodMatchingClassProxyTests" tests="4" skipped="0" failures="0" errors="0" timestamp="2020-08-26T03:57:28" hostname="PC-20191023THJJ" time="0.045">
  <properties/>
  <testcase name="testGenericBaseInterfaceMethodThroughClass" classname="org.springframework.aop.aspectj.generic.GenericBridgeMethodMatchingClassProxyTests" time="0.017"/>
  <testcase name="testGenericDerivedInterfaceMethodThroughClass" classname="org.springframework.aop.aspectj.generic.GenericBridgeMethodMatchingClassProxyTests" time="0.009"/>
  <testcase name="testGenericBaseInterfaceMethodThroughInterface" classname="org.springframework.aop.aspectj.generic.GenericBridgeMethodMatchingClassProxyTests" time="0.009"/>
  <testcase name="testGenericDerivedInterfaceMethodThroughInterface" classname="org.springframework.aop.aspectj.generic.GenericBridgeMethodMatchingClassProxyTests" time="0.01"/>
  <system-out><![CDATA[]]></system-out>
  <system-err><![CDATA[]]></system-err>
</testsuite>
