<?xml version="1.0" encoding="UTF-8"?>
<testsuite name="org.springframework.context.support.ApplicationContextLifecycleTests" tests="4" skipped="0" failures="0" errors="0" timestamp="2020-08-26T03:57:46" hostname="PC-20191023THJJ" time="0.024">
  <properties/>
  <testcase name="testStopOrder" classname="org.springframework.context.support.ApplicationContextLifecycleTests" time="0.008"/>
  <testcase name="testBeansStop" classname="org.springframework.context.support.ApplicationContextLifecycleTests" time="0.005"/>
  <testcase name="testBeansStart" classname="org.springframework.context.support.ApplicationContextLifecycleTests" time="0.005"/>
  <testcase name="testStartOrder" classname="org.springframework.context.support.ApplicationContextLifecycleTests" time="0.006"/>
  <system-out><![CDATA[]]></system-out>
  <system-err><![CDATA[]]></system-err>
</testsuite>
