<?xml version="1.0" encoding="UTF-8"?>
<testsuite name="org.springframework.context.support.BeanDefinitionDslTests" tests="5" skipped="0" failures="0" errors="0" timestamp="2020-08-26T03:58:20" hostname="PC-20191023THJJ" time="0.048">
  <properties/>
  <testcase name="Provide access to the context for allowing calling advanced features like getBeansOfType" classname="org.springframework.context.support.BeanDefinitionDslTests" time="0.005"/>
  <testcase name="Declare beans with the functional Kotlin DSL" classname="org.springframework.context.support.BeanDefinitionDslTests" time="0.005"/>
  <testcase name="Declare beans using profile condition with the functional Kotlin DSL" classname="org.springframework.context.support.BeanDefinitionDslTests" time="0.002"/>
  <testcase name="Declare beans using environment condition with the functional Kotlin DSL" classname="org.springframework.context.support.BeanDefinitionDslTests" time="0.009"/>
  <testcase name="Declare beans depending on environment properties" classname="org.springframework.context.support.BeanDefinitionDslTests" time="0.027"/>
  <system-out><![CDATA[]]></system-out>
  <system-err><![CDATA[]]></system-err>
</testsuite>
