<?xml version="1.0" encoding="UTF-8"?>
<testsuite name="org.springframework.ejb.config.JeeNamespaceHandlerTests" tests="9" skipped="0" failures="0" errors="0" timestamp="2020-08-26T03:57:52" hostname="PC-20191023THJJ" time="0.129">
  <properties/>
  <testcase name="testSimpleDefinition" classname="org.springframework.ejb.config.JeeNamespaceHandlerTests" time="0.04"/>
  <testcase name="testComplexRemoteSlsb" classname="org.springframework.ejb.config.JeeNamespaceHandlerTests" time="0.011"/>
  <testcase name="testLazyInitJndiLookup" classname="org.springframework.ejb.config.JeeNamespaceHandlerTests" time="0.011"/>
  <testcase name="testWithEnvironment" classname="org.springframework.ejb.config.JeeNamespaceHandlerTests" time="0.011"/>
  <testcase name="testWithReferencedEnvironment" classname="org.springframework.ejb.config.JeeNamespaceHandlerTests" time="0.011"/>
  <testcase name="testComplexLocalSlsb" classname="org.springframework.ejb.config.JeeNamespaceHandlerTests" time="0.012"/>
  <testcase name="testSimpleRemoteSlsb" classname="org.springframework.ejb.config.JeeNamespaceHandlerTests" time="0.011"/>
  <testcase name="testComplexDefinition" classname="org.springframework.ejb.config.JeeNamespaceHandlerTests" time="0.011"/>
  <testcase name="testSimpleLocalSlsb" classname="org.springframework.ejb.config.JeeNamespaceHandlerTests" time="0.01"/>
  <system-out><![CDATA[]]></system-out>
  <system-err><![CDATA[]]></system-err>
</testsuite>
