<?xml version="1.0" encoding="UTF-8"?>
<testsuite name="org.springframework.scripting.support.StandardScriptFactoryTests" tests="3" skipped="0" failures="0" errors="0" timestamp="2020-08-26T03:58:19" hostname="PC-20191023THJJ" time="0.411">
  <properties/>
  <testcase name="testRefreshableJsr223FromTagWithInterface" classname="org.springframework.scripting.support.StandardScriptFactoryTests" time="0.371"/>
  <testcase name="testJsr223FromTagWithInterface" classname="org.springframework.scripting.support.StandardScriptFactoryTests" time="0.021"/>
  <testcase name="testInlineJsr223FromTagWithInterface" classname="org.springframework.scripting.support.StandardScriptFactoryTests" time="0.019"/>
  <system-out><![CDATA[]]></system-out>
  <system-err><![CDATA[]]></system-err>
</testsuite>
