<?xml version="1.0" encoding="UTF-8"?>
<testsuite name="org.springframework.jmx.export.MBeanExporterTests" tests="33" skipped="0" failures="0" errors="0" timestamp="2020-08-26T03:57:54" hostname="PC-20191023THJJ" time="0.059">
  <properties/>
  <testcase name="testSelfNaming" classname="org.springframework.jmx.export.MBeanExporterTests" time="0.005"/>
  <testcase name="testBonaFideMBeanIsNotExportedWhenAutodetectIsTotallyTurnedOff" classname="org.springframework.jmx.export.MBeanExporterTests" time="0.001"/>
  <testcase name="testWithSuppliedMBeanServer" classname="org.springframework.jmx.export.MBeanExporterTests" time="0.0"/>
  <testcase name="testWithMBeanExporterListeners" classname="org.springframework.jmx.export.MBeanExporterTests" time="0.001"/>
  <testcase name="testMBeanIsUnregisteredForRuntimeExceptionDuringInitialization" classname="org.springframework.jmx.export.MBeanExporterTests" time="0.0"/>
  <testcase name="testAutodetectLazyMBeans" classname="org.springframework.jmx.export.MBeanExporterTests" time="0.004"/>
  <testcase name="testUserCreatedMBeanRegWithDynamicMBean" classname="org.springframework.jmx.export.MBeanExporterTests" time="0.0"/>
  <testcase name="testAutodetectMBeans" classname="org.springframework.jmx.export.MBeanExporterTests" time="0.003"/>
  <testcase name="testBonaFideMBeanAndRegularBeanExporterWithAutodetectAll" classname="org.springframework.jmx.export.MBeanExporterTests" time="0.002"/>
  <testcase name="testSetAutodetectModeToOutOfRangePositiveValue" classname="org.springframework.jmx.export.MBeanExporterTests" time="0.001"/>
  <testcase name="testWildcardCanBeUsedInNotificationListenersMap" classname="org.springframework.jmx.export.MBeanExporterTests" time="0.02"/>
  <testcase name="testSetAutodetectModeNameToARubbishValue" classname="org.springframework.jmx.export.MBeanExporterTests" time="0.0"/>
  <testcase name="testMBeanIsNotUnregisteredSpuriouslyIfSomeExternalProcessHasUnregisteredMBean" classname="org.springframework.jmx.export.MBeanExporterTests" time="0.0"/>
  <testcase name="testBeanNameCanBeUsedInNotificationListenersMap" classname="org.springframework.jmx.export.MBeanExporterTests" time="0.001"/>
  <testcase name="testBonaFideMBeanExplicitlyExportedAndAutodetectionIsOn" classname="org.springframework.jmx.export.MBeanExporterTests" time="0.0"/>
  <testcase name="testIgnoreBeanName" classname="org.springframework.jmx.export.MBeanExporterTests" time="0.001"/>
  <testcase name="testSetAutodetectModeNameToAnEmptyString" classname="org.springframework.jmx.export.MBeanExporterTests" time="0.0"/>
  <testcase name="testExportJdkProxy" classname="org.springframework.jmx.export.MBeanExporterTests" time="0.009"/>
  <testcase name="testSetAutodetectModeToOutOfRangeNegativeValue" classname="org.springframework.jmx.export.MBeanExporterTests" time="0.0"/>
  <testcase name="testOnlyBonaFideMBeanIsExportedWhenAutodetectIsMBeanOnly" classname="org.springframework.jmx.export.MBeanExporterTests" time="0.0"/>
  <testcase name="testWithExposeClassLoader" classname="org.springframework.jmx.export.MBeanExporterTests" time="0.001"/>
  <testcase name="testIgnoreNullObjectFromFactoryBean" classname="org.springframework.jmx.export.MBeanExporterTests" time="0.001"/>
  <testcase name="testRegisterNotificationListenerForNonExistentMBean" classname="org.springframework.jmx.export.MBeanExporterTests" time="0.0"/>
  <testcase name="testNotRunningInBeanFactoryAndPassedBeanNameToExport" classname="org.springframework.jmx.export.MBeanExporterTests" time="0.0"/>
  <testcase name="testSetAutodetectModeNameToAWhitespacedString" classname="org.springframework.jmx.export.MBeanExporterTests" time="0.0"/>
  <testcase name="testRegisterReplaceExisting" classname="org.springframework.jmx.export.MBeanExporterTests" time="0.0"/>
  <testcase name="testRegisterIgnoreExisting" classname="org.springframework.jmx.export.MBeanExporterTests" time="0.0"/>
  <testcase name="testBonaFideMBeanIsNotExportedWithAutodetectAssembler" classname="org.springframework.jmx.export.MBeanExporterTests" time="0.001"/>
  <testcase name="testRegisterNullNotificationListenerType" classname="org.springframework.jmx.export.MBeanExporterTests" time="0.0"/>
  <testcase name="testRegisterFactoryBean" classname="org.springframework.jmx.export.MBeanExporterTests" time="0.001"/>
  <testcase name="testAutodetectWithExclude" classname="org.springframework.jmx.export.MBeanExporterTests" time="0.003"/>
  <testcase name="testAutodetectNoMBeans" classname="org.springframework.jmx.export.MBeanExporterTests" time="0.003"/>
  <testcase name="testNotRunningInBeanFactoryAndAutodetectionIsOn" classname="org.springframework.jmx.export.MBeanExporterTests" time="0.0"/>
  <system-out><![CDATA[]]></system-out>
  <system-err><![CDATA[]]></system-err>
</testsuite>
