<?xml version="1.0" encoding="UTF-8"?>
<testsuite name="org.springframework.context.annotation.Spr15275Tests" tests="6" skipped="0" failures="0" errors="0" timestamp="2020-08-26T03:57:44" hostname="PC-20191023THJJ" time="0.031">
  <properties/>
  <testcase name="testWithAbstractFactoryBeanForInterface" classname="org.springframework.context.annotation.Spr15275Tests" time="0.006"/>
  <testcase name="testWithFactoryBean" classname="org.springframework.context.annotation.Spr15275Tests" time="0.007"/>
  <testcase name="testWithAbstractFactoryBean" classname="org.springframework.context.annotation.Spr15275Tests" time="0.005"/>
  <testcase name="testWithFinalFactoryBean" classname="org.springframework.context.annotation.Spr15275Tests" time="0.004"/>
  <testcase name="testWithAbstractFactoryBeanAsReturnType" classname="org.springframework.context.annotation.Spr15275Tests" time="0.004"/>
  <testcase name="testWithFinalFactoryBeanAsReturnType" classname="org.springframework.context.annotation.Spr15275Tests" time="0.004"/>
  <system-out><![CDATA[]]></system-out>
  <system-err><![CDATA[]]></system-err>
</testsuite>
