<?xml version="1.0" encoding="UTF-8"?>
<testsuite name="org.springframework.scripting.groovy.GroovyScriptEvaluatorTests" tests="8" skipped="0" failures="0" errors="0" timestamp="2020-08-26T03:58:14" hostname="PC-20191023THJJ" time="0.124">
  <properties/>
  <testcase name="testGroovyScriptWithArguments" classname="org.springframework.scripting.groovy.GroovyScriptEvaluatorTests" time="0.028"/>
  <testcase name="testGroovyScriptWithImportCustomizer" classname="org.springframework.scripting.groovy.GroovyScriptEvaluatorTests" time="0.019"/>
  <testcase name="testGroovyScriptFromFileUsingJsr223" classname="org.springframework.scripting.groovy.GroovyScriptEvaluatorTests" time="0.033"/>
  <testcase name="testGroovyScriptWithArgumentsUsingJsr223" classname="org.springframework.scripting.groovy.GroovyScriptEvaluatorTests" time="0.011"/>
  <testcase name="testGroovyScriptFromFile" classname="org.springframework.scripting.groovy.GroovyScriptEvaluatorTests" time="0.008"/>
  <testcase name="testGroovyScriptFromStringUsingJsr223" classname="org.springframework.scripting.groovy.GroovyScriptEvaluatorTests" time="0.008"/>
  <testcase name="testGroovyScriptWithCompilerConfiguration" classname="org.springframework.scripting.groovy.GroovyScriptEvaluatorTests" time="0.008"/>
  <testcase name="testGroovyScriptFromString" classname="org.springframework.scripting.groovy.GroovyScriptEvaluatorTests" time="0.008"/>
  <system-out><![CDATA[]]></system-out>
  <system-err><![CDATA[]]></system-err>
</testsuite>
