<?xml version="1.0" encoding="UTF-8"?>
<testsuite name="org.springframework.aop.aspectj.AspectAndAdvicePrecedenceTests" tests="1" skipped="0" failures="0" errors="0" timestamp="2020-08-26T03:57:26" hostname="PC-20191023THJJ" time="0.059">
  <properties/>
  <testcase name="testAdviceOrder" classname="org.springframework.aop.aspectj.AspectAndAdvicePrecedenceTests" time="0.059"/>
  <system-out><![CDATA[]]></system-out>
  <system-err><![CDATA[]]></system-err>
</testsuite>
