<?xml version="1.0" encoding="UTF-8"?>
<testsuite name="org.springframework.context.support.ConversionServiceFactoryBeanTests" tests="5" skipped="0" failures="0" errors="0" timestamp="2020-08-26T03:57:48" hostname="PC-20191023THJJ" time="0.012">
  <properties/>
  <testcase name="createDefaultConversionService" classname="org.springframework.context.support.ConversionServiceFactoryBeanTests" time="0.0"/>
  <testcase name="conversionServiceInApplicationContext" classname="org.springframework.context.support.ConversionServiceFactoryBeanTests" time="0.004"/>
  <testcase name="conversionServiceInApplicationContextWithResourceOverriding" classname="org.springframework.context.support.ConversionServiceFactoryBeanTests" time="0.005"/>
  <testcase name="createDefaultConversionServiceWithInvalidSupplements" classname="org.springframework.context.support.ConversionServiceFactoryBeanTests" time="0.0"/>
  <testcase name="createDefaultConversionServiceWithSupplements" classname="org.springframework.context.support.ConversionServiceFactoryBeanTests" time="0.002"/>
  <system-out><![CDATA[]]></system-out>
  <system-err><![CDATA[]]></system-err>
</testsuite>
