<?xml version="1.0" encoding="UTF-8"?>
<testsuite name="org.springframework.context.annotation.ComponentScanParserTests" tests="8" skipped="0" failures="0" errors="0" timestamp="2020-08-26T03:57:41" hostname="PC-20191023THJJ" time="0.736">
  <properties/>
  <testcase name="componentScanWithAutowiredQualifier" classname="org.springframework.context.annotation.ComponentScanParserTests" time="0.026"/>
  <testcase name="customTypeFilter" classname="org.springframework.context.annotation.ComponentScanParserTests" time="0.157"/>
  <testcase name="aspectjTypeFilter" classname="org.springframework.context.annotation.ComponentScanParserTests" time="0.017"/>
  <testcase name="componentScanRespectsProfileAnnotation" classname="org.springframework.context.annotation.ComponentScanParserTests" time="0.031"/>
  <testcase name="aspectjTypeFilterWithPlaceholders" classname="org.springframework.context.annotation.ComponentScanParserTests" time="0.042"/>
  <testcase name="matchingResourcePattern" classname="org.springframework.context.annotation.ComponentScanParserTests" time="0.014"/>
  <testcase name="nonMatchingResourcePattern" classname="org.springframework.context.annotation.ComponentScanParserTests" time="0.272"/>
  <testcase name="customAnnotationUsedForBothComponentScanAndQualifier" classname="org.springframework.context.annotation.ComponentScanParserTests" time="0.176"/>
  <system-out><![CDATA[]]></system-out>
  <system-err><![CDATA[]]></system-err>
</testsuite>
