<?xml version="1.0" encoding="UTF-8"?>
<testsuite name="org.springframework.context.annotation.ImportVersusDirectRegistrationTests" tests="3" skipped="0" failures="0" errors="0" timestamp="2020-08-26T03:57:43" hostname="PC-20191023THJJ" time="0.014">
  <properties/>
  <testcase name="thingIsAvailableWhenOuterConfigurationIsRegisteredWithClassName" classname="org.springframework.context.annotation.ImportVersusDirectRegistrationTests" time="0.007"/>
  <testcase name="thingIsAvailableWhenOuterConfigurationIsRegisteredDirectly" classname="org.springframework.context.annotation.ImportVersusDirectRegistrationTests" time="0.003"/>
  <testcase name="thingIsAvailableWhenOuterConfigurationIsImported" classname="org.springframework.context.annotation.ImportVersusDirectRegistrationTests" time="0.004"/>
  <system-out><![CDATA[]]></system-out>
  <system-err><![CDATA[]]></system-err>
</testsuite>
