<?xml version="1.0" encoding="UTF-8"?>
<testsuite name="org.springframework.scheduling.config.ScheduledTaskRegistrarTests" tests="5" skipped="0" failures="0" errors="0" timestamp="2020-08-26T03:58:10" hostname="PC-20191023THJJ" time="0.011">
  <properties/>
  <testcase name="getFixedRateTasks" classname="org.springframework.scheduling.config.ScheduledTaskRegistrarTests" time="0.004"/>
  <testcase name="getCronTasks" classname="org.springframework.scheduling.config.ScheduledTaskRegistrarTests" time="0.004"/>
  <testcase name="getFixedDelayTasks" classname="org.springframework.scheduling.config.ScheduledTaskRegistrarTests" time="0.0"/>
  <testcase name="getTriggerTasks" classname="org.springframework.scheduling.config.ScheduledTaskRegistrarTests" time="0.003"/>
  <testcase name="emptyTaskLists" classname="org.springframework.scheduling.config.ScheduledTaskRegistrarTests" time="0.0"/>
  <system-out><![CDATA[]]></system-out>
  <system-err><![CDATA[]]></system-err>
</testsuite>
