<?xml version="1.0" encoding="UTF-8"?>
<testsuite name="org.springframework.context.expression.MapAccessorTests" tests="1" skipped="0" failures="0" errors="0" timestamp="2020-08-26T03:57:45" hostname="PC-20191023THJJ" time="0.009">
  <properties/>
  <testcase name="mapAccessorCompilable" classname="org.springframework.context.expression.MapAccessorTests" time="0.009"/>
  <system-out><![CDATA[]]></system-out>
  <system-err><![CDATA[]]></system-err>
</testsuite>
