<?xml version="1.0" encoding="UTF-8"?>
<testsuite name="org.springframework.context.annotation.DestroyMethodInferenceTests" tests="2" skipped="0" failures="0" errors="0" timestamp="2020-08-26T03:57:43" hostname="PC-20191023THJJ" time="0.014">
  <properties/>
  <testcase name="beanMethods" classname="org.springframework.context.annotation.DestroyMethodInferenceTests" time="0.007"/>
  <testcase name="xml" classname="org.springframework.context.annotation.DestroyMethodInferenceTests" time="0.007"/>
  <system-out><![CDATA[]]></system-out>
  <system-err><![CDATA[]]></system-err>
</testsuite>
