<?xml version="1.0" encoding="UTF-8"?>
<testsuite name="org.springframework.context.annotation.RoleAndDescriptionAnnotationTests" tests="3" skipped="0" failures="0" errors="0" timestamp="2020-08-26T03:57:43" hostname="PC-20191023THJJ" time="0.01">
  <properties/>
  <testcase name="viaComponentScanning" classname="org.springframework.context.annotation.RoleAndDescriptionAnnotationTests" time="0.005"/>
  <testcase name="onBeanMethod" classname="org.springframework.context.annotation.RoleAndDescriptionAnnotationTests" time="0.003"/>
  <testcase name="onComponentClass" classname="org.springframework.context.annotation.RoleAndDescriptionAnnotationTests" time="0.002"/>
  <system-out><![CDATA[]]></system-out>
  <system-err><![CDATA[]]></system-err>
</testsuite>
