<?xml version="1.0" encoding="UTF-8"?>
<testsuite name="org.springframework.validation.beanvalidation.ValidatorFactoryTests" tests="12" skipped="0" failures="0" errors="0" timestamp="2020-08-26T03:58:20" hostname="PC-20191023THJJ" time="0.206">
  <properties/>
  <testcase name="testValidationWithOptionalField" classname="org.springframework.validation.beanvalidation.ValidatorFactoryTests" time="0.014"/>
  <testcase name="testSpringValidationFieldType" classname="org.springframework.validation.beanvalidation.ValidatorFactoryTests" time="0.04"/>
  <testcase name="testSpringValidationWithErrorInListElement" classname="org.springframework.validation.beanvalidation.ValidatorFactoryTests" time="0.021"/>
  <testcase name="testSpringValidationWithClassLevel" classname="org.springframework.validation.beanvalidation.ValidatorFactoryTests" time="0.015"/>
  <testcase name="testInnerBeanValidation" classname="org.springframework.validation.beanvalidation.ValidatorFactoryTests" time="0.007"/>
  <testcase name="testSpringValidationWithErrorInSetElement" classname="org.springframework.validation.beanvalidation.ValidatorFactoryTests" time="0.016"/>
  <testcase name="testSpringValidationWithAutowiredValidator" classname="org.springframework.validation.beanvalidation.ValidatorFactoryTests" time="0.02"/>
  <testcase name="testSimpleValidation" classname="org.springframework.validation.beanvalidation.ValidatorFactoryTests" time="0.014"/>
  <testcase name="testListValidation" classname="org.springframework.validation.beanvalidation.ValidatorFactoryTests" time="0.01"/>
  <testcase name="testSimpleValidationWithClassLevel" classname="org.springframework.validation.beanvalidation.ValidatorFactoryTests" time="0.016"/>
  <testcase name="testSimpleValidationWithCustomProvider" classname="org.springframework.validation.beanvalidation.ValidatorFactoryTests" time="0.018"/>
  <testcase name="testSpringValidation" classname="org.springframework.validation.beanvalidation.ValidatorFactoryTests" time="0.014"/>
  <system-out><![CDATA[]]></system-out>
  <system-err><![CDATA[]]></system-err>
</testsuite>
