<?xml version="1.0" encoding="UTF-8"?>
<testsuite name="org.springframework.scheduling.annotation.EnableAsyncTests" tests="14" skipped="0" failures="0" errors="0" timestamp="2020-08-26T03:57:57" hostname="PC-20191023THJJ" time="3.647">
  <properties/>
  <testcase name="customAsyncAnnotationIsPropagated" classname="org.springframework.scheduling.annotation.EnableAsyncTests" time="0.009"/>
  <testcase name="properExceptionForResolvedProxyDependencyMismatch" classname="org.springframework.scheduling.annotation.EnableAsyncTests" time="0.009"/>
  <testcase name="customExecutorConfig" classname="org.springframework.scheduling.annotation.EnableAsyncTests" time="1.01"/>
  <testcase name="aspectModeAspectJAttemptsToRegisterAsyncAspect" classname="org.springframework.scheduling.annotation.EnableAsyncTests" time="0.002"/>
  <testcase name="proxyingOccurs" classname="org.springframework.scheduling.annotation.EnableAsyncTests" time="0.005"/>
  <testcase name="asyncProcessorIsOrderedLowestPrecedenceByDefault" classname="org.springframework.scheduling.annotation.EnableAsyncTests" time="0.005"/>
  <testcase name="customExecutorBeanConfig" classname="org.springframework.scheduling.annotation.EnableAsyncTests" time="1.01"/>
  <testcase name="properExceptionForExistingProxyDependencyMismatch" classname="org.springframework.scheduling.annotation.EnableAsyncTests" time="0.006"/>
  <testcase name="findOnInterfaceWithInterfaceProxy" classname="org.springframework.scheduling.annotation.EnableAsyncTests" time="0.516"/>
  <testcase name="findOnInterfaceWithCglibProxy" classname="org.springframework.scheduling.annotation.EnableAsyncTests" time="0.51"/>
  <testcase name="customExecutorBean" classname="org.springframework.scheduling.annotation.EnableAsyncTests" time="0.528"/>
  <testcase name="proxyingOccursWithMockitoStub" classname="org.springframework.scheduling.annotation.EnableAsyncTests" time="0.014"/>
  <testcase name="withAsyncBeanWithExecutorQualifiedByName" classname="org.springframework.scheduling.annotation.EnableAsyncTests" time="0.017"/>
  <testcase name="orderAttributeIsPropagated" classname="org.springframework.scheduling.annotation.EnableAsyncTests" time="0.006"/>
  <system-out><![CDATA[11:57:57.526 [Test worker] WARN  org.springframework.context.annotation.AnnotationConfigApplicationContext - Exception encountered during context initialization - cancelling refresh attempt: org.springframework.beans.factory.UnsatisfiedDependencyException: Error creating bean with name 'enableAsyncTests.AsyncBeanUser': Unsatisfied dependency expressed through constructor parameter 0; nested exception is org.springframework.beans.factory.BeanNotOfRequiredTypeException: Bean named 'asyncBean' is expected to be of type 'org.springframework.scheduling.annotation.EnableAsyncTests$AsyncBean' but was actually of type 'com.sun.proxy.$Proxy210'
11:57:58.539 [Test worker] WARN  org.springframework.context.annotation.AnnotationConfigApplicationContext - Exception encountered during context initialization - cancelling refresh attempt: org.springframework.beans.factory.BeanDefinitionStoreException: Failed to process import candidates for configuration class [org.springframework.scheduling.annotation.EnableAsyncTests$AspectJAsyncAnnotationConfig]; nested exception is java.io.FileNotFoundException: class path resource [org/springframework/scheduling/aspectj/AspectJAsyncConfiguration.class] cannot be opened because it does not exist
11:57:59.565 [Test worker] WARN  org.springframework.context.annotation.AnnotationConfigApplicationContext - Exception encountered during context initialization - cancelling refresh attempt: org.springframework.beans.factory.UnsatisfiedDependencyException: Error creating bean with name 'enableAsyncTests.AsyncBeanUser': Unsatisfied dependency expressed through constructor parameter 0; nested exception is org.springframework.beans.factory.BeanNotOfRequiredTypeException: Bean named 'asyncBean' is expected to be of type 'org.springframework.scheduling.annotation.EnableAsyncTests$AsyncBean' but was actually of type 'com.sun.proxy.$Proxy210'
]]></system-out>
  <system-err><![CDATA[]]></system-err>
</testsuite>
