<?xml version="1.0" encoding="UTF-8"?>
<testsuite name="org.springframework.aop.framework.autoproxy.AutoProxyCreatorTests" tests="10" skipped="0" failures="0" errors="0" timestamp="2020-08-26T03:57:29" hostname="PC-20191023THJJ" time="0.055">
  <properties/>
  <testcase name="testCustomAutoProxyCreator" classname="org.springframework.aop.framework.autoproxy.AutoProxyCreatorTests" time="0.02"/>
  <testcase name="testAutoProxyCreatorWithPackageVisibleMethod" classname="org.springframework.aop.framework.autoproxy.AutoProxyCreatorTests" time="0.002"/>
  <testcase name="testAutoProxyCreatorWithFactoryBeanAndProxyObjectOnly" classname="org.springframework.aop.framework.autoproxy.AutoProxyCreatorTests" time="0.005"/>
  <testcase name="testAutoProxyCreatorWithFallbackToTargetClass" classname="org.springframework.aop.framework.autoproxy.AutoProxyCreatorTests" time="0.001"/>
  <testcase name="testAutoProxyCreatorWithFactoryBeanAndPrototype" classname="org.springframework.aop.framework.autoproxy.AutoProxyCreatorTests" time="0.011"/>
  <testcase name="testBeanNameAutoProxyCreatorWithFactoryBeanProxy" classname="org.springframework.aop.framework.autoproxy.AutoProxyCreatorTests" time="0.002"/>
  <testcase name="testBeanNameAutoProxyCreator" classname="org.springframework.aop.framework.autoproxy.AutoProxyCreatorTests" time="0.003"/>
  <testcase name="testAutoProxyCreatorWithFactoryBeanAndProxyFactoryBeanOnly" classname="org.springframework.aop.framework.autoproxy.AutoProxyCreatorTests" time="0.001"/>
  <testcase name="testAutoProxyCreatorWithFallbackToDynamicProxy" classname="org.springframework.aop.framework.autoproxy.AutoProxyCreatorTests" time="0.009"/>
  <testcase name="testAutoProxyCreatorWithFactoryBean" classname="org.springframework.aop.framework.autoproxy.AutoProxyCreatorTests" time="0.001"/>
  <system-out><![CDATA[]]></system-out>
  <system-err><![CDATA[]]></system-err>
</testsuite>
