<?xml version="1.0" encoding="UTF-8"?>
<testsuite name="org.springframework.aop.aspectj.AfterReturningAdviceBindingTests" tests="12" skipped="0" failures="0" errors="0" timestamp="2020-08-26T03:57:25" hostname="PC-20191023THJJ" time="0.372">
  <properties/>
  <testcase name="testNoInvokeWhenReturningParameterTypeDoesNotMatch" classname="org.springframework.aop.aspectj.AfterReturningAdviceBindingTests" time="0.079"/>
  <testcase name="testReturningBeanArray" classname="org.springframework.aop.aspectj.AfterReturningAdviceBindingTests" time="0.031"/>
  <testcase name="testReturningPrimitive" classname="org.springframework.aop.aspectj.AfterReturningAdviceBindingTests" time="0.03"/>
  <testcase name="testReturningBean" classname="org.springframework.aop.aspectj.AfterReturningAdviceBindingTests" time="0.031"/>
  <testcase name="testOneObjectArg" classname="org.springframework.aop.aspectj.AfterReturningAdviceBindingTests" time="0.029"/>
  <testcase name="testNeedsJoinPoint" classname="org.springframework.aop.aspectj.AfterReturningAdviceBindingTests" time="0.026"/>
  <testcase name="testReturningByType" classname="org.springframework.aop.aspectj.AfterReturningAdviceBindingTests" time="0.026"/>
  <testcase name="testReturningObject" classname="org.springframework.aop.aspectj.AfterReturningAdviceBindingTests" time="0.024"/>
  <testcase name="testReturningString" classname="org.springframework.aop.aspectj.AfterReturningAdviceBindingTests" time="0.023"/>
  <testcase name="testOneIntAndOneObjectArgs" classname="org.springframework.aop.aspectj.AfterReturningAdviceBindingTests" time="0.026"/>
  <testcase name="testNeedsJoinPointStaticPart" classname="org.springframework.aop.aspectj.AfterReturningAdviceBindingTests" time="0.023"/>
  <testcase name="testOneIntArg" classname="org.springframework.aop.aspectj.AfterReturningAdviceBindingTests" time="0.022"/>
  <system-out><![CDATA[]]></system-out>
  <system-err><![CDATA[]]></system-err>
</testsuite>
