<?xml version="1.0" encoding="UTF-8"?>
<testsuite name="org.springframework.scripting.bsh.BshScriptFactoryTests" tests="18" skipped="0" failures="0" errors="0" timestamp="2020-08-26T03:58:10" hostname="PC-20191023THJJ" time="3.306">
  <properties/>
  <testcase name="scriptCompilationException" classname="org.springframework.scripting.bsh.BshScriptFactoryTests" time="0.034"/>
  <testcase name="scriptThatCompilesButIsJustPlainBad" classname="org.springframework.scripting.bsh.BshScriptFactoryTests" time="0.025"/>
  <testcase name="staticPrototypeScript" classname="org.springframework.scripting.bsh.BshScriptFactoryTests" time="0.201"/>
  <testcase name="resourceScriptFromTag" classname="org.springframework.scripting.bsh.BshScriptFactoryTests" time="0.337"/>
  <testcase name="prototypeScriptFromTag" classname="org.springframework.scripting.bsh.BshScriptFactoryTests" time="0.346"/>
  <testcase name="staticScriptWithNullReturnValue" classname="org.springframework.scripting.bsh.BshScriptFactoryTests" time="0.299"/>
  <testcase name="staticWithScriptReturningInstance" classname="org.springframework.scripting.bsh.BshScriptFactoryTests" time="0.326"/>
  <testcase name="staticScriptWithTwoInterfacesSpecified" classname="org.springframework.scripting.bsh.BshScriptFactoryTests" time="0.331"/>
  <testcase name="staticScriptImplementingInterface" classname="org.springframework.scripting.bsh.BshScriptFactoryTests" time="0.263"/>
  <testcase name="inlineScriptFromTag" classname="org.springframework.scripting.bsh.BshScriptFactoryTests" time="0.24"/>
  <testcase name="ctorWithWhitespacedScriptSourceLocator" classname="org.springframework.scripting.bsh.BshScriptFactoryTests" time="0.0"/>
  <testcase name="ctorWithNullScriptSourceLocator" classname="org.springframework.scripting.bsh.BshScriptFactoryTests" time="0.0"/>
  <testcase name="applicationEventListener" classname="org.springframework.scripting.bsh.BshScriptFactoryTests" time="0.238"/>
  <testcase name="staticScript" classname="org.springframework.scripting.bsh.BshScriptFactoryTests" time="0.272"/>
  <testcase name="refreshableFromTag" classname="org.springframework.scripting.bsh.BshScriptFactoryTests" time="0.25"/>
  <testcase name="ctorWithEmptyScriptSourceLocator" classname="org.springframework.scripting.bsh.BshScriptFactoryTests" time="0.0"/>
  <testcase name="nonStaticScript" classname="org.springframework.scripting.bsh.BshScriptFactoryTests" time="0.074"/>
  <testcase name="nonStaticPrototypeScript" classname="org.springframework.scripting.bsh.BshScriptFactoryTests" time="0.068"/>
  <system-out><![CDATA[11:58:10.759 [Test worker] WARN  org.springframework.context.support.ClassPathXmlApplicationContext - Exception encountered during context initialization - cancelling refresh attempt: org.springframework.beans.factory.BeanCreationException: Error creating bean with name 'broken' defined in class path resource [org/springframework/scripting/bsh/bshBrokenContext.xml]: BeanPostProcessor before instantiation of bean failed; nested exception is org.springframework.beans.factory.BeanCreationException: Error creating bean with name 'scriptedObject.broken' defined in class path resource [org/springframework/scripting/bsh/bshBrokenContext.xml]: Bean instantiation via factory method failed; nested exception is org.springframework.beans.BeanInstantiationException: Failed to instantiate [java.lang.Object]: Factory method 'getScriptedObject' threw exception; nested exception is org.springframework.scripting.ScriptCompilationException: Could not compile class path resource [org/springframework/scripting/bsh/Broken.bsh]; nested exception is In file: inline evaluation of: ``one sure is the loneliest number... that i'll ever know;'' Encountered "is" at line 1, column 10.

org.springframework.context.event.ContextRefreshedEvent[source=org.springframework.context.support.ClassPathXmlApplicationContext@26c75b31, started on Wed Aug 26 11:58:10 CST 2020]
org.springframework.context.event.ContextClosedEvent[source=org.springframework.context.support.ClassPathXmlApplicationContext@26c75b31, started on Wed Aug 26 11:58:10 CST 2020]
org.springframework.context.event.ContextRefreshedEvent[source=org.springframework.context.support.ClassPathXmlApplicationContext@75192a2b, started on Wed Aug 26 11:58:11 CST 2020]
org.springframework.context.event.ContextRefreshedEvent[source=org.springframework.context.support.ClassPathXmlApplicationContext@3d00325f, started on Wed Aug 26 11:58:12 CST 2020]
org.springframework.context.event.ContextRefreshedEvent[source=org.springframework.context.support.ClassPathXmlApplicationContext@4412cd4c, started on Wed Aug 26 11:58:13 CST 2020]
org.springframework.scripting.bsh.BshScriptFactoryTests$MyEvent[source=org.springframework.context.support.ClassPathXmlApplicationContext@4412cd4c, started on Wed Aug 26 11:58:13 CST 2020]
org.springframework.context.event.ContextRefreshedEvent[source=org.springframework.context.support.ClassPathXmlApplicationContext@66c2f5b8, started on Wed Aug 26 11:58:13 CST 2020]
]]></system-out>
  <system-err><![CDATA[]]></system-err>
</testsuite>
