<?xml version="1.0" encoding="UTF-8"?>
<testsuite name="org.springframework.context.annotation.ImportSelectorTests" tests="6" skipped="0" failures="0" errors="0" timestamp="2020-08-26T03:57:43" hostname="PC-20191023THJJ" time="0.421">
  <properties/>
  <testcase name="correctMetaDataOnIndirectImports" classname="org.springframework.context.annotation.ImportSelectorTests" time="0.018"/>
  <testcase name="invokeAwareMethodsInImportGroup" classname="org.springframework.context.annotation.ImportSelectorTests" time="0.005"/>
  <testcase name="importSelectors" classname="org.springframework.context.annotation.ImportSelectorTests" time="0.292"/>
  <testcase name="invokeAwareMethodsInImportSelector" classname="org.springframework.context.annotation.ImportSelectorTests" time="0.003"/>
  <testcase name="importSelectorsWithGroup" classname="org.springframework.context.annotation.ImportSelectorTests" time="0.065"/>
  <testcase name="importSelectorsSeparateWithGroup" classname="org.springframework.context.annotation.ImportSelectorTests" time="0.038"/>
  <system-out><![CDATA[]]></system-out>
  <system-err><![CDATA[]]></system-err>
</testsuite>
