<?xml version="1.0" encoding="UTF-8"?>
<testsuite name="org.springframework.cache.jcache.JCacheEhCache3ApiTests" tests="13" skipped="0" failures="0" errors="0" timestamp="2020-08-26T03:58:37" hostname="PC-20191023THJJ" time="0.11">
  <properties/>
  <testcase name="testCachePutNullValueAllowNullFalse" classname="org.springframework.cache.jcache.JCacheEhCache3ApiTests" time="0.006"/>
  <testcase name="testCacheGetCallableNotInvokedWithHitNull" classname="org.springframework.cache.jcache.JCacheEhCache3ApiTests" time="0.008"/>
  <testcase name="testCacheGetSynchronized" classname="org.springframework.cache.jcache.JCacheEhCache3ApiTests" time="0.058"/>
  <testcase name="testCachePutIfAbsent" classname="org.springframework.cache.jcache.JCacheEhCache3ApiTests" time="0.005"/>
  <testcase name="testCacheClear" classname="org.springframework.cache.jcache.JCacheEhCache3ApiTests" time="0.006"/>
  <testcase name="testCacheRemove" classname="org.springframework.cache.jcache.JCacheEhCache3ApiTests" time="0.003"/>
  <testcase name="testCacheGetCallableNotInvokedWithHit" classname="org.springframework.cache.jcache.JCacheEhCache3ApiTests" time="0.004"/>
  <testcase name="testCacheName" classname="org.springframework.cache.jcache.JCacheEhCache3ApiTests" time="0.003"/>
  <testcase name="testCachePut" classname="org.springframework.cache.jcache.JCacheEhCache3ApiTests" time="0.003"/>
  <testcase name="testCacheGetCallable" classname="org.springframework.cache.jcache.JCacheEhCache3ApiTests" time="0.003"/>
  <testcase name="testNativeCache" classname="org.springframework.cache.jcache.JCacheEhCache3ApiTests" time="0.003"/>
  <testcase name="testCacheGetCallableFail" classname="org.springframework.cache.jcache.JCacheEhCache3ApiTests" time="0.004"/>
  <testcase name="testCacheGetCallableWithNull" classname="org.springframework.cache.jcache.JCacheEhCache3ApiTests" time="0.003"/>
  <system-out><![CDATA[]]></system-out>
  <system-err><![CDATA[]]></system-err>
</testsuite>
