<?xml version="1.0" encoding="UTF-8"?>
<testsuite name="org.springframework.cache.ehcache.EhCacheCacheManagerTests" tests="5" skipped="0" failures="0" errors="0" timestamp="2020-08-26T03:58:31" hostname="PC-20191023THJJ" time="0.869">
  <properties/>
  <testcase name="getTransactionalOnExistingCache" classname="org.springframework.cache.ehcache.EhCacheCacheManagerTests" time="0.837"/>
  <testcase name="getOnExistingCache" classname="org.springframework.cache.ehcache.EhCacheCacheManagerTests" time="0.007"/>
  <testcase name="getOnNewCache" classname="org.springframework.cache.ehcache.EhCacheCacheManagerTests" time="0.009"/>
  <testcase name="getOnUnknownCache" classname="org.springframework.cache.ehcache.EhCacheCacheManagerTests" time="0.006"/>
  <testcase name="getTransactionalOnNewCache" classname="org.springframework.cache.ehcache.EhCacheCacheManagerTests" time="0.008"/>
  <system-out><![CDATA[]]></system-out>
  <system-err><![CDATA[]]></system-err>
</testsuite>
