<?xml version="1.0" encoding="UTF-8"?>
<testsuite name="org.springframework.cache.transaction.TransactionAwareCacheDecoratorTests" tests="10" skipped="0" failures="0" errors="0" timestamp="2020-08-26T03:58:39" hostname="PC-20191023THJJ" time="0.01">
  <properties/>
  <testcase name="regularOperationsOnTarget" classname="org.springframework.cache.transaction.TransactionAwareCacheDecoratorTests" time="0.001"/>
  <testcase name="evictTransactional" classname="org.springframework.cache.transaction.TransactionAwareCacheDecoratorTests" time="0.008"/>
  <testcase name="evictNonTransactional" classname="org.springframework.cache.transaction.TransactionAwareCacheDecoratorTests" time="0.0"/>
  <testcase name="clearTransactional" classname="org.springframework.cache.transaction.TransactionAwareCacheDecoratorTests" time="0.0"/>
  <testcase name="putIfAbsent" classname="org.springframework.cache.transaction.TransactionAwareCacheDecoratorTests" time="0.0"/>
  <testcase name="clearNonTransactional" classname="org.springframework.cache.transaction.TransactionAwareCacheDecoratorTests" time="0.0"/>
  <testcase name="getTargetCache" classname="org.springframework.cache.transaction.TransactionAwareCacheDecoratorTests" time="0.0"/>
  <testcase name="putTransactional" classname="org.springframework.cache.transaction.TransactionAwareCacheDecoratorTests" time="0.001"/>
  <testcase name="putNonTransactional" classname="org.springframework.cache.transaction.TransactionAwareCacheDecoratorTests" time="0.0"/>
  <testcase name="createWithNullTarget" classname="org.springframework.cache.transaction.TransactionAwareCacheDecoratorTests" time="0.0"/>
  <system-out><![CDATA[]]></system-out>
  <system-err><![CDATA[]]></system-err>
</testsuite>
