<?xml version="1.0" encoding="UTF-8"?>
<testsuite name="org.springframework.mail.javamail.InternetAddressEditorTests" tests="7" skipped="0" failures="0" errors="0" timestamp="2020-08-26T03:58:39" hostname="PC-20191023THJJ" time="0.004">
  <properties/>
  <testcase name="simpleBadAddress" classname="org.springframework.mail.javamail.InternetAddressEditorTests" time="0.003"/>
  <testcase name="uninitialized" classname="org.springframework.mail.javamail.InternetAddressEditorTests" time="0.0"/>
  <testcase name="simpleGoodAddess" classname="org.springframework.mail.javamail.InternetAddressEditorTests" time="0.0"/>
  <testcase name="allWhitespace" classname="org.springframework.mail.javamail.InternetAddressEditorTests" time="0.0"/>
  <testcase name="setEmpty" classname="org.springframework.mail.javamail.InternetAddressEditorTests" time="0.0"/>
  <testcase name="excessWhitespace" classname="org.springframework.mail.javamail.InternetAddressEditorTests" time="0.0"/>
  <testcase name="setNull" classname="org.springframework.mail.javamail.InternetAddressEditorTests" time="0.0"/>
  <system-out><![CDATA[]]></system-out>
  <system-err><![CDATA[]]></system-err>
</testsuite>
