<?xml version="1.0" encoding="UTF-8"?>
<testsuite name="org.springframework.scheduling.quartz.QuartzSchedulerLifecycleTests" tests="2" skipped="0" failures="0" errors="0" timestamp="2020-08-26T03:58:39" hostname="PC-20191023THJJ" time="0.124">
  <properties/>
  <testcase name="destroyLazyInitSchedulerWithCustomShutdownOrderDoesNotHang" classname="org.springframework.scheduling.quartz.QuartzSchedulerLifecycleTests" time="0.116"/>
  <testcase name="destroyLazyInitSchedulerWithDefaultShutdownOrderDoesNotHang" classname="org.springframework.scheduling.quartz.QuartzSchedulerLifecycleTests" time="0.008"/>
  <system-out><![CDATA[]]></system-out>
  <system-err><![CDATA[]]></system-err>
</testsuite>
