<?xml version="1.0" encoding="UTF-8"?>
<testsuite name="org.springframework.cache.ehcache.EhCacheSupportTests" tests="8" skipped="0" failures="0" errors="0" timestamp="2020-08-26T03:58:32" hostname="PC-20191023THJJ" time="0.201">
  <properties/>
  <testcase name="testEhCacheFactoryBeanWithExplicitCacheManager" classname="org.springframework.cache.ehcache.EhCacheSupportTests" time="0.117"/>
  <testcase name="testEhCacheFactoryBeanWithDefaultCacheManager" classname="org.springframework.cache.ehcache.EhCacheSupportTests" time="0.013"/>
  <testcase name="testBlankCacheManager" classname="org.springframework.cache.ehcache.EhCacheSupportTests" time="0.008"/>
  <testcase name="testEhCacheFactoryBeanWithBlockingCache" classname="org.springframework.cache.ehcache.EhCacheSupportTests" time="0.017"/>
  <testcase name="testAcceptExistingCacheManager" classname="org.springframework.cache.ehcache.EhCacheSupportTests" time="0.012"/>
  <testcase name="testCacheManagerConflict" classname="org.springframework.cache.ehcache.EhCacheSupportTests" time="0.012"/>
  <testcase name="testEhCacheFactoryBeanWithSelfPopulatingCache" classname="org.springframework.cache.ehcache.EhCacheSupportTests" time="0.012"/>
  <testcase name="testEhCacheFactoryBeanWithUpdatingSelfPopulatingCache" classname="org.springframework.cache.ehcache.EhCacheSupportTests" time="0.01"/>
  <system-out><![CDATA[]]></system-out>
  <system-err><![CDATA[]]></system-err>
</testsuite>
