<?xml version="1.0" encoding="UTF-8"?>
<testsuite name="org.springframework.cache.jcache.interceptor.JCacheErrorHandlerTests" tests="6" skipped="0" failures="0" errors="0" timestamp="2020-08-26T03:58:35" hostname="PC-20191023THJJ" time="0.214">
  <properties/>
  <testcase name="clearFail" classname="org.springframework.cache.jcache.interceptor.JCacheErrorHandlerTests" time="0.092"/>
  <testcase name="getFailPutExceptionFail" classname="org.springframework.cache.jcache.interceptor.JCacheErrorHandlerTests" time="0.026"/>
  <testcase name="evictFail" classname="org.springframework.cache.jcache.interceptor.JCacheErrorHandlerTests" time="0.022"/>
  <testcase name="putFail" classname="org.springframework.cache.jcache.interceptor.JCacheErrorHandlerTests" time="0.026"/>
  <testcase name="getFail" classname="org.springframework.cache.jcache.interceptor.JCacheErrorHandlerTests" time="0.024"/>
  <testcase name="getPutNewElementFail" classname="org.springframework.cache.jcache.interceptor.JCacheErrorHandlerTests" time="0.023"/>
  <system-out><![CDATA[]]></system-out>
  <system-err><![CDATA[]]></system-err>
</testsuite>
