<?xml version="1.0" encoding="UTF-8"?>
<testsuite name="org.springframework.validation.beanvalidation2.SpringValidatorAdapterTests" tests="10" skipped="0" failures="0" errors="0" timestamp="2020-08-26T03:58:41" hostname="PC-20191023THJJ" time="0.253">
  <properties/>
  <testcase name="testMapValueConstraint" classname="org.springframework.validation.beanvalidation2.SpringValidatorAdapterTests" time="0.043"/>
  <testcase name="testListElementConstraint" classname="org.springframework.validation.beanvalidation2.SpringValidatorAdapterTests" time="0.02"/>
  <testcase name="testNoStringArgumentValue" classname="org.springframework.validation.beanvalidation2.SpringValidatorAdapterTests" time="0.018"/>
  <testcase name="testWithList" classname="org.springframework.validation.beanvalidation2.SpringValidatorAdapterTests" time="0.039"/>
  <testcase name="testApplyMessageSourceResolvableToStringArgumentValueWithUnresolvedLogicalFieldName" classname="org.springframework.validation.beanvalidation2.SpringValidatorAdapterTests" time="0.003"/>
  <testcase name="testMapEntryConstraint" classname="org.springframework.validation.beanvalidation2.SpringValidatorAdapterTests" time="0.007"/>
  <testcase name="testWithSet" classname="org.springframework.validation.beanvalidation2.SpringValidatorAdapterTests" time="0.019"/>
  <testcase name="testApplyMessageSourceResolvableToStringArgumentValueWithAlwaysUseMessageFormat" classname="org.springframework.validation.beanvalidation2.SpringValidatorAdapterTests" time="0.002"/>
  <testcase name="testUnwrap" classname="org.springframework.validation.beanvalidation2.SpringValidatorAdapterTests" time="0.0"/>
  <testcase name="testApplyMessageSourceResolvableToStringArgumentValueWithResolvedLogicalFieldName" classname="org.springframework.validation.beanvalidation2.SpringValidatorAdapterTests" time="0.001"/>
  <system-out><![CDATA[]]></system-out>
  <system-err><![CDATA[]]></system-err>
</testsuite>
