<?xml version="1.0" encoding="UTF-8"?>
<testsuite name="org.springframework.cache.jcache.interceptor.JCacheKeyGeneratorTests" tests="3" skipped="0" failures="0" errors="0" timestamp="2020-08-26T03:58:35" hostname="PC-20191023THJJ" time="0.07">
  <properties/>
  <testcase name="getFlattenVararg" classname="org.springframework.cache.jcache.interceptor.JCacheKeyGeneratorTests" time="0.028"/>
  <testcase name="getSimple" classname="org.springframework.cache.jcache.interceptor.JCacheKeyGeneratorTests" time="0.022"/>
  <testcase name="getFiltered" classname="org.springframework.cache.jcache.interceptor.JCacheKeyGeneratorTests" time="0.02"/>
  <system-out><![CDATA[]]></system-out>
  <system-err><![CDATA[]]></system-err>
</testsuite>
