<?xml version="1.0" encoding="UTF-8"?>
<testsuite name="org.springframework.mail.javamail.ConfigurableMimeFileTypeMapTests" tests="4" skipped="0" failures="0" errors="0" timestamp="2020-08-26T03:58:39" hostname="PC-20191023THJJ" time="0.027">
  <properties/>
  <testcase name="withCustomMappingLocation" classname="org.springframework.mail.javamail.ConfigurableMimeFileTypeMapTests" time="0.018"/>
  <testcase name="withAdditionalMappings" classname="org.springframework.mail.javamail.ConfigurableMimeFileTypeMapTests" time="0.003"/>
  <testcase name="againstDefaultConfigurationWithFilePath" classname="org.springframework.mail.javamail.ConfigurableMimeFileTypeMapTests" time="0.003"/>
  <testcase name="againstDefaultConfiguration" classname="org.springframework.mail.javamail.ConfigurableMimeFileTypeMapTests" time="0.003"/>
  <system-out><![CDATA[]]></system-out>
  <system-err><![CDATA[]]></system-err>
</testsuite>
