<?xml version="1.0" encoding="UTF-8"?>
<testsuite name="org.springframework.validation.beanvalidation2.MethodValidationTests" tests="3" skipped="0" failures="0" errors="0" timestamp="2020-08-26T03:58:41" hostname="PC-20191023THJJ" time="0.164">
  <properties/>
  <testcase name="testLazyValidatorForMethodValidation" classname="org.springframework.validation.beanvalidation2.MethodValidationTests" time="0.09"/>
  <testcase name="testMethodValidationInterceptor" classname="org.springframework.validation.beanvalidation2.MethodValidationTests" time="0.041"/>
  <testcase name="testMethodValidationPostProcessor" classname="org.springframework.validation.beanvalidation2.MethodValidationTests" time="0.033"/>
  <system-out><![CDATA[]]></system-out>
  <system-err><![CDATA[]]></system-err>
</testsuite>
