<?xml version="1.0" encoding="UTF-8"?>
<testsuite name="org.springframework.cache.jcache.config.JCacheNamespaceDrivenTests" tests="30" skipped="0" failures="0" errors="0" timestamp="2020-08-26T03:58:34" hostname="PC-20191023THJJ" time="0.695">
  <properties/>
  <testcase name="testCacheErrorHandler" classname="org.springframework.cache.jcache.config.JCacheNamespaceDrivenTests" time="0.203"/>
  <testcase name="cacheResolver" classname="org.springframework.cache.jcache.config.JCacheNamespaceDrivenTests" time="0.05"/>
  <testcase name="earlyPutWithExceptionVetoPut" classname="org.springframework.cache.jcache.config.JCacheNamespaceDrivenTests" time="0.019"/>
  <testcase name="removeWithException" classname="org.springframework.cache.jcache.config.JCacheNamespaceDrivenTests" time="0.018"/>
  <testcase name="cacheExceptionVetoed" classname="org.springframework.cache.jcache.config.JCacheNamespaceDrivenTests" time="0.018"/>
  <testcase name="cacheWithCustomCacheResolver" classname="org.springframework.cache.jcache.config.JCacheNamespaceDrivenTests" time="0.017"/>
  <testcase name="earlyRemove" classname="org.springframework.cache.jcache.config.JCacheNamespaceDrivenTests" time="0.016"/>
  <testcase name="remove" classname="org.springframework.cache.jcache.config.JCacheNamespaceDrivenTests" time="0.016"/>
  <testcase name="earlyPut" classname="org.springframework.cache.jcache.config.JCacheNamespaceDrivenTests" time="0.016"/>
  <testcase name="putWithException" classname="org.springframework.cache.jcache.config.JCacheNamespaceDrivenTests" time="0.015"/>
  <testcase name="removeWithExceptionVetoRemove" classname="org.springframework.cache.jcache.config.JCacheNamespaceDrivenTests" time="0.015"/>
  <testcase name="cacheWithCustomKeyGenerator" classname="org.springframework.cache.jcache.config.JCacheNamespaceDrivenTests" time="0.015"/>
  <testcase name="cacheNull" classname="org.springframework.cache.jcache.config.JCacheNamespaceDrivenTests" time="0.015"/>
  <testcase name="cacheCheckedException" classname="org.springframework.cache.jcache.config.JCacheNamespaceDrivenTests" time="0.015"/>
  <testcase name="earlyRemoveAll" classname="org.springframework.cache.jcache.config.JCacheNamespaceDrivenTests" time="0.017"/>
  <testcase name="put" classname="org.springframework.cache.jcache.config.JCacheNamespaceDrivenTests" time="0.015"/>
  <testcase name="earlyRemoveAllWithExceptionVetoRemove" classname="org.springframework.cache.jcache.config.JCacheNamespaceDrivenTests" time="0.015"/>
  <testcase name="earlyPutWithException" classname="org.springframework.cache.jcache.config.JCacheNamespaceDrivenTests" time="0.015"/>
  <testcase name="cache" classname="org.springframework.cache.jcache.config.JCacheNamespaceDrivenTests" time="0.014"/>
  <testcase name="earlyRemoveAllWithException" classname="org.springframework.cache.jcache.config.JCacheNamespaceDrivenTests" time="0.015"/>
  <testcase name="earlyRemoveWithException" classname="org.springframework.cache.jcache.config.JCacheNamespaceDrivenTests" time="0.014"/>
  <testcase name="cacheAlwaysInvoke" classname="org.springframework.cache.jcache.config.JCacheNamespaceDrivenTests" time="0.015"/>
  <testcase name="removeAllWithExceptionVetoRemove" classname="org.springframework.cache.jcache.config.JCacheNamespaceDrivenTests" time="0.014"/>
  <testcase name="earlyRemoveWithExceptionVetoRemove" classname="org.springframework.cache.jcache.config.JCacheNamespaceDrivenTests" time="0.015"/>
  <testcase name="removeAll" classname="org.springframework.cache.jcache.config.JCacheNamespaceDrivenTests" time="0.015"/>
  <testcase name="removeAllWithException" classname="org.springframework.cache.jcache.config.JCacheNamespaceDrivenTests" time="0.015"/>
  <testcase name="cacheWithPartialKey" classname="org.springframework.cache.jcache.config.JCacheNamespaceDrivenTests" time="0.022"/>
  <testcase name="putWithExceptionVetoPut" classname="org.springframework.cache.jcache.config.JCacheNamespaceDrivenTests" time="0.013"/>
  <testcase name="cacheException" classname="org.springframework.cache.jcache.config.JCacheNamespaceDrivenTests" time="0.013"/>
  <testcase name="cacheExceptionRewriteCallStack" classname="org.springframework.cache.jcache.config.JCacheNamespaceDrivenTests" time="0.018"/>
  <system-out><![CDATA[]]></system-out>
  <system-err><![CDATA[]]></system-err>
</testsuite>
