<?xml version="1.0" encoding="UTF-8"?>
<testsuite name="org.springframework.scheduling.quartz.CronTriggerFactoryBeanTests" tests="1" skipped="0" failures="0" errors="0" timestamp="2020-08-26T03:58:39" hostname="PC-20191023THJJ" time="0.016">
  <properties/>
  <testcase name="createWithoutJobDetail" classname="org.springframework.scheduling.quartz.CronTriggerFactoryBeanTests" time="0.016"/>
  <system-out><![CDATA[]]></system-out>
  <system-err><![CDATA[]]></system-err>
</testsuite>
