<?xml version="1.0" encoding="UTF-8"?>
<testsuite name="org.springframework.messaging.handler.invocation.MethodMessageHandlerTests" tests="6" skipped="0" failures="0" errors="0" timestamp="2020-08-26T03:59:18" hostname="PC-20191023THJJ" time="0.013">
  <properties/>
  <testcase name="duplicateMapping" classname="org.springframework.messaging.handler.invocation.MethodMessageHandlerTests" time="0.008"/>
  <testcase name="antPatchMatchWildcard" classname="org.springframework.messaging.handler.invocation.MethodMessageHandlerTests" time="0.002"/>
  <testcase name="exceptionHandled" classname="org.springframework.messaging.handler.invocation.MethodMessageHandlerTests" time="0.001"/>
  <testcase name="bestMatchWildcard" classname="org.springframework.messaging.handler.invocation.MethodMessageHandlerTests" time="0.0"/>
  <testcase name="registeredMappings" classname="org.springframework.messaging.handler.invocation.MethodMessageHandlerTests" time="0.002"/>
  <testcase name="argumentResolution" classname="org.springframework.messaging.handler.invocation.MethodMessageHandlerTests" time="0.0"/>
  <system-out><![CDATA[]]></system-out>
  <system-err><![CDATA[]]></system-err>
</testsuite>
