<?xml version="1.0" encoding="UTF-8"?>
<testsuite name="org.springframework.messaging.handler.annotation.support.DestinationVariableMethodArgumentResolverTests" tests="3" skipped="0" failures="0" errors="0" timestamp="2020-08-26T03:59:17" hostname="PC-20191023THJJ" time="0.002">
  <properties/>
  <testcase name="resolveArgumentNotFound" classname="org.springframework.messaging.handler.annotation.support.DestinationVariableMethodArgumentResolverTests" time="0.001"/>
  <testcase name="resolveArgument" classname="org.springframework.messaging.handler.annotation.support.DestinationVariableMethodArgumentResolverTests" time="0.001"/>
  <testcase name="supportsParameter" classname="org.springframework.messaging.handler.annotation.support.DestinationVariableMethodArgumentResolverTests" time="0.0"/>
  <system-out><![CDATA[]]></system-out>
  <system-err><![CDATA[]]></system-err>
</testsuite>
