<?xml version="1.0" encoding="UTF-8"?>
<testsuite name="org.springframework.messaging.converter.MappingJackson2MessageConverterTests" tests="13" skipped="0" failures="0" errors="0" timestamp="2020-08-26T03:59:14" hostname="PC-20191023THJJ" time="0.385">
  <properties/>
  <testcase name="fromMessageToList" classname="org.springframework.messaging.converter.MappingJackson2MessageConverterTests" time="0.27"/>
  <testcase name="fromMessageInvalidJson" classname="org.springframework.messaging.converter.MappingJackson2MessageConverterTests" time="0.054"/>
  <testcase name="fromMessageToMessageWithPojo" classname="org.springframework.messaging.converter.MappingJackson2MessageConverterTests" time="0.001"/>
  <testcase name="mimetypesParametrizedConstructor" classname="org.springframework.messaging.converter.MappingJackson2MessageConverterTests" time="0.003"/>
  <testcase name="fromMessageValidJsonWithUnknownProperty" classname="org.springframework.messaging.converter.MappingJackson2MessageConverterTests" time="0.001"/>
  <testcase name="toMessage" classname="org.springframework.messaging.converter.MappingJackson2MessageConverterTests" time="0.029"/>
  <testcase name="toMessageJsonView" classname="org.springframework.messaging.converter.MappingJackson2MessageConverterTests" time="0.014"/>
  <testcase name="defaultConstructor" classname="org.springframework.messaging.converter.MappingJackson2MessageConverterTests" time="0.0"/>
  <testcase name="mimetypeParametrizedConstructor" classname="org.springframework.messaging.converter.MappingJackson2MessageConverterTests" time="0.0"/>
  <testcase name="toMessageUtf16String" classname="org.springframework.messaging.converter.MappingJackson2MessageConverterTests" time="0.001"/>
  <testcase name="fromMessageUntyped" classname="org.springframework.messaging.converter.MappingJackson2MessageConverterTests" time="0.007"/>
  <testcase name="fromMessage" classname="org.springframework.messaging.converter.MappingJackson2MessageConverterTests" time="0.003"/>
  <testcase name="toMessageUtf16" classname="org.springframework.messaging.converter.MappingJackson2MessageConverterTests" time="0.001"/>
  <system-out><![CDATA[]]></system-out>
  <system-err><![CDATA[]]></system-err>
</testsuite>
