<?xml version="1.0" encoding="UTF-8"?>
<testsuite name="org.springframework.messaging.simp.SimpMessageTypeMessageConditionTests" tests="4" skipped="0" failures="0" errors="0" timestamp="2020-08-26T03:59:20" hostname="PC-20191023THJJ" time="0.001">
  <properties/>
  <testcase name="getMatchingConditionNoMessageType" classname="org.springframework.messaging.simp.SimpMessageTypeMessageConditionTests" time="0.0"/>
  <testcase name="compareTo" classname="org.springframework.messaging.simp.SimpMessageTypeMessageConditionTests" time="0.0"/>
  <testcase name="getMatchingCondition" classname="org.springframework.messaging.simp.SimpMessageTypeMessageConditionTests" time="0.001"/>
  <testcase name="combine" classname="org.springframework.messaging.simp.SimpMessageTypeMessageConditionTests" time="0.0"/>
  <system-out><![CDATA[]]></system-out>
  <system-err><![CDATA[]]></system-err>
</testsuite>
