<?xml version="1.0" encoding="UTF-8"?>
<testsuite name="org.springframework.messaging.simp.broker.BrokerMessageHandlerTests" tests="8" skipped="0" failures="0" errors="0" timestamp="2020-08-26T03:59:18" hostname="PC-20191023THJJ" time="0.003">
  <properties/>
  <testcase name="publishBrokerUnavailableEvent" classname="org.springframework.messaging.simp.broker.BrokerMessageHandlerTests" time="0.002"/>
  <testcase name="publishBrokerAvailableEventWhenAlreadyAvailable" classname="org.springframework.messaging.simp.broker.BrokerMessageHandlerTests" time="0.0"/>
  <testcase name="startShouldUpdateIsRunning" classname="org.springframework.messaging.simp.broker.BrokerMessageHandlerTests" time="0.0"/>
  <testcase name="startAndStopShouldNotPublishBrokerAvailabilityEvents" classname="org.springframework.messaging.simp.broker.BrokerMessageHandlerTests" time="0.001"/>
  <testcase name="stopShouldUpdateIsRunning" classname="org.springframework.messaging.simp.broker.BrokerMessageHandlerTests" time="0.0"/>
  <testcase name="publishBrokerUnavailableEventWhenAlreadyUnvailable" classname="org.springframework.messaging.simp.broker.BrokerMessageHandlerTests" time="0.0"/>
  <testcase name="handleMessageWhenBrokerNotRunning" classname="org.springframework.messaging.simp.broker.BrokerMessageHandlerTests" time="0.0"/>
  <testcase name="publishBrokerAvailableEvent" classname="org.springframework.messaging.simp.broker.BrokerMessageHandlerTests" time="0.0"/>
  <system-out><![CDATA[]]></system-out>
  <system-err><![CDATA[]]></system-err>
</testsuite>
