<?xml version="1.0" encoding="UTF-8"?>
<testsuite name="org.springframework.messaging.support.ErrorMessageTests" tests="1" skipped="0" failures="0" errors="0" timestamp="2020-08-26T03:59:55" hostname="PC-20191023THJJ" time="0.0">
  <properties/>
  <testcase name="testToString" classname="org.springframework.messaging.support.ErrorMessageTests" time="0.0"/>
  <system-out><![CDATA[]]></system-out>
  <system-err><![CDATA[]]></system-err>
</testsuite>
