<?xml version="1.0" encoding="UTF-8"?>
<testsuite name="org.springframework.messaging.simp.user.MultiServerUserRegistryTests" tests="5" skipped="0" failures="0" errors="0" timestamp="2020-08-26T03:59:55" hostname="PC-20191023THJJ" time="0.048">
  <properties/>
  <testcase name="getUserFromRemoteRegistry" classname="org.springframework.messaging.simp.user.MultiServerUserRegistryTests" time="0.015"/>
  <testcase name="getUserFromLocalRegistry" classname="org.springframework.messaging.simp.user.MultiServerUserRegistryTests" time="0.02"/>
  <testcase name="purgeExpiredRegistries" classname="org.springframework.messaging.simp.user.MultiServerUserRegistryTests" time="0.004"/>
  <testcase name="findSubscriptionsFromRemoteRegistry" classname="org.springframework.messaging.simp.user.MultiServerUserRegistryTests" time="0.004"/>
  <testcase name="getSessionsWhenUserIsConnectedToMultipleServers" classname="org.springframework.messaging.simp.user.MultiServerUserRegistryTests" time="0.005"/>
  <system-out><![CDATA[]]></system-out>
  <system-err><![CDATA[]]></system-err>
</testsuite>
