<?xml version="1.0" encoding="UTF-8"?>
<testsuite name="org.springframework.messaging.converter.GenericMessageConverterTests" tests="3" skipped="0" failures="0" errors="0" timestamp="2020-08-26T03:59:14" hostname="PC-20191023THJJ" time="0.02">
  <properties/>
  <testcase name="fromMessageWithFailedConversion" classname="org.springframework.messaging.converter.GenericMessageConverterTests" time="0.018"/>
  <testcase name="fromMessageNoConverter" classname="org.springframework.messaging.converter.GenericMessageConverterTests" time="0.001"/>
  <testcase name="fromMessageWithConversion" classname="org.springframework.messaging.converter.GenericMessageConverterTests" time="0.0"/>
  <system-out><![CDATA[]]></system-out>
  <system-err><![CDATA[]]></system-err>
</testsuite>
