<?xml version="1.0" encoding="UTF-8"?>
<testsuite name="org.springframework.util.LinkedMultiValueMapTests" tests="5" skipped="0" failures="0" errors="0" timestamp="2020-08-26T03:58:47" hostname="PC-20191023THJJ" time="0.0">
  <properties/>
  <testcase name="addAll" classname="org.springframework.util.LinkedMultiValueMapTests" time="0.0"/>
  <testcase name="equals" classname="org.springframework.util.LinkedMultiValueMapTests" time="0.0"/>
  <testcase name="add" classname="org.springframework.util.LinkedMultiValueMapTests" time="0.0"/>
  <testcase name="set" classname="org.springframework.util.LinkedMultiValueMapTests" time="0.0"/>
  <testcase name="getFirst" classname="org.springframework.util.LinkedMultiValueMapTests" time="0.0"/>
  <system-out><![CDATA[]]></system-out>
  <system-err><![CDATA[]]></system-err>
</testsuite>
