<?xml version="1.0" encoding="UTF-8"?>
<testsuite name="org.springframework.core.io.buffer.support.DataBufferTestUtilsTests" tests="12" skipped="0" failures="0" errors="0" timestamp="2020-08-26T03:58:46" hostname="PC-20191023THJJ" time="0.002">
  <properties/>
  <testcase name="dumpBytes[NettyDataBufferFactory (UnpooledByteBufAllocator(directByDefault: true))]" classname="org.springframework.core.io.buffer.support.DataBufferTestUtilsTests" time="0.0"/>
  <testcase name="dumpString[NettyDataBufferFactory (UnpooledByteBufAllocator(directByDefault: true))]" classname="org.springframework.core.io.buffer.support.DataBufferTestUtilsTests" time="0.0"/>
  <testcase name="dumpBytes[NettyDataBufferFactory (UnpooledByteBufAllocator(directByDefault: false))]" classname="org.springframework.core.io.buffer.support.DataBufferTestUtilsTests" time="0.0"/>
  <testcase name="dumpString[NettyDataBufferFactory (UnpooledByteBufAllocator(directByDefault: false))]" classname="org.springframework.core.io.buffer.support.DataBufferTestUtilsTests" time="0.0"/>
  <testcase name="dumpBytes[NettyDataBufferFactory (PooledByteBufAllocator(directByDefault: true))]" classname="org.springframework.core.io.buffer.support.DataBufferTestUtilsTests" time="0.001"/>
  <testcase name="dumpString[NettyDataBufferFactory (PooledByteBufAllocator(directByDefault: true))]" classname="org.springframework.core.io.buffer.support.DataBufferTestUtilsTests" time="0.0"/>
  <testcase name="dumpBytes[NettyDataBufferFactory (PooledByteBufAllocator(directByDefault: false))]" classname="org.springframework.core.io.buffer.support.DataBufferTestUtilsTests" time="0.001"/>
  <testcase name="dumpString[NettyDataBufferFactory (PooledByteBufAllocator(directByDefault: false))]" classname="org.springframework.core.io.buffer.support.DataBufferTestUtilsTests" time="0.0"/>
  <testcase name="dumpBytes[DefaultDataBufferFactory (preferDirect=true)]" classname="org.springframework.core.io.buffer.support.DataBufferTestUtilsTests" time="0.0"/>
  <testcase name="dumpString[DefaultDataBufferFactory (preferDirect=true)]" classname="org.springframework.core.io.buffer.support.DataBufferTestUtilsTests" time="0.0"/>
  <testcase name="dumpBytes[DefaultDataBufferFactory (preferDirect=false)]" classname="org.springframework.core.io.buffer.support.DataBufferTestUtilsTests" time="0.0"/>
  <testcase name="dumpString[DefaultDataBufferFactory (preferDirect=false)]" classname="org.springframework.core.io.buffer.support.DataBufferTestUtilsTests" time="0.0"/>
  <system-out><![CDATA[]]></system-out>
  <system-err><![CDATA[]]></system-err>
</testsuite>
