<?xml version="1.0" encoding="UTF-8"?>
<testsuite name="org.springframework.core.MethodParameterTests" tests="7" skipped="0" failures="0" errors="0" timestamp="2020-08-26T03:58:46" hostname="PC-20191023THJJ" time="0.003">
  <properties/>
  <testcase name="annotatedConstructorParameterInInnerClass" classname="org.springframework.core.MethodParameterTests" time="0.002"/>
  <testcase name="genericConstructorParameterInInnerClass" classname="org.springframework.core.MethodParameterTests" time="0.0"/>
  <testcase name="annotatedConstructorParameterInStaticNestedClass" classname="org.springframework.core.MethodParameterTests" time="0.0"/>
  <testcase name="testFactoryMethods" classname="org.springframework.core.MethodParameterTests" time="0.0"/>
  <testcase name="testHashCode" classname="org.springframework.core.MethodParameterTests" time="0.0"/>
  <testcase name="testEquals" classname="org.springframework.core.MethodParameterTests" time="0.0"/>
  <testcase name="testIndexValidation" classname="org.springframework.core.MethodParameterTests" time="0.0"/>
  <system-out><![CDATA[]]></system-out>
  <system-err><![CDATA[]]></system-err>
</testsuite>
