<?xml version="1.0" encoding="UTF-8"?>
<testsuite name="org.springframework.core.annotation.AnnotatedElementUtilsTests" tests="69" skipped="1" failures="0" errors="0" timestamp="2020-08-26T03:58:42" hostname="PC-20191023THJJ" time="0.147">
  <properties/>
  <testcase name="getAllAnnotationAttributesOnClassWithLocalAnnotation" classname="org.springframework.core.annotation.AnnotatedElementUtilsTests" time="0.023"/>
  <testcase name="isAnnotatedOnNonAnnotatedClass" classname="org.springframework.core.annotation.AnnotatedElementUtilsTests" time="0.001"/>
  <testcase name="getMergedAnnotationAttributesWithConventionBasedComposedAnnotation" classname="org.springframework.core.annotation.AnnotatedElementUtilsTests" time="0.013"/>
  <testcase name="getAllAnnotationAttributesFavorsInheritedComposedAnnotationsOverMoreLocallyDeclaredComposedAnnotations" classname="org.springframework.core.annotation.AnnotatedElementUtilsTests" time="0.003"/>
  <testcase name="getMergedAnnotationAttributesWithImplicitAliasesInMetaAnnotationOnComposedAnnotation" classname="org.springframework.core.annotation.AnnotatedElementUtilsTests" time="0.002"/>
  <testcase name="findAndSynthesizeAnnotationAttributesOnClassWithAttributeAliasesInTargetAnnotation" classname="org.springframework.core.annotation.AnnotatedElementUtilsTests" time="0.007"/>
  <testcase name="getMergedAnnotationAttributesOnClassWithLocalAnnotation" classname="org.springframework.core.annotation.AnnotatedElementUtilsTests" time="0.0"/>
  <testcase name="getMergedAnnotationAttributesWithAliasedComposedAnnotation" classname="org.springframework.core.annotation.AnnotatedElementUtilsTests" time="0.002"/>
  <testcase name="findMergedAnnotationAttributesInheritedFromBridgedMethod" classname="org.springframework.core.annotation.AnnotatedElementUtilsTests" time="0.011"/>
  <testcase name="findMergedAnnotationAttributesOnSubInheritedAnnotationInterface" classname="org.springframework.core.annotation.AnnotatedElementUtilsTests" time="0.0"/>
  <testcase name="getMergedAnnotationWithTransitiveImplicitAliasesWithSkippedLevel" classname="org.springframework.core.annotation.AnnotatedElementUtilsTests" time="0.003"/>
  <testcase name="getMergedAnnotationWithAliasedValueComposedAnnotation" classname="org.springframework.core.annotation.AnnotatedElementUtilsTests" time="0.002"/>
  <testcase name="getAllAnnotationAttributesFavorsInheritedAnnotationsOverMoreLocallyDeclaredComposedAnnotations" classname="org.springframework.core.annotation.AnnotatedElementUtilsTests" time="0.001"/>
  <testcase name="javaLangAnnotationTypeViaFindMergedAnnotation" classname="org.springframework.core.annotation.AnnotatedElementUtilsTests" time="0.001"/>
  <testcase name="getMergedAnnotationAttributesWithAliasedValueComposedAnnotation" classname="org.springframework.core.annotation.AnnotatedElementUtilsTests" time="0.0"/>
  <testcase name="getMergedAnnotationAttributesOnInheritedAnnotationInterface" classname="org.springframework.core.annotation.AnnotatedElementUtilsTests" time="0.001"/>
  <testcase name="findMergedAnnotationAttributesOnClassWithAttributeAliasInComposedAnnotationAndNestedAnnotationsInTargetAnnotation" classname="org.springframework.core.annotation.AnnotatedElementUtilsTests" time="0.007"/>
  <testcase name="getMergedAnnotationAttributesFavorsInheritedComposedAnnotationsOverMoreLocallyDeclaredComposedAnnotations" classname="org.springframework.core.annotation.AnnotatedElementUtilsTests" time="0.0"/>
  <testcase name="getMergedAnnotationAttributesFromInterfaceImplementedBySuperclass" classname="org.springframework.core.annotation.AnnotatedElementUtilsTests" time="0.0"/>
  <testcase name="findMergedAnnotationAttributesInheritedFromAbstractMethod" classname="org.springframework.core.annotation.AnnotatedElementUtilsTests" time="0.0"/>
  <testcase name="getMergedAnnotationAttributesOnNonInheritedAnnotationInterface" classname="org.springframework.core.annotation.AnnotatedElementUtilsTests" time="0.002"/>
  <testcase name="findMergedAnnotationAttributesWithSingleElementOverridingAnArrayViaAliasFor" classname="org.springframework.core.annotation.AnnotatedElementUtilsTests" time="0.001"/>
  <testcase name="getAllAnnotationAttributesOnNonAnnotatedClass" classname="org.springframework.core.annotation.AnnotatedElementUtilsTests" time="0.0"/>
  <testcase name="findMergedAnnotationAttributesFromBridgeMethod" classname="org.springframework.core.annotation.AnnotatedElementUtilsTests" time="0.0"/>
  <testcase name="findMergedAnnotationAttributesOnSubNonInheritedAnnotationInterface" classname="org.springframework.core.annotation.AnnotatedElementUtilsTests" time="0.0"/>
  <testcase name="findMergedAnnotationAttributesOnInheritedAnnotationInterface" classname="org.springframework.core.annotation.AnnotatedElementUtilsTests" time="0.001"/>
  <testcase name="getMetaAnnotationTypesOnNonAnnotatedClass" classname="org.springframework.core.annotation.AnnotatedElementUtilsTests" time="0.0"/>
  <testcase name="findMergedAnnotationAttributesOnSubSubNonInheritedAnnotationInterface" classname="org.springframework.core.annotation.AnnotatedElementUtilsTests" time="0.0"/>
  <testcase name="getMergedAnnotationAttributesWithShadowedAliasComposedAnnotation" classname="org.springframework.core.annotation.AnnotatedElementUtilsTests" time="0.001"/>
  <testcase name="findMergedAnnotationWithSingleElementOverridingAnArrayViaAliasFor" classname="org.springframework.core.annotation.AnnotatedElementUtilsTests" time="0.004"/>
  <testcase name="findMergedAnnotationForMultipleMetaAnnotationsWithClashingAttributeNames" classname="org.springframework.core.annotation.AnnotatedElementUtilsTests" time="0.002"/>
  <testcase name="findMergedAnnotationAttributesInheritedFromInterfaceMethod" classname="org.springframework.core.annotation.AnnotatedElementUtilsTests" time="0.0"/>
  <testcase name="findMergedAnnotationAttributesOnClassWithMetaAndLocalTxConfig" classname="org.springframework.core.annotation.AnnotatedElementUtilsTests" time="0.002"/>
  <testcase name="findMergedAnnotationAttributesWithSingleElementOverridingAnArrayViaConvention" classname="org.springframework.core.annotation.AnnotatedElementUtilsTests" time="0.001"/>
  <testcase name="findMergedAnnotationWithSingleElementOverridingAnArrayViaConvention" classname="org.springframework.core.annotation.AnnotatedElementUtilsTests" time="0.001"/>
  <testcase name="getMergedAnnotationWithImplicitAliasesInMetaAnnotationOnComposedAnnotation" classname="org.springframework.core.annotation.AnnotatedElementUtilsTests" time="0.0"/>
  <testcase name="getMergedAnnotationAttributesOnClassWithLocalAnnotationThatShadowsAnnotationFromSuperclass" classname="org.springframework.core.annotation.AnnotatedElementUtilsTests" time="0.001"/>
  <testcase name="findMethodAnnotationFromGenericInterface" classname="org.springframework.core.annotation.AnnotatedElementUtilsTests" time="0.013"/>
  <testcase name="getAllAnnotationAttributesOnClassWithLocalAnnotationThatShadowsAnnotationFromSuperclass" classname="org.springframework.core.annotation.AnnotatedElementUtilsTests" time="0.0"/>
  <testcase name="getMetaAnnotationTypesOnClassWithMetaDepth1" classname="org.springframework.core.annotation.AnnotatedElementUtilsTests" time="0.003"/>
  <testcase name="getMetaAnnotationTypesOnClassWithMetaDepth2" classname="org.springframework.core.annotation.AnnotatedElementUtilsTests" time="0.002"/>
  <testcase name="isAnnotatedOnClassWithMetaDepth0" classname="org.springframework.core.annotation.AnnotatedElementUtilsTests" time="0.0"/>
  <testcase name="isAnnotatedOnClassWithMetaDepth1" classname="org.springframework.core.annotation.AnnotatedElementUtilsTests" time="0.0"/>
  <testcase name="isAnnotatedOnClassWithMetaDepth2" classname="org.springframework.core.annotation.AnnotatedElementUtilsTests" time="0.0"/>
  <testcase name="getAllAnnotationAttributesOnClassWithMultipleComposedAnnotations" classname="org.springframework.core.annotation.AnnotatedElementUtilsTests" time="0.002"/>
  <testcase name="getMergedAnnotationWithTransitiveImplicitAliases" classname="org.springframework.core.annotation.AnnotatedElementUtilsTests" time="0.002"/>
  <testcase name="getMergedAnnotationWithImplicitAliasesForSameAttributeInComposedAnnotation" classname="org.springframework.core.annotation.AnnotatedElementUtilsTests" time="0.001"/>
  <testcase name="getMergedAnnotationWithTransitiveImplicitAliasesWithSkippedLevelWithSingleElementOverridingAnArrayViaAliasFor" classname="org.springframework.core.annotation.AnnotatedElementUtilsTests" time="0.002"/>
  <testcase name="getMergedAnnotationAttributesWithInvalidConventionBasedComposedAnnotation" classname="org.springframework.core.annotation.AnnotatedElementUtilsTests" time="0.009"/>
  <testcase name="getAllAnnotationAttributesOnClassWithLocalComposedAnnotationAndInheritedAnnotation" classname="org.springframework.core.annotation.AnnotatedElementUtilsTests" time="0.001"/>
  <testcase name="findMergedAnnotationAttributesOnNonInheritedAnnotationInterface" classname="org.springframework.core.annotation.AnnotatedElementUtilsTests" time="0.0"/>
  <testcase name="getMergedAnnotationAttributesFavorsInheritedAnnotationsOverMoreLocallyDeclaredComposedAnnotations" classname="org.springframework.core.annotation.AnnotatedElementUtilsTests" time="0.0"/>
  <testcase name="findMergedAnnotationAttributesOnClassWithBothAttributesOfAnAliasPairDeclared" classname="org.springframework.core.annotation.AnnotatedElementUtilsTests" time="0.0"/>
  <testcase name="hasMetaAnnotationTypesOnClassWithMetaDepth0" classname="org.springframework.core.annotation.AnnotatedElementUtilsTests" time="0.0"/>
  <testcase name="hasMetaAnnotationTypesOnClassWithMetaDepth1" classname="org.springframework.core.annotation.AnnotatedElementUtilsTests" time="0.0"/>
  <testcase name="hasMetaAnnotationTypesOnClassWithMetaDepth2" classname="org.springframework.core.annotation.AnnotatedElementUtilsTests" time="0.0"/>
  <testcase name="hasMetaAnnotationTypesOnNonAnnotatedClass" classname="org.springframework.core.annotation.AnnotatedElementUtilsTests" time="0.001"/>
  <testcase name="isAnnotatedOnSubclassWithMetaDepth0" classname="org.springframework.core.annotation.AnnotatedElementUtilsTests" time="0.0"/>
  <testcase name="findMergedAnnotationAttributesOnSubSubInheritedAnnotationInterface" classname="org.springframework.core.annotation.AnnotatedElementUtilsTests" time="0.0"/>
  <testcase name="findAllMergedAnnotationsOnClassWithInterface" classname="org.springframework.core.annotation.AnnotatedElementUtilsTests" time="0.002"/>
  <testcase name="javaxAnnotationTypeViaFindMergedAnnotation" classname="org.springframework.core.annotation.AnnotatedElementUtilsTests" time="0.002"/>
  <testcase name="getAllMergedAnnotationsOnClassWithInterface" classname="org.springframework.core.annotation.AnnotatedElementUtilsTests" time="0.0"/>
  <testcase name="getMergedAnnotationWithTransitiveImplicitAliasesWithSingleElementOverridingAnArrayViaAliasFor" classname="org.springframework.core.annotation.AnnotatedElementUtilsTests" time="0.001"/>
  <testcase name="findMergedAnnotationWithLocalAliasesThatConflictWithAttributesInMetaAnnotationByConvention" classname="org.springframework.core.annotation.AnnotatedElementUtilsTests" time="0.0"/>
  <testcase name="findMethodAnnotationFromGenericSuperclass" classname="org.springframework.core.annotation.AnnotatedElementUtilsTests" time="0.001"/>
  <testcase name="getMergedAnnotationAttributesWithHalfConventionBasedAndHalfAliasedComposedAnnotation" classname="org.springframework.core.annotation.AnnotatedElementUtilsTests" time="0.0">
    <skipped/>
  </testcase>
  <testcase name="getMergedAnnotationAttributesOnMetaCycleAnnotatedClassWithMissingTargetMetaAnnotation" classname="org.springframework.core.annotation.AnnotatedElementUtilsTests" time="0.003"/>
  <testcase name="findMergedAnnotationWithAttributeAliasesInTargetAnnotation" classname="org.springframework.core.annotation.AnnotatedElementUtilsTests" time="0.0"/>
  <testcase name="getMergedAnnotationAttributesFavorsLocalComposedAnnotationOverInheritedAnnotation" classname="org.springframework.core.annotation.AnnotatedElementUtilsTests" time="0.001"/>
  <system-out><![CDATA[]]></system-out>
  <system-err><![CDATA[]]></system-err>
</testsuite>
