<?xml version="1.0" encoding="UTF-8"?>
<testsuite name="org.springframework.util.DigestUtilsTests" tests="3" skipped="0" failures="0" errors="0" timestamp="2020-08-26T03:58:47" hostname="PC-20191023THJJ" time="0.001">
  <properties/>
  <testcase name="md5Hex" classname="org.springframework.util.DigestUtilsTests" time="0.001"/>
  <testcase name="md5" classname="org.springframework.util.DigestUtilsTests" time="0.0"/>
  <testcase name="md5StringBuilder" classname="org.springframework.util.DigestUtilsTests" time="0.0"/>
  <system-out><![CDATA[]]></system-out>
  <system-err><![CDATA[]]></system-err>
</testsuite>
