<?xml version="1.0" encoding="UTF-8"?>
<testsuite name="org.springframework.util.xml.ListBasedXMLEventReaderTests" tests="1" skipped="0" failures="0" errors="0" timestamp="2020-08-26T03:58:48" hostname="PC-20191023THJJ" time="0.07">
  <properties/>
  <testcase name="standard" classname="org.springframework.util.xml.ListBasedXMLEventReaderTests" time="0.07"/>
  <system-out><![CDATA[]]></system-out>
  <system-err><![CDATA[]]></system-err>
</testsuite>
