<?xml version="1.0" encoding="UTF-8"?>
<testsuite name="org.springframework.util.CompositeIteratorTests" tests="5" skipped="0" failures="0" errors="0" timestamp="2020-08-26T03:58:47" hostname="PC-20191023THJJ" time="0.0">
  <properties/>
  <testcase name="testMultipleIterators" classname="org.springframework.util.CompositeIteratorTests" time="0.0"/>
  <testcase name="testInUse" classname="org.springframework.util.CompositeIteratorTests" time="0.0"/>
  <testcase name="testNoIterators" classname="org.springframework.util.CompositeIteratorTests" time="0.0"/>
  <testcase name="testSingleIterator" classname="org.springframework.util.CompositeIteratorTests" time="0.0"/>
  <testcase name="testDuplicateIterators" classname="org.springframework.util.CompositeIteratorTests" time="0.0"/>
  <system-out><![CDATA[]]></system-out>
  <system-err><![CDATA[]]></system-err>
</testsuite>
