<?xml version="1.0" encoding="UTF-8"?>
<testsuite name="org.springframework.core.env.PropertyResolverExtensionsTests" tests="3" skipped="0" failures="0" errors="0" timestamp="2020-08-26T03:58:54" hostname="PC-20191023THJJ" time="0.051">
  <properties/>
  <testcase name="getProperty extension" classname="org.springframework.core.env.PropertyResolverExtensionsTests" time="0.049"/>
  <testcase name="get operator" classname="org.springframework.core.env.PropertyResolverExtensionsTests" time="0.001"/>
  <testcase name="getRequiredProperty extension" classname="org.springframework.core.env.PropertyResolverExtensionsTests" time="0.0"/>
  <system-out><![CDATA[]]></system-out>
  <system-err><![CDATA[]]></system-err>
</testsuite>
