<?xml version="1.0" encoding="UTF-8"?>
<testsuite name="org.springframework.util.xml.StaxEventHandlerTests" tests="4" skipped="0" failures="0" errors="0" timestamp="2020-08-26T03:58:48" hostname="PC-20191023THJJ" time="4.315">
  <properties/>
  <testcase name="noNamespacePrefixesDom" classname="org.springframework.util.xml.StaxEventHandlerTests" time="0.011"/>
  <testcase name="noNamespacePrefixes" classname="org.springframework.util.xml.StaxEventHandlerTests" time="0.569"/>
  <testcase name="namespacePrefixes" classname="org.springframework.util.xml.StaxEventHandlerTests" time="3.732"/>
  <testcase name="namespacePrefixesDom" classname="org.springframework.util.xml.StaxEventHandlerTests" time="0.003"/>
  <system-out><![CDATA[]]></system-out>
  <system-err><![CDATA[]]></system-err>
</testsuite>
