<?xml version="1.0" encoding="UTF-8"?>
<testsuite name="org.springframework.core.LocalVariableTableParameterNameDiscovererTests" tests="11" skipped="1" failures="0" errors="0" timestamp="2020-08-26T03:58:46" hostname="PC-20191023THJJ" time="0.013">
  <properties/>
  <testcase name="generifiedClass" classname="org.springframework.core.LocalVariableTableParameterNameDiscovererTests" time="0.007"/>
  <testcase name="classesWithoutDebugSymbols" classname="org.springframework.core.LocalVariableTableParameterNameDiscovererTests" time="0.0">
    <skipped/>
  </testcase>
  <testcase name="consParameterNameDiscoveryNoArgs" classname="org.springframework.core.LocalVariableTableParameterNameDiscovererTests" time="0.001"/>
  <testcase name="overloadedStaticMethodInInnerClass" classname="org.springframework.core.LocalVariableTableParameterNameDiscovererTests" time="0.001"/>
  <testcase name="methodParameterNameDiscoveryWithArgs" classname="org.springframework.core.LocalVariableTableParameterNameDiscovererTests" time="0.0"/>
  <testcase name="overloadedMethod" classname="org.springframework.core.LocalVariableTableParameterNameDiscovererTests" time="0.001"/>
  <testcase name="overloadedMethodInInnerClass" classname="org.springframework.core.LocalVariableTableParameterNameDiscovererTests" time="0.001"/>
  <testcase name="overloadedStaticMethod" classname="org.springframework.core.LocalVariableTableParameterNameDiscovererTests" time="0.0"/>
  <testcase name="staticMethodParameterNameDiscoveryNoArgs" classname="org.springframework.core.LocalVariableTableParameterNameDiscovererTests" time="0.001"/>
  <testcase name="consParameterNameDiscoveryArgs" classname="org.springframework.core.LocalVariableTableParameterNameDiscovererTests" time="0.0"/>
  <testcase name="methodParameterNameDiscoveryNoArgs" classname="org.springframework.core.LocalVariableTableParameterNameDiscovererTests" time="0.001"/>
  <system-out><![CDATA[]]></system-out>
  <system-err><![CDATA[]]></system-err>
</testsuite>
