<?xml version="1.0" encoding="UTF-8"?>
<testsuite name="org.springframework.core.annotation.MapAnnotationAttributeExtractorTests" tests="4" skipped="0" failures="0" errors="0" timestamp="2020-08-26T03:58:43" hostname="PC-20191023THJJ" time="0.004">
  <properties/>
  <testcase name="enrichAndValidateAttributesWithImplicitAliasesAndMinimalAttributes" classname="org.springframework.core.annotation.MapAnnotationAttributeExtractorTests" time="0.002"/>
  <testcase name="enrichAndValidateAttributesWithImplicitAliases" classname="org.springframework.core.annotation.MapAnnotationAttributeExtractorTests" time="0.001"/>
  <testcase name="enrichAndValidateAttributesWithSingleElementThatOverridesAnArray" classname="org.springframework.core.annotation.MapAnnotationAttributeExtractorTests" time="0.001"/>
  <testcase name="getAttributeValueForImplicitAliases" classname="org.springframework.core.annotation.MapAnnotationAttributeExtractorTests" time="0.0"/>
  <system-out><![CDATA[]]></system-out>
  <system-err><![CDATA[]]></system-err>
</testsuite>
