<?xml version="1.0" encoding="UTF-8"?>
<testsuite name="org.springframework.core.KotlinMethodParameterTests" tests="2" skipped="0" failures="0" errors="0" timestamp="2020-08-26T03:58:54" hostname="PC-20191023THJJ" time="0.314">
  <properties/>
  <testcase name="Method return type nullability" classname="org.springframework.core.KotlinMethodParameterTests" time="0.31"/>
  <testcase name="Method parameter nullability" classname="org.springframework.core.KotlinMethodParameterTests" time="0.004"/>
  <system-out><![CDATA[]]></system-out>
  <system-err><![CDATA[]]></system-err>
</testsuite>
