<?xml version="1.0" encoding="UTF-8"?>
<testsuite name="org.springframework.util.Base64UtilsTests" tests="3" skipped="0" failures="0" errors="0" timestamp="2020-08-26T03:58:47" hostname="PC-20191023THJJ" time="0.018">
  <properties/>
  <testcase name="encodeToStringWithJdk8VsJaxb" classname="org.springframework.util.Base64UtilsTests" time="0.017"/>
  <testcase name="encode" classname="org.springframework.util.Base64UtilsTests" time="0.0"/>
  <testcase name="encodeDecodeUrlSafe" classname="org.springframework.util.Base64UtilsTests" time="0.001"/>
  <system-out><![CDATA[]]></system-out>
  <system-err><![CDATA[]]></system-err>
</testsuite>
