<?xml version="1.0" encoding="UTF-8"?>
<testsuite name="org.springframework.util.comparator.NullSafeComparatorTests" tests="2" skipped="0" failures="0" errors="0" timestamp="2020-08-26T03:58:47" hostname="PC-20191023THJJ" time="0.0">
  <properties/>
  <testcase name="shouldCompareWithNullsLow" classname="org.springframework.util.comparator.NullSafeComparatorTests" time="0.0"/>
  <testcase name="shouldCompareWithNullsHigh" classname="org.springframework.util.comparator.NullSafeComparatorTests" time="0.0"/>
  <system-out><![CDATA[]]></system-out>
  <system-err><![CDATA[]]></system-err>
</testsuite>
