<?xml version="1.0" encoding="UTF-8"?>
<testsuite name="org.springframework.web.reactive.function.server.RequestPredicateTests" tests="3" skipped="0" failures="0" errors="0" timestamp="2020-08-26T04:02:19" hostname="PC-20191023THJJ" time="0.093">
  <properties/>
  <testcase name="negate" classname="org.springframework.web.reactive.function.server.RequestPredicateTests" time="0.031"/>
  <testcase name="or" classname="org.springframework.web.reactive.function.server.RequestPredicateTests" time="0.032"/>
  <testcase name="and" classname="org.springframework.web.reactive.function.server.RequestPredicateTests" time="0.03"/>
  <system-out><![CDATA[]]></system-out>
  <system-err><![CDATA[]]></system-err>
</testsuite>
