<?xml version="1.0" encoding="UTF-8"?>
<testsuite name="org.springframework.web.reactive.result.view.UrlBasedViewResolverTests" tests="3" skipped="0" failures="0" errors="0" timestamp="2020-08-26T04:04:13" hostname="PC-20191023THJJ" time="0.003">
  <properties/>
  <testcase name="viewNames" classname="org.springframework.web.reactive.result.view.UrlBasedViewResolverTests" time="0.002"/>
  <testcase name="redirectView" classname="org.springframework.web.reactive.result.view.UrlBasedViewResolverTests" time="0.0"/>
  <testcase name="customizedRedirectView" classname="org.springframework.web.reactive.result.view.UrlBasedViewResolverTests" time="0.001"/>
  <system-out><![CDATA[]]></system-out>
  <system-err><![CDATA[]]></system-err>
</testsuite>
