<?xml version="1.0" encoding="UTF-8"?>
<testsuite name="org.springframework.web.reactive.result.method.annotation.RequestMappingMessageConversionIntegrationTests" tests="172" skipped="0" failures="0" errors="0" timestamp="2020-08-26T04:03:15" hostname="PC-20191023THJJ" time="38.351">
  <properties/>
  <testcase name="personResponseBodyWithMonoDeclaredAsObject[server [org.springframework.http.server.reactive.bootstrap.JettyHttpServer@81dc9f]]" classname="org.springframework.web.reactive.result.method.annotation.RequestMappingMessageConversionIntegrationTests" time="0.174"/>
  <testcase name="byteBufferResponseBodyWithPublisher[server [org.springframework.http.server.reactive.bootstrap.JettyHttpServer@81dc9f]]" classname="org.springframework.web.reactive.result.method.annotation.RequestMappingMessageConversionIntegrationTests" time="0.184"/>
  <testcase name="personResponseBodyWithCompletableFuture[server [org.springframework.http.server.reactive.bootstrap.JettyHttpServer@81dc9f]]" classname="org.springframework.web.reactive.result.method.annotation.RequestMappingMessageConversionIntegrationTests" time="0.167"/>
  <testcase name="personTransformWithRxJava2Observable[server [org.springframework.http.server.reactive.bootstrap.JettyHttpServer@81dc9f]]" classname="org.springframework.web.reactive.result.method.annotation.RequestMappingMessageConversionIntegrationTests" time="0.188"/>
  <testcase name="personCreateWithObservableXml[server [org.springframework.http.server.reactive.bootstrap.JettyHttpServer@81dc9f]]" classname="org.springframework.web.reactive.result.method.annotation.RequestMappingMessageConversionIntegrationTests" time="0.604"/>
  <testcase name="personResponseBodyWithPublisher[server [org.springframework.http.server.reactive.bootstrap.JettyHttpServer@81dc9f]]" classname="org.springframework.web.reactive.result.method.annotation.RequestMappingMessageConversionIntegrationTests" time="0.176"/>
  <testcase name="personCreateWithPublisherXml[server [org.springframework.http.server.reactive.bootstrap.JettyHttpServer@81dc9f]]" classname="org.springframework.web.reactive.result.method.annotation.RequestMappingMessageConversionIntegrationTests" time="0.185"/>
  <testcase name="personTransformWithCompletableFuture[server [org.springframework.http.server.reactive.bootstrap.JettyHttpServer@81dc9f]]" classname="org.springframework.web.reactive.result.method.annotation.RequestMappingMessageConversionIntegrationTests" time="0.171"/>
  <testcase name="personTransformWithSingle[server [org.springframework.http.server.reactive.bootstrap.JettyHttpServer@81dc9f]]" classname="org.springframework.web.reactive.result.method.annotation.RequestMappingMessageConversionIntegrationTests" time="0.179"/>
  <testcase name="personResponseBodyWithMonoResponseEntityXml[server [org.springframework.http.server.reactive.bootstrap.JettyHttpServer@81dc9f]]" classname="org.springframework.web.reactive.result.method.annotation.RequestMappingMessageConversionIntegrationTests" time="0.181"/>
  <testcase name="personCreateWithRxJava2ObservableJson[server [org.springframework.http.server.reactive.bootstrap.JettyHttpServer@81dc9f]]" classname="org.springframework.web.reactive.result.method.annotation.RequestMappingMessageConversionIntegrationTests" time="0.173"/>
  <testcase name="byteBufferResponseBodyWithFlux[server [org.springframework.http.server.reactive.bootstrap.JettyHttpServer@81dc9f]]" classname="org.springframework.web.reactive.result.method.annotation.RequestMappingMessageConversionIntegrationTests" time="0.163"/>
  <testcase name="byteBufferResponseBodyWithMono[server [org.springframework.http.server.reactive.bootstrap.JettyHttpServer@81dc9f]]" classname="org.springframework.web.reactive.result.method.annotation.RequestMappingMessageConversionIntegrationTests" time="0.165"/>
  <testcase name="personTransformWithFlowable[server [org.springframework.http.server.reactive.bootstrap.JettyHttpServer@81dc9f]]" classname="org.springframework.web.reactive.result.method.annotation.RequestMappingMessageConversionIntegrationTests" time="0.176"/>
  <testcase name="personCreateWithFluxJson[server [org.springframework.http.server.reactive.bootstrap.JettyHttpServer@81dc9f]]" classname="org.springframework.web.reactive.result.method.annotation.RequestMappingMessageConversionIntegrationTests" time="0.169"/>
  <testcase name="personCreateWithFlowableXml[server [org.springframework.http.server.reactive.bootstrap.JettyHttpServer@81dc9f]]" classname="org.springframework.web.reactive.result.method.annotation.RequestMappingMessageConversionIntegrationTests" time="0.175"/>
  <testcase name="resource[server [org.springframework.http.server.reactive.bootstrap.JettyHttpServer@81dc9f]]" classname="org.springframework.web.reactive.result.method.annotation.RequestMappingMessageConversionIntegrationTests" time="0.181"/>
  <testcase name="personCreateWithFluxXml[server [org.springframework.http.server.reactive.bootstrap.JettyHttpServer@81dc9f]]" classname="org.springframework.web.reactive.result.method.annotation.RequestMappingMessageConversionIntegrationTests" time="0.174"/>
  <testcase name="personResponseBodyWithMonoResponseEntity[server [org.springframework.http.server.reactive.bootstrap.JettyHttpServer@81dc9f]]" classname="org.springframework.web.reactive.result.method.annotation.RequestMappingMessageConversionIntegrationTests" time="0.169"/>
  <testcase name="byteBufferResponseBodyWithRxJava2Observable[server [org.springframework.http.server.reactive.bootstrap.JettyHttpServer@81dc9f]]" classname="org.springframework.web.reactive.result.method.annotation.RequestMappingMessageConversionIntegrationTests" time="0.172"/>
  <testcase name="personCreateWithSingle[server [org.springframework.http.server.reactive.bootstrap.JettyHttpServer@81dc9f]]" classname="org.springframework.web.reactive.result.method.annotation.RequestMappingMessageConversionIntegrationTests" time="0.172"/>
  <testcase name="byteBufferResponseBodyWithObservable[server [org.springframework.http.server.reactive.bootstrap.JettyHttpServer@81dc9f]]" classname="org.springframework.web.reactive.result.method.annotation.RequestMappingMessageConversionIntegrationTests" time="0.164"/>
  <testcase name="personResponseBodyWithFlux[server [org.springframework.http.server.reactive.bootstrap.JettyHttpServer@81dc9f]]" classname="org.springframework.web.reactive.result.method.annotation.RequestMappingMessageConversionIntegrationTests" time="0.163"/>
  <testcase name="personResponseBodyWithList[server [org.springframework.http.server.reactive.bootstrap.JettyHttpServer@81dc9f]]" classname="org.springframework.web.reactive.result.method.annotation.RequestMappingMessageConversionIntegrationTests" time="0.164"/>
  <testcase name="personResponseBodyWithMono[server [org.springframework.http.server.reactive.bootstrap.JettyHttpServer@81dc9f]]" classname="org.springframework.web.reactive.result.method.annotation.RequestMappingMessageConversionIntegrationTests" time="0.164"/>
  <testcase name="personTransformWithObservable[server [org.springframework.http.server.reactive.bootstrap.JettyHttpServer@81dc9f]]" classname="org.springframework.web.reactive.result.method.annotation.RequestMappingMessageConversionIntegrationTests" time="0.164"/>
  <testcase name="personCreateWithPublisherJson[server [org.springframework.http.server.reactive.bootstrap.JettyHttpServer@81dc9f]]" classname="org.springframework.web.reactive.result.method.annotation.RequestMappingMessageConversionIntegrationTests" time="0.167"/>
  <testcase name="personResponseBodyWithSingle[server [org.springframework.http.server.reactive.bootstrap.JettyHttpServer@81dc9f]]" classname="org.springframework.web.reactive.result.method.annotation.RequestMappingMessageConversionIntegrationTests" time="0.17"/>
  <testcase name="personCreateWithFlowableJson[server [org.springframework.http.server.reactive.bootstrap.JettyHttpServer@81dc9f]]" classname="org.springframework.web.reactive.result.method.annotation.RequestMappingMessageConversionIntegrationTests" time="0.174"/>
  <testcase name="personCreateWithRxJava2ObservableXml[server [org.springframework.http.server.reactive.bootstrap.JettyHttpServer@81dc9f]]" classname="org.springframework.web.reactive.result.method.annotation.RequestMappingMessageConversionIntegrationTests" time="0.2"/>
  <testcase name="personTransformWithRxJava2Maybe[server [org.springframework.http.server.reactive.bootstrap.JettyHttpServer@81dc9f]]" classname="org.springframework.web.reactive.result.method.annotation.RequestMappingMessageConversionIntegrationTests" time="0.177"/>
  <testcase name="byteBufferResponseBodyWithFlowable[server [org.springframework.http.server.reactive.bootstrap.JettyHttpServer@81dc9f]]" classname="org.springframework.web.reactive.result.method.annotation.RequestMappingMessageConversionIntegrationTests" time="0.175"/>
  <testcase name="personTransformWithFlux[server [org.springframework.http.server.reactive.bootstrap.JettyHttpServer@81dc9f]]" classname="org.springframework.web.reactive.result.method.annotation.RequestMappingMessageConversionIntegrationTests" time="0.17"/>
  <testcase name="personTransformWithMono[server [org.springframework.http.server.reactive.bootstrap.JettyHttpServer@81dc9f]]" classname="org.springframework.web.reactive.result.method.annotation.RequestMappingMessageConversionIntegrationTests" time="0.183"/>
  <testcase name="personTransform[server [org.springframework.http.server.reactive.bootstrap.JettyHttpServer@81dc9f]]" classname="org.springframework.web.reactive.result.method.annotation.RequestMappingMessageConversionIntegrationTests" time="0.17"/>
  <testcase name="personTransformWithMonoAndXml[server [org.springframework.http.server.reactive.bootstrap.JettyHttpServer@81dc9f]]" classname="org.springframework.web.reactive.result.method.annotation.RequestMappingMessageConversionIntegrationTests" time="0.187"/>
  <testcase name="personResponseBodyWithObservable[server [org.springframework.http.server.reactive.bootstrap.JettyHttpServer@81dc9f]]" classname="org.springframework.web.reactive.result.method.annotation.RequestMappingMessageConversionIntegrationTests" time="0.172"/>
  <testcase name="personTransformWithRxJava2Single[server [org.springframework.http.server.reactive.bootstrap.JettyHttpServer@81dc9f]]" classname="org.springframework.web.reactive.result.method.annotation.RequestMappingMessageConversionIntegrationTests" time="0.175"/>
  <testcase name="personTransformWithPublisher[server [org.springframework.http.server.reactive.bootstrap.JettyHttpServer@81dc9f]]" classname="org.springframework.web.reactive.result.method.annotation.RequestMappingMessageConversionIntegrationTests" time="0.179"/>
  <testcase name="personCreateWithObservableJson[server [org.springframework.http.server.reactive.bootstrap.JettyHttpServer@81dc9f]]" classname="org.springframework.web.reactive.result.method.annotation.RequestMappingMessageConversionIntegrationTests" time="0.171"/>
  <testcase name="personCreateWithMono[server [org.springframework.http.server.reactive.bootstrap.JettyHttpServer@81dc9f]]" classname="org.springframework.web.reactive.result.method.annotation.RequestMappingMessageConversionIntegrationTests" time="0.163"/>
  <testcase name="personResponseBody[server [org.springframework.http.server.reactive.bootstrap.JettyHttpServer@81dc9f]]" classname="org.springframework.web.reactive.result.method.annotation.RequestMappingMessageConversionIntegrationTests" time="0.161"/>
  <testcase name="personCreateWithRxJava2Single[server [org.springframework.http.server.reactive.bootstrap.JettyHttpServer@81dc9f]]" classname="org.springframework.web.reactive.result.method.annotation.RequestMappingMessageConversionIntegrationTests" time="0.164"/>
  <testcase name="personResponseBodyWithMonoDeclaredAsObject[server [org.springframework.http.server.reactive.bootstrap.ReactorHttpServer@251a99cc]]" classname="org.springframework.web.reactive.result.method.annotation.RequestMappingMessageConversionIntegrationTests" time="0.16"/>
  <testcase name="byteBufferResponseBodyWithPublisher[server [org.springframework.http.server.reactive.bootstrap.ReactorHttpServer@251a99cc]]" classname="org.springframework.web.reactive.result.method.annotation.RequestMappingMessageConversionIntegrationTests" time="0.166"/>
  <testcase name="personResponseBodyWithCompletableFuture[server [org.springframework.http.server.reactive.bootstrap.ReactorHttpServer@251a99cc]]" classname="org.springframework.web.reactive.result.method.annotation.RequestMappingMessageConversionIntegrationTests" time="0.158"/>
  <testcase name="personTransformWithRxJava2Observable[server [org.springframework.http.server.reactive.bootstrap.ReactorHttpServer@251a99cc]]" classname="org.springframework.web.reactive.result.method.annotation.RequestMappingMessageConversionIntegrationTests" time="0.165"/>
  <testcase name="personCreateWithObservableXml[server [org.springframework.http.server.reactive.bootstrap.ReactorHttpServer@251a99cc]]" classname="org.springframework.web.reactive.result.method.annotation.RequestMappingMessageConversionIntegrationTests" time="0.168"/>
  <testcase name="personResponseBodyWithPublisher[server [org.springframework.http.server.reactive.bootstrap.ReactorHttpServer@251a99cc]]" classname="org.springframework.web.reactive.result.method.annotation.RequestMappingMessageConversionIntegrationTests" time="0.161"/>
  <testcase name="personCreateWithPublisherXml[server [org.springframework.http.server.reactive.bootstrap.ReactorHttpServer@251a99cc]]" classname="org.springframework.web.reactive.result.method.annotation.RequestMappingMessageConversionIntegrationTests" time="0.169"/>
  <testcase name="personTransformWithCompletableFuture[server [org.springframework.http.server.reactive.bootstrap.ReactorHttpServer@251a99cc]]" classname="org.springframework.web.reactive.result.method.annotation.RequestMappingMessageConversionIntegrationTests" time="0.16"/>
  <testcase name="personTransformWithSingle[server [org.springframework.http.server.reactive.bootstrap.ReactorHttpServer@251a99cc]]" classname="org.springframework.web.reactive.result.method.annotation.RequestMappingMessageConversionIntegrationTests" time="0.16"/>
  <testcase name="personResponseBodyWithMonoResponseEntityXml[server [org.springframework.http.server.reactive.bootstrap.ReactorHttpServer@251a99cc]]" classname="org.springframework.web.reactive.result.method.annotation.RequestMappingMessageConversionIntegrationTests" time="0.164"/>
  <testcase name="personCreateWithRxJava2ObservableJson[server [org.springframework.http.server.reactive.bootstrap.ReactorHttpServer@251a99cc]]" classname="org.springframework.web.reactive.result.method.annotation.RequestMappingMessageConversionIntegrationTests" time="0.173"/>
  <testcase name="byteBufferResponseBodyWithFlux[server [org.springframework.http.server.reactive.bootstrap.ReactorHttpServer@251a99cc]]" classname="org.springframework.web.reactive.result.method.annotation.RequestMappingMessageConversionIntegrationTests" time="0.171"/>
  <testcase name="byteBufferResponseBodyWithMono[server [org.springframework.http.server.reactive.bootstrap.ReactorHttpServer@251a99cc]]" classname="org.springframework.web.reactive.result.method.annotation.RequestMappingMessageConversionIntegrationTests" time="0.167"/>
  <testcase name="personTransformWithFlowable[server [org.springframework.http.server.reactive.bootstrap.ReactorHttpServer@251a99cc]]" classname="org.springframework.web.reactive.result.method.annotation.RequestMappingMessageConversionIntegrationTests" time="0.161"/>
  <testcase name="personCreateWithFluxJson[server [org.springframework.http.server.reactive.bootstrap.ReactorHttpServer@251a99cc]]" classname="org.springframework.web.reactive.result.method.annotation.RequestMappingMessageConversionIntegrationTests" time="0.158"/>
  <testcase name="personCreateWithFlowableXml[server [org.springframework.http.server.reactive.bootstrap.ReactorHttpServer@251a99cc]]" classname="org.springframework.web.reactive.result.method.annotation.RequestMappingMessageConversionIntegrationTests" time="0.169"/>
  <testcase name="resource[server [org.springframework.http.server.reactive.bootstrap.ReactorHttpServer@251a99cc]]" classname="org.springframework.web.reactive.result.method.annotation.RequestMappingMessageConversionIntegrationTests" time="0.17"/>
  <testcase name="personCreateWithFluxXml[server [org.springframework.http.server.reactive.bootstrap.ReactorHttpServer@251a99cc]]" classname="org.springframework.web.reactive.result.method.annotation.RequestMappingMessageConversionIntegrationTests" time="0.169"/>
  <testcase name="personResponseBodyWithMonoResponseEntity[server [org.springframework.http.server.reactive.bootstrap.ReactorHttpServer@251a99cc]]" classname="org.springframework.web.reactive.result.method.annotation.RequestMappingMessageConversionIntegrationTests" time="0.161"/>
  <testcase name="byteBufferResponseBodyWithRxJava2Observable[server [org.springframework.http.server.reactive.bootstrap.ReactorHttpServer@251a99cc]]" classname="org.springframework.web.reactive.result.method.annotation.RequestMappingMessageConversionIntegrationTests" time="0.158"/>
  <testcase name="personCreateWithSingle[server [org.springframework.http.server.reactive.bootstrap.ReactorHttpServer@251a99cc]]" classname="org.springframework.web.reactive.result.method.annotation.RequestMappingMessageConversionIntegrationTests" time="0.162"/>
  <testcase name="byteBufferResponseBodyWithObservable[server [org.springframework.http.server.reactive.bootstrap.ReactorHttpServer@251a99cc]]" classname="org.springframework.web.reactive.result.method.annotation.RequestMappingMessageConversionIntegrationTests" time="0.161"/>
  <testcase name="personResponseBodyWithFlux[server [org.springframework.http.server.reactive.bootstrap.ReactorHttpServer@251a99cc]]" classname="org.springframework.web.reactive.result.method.annotation.RequestMappingMessageConversionIntegrationTests" time="0.16"/>
  <testcase name="personResponseBodyWithList[server [org.springframework.http.server.reactive.bootstrap.ReactorHttpServer@251a99cc]]" classname="org.springframework.web.reactive.result.method.annotation.RequestMappingMessageConversionIntegrationTests" time="0.163"/>
  <testcase name="personResponseBodyWithMono[server [org.springframework.http.server.reactive.bootstrap.ReactorHttpServer@251a99cc]]" classname="org.springframework.web.reactive.result.method.annotation.RequestMappingMessageConversionIntegrationTests" time="0.157"/>
  <testcase name="personTransformWithObservable[server [org.springframework.http.server.reactive.bootstrap.ReactorHttpServer@251a99cc]]" classname="org.springframework.web.reactive.result.method.annotation.RequestMappingMessageConversionIntegrationTests" time="0.161"/>
  <testcase name="personCreateWithPublisherJson[server [org.springframework.http.server.reactive.bootstrap.ReactorHttpServer@251a99cc]]" classname="org.springframework.web.reactive.result.method.annotation.RequestMappingMessageConversionIntegrationTests" time="0.159"/>
  <testcase name="personResponseBodyWithSingle[server [org.springframework.http.server.reactive.bootstrap.ReactorHttpServer@251a99cc]]" classname="org.springframework.web.reactive.result.method.annotation.RequestMappingMessageConversionIntegrationTests" time="0.159"/>
  <testcase name="personCreateWithFlowableJson[server [org.springframework.http.server.reactive.bootstrap.ReactorHttpServer@251a99cc]]" classname="org.springframework.web.reactive.result.method.annotation.RequestMappingMessageConversionIntegrationTests" time="0.158"/>
  <testcase name="personCreateWithRxJava2ObservableXml[server [org.springframework.http.server.reactive.bootstrap.ReactorHttpServer@251a99cc]]" classname="org.springframework.web.reactive.result.method.annotation.RequestMappingMessageConversionIntegrationTests" time="0.171"/>
  <testcase name="personTransformWithRxJava2Maybe[server [org.springframework.http.server.reactive.bootstrap.ReactorHttpServer@251a99cc]]" classname="org.springframework.web.reactive.result.method.annotation.RequestMappingMessageConversionIntegrationTests" time="0.166"/>
  <testcase name="byteBufferResponseBodyWithFlowable[server [org.springframework.http.server.reactive.bootstrap.ReactorHttpServer@251a99cc]]" classname="org.springframework.web.reactive.result.method.annotation.RequestMappingMessageConversionIntegrationTests" time="0.158"/>
  <testcase name="personTransformWithFlux[server [org.springframework.http.server.reactive.bootstrap.ReactorHttpServer@251a99cc]]" classname="org.springframework.web.reactive.result.method.annotation.RequestMappingMessageConversionIntegrationTests" time="0.159"/>
  <testcase name="personTransformWithMono[server [org.springframework.http.server.reactive.bootstrap.ReactorHttpServer@251a99cc]]" classname="org.springframework.web.reactive.result.method.annotation.RequestMappingMessageConversionIntegrationTests" time="0.161"/>
  <testcase name="personTransform[server [org.springframework.http.server.reactive.bootstrap.ReactorHttpServer@251a99cc]]" classname="org.springframework.web.reactive.result.method.annotation.RequestMappingMessageConversionIntegrationTests" time="0.161"/>
  <testcase name="personTransformWithMonoAndXml[server [org.springframework.http.server.reactive.bootstrap.ReactorHttpServer@251a99cc]]" classname="org.springframework.web.reactive.result.method.annotation.RequestMappingMessageConversionIntegrationTests" time="0.174"/>
  <testcase name="personResponseBodyWithObservable[server [org.springframework.http.server.reactive.bootstrap.ReactorHttpServer@251a99cc]]" classname="org.springframework.web.reactive.result.method.annotation.RequestMappingMessageConversionIntegrationTests" time="0.168"/>
  <testcase name="personTransformWithRxJava2Single[server [org.springframework.http.server.reactive.bootstrap.ReactorHttpServer@251a99cc]]" classname="org.springframework.web.reactive.result.method.annotation.RequestMappingMessageConversionIntegrationTests" time="0.159"/>
  <testcase name="personTransformWithPublisher[server [org.springframework.http.server.reactive.bootstrap.ReactorHttpServer@251a99cc]]" classname="org.springframework.web.reactive.result.method.annotation.RequestMappingMessageConversionIntegrationTests" time="0.16"/>
  <testcase name="personCreateWithObservableJson[server [org.springframework.http.server.reactive.bootstrap.ReactorHttpServer@251a99cc]]" classname="org.springframework.web.reactive.result.method.annotation.RequestMappingMessageConversionIntegrationTests" time="0.16"/>
  <testcase name="personCreateWithMono[server [org.springframework.http.server.reactive.bootstrap.ReactorHttpServer@251a99cc]]" classname="org.springframework.web.reactive.result.method.annotation.RequestMappingMessageConversionIntegrationTests" time="0.159"/>
  <testcase name="personResponseBody[server [org.springframework.http.server.reactive.bootstrap.ReactorHttpServer@251a99cc]]" classname="org.springframework.web.reactive.result.method.annotation.RequestMappingMessageConversionIntegrationTests" time="0.16"/>
  <testcase name="personCreateWithRxJava2Single[server [org.springframework.http.server.reactive.bootstrap.ReactorHttpServer@251a99cc]]" classname="org.springframework.web.reactive.result.method.annotation.RequestMappingMessageConversionIntegrationTests" time="0.171"/>
  <testcase name="personResponseBodyWithMonoDeclaredAsObject[server [org.springframework.http.server.reactive.bootstrap.TomcatHttpServer@6f82af73]]" classname="org.springframework.web.reactive.result.method.annotation.RequestMappingMessageConversionIntegrationTests" time="0.223"/>
  <testcase name="byteBufferResponseBodyWithPublisher[server [org.springframework.http.server.reactive.bootstrap.TomcatHttpServer@6f82af73]]" classname="org.springframework.web.reactive.result.method.annotation.RequestMappingMessageConversionIntegrationTests" time="0.262"/>
  <testcase name="personResponseBodyWithCompletableFuture[server [org.springframework.http.server.reactive.bootstrap.TomcatHttpServer@6f82af73]]" classname="org.springframework.web.reactive.result.method.annotation.RequestMappingMessageConversionIntegrationTests" time="0.256"/>
  <testcase name="personTransformWithRxJava2Observable[server [org.springframework.http.server.reactive.bootstrap.TomcatHttpServer@6f82af73]]" classname="org.springframework.web.reactive.result.method.annotation.RequestMappingMessageConversionIntegrationTests" time="0.307"/>
  <testcase name="personCreateWithObservableXml[server [org.springframework.http.server.reactive.bootstrap.TomcatHttpServer@6f82af73]]" classname="org.springframework.web.reactive.result.method.annotation.RequestMappingMessageConversionIntegrationTests" time="0.312"/>
  <testcase name="personResponseBodyWithPublisher[server [org.springframework.http.server.reactive.bootstrap.TomcatHttpServer@6f82af73]]" classname="org.springframework.web.reactive.result.method.annotation.RequestMappingMessageConversionIntegrationTests" time="0.295"/>
  <testcase name="personCreateWithPublisherXml[server [org.springframework.http.server.reactive.bootstrap.TomcatHttpServer@6f82af73]]" classname="org.springframework.web.reactive.result.method.annotation.RequestMappingMessageConversionIntegrationTests" time="0.302"/>
  <testcase name="personTransformWithCompletableFuture[server [org.springframework.http.server.reactive.bootstrap.TomcatHttpServer@6f82af73]]" classname="org.springframework.web.reactive.result.method.annotation.RequestMappingMessageConversionIntegrationTests" time="0.257"/>
  <testcase name="personTransformWithSingle[server [org.springframework.http.server.reactive.bootstrap.TomcatHttpServer@6f82af73]]" classname="org.springframework.web.reactive.result.method.annotation.RequestMappingMessageConversionIntegrationTests" time="0.294"/>
  <testcase name="personResponseBodyWithMonoResponseEntityXml[server [org.springframework.http.server.reactive.bootstrap.TomcatHttpServer@6f82af73]]" classname="org.springframework.web.reactive.result.method.annotation.RequestMappingMessageConversionIntegrationTests" time="0.264"/>
  <testcase name="personCreateWithRxJava2ObservableJson[server [org.springframework.http.server.reactive.bootstrap.TomcatHttpServer@6f82af73]]" classname="org.springframework.web.reactive.result.method.annotation.RequestMappingMessageConversionIntegrationTests" time="0.297"/>
  <testcase name="byteBufferResponseBodyWithFlux[server [org.springframework.http.server.reactive.bootstrap.TomcatHttpServer@6f82af73]]" classname="org.springframework.web.reactive.result.method.annotation.RequestMappingMessageConversionIntegrationTests" time="0.26"/>
  <testcase name="byteBufferResponseBodyWithMono[server [org.springframework.http.server.reactive.bootstrap.TomcatHttpServer@6f82af73]]" classname="org.springframework.web.reactive.result.method.annotation.RequestMappingMessageConversionIntegrationTests" time="0.256"/>
  <testcase name="personTransformWithFlowable[server [org.springframework.http.server.reactive.bootstrap.TomcatHttpServer@6f82af73]]" classname="org.springframework.web.reactive.result.method.annotation.RequestMappingMessageConversionIntegrationTests" time="0.296"/>
  <testcase name="personCreateWithFluxJson[server [org.springframework.http.server.reactive.bootstrap.TomcatHttpServer@6f82af73]]" classname="org.springframework.web.reactive.result.method.annotation.RequestMappingMessageConversionIntegrationTests" time="0.254"/>
  <testcase name="personCreateWithFlowableXml[server [org.springframework.http.server.reactive.bootstrap.TomcatHttpServer@6f82af73]]" classname="org.springframework.web.reactive.result.method.annotation.RequestMappingMessageConversionIntegrationTests" time="0.278"/>
  <testcase name="resource[server [org.springframework.http.server.reactive.bootstrap.TomcatHttpServer@6f82af73]]" classname="org.springframework.web.reactive.result.method.annotation.RequestMappingMessageConversionIntegrationTests" time="0.261"/>
  <testcase name="personCreateWithFluxXml[server [org.springframework.http.server.reactive.bootstrap.TomcatHttpServer@6f82af73]]" classname="org.springframework.web.reactive.result.method.annotation.RequestMappingMessageConversionIntegrationTests" time="0.262"/>
  <testcase name="personResponseBodyWithMonoResponseEntity[server [org.springframework.http.server.reactive.bootstrap.TomcatHttpServer@6f82af73]]" classname="org.springframework.web.reactive.result.method.annotation.RequestMappingMessageConversionIntegrationTests" time="0.263"/>
  <testcase name="byteBufferResponseBodyWithRxJava2Observable[server [org.springframework.http.server.reactive.bootstrap.TomcatHttpServer@6f82af73]]" classname="org.springframework.web.reactive.result.method.annotation.RequestMappingMessageConversionIntegrationTests" time="0.311"/>
  <testcase name="personCreateWithSingle[server [org.springframework.http.server.reactive.bootstrap.TomcatHttpServer@6f82af73]]" classname="org.springframework.web.reactive.result.method.annotation.RequestMappingMessageConversionIntegrationTests" time="0.259"/>
  <testcase name="byteBufferResponseBodyWithObservable[server [org.springframework.http.server.reactive.bootstrap.TomcatHttpServer@6f82af73]]" classname="org.springframework.web.reactive.result.method.annotation.RequestMappingMessageConversionIntegrationTests" time="0.257"/>
  <testcase name="personResponseBodyWithFlux[server [org.springframework.http.server.reactive.bootstrap.TomcatHttpServer@6f82af73]]" classname="org.springframework.web.reactive.result.method.annotation.RequestMappingMessageConversionIntegrationTests" time="0.255"/>
  <testcase name="personResponseBodyWithList[server [org.springframework.http.server.reactive.bootstrap.TomcatHttpServer@6f82af73]]" classname="org.springframework.web.reactive.result.method.annotation.RequestMappingMessageConversionIntegrationTests" time="0.262"/>
  <testcase name="personResponseBodyWithMono[server [org.springframework.http.server.reactive.bootstrap.TomcatHttpServer@6f82af73]]" classname="org.springframework.web.reactive.result.method.annotation.RequestMappingMessageConversionIntegrationTests" time="0.254"/>
  <testcase name="personTransformWithObservable[server [org.springframework.http.server.reactive.bootstrap.TomcatHttpServer@6f82af73]]" classname="org.springframework.web.reactive.result.method.annotation.RequestMappingMessageConversionIntegrationTests" time="0.257"/>
  <testcase name="personCreateWithPublisherJson[server [org.springframework.http.server.reactive.bootstrap.TomcatHttpServer@6f82af73]]" classname="org.springframework.web.reactive.result.method.annotation.RequestMappingMessageConversionIntegrationTests" time="0.26"/>
  <testcase name="personResponseBodyWithSingle[server [org.springframework.http.server.reactive.bootstrap.TomcatHttpServer@6f82af73]]" classname="org.springframework.web.reactive.result.method.annotation.RequestMappingMessageConversionIntegrationTests" time="0.255"/>
  <testcase name="personCreateWithFlowableJson[server [org.springframework.http.server.reactive.bootstrap.TomcatHttpServer@6f82af73]]" classname="org.springframework.web.reactive.result.method.annotation.RequestMappingMessageConversionIntegrationTests" time="0.257"/>
  <testcase name="personCreateWithRxJava2ObservableXml[server [org.springframework.http.server.reactive.bootstrap.TomcatHttpServer@6f82af73]]" classname="org.springframework.web.reactive.result.method.annotation.RequestMappingMessageConversionIntegrationTests" time="0.263"/>
  <testcase name="personTransformWithRxJava2Maybe[server [org.springframework.http.server.reactive.bootstrap.TomcatHttpServer@6f82af73]]" classname="org.springframework.web.reactive.result.method.annotation.RequestMappingMessageConversionIntegrationTests" time="0.264"/>
  <testcase name="byteBufferResponseBodyWithFlowable[server [org.springframework.http.server.reactive.bootstrap.TomcatHttpServer@6f82af73]]" classname="org.springframework.web.reactive.result.method.annotation.RequestMappingMessageConversionIntegrationTests" time="0.254"/>
  <testcase name="personTransformWithFlux[server [org.springframework.http.server.reactive.bootstrap.TomcatHttpServer@6f82af73]]" classname="org.springframework.web.reactive.result.method.annotation.RequestMappingMessageConversionIntegrationTests" time="0.259"/>
  <testcase name="personTransformWithMono[server [org.springframework.http.server.reactive.bootstrap.TomcatHttpServer@6f82af73]]" classname="org.springframework.web.reactive.result.method.annotation.RequestMappingMessageConversionIntegrationTests" time="0.258"/>
  <testcase name="personTransform[server [org.springframework.http.server.reactive.bootstrap.TomcatHttpServer@6f82af73]]" classname="org.springframework.web.reactive.result.method.annotation.RequestMappingMessageConversionIntegrationTests" time="0.253"/>
  <testcase name="personTransformWithMonoAndXml[server [org.springframework.http.server.reactive.bootstrap.TomcatHttpServer@6f82af73]]" classname="org.springframework.web.reactive.result.method.annotation.RequestMappingMessageConversionIntegrationTests" time="0.267"/>
  <testcase name="personResponseBodyWithObservable[server [org.springframework.http.server.reactive.bootstrap.TomcatHttpServer@6f82af73]]" classname="org.springframework.web.reactive.result.method.annotation.RequestMappingMessageConversionIntegrationTests" time="0.268"/>
  <testcase name="personTransformWithRxJava2Single[server [org.springframework.http.server.reactive.bootstrap.TomcatHttpServer@6f82af73]]" classname="org.springframework.web.reactive.result.method.annotation.RequestMappingMessageConversionIntegrationTests" time="0.26"/>
  <testcase name="personTransformWithPublisher[server [org.springframework.http.server.reactive.bootstrap.TomcatHttpServer@6f82af73]]" classname="org.springframework.web.reactive.result.method.annotation.RequestMappingMessageConversionIntegrationTests" time="0.255"/>
  <testcase name="personCreateWithObservableJson[server [org.springframework.http.server.reactive.bootstrap.TomcatHttpServer@6f82af73]]" classname="org.springframework.web.reactive.result.method.annotation.RequestMappingMessageConversionIntegrationTests" time="0.257"/>
  <testcase name="personCreateWithMono[server [org.springframework.http.server.reactive.bootstrap.TomcatHttpServer@6f82af73]]" classname="org.springframework.web.reactive.result.method.annotation.RequestMappingMessageConversionIntegrationTests" time="0.255"/>
  <testcase name="personResponseBody[server [org.springframework.http.server.reactive.bootstrap.TomcatHttpServer@6f82af73]]" classname="org.springframework.web.reactive.result.method.annotation.RequestMappingMessageConversionIntegrationTests" time="0.263"/>
  <testcase name="personCreateWithRxJava2Single[server [org.springframework.http.server.reactive.bootstrap.TomcatHttpServer@6f82af73]]" classname="org.springframework.web.reactive.result.method.annotation.RequestMappingMessageConversionIntegrationTests" time="0.306"/>
  <testcase name="personResponseBodyWithMonoDeclaredAsObject[server [org.springframework.http.server.reactive.bootstrap.UndertowHttpServer@63528b14]]" classname="org.springframework.web.reactive.result.method.annotation.RequestMappingMessageConversionIntegrationTests" time="0.197"/>
  <testcase name="byteBufferResponseBodyWithPublisher[server [org.springframework.http.server.reactive.bootstrap.UndertowHttpServer@63528b14]]" classname="org.springframework.web.reactive.result.method.annotation.RequestMappingMessageConversionIntegrationTests" time="0.183"/>
  <testcase name="personResponseBodyWithCompletableFuture[server [org.springframework.http.server.reactive.bootstrap.UndertowHttpServer@63528b14]]" classname="org.springframework.web.reactive.result.method.annotation.RequestMappingMessageConversionIntegrationTests" time="0.167"/>
  <testcase name="personTransformWithRxJava2Observable[server [org.springframework.http.server.reactive.bootstrap.UndertowHttpServer@63528b14]]" classname="org.springframework.web.reactive.result.method.annotation.RequestMappingMessageConversionIntegrationTests" time="0.165"/>
  <testcase name="personCreateWithObservableXml[server [org.springframework.http.server.reactive.bootstrap.UndertowHttpServer@63528b14]]" classname="org.springframework.web.reactive.result.method.annotation.RequestMappingMessageConversionIntegrationTests" time="0.169"/>
  <testcase name="personResponseBodyWithPublisher[server [org.springframework.http.server.reactive.bootstrap.UndertowHttpServer@63528b14]]" classname="org.springframework.web.reactive.result.method.annotation.RequestMappingMessageConversionIntegrationTests" time="0.16"/>
  <testcase name="personCreateWithPublisherXml[server [org.springframework.http.server.reactive.bootstrap.UndertowHttpServer@63528b14]]" classname="org.springframework.web.reactive.result.method.annotation.RequestMappingMessageConversionIntegrationTests" time="0.186"/>
  <testcase name="personTransformWithCompletableFuture[server [org.springframework.http.server.reactive.bootstrap.UndertowHttpServer@63528b14]]" classname="org.springframework.web.reactive.result.method.annotation.RequestMappingMessageConversionIntegrationTests" time="0.164"/>
  <testcase name="personTransformWithSingle[server [org.springframework.http.server.reactive.bootstrap.UndertowHttpServer@63528b14]]" classname="org.springframework.web.reactive.result.method.annotation.RequestMappingMessageConversionIntegrationTests" time="0.166"/>
  <testcase name="personResponseBodyWithMonoResponseEntityXml[server [org.springframework.http.server.reactive.bootstrap.UndertowHttpServer@63528b14]]" classname="org.springframework.web.reactive.result.method.annotation.RequestMappingMessageConversionIntegrationTests" time="0.168"/>
  <testcase name="personCreateWithRxJava2ObservableJson[server [org.springframework.http.server.reactive.bootstrap.UndertowHttpServer@63528b14]]" classname="org.springframework.web.reactive.result.method.annotation.RequestMappingMessageConversionIntegrationTests" time="0.16"/>
  <testcase name="byteBufferResponseBodyWithFlux[server [org.springframework.http.server.reactive.bootstrap.UndertowHttpServer@63528b14]]" classname="org.springframework.web.reactive.result.method.annotation.RequestMappingMessageConversionIntegrationTests" time="0.162"/>
  <testcase name="byteBufferResponseBodyWithMono[server [org.springframework.http.server.reactive.bootstrap.UndertowHttpServer@63528b14]]" classname="org.springframework.web.reactive.result.method.annotation.RequestMappingMessageConversionIntegrationTests" time="0.161"/>
  <testcase name="personTransformWithFlowable[server [org.springframework.http.server.reactive.bootstrap.UndertowHttpServer@63528b14]]" classname="org.springframework.web.reactive.result.method.annotation.RequestMappingMessageConversionIntegrationTests" time="0.17"/>
  <testcase name="personCreateWithFluxJson[server [org.springframework.http.server.reactive.bootstrap.UndertowHttpServer@63528b14]]" classname="org.springframework.web.reactive.result.method.annotation.RequestMappingMessageConversionIntegrationTests" time="0.165"/>
  <testcase name="personCreateWithFlowableXml[server [org.springframework.http.server.reactive.bootstrap.UndertowHttpServer@63528b14]]" classname="org.springframework.web.reactive.result.method.annotation.RequestMappingMessageConversionIntegrationTests" time="0.171"/>
  <testcase name="resource[server [org.springframework.http.server.reactive.bootstrap.UndertowHttpServer@63528b14]]" classname="org.springframework.web.reactive.result.method.annotation.RequestMappingMessageConversionIntegrationTests" time="0.171"/>
  <testcase name="personCreateWithFluxXml[server [org.springframework.http.server.reactive.bootstrap.UndertowHttpServer@63528b14]]" classname="org.springframework.web.reactive.result.method.annotation.RequestMappingMessageConversionIntegrationTests" time="0.17"/>
  <testcase name="personResponseBodyWithMonoResponseEntity[server [org.springframework.http.server.reactive.bootstrap.UndertowHttpServer@63528b14]]" classname="org.springframework.web.reactive.result.method.annotation.RequestMappingMessageConversionIntegrationTests" time="0.163"/>
  <testcase name="byteBufferResponseBodyWithRxJava2Observable[server [org.springframework.http.server.reactive.bootstrap.UndertowHttpServer@63528b14]]" classname="org.springframework.web.reactive.result.method.annotation.RequestMappingMessageConversionIntegrationTests" time="0.162"/>
  <testcase name="personCreateWithSingle[server [org.springframework.http.server.reactive.bootstrap.UndertowHttpServer@63528b14]]" classname="org.springframework.web.reactive.result.method.annotation.RequestMappingMessageConversionIntegrationTests" time="0.162"/>
  <testcase name="byteBufferResponseBodyWithObservable[server [org.springframework.http.server.reactive.bootstrap.UndertowHttpServer@63528b14]]" classname="org.springframework.web.reactive.result.method.annotation.RequestMappingMessageConversionIntegrationTests" time="0.162"/>
  <testcase name="personResponseBodyWithFlux[server [org.springframework.http.server.reactive.bootstrap.UndertowHttpServer@63528b14]]" classname="org.springframework.web.reactive.result.method.annotation.RequestMappingMessageConversionIntegrationTests" time="0.163"/>
  <testcase name="personResponseBodyWithList[server [org.springframework.http.server.reactive.bootstrap.UndertowHttpServer@63528b14]]" classname="org.springframework.web.reactive.result.method.annotation.RequestMappingMessageConversionIntegrationTests" time="0.166"/>
  <testcase name="personResponseBodyWithMono[server [org.springframework.http.server.reactive.bootstrap.UndertowHttpServer@63528b14]]" classname="org.springframework.web.reactive.result.method.annotation.RequestMappingMessageConversionIntegrationTests" time="0.163"/>
  <testcase name="personTransformWithObservable[server [org.springframework.http.server.reactive.bootstrap.UndertowHttpServer@63528b14]]" classname="org.springframework.web.reactive.result.method.annotation.RequestMappingMessageConversionIntegrationTests" time="0.162"/>
  <testcase name="personCreateWithPublisherJson[server [org.springframework.http.server.reactive.bootstrap.UndertowHttpServer@63528b14]]" classname="org.springframework.web.reactive.result.method.annotation.RequestMappingMessageConversionIntegrationTests" time="0.166"/>
  <testcase name="personResponseBodyWithSingle[server [org.springframework.http.server.reactive.bootstrap.UndertowHttpServer@63528b14]]" classname="org.springframework.web.reactive.result.method.annotation.RequestMappingMessageConversionIntegrationTests" time="0.163"/>
  <testcase name="personCreateWithFlowableJson[server [org.springframework.http.server.reactive.bootstrap.UndertowHttpServer@63528b14]]" classname="org.springframework.web.reactive.result.method.annotation.RequestMappingMessageConversionIntegrationTests" time="0.168"/>
  <testcase name="personCreateWithRxJava2ObservableXml[server [org.springframework.http.server.reactive.bootstrap.UndertowHttpServer@63528b14]]" classname="org.springframework.web.reactive.result.method.annotation.RequestMappingMessageConversionIntegrationTests" time="0.175"/>
  <testcase name="personTransformWithRxJava2Maybe[server [org.springframework.http.server.reactive.bootstrap.UndertowHttpServer@63528b14]]" classname="org.springframework.web.reactive.result.method.annotation.RequestMappingMessageConversionIntegrationTests" time="0.161"/>
  <testcase name="byteBufferResponseBodyWithFlowable[server [org.springframework.http.server.reactive.bootstrap.UndertowHttpServer@63528b14]]" classname="org.springframework.web.reactive.result.method.annotation.RequestMappingMessageConversionIntegrationTests" time="0.16"/>
  <testcase name="personTransformWithFlux[server [org.springframework.http.server.reactive.bootstrap.UndertowHttpServer@63528b14]]" classname="org.springframework.web.reactive.result.method.annotation.RequestMappingMessageConversionIntegrationTests" time="0.164"/>
  <testcase name="personTransformWithMono[server [org.springframework.http.server.reactive.bootstrap.UndertowHttpServer@63528b14]]" classname="org.springframework.web.reactive.result.method.annotation.RequestMappingMessageConversionIntegrationTests" time="0.163"/>
  <testcase name="personTransform[server [org.springframework.http.server.reactive.bootstrap.UndertowHttpServer@63528b14]]" classname="org.springframework.web.reactive.result.method.annotation.RequestMappingMessageConversionIntegrationTests" time="0.161"/>
  <testcase name="personTransformWithMonoAndXml[server [org.springframework.http.server.reactive.bootstrap.UndertowHttpServer@63528b14]]" classname="org.springframework.web.reactive.result.method.annotation.RequestMappingMessageConversionIntegrationTests" time="0.176"/>
  <testcase name="personResponseBodyWithObservable[server [org.springframework.http.server.reactive.bootstrap.UndertowHttpServer@63528b14]]" classname="org.springframework.web.reactive.result.method.annotation.RequestMappingMessageConversionIntegrationTests" time="0.161"/>
  <testcase name="personTransformWithRxJava2Single[server [org.springframework.http.server.reactive.bootstrap.UndertowHttpServer@63528b14]]" classname="org.springframework.web.reactive.result.method.annotation.RequestMappingMessageConversionIntegrationTests" time="0.162"/>
  <testcase name="personTransformWithPublisher[server [org.springframework.http.server.reactive.bootstrap.UndertowHttpServer@63528b14]]" classname="org.springframework.web.reactive.result.method.annotation.RequestMappingMessageConversionIntegrationTests" time="0.169"/>
  <testcase name="personCreateWithObservableJson[server [org.springframework.http.server.reactive.bootstrap.UndertowHttpServer@63528b14]]" classname="org.springframework.web.reactive.result.method.annotation.RequestMappingMessageConversionIntegrationTests" time="0.172"/>
  <testcase name="personCreateWithMono[server [org.springframework.http.server.reactive.bootstrap.UndertowHttpServer@63528b14]]" classname="org.springframework.web.reactive.result.method.annotation.RequestMappingMessageConversionIntegrationTests" time="0.162"/>
  <testcase name="personResponseBody[server [org.springframework.http.server.reactive.bootstrap.UndertowHttpServer@63528b14]]" classname="org.springframework.web.reactive.result.method.annotation.RequestMappingMessageConversionIntegrationTests" time="0.16"/>
  <testcase name="personCreateWithRxJava2Single[server [org.springframework.http.server.reactive.bootstrap.UndertowHttpServer@63528b14]]" classname="org.springframework.web.reactive.result.method.annotation.RequestMappingMessageConversionIntegrationTests" time="0.165"/>
  <system-out><![CDATA[12:03:15.924 [Test worker] DEBUG org.springframework.web.reactive.result.method.annotation.RequestMappingHandlerMapping - 37 mappings in 'requestMappingHandlerMapping'
12:03:15.965 [Test worker] DEBUG org.springframework.web.reactive.result.method.annotation.ControllerMethodResolver - ControllerAdvice beans: none
12:03:16.033 [Test worker] DEBUG org.springframework.web.server.adapter.HttpWebHandlerAdapter - enableLoggingRequestDetails='false': form data and headers will be masked to prevent unsafe logging of potentially sensitive data
12:03:16.033 [Test worker] WARN  org.eclipse.jetty.server.handler.ContextHandler - Empty contextPath
12:03:16.033 [Test worker] INFO  org.eclipse.jetty.server.handler.ContextHandler - Started o.e.j.s.ServletContextHandler@70b2b95d{/,null,AVAILABLE}
12:03:16.033 [Test worker] DEBUG org.springframework.http.server.reactive.bootstrap.JettyHttpServer - Starting JettyHttpServer...
12:03:16.033 [Test worker] INFO  org.eclipse.jetty.server.Server - jetty-9.4.12.RC2; built: 2018-08-14T14:46:56.477Z; git: 1f9703cf836af6c70ac0665fbc6790c0a8229a7a; jvm 1.8.0_101-b13
12:03:16.033 [Test worker] WARN  org.eclipse.jetty.server.Server - THIS IS NOT A STABLE RELEASE! DO NOT USE IN PRODUCTION!
12:03:16.033 [Test worker] WARN  org.eclipse.jetty.server.Server - Download a stable release from http://download.eclipse.org/jetty/
12:03:16.035 [Test worker] INFO  org.eclipse.jetty.server.AbstractConnector - Started ServerConnector@19f5b301{HTTP/1.1,[http/1.1]}{0.0.0.0:52452}
12:03:16.035 [Test worker] INFO  org.eclipse.jetty.server.Server - Started @76433ms
12:03:16.035 [Test worker] DEBUG org.springframework.http.server.reactive.bootstrap.JettyHttpServer - Server started on port 52452(0 millis).
12:03:16.035 [Test worker] DEBUG org.springframework.web.client.RestTemplate - HTTP GET http://localhost:52452/person-response/mono-declared-as-object
12:03:16.036 [Test worker] DEBUG org.springframework.web.client.RestTemplate - Accept=[application/xml, text/xml, application/json, application/x-jackson-smile, application/*+xml, application/*+json]
12:03:16.037 [qtp407862169-2749] DEBUG org.springframework.web.server.adapter.HttpWebHandlerAdapter - [695b3938] HTTP GET "/person-response/mono-declared-as-object"
12:03:16.037 [qtp407862169-2749] DEBUG org.springframework.web.reactive.result.method.annotation.RequestMappingHandlerMapping - [695b3938] Mapped to public java.lang.Object org.springframework.web.reactive.result.method.annotation.RequestMappingMessageConversionIntegrationTests$PersonResponseBodyController.getMonoDeclaredAsObject()
12:03:16.038 [qtp407862169-2749] DEBUG org.springframework.web.reactive.result.method.annotation.ResponseBodyResultHandler - Using 'application/json;charset=UTF-8' given [application/json] and supported [application/json;charset=UTF-8, application/*+json;charset=UTF-8, application/x-jackson-smile;charset=UTF-8, application/*+x-jackson-smile;charset=UTF-8, text/event-stream]
12:03:16.038 [qtp407862169-2749] DEBUG org.springframework.web.reactive.result.method.annotation.ResponseBodyResultHandler - [695b3938] 0..1 [java.lang.Object]
12:03:16.038 [qtp407862169-2749] DEBUG org.springframework.http.codec.json.Jackson2JsonEncoder - [695b3938] Encoding [Person{name='Robert'}]
12:03:16.038 [qtp407862169-2749] DEBUG org.springframework.web.server.adapter.HttpWebHandlerAdapter - [695b3938] Completed 200 OK
12:03:16.038 [Test worker] DEBUG org.springframework.web.client.RestTemplate - Response 200 OK
12:03:16.038 [Test worker] DEBUG org.springframework.web.client.RestTemplate - Reading to [org.springframework.web.reactive.result.method.annotation.RequestMappingMessageConversionIntegrationTests$Person]
12:03:16.039 [Test worker] DEBUG org.springframework.http.server.reactive.bootstrap.JettyHttpServer - Stopping JettyHttpServer...
12:03:16.039 [Test worker] INFO  org.eclipse.jetty.server.handler.ContextHandler - Stopped o.e.j.s.ServletContextHandler@70b2b95d{/,null,UNAVAILABLE}
12:03:16.040 [Test worker] INFO  org.eclipse.jetty.server.AbstractConnector - Stopped ServerConnector@19f5b301{HTTP/1.1,[http/1.1]}{0.0.0.0:0}
12:03:16.040 [Test worker] DEBUG org.springframework.http.server.reactive.bootstrap.JettyHttpServer - Server stopped (0 millis).
12:03:16.119 [Test worker] DEBUG org.springframework.web.reactive.result.method.annotation.RequestMappingHandlerMapping - 37 mappings in 'requestMappingHandlerMapping'
12:03:16.160 [Test worker] DEBUG org.springframework.web.reactive.result.method.annotation.ControllerMethodResolver - ControllerAdvice beans: none
12:03:16.227 [Test worker] DEBUG org.springframework.web.server.adapter.HttpWebHandlerAdapter - enableLoggingRequestDetails='false': form data and headers will be masked to prevent unsafe logging of potentially sensitive data
12:03:16.228 [Test worker] WARN  org.eclipse.jetty.server.handler.ContextHandler - Empty contextPath
12:03:16.228 [Test worker] INFO  org.eclipse.jetty.server.handler.ContextHandler - Started o.e.j.s.ServletContextHandler@113f5859{/,null,AVAILABLE}
12:03:16.228 [Test worker] DEBUG org.springframework.http.server.reactive.bootstrap.JettyHttpServer - Starting JettyHttpServer...
12:03:16.228 [Test worker] INFO  org.eclipse.jetty.server.Server - jetty-9.4.12.RC2; built: 2018-08-14T14:46:56.477Z; git: 1f9703cf836af6c70ac0665fbc6790c0a8229a7a; jvm 1.8.0_101-b13
12:03:16.228 [Test worker] WARN  org.eclipse.jetty.server.Server - THIS IS NOT A STABLE RELEASE! DO NOT USE IN PRODUCTION!
12:03:16.228 [Test worker] WARN  org.eclipse.jetty.server.Server - Download a stable release from http://download.eclipse.org/jetty/
12:03:16.229 [Test worker] INFO  org.eclipse.jetty.server.AbstractConnector - Started ServerConnector@a6d72e2{HTTP/1.1,[http/1.1]}{0.0.0.0:52460}
12:03:16.229 [Test worker] INFO  org.eclipse.jetty.server.Server - Started @76628ms
12:03:16.229 [Test worker] DEBUG org.springframework.http.server.reactive.bootstrap.JettyHttpServer - Server started on port 52460(0 millis).
12:03:16.229 [Test worker] DEBUG org.springframework.web.client.RestTemplate - HTTP GET http://localhost:52460/raw-response/publisher
12:03:16.230 [Test worker] DEBUG org.springframework.web.client.RestTemplate - Accept=[application/xml, text/xml, application/json, application/x-jackson-smile, application/*+xml, application/*+json]
12:03:16.231 [qtp1208782061-2754] DEBUG org.springframework.web.server.adapter.HttpWebHandlerAdapter - [23048365] HTTP GET "/raw-response/publisher"
12:03:16.231 [qtp1208782061-2754] DEBUG org.springframework.web.reactive.result.method.annotation.RequestMappingHandlerMapping - [23048365] Mapped to public org.reactivestreams.Publisher<java.nio.ByteBuffer> org.springframework.web.reactive.result.method.annotation.RequestMappingMessageConversionIntegrationTests$RawResponseBodyController.getPublisher()
12:03:16.239 [qtp1208782061-2754] DEBUG org.springframework.web.reactive.result.method.annotation.ResponseBodyResultHandler - Using 'application/json;charset=UTF-8' given [application/json] and supported [*/*, application/json;charset=UTF-8, application/*+json;charset=UTF-8, application/x-jackson-smile;charset=UTF-8, application/*+x-jackson-smile;charset=UTF-8, text/event-stream]
12:03:16.240 [qtp1208782061-2754] DEBUG org.springframework.web.reactive.result.method.annotation.ResponseBodyResultHandler - [23048365] 0..N [java.nio.ByteBuffer]
12:03:16.240 [qtp1208782061-2754] DEBUG org.springframework.http.codec.json.Jackson2JsonEncoder - Encoding [Person{name='Robert'}]
12:03:16.240 [qtp1208782061-2754] DEBUG org.springframework.core.codec.ByteBufferEncoder - [23048365] Writing 17 bytes
12:03:16.241 [qtp1208782061-2754] DEBUG org.springframework.web.server.adapter.HttpWebHandlerAdapter - [23048365] Completed 200 OK
12:03:16.241 [Test worker] DEBUG org.springframework.web.client.RestTemplate - Response 200 OK
12:03:16.241 [Test worker] DEBUG org.springframework.web.client.RestTemplate - Reading to [org.springframework.web.reactive.result.method.annotation.RequestMappingMessageConversionIntegrationTests$Person]
12:03:16.241 [Test worker] DEBUG org.springframework.http.server.reactive.bootstrap.JettyHttpServer - Stopping JettyHttpServer...
12:03:16.241 [Test worker] INFO  org.eclipse.jetty.server.handler.ContextHandler - Stopped o.e.j.s.ServletContextHandler@113f5859{/,null,UNAVAILABLE}
12:03:16.250 [Test worker] INFO  org.eclipse.jetty.server.AbstractConnector - Stopped ServerConnector@a6d72e2{HTTP/1.1,[http/1.1]}{0.0.0.0:0}
12:03:16.251 [Test worker] DEBUG org.springframework.http.server.reactive.bootstrap.JettyHttpServer - Server stopped (0 millis).
12:03:16.330 [Test worker] DEBUG org.springframework.web.reactive.result.method.annotation.RequestMappingHandlerMapping - 37 mappings in 'requestMappingHandlerMapping'
12:03:16.370 [Test worker] DEBUG org.springframework.web.reactive.result.method.annotation.ControllerMethodResolver - ControllerAdvice beans: none
12:03:16.439 [Test worker] DEBUG org.springframework.web.server.adapter.HttpWebHandlerAdapter - enableLoggingRequestDetails='false': form data and headers will be masked to prevent unsafe logging of potentially sensitive data
12:03:16.439 [Test worker] WARN  org.eclipse.jetty.server.handler.ContextHandler - Empty contextPath
12:03:16.439 [Test worker] INFO  org.eclipse.jetty.server.handler.ContextHandler - Started o.e.j.s.ServletContextHandler@6aca7713{/,null,AVAILABLE}
12:03:16.439 [Test worker] DEBUG org.springframework.http.server.reactive.bootstrap.JettyHttpServer - Starting JettyHttpServer...
12:03:16.439 [Test worker] INFO  org.eclipse.jetty.server.Server - jetty-9.4.12.RC2; built: 2018-08-14T14:46:56.477Z; git: 1f9703cf836af6c70ac0665fbc6790c0a8229a7a; jvm 1.8.0_101-b13
12:03:16.439 [Test worker] WARN  org.eclipse.jetty.server.Server - THIS IS NOT A STABLE RELEASE! DO NOT USE IN PRODUCTION!
12:03:16.439 [Test worker] WARN  org.eclipse.jetty.server.Server - Download a stable release from http://download.eclipse.org/jetty/
12:03:16.441 [Test worker] INFO  org.eclipse.jetty.server.AbstractConnector - Started ServerConnector@66a1ea0f{HTTP/1.1,[http/1.1]}{0.0.0.0:52468}
12:03:16.441 [Test worker] INFO  org.eclipse.jetty.server.Server - Started @76838ms
12:03:16.441 [Test worker] DEBUG org.springframework.http.server.reactive.bootstrap.JettyHttpServer - Server started on port 52468(0 millis).
12:03:16.441 [Test worker] DEBUG org.springframework.web.client.RestTemplate - HTTP GET http://localhost:52468/person-response/completable-future
12:03:16.441 [Test worker] DEBUG org.springframework.web.client.RestTemplate - Accept=[application/xml, text/xml, application/json, application/x-jackson-smile, application/*+xml, application/*+json]
12:03:16.442 [qtp1756151518-2768] DEBUG org.springframework.web.server.adapter.HttpWebHandlerAdapter - [6fa14a5e] HTTP GET "/person-response/completable-future"
12:03:16.443 [qtp1756151518-2768] DEBUG org.springframework.web.reactive.result.method.annotation.RequestMappingHandlerMapping - [6fa14a5e] Mapped to public java.util.concurrent.CompletableFuture<org.springframework.web.reactive.result.method.annotation.RequestMappingMessageConversionIntegrationTests$Person> org.springframework.web.reactive.result.method.annotation.RequestMappingMessageConversionIntegrationTests$PersonResponseBodyController.getCompletableFuture()
12:03:16.445 [qtp1756151518-2768] DEBUG org.springframework.web.reactive.result.method.annotation.ResponseBodyResultHandler - Using 'application/json;charset=UTF-8' given [application/json] and supported [application/json;charset=UTF-8, application/*+json;charset=UTF-8, application/x-jackson-smile;charset=UTF-8, application/*+x-jackson-smile;charset=UTF-8, application/xml, text/xml, text/event-stream]
12:03:16.445 [qtp1756151518-2768] DEBUG org.springframework.web.reactive.result.method.annotation.ResponseBodyResultHandler - [6fa14a5e] 0..1 [org.springframework.web.reactive.result.method.annotation.RequestMappingMessageConversionIntegrationTests$Person]
12:03:16.445 [qtp1756151518-2768] DEBUG org.springframework.http.codec.json.Jackson2JsonEncoder - [6fa14a5e] Encoding [Person{name='Robert'}]
12:03:16.445 [qtp1756151518-2768] DEBUG org.springframework.web.server.adapter.HttpWebHandlerAdapter - [6fa14a5e] Completed 200 OK
12:03:16.445 [Test worker] DEBUG org.springframework.web.client.RestTemplate - Response 200 OK
12:03:16.446 [Test worker] DEBUG org.springframework.web.client.RestTemplate - Reading to [org.springframework.web.reactive.result.method.annotation.RequestMappingMessageConversionIntegrationTests$Person]
12:03:16.446 [Test worker] DEBUG org.springframework.http.server.reactive.bootstrap.JettyHttpServer - Stopping JettyHttpServer...
12:03:16.446 [Test worker] INFO  org.eclipse.jetty.server.handler.ContextHandler - Stopped o.e.j.s.ServletContextHandler@6aca7713{/,null,UNAVAILABLE}
12:03:16.447 [Test worker] INFO  org.eclipse.jetty.server.AbstractConnector - Stopped ServerConnector@66a1ea0f{HTTP/1.1,[http/1.1]}{0.0.0.0:0}
12:03:16.447 [Test worker] DEBUG org.springframework.http.server.reactive.bootstrap.JettyHttpServer - Server stopped (0 millis).
12:03:16.525 [Test worker] DEBUG org.springframework.web.reactive.result.method.annotation.RequestMappingHandlerMapping - 37 mappings in 'requestMappingHandlerMapping'
12:03:16.564 [Test worker] DEBUG org.springframework.web.reactive.result.method.annotation.ControllerMethodResolver - ControllerAdvice beans: none
12:03:16.632 [Test worker] DEBUG org.springframework.web.server.adapter.HttpWebHandlerAdapter - enableLoggingRequestDetails='false': form data and headers will be masked to prevent unsafe logging of potentially sensitive data
12:03:16.632 [Test worker] WARN  org.eclipse.jetty.server.handler.ContextHandler - Empty contextPath
12:03:16.632 [Test worker] INFO  org.eclipse.jetty.server.handler.ContextHandler - Started o.e.j.s.ServletContextHandler@6871643{/,null,AVAILABLE}
12:03:16.632 [Test worker] DEBUG org.springframework.http.server.reactive.bootstrap.JettyHttpServer - Starting JettyHttpServer...
12:03:16.632 [Test worker] INFO  org.eclipse.jetty.server.Server - jetty-9.4.12.RC2; built: 2018-08-14T14:46:56.477Z; git: 1f9703cf836af6c70ac0665fbc6790c0a8229a7a; jvm 1.8.0_101-b13
12:03:16.632 [Test worker] WARN  org.eclipse.jetty.server.Server - THIS IS NOT A STABLE RELEASE! DO NOT USE IN PRODUCTION!
12:03:16.632 [Test worker] WARN  org.eclipse.jetty.server.Server - Download a stable release from http://download.eclipse.org/jetty/
12:03:16.633 [Test worker] INFO  org.eclipse.jetty.server.AbstractConnector - Started ServerConnector@47b37d2f{HTTP/1.1,[http/1.1]}{0.0.0.0:52476}
12:03:16.633 [Test worker] INFO  org.eclipse.jetty.server.Server - Started @77031ms
12:03:16.633 [Test worker] DEBUG org.springframework.http.server.reactive.bootstrap.JettyHttpServer - Server started on port 52476(0 millis).
12:03:16.633 [Test worker] DEBUG org.springframework.web.client.RestTemplate - HTTP POST http://localhost:52476/person-transform/rxjava2-observable
12:03:16.634 [Test worker] DEBUG org.springframework.web.client.RestTemplate - Accept=[application/json, application/x-jackson-smile, application/*+json]
12:03:16.634 [Test worker] DEBUG org.springframework.web.client.RestTemplate - Writing [[Person{name='Robert'}, Person{name='Marie'}]] as "application/json"
12:03:16.635 [qtp827049459-2779] DEBUG org.springframework.web.server.adapter.HttpWebHandlerAdapter - [7e6beeeb] HTTP POST "/person-transform/rxjava2-observable"
12:03:16.635 [qtp827049459-2779] DEBUG org.springframework.web.reactive.result.method.annotation.RequestMappingHandlerMapping - [7e6beeeb] Mapped to public io.reactivex.Observable<org.springframework.web.reactive.result.method.annotation.RequestMappingMessageConversionIntegrationTests$Person> org.springframework.web.reactive.result.method.annotation.RequestMappingMessageConversionIntegrationTests$PersonTransformationController.transformObservable(io.reactivex.Observable<org.springframework.web.reactive.result.method.annotation.RequestMappingMessageConversionIntegrationTests$Person>)
12:03:16.636 [qtp827049459-2779] DEBUG org.springframework.web.reactive.result.method.annotation.RequestBodyArgumentResolver - [7e6beeeb] Content-Type:application/json;charset=UTF-8
12:03:16.636 [qtp827049459-2779] DEBUG org.springframework.web.reactive.result.method.annotation.RequestBodyArgumentResolver - [7e6beeeb] 0..N [org.springframework.web.reactive.result.method.annotation.RequestMappingMessageConversionIntegrationTests$Person]
12:03:16.636 [qtp827049459-2779] DEBUG org.springframework.web.reactive.result.method.annotation.ResponseBodyResultHandler - Using 'application/json;charset=UTF-8' given [application/json] and supported [application/json;charset=UTF-8, application/*+json;charset=UTF-8, application/x-jackson-smile;charset=UTF-8, application/*+x-jackson-smile;charset=UTF-8, application/xml, text/xml, text/event-stream]
12:03:16.636 [qtp827049459-2779] DEBUG org.springframework.web.reactive.result.method.annotation.ResponseBodyResultHandler - [7e6beeeb] 0..N [org.springframework.web.reactive.result.method.annotation.RequestMappingMessageConversionIntegrationTests$Person]
12:03:16.659 [qtp827049459-2779] DEBUG org.springframework.http.codec.json.Jackson2JsonDecoder - [7e6beeeb] Decoded [Person{name='Robert'}]
12:03:16.659 [qtp827049459-2779] DEBUG org.springframework.http.codec.json.Jackson2JsonDecoder - [7e6beeeb] Decoded [Person{name='Marie'}]
12:03:16.660 [qtp827049459-2779] DEBUG org.springframework.http.codec.json.Jackson2JsonEncoder - [7e6beeeb] Encoding [[Person{name='ROBERT'}, Person{name='MARIE'}]]
12:03:16.660 [qtp827049459-2779] DEBUG org.springframework.web.server.adapter.HttpWebHandlerAdapter - [7e6beeeb] Completed 200 OK
12:03:16.660 [Test worker] DEBUG org.springframework.web.client.RestTemplate - Response 200 OK
12:03:16.660 [Test worker] DEBUG org.springframework.web.client.RestTemplate - Reading to [java.util.List<org.springframework.web.reactive.result.method.annotation.RequestMappingMessageConversionIntegrationTests$Person>]
12:03:16.660 [Test worker] DEBUG org.springframework.http.server.reactive.bootstrap.JettyHttpServer - Stopping JettyHttpServer...
12:03:16.660 [Test worker] INFO  org.eclipse.jetty.server.handler.ContextHandler - Stopped o.e.j.s.ServletContextHandler@6871643{/,null,UNAVAILABLE}
12:03:16.661 [Test worker] INFO  org.eclipse.jetty.server.AbstractConnector - Stopped ServerConnector@47b37d2f{HTTP/1.1,[http/1.1]}{0.0.0.0:0}
12:03:16.662 [Test worker] DEBUG org.springframework.http.server.reactive.bootstrap.JettyHttpServer - Server stopped (0 millis).
12:03:16.739 [Test worker] DEBUG org.springframework.web.reactive.result.method.annotation.RequestMappingHandlerMapping - 37 mappings in 'requestMappingHandlerMapping'
12:03:16.781 [Test worker] DEBUG org.springframework.web.reactive.result.method.annotation.ControllerMethodResolver - ControllerAdvice beans: none
12:03:16.851 [Test worker] DEBUG org.springframework.web.server.adapter.HttpWebHandlerAdapter - enableLoggingRequestDetails='false': form data and headers will be masked to prevent unsafe logging of potentially sensitive data
12:03:16.851 [Test worker] WARN  org.eclipse.jetty.server.handler.ContextHandler - Empty contextPath
12:03:16.851 [Test worker] INFO  org.eclipse.jetty.server.handler.ContextHandler - Started o.e.j.s.ServletContextHandler@2e7f9360{/,null,AVAILABLE}
12:03:16.851 [Test worker] DEBUG org.springframework.http.server.reactive.bootstrap.JettyHttpServer - Starting JettyHttpServer...
12:03:16.851 [Test worker] INFO  org.eclipse.jetty.server.Server - jetty-9.4.12.RC2; built: 2018-08-14T14:46:56.477Z; git: 1f9703cf836af6c70ac0665fbc6790c0a8229a7a; jvm 1.8.0_101-b13
12:03:16.851 [Test worker] WARN  org.eclipse.jetty.server.Server - THIS IS NOT A STABLE RELEASE! DO NOT USE IN PRODUCTION!
12:03:16.851 [Test worker] WARN  org.eclipse.jetty.server.Server - Download a stable release from http://download.eclipse.org/jetty/
12:03:16.853 [Test worker] INFO  org.eclipse.jetty.server.AbstractConnector - Started ServerConnector@73fb076{HTTP/1.1,[http/1.1]}{0.0.0.0:52484}
12:03:16.853 [Test worker] INFO  org.eclipse.jetty.server.Server - Started @77250ms
12:03:16.853 [Test worker] DEBUG org.springframework.http.server.reactive.bootstrap.JettyHttpServer - Server started on port 52484(0 millis).
12:03:16.853 [Test worker] DEBUG org.springframework.web.client.RestTemplate - HTTP POST http://localhost:52484/person-create/observable
12:03:16.853 [Test worker] DEBUG org.springframework.web.client.RestTemplate - Accept=[application/json, application/x-jackson-smile, application/*+json]
12:03:16.853 [Test worker] DEBUG org.springframework.web.client.RestTemplate - Writing [org.springframework.web.reactive.result.method.annotation.RequestMappingMessageConversionIntegrationTests$People@5dff8038] as "application/xml"
12:03:17.181 [qtp711623787-2783] DEBUG org.springframework.web.server.adapter.HttpWebHandlerAdapter - [1578e2ae] HTTP POST "/person-create/observable"
12:03:17.182 [qtp711623787-2783] DEBUG org.springframework.web.reactive.result.method.annotation.RequestMappingHandlerMapping - [1578e2ae] Mapped to public rx.Observable<java.lang.Void> org.springframework.web.reactive.result.method.annotation.RequestMappingMessageConversionIntegrationTests$PersonCreateController.createWithObservable(rx.Observable<org.springframework.web.reactive.result.method.annotation.RequestMappingMessageConversionIntegrationTests$Person>)
12:03:17.182 [qtp711623787-2783] DEBUG org.springframework.web.reactive.result.method.annotation.RequestBodyArgumentResolver - [1578e2ae] Content-Type:application/xml
12:03:17.182 [qtp711623787-2783] DEBUG org.springframework.web.reactive.result.method.annotation.RequestBodyArgumentResolver - [1578e2ae] 0..N [org.springframework.web.reactive.result.method.annotation.RequestMappingMessageConversionIntegrationTests$Person]
12:03:17.291 [qtp711623787-2783] DEBUG org.springframework.http.codec.xml.Jaxb2XmlDecoder - [1578e2ae] Decoded [Person{name='Robert'}]
12:03:17.292 [qtp711623787-2783] DEBUG org.springframework.http.codec.xml.Jaxb2XmlDecoder - [1578e2ae] Decoded [Person{name='Marie'}]
12:03:17.292 [qtp711623787-2783] DEBUG org.springframework.web.server.adapter.HttpWebHandlerAdapter - [1578e2ae] Completed 200 OK
12:03:17.292 [Test worker] DEBUG org.springframework.web.client.RestTemplate - Response 200 OK
12:03:17.292 [Test worker] DEBUG org.springframework.http.server.reactive.bootstrap.JettyHttpServer - Stopping JettyHttpServer...
12:03:17.292 [Test worker] INFO  org.eclipse.jetty.server.handler.ContextHandler - Stopped o.e.j.s.ServletContextHandler@2e7f9360{/,null,UNAVAILABLE}
12:03:17.293 [Test worker] INFO  org.eclipse.jetty.server.AbstractConnector - Stopped ServerConnector@73fb076{HTTP/1.1,[http/1.1]}{0.0.0.0:0}
12:03:17.294 [Test worker] DEBUG org.springframework.http.server.reactive.bootstrap.JettyHttpServer - Server stopped (0 millis).
12:03:17.374 [Test worker] DEBUG org.springframework.web.reactive.result.method.annotation.RequestMappingHandlerMapping - 37 mappings in 'requestMappingHandlerMapping'
12:03:17.417 [Test worker] DEBUG org.springframework.web.reactive.result.method.annotation.ControllerMethodResolver - ControllerAdvice beans: none
12:03:17.486 [Test worker] DEBUG org.springframework.web.server.adapter.HttpWebHandlerAdapter - enableLoggingRequestDetails='false': form data and headers will be masked to prevent unsafe logging of potentially sensitive data
12:03:17.486 [Test worker] WARN  org.eclipse.jetty.server.handler.ContextHandler - Empty contextPath
12:03:17.486 [Test worker] INFO  org.eclipse.jetty.server.handler.ContextHandler - Started o.e.j.s.ServletContextHandler@242f089d{/,null,AVAILABLE}
12:03:17.486 [Test worker] DEBUG org.springframework.http.server.reactive.bootstrap.JettyHttpServer - Starting JettyHttpServer...
12:03:17.487 [Test worker] INFO  org.eclipse.jetty.server.Server - jetty-9.4.12.RC2; built: 2018-08-14T14:46:56.477Z; git: 1f9703cf836af6c70ac0665fbc6790c0a8229a7a; jvm 1.8.0_101-b13
12:03:17.487 [Test worker] WARN  org.eclipse.jetty.server.Server - THIS IS NOT A STABLE RELEASE! DO NOT USE IN PRODUCTION!
12:03:17.487 [Test worker] WARN  org.eclipse.jetty.server.Server - Download a stable release from http://download.eclipse.org/jetty/
12:03:17.495 [Test worker] INFO  org.eclipse.jetty.server.AbstractConnector - Started ServerConnector@43f91b9{HTTP/1.1,[http/1.1]}{0.0.0.0:52492}
12:03:17.495 [Test worker] INFO  org.eclipse.jetty.server.Server - Started @77892ms
12:03:17.495 [Test worker] DEBUG org.springframework.http.server.reactive.bootstrap.JettyHttpServer - Server started on port 52492(0 millis).
12:03:17.495 [Test worker] DEBUG org.springframework.web.client.RestTemplate - HTTP GET http://localhost:52492/person-response/publisher
12:03:17.495 [Test worker] DEBUG org.springframework.web.client.RestTemplate - Accept=[application/json, application/x-jackson-smile, application/*+json]
12:03:17.496 [qtp2145702467-2795] DEBUG org.springframework.web.server.adapter.HttpWebHandlerAdapter - [4e2811b5] HTTP GET "/person-response/publisher"
12:03:17.496 [qtp2145702467-2795] DEBUG org.springframework.web.reactive.result.method.annotation.RequestMappingHandlerMapping - [4e2811b5] Mapped to public org.reactivestreams.Publisher<org.springframework.web.reactive.result.method.annotation.RequestMappingMessageConversionIntegrationTests$Person> org.springframework.web.reactive.result.method.annotation.RequestMappingMessageConversionIntegrationTests$PersonResponseBodyController.getPublisher()
12:03:17.497 [qtp2145702467-2795] DEBUG org.springframework.web.reactive.result.method.annotation.ResponseBodyResultHandler - Using 'application/json;charset=UTF-8' given [application/json] and supported [application/json;charset=UTF-8, application/*+json;charset=UTF-8, application/x-jackson-smile;charset=UTF-8, application/*+x-jackson-smile;charset=UTF-8, application/xml, text/xml, text/event-stream]
12:03:17.497 [qtp2145702467-2795] DEBUG org.springframework.web.reactive.result.method.annotation.ResponseBodyResultHandler - [4e2811b5] 0..N [org.springframework.web.reactive.result.method.annotation.RequestMappingMessageConversionIntegrationTests$Person]
12:03:17.497 [qtp2145702467-2795] DEBUG org.springframework.http.codec.json.Jackson2JsonEncoder - [4e2811b5] Encoding [[Person{name='Robert'}, Person{name='Marie'}]]
12:03:17.497 [qtp2145702467-2795] DEBUG org.springframework.web.server.adapter.HttpWebHandlerAdapter - [4e2811b5] Completed 200 OK
12:03:17.497 [Test worker] DEBUG org.springframework.web.client.RestTemplate - Response 200 OK
12:03:17.497 [Test worker] DEBUG org.springframework.web.client.RestTemplate - Reading to [java.util.List<org.springframework.web.reactive.result.method.annotation.RequestMappingMessageConversionIntegrationTests$Person>]
12:03:17.497 [Test worker] DEBUG org.springframework.http.server.reactive.bootstrap.JettyHttpServer - Stopping JettyHttpServer...
12:03:17.497 [Test worker] INFO  org.eclipse.jetty.server.handler.ContextHandler - Stopped o.e.j.s.ServletContextHandler@242f089d{/,null,UNAVAILABLE}
12:03:17.498 [Test worker] INFO  org.eclipse.jetty.server.AbstractConnector - Stopped ServerConnector@43f91b9{HTTP/1.1,[http/1.1]}{0.0.0.0:0}
12:03:17.498 [Test worker] DEBUG org.springframework.http.server.reactive.bootstrap.JettyHttpServer - Server stopped (0 millis).
12:03:17.576 [Test worker] DEBUG org.springframework.web.reactive.result.method.annotation.RequestMappingHandlerMapping - 37 mappings in 'requestMappingHandlerMapping'
12:03:17.619 [Test worker] DEBUG org.springframework.web.reactive.result.method.annotation.ControllerMethodResolver - ControllerAdvice beans: none
12:03:17.687 [Test worker] DEBUG org.springframework.web.server.adapter.HttpWebHandlerAdapter - enableLoggingRequestDetails='false': form data and headers will be masked to prevent unsafe logging of potentially sensitive data
12:03:17.687 [Test worker] WARN  org.eclipse.jetty.server.handler.ContextHandler - Empty contextPath
12:03:17.687 [Test worker] INFO  org.eclipse.jetty.server.handler.ContextHandler - Started o.e.j.s.ServletContextHandler@47db6c91{/,null,AVAILABLE}
12:03:17.687 [Test worker] DEBUG org.springframework.http.server.reactive.bootstrap.JettyHttpServer - Starting JettyHttpServer...
12:03:17.687 [Test worker] INFO  org.eclipse.jetty.server.Server - jetty-9.4.12.RC2; built: 2018-08-14T14:46:56.477Z; git: 1f9703cf836af6c70ac0665fbc6790c0a8229a7a; jvm 1.8.0_101-b13
12:03:17.688 [Test worker] WARN  org.eclipse.jetty.server.Server - THIS IS NOT A STABLE RELEASE! DO NOT USE IN PRODUCTION!
12:03:17.688 [Test worker] WARN  org.eclipse.jetty.server.Server - Download a stable release from http://download.eclipse.org/jetty/
12:03:17.689 [Test worker] INFO  org.eclipse.jetty.server.AbstractConnector - Started ServerConnector@5d2d3575{HTTP/1.1,[http/1.1]}{0.0.0.0:52500}
12:03:17.689 [Test worker] INFO  org.eclipse.jetty.server.Server - Started @78086ms
12:03:17.689 [Test worker] DEBUG org.springframework.http.server.reactive.bootstrap.JettyHttpServer - Server started on port 52500(0 millis).
12:03:17.689 [Test worker] DEBUG org.springframework.web.client.RestTemplate - HTTP POST http://localhost:52500/person-create/publisher
12:03:17.689 [Test worker] DEBUG org.springframework.web.client.RestTemplate - Accept=[application/json, application/x-jackson-smile, application/*+json]
12:03:17.689 [Test worker] DEBUG org.springframework.web.client.RestTemplate - Writing [org.springframework.web.reactive.result.method.annotation.RequestMappingMessageConversionIntegrationTests$People@4e0d7d0] as "application/xml"
12:03:17.695 [qtp1304807731-2809] DEBUG org.springframework.web.server.adapter.HttpWebHandlerAdapter - [59432357] HTTP POST "/person-create/publisher"
12:03:17.696 [qtp1304807731-2809] DEBUG org.springframework.web.reactive.result.method.annotation.RequestMappingHandlerMapping - [59432357] Mapped to public org.reactivestreams.Publisher<java.lang.Void> org.springframework.web.reactive.result.method.annotation.RequestMappingMessageConversionIntegrationTests$PersonCreateController.createWithPublisher(org.reactivestreams.Publisher<org.springframework.web.reactive.result.method.annotation.RequestMappingMessageConversionIntegrationTests$Person>)
12:03:17.696 [qtp1304807731-2809] DEBUG org.springframework.web.reactive.result.method.annotation.RequestBodyArgumentResolver - [59432357] Content-Type:application/xml
12:03:17.696 [qtp1304807731-2809] DEBUG org.springframework.web.reactive.result.method.annotation.RequestBodyArgumentResolver - [59432357] 0..N [org.springframework.web.reactive.result.method.annotation.RequestMappingMessageConversionIntegrationTests$Person]
12:03:17.702 [qtp1304807731-2809] DEBUG org.springframework.http.codec.xml.Jaxb2XmlDecoder - [59432357] Decoded [Person{name='Robert'}]
12:03:17.702 [qtp1304807731-2809] DEBUG org.springframework.http.codec.xml.Jaxb2XmlDecoder - [59432357] Decoded [Person{name='Marie'}]
12:03:17.702 [qtp1304807731-2809] DEBUG org.springframework.web.server.adapter.HttpWebHandlerAdapter - [59432357] Completed 200 OK
12:03:17.710 [Test worker] DEBUG org.springframework.web.client.RestTemplate - Response 200 OK
12:03:17.710 [Test worker] DEBUG org.springframework.http.server.reactive.bootstrap.JettyHttpServer - Stopping JettyHttpServer...
12:03:17.710 [Test worker] INFO  org.eclipse.jetty.server.handler.ContextHandler - Stopped o.e.j.s.ServletContextHandler@47db6c91{/,null,UNAVAILABLE}
12:03:17.710 [Test worker] INFO  org.eclipse.jetty.server.AbstractConnector - Stopped ServerConnector@5d2d3575{HTTP/1.1,[http/1.1]}{0.0.0.0:0}
12:03:17.711 [Test worker] DEBUG org.springframework.http.server.reactive.bootstrap.JettyHttpServer - Server stopped (0 millis).
12:03:17.792 [Test worker] DEBUG org.springframework.web.reactive.result.method.annotation.RequestMappingHandlerMapping - 37 mappings in 'requestMappingHandlerMapping'
12:03:17.833 [Test worker] DEBUG org.springframework.web.reactive.result.method.annotation.ControllerMethodResolver - ControllerAdvice beans: none
12:03:17.904 [Test worker] DEBUG org.springframework.web.server.adapter.HttpWebHandlerAdapter - enableLoggingRequestDetails='false': form data and headers will be masked to prevent unsafe logging of potentially sensitive data
12:03:17.905 [Test worker] WARN  org.eclipse.jetty.server.handler.ContextHandler - Empty contextPath
12:03:17.905 [Test worker] INFO  org.eclipse.jetty.server.handler.ContextHandler - Started o.e.j.s.ServletContextHandler@4eceef49{/,null,AVAILABLE}
12:03:17.905 [Test worker] DEBUG org.springframework.http.server.reactive.bootstrap.JettyHttpServer - Starting JettyHttpServer...
12:03:17.905 [Test worker] INFO  org.eclipse.jetty.server.Server - jetty-9.4.12.RC2; built: 2018-08-14T14:46:56.477Z; git: 1f9703cf836af6c70ac0665fbc6790c0a8229a7a; jvm 1.8.0_101-b13
12:03:17.905 [Test worker] WARN  org.eclipse.jetty.server.Server - THIS IS NOT A STABLE RELEASE! DO NOT USE IN PRODUCTION!
12:03:17.905 [Test worker] WARN  org.eclipse.jetty.server.Server - Download a stable release from http://download.eclipse.org/jetty/
12:03:17.906 [Test worker] INFO  org.eclipse.jetty.server.AbstractConnector - Started ServerConnector@69f28483{HTTP/1.1,[http/1.1]}{0.0.0.0:52508}
12:03:17.907 [Test worker] INFO  org.eclipse.jetty.server.Server - Started @78304ms
12:03:17.907 [Test worker] DEBUG org.springframework.http.server.reactive.bootstrap.JettyHttpServer - Server started on port 52508(0 millis).
12:03:17.907 [Test worker] DEBUG org.springframework.web.client.RestTemplate - HTTP POST http://localhost:52508/person-transform/completable-future
12:03:17.907 [Test worker] DEBUG org.springframework.web.client.RestTemplate - Accept=[application/xml, text/xml, application/json, application/x-jackson-smile, application/*+xml, application/*+json]
12:03:17.907 [Test worker] DEBUG org.springframework.web.client.RestTemplate - Writing [Person{name='Robert'}] as "application/json"
12:03:17.909 [qtp195602805-2820] DEBUG org.springframework.web.server.adapter.HttpWebHandlerAdapter - [6a97ad93] HTTP POST "/person-transform/completable-future"
12:03:17.909 [qtp195602805-2820] DEBUG org.springframework.web.reactive.result.method.annotation.RequestMappingHandlerMapping - [6a97ad93] Mapped to public java.util.concurrent.CompletableFuture<org.springframework.web.reactive.result.method.annotation.RequestMappingMessageConversionIntegrationTests$Person> org.springframework.web.reactive.result.method.annotation.RequestMappingMessageConversionIntegrationTests$PersonTransformationController.transformCompletableFuture(java.util.concurrent.CompletableFuture<org.springframework.web.reactive.result.method.annotation.RequestMappingMessageConversionIntegrationTests$Person>)
12:03:17.909 [qtp195602805-2820] DEBUG org.springframework.web.reactive.result.method.annotation.RequestBodyArgumentResolver - [6a97ad93] Content-Type:application/json;charset=UTF-8
12:03:17.909 [qtp195602805-2820] DEBUG org.springframework.web.reactive.result.method.annotation.RequestBodyArgumentResolver - [6a97ad93] 0..1 [org.springframework.web.reactive.result.method.annotation.RequestMappingMessageConversionIntegrationTests$Person]
12:03:17.909 [qtp195602805-2820] DEBUG org.springframework.http.codec.json.Jackson2JsonDecoder - [6a97ad93] Decoded [Person{name='Robert'}]
12:03:17.910 [qtp195602805-2820] DEBUG org.springframework.web.reactive.result.method.annotation.ResponseBodyResultHandler - Using 'application/json;charset=UTF-8' given [application/json] and supported [application/json;charset=UTF-8, application/*+json;charset=UTF-8, application/x-jackson-smile;charset=UTF-8, application/*+x-jackson-smile;charset=UTF-8, application/xml, text/xml, text/event-stream]
12:03:17.910 [qtp195602805-2820] DEBUG org.springframework.web.reactive.result.method.annotation.ResponseBodyResultHandler - [6a97ad93] 0..1 [org.springframework.web.reactive.result.method.annotation.RequestMappingMessageConversionIntegrationTests$Person]
12:03:17.910 [qtp195602805-2820] DEBUG org.springframework.http.codec.json.Jackson2JsonEncoder - [6a97ad93] Encoding [Person{name='ROBERT'}]
12:03:17.910 [qtp195602805-2820] DEBUG org.springframework.web.server.adapter.HttpWebHandlerAdapter - [6a97ad93] Completed 200 OK
12:03:17.910 [Test worker] DEBUG org.springframework.web.client.RestTemplate - Response 200 OK
12:03:17.910 [Test worker] DEBUG org.springframework.web.client.RestTemplate - Reading to [org.springframework.web.reactive.result.method.annotation.RequestMappingMessageConversionIntegrationTests$Person]
12:03:17.910 [Test worker] DEBUG org.springframework.http.server.reactive.bootstrap.JettyHttpServer - Stopping JettyHttpServer...
12:03:17.910 [Test worker] INFO  org.eclipse.jetty.server.handler.ContextHandler - Stopped o.e.j.s.ServletContextHandler@4eceef49{/,null,UNAVAILABLE}
12:03:17.911 [Test worker] INFO  org.eclipse.jetty.server.AbstractConnector - Stopped ServerConnector@69f28483{HTTP/1.1,[http/1.1]}{0.0.0.0:0}
12:03:17.912 [Test worker] DEBUG org.springframework.http.server.reactive.bootstrap.JettyHttpServer - Server stopped (0 millis).
12:03:17.993 [Test worker] DEBUG org.springframework.web.reactive.result.method.annotation.RequestMappingHandlerMapping - 37 mappings in 'requestMappingHandlerMapping'
12:03:18.036 [Test worker] DEBUG org.springframework.web.reactive.result.method.annotation.ControllerMethodResolver - ControllerAdvice beans: none
12:03:18.109 [Test worker] DEBUG org.springframework.web.server.adapter.HttpWebHandlerAdapter - enableLoggingRequestDetails='false': form data and headers will be masked to prevent unsafe logging of potentially sensitive data
12:03:18.109 [Test worker] WARN  org.eclipse.jetty.server.handler.ContextHandler - Empty contextPath
12:03:18.109 [Test worker] INFO  org.eclipse.jetty.server.handler.ContextHandler - Started o.e.j.s.ServletContextHandler@6a4cc5c5{/,null,AVAILABLE}
12:03:18.109 [Test worker] DEBUG org.springframework.http.server.reactive.bootstrap.JettyHttpServer - Starting JettyHttpServer...
12:03:18.109 [Test worker] INFO  org.eclipse.jetty.server.Server - jetty-9.4.12.RC2; built: 2018-08-14T14:46:56.477Z; git: 1f9703cf836af6c70ac0665fbc6790c0a8229a7a; jvm 1.8.0_101-b13
12:03:18.109 [Test worker] WARN  org.eclipse.jetty.server.Server - THIS IS NOT A STABLE RELEASE! DO NOT USE IN PRODUCTION!
12:03:18.109 [Test worker] WARN  org.eclipse.jetty.server.Server - Download a stable release from http://download.eclipse.org/jetty/
12:03:18.110 [Test worker] INFO  org.eclipse.jetty.server.AbstractConnector - Started ServerConnector@73324f90{HTTP/1.1,[http/1.1]}{0.0.0.0:52516}
12:03:18.110 [Test worker] INFO  org.eclipse.jetty.server.Server - Started @78508ms
12:03:18.110 [Test worker] DEBUG org.springframework.http.server.reactive.bootstrap.JettyHttpServer - Server started on port 52516(0 millis).
12:03:18.110 [Test worker] DEBUG org.springframework.web.client.RestTemplate - HTTP POST http://localhost:52516/person-transform/single
12:03:18.111 [Test worker] DEBUG org.springframework.web.client.RestTemplate - Accept=[application/xml, text/xml, application/json, application/x-jackson-smile, application/*+xml, application/*+json]
12:03:18.111 [Test worker] DEBUG org.springframework.web.client.RestTemplate - Writing [Person{name='Robert'}] as "application/json"
12:03:18.112 [qtp1693969390-2828] DEBUG org.springframework.web.server.adapter.HttpWebHandlerAdapter - [1db9d37e] HTTP POST "/person-transform/single"
12:03:18.112 [qtp1693969390-2828] DEBUG org.springframework.web.reactive.result.method.annotation.RequestMappingHandlerMapping - [1db9d37e] Mapped to public rx.Single<org.springframework.web.reactive.result.method.annotation.RequestMappingMessageConversionIntegrationTests$Person> org.springframework.web.reactive.result.method.annotation.RequestMappingMessageConversionIntegrationTests$PersonTransformationController.transformSingle(rx.Single<org.springframework.web.reactive.result.method.annotation.RequestMappingMessageConversionIntegrationTests$Person>)
12:03:18.112 [qtp1693969390-2828] DEBUG org.springframework.web.reactive.result.method.annotation.RequestBodyArgumentResolver - [1db9d37e] Content-Type:application/json;charset=UTF-8
12:03:18.113 [qtp1693969390-2828] DEBUG org.springframework.web.reactive.result.method.annotation.RequestBodyArgumentResolver - [1db9d37e] 0..1 [org.springframework.web.reactive.result.method.annotation.RequestMappingMessageConversionIntegrationTests$Person]
12:03:18.116 [qtp1693969390-2828] DEBUG org.springframework.web.reactive.result.method.annotation.ResponseBodyResultHandler - Using 'application/json;charset=UTF-8' given [application/json] and supported [application/json;charset=UTF-8, application/*+json;charset=UTF-8, application/x-jackson-smile;charset=UTF-8, application/*+x-jackson-smile;charset=UTF-8, application/xml, text/xml, text/event-stream]
12:03:18.116 [qtp1693969390-2828] DEBUG org.springframework.web.reactive.result.method.annotation.ResponseBodyResultHandler - [1db9d37e] 0..1 [org.springframework.web.reactive.result.method.annotation.RequestMappingMessageConversionIntegrationTests$Person]
12:03:18.116 [qtp1693969390-2828] DEBUG org.springframework.http.codec.json.Jackson2JsonDecoder - [1db9d37e] Decoded [Person{name='Robert'}]
12:03:18.116 [qtp1693969390-2828] DEBUG org.springframework.http.codec.json.Jackson2JsonEncoder - [1db9d37e] Encoding [Person{name='ROBERT'}]
12:03:18.117 [qtp1693969390-2828] DEBUG org.springframework.web.server.adapter.HttpWebHandlerAdapter - [1db9d37e] Completed 200 OK
12:03:18.117 [Test worker] DEBUG org.springframework.web.client.RestTemplate - Response 200 OK
12:03:18.117 [Test worker] DEBUG org.springframework.web.client.RestTemplate - Reading to [org.springframework.web.reactive.result.method.annotation.RequestMappingMessageConversionIntegrationTests$Person]
12:03:18.117 [Test worker] DEBUG org.springframework.http.server.reactive.bootstrap.JettyHttpServer - Stopping JettyHttpServer...
12:03:18.117 [Test worker] INFO  org.eclipse.jetty.server.handler.ContextHandler - Stopped o.e.j.s.ServletContextHandler@6a4cc5c5{/,null,UNAVAILABLE}
12:03:18.118 [Test worker] INFO  org.eclipse.jetty.server.AbstractConnector - Stopped ServerConnector@73324f90{HTTP/1.1,[http/1.1]}{0.0.0.0:0}
12:03:18.118 [Test worker] DEBUG org.springframework.http.server.reactive.bootstrap.JettyHttpServer - Server stopped (0 millis).
12:03:18.200 [Test worker] DEBUG org.springframework.web.reactive.result.method.annotation.RequestMappingHandlerMapping - 37 mappings in 'requestMappingHandlerMapping'
12:03:18.245 [Test worker] DEBUG org.springframework.web.reactive.result.method.annotation.ControllerMethodResolver - ControllerAdvice beans: none
12:03:18.317 [Test worker] DEBUG org.springframework.web.server.adapter.HttpWebHandlerAdapter - enableLoggingRequestDetails='false': form data and headers will be masked to prevent unsafe logging of potentially sensitive data
12:03:18.317 [Test worker] WARN  org.eclipse.jetty.server.handler.ContextHandler - Empty contextPath
12:03:18.317 [Test worker] INFO  org.eclipse.jetty.server.handler.ContextHandler - Started o.e.j.s.ServletContextHandler@672b1a17{/,null,AVAILABLE}
12:03:18.317 [Test worker] DEBUG org.springframework.http.server.reactive.bootstrap.JettyHttpServer - Starting JettyHttpServer...
12:03:18.317 [Test worker] INFO  org.eclipse.jetty.server.Server - jetty-9.4.12.RC2; built: 2018-08-14T14:46:56.477Z; git: 1f9703cf836af6c70ac0665fbc6790c0a8229a7a; jvm 1.8.0_101-b13
12:03:18.317 [Test worker] WARN  org.eclipse.jetty.server.Server - THIS IS NOT A STABLE RELEASE! DO NOT USE IN PRODUCTION!
12:03:18.317 [Test worker] WARN  org.eclipse.jetty.server.Server - Download a stable release from http://download.eclipse.org/jetty/
12:03:18.319 [Test worker] INFO  org.eclipse.jetty.server.AbstractConnector - Started ServerConnector@2550a8d1{HTTP/1.1,[http/1.1]}{0.0.0.0:52525}
12:03:18.319 [Test worker] INFO  org.eclipse.jetty.server.Server - Started @78716ms
12:03:18.319 [Test worker] DEBUG org.springframework.http.server.reactive.bootstrap.JettyHttpServer - Server started on port 52525(0 millis).
12:03:18.319 [Test worker] DEBUG org.springframework.web.client.RestTemplate - HTTP GET http://localhost:52525/person-response/mono-response-entity-xml
12:03:18.319 [Test worker] DEBUG org.springframework.web.client.RestTemplate - Accept=[text/plain, application/json, application/x-jackson-smile, application/*+json, */*]
12:03:18.320 [qtp1484383520-2839] DEBUG org.springframework.web.server.adapter.HttpWebHandlerAdapter - [42365733] HTTP GET "/person-response/mono-response-entity-xml"
12:03:18.320 [qtp1484383520-2839] DEBUG org.springframework.web.reactive.result.method.annotation.RequestMappingHandlerMapping - [42365733] Mapped to public org.springframework.http.ResponseEntity<reactor.core.publisher.Mono<org.springframework.web.reactive.result.method.annotation.RequestMappingMessageConversionIntegrationTests$Person>> org.springframework.web.reactive.result.method.annotation.RequestMappingMessageConversionIntegrationTests$PersonResponseBodyController.getMonoResponseEntityXml()
12:03:18.320 [qtp1484383520-2839] DEBUG org.springframework.web.reactive.result.method.annotation.ResponseEntityResultHandler - [42365733] Found 'Content-Type:application/xml' in response
12:03:18.320 [qtp1484383520-2839] DEBUG org.springframework.web.reactive.result.method.annotation.ResponseEntityResultHandler - [42365733] 0..1 [org.springframework.web.reactive.result.method.annotation.RequestMappingMessageConversionIntegrationTests$Person]
12:03:18.320 [qtp1484383520-2839] DEBUG org.springframework.http.codec.xml.Jaxb2XmlEncoder - [42365733] Encoding [Person{name='Robert'}]
12:03:18.325 [qtp1484383520-2839] DEBUG org.springframework.web.server.adapter.HttpWebHandlerAdapter - [42365733] Completed 200 OK
12:03:18.325 [Test worker] DEBUG org.springframework.web.client.RestTemplate - Response 200 OK
12:03:18.325 [Test worker] DEBUG org.springframework.web.client.RestTemplate - Reading to [java.lang.String] as "application/xml"
12:03:18.325 [Test worker] DEBUG org.springframework.http.server.reactive.bootstrap.JettyHttpServer - Stopping JettyHttpServer...
12:03:18.325 [Test worker] INFO  org.eclipse.jetty.server.handler.ContextHandler - Stopped o.e.j.s.ServletContextHandler@672b1a17{/,null,UNAVAILABLE}
12:03:18.326 [Test worker] INFO  org.eclipse.jetty.server.AbstractConnector - Stopped ServerConnector@2550a8d1{HTTP/1.1,[http/1.1]}{0.0.0.0:0}
12:03:18.327 [Test worker] DEBUG org.springframework.http.server.reactive.bootstrap.JettyHttpServer - Server stopped (0 millis).
12:03:18.408 [Test worker] DEBUG org.springframework.web.reactive.result.method.annotation.RequestMappingHandlerMapping - 37 mappings in 'requestMappingHandlerMapping'
12:03:18.448 [Test worker] DEBUG org.springframework.web.reactive.result.method.annotation.ControllerMethodResolver - ControllerAdvice beans: none
12:03:18.520 [Test worker] DEBUG org.springframework.web.server.adapter.HttpWebHandlerAdapter - enableLoggingRequestDetails='false': form data and headers will be masked to prevent unsafe logging of potentially sensitive data
12:03:18.520 [Test worker] WARN  org.eclipse.jetty.server.handler.ContextHandler - Empty contextPath
12:03:18.520 [Test worker] INFO  org.eclipse.jetty.server.handler.ContextHandler - Started o.e.j.s.ServletContextHandler@1c88b5d5{/,null,AVAILABLE}
12:03:18.520 [Test worker] DEBUG org.springframework.http.server.reactive.bootstrap.JettyHttpServer - Starting JettyHttpServer...
12:03:18.520 [Test worker] INFO  org.eclipse.jetty.server.Server - jetty-9.4.12.RC2; built: 2018-08-14T14:46:56.477Z; git: 1f9703cf836af6c70ac0665fbc6790c0a8229a7a; jvm 1.8.0_101-b13
12:03:18.520 [Test worker] WARN  org.eclipse.jetty.server.Server - THIS IS NOT A STABLE RELEASE! DO NOT USE IN PRODUCTION!
12:03:18.520 [Test worker] WARN  org.eclipse.jetty.server.Server - Download a stable release from http://download.eclipse.org/jetty/
12:03:18.522 [Test worker] INFO  org.eclipse.jetty.server.AbstractConnector - Started ServerConnector@4d70272c{HTTP/1.1,[http/1.1]}{0.0.0.0:52534}
12:03:18.522 [Test worker] INFO  org.eclipse.jetty.server.Server - Started @78920ms
12:03:18.522 [Test worker] DEBUG org.springframework.http.server.reactive.bootstrap.JettyHttpServer - Server started on port 52534(0 millis).
12:03:18.522 [Test worker] DEBUG org.springframework.web.client.RestTemplate - HTTP POST http://localhost:52534/person-create/rxjava2-observable
12:03:18.522 [Test worker] DEBUG org.springframework.web.client.RestTemplate - Accept=[application/json, application/x-jackson-smile, application/*+json]
12:03:18.522 [Test worker] DEBUG org.springframework.web.client.RestTemplate - Writing [[Person{name='Robert'}, Person{name='Marie'}]] as "application/json"
12:03:18.523 [qtp1938771229-2849] DEBUG org.springframework.web.server.adapter.HttpWebHandlerAdapter - [5fcc4331] HTTP POST "/person-create/rxjava2-observable"
12:03:18.523 [qtp1938771229-2849] DEBUG org.springframework.web.reactive.result.method.annotation.RequestMappingHandlerMapping - [5fcc4331] Mapped to public io.reactivex.Completable org.springframework.web.reactive.result.method.annotation.RequestMappingMessageConversionIntegrationTests$PersonCreateController.createWithRxJava2Observable(io.reactivex.Observable<org.springframework.web.reactive.result.method.annotation.RequestMappingMessageConversionIntegrationTests$Person>)
12:03:18.523 [qtp1938771229-2849] DEBUG org.springframework.web.reactive.result.method.annotation.RequestBodyArgumentResolver - [5fcc4331] Content-Type:application/json;charset=UTF-8
12:03:18.524 [qtp1938771229-2849] DEBUG org.springframework.web.reactive.result.method.annotation.RequestBodyArgumentResolver - [5fcc4331] 0..N [org.springframework.web.reactive.result.method.annotation.RequestMappingMessageConversionIntegrationTests$Person]
12:03:18.526 [qtp1938771229-2849] DEBUG org.springframework.http.codec.json.Jackson2JsonDecoder - [5fcc4331] Decoded [Person{name='Robert'}]
12:03:18.526 [qtp1938771229-2849] DEBUG org.springframework.http.codec.json.Jackson2JsonDecoder - [5fcc4331] Decoded [Person{name='Marie'}]
12:03:18.526 [qtp1938771229-2849] DEBUG org.springframework.web.server.adapter.HttpWebHandlerAdapter - [5fcc4331] Completed 200 OK
12:03:18.526 [Test worker] DEBUG org.springframework.web.client.RestTemplate - Response 200 OK
12:03:18.527 [Test worker] DEBUG org.springframework.http.server.reactive.bootstrap.JettyHttpServer - Stopping JettyHttpServer...
12:03:18.527 [Test worker] INFO  org.eclipse.jetty.server.handler.ContextHandler - Stopped o.e.j.s.ServletContextHandler@1c88b5d5{/,null,UNAVAILABLE}
12:03:18.528 [Test worker] INFO  org.eclipse.jetty.server.AbstractConnector - Stopped ServerConnector@4d70272c{HTTP/1.1,[http/1.1]}{0.0.0.0:0}
12:03:18.528 [Test worker] DEBUG org.springframework.http.server.reactive.bootstrap.JettyHttpServer - Server stopped (0 millis).
12:03:18.605 [Test worker] DEBUG org.springframework.web.reactive.result.method.annotation.RequestMappingHandlerMapping - 37 mappings in 'requestMappingHandlerMapping'
12:03:18.646 [Test worker] DEBUG org.springframework.web.reactive.result.method.annotation.ControllerMethodResolver - ControllerAdvice beans: none
12:03:18.714 [Test worker] DEBUG org.springframework.web.server.adapter.HttpWebHandlerAdapter - enableLoggingRequestDetails='false': form data and headers will be masked to prevent unsafe logging of potentially sensitive data
12:03:18.714 [Test worker] WARN  org.eclipse.jetty.server.handler.ContextHandler - Empty contextPath
12:03:18.714 [Test worker] INFO  org.eclipse.jetty.server.handler.ContextHandler - Started o.e.j.s.ServletContextHandler@67df22e2{/,null,AVAILABLE}
12:03:18.714 [Test worker] DEBUG org.springframework.http.server.reactive.bootstrap.JettyHttpServer - Starting JettyHttpServer...
12:03:18.714 [Test worker] INFO  org.eclipse.jetty.server.Server - jetty-9.4.12.RC2; built: 2018-08-14T14:46:56.477Z; git: 1f9703cf836af6c70ac0665fbc6790c0a8229a7a; jvm 1.8.0_101-b13
12:03:18.714 [Test worker] WARN  org.eclipse.jetty.server.Server - THIS IS NOT A STABLE RELEASE! DO NOT USE IN PRODUCTION!
12:03:18.714 [Test worker] WARN  org.eclipse.jetty.server.Server - Download a stable release from http://download.eclipse.org/jetty/
12:03:18.716 [Test worker] INFO  org.eclipse.jetty.server.AbstractConnector - Started ServerConnector@68818df0{HTTP/1.1,[http/1.1]}{0.0.0.0:52542}
12:03:18.716 [Test worker] INFO  org.eclipse.jetty.server.Server - Started @79113ms
12:03:18.716 [Test worker] DEBUG org.springframework.http.server.reactive.bootstrap.JettyHttpServer - Server started on port 52542(0 millis).
12:03:18.716 [Test worker] DEBUG org.springframework.web.client.RestTemplate - HTTP GET http://localhost:52542/raw-response/flux
12:03:18.716 [Test worker] DEBUG org.springframework.web.client.RestTemplate - Accept=[text/plain, application/json, application/x-jackson-smile, application/*+json, */*]
12:03:18.717 [qtp1045329645-2859] DEBUG org.springframework.web.server.adapter.HttpWebHandlerAdapter - [e1a995c] HTTP GET "/raw-response/flux"
12:03:18.717 [qtp1045329645-2859] DEBUG org.springframework.web.reactive.result.method.annotation.RequestMappingHandlerMapping - [e1a995c] Mapped to public reactor.core.publisher.Flux<java.nio.ByteBuffer> org.springframework.web.reactive.result.method.annotation.RequestMappingMessageConversionIntegrationTests$RawResponseBodyController.getFlux()
12:03:18.718 [qtp1045329645-2859] DEBUG org.springframework.web.reactive.result.method.annotation.ResponseBodyResultHandler - Using 'text/plain' given [text/plain, application/json, application/x-jackson-smile, application/*+json, */*] and supported [*/*, application/json;charset=UTF-8, application/*+json;charset=UTF-8, application/x-jackson-smile;charset=UTF-8, application/*+x-jackson-smile;charset=UTF-8, text/event-stream]
12:03:18.718 [qtp1045329645-2859] DEBUG org.springframework.web.reactive.result.method.annotation.ResponseBodyResultHandler - [e1a995c] 0..N [java.nio.ByteBuffer]
12:03:18.718 [qtp1045329645-2859] DEBUG org.springframework.core.codec.ByteBufferEncoder - [e1a995c] Writing 6 bytes
12:03:18.718 [qtp1045329645-2859] DEBUG org.springframework.web.server.adapter.HttpWebHandlerAdapter - [e1a995c] Completed 200 OK
12:03:18.718 [Test worker] DEBUG org.springframework.web.client.RestTemplate - Response 200 OK
12:03:18.718 [Test worker] DEBUG org.springframework.web.client.RestTemplate - Reading to [java.lang.String] as "text/plain"
12:03:18.718 [Test worker] DEBUG org.springframework.http.server.reactive.bootstrap.JettyHttpServer - Stopping JettyHttpServer...
12:03:18.718 [Test worker] INFO  org.eclipse.jetty.server.handler.ContextHandler - Stopped o.e.j.s.ServletContextHandler@67df22e2{/,null,UNAVAILABLE}
12:03:18.719 [Test worker] INFO  org.eclipse.jetty.server.AbstractConnector - Stopped ServerConnector@68818df0{HTTP/1.1,[http/1.1]}{0.0.0.0:0}
12:03:18.720 [Test worker] DEBUG org.springframework.http.server.reactive.bootstrap.JettyHttpServer - Server stopped (0 millis).
12:03:18.798 [Test worker] DEBUG org.springframework.web.reactive.result.method.annotation.RequestMappingHandlerMapping - 37 mappings in 'requestMappingHandlerMapping'
12:03:18.838 [Test worker] DEBUG org.springframework.web.reactive.result.method.annotation.ControllerMethodResolver - ControllerAdvice beans: none
12:03:18.907 [Test worker] DEBUG org.springframework.web.server.adapter.HttpWebHandlerAdapter - enableLoggingRequestDetails='false': form data and headers will be masked to prevent unsafe logging of potentially sensitive data
12:03:18.907 [Test worker] WARN  org.eclipse.jetty.server.handler.ContextHandler - Empty contextPath
12:03:18.907 [Test worker] INFO  org.eclipse.jetty.server.handler.ContextHandler - Started o.e.j.s.ServletContextHandler@98ec01f{/,null,AVAILABLE}
12:03:18.907 [Test worker] DEBUG org.springframework.http.server.reactive.bootstrap.JettyHttpServer - Starting JettyHttpServer...
12:03:18.907 [Test worker] INFO  org.eclipse.jetty.server.Server - jetty-9.4.12.RC2; built: 2018-08-14T14:46:56.477Z; git: 1f9703cf836af6c70ac0665fbc6790c0a8229a7a; jvm 1.8.0_101-b13
12:03:18.907 [Test worker] WARN  org.eclipse.jetty.server.Server - THIS IS NOT A STABLE RELEASE! DO NOT USE IN PRODUCTION!
12:03:18.907 [Test worker] WARN  org.eclipse.jetty.server.Server - Download a stable release from http://download.eclipse.org/jetty/
12:03:18.908 [Test worker] INFO  org.eclipse.jetty.server.AbstractConnector - Started ServerConnector@9e751{HTTP/1.1,[http/1.1]}{0.0.0.0:52550}
12:03:18.908 [Test worker] INFO  org.eclipse.jetty.server.Server - Started @79306ms
12:03:18.908 [Test worker] DEBUG org.springframework.http.server.reactive.bootstrap.JettyHttpServer - Server started on port 52550(0 millis).
12:03:18.909 [Test worker] DEBUG org.springframework.web.client.RestTemplate - HTTP GET http://localhost:52550/raw-response/mono
12:03:18.909 [Test worker] DEBUG org.springframework.web.client.RestTemplate - Accept=[text/plain, application/json, application/x-jackson-smile, application/*+json, */*]
12:03:18.909 [qtp1548030105-2869] DEBUG org.springframework.web.server.adapter.HttpWebHandlerAdapter - [62862013] HTTP GET "/raw-response/mono"
12:03:18.910 [qtp1548030105-2869] DEBUG org.springframework.web.reactive.result.method.annotation.RequestMappingHandlerMapping - [62862013] Mapped to public reactor.core.publisher.Mono<java.nio.ByteBuffer> org.springframework.web.reactive.result.method.annotation.RequestMappingMessageConversionIntegrationTests$RawResponseBodyController.getMonoString()
12:03:18.910 [qtp1548030105-2869] DEBUG org.springframework.web.reactive.result.method.annotation.ResponseBodyResultHandler - Using 'text/plain' given [text/plain, application/json, application/x-jackson-smile, application/*+json, */*] and supported [*/*, application/json;charset=UTF-8, application/*+json;charset=UTF-8, application/x-jackson-smile;charset=UTF-8, application/*+x-jackson-smile;charset=UTF-8, text/event-stream]
12:03:18.910 [qtp1548030105-2869] DEBUG org.springframework.web.reactive.result.method.annotation.ResponseBodyResultHandler - [62862013] 0..1 [java.nio.ByteBuffer]
12:03:18.910 [qtp1548030105-2869] DEBUG org.springframework.core.codec.ByteBufferEncoder - [62862013] Writing 6 bytes
12:03:18.910 [Test worker] DEBUG org.springframework.web.client.RestTemplate - Response 200 OK
12:03:18.910 [qtp1548030105-2869] DEBUG org.springframework.web.server.adapter.HttpWebHandlerAdapter - [62862013] Completed 200 OK
12:03:18.910 [Test worker] DEBUG org.springframework.web.client.RestTemplate - Reading to [java.lang.String] as "text/plain"
12:03:18.910 [Test worker] DEBUG org.springframework.http.server.reactive.bootstrap.JettyHttpServer - Stopping JettyHttpServer...
12:03:18.910 [Test worker] INFO  org.eclipse.jetty.server.handler.ContextHandler - Stopped o.e.j.s.ServletContextHandler@98ec01f{/,null,UNAVAILABLE}
12:03:18.911 [Test worker] INFO  org.eclipse.jetty.server.AbstractConnector - Stopped ServerConnector@9e751{HTTP/1.1,[http/1.1]}{0.0.0.0:0}
12:03:18.911 [Test worker] DEBUG org.springframework.http.server.reactive.bootstrap.JettyHttpServer - Server stopped (0 millis).
12:03:18.995 [Test worker] DEBUG org.springframework.web.reactive.result.method.annotation.RequestMappingHandlerMapping - 37 mappings in 'requestMappingHandlerMapping'
12:03:19.038 [Test worker] DEBUG org.springframework.web.reactive.result.method.annotation.ControllerMethodResolver - ControllerAdvice beans: none
12:03:19.104 [Test worker] DEBUG org.springframework.web.server.adapter.HttpWebHandlerAdapter - enableLoggingRequestDetails='false': form data and headers will be masked to prevent unsafe logging of potentially sensitive data
12:03:19.104 [Test worker] WARN  org.eclipse.jetty.server.handler.ContextHandler - Empty contextPath
12:03:19.105 [Test worker] INFO  org.eclipse.jetty.server.handler.ContextHandler - Started o.e.j.s.ServletContextHandler@55b90dc{/,null,AVAILABLE}
12:03:19.105 [Test worker] DEBUG org.springframework.http.server.reactive.bootstrap.JettyHttpServer - Starting JettyHttpServer...
12:03:19.105 [Test worker] INFO  org.eclipse.jetty.server.Server - jetty-9.4.12.RC2; built: 2018-08-14T14:46:56.477Z; git: 1f9703cf836af6c70ac0665fbc6790c0a8229a7a; jvm 1.8.0_101-b13
12:03:19.105 [Test worker] WARN  org.eclipse.jetty.server.Server - THIS IS NOT A STABLE RELEASE! DO NOT USE IN PRODUCTION!
12:03:19.105 [Test worker] WARN  org.eclipse.jetty.server.Server - Download a stable release from http://download.eclipse.org/jetty/
12:03:19.106 [Test worker] INFO  org.eclipse.jetty.server.AbstractConnector - Started ServerConnector@2b2569be{HTTP/1.1,[http/1.1]}{0.0.0.0:52558}
12:03:19.106 [Test worker] INFO  org.eclipse.jetty.server.Server - Started @79504ms
12:03:19.106 [Test worker] DEBUG org.springframework.http.server.reactive.bootstrap.JettyHttpServer - Server started on port 52558(0 millis).
12:03:19.106 [Test worker] DEBUG org.springframework.web.client.RestTemplate - HTTP POST http://localhost:52558/person-transform/flowable
12:03:19.107 [Test worker] DEBUG org.springframework.web.client.RestTemplate - Accept=[application/json, application/x-jackson-smile, application/*+json]
12:03:19.107 [Test worker] DEBUG org.springframework.web.client.RestTemplate - Writing [[Person{name='Robert'}, Person{name='Marie'}]] as "application/json"
12:03:19.108 [qtp623272978-2879] DEBUG org.springframework.web.server.adapter.HttpWebHandlerAdapter - [3a478c1d] HTTP POST "/person-transform/flowable"
12:03:19.108 [qtp623272978-2879] DEBUG org.springframework.web.reactive.result.method.annotation.RequestMappingHandlerMapping - [3a478c1d] Mapped to public io.reactivex.Flowable<org.springframework.web.reactive.result.method.annotation.RequestMappingMessageConversionIntegrationTests$Person> org.springframework.web.reactive.result.method.annotation.RequestMappingMessageConversionIntegrationTests$PersonTransformationController.transformFlowable(io.reactivex.Flowable<org.springframework.web.reactive.result.method.annotation.RequestMappingMessageConversionIntegrationTests$Person>)
12:03:19.108 [qtp623272978-2879] DEBUG org.springframework.web.reactive.result.method.annotation.RequestBodyArgumentResolver - [3a478c1d] Content-Type:application/json;charset=UTF-8
12:03:19.109 [qtp623272978-2879] DEBUG org.springframework.web.reactive.result.method.annotation.RequestBodyArgumentResolver - [3a478c1d] 0..N [org.springframework.web.reactive.result.method.annotation.RequestMappingMessageConversionIntegrationTests$Person]
12:03:19.109 [qtp623272978-2879] DEBUG org.springframework.web.reactive.result.method.annotation.ResponseBodyResultHandler - Using 'application/json;charset=UTF-8' given [application/json] and supported [application/json;charset=UTF-8, application/*+json;charset=UTF-8, application/x-jackson-smile;charset=UTF-8, application/*+x-jackson-smile;charset=UTF-8, application/xml, text/xml, text/event-stream]
12:03:19.109 [qtp623272978-2879] DEBUG org.springframework.web.reactive.result.method.annotation.ResponseBodyResultHandler - [3a478c1d] 0..N [org.springframework.web.reactive.result.method.annotation.RequestMappingMessageConversionIntegrationTests$Person]
12:03:19.113 [qtp623272978-2879] DEBUG org.springframework.http.codec.json.Jackson2JsonDecoder - [3a478c1d] Decoded [Person{name='Robert'}]
12:03:19.113 [qtp623272978-2879] DEBUG org.springframework.http.codec.json.Jackson2JsonDecoder - [3a478c1d] Decoded [Person{name='Marie'}]
12:03:19.113 [qtp623272978-2879] DEBUG org.springframework.http.codec.json.Jackson2JsonEncoder - [3a478c1d] Encoding [[Person{name='ROBERT'}, Person{name='MARIE'}]]
12:03:19.113 [qtp623272978-2879] DEBUG org.springframework.web.server.adapter.HttpWebHandlerAdapter - [3a478c1d] Completed 200 OK
12:03:19.113 [Test worker] DEBUG org.springframework.web.client.RestTemplate - Response 200 OK
12:03:19.113 [Test worker] DEBUG org.springframework.web.client.RestTemplate - Reading to [java.util.List<org.springframework.web.reactive.result.method.annotation.RequestMappingMessageConversionIntegrationTests$Person>]
12:03:19.114 [Test worker] DEBUG org.springframework.http.server.reactive.bootstrap.JettyHttpServer - Stopping JettyHttpServer...
12:03:19.114 [Test worker] INFO  org.eclipse.jetty.server.handler.ContextHandler - Stopped o.e.j.s.ServletContextHandler@55b90dc{/,null,UNAVAILABLE}
12:03:19.115 [Test worker] INFO  org.eclipse.jetty.server.AbstractConnector - Stopped ServerConnector@2b2569be{HTTP/1.1,[http/1.1]}{0.0.0.0:0}
12:03:19.115 [Test worker] DEBUG org.springframework.http.server.reactive.bootstrap.JettyHttpServer - Server stopped (0 millis).
12:03:19.194 [Test worker] DEBUG org.springframework.web.reactive.result.method.annotation.RequestMappingHandlerMapping - 37 mappings in 'requestMappingHandlerMapping'
12:03:19.235 [Test worker] DEBUG org.springframework.web.reactive.result.method.annotation.ControllerMethodResolver - ControllerAdvice beans: none
12:03:19.304 [Test worker] DEBUG org.springframework.web.server.adapter.HttpWebHandlerAdapter - enableLoggingRequestDetails='false': form data and headers will be masked to prevent unsafe logging of potentially sensitive data
12:03:19.304 [Test worker] WARN  org.eclipse.jetty.server.handler.ContextHandler - Empty contextPath
12:03:19.304 [Test worker] INFO  org.eclipse.jetty.server.handler.ContextHandler - Started o.e.j.s.ServletContextHandler@44258969{/,null,AVAILABLE}
12:03:19.304 [Test worker] DEBUG org.springframework.http.server.reactive.bootstrap.JettyHttpServer - Starting JettyHttpServer...
12:03:19.304 [Test worker] INFO  org.eclipse.jetty.server.Server - jetty-9.4.12.RC2; built: 2018-08-14T14:46:56.477Z; git: 1f9703cf836af6c70ac0665fbc6790c0a8229a7a; jvm 1.8.0_101-b13
12:03:19.304 [Test worker] WARN  org.eclipse.jetty.server.Server - THIS IS NOT A STABLE RELEASE! DO NOT USE IN PRODUCTION!
12:03:19.304 [Test worker] WARN  org.eclipse.jetty.server.Server - Download a stable release from http://download.eclipse.org/jetty/
12:03:19.306 [Test worker] INFO  org.eclipse.jetty.server.AbstractConnector - Started ServerConnector@1fd9b706{HTTP/1.1,[http/1.1]}{0.0.0.0:52566}
12:03:19.306 [Test worker] INFO  org.eclipse.jetty.server.Server - Started @79704ms
12:03:19.306 [Test worker] DEBUG org.springframework.http.server.reactive.bootstrap.JettyHttpServer - Server started on port 52566(0 millis).
12:03:19.306 [Test worker] DEBUG org.springframework.web.client.RestTemplate - HTTP POST http://localhost:52566/person-create/flux
12:03:19.306 [Test worker] DEBUG org.springframework.web.client.RestTemplate - Accept=[application/json, application/x-jackson-smile, application/*+json]
12:03:19.306 [Test worker] DEBUG org.springframework.web.client.RestTemplate - Writing [[Person{name='Robert'}, Person{name='Marie'}]] as "application/json"
12:03:19.308 [qtp1329185135-2889] DEBUG org.springframework.web.server.adapter.HttpWebHandlerAdapter - [3208b425] HTTP POST "/person-create/flux"
12:03:19.308 [qtp1329185135-2889] DEBUG org.springframework.web.reactive.result.method.annotation.RequestMappingHandlerMapping - [3208b425] Mapped to public reactor.core.publisher.Mono<java.lang.Void> org.springframework.web.reactive.result.method.annotation.RequestMappingMessageConversionIntegrationTests$PersonCreateController.createWithFlux(reactor.core.publisher.Flux<org.springframework.web.reactive.result.method.annotation.RequestMappingMessageConversionIntegrationTests$Person>)
12:03:19.308 [qtp1329185135-2889] DEBUG org.springframework.web.reactive.result.method.annotation.RequestBodyArgumentResolver - [3208b425] Content-Type:application/json;charset=UTF-8
12:03:19.308 [qtp1329185135-2889] DEBUG org.springframework.web.reactive.result.method.annotation.RequestBodyArgumentResolver - [3208b425] 0..N [org.springframework.web.reactive.result.method.annotation.RequestMappingMessageConversionIntegrationTests$Person]
12:03:19.309 [qtp1329185135-2889] DEBUG org.springframework.http.codec.json.Jackson2JsonDecoder - [3208b425] Decoded [Person{name='Robert'}]
12:03:19.309 [qtp1329185135-2889] DEBUG org.springframework.http.codec.json.Jackson2JsonDecoder - [3208b425] Decoded [Person{name='Marie'}]
12:03:19.309 [qtp1329185135-2889] DEBUG org.springframework.web.server.adapter.HttpWebHandlerAdapter - [3208b425] Completed 200 OK
12:03:19.309 [Test worker] DEBUG org.springframework.web.client.RestTemplate - Response 200 OK
12:03:19.309 [Test worker] DEBUG org.springframework.http.server.reactive.bootstrap.JettyHttpServer - Stopping JettyHttpServer...
12:03:19.309 [Test worker] INFO  org.eclipse.jetty.server.handler.ContextHandler - Stopped o.e.j.s.ServletContextHandler@44258969{/,null,UNAVAILABLE}
12:03:19.311 [Test worker] INFO  org.eclipse.jetty.server.AbstractConnector - Stopped ServerConnector@1fd9b706{HTTP/1.1,[http/1.1]}{0.0.0.0:0}
12:03:19.311 [Test worker] DEBUG org.springframework.http.server.reactive.bootstrap.JettyHttpServer - Server stopped (0 millis).
12:03:19.392 [Test worker] DEBUG org.springframework.web.reactive.result.method.annotation.RequestMappingHandlerMapping - 37 mappings in 'requestMappingHandlerMapping'
12:03:19.433 [Test worker] DEBUG org.springframework.web.reactive.result.method.annotation.ControllerMethodResolver - ControllerAdvice beans: none
12:03:19.500 [Test worker] DEBUG org.springframework.web.server.adapter.HttpWebHandlerAdapter - enableLoggingRequestDetails='false': form data and headers will be masked to prevent unsafe logging of potentially sensitive data
12:03:19.500 [Test worker] WARN  org.eclipse.jetty.server.handler.ContextHandler - Empty contextPath
12:03:19.500 [Test worker] INFO  org.eclipse.jetty.server.handler.ContextHandler - Started o.e.j.s.ServletContextHandler@6ee4ae41{/,null,AVAILABLE}
12:03:19.500 [Test worker] DEBUG org.springframework.http.server.reactive.bootstrap.JettyHttpServer - Starting JettyHttpServer...
12:03:19.500 [Test worker] INFO  org.eclipse.jetty.server.Server - jetty-9.4.12.RC2; built: 2018-08-14T14:46:56.477Z; git: 1f9703cf836af6c70ac0665fbc6790c0a8229a7a; jvm 1.8.0_101-b13
12:03:19.500 [Test worker] WARN  org.eclipse.jetty.server.Server - THIS IS NOT A STABLE RELEASE! DO NOT USE IN PRODUCTION!
12:03:19.500 [Test worker] WARN  org.eclipse.jetty.server.Server - Download a stable release from http://download.eclipse.org/jetty/
12:03:19.501 [Test worker] INFO  org.eclipse.jetty.server.AbstractConnector - Started ServerConnector@6829d3e4{HTTP/1.1,[http/1.1]}{0.0.0.0:52574}
12:03:19.501 [Test worker] INFO  org.eclipse.jetty.server.Server - Started @79899ms
12:03:19.501 [Test worker] DEBUG org.springframework.http.server.reactive.bootstrap.JettyHttpServer - Server started on port 52574(0 millis).
12:03:19.502 [Test worker] DEBUG org.springframework.web.client.RestTemplate - HTTP POST http://localhost:52574/person-create/flowable
12:03:19.502 [Test worker] DEBUG org.springframework.web.client.RestTemplate - Accept=[application/json, application/x-jackson-smile, application/*+json]
12:03:19.502 [Test worker] DEBUG org.springframework.web.client.RestTemplate - Writing [org.springframework.web.reactive.result.method.annotation.RequestMappingMessageConversionIntegrationTests$People@b74f44f] as "application/xml"
12:03:19.508 [qtp1902401100-2894] DEBUG org.springframework.web.server.adapter.HttpWebHandlerAdapter - [3c92bc47] HTTP POST "/person-create/flowable"
12:03:19.508 [qtp1902401100-2894] DEBUG org.springframework.web.reactive.result.method.annotation.RequestMappingHandlerMapping - [3c92bc47] Mapped to public io.reactivex.Completable org.springframework.web.reactive.result.method.annotation.RequestMappingMessageConversionIntegrationTests$PersonCreateController.createWithFlowable(io.reactivex.Flowable<org.springframework.web.reactive.result.method.annotation.RequestMappingMessageConversionIntegrationTests$Person>)
12:03:19.508 [qtp1902401100-2894] DEBUG org.springframework.web.reactive.result.method.annotation.RequestBodyArgumentResolver - [3c92bc47] Content-Type:application/xml
12:03:19.508 [qtp1902401100-2894] DEBUG org.springframework.web.reactive.result.method.annotation.RequestBodyArgumentResolver - [3c92bc47] 0..N [org.springframework.web.reactive.result.method.annotation.RequestMappingMessageConversionIntegrationTests$Person]
12:03:19.513 [qtp1902401100-2894] DEBUG org.springframework.http.codec.xml.Jaxb2XmlDecoder - [3c92bc47] Decoded [Person{name='Robert'}]
12:03:19.513 [qtp1902401100-2894] DEBUG org.springframework.http.codec.xml.Jaxb2XmlDecoder - [3c92bc47] Decoded [Person{name='Marie'}]
12:03:19.514 [qtp1902401100-2894] DEBUG org.springframework.web.server.adapter.HttpWebHandlerAdapter - [3c92bc47] Completed 200 OK
12:03:19.514 [Test worker] DEBUG org.springframework.web.client.RestTemplate - Response 200 OK
12:03:19.514 [Test worker] DEBUG org.springframework.http.server.reactive.bootstrap.JettyHttpServer - Stopping JettyHttpServer...
12:03:19.514 [Test worker] INFO  org.eclipse.jetty.server.handler.ContextHandler - Stopped o.e.j.s.ServletContextHandler@6ee4ae41{/,null,UNAVAILABLE}
12:03:19.515 [Test worker] INFO  org.eclipse.jetty.server.AbstractConnector - Stopped ServerConnector@6829d3e4{HTTP/1.1,[http/1.1]}{0.0.0.0:0}
12:03:19.515 [Test worker] DEBUG org.springframework.http.server.reactive.bootstrap.JettyHttpServer - Server stopped (0 millis).
12:03:19.593 [Test worker] DEBUG org.springframework.web.reactive.result.method.annotation.RequestMappingHandlerMapping - 37 mappings in 'requestMappingHandlerMapping'
12:03:19.633 [Test worker] DEBUG org.springframework.web.reactive.result.method.annotation.ControllerMethodResolver - ControllerAdvice beans: none
12:03:19.701 [Test worker] DEBUG org.springframework.web.server.adapter.HttpWebHandlerAdapter - enableLoggingRequestDetails='false': form data and headers will be masked to prevent unsafe logging of potentially sensitive data
12:03:19.701 [Test worker] WARN  org.eclipse.jetty.server.handler.ContextHandler - Empty contextPath
12:03:19.701 [Test worker] INFO  org.eclipse.jetty.server.handler.ContextHandler - Started o.e.j.s.ServletContextHandler@223d0b1c{/,null,AVAILABLE}
12:03:19.701 [Test worker] DEBUG org.springframework.http.server.reactive.bootstrap.JettyHttpServer - Starting JettyHttpServer...
12:03:19.701 [Test worker] INFO  org.eclipse.jetty.server.Server - jetty-9.4.12.RC2; built: 2018-08-14T14:46:56.477Z; git: 1f9703cf836af6c70ac0665fbc6790c0a8229a7a; jvm 1.8.0_101-b13
12:03:19.701 [Test worker] WARN  org.eclipse.jetty.server.Server - THIS IS NOT A STABLE RELEASE! DO NOT USE IN PRODUCTION!
12:03:19.701 [Test worker] WARN  org.eclipse.jetty.server.Server - Download a stable release from http://download.eclipse.org/jetty/
12:03:19.703 [Test worker] INFO  org.eclipse.jetty.server.AbstractConnector - Started ServerConnector@2124b273{HTTP/1.1,[http/1.1]}{0.0.0.0:52582}
12:03:19.703 [Test worker] INFO  org.eclipse.jetty.server.Server - Started @80101ms
12:03:19.703 [Test worker] DEBUG org.springframework.http.server.reactive.bootstrap.JettyHttpServer - Server started on port 52582(0 millis).
12:03:19.703 [Test worker] DEBUG org.springframework.web.client.RestTemplate - HTTP GET http://localhost:52582/resource
12:03:19.713 [Test worker] DEBUG org.springframework.web.client.RestTemplate - Accept=[application/octet-stream, application/json, application/x-jackson-smile, application/*+json, */*]
12:03:19.719 [qtp1836515975-2910] DEBUG org.springframework.web.server.adapter.HttpWebHandlerAdapter - [2af2b028] HTTP GET "/resource"
12:03:19.719 [qtp1836515975-2910] DEBUG org.springframework.web.reactive.result.method.annotation.RequestMappingHandlerMapping - [2af2b028] Mapped to public org.springframework.core.io.Resource org.springframework.web.reactive.result.method.annotation.RequestMappingMessageConversionIntegrationTests$ResourceController.resource()
12:03:19.721 [qtp1836515975-2910] DEBUG org.springframework.web.reactive.result.method.annotation.ResponseBodyResultHandler - Using 'application/octet-stream' given [application/octet-stream, application/json, application/x-jackson-smile, application/*+json, */*] and supported [application/octet-stream, */*, application/json;charset=UTF-8, application/*+json;charset=UTF-8, application/x-jackson-smile;charset=UTF-8, application/*+x-jackson-smile;charset=UTF-8, text/event-stream]
12:03:19.721 [qtp1836515975-2910] DEBUG org.springframework.web.reactive.result.method.annotation.ResponseBodyResultHandler - [2af2b028] 0..1 [org.springframework.core.io.Resource]
12:03:19.721 [qtp1836515975-2910] DEBUG org.springframework.http.codec.ResourceHttpMessageWriter - [2af2b028] Resource associated with 'image/png'
12:03:19.722 [qtp1836515975-2910] DEBUG org.springframework.core.codec.ResourceEncoder - [2af2b028] Writing [class path resource [org/springframework/http/server/reactive/spring.png]]
12:03:19.723 [Test worker] DEBUG org.springframework.web.client.RestTemplate - Response 200 OK
12:03:19.723 [Test worker] DEBUG org.springframework.web.client.RestTemplate - Reading to [[B] as "image/png"
12:03:19.723 [Thread-9] DEBUG org.springframework.web.server.adapter.HttpWebHandlerAdapter - [2af2b028] Completed 200 OK
12:03:19.723 [Test worker] DEBUG org.springframework.http.server.reactive.bootstrap.JettyHttpServer - Stopping JettyHttpServer...
12:03:19.723 [Test worker] INFO  org.eclipse.jetty.server.handler.ContextHandler - Stopped o.e.j.s.ServletContextHandler@223d0b1c{/,null,UNAVAILABLE}
12:03:19.724 [Test worker] INFO  org.eclipse.jetty.server.AbstractConnector - Stopped ServerConnector@2124b273{HTTP/1.1,[http/1.1]}{0.0.0.0:0}
12:03:19.725 [Test worker] DEBUG org.springframework.http.server.reactive.bootstrap.JettyHttpServer - Server stopped (0 millis).
12:03:19.802 [Test worker] DEBUG org.springframework.web.reactive.result.method.annotation.RequestMappingHandlerMapping - 37 mappings in 'requestMappingHandlerMapping'
12:03:19.844 [Test worker] DEBUG org.springframework.web.reactive.result.method.annotation.ControllerMethodResolver - ControllerAdvice beans: none
12:03:19.911 [Test worker] DEBUG org.springframework.web.server.adapter.HttpWebHandlerAdapter - enableLoggingRequestDetails='false': form data and headers will be masked to prevent unsafe logging of potentially sensitive data
12:03:19.911 [Test worker] WARN  org.eclipse.jetty.server.handler.ContextHandler - Empty contextPath
12:03:19.911 [Test worker] INFO  org.eclipse.jetty.server.handler.ContextHandler - Started o.e.j.s.ServletContextHandler@28eb046{/,null,AVAILABLE}
12:03:19.911 [Test worker] DEBUG org.springframework.http.server.reactive.bootstrap.JettyHttpServer - Starting JettyHttpServer...
12:03:19.911 [Test worker] INFO  org.eclipse.jetty.server.Server - jetty-9.4.12.RC2; built: 2018-08-14T14:46:56.477Z; git: 1f9703cf836af6c70ac0665fbc6790c0a8229a7a; jvm 1.8.0_101-b13
12:03:19.911 [Test worker] WARN  org.eclipse.jetty.server.Server - THIS IS NOT A STABLE RELEASE! DO NOT USE IN PRODUCTION!
12:03:19.911 [Test worker] WARN  org.eclipse.jetty.server.Server - Download a stable release from http://download.eclipse.org/jetty/
12:03:19.913 [Test worker] INFO  org.eclipse.jetty.server.AbstractConnector - Started ServerConnector@3cdf8de8{HTTP/1.1,[http/1.1]}{0.0.0.0:52590}
12:03:19.913 [Test worker] INFO  org.eclipse.jetty.server.Server - Started @80310ms
12:03:19.913 [Test worker] DEBUG org.springframework.http.server.reactive.bootstrap.JettyHttpServer - Server started on port 52590(0 millis).
12:03:19.913 [Test worker] DEBUG org.springframework.web.client.RestTemplate - HTTP POST http://localhost:52590/person-create/flux
12:03:19.913 [Test worker] DEBUG org.springframework.web.client.RestTemplate - Accept=[application/json, application/x-jackson-smile, application/*+json]
12:03:19.913 [Test worker] DEBUG org.springframework.web.client.RestTemplate - Writing [org.springframework.web.reactive.result.method.annotation.RequestMappingMessageConversionIntegrationTests$People@3116ffc2] as "application/xml"
12:03:19.919 [qtp508961376-2919] DEBUG org.springframework.web.server.adapter.HttpWebHandlerAdapter - [1eab3706] HTTP POST "/person-create/flux"
12:03:19.919 [qtp508961376-2919] DEBUG org.springframework.web.reactive.result.method.annotation.RequestMappingHandlerMapping - [1eab3706] Mapped to public reactor.core.publisher.Mono<java.lang.Void> org.springframework.web.reactive.result.method.annotation.RequestMappingMessageConversionIntegrationTests$PersonCreateController.createWithFlux(reactor.core.publisher.Flux<org.springframework.web.reactive.result.method.annotation.RequestMappingMessageConversionIntegrationTests$Person>)
12:03:19.919 [qtp508961376-2919] DEBUG org.springframework.web.reactive.result.method.annotation.RequestBodyArgumentResolver - [1eab3706] Content-Type:application/xml
12:03:19.919 [qtp508961376-2919] DEBUG org.springframework.web.reactive.result.method.annotation.RequestBodyArgumentResolver - [1eab3706] 0..N [org.springframework.web.reactive.result.method.annotation.RequestMappingMessageConversionIntegrationTests$Person]
12:03:19.924 [qtp508961376-2919] DEBUG org.springframework.http.codec.xml.Jaxb2XmlDecoder - [1eab3706] Decoded [Person{name='Robert'}]
12:03:19.924 [qtp508961376-2919] DEBUG org.springframework.http.codec.xml.Jaxb2XmlDecoder - [1eab3706] Decoded [Person{name='Marie'}]
12:03:19.924 [qtp508961376-2919] DEBUG org.springframework.web.server.adapter.HttpWebHandlerAdapter - [1eab3706] Completed 200 OK
12:03:19.924 [Test worker] DEBUG org.springframework.web.client.RestTemplate - Response 200 OK
12:03:19.924 [Test worker] DEBUG org.springframework.http.server.reactive.bootstrap.JettyHttpServer - Stopping JettyHttpServer...
12:03:19.925 [Test worker] INFO  org.eclipse.jetty.server.handler.ContextHandler - Stopped o.e.j.s.ServletContextHandler@28eb046{/,null,UNAVAILABLE}
12:03:19.926 [Test worker] INFO  org.eclipse.jetty.server.AbstractConnector - Stopped ServerConnector@3cdf8de8{HTTP/1.1,[http/1.1]}{0.0.0.0:0}
12:03:19.926 [Test worker] DEBUG org.springframework.http.server.reactive.bootstrap.JettyHttpServer - Server stopped (0 millis).
12:03:20.005 [Test worker] DEBUG org.springframework.web.reactive.result.method.annotation.RequestMappingHandlerMapping - 37 mappings in 'requestMappingHandlerMapping'
12:03:20.047 [Test worker] DEBUG org.springframework.web.reactive.result.method.annotation.ControllerMethodResolver - ControllerAdvice beans: none
12:03:20.116 [Test worker] DEBUG org.springframework.web.server.adapter.HttpWebHandlerAdapter - enableLoggingRequestDetails='false': form data and headers will be masked to prevent unsafe logging of potentially sensitive data
12:03:20.117 [Test worker] WARN  org.eclipse.jetty.server.handler.ContextHandler - Empty contextPath
12:03:20.117 [Test worker] INFO  org.eclipse.jetty.server.handler.ContextHandler - Started o.e.j.s.ServletContextHandler@391c5842{/,null,AVAILABLE}
12:03:20.117 [Test worker] DEBUG org.springframework.http.server.reactive.bootstrap.JettyHttpServer - Starting JettyHttpServer...
12:03:20.117 [Test worker] INFO  org.eclipse.jetty.server.Server - jetty-9.4.12.RC2; built: 2018-08-14T14:46:56.477Z; git: 1f9703cf836af6c70ac0665fbc6790c0a8229a7a; jvm 1.8.0_101-b13
12:03:20.117 [Test worker] WARN  org.eclipse.jetty.server.Server - THIS IS NOT A STABLE RELEASE! DO NOT USE IN PRODUCTION!
12:03:20.117 [Test worker] WARN  org.eclipse.jetty.server.Server - Download a stable release from http://download.eclipse.org/jetty/
12:03:20.118 [Test worker] INFO  org.eclipse.jetty.server.AbstractConnector - Started ServerConnector@73e455c6{HTTP/1.1,[http/1.1]}{0.0.0.0:52598}
12:03:20.118 [Test worker] INFO  org.eclipse.jetty.server.Server - Started @80516ms
12:03:20.118 [Test worker] DEBUG org.springframework.http.server.reactive.bootstrap.JettyHttpServer - Server started on port 52598(0 millis).
12:03:20.118 [Test worker] DEBUG org.springframework.web.client.RestTemplate - HTTP GET http://localhost:52598/person-response/mono-response-entity
12:03:20.119 [Test worker] DEBUG org.springframework.web.client.RestTemplate - Accept=[application/xml, text/xml, application/json, application/x-jackson-smile, application/*+xml, application/*+json]
12:03:20.121 [qtp1473635444-2929] DEBUG org.springframework.web.server.adapter.HttpWebHandlerAdapter - [324327ed] HTTP GET "/person-response/mono-response-entity"
12:03:20.121 [qtp1473635444-2929] DEBUG org.springframework.web.reactive.result.method.annotation.RequestMappingHandlerMapping - [324327ed] Mapped to public org.springframework.http.ResponseEntity<reactor.core.publisher.Mono<org.springframework.web.reactive.result.method.annotation.RequestMappingMessageConversionIntegrationTests$Person>> org.springframework.web.reactive.result.method.annotation.RequestMappingMessageConversionIntegrationTests$PersonResponseBodyController.getMonoResponseEntity()
12:03:20.121 [qtp1473635444-2929] DEBUG org.springframework.web.reactive.result.method.annotation.ResponseEntityResultHandler - Using 'application/json;charset=UTF-8' given [application/json] and supported [application/json;charset=UTF-8, application/*+json;charset=UTF-8, application/x-jackson-smile;charset=UTF-8, application/*+x-jackson-smile;charset=UTF-8, application/xml, text/xml, text/event-stream]
12:03:20.121 [qtp1473635444-2929] DEBUG org.springframework.web.reactive.result.method.annotation.ResponseEntityResultHandler - [324327ed] 0..1 [org.springframework.web.reactive.result.method.annotation.RequestMappingMessageConversionIntegrationTests$Person]
12:03:20.121 [qtp1473635444-2929] DEBUG org.springframework.http.codec.json.Jackson2JsonEncoder - [324327ed] Encoding [Person{name='Robert'}]
12:03:20.122 [Test worker] DEBUG org.springframework.web.client.RestTemplate - Response 200 OK
12:03:20.122 [Test worker] DEBUG org.springframework.web.client.RestTemplate - Reading to [org.springframework.web.reactive.result.method.annotation.RequestMappingMessageConversionIntegrationTests$Person]
12:03:20.122 [qtp1473635444-2929] DEBUG org.springframework.web.server.adapter.HttpWebHandlerAdapter - [324327ed] Completed 200 OK
12:03:20.122 [Test worker] DEBUG org.springframework.http.server.reactive.bootstrap.JettyHttpServer - Stopping JettyHttpServer...
12:03:20.122 [Test worker] INFO  org.eclipse.jetty.server.handler.ContextHandler - Stopped o.e.j.s.ServletContextHandler@391c5842{/,null,UNAVAILABLE}
12:03:20.123 [Test worker] INFO  org.eclipse.jetty.server.AbstractConnector - Stopped ServerConnector@73e455c6{HTTP/1.1,[http/1.1]}{0.0.0.0:0}
12:03:20.123 [Test worker] DEBUG org.springframework.http.server.reactive.bootstrap.JettyHttpServer - Server stopped (0 millis).
12:03:20.201 [Test worker] DEBUG org.springframework.web.reactive.result.method.annotation.RequestMappingHandlerMapping - 37 mappings in 'requestMappingHandlerMapping'
12:03:20.242 [Test worker] DEBUG org.springframework.web.reactive.result.method.annotation.ControllerMethodResolver - ControllerAdvice beans: none
12:03:20.310 [Test worker] DEBUG org.springframework.web.server.adapter.HttpWebHandlerAdapter - enableLoggingRequestDetails='false': form data and headers will be masked to prevent unsafe logging of potentially sensitive data
12:03:20.310 [Test worker] WARN  org.eclipse.jetty.server.handler.ContextHandler - Empty contextPath
12:03:20.310 [Test worker] INFO  org.eclipse.jetty.server.handler.ContextHandler - Started o.e.j.s.ServletContextHandler@5fa36c39{/,null,AVAILABLE}
12:03:20.310 [Test worker] DEBUG org.springframework.http.server.reactive.bootstrap.JettyHttpServer - Starting JettyHttpServer...
12:03:20.310 [Test worker] INFO  org.eclipse.jetty.server.Server - jetty-9.4.12.RC2; built: 2018-08-14T14:46:56.477Z; git: 1f9703cf836af6c70ac0665fbc6790c0a8229a7a; jvm 1.8.0_101-b13
12:03:20.310 [Test worker] WARN  org.eclipse.jetty.server.Server - THIS IS NOT A STABLE RELEASE! DO NOT USE IN PRODUCTION!
12:03:20.310 [Test worker] WARN  org.eclipse.jetty.server.Server - Download a stable release from http://download.eclipse.org/jetty/
12:03:20.312 [Test worker] INFO  org.eclipse.jetty.server.AbstractConnector - Started ServerConnector@6024dc2a{HTTP/1.1,[http/1.1]}{0.0.0.0:52606}
12:03:20.312 [Test worker] INFO  org.eclipse.jetty.server.Server - Started @80709ms
12:03:20.312 [Test worker] DEBUG org.springframework.http.server.reactive.bootstrap.JettyHttpServer - Server started on port 52606(0 millis).
12:03:20.312 [Test worker] DEBUG org.springframework.web.client.RestTemplate - HTTP GET http://localhost:52606/raw-response/rxjava2-observable
12:03:20.312 [Test worker] DEBUG org.springframework.web.client.RestTemplate - Accept=[text/plain, application/json, application/x-jackson-smile, application/*+json, */*]
12:03:20.318 [qtp1504290426-2933] DEBUG org.springframework.web.server.adapter.HttpWebHandlerAdapter - [3186368b] HTTP GET "/raw-response/rxjava2-observable"
12:03:20.318 [qtp1504290426-2933] DEBUG org.springframework.web.reactive.result.method.annotation.RequestMappingHandlerMapping - [3186368b] Mapped to public io.reactivex.Observable<java.nio.ByteBuffer> org.springframework.web.reactive.result.method.annotation.RequestMappingMessageConversionIntegrationTests$RawResponseBodyController.getRxJava2Observable()
12:03:20.318 [qtp1504290426-2933] DEBUG org.springframework.web.reactive.result.method.annotation.ResponseBodyResultHandler - Using 'text/plain' given [text/plain, application/json, application/x-jackson-smile, application/*+json, */*] and supported [*/*, application/json;charset=UTF-8, application/*+json;charset=UTF-8, application/x-jackson-smile;charset=UTF-8, application/*+x-jackson-smile;charset=UTF-8, text/event-stream]
12:03:20.318 [qtp1504290426-2933] DEBUG org.springframework.web.reactive.result.method.annotation.ResponseBodyResultHandler - [3186368b] 0..N [java.nio.ByteBuffer]
12:03:20.319 [qtp1504290426-2933] DEBUG org.springframework.core.codec.ByteBufferEncoder - [3186368b] Writing 6 bytes
12:03:20.320 [qtp1504290426-2933] DEBUG org.springframework.web.server.adapter.HttpWebHandlerAdapter - [3186368b] Completed 200 OK
12:03:20.320 [Test worker] DEBUG org.springframework.web.client.RestTemplate - Response 200 OK
12:03:20.320 [Test worker] DEBUG org.springframework.web.client.RestTemplate - Reading to [java.lang.String] as "text/plain"
12:03:20.320 [Test worker] DEBUG org.springframework.http.server.reactive.bootstrap.JettyHttpServer - Stopping JettyHttpServer...
12:03:20.320 [Test worker] INFO  org.eclipse.jetty.server.handler.ContextHandler - Stopped o.e.j.s.ServletContextHandler@5fa36c39{/,null,UNAVAILABLE}
12:03:20.321 [Test worker] INFO  org.eclipse.jetty.server.AbstractConnector - Stopped ServerConnector@6024dc2a{HTTP/1.1,[http/1.1]}{0.0.0.0:0}
12:03:20.321 [Test worker] DEBUG org.springframework.http.server.reactive.bootstrap.JettyHttpServer - Server stopped (0 millis).
12:03:20.399 [Test worker] DEBUG org.springframework.web.reactive.result.method.annotation.RequestMappingHandlerMapping - 37 mappings in 'requestMappingHandlerMapping'
12:03:20.441 [Test worker] DEBUG org.springframework.web.reactive.result.method.annotation.ControllerMethodResolver - ControllerAdvice beans: none
12:03:20.512 [Test worker] DEBUG org.springframework.web.server.adapter.HttpWebHandlerAdapter - enableLoggingRequestDetails='false': form data and headers will be masked to prevent unsafe logging of potentially sensitive data
12:03:20.513 [Test worker] WARN  org.eclipse.jetty.server.handler.ContextHandler - Empty contextPath
12:03:20.513 [Test worker] INFO  org.eclipse.jetty.server.handler.ContextHandler - Started o.e.j.s.ServletContextHandler@54864c29{/,null,AVAILABLE}
12:03:20.513 [Test worker] DEBUG org.springframework.http.server.reactive.bootstrap.JettyHttpServer - Starting JettyHttpServer...
12:03:20.513 [Test worker] INFO  org.eclipse.jetty.server.Server - jetty-9.4.12.RC2; built: 2018-08-14T14:46:56.477Z; git: 1f9703cf836af6c70ac0665fbc6790c0a8229a7a; jvm 1.8.0_101-b13
12:03:20.513 [Test worker] WARN  org.eclipse.jetty.server.Server - THIS IS NOT A STABLE RELEASE! DO NOT USE IN PRODUCTION!
12:03:20.513 [Test worker] WARN  org.eclipse.jetty.server.Server - Download a stable release from http://download.eclipse.org/jetty/
12:03:20.514 [Test worker] INFO  org.eclipse.jetty.server.AbstractConnector - Started ServerConnector@36d8622f{HTTP/1.1,[http/1.1]}{0.0.0.0:52614}
12:03:20.514 [Test worker] INFO  org.eclipse.jetty.server.Server - Started @80912ms
12:03:20.514 [Test worker] DEBUG org.springframework.http.server.reactive.bootstrap.JettyHttpServer - Server started on port 52614(0 millis).
12:03:20.514 [Test worker] DEBUG org.springframework.web.client.RestTemplate - HTTP POST http://localhost:52614/person-create/single
12:03:20.515 [Test worker] DEBUG org.springframework.web.client.RestTemplate - Accept=[application/json, application/x-jackson-smile, application/*+json]
12:03:20.515 [Test worker] DEBUG org.springframework.web.client.RestTemplate - Writing [Person{name='Robert'}] as "application/json"
12:03:20.516 [qtp563018114-2944] DEBUG org.springframework.web.server.adapter.HttpWebHandlerAdapter - [105931bb] HTTP POST "/person-create/single"
12:03:20.516 [qtp563018114-2944] DEBUG org.springframework.web.reactive.result.method.annotation.RequestMappingHandlerMapping - [105931bb] Mapped to public rx.Completable org.springframework.web.reactive.result.method.annotation.RequestMappingMessageConversionIntegrationTests$PersonCreateController.createWithSingle(rx.Single<org.springframework.web.reactive.result.method.annotation.RequestMappingMessageConversionIntegrationTests$Person>)
12:03:20.516 [qtp563018114-2944] DEBUG org.springframework.web.reactive.result.method.annotation.RequestBodyArgumentResolver - [105931bb] Content-Type:application/json;charset=UTF-8
12:03:20.517 [qtp563018114-2944] DEBUG org.springframework.web.reactive.result.method.annotation.RequestBodyArgumentResolver - [105931bb] 0..1 [org.springframework.web.reactive.result.method.annotation.RequestMappingMessageConversionIntegrationTests$Person]
12:03:20.519 [qtp563018114-2944] DEBUG org.springframework.http.codec.json.Jackson2JsonDecoder - [105931bb] Decoded [Person{name='Robert'}]
12:03:20.519 [qtp563018114-2944] DEBUG org.springframework.web.server.adapter.HttpWebHandlerAdapter - [105931bb] Completed 200 OK
12:03:20.520 [Test worker] DEBUG org.springframework.web.client.RestTemplate - Response 200 OK
12:03:20.520 [Test worker] DEBUG org.springframework.http.server.reactive.bootstrap.JettyHttpServer - Stopping JettyHttpServer...
12:03:20.520 [Test worker] INFO  org.eclipse.jetty.server.handler.ContextHandler - Stopped o.e.j.s.ServletContextHandler@54864c29{/,null,UNAVAILABLE}
12:03:20.521 [Test worker] INFO  org.eclipse.jetty.server.AbstractConnector - Stopped ServerConnector@36d8622f{HTTP/1.1,[http/1.1]}{0.0.0.0:0}
12:03:20.521 [Test worker] DEBUG org.springframework.http.server.reactive.bootstrap.JettyHttpServer - Server stopped (0 millis).
12:03:20.599 [Test worker] DEBUG org.springframework.web.reactive.result.method.annotation.RequestMappingHandlerMapping - 37 mappings in 'requestMappingHandlerMapping'
12:03:20.639 [Test worker] DEBUG org.springframework.web.reactive.result.method.annotation.ControllerMethodResolver - ControllerAdvice beans: none
12:03:20.705 [Test worker] DEBUG org.springframework.web.server.adapter.HttpWebHandlerAdapter - enableLoggingRequestDetails='false': form data and headers will be masked to prevent unsafe logging of potentially sensitive data
12:03:20.705 [Test worker] WARN  org.eclipse.jetty.server.handler.ContextHandler - Empty contextPath
12:03:20.705 [Test worker] INFO  org.eclipse.jetty.server.handler.ContextHandler - Started o.e.j.s.ServletContextHandler@6a1dfffe{/,null,AVAILABLE}
12:03:20.705 [Test worker] DEBUG org.springframework.http.server.reactive.bootstrap.JettyHttpServer - Starting JettyHttpServer...
12:03:20.705 [Test worker] INFO  org.eclipse.jetty.server.Server - jetty-9.4.12.RC2; built: 2018-08-14T14:46:56.477Z; git: 1f9703cf836af6c70ac0665fbc6790c0a8229a7a; jvm 1.8.0_101-b13
12:03:20.705 [Test worker] WARN  org.eclipse.jetty.server.Server - THIS IS NOT A STABLE RELEASE! DO NOT USE IN PRODUCTION!
12:03:20.705 [Test worker] WARN  org.eclipse.jetty.server.Server - Download a stable release from http://download.eclipse.org/jetty/
12:03:20.707 [Test worker] INFO  org.eclipse.jetty.server.AbstractConnector - Started ServerConnector@5722cbef{HTTP/1.1,[http/1.1]}{0.0.0.0:52622}
12:03:20.707 [Test worker] INFO  org.eclipse.jetty.server.Server - Started @81105ms
12:03:20.707 [Test worker] DEBUG org.springframework.http.server.reactive.bootstrap.JettyHttpServer - Server started on port 52622(0 millis).
12:03:20.707 [Test worker] DEBUG org.springframework.web.client.RestTemplate - HTTP GET http://localhost:52622/raw-response/observable
12:03:20.707 [Test worker] DEBUG org.springframework.web.client.RestTemplate - Accept=[text/plain, application/json, application/x-jackson-smile, application/*+json, */*]
12:03:20.708 [qtp1105853083-2959] DEBUG org.springframework.web.server.adapter.HttpWebHandlerAdapter - [c66b684] HTTP GET "/raw-response/observable"
12:03:20.708 [qtp1105853083-2959] DEBUG org.springframework.web.reactive.result.method.annotation.RequestMappingHandlerMapping - [c66b684] Mapped to public rx.Observable<java.nio.ByteBuffer> org.springframework.web.reactive.result.method.annotation.RequestMappingMessageConversionIntegrationTests$RawResponseBodyController.getObservable()
12:03:20.710 [qtp1105853083-2959] DEBUG org.springframework.web.reactive.result.method.annotation.ResponseBodyResultHandler - Using 'text/plain' given [text/plain, application/json, application/x-jackson-smile, application/*+json, */*] and supported [*/*, application/json;charset=UTF-8, application/*+json;charset=UTF-8, application/x-jackson-smile;charset=UTF-8, application/*+x-jackson-smile;charset=UTF-8, text/event-stream]
12:03:20.710 [qtp1105853083-2959] DEBUG org.springframework.web.reactive.result.method.annotation.ResponseBodyResultHandler - [c66b684] 0..N [java.nio.ByteBuffer]
12:03:20.711 [qtp1105853083-2959] DEBUG org.springframework.core.codec.ByteBufferEncoder - [c66b684] Writing 6 bytes
12:03:20.711 [qtp1105853083-2959] DEBUG org.springframework.web.server.adapter.HttpWebHandlerAdapter - [c66b684] Completed 200 OK
12:03:20.711 [Test worker] DEBUG org.springframework.web.client.RestTemplate - Response 200 OK
12:03:20.711 [Test worker] DEBUG org.springframework.web.client.RestTemplate - Reading to [java.lang.String] as "text/plain"
12:03:20.712 [Test worker] DEBUG org.springframework.http.server.reactive.bootstrap.JettyHttpServer - Stopping JettyHttpServer...
12:03:20.712 [Test worker] INFO  org.eclipse.jetty.server.handler.ContextHandler - Stopped o.e.j.s.ServletContextHandler@6a1dfffe{/,null,UNAVAILABLE}
12:03:20.712 [Test worker] INFO  org.eclipse.jetty.server.AbstractConnector - Stopped ServerConnector@5722cbef{HTTP/1.1,[http/1.1]}{0.0.0.0:0}
12:03:20.713 [Test worker] DEBUG org.springframework.http.server.reactive.bootstrap.JettyHttpServer - Server stopped (0 millis).
12:03:20.790 [Test worker] DEBUG org.springframework.web.reactive.result.method.annotation.RequestMappingHandlerMapping - 37 mappings in 'requestMappingHandlerMapping'
12:03:20.830 [Test worker] DEBUG org.springframework.web.reactive.result.method.annotation.ControllerMethodResolver - ControllerAdvice beans: none
12:03:20.899 [Test worker] DEBUG org.springframework.web.server.adapter.HttpWebHandlerAdapter - enableLoggingRequestDetails='false': form data and headers will be masked to prevent unsafe logging of potentially sensitive data
12:03:20.899 [Test worker] WARN  org.eclipse.jetty.server.handler.ContextHandler - Empty contextPath
12:03:20.899 [Test worker] INFO  org.eclipse.jetty.server.handler.ContextHandler - Started o.e.j.s.ServletContextHandler@10025cc8{/,null,AVAILABLE}
12:03:20.899 [Test worker] DEBUG org.springframework.http.server.reactive.bootstrap.JettyHttpServer - Starting JettyHttpServer...
12:03:20.899 [Test worker] INFO  org.eclipse.jetty.server.Server - jetty-9.4.12.RC2; built: 2018-08-14T14:46:56.477Z; git: 1f9703cf836af6c70ac0665fbc6790c0a8229a7a; jvm 1.8.0_101-b13
12:03:20.899 [Test worker] WARN  org.eclipse.jetty.server.Server - THIS IS NOT A STABLE RELEASE! DO NOT USE IN PRODUCTION!
12:03:20.899 [Test worker] WARN  org.eclipse.jetty.server.Server - Download a stable release from http://download.eclipse.org/jetty/
12:03:20.900 [Test worker] INFO  org.eclipse.jetty.server.AbstractConnector - Started ServerConnector@34b902d9{HTTP/1.1,[http/1.1]}{0.0.0.0:52630}
12:03:20.900 [Test worker] INFO  org.eclipse.jetty.server.Server - Started @81298ms
12:03:20.900 [Test worker] DEBUG org.springframework.http.server.reactive.bootstrap.JettyHttpServer - Server started on port 52630(0 millis).
12:03:20.900 [Test worker] DEBUG org.springframework.web.client.RestTemplate - HTTP GET http://localhost:52630/person-response/flux
12:03:20.901 [Test worker] DEBUG org.springframework.web.client.RestTemplate - Accept=[application/json, application/x-jackson-smile, application/*+json]
12:03:20.901 [qtp519120611-2965] DEBUG org.springframework.web.server.adapter.HttpWebHandlerAdapter - [584a35c] HTTP GET "/person-response/flux"
12:03:20.902 [qtp519120611-2965] DEBUG org.springframework.web.reactive.result.method.annotation.RequestMappingHandlerMapping - [584a35c] Mapped to public reactor.core.publisher.Flux<org.springframework.web.reactive.result.method.annotation.RequestMappingMessageConversionIntegrationTests$Person> org.springframework.web.reactive.result.method.annotation.RequestMappingMessageConversionIntegrationTests$PersonResponseBodyController.getFlux()
12:03:20.902 [qtp519120611-2965] DEBUG org.springframework.web.reactive.result.method.annotation.ResponseBodyResultHandler - Using 'application/json;charset=UTF-8' given [application/json] and supported [application/json;charset=UTF-8, application/*+json;charset=UTF-8, application/x-jackson-smile;charset=UTF-8, application/*+x-jackson-smile;charset=UTF-8, application/xml, text/xml, text/event-stream]
12:03:20.902 [qtp519120611-2965] DEBUG org.springframework.web.reactive.result.method.annotation.ResponseBodyResultHandler - [584a35c] 0..N [org.springframework.web.reactive.result.method.annotation.RequestMappingMessageConversionIntegrationTests$Person]
12:03:20.902 [qtp519120611-2965] DEBUG org.springframework.http.codec.json.Jackson2JsonEncoder - [584a35c] Encoding [[Person{name='Robert'}, Person{name='Marie'}]]
12:03:20.902 [qtp519120611-2965] DEBUG org.springframework.web.server.adapter.HttpWebHandlerAdapter - [584a35c] Completed 200 OK
12:03:20.902 [Test worker] DEBUG org.springframework.web.client.RestTemplate - Response 200 OK
12:03:20.902 [Test worker] DEBUG org.springframework.web.client.RestTemplate - Reading to [java.util.List<org.springframework.web.reactive.result.method.annotation.RequestMappingMessageConversionIntegrationTests$Person>]
12:03:20.903 [Test worker] DEBUG org.springframework.http.server.reactive.bootstrap.JettyHttpServer - Stopping JettyHttpServer...
12:03:20.903 [Test worker] INFO  org.eclipse.jetty.server.handler.ContextHandler - Stopped o.e.j.s.ServletContextHandler@10025cc8{/,null,UNAVAILABLE}
12:03:20.904 [Test worker] INFO  org.eclipse.jetty.server.AbstractConnector - Stopped ServerConnector@34b902d9{HTTP/1.1,[http/1.1]}{0.0.0.0:0}
12:03:20.904 [Test worker] DEBUG org.springframework.http.server.reactive.bootstrap.JettyHttpServer - Server stopped (0 millis).
12:03:20.981 [Test worker] DEBUG org.springframework.web.reactive.result.method.annotation.RequestMappingHandlerMapping - 37 mappings in 'requestMappingHandlerMapping'
12:03:21.022 [Test worker] DEBUG org.springframework.web.reactive.result.method.annotation.ControllerMethodResolver - ControllerAdvice beans: none
12:03:21.089 [Test worker] DEBUG org.springframework.web.server.adapter.HttpWebHandlerAdapter - enableLoggingRequestDetails='false': form data and headers will be masked to prevent unsafe logging of potentially sensitive data
12:03:21.089 [Test worker] WARN  org.eclipse.jetty.server.handler.ContextHandler - Empty contextPath
12:03:21.089 [Test worker] INFO  org.eclipse.jetty.server.handler.ContextHandler - Started o.e.j.s.ServletContextHandler@9219329{/,null,AVAILABLE}
12:03:21.089 [Test worker] DEBUG org.springframework.http.server.reactive.bootstrap.JettyHttpServer - Starting JettyHttpServer...
12:03:21.089 [Test worker] INFO  org.eclipse.jetty.server.Server - jetty-9.4.12.RC2; built: 2018-08-14T14:46:56.477Z; git: 1f9703cf836af6c70ac0665fbc6790c0a8229a7a; jvm 1.8.0_101-b13
12:03:21.089 [Test worker] WARN  org.eclipse.jetty.server.Server - THIS IS NOT A STABLE RELEASE! DO NOT USE IN PRODUCTION!
12:03:21.089 [Test worker] WARN  org.eclipse.jetty.server.Server - Download a stable release from http://download.eclipse.org/jetty/
12:03:21.091 [Test worker] INFO  org.eclipse.jetty.server.AbstractConnector - Started ServerConnector@2800595c{HTTP/1.1,[http/1.1]}{0.0.0.0:52638}
12:03:21.091 [Test worker] INFO  org.eclipse.jetty.server.Server - Started @81489ms
12:03:21.091 [Test worker] DEBUG org.springframework.http.server.reactive.bootstrap.JettyHttpServer - Server started on port 52638(0 millis).
12:03:21.091 [Test worker] DEBUG org.springframework.web.client.RestTemplate - HTTP GET http://localhost:52638/person-response/list
12:03:21.091 [Test worker] DEBUG org.springframework.web.client.RestTemplate - Accept=[application/json, application/x-jackson-smile, application/*+json]
12:03:21.092 [qtp670593087-2979] DEBUG org.springframework.web.server.adapter.HttpWebHandlerAdapter - [7e16a75b] HTTP GET "/person-response/list"
12:03:21.092 [qtp670593087-2979] DEBUG org.springframework.web.reactive.result.method.annotation.RequestMappingHandlerMapping - [7e16a75b] Mapped to public java.util.List<org.springframework.web.reactive.result.method.annotation.RequestMappingMessageConversionIntegrationTests$Person> org.springframework.web.reactive.result.method.annotation.RequestMappingMessageConversionIntegrationTests$PersonResponseBodyController.getList()
12:03:21.092 [qtp670593087-2979] DEBUG org.springframework.web.reactive.result.method.annotation.ResponseBodyResultHandler - Using 'application/json;charset=UTF-8' given [application/json] and supported [application/json;charset=UTF-8, application/*+json;charset=UTF-8, application/x-jackson-smile;charset=UTF-8, application/*+x-jackson-smile;charset=UTF-8, text/event-stream]
12:03:21.092 [qtp670593087-2979] DEBUG org.springframework.web.reactive.result.method.annotation.ResponseBodyResultHandler - [7e16a75b] 0..1 [java.util.List<org.springframework.web.reactive.result.method.annotation.RequestMappingMessageConversionIntegrationTests$Person>]
12:03:21.093 [qtp670593087-2979] DEBUG org.springframework.http.codec.json.Jackson2JsonEncoder - [7e16a75b] Encoding [[Person{name='Robert'}, Person{name='Marie'}]]
12:03:21.093 [qtp670593087-2979] DEBUG org.springframework.web.server.adapter.HttpWebHandlerAdapter - [7e16a75b] Completed 200 OK
12:03:21.093 [Test worker] DEBUG org.springframework.web.client.RestTemplate - Response 200 OK
12:03:21.093 [Test worker] DEBUG org.springframework.web.client.RestTemplate - Reading to [java.util.List<org.springframework.web.reactive.result.method.annotation.RequestMappingMessageConversionIntegrationTests$Person>]
12:03:21.093 [Test worker] DEBUG org.springframework.http.server.reactive.bootstrap.JettyHttpServer - Stopping JettyHttpServer...
12:03:21.093 [Test worker] INFO  org.eclipse.jetty.server.handler.ContextHandler - Stopped o.e.j.s.ServletContextHandler@9219329{/,null,UNAVAILABLE}
12:03:21.094 [Test worker] INFO  org.eclipse.jetty.server.AbstractConnector - Stopped ServerConnector@2800595c{HTTP/1.1,[http/1.1]}{0.0.0.0:0}
12:03:21.095 [Test worker] DEBUG org.springframework.http.server.reactive.bootstrap.JettyHttpServer - Server stopped (0 millis).
12:03:21.174 [Test worker] DEBUG org.springframework.web.reactive.result.method.annotation.RequestMappingHandlerMapping - 37 mappings in 'requestMappingHandlerMapping'
12:03:21.214 [Test worker] DEBUG org.springframework.web.reactive.result.method.annotation.ControllerMethodResolver - ControllerAdvice beans: none
12:03:21.282 [Test worker] DEBUG org.springframework.web.server.adapter.HttpWebHandlerAdapter - enableLoggingRequestDetails='false': form data and headers will be masked to prevent unsafe logging of potentially sensitive data
12:03:21.282 [Test worker] WARN  org.eclipse.jetty.server.handler.ContextHandler - Empty contextPath
12:03:21.282 [Test worker] INFO  org.eclipse.jetty.server.handler.ContextHandler - Started o.e.j.s.ServletContextHandler@6165480d{/,null,AVAILABLE}
12:03:21.282 [Test worker] DEBUG org.springframework.http.server.reactive.bootstrap.JettyHttpServer - Starting JettyHttpServer...
12:03:21.282 [Test worker] INFO  org.eclipse.jetty.server.Server - jetty-9.4.12.RC2; built: 2018-08-14T14:46:56.477Z; git: 1f9703cf836af6c70ac0665fbc6790c0a8229a7a; jvm 1.8.0_101-b13
12:03:21.282 [Test worker] WARN  org.eclipse.jetty.server.Server - THIS IS NOT A STABLE RELEASE! DO NOT USE IN PRODUCTION!
12:03:21.282 [Test worker] WARN  org.eclipse.jetty.server.Server - Download a stable release from http://download.eclipse.org/jetty/
12:03:21.284 [Test worker] INFO  org.eclipse.jetty.server.AbstractConnector - Started ServerConnector@2806f308{HTTP/1.1,[http/1.1]}{0.0.0.0:52646}
12:03:21.284 [Test worker] INFO  org.eclipse.jetty.server.Server - Started @81681ms
12:03:21.284 [Test worker] DEBUG org.springframework.http.server.reactive.bootstrap.JettyHttpServer - Server started on port 52646(0 millis).
12:03:21.284 [Test worker] DEBUG org.springframework.web.client.RestTemplate - HTTP GET http://localhost:52646/person-response/mono
12:03:21.284 [Test worker] DEBUG org.springframework.web.client.RestTemplate - Accept=[application/xml, text/xml, application/json, application/x-jackson-smile, application/*+xml, application/*+json]
12:03:21.285 [qtp833763017-2989] DEBUG org.springframework.web.server.adapter.HttpWebHandlerAdapter - [3a3cfd15] HTTP GET "/person-response/mono"
12:03:21.285 [qtp833763017-2989] DEBUG org.springframework.web.reactive.result.method.annotation.RequestMappingHandlerMapping - [3a3cfd15] Mapped to public reactor.core.publisher.Mono<org.springframework.web.reactive.result.method.annotation.RequestMappingMessageConversionIntegrationTests$Person> org.springframework.web.reactive.result.method.annotation.RequestMappingMessageConversionIntegrationTests$PersonResponseBodyController.getMono()
12:03:21.286 [qtp833763017-2989] DEBUG org.springframework.web.reactive.result.method.annotation.ResponseBodyResultHandler - Using 'application/json;charset=UTF-8' given [application/json] and supported [application/json;charset=UTF-8, application/*+json;charset=UTF-8, application/x-jackson-smile;charset=UTF-8, application/*+x-jackson-smile;charset=UTF-8, application/xml, text/xml, text/event-stream]
12:03:21.286 [qtp833763017-2989] DEBUG org.springframework.web.reactive.result.method.annotation.ResponseBodyResultHandler - [3a3cfd15] 0..1 [org.springframework.web.reactive.result.method.annotation.RequestMappingMessageConversionIntegrationTests$Person]
12:03:21.286 [qtp833763017-2989] DEBUG org.springframework.http.codec.json.Jackson2JsonEncoder - [3a3cfd15] Encoding [Person{name='Robert'}]
12:03:21.286 [qtp833763017-2989] DEBUG org.springframework.web.server.adapter.HttpWebHandlerAdapter - [3a3cfd15] Completed 200 OK
12:03:21.286 [Test worker] DEBUG org.springframework.web.client.RestTemplate - Response 200 OK
12:03:21.286 [Test worker] DEBUG org.springframework.web.client.RestTemplate - Reading to [org.springframework.web.reactive.result.method.annotation.RequestMappingMessageConversionIntegrationTests$Person]
12:03:21.286 [Test worker] DEBUG org.springframework.http.server.reactive.bootstrap.JettyHttpServer - Stopping JettyHttpServer...
12:03:21.286 [Test worker] INFO  org.eclipse.jetty.server.handler.ContextHandler - Stopped o.e.j.s.ServletContextHandler@6165480d{/,null,UNAVAILABLE}
12:03:21.287 [Test worker] INFO  org.eclipse.jetty.server.AbstractConnector - Stopped ServerConnector@2806f308{HTTP/1.1,[http/1.1]}{0.0.0.0:0}
12:03:21.287 [Test worker] DEBUG org.springframework.http.server.reactive.bootstrap.JettyHttpServer - Server stopped (0 millis).
12:03:21.364 [Test worker] DEBUG org.springframework.web.reactive.result.method.annotation.RequestMappingHandlerMapping - 37 mappings in 'requestMappingHandlerMapping'
12:03:21.404 [Test worker] DEBUG org.springframework.web.reactive.result.method.annotation.ControllerMethodResolver - ControllerAdvice beans: none
12:03:21.471 [Test worker] DEBUG org.springframework.web.server.adapter.HttpWebHandlerAdapter - enableLoggingRequestDetails='false': form data and headers will be masked to prevent unsafe logging of potentially sensitive data
12:03:21.471 [Test worker] WARN  org.eclipse.jetty.server.handler.ContextHandler - Empty contextPath
12:03:21.471 [Test worker] INFO  org.eclipse.jetty.server.handler.ContextHandler - Started o.e.j.s.ServletContextHandler@85e72cb{/,null,AVAILABLE}
12:03:21.471 [Test worker] DEBUG org.springframework.http.server.reactive.bootstrap.JettyHttpServer - Starting JettyHttpServer...
12:03:21.471 [Test worker] INFO  org.eclipse.jetty.server.Server - jetty-9.4.12.RC2; built: 2018-08-14T14:46:56.477Z; git: 1f9703cf836af6c70ac0665fbc6790c0a8229a7a; jvm 1.8.0_101-b13
12:03:21.471 [Test worker] WARN  org.eclipse.jetty.server.Server - THIS IS NOT A STABLE RELEASE! DO NOT USE IN PRODUCTION!
12:03:21.471 [Test worker] WARN  org.eclipse.jetty.server.Server - Download a stable release from http://download.eclipse.org/jetty/
12:03:21.473 [Test worker] INFO  org.eclipse.jetty.server.AbstractConnector - Started ServerConnector@77e2d873{HTTP/1.1,[http/1.1]}{0.0.0.0:52654}
12:03:21.473 [Test worker] INFO  org.eclipse.jetty.server.Server - Started @81871ms
12:03:21.473 [Test worker] DEBUG org.springframework.http.server.reactive.bootstrap.JettyHttpServer - Server started on port 52654(0 millis).
12:03:21.473 [Test worker] DEBUG org.springframework.web.client.RestTemplate - HTTP POST http://localhost:52654/person-transform/observable
12:03:21.473 [Test worker] DEBUG org.springframework.web.client.RestTemplate - Accept=[application/json, application/x-jackson-smile, application/*+json]
12:03:21.473 [Test worker] DEBUG org.springframework.web.client.RestTemplate - Writing [[Person{name='Robert'}, Person{name='Marie'}]] as "application/json"
12:03:21.474 [qtp2089218023-2994] DEBUG org.springframework.web.server.adapter.HttpWebHandlerAdapter - [14a78308] HTTP POST "/person-transform/observable"
12:03:21.474 [qtp2089218023-2994] DEBUG org.springframework.web.reactive.result.method.annotation.RequestMappingHandlerMapping - [14a78308] Mapped to public rx.Observable<org.springframework.web.reactive.result.method.annotation.RequestMappingMessageConversionIntegrationTests$Person> org.springframework.web.reactive.result.method.annotation.RequestMappingMessageConversionIntegrationTests$PersonTransformationController.transformObservable(rx.Observable<org.springframework.web.reactive.result.method.annotation.RequestMappingMessageConversionIntegrationTests$Person>)
12:03:21.475 [qtp2089218023-2994] DEBUG org.springframework.web.reactive.result.method.annotation.RequestBodyArgumentResolver - [14a78308] Content-Type:application/json;charset=UTF-8
12:03:21.475 [qtp2089218023-2994] DEBUG org.springframework.web.reactive.result.method.annotation.RequestBodyArgumentResolver - [14a78308] 0..N [org.springframework.web.reactive.result.method.annotation.RequestMappingMessageConversionIntegrationTests$Person]
12:03:21.475 [qtp2089218023-2994] DEBUG org.springframework.web.reactive.result.method.annotation.ResponseBodyResultHandler - Using 'application/json;charset=UTF-8' given [application/json] and supported [application/json;charset=UTF-8, application/*+json;charset=UTF-8, application/x-jackson-smile;charset=UTF-8, application/*+x-jackson-smile;charset=UTF-8, application/xml, text/xml, text/event-stream]
12:03:21.475 [qtp2089218023-2994] DEBUG org.springframework.web.reactive.result.method.annotation.ResponseBodyResultHandler - [14a78308] 0..N [org.springframework.web.reactive.result.method.annotation.RequestMappingMessageConversionIntegrationTests$Person]
12:03:21.476 [qtp2089218023-2994] DEBUG org.springframework.http.codec.json.Jackson2JsonDecoder - [14a78308] Decoded [Person{name='Robert'}]
12:03:21.476 [qtp2089218023-2994] DEBUG org.springframework.http.codec.json.Jackson2JsonDecoder - [14a78308] Decoded [Person{name='Marie'}]
12:03:21.476 [qtp2089218023-2994] DEBUG org.springframework.http.codec.json.Jackson2JsonEncoder - [14a78308] Encoding [[Person{name='ROBERT'}, Person{name='MARIE'}]]
12:03:21.476 [qtp2089218023-2994] DEBUG org.springframework.web.server.adapter.HttpWebHandlerAdapter - [14a78308] Completed 200 OK
12:03:21.476 [Test worker] DEBUG org.springframework.web.client.RestTemplate - Response 200 OK
12:03:21.476 [Test worker] DEBUG org.springframework.web.client.RestTemplate - Reading to [java.util.List<org.springframework.web.reactive.result.method.annotation.RequestMappingMessageConversionIntegrationTests$Person>]
12:03:21.476 [Test worker] DEBUG org.springframework.http.server.reactive.bootstrap.JettyHttpServer - Stopping JettyHttpServer...
12:03:21.476 [Test worker] INFO  org.eclipse.jetty.server.handler.ContextHandler - Stopped o.e.j.s.ServletContextHandler@85e72cb{/,null,UNAVAILABLE}
12:03:21.477 [Test worker] INFO  org.eclipse.jetty.server.AbstractConnector - Stopped ServerConnector@77e2d873{HTTP/1.1,[http/1.1]}{0.0.0.0:0}
12:03:21.477 [Test worker] DEBUG org.springframework.http.server.reactive.bootstrap.JettyHttpServer - Server stopped (0 millis).
12:03:21.555 [Test worker] DEBUG org.springframework.web.reactive.result.method.annotation.RequestMappingHandlerMapping - 37 mappings in 'requestMappingHandlerMapping'
12:03:21.595 [Test worker] DEBUG org.springframework.web.reactive.result.method.annotation.ControllerMethodResolver - ControllerAdvice beans: none
12:03:21.663 [Test worker] DEBUG org.springframework.web.server.adapter.HttpWebHandlerAdapter - enableLoggingRequestDetails='false': form data and headers will be masked to prevent unsafe logging of potentially sensitive data
12:03:21.663 [Test worker] WARN  org.eclipse.jetty.server.handler.ContextHandler - Empty contextPath
12:03:21.668 [Test worker] INFO  org.eclipse.jetty.server.handler.ContextHandler - Started o.e.j.s.ServletContextHandler@3078deb7{/,null,AVAILABLE}
12:03:21.668 [Test worker] DEBUG org.springframework.http.server.reactive.bootstrap.JettyHttpServer - Starting JettyHttpServer...
12:03:21.668 [Test worker] INFO  org.eclipse.jetty.server.Server - jetty-9.4.12.RC2; built: 2018-08-14T14:46:56.477Z; git: 1f9703cf836af6c70ac0665fbc6790c0a8229a7a; jvm 1.8.0_101-b13
12:03:21.668 [Test worker] WARN  org.eclipse.jetty.server.Server - THIS IS NOT A STABLE RELEASE! DO NOT USE IN PRODUCTION!
12:03:21.668 [Test worker] WARN  org.eclipse.jetty.server.Server - Download a stable release from http://download.eclipse.org/jetty/
12:03:21.669 [Test worker] INFO  org.eclipse.jetty.server.AbstractConnector - Started ServerConnector@56e941ad{HTTP/1.1,[http/1.1]}{0.0.0.0:52662}
12:03:21.669 [Test worker] INFO  org.eclipse.jetty.server.Server - Started @82067ms
12:03:21.669 [Test worker] DEBUG org.springframework.http.server.reactive.bootstrap.JettyHttpServer - Server started on port 52662(0 millis).
12:03:21.670 [Test worker] DEBUG org.springframework.web.client.RestTemplate - HTTP POST http://localhost:52662/person-create/publisher
12:03:21.670 [Test worker] DEBUG org.springframework.web.client.RestTemplate - Accept=[application/json, application/x-jackson-smile, application/*+json]
12:03:21.670 [Test worker] DEBUG org.springframework.web.client.RestTemplate - Writing [[Person{name='Robert'}, Person{name='Marie'}]] as "application/json"
12:03:21.671 [qtp166913099-3005] DEBUG org.springframework.web.server.adapter.HttpWebHandlerAdapter - [16202f15] HTTP POST "/person-create/publisher"
12:03:21.671 [qtp166913099-3005] DEBUG org.springframework.web.reactive.result.method.annotation.RequestMappingHandlerMapping - [16202f15] Mapped to public org.reactivestreams.Publisher<java.lang.Void> org.springframework.web.reactive.result.method.annotation.RequestMappingMessageConversionIntegrationTests$PersonCreateController.createWithPublisher(org.reactivestreams.Publisher<org.springframework.web.reactive.result.method.annotation.RequestMappingMessageConversionIntegrationTests$Person>)
12:03:21.671 [qtp166913099-3005] DEBUG org.springframework.web.reactive.result.method.annotation.RequestBodyArgumentResolver - [16202f15] Content-Type:application/json;charset=UTF-8
12:03:21.672 [qtp166913099-3005] DEBUG org.springframework.web.reactive.result.method.annotation.RequestBodyArgumentResolver - [16202f15] 0..N [org.springframework.web.reactive.result.method.annotation.RequestMappingMessageConversionIntegrationTests$Person]
12:03:21.672 [qtp166913099-3005] DEBUG org.springframework.http.codec.json.Jackson2JsonDecoder - [16202f15] Decoded [Person{name='Robert'}]
12:03:21.672 [qtp166913099-3005] DEBUG org.springframework.http.codec.json.Jackson2JsonDecoder - [16202f15] Decoded [Person{name='Marie'}]
12:03:21.672 [qtp166913099-3005] DEBUG org.springframework.web.server.adapter.HttpWebHandlerAdapter - [16202f15] Completed 200 OK
12:03:21.672 [Test worker] DEBUG org.springframework.web.client.RestTemplate - Response 200 OK
12:03:21.672 [Test worker] DEBUG org.springframework.http.server.reactive.bootstrap.JettyHttpServer - Stopping JettyHttpServer...
12:03:21.672 [Test worker] INFO  org.eclipse.jetty.server.handler.ContextHandler - Stopped o.e.j.s.ServletContextHandler@3078deb7{/,null,UNAVAILABLE}
12:03:21.673 [Test worker] INFO  org.eclipse.jetty.server.AbstractConnector - Stopped ServerConnector@56e941ad{HTTP/1.1,[http/1.1]}{0.0.0.0:0}
12:03:21.673 [Test worker] DEBUG org.springframework.http.server.reactive.bootstrap.JettyHttpServer - Server stopped (0 millis).
12:03:21.752 [Test worker] DEBUG org.springframework.web.reactive.result.method.annotation.RequestMappingHandlerMapping - 37 mappings in 'requestMappingHandlerMapping'
12:03:21.796 [Test worker] DEBUG org.springframework.web.reactive.result.method.annotation.ControllerMethodResolver - ControllerAdvice beans: none
12:03:21.866 [Test worker] DEBUG org.springframework.web.server.adapter.HttpWebHandlerAdapter - enableLoggingRequestDetails='false': form data and headers will be masked to prevent unsafe logging of potentially sensitive data
12:03:21.866 [Test worker] WARN  org.eclipse.jetty.server.handler.ContextHandler - Empty contextPath
12:03:21.866 [Test worker] INFO  org.eclipse.jetty.server.handler.ContextHandler - Started o.e.j.s.ServletContextHandler@61ddf57a{/,null,AVAILABLE}
12:03:21.866 [Test worker] DEBUG org.springframework.http.server.reactive.bootstrap.JettyHttpServer - Starting JettyHttpServer...
12:03:21.866 [Test worker] INFO  org.eclipse.jetty.server.Server - jetty-9.4.12.RC2; built: 2018-08-14T14:46:56.477Z; git: 1f9703cf836af6c70ac0665fbc6790c0a8229a7a; jvm 1.8.0_101-b13
12:03:21.866 [Test worker] WARN  org.eclipse.jetty.server.Server - THIS IS NOT A STABLE RELEASE! DO NOT USE IN PRODUCTION!
12:03:21.866 [Test worker] WARN  org.eclipse.jetty.server.Server - Download a stable release from http://download.eclipse.org/jetty/
12:03:21.868 [Test worker] INFO  org.eclipse.jetty.server.AbstractConnector - Started ServerConnector@5cab0f24{HTTP/1.1,[http/1.1]}{0.0.0.0:52670}
12:03:21.868 [Test worker] INFO  org.eclipse.jetty.server.Server - Started @82266ms
12:03:21.868 [Test worker] DEBUG org.springframework.http.server.reactive.bootstrap.JettyHttpServer - Server started on port 52670(0 millis).
12:03:21.868 [Test worker] DEBUG org.springframework.web.client.RestTemplate - HTTP GET http://localhost:52670/person-response/single
12:03:21.868 [Test worker] DEBUG org.springframework.web.client.RestTemplate - Accept=[application/xml, text/xml, application/json, application/x-jackson-smile, application/*+xml, application/*+json]
12:03:21.869 [qtp1305085502-3019] DEBUG org.springframework.web.server.adapter.HttpWebHandlerAdapter - [13d68222] HTTP GET "/person-response/single"
12:03:21.869 [qtp1305085502-3019] DEBUG org.springframework.web.reactive.result.method.annotation.RequestMappingHandlerMapping - [13d68222] Mapped to public rx.Single<org.springframework.web.reactive.result.method.annotation.RequestMappingMessageConversionIntegrationTests$Person> org.springframework.web.reactive.result.method.annotation.RequestMappingMessageConversionIntegrationTests$PersonResponseBodyController.getSingle()
12:03:21.869 [qtp1305085502-3019] DEBUG org.springframework.web.reactive.result.method.annotation.ResponseBodyResultHandler - Using 'application/json;charset=UTF-8' given [application/json] and supported [application/json;charset=UTF-8, application/*+json;charset=UTF-8, application/x-jackson-smile;charset=UTF-8, application/*+x-jackson-smile;charset=UTF-8, application/xml, text/xml, text/event-stream]
12:03:21.869 [qtp1305085502-3019] DEBUG org.springframework.web.reactive.result.method.annotation.ResponseBodyResultHandler - [13d68222] 0..1 [org.springframework.web.reactive.result.method.annotation.RequestMappingMessageConversionIntegrationTests$Person]
12:03:21.870 [qtp1305085502-3019] DEBUG org.springframework.http.codec.json.Jackson2JsonEncoder - [13d68222] Encoding [Person{name='Robert'}]
12:03:21.870 [qtp1305085502-3019] DEBUG org.springframework.web.server.adapter.HttpWebHandlerAdapter - [13d68222] Completed 200 OK
12:03:21.870 [Test worker] DEBUG org.springframework.web.client.RestTemplate - Response 200 OK
12:03:21.870 [Test worker] DEBUG org.springframework.web.client.RestTemplate - Reading to [org.springframework.web.reactive.result.method.annotation.RequestMappingMessageConversionIntegrationTests$Person]
12:03:21.870 [Test worker] DEBUG org.springframework.http.server.reactive.bootstrap.JettyHttpServer - Stopping JettyHttpServer...
12:03:21.870 [Test worker] INFO  org.eclipse.jetty.server.handler.ContextHandler - Stopped o.e.j.s.ServletContextHandler@61ddf57a{/,null,UNAVAILABLE}
12:03:21.871 [Test worker] INFO  org.eclipse.jetty.server.AbstractConnector - Stopped ServerConnector@5cab0f24{HTTP/1.1,[http/1.1]}{0.0.0.0:0}
12:03:21.871 [Test worker] DEBUG org.springframework.http.server.reactive.bootstrap.JettyHttpServer - Server stopped (0 millis).
12:03:21.950 [Test worker] DEBUG org.springframework.web.reactive.result.method.annotation.RequestMappingHandlerMapping - 37 mappings in 'requestMappingHandlerMapping'
12:03:21.996 [Test worker] DEBUG org.springframework.web.reactive.result.method.annotation.ControllerMethodResolver - ControllerAdvice beans: none
12:03:22.068 [Test worker] DEBUG org.springframework.web.server.adapter.HttpWebHandlerAdapter - enableLoggingRequestDetails='false': form data and headers will be masked to prevent unsafe logging of potentially sensitive data
12:03:22.068 [Test worker] WARN  org.eclipse.jetty.server.handler.ContextHandler - Empty contextPath
12:03:22.068 [Test worker] INFO  org.eclipse.jetty.server.handler.ContextHandler - Started o.e.j.s.ServletContextHandler@726b4a87{/,null,AVAILABLE}
12:03:22.068 [Test worker] DEBUG org.springframework.http.server.reactive.bootstrap.JettyHttpServer - Starting JettyHttpServer...
12:03:22.068 [Test worker] INFO  org.eclipse.jetty.server.Server - jetty-9.4.12.RC2; built: 2018-08-14T14:46:56.477Z; git: 1f9703cf836af6c70ac0665fbc6790c0a8229a7a; jvm 1.8.0_101-b13
12:03:22.068 [Test worker] WARN  org.eclipse.jetty.server.Server - THIS IS NOT A STABLE RELEASE! DO NOT USE IN PRODUCTION!
12:03:22.068 [Test worker] WARN  org.eclipse.jetty.server.Server - Download a stable release from http://download.eclipse.org/jetty/
12:03:22.070 [Test worker] INFO  org.eclipse.jetty.server.AbstractConnector - Started ServerConnector@3af9eab1{HTTP/1.1,[http/1.1]}{0.0.0.0:52678}
12:03:22.070 [Test worker] INFO  org.eclipse.jetty.server.Server - Started @82467ms
12:03:22.070 [Test worker] DEBUG org.springframework.http.server.reactive.bootstrap.JettyHttpServer - Server started on port 52678(0 millis).
12:03:22.070 [Test worker] DEBUG org.springframework.web.client.RestTemplate - HTTP POST http://localhost:52678/person-create/flowable
12:03:22.070 [Test worker] DEBUG org.springframework.web.client.RestTemplate - Accept=[application/json, application/x-jackson-smile, application/*+json]
12:03:22.070 [Test worker] DEBUG org.springframework.web.client.RestTemplate - Writing [[Person{name='Robert'}, Person{name='Marie'}]] as "application/json"
12:03:22.071 [qtp1215246652-3029] DEBUG org.springframework.web.server.adapter.HttpWebHandlerAdapter - [15686dc4] HTTP POST "/person-create/flowable"
12:03:22.071 [qtp1215246652-3029] DEBUG org.springframework.web.reactive.result.method.annotation.RequestMappingHandlerMapping - [15686dc4] Mapped to public io.reactivex.Completable org.springframework.web.reactive.result.method.annotation.RequestMappingMessageConversionIntegrationTests$PersonCreateController.createWithFlowable(io.reactivex.Flowable<org.springframework.web.reactive.result.method.annotation.RequestMappingMessageConversionIntegrationTests$Person>)
12:03:22.071 [qtp1215246652-3029] DEBUG org.springframework.web.reactive.result.method.annotation.RequestBodyArgumentResolver - [15686dc4] Content-Type:application/json;charset=UTF-8
12:03:22.072 [qtp1215246652-3029] DEBUG org.springframework.web.reactive.result.method.annotation.RequestBodyArgumentResolver - [15686dc4] 0..N [org.springframework.web.reactive.result.method.annotation.RequestMappingMessageConversionIntegrationTests$Person]
12:03:22.072 [qtp1215246652-3029] DEBUG org.springframework.http.codec.json.Jackson2JsonDecoder - [15686dc4] Decoded [Person{name='Robert'}]
12:03:22.072 [qtp1215246652-3029] DEBUG org.springframework.http.codec.json.Jackson2JsonDecoder - [15686dc4] Decoded [Person{name='Marie'}]
12:03:22.072 [qtp1215246652-3029] DEBUG org.springframework.web.server.adapter.HttpWebHandlerAdapter - [15686dc4] Completed 200 OK
12:03:22.072 [Test worker] DEBUG org.springframework.web.client.RestTemplate - Response 200 OK
12:03:22.072 [Test worker] DEBUG org.springframework.http.server.reactive.bootstrap.JettyHttpServer - Stopping JettyHttpServer...
12:03:22.072 [Test worker] INFO  org.eclipse.jetty.server.handler.ContextHandler - Stopped o.e.j.s.ServletContextHandler@726b4a87{/,null,UNAVAILABLE}
12:03:22.073 [Test worker] INFO  org.eclipse.jetty.server.AbstractConnector - Stopped ServerConnector@3af9eab1{HTTP/1.1,[http/1.1]}{0.0.0.0:0}
12:03:22.073 [Test worker] DEBUG org.springframework.http.server.reactive.bootstrap.JettyHttpServer - Server stopped (0 millis).
12:03:22.156 [Test worker] DEBUG org.springframework.web.reactive.result.method.annotation.RequestMappingHandlerMapping - 37 mappings in 'requestMappingHandlerMapping'
12:03:22.201 [Test worker] DEBUG org.springframework.web.reactive.result.method.annotation.ControllerMethodResolver - ControllerAdvice beans: none
12:03:22.275 [Test worker] DEBUG org.springframework.web.server.adapter.HttpWebHandlerAdapter - enableLoggingRequestDetails='false': form data and headers will be masked to prevent unsafe logging of potentially sensitive data
12:03:22.275 [Test worker] WARN  org.eclipse.jetty.server.handler.ContextHandler - Empty contextPath
12:03:22.275 [Test worker] INFO  org.eclipse.jetty.server.handler.ContextHandler - Started o.e.j.s.ServletContextHandler@53d701d8{/,null,AVAILABLE}
12:03:22.275 [Test worker] DEBUG org.springframework.http.server.reactive.bootstrap.JettyHttpServer - Starting JettyHttpServer...
12:03:22.275 [Test worker] INFO  org.eclipse.jetty.server.Server - jetty-9.4.12.RC2; built: 2018-08-14T14:46:56.477Z; git: 1f9703cf836af6c70ac0665fbc6790c0a8229a7a; jvm 1.8.0_101-b13
12:03:22.275 [Test worker] WARN  org.eclipse.jetty.server.Server - THIS IS NOT A STABLE RELEASE! DO NOT USE IN PRODUCTION!
12:03:22.275 [Test worker] WARN  org.eclipse.jetty.server.Server - Download a stable release from http://download.eclipse.org/jetty/
12:03:22.276 [Test worker] INFO  org.eclipse.jetty.server.AbstractConnector - Started ServerConnector@32037ea9{HTTP/1.1,[http/1.1]}{0.0.0.0:52686}
12:03:22.276 [Test worker] INFO  org.eclipse.jetty.server.Server - Started @82674ms
12:03:22.276 [Test worker] DEBUG org.springframework.http.server.reactive.bootstrap.JettyHttpServer - Server started on port 52686(0 millis).
12:03:22.277 [Test worker] DEBUG org.springframework.web.client.RestTemplate - HTTP POST http://localhost:52686/person-create/rxjava2-observable
12:03:22.277 [Test worker] DEBUG org.springframework.web.client.RestTemplate - Accept=[application/json, application/x-jackson-smile, application/*+json]
12:03:22.277 [Test worker] DEBUG org.springframework.web.client.RestTemplate - Writing [org.springframework.web.reactive.result.method.annotation.RequestMappingMessageConversionIntegrationTests$People@2087238c] as "application/xml"
12:03:22.283 [qtp1636087064-3037] DEBUG org.springframework.web.server.adapter.HttpWebHandlerAdapter - [540db4d7] HTTP POST "/person-create/rxjava2-observable"
12:03:22.283 [qtp1636087064-3037] DEBUG org.springframework.web.reactive.result.method.annotation.RequestMappingHandlerMapping - [540db4d7] Mapped to public io.reactivex.Completable org.springframework.web.reactive.result.method.annotation.RequestMappingMessageConversionIntegrationTests$PersonCreateController.createWithRxJava2Observable(io.reactivex.Observable<org.springframework.web.reactive.result.method.annotation.RequestMappingMessageConversionIntegrationTests$Person>)
12:03:22.283 [qtp1636087064-3037] DEBUG org.springframework.web.reactive.result.method.annotation.RequestBodyArgumentResolver - [540db4d7] Content-Type:application/xml
12:03:22.284 [qtp1636087064-3037] DEBUG org.springframework.web.reactive.result.method.annotation.RequestBodyArgumentResolver - [540db4d7] 0..N [org.springframework.web.reactive.result.method.annotation.RequestMappingMessageConversionIntegrationTests$Person]
12:03:22.289 [qtp1636087064-3037] DEBUG org.springframework.http.codec.xml.Jaxb2XmlDecoder - [540db4d7] Decoded [Person{name='Robert'}]
12:03:22.289 [qtp1636087064-3037] DEBUG org.springframework.http.codec.xml.Jaxb2XmlDecoder - [540db4d7] Decoded [Person{name='Marie'}]
12:03:22.289 [qtp1636087064-3037] DEBUG org.springframework.web.server.adapter.HttpWebHandlerAdapter - [540db4d7] Completed 200 OK
12:03:22.297 [Test worker] DEBUG org.springframework.web.client.RestTemplate - Response 200 OK
12:03:22.297 [Test worker] DEBUG org.springframework.http.server.reactive.bootstrap.JettyHttpServer - Stopping JettyHttpServer...
12:03:22.297 [Test worker] INFO  org.eclipse.jetty.server.handler.ContextHandler - Stopped o.e.j.s.ServletContextHandler@53d701d8{/,null,UNAVAILABLE}
12:03:22.301 [Test worker] INFO  org.eclipse.jetty.server.AbstractConnector - Stopped ServerConnector@32037ea9{HTTP/1.1,[http/1.1]}{0.0.0.0:0}
12:03:22.301 [Test worker] DEBUG org.springframework.http.server.reactive.bootstrap.JettyHttpServer - Server stopped (0 millis).
12:03:22.385 [Test worker] DEBUG org.springframework.web.reactive.result.method.annotation.RequestMappingHandlerMapping - 37 mappings in 'requestMappingHandlerMapping'
12:03:22.428 [Test worker] DEBUG org.springframework.web.reactive.result.method.annotation.ControllerMethodResolver - ControllerAdvice beans: none
12:03:22.501 [Test worker] DEBUG org.springframework.web.server.adapter.HttpWebHandlerAdapter - enableLoggingRequestDetails='false': form data and headers will be masked to prevent unsafe logging of potentially sensitive data
12:03:22.501 [Test worker] WARN  org.eclipse.jetty.server.handler.ContextHandler - Empty contextPath
12:03:22.501 [Test worker] INFO  org.eclipse.jetty.server.handler.ContextHandler - Started o.e.j.s.ServletContextHandler@29c5d8f9{/,null,AVAILABLE}
12:03:22.501 [Test worker] DEBUG org.springframework.http.server.reactive.bootstrap.JettyHttpServer - Starting JettyHttpServer...
12:03:22.501 [Test worker] INFO  org.eclipse.jetty.server.Server - jetty-9.4.12.RC2; built: 2018-08-14T14:46:56.477Z; git: 1f9703cf836af6c70ac0665fbc6790c0a8229a7a; jvm 1.8.0_101-b13
12:03:22.501 [Test worker] WARN  org.eclipse.jetty.server.Server - THIS IS NOT A STABLE RELEASE! DO NOT USE IN PRODUCTION!
12:03:22.501 [Test worker] WARN  org.eclipse.jetty.server.Server - Download a stable release from http://download.eclipse.org/jetty/
12:03:22.503 [Test worker] INFO  org.eclipse.jetty.server.AbstractConnector - Started ServerConnector@15e4e0e7{HTTP/1.1,[http/1.1]}{0.0.0.0:52694}
12:03:22.503 [Test worker] INFO  org.eclipse.jetty.server.Server - Started @82900ms
12:03:22.503 [Test worker] DEBUG org.springframework.http.server.reactive.bootstrap.JettyHttpServer - Server started on port 52694(0 millis).
12:03:22.503 [Test worker] DEBUG org.springframework.web.client.RestTemplate - HTTP POST http://localhost:52694/person-transform/rxjava2-maybe
12:03:22.503 [Test worker] DEBUG org.springframework.web.client.RestTemplate - Accept=[application/xml, text/xml, application/json, application/x-jackson-smile, application/*+xml, application/*+json]
12:03:22.503 [Test worker] DEBUG org.springframework.web.client.RestTemplate - Writing [Person{name='Robert'}] as "application/json"
12:03:22.505 [qtp743617235-3049] DEBUG org.springframework.web.server.adapter.HttpWebHandlerAdapter - [4927e92c] HTTP POST "/person-transform/rxjava2-maybe"
12:03:22.505 [qtp743617235-3049] DEBUG org.springframework.web.reactive.result.method.annotation.RequestMappingHandlerMapping - [4927e92c] Mapped to public io.reactivex.Maybe<org.springframework.web.reactive.result.method.annotation.RequestMappingMessageConversionIntegrationTests$Person> org.springframework.web.reactive.result.method.annotation.RequestMappingMessageConversionIntegrationTests$PersonTransformationController.transformRxJava2Maybe(io.reactivex.Maybe<org.springframework.web.reactive.result.method.annotation.RequestMappingMessageConversionIntegrationTests$Person>)
12:03:22.505 [qtp743617235-3049] DEBUG org.springframework.web.reactive.result.method.annotation.RequestBodyArgumentResolver - [4927e92c] Content-Type:application/json;charset=UTF-8
12:03:22.505 [qtp743617235-3049] DEBUG org.springframework.web.reactive.result.method.annotation.RequestBodyArgumentResolver - [4927e92c] 0..1 [org.springframework.web.reactive.result.method.annotation.RequestMappingMessageConversionIntegrationTests$Person]
12:03:22.506 [qtp743617235-3049] DEBUG org.springframework.web.reactive.result.method.annotation.ResponseBodyResultHandler - Using 'application/json;charset=UTF-8' given [application/json] and supported [application/json;charset=UTF-8, application/*+json;charset=UTF-8, application/x-jackson-smile;charset=UTF-8, application/*+x-jackson-smile;charset=UTF-8, application/xml, text/xml, text/event-stream]
12:03:22.506 [qtp743617235-3049] DEBUG org.springframework.web.reactive.result.method.annotation.ResponseBodyResultHandler - [4927e92c] 0..1 [org.springframework.web.reactive.result.method.annotation.RequestMappingMessageConversionIntegrationTests$Person]
12:03:22.507 [qtp743617235-3049] DEBUG org.springframework.http.codec.json.Jackson2JsonDecoder - [4927e92c] Decoded [Person{name='Robert'}]
12:03:22.508 [qtp743617235-3049] DEBUG org.springframework.http.codec.json.Jackson2JsonEncoder - [4927e92c] Encoding [Person{name='ROBERT'}]
12:03:22.508 [qtp743617235-3049] DEBUG org.springframework.web.server.adapter.HttpWebHandlerAdapter - [4927e92c] Completed 200 OK
12:03:22.508 [Test worker] DEBUG org.springframework.web.client.RestTemplate - Response 200 OK
12:03:22.508 [Test worker] DEBUG org.springframework.web.client.RestTemplate - Reading to [org.springframework.web.reactive.result.method.annotation.RequestMappingMessageConversionIntegrationTests$Person]
12:03:22.508 [Test worker] DEBUG org.springframework.http.server.reactive.bootstrap.JettyHttpServer - Stopping JettyHttpServer...
12:03:22.508 [Test worker] INFO  org.eclipse.jetty.server.handler.ContextHandler - Stopped o.e.j.s.ServletContextHandler@29c5d8f9{/,null,UNAVAILABLE}
12:03:22.509 [Test worker] INFO  org.eclipse.jetty.server.AbstractConnector - Stopped ServerConnector@15e4e0e7{HTTP/1.1,[http/1.1]}{0.0.0.0:0}
12:03:22.509 [Test worker] DEBUG org.springframework.http.server.reactive.bootstrap.JettyHttpServer - Server stopped (0 millis).
12:03:22.589 [Test worker] DEBUG org.springframework.web.reactive.result.method.annotation.RequestMappingHandlerMapping - 37 mappings in 'requestMappingHandlerMapping'
12:03:22.632 [Test worker] DEBUG org.springframework.web.reactive.result.method.annotation.ControllerMethodResolver - ControllerAdvice beans: none
12:03:22.706 [Test worker] DEBUG org.springframework.web.server.adapter.HttpWebHandlerAdapter - enableLoggingRequestDetails='false': form data and headers will be masked to prevent unsafe logging of potentially sensitive data
12:03:22.706 [Test worker] WARN  org.eclipse.jetty.server.handler.ContextHandler - Empty contextPath
12:03:22.706 [Test worker] INFO  org.eclipse.jetty.server.handler.ContextHandler - Started o.e.j.s.ServletContextHandler@175cabf7{/,null,AVAILABLE}
12:03:22.706 [Test worker] DEBUG org.springframework.http.server.reactive.bootstrap.JettyHttpServer - Starting JettyHttpServer...
12:03:22.707 [Test worker] INFO  org.eclipse.jetty.server.Server - jetty-9.4.12.RC2; built: 2018-08-14T14:46:56.477Z; git: 1f9703cf836af6c70ac0665fbc6790c0a8229a7a; jvm 1.8.0_101-b13
12:03:22.707 [Test worker] WARN  org.eclipse.jetty.server.Server - THIS IS NOT A STABLE RELEASE! DO NOT USE IN PRODUCTION!
12:03:22.707 [Test worker] WARN  org.eclipse.jetty.server.Server - Download a stable release from http://download.eclipse.org/jetty/
12:03:22.708 [Test worker] INFO  org.eclipse.jetty.server.AbstractConnector - Started ServerConnector@165c7089{HTTP/1.1,[http/1.1]}{0.0.0.0:52702}
12:03:22.708 [Test worker] INFO  org.eclipse.jetty.server.Server - Started @83106ms
12:03:22.708 [Test worker] DEBUG org.springframework.http.server.reactive.bootstrap.JettyHttpServer - Server started on port 52702(0 millis).
12:03:22.708 [Test worker] DEBUG org.springframework.web.client.RestTemplate - HTTP GET http://localhost:52702/raw-response/flowable
12:03:22.708 [Test worker] DEBUG org.springframework.web.client.RestTemplate - Accept=[text/plain, application/json, application/x-jackson-smile, application/*+json, */*]
12:03:22.709 [qtp1861694837-3059] DEBUG org.springframework.web.server.adapter.HttpWebHandlerAdapter - [79d2aae5] HTTP GET "/raw-response/flowable"
12:03:22.709 [qtp1861694837-3059] DEBUG org.springframework.web.reactive.result.method.annotation.RequestMappingHandlerMapping - [79d2aae5] Mapped to public io.reactivex.Flowable<java.nio.ByteBuffer> org.springframework.web.reactive.result.method.annotation.RequestMappingMessageConversionIntegrationTests$RawResponseBodyController.getFlowable()
12:03:22.710 [qtp1861694837-3059] DEBUG org.springframework.web.reactive.result.method.annotation.ResponseBodyResultHandler - Using 'text/plain' given [text/plain, application/json, application/x-jackson-smile, application/*+json, */*] and supported [*/*, application/json;charset=UTF-8, application/*+json;charset=UTF-8, application/x-jackson-smile;charset=UTF-8, application/*+x-jackson-smile;charset=UTF-8, text/event-stream]
12:03:22.710 [qtp1861694837-3059] DEBUG org.springframework.web.reactive.result.method.annotation.ResponseBodyResultHandler - [79d2aae5] 0..N [java.nio.ByteBuffer]
12:03:22.711 [qtp1861694837-3059] DEBUG org.springframework.core.codec.ByteBufferEncoder - [79d2aae5] Writing 6 bytes
12:03:22.711 [qtp1861694837-3059] DEBUG org.springframework.web.server.adapter.HttpWebHandlerAdapter - [79d2aae5] Completed 200 OK
12:03:22.711 [Test worker] DEBUG org.springframework.web.client.RestTemplate - Response 200 OK
12:03:22.711 [Test worker] DEBUG org.springframework.web.client.RestTemplate - Reading to [java.lang.String] as "text/plain"
12:03:22.711 [Test worker] DEBUG org.springframework.http.server.reactive.bootstrap.JettyHttpServer - Stopping JettyHttpServer...
12:03:22.711 [Test worker] INFO  org.eclipse.jetty.server.handler.ContextHandler - Stopped o.e.j.s.ServletContextHandler@175cabf7{/,null,UNAVAILABLE}
12:03:22.712 [Test worker] INFO  org.eclipse.jetty.server.AbstractConnector - Stopped ServerConnector@165c7089{HTTP/1.1,[http/1.1]}{0.0.0.0:0}
12:03:22.712 [Test worker] DEBUG org.springframework.http.server.reactive.bootstrap.JettyHttpServer - Server stopped (0 millis).
12:03:22.793 [Test worker] DEBUG org.springframework.web.reactive.result.method.annotation.RequestMappingHandlerMapping - 37 mappings in 'requestMappingHandlerMapping'
12:03:22.834 [Test worker] DEBUG org.springframework.web.reactive.result.method.annotation.ControllerMethodResolver - ControllerAdvice beans: none
12:03:22.903 [Test worker] DEBUG org.springframework.web.server.adapter.HttpWebHandlerAdapter - enableLoggingRequestDetails='false': form data and headers will be masked to prevent unsafe logging of potentially sensitive data
12:03:22.903 [Test worker] WARN  org.eclipse.jetty.server.handler.ContextHandler - Empty contextPath
12:03:22.904 [Test worker] INFO  org.eclipse.jetty.server.handler.ContextHandler - Started o.e.j.s.ServletContextHandler@5925633d{/,null,AVAILABLE}
12:03:22.904 [Test worker] DEBUG org.springframework.http.server.reactive.bootstrap.JettyHttpServer - Starting JettyHttpServer...
12:03:22.904 [Test worker] INFO  org.eclipse.jetty.server.Server - jetty-9.4.12.RC2; built: 2018-08-14T14:46:56.477Z; git: 1f9703cf836af6c70ac0665fbc6790c0a8229a7a; jvm 1.8.0_101-b13
12:03:22.904 [Test worker] WARN  org.eclipse.jetty.server.Server - THIS IS NOT A STABLE RELEASE! DO NOT USE IN PRODUCTION!
12:03:22.904 [Test worker] WARN  org.eclipse.jetty.server.Server - Download a stable release from http://download.eclipse.org/jetty/
12:03:22.905 [Test worker] INFO  org.eclipse.jetty.server.AbstractConnector - Started ServerConnector@883ef8d{HTTP/1.1,[http/1.1]}{0.0.0.0:52710}
12:03:22.905 [Test worker] INFO  org.eclipse.jetty.server.Server - Started @83302ms
12:03:22.905 [Test worker] DEBUG org.springframework.http.server.reactive.bootstrap.JettyHttpServer - Server started on port 52710(0 millis).
12:03:22.905 [Test worker] DEBUG org.springframework.web.client.RestTemplate - HTTP POST http://localhost:52710/person-transform/flux
12:03:22.905 [Test worker] DEBUG org.springframework.web.client.RestTemplate - Accept=[application/json, application/x-jackson-smile, application/*+json]
12:03:22.906 [Test worker] DEBUG org.springframework.web.client.RestTemplate - Writing [[Person{name='Robert'}, Person{name='Marie'}]] as "application/json"
12:03:22.907 [qtp1900726079-3069] DEBUG org.springframework.web.server.adapter.HttpWebHandlerAdapter - [2ab761cd] HTTP POST "/person-transform/flux"
12:03:22.907 [qtp1900726079-3069] DEBUG org.springframework.web.reactive.result.method.annotation.RequestMappingHandlerMapping - [2ab761cd] Mapped to public reactor.core.publisher.Flux<org.springframework.web.reactive.result.method.annotation.RequestMappingMessageConversionIntegrationTests$Person> org.springframework.web.reactive.result.method.annotation.RequestMappingMessageConversionIntegrationTests$PersonTransformationController.transformFlux(reactor.core.publisher.Flux<org.springframework.web.reactive.result.method.annotation.RequestMappingMessageConversionIntegrationTests$Person>)
12:03:22.907 [qtp1900726079-3069] DEBUG org.springframework.web.reactive.result.method.annotation.RequestBodyArgumentResolver - [2ab761cd] Content-Type:application/json;charset=UTF-8
12:03:22.907 [qtp1900726079-3069] DEBUG org.springframework.web.reactive.result.method.annotation.RequestBodyArgumentResolver - [2ab761cd] 0..N [org.springframework.web.reactive.result.method.annotation.RequestMappingMessageConversionIntegrationTests$Person]
12:03:22.908 [qtp1900726079-3069] DEBUG org.springframework.web.reactive.result.method.annotation.ResponseBodyResultHandler - Using 'application/json;charset=UTF-8' given [application/json] and supported [application/json;charset=UTF-8, application/*+json;charset=UTF-8, application/x-jackson-smile;charset=UTF-8, application/*+x-jackson-smile;charset=UTF-8, application/xml, text/xml, text/event-stream]
12:03:22.908 [qtp1900726079-3069] DEBUG org.springframework.web.reactive.result.method.annotation.ResponseBodyResultHandler - [2ab761cd] 0..N [org.springframework.web.reactive.result.method.annotation.RequestMappingMessageConversionIntegrationTests$Person]
12:03:22.908 [qtp1900726079-3069] DEBUG org.springframework.http.codec.json.Jackson2JsonDecoder - [2ab761cd] Decoded [Person{name='Robert'}]
12:03:22.908 [qtp1900726079-3069] DEBUG org.springframework.http.codec.json.Jackson2JsonDecoder - [2ab761cd] Decoded [Person{name='Marie'}]
12:03:22.908 [qtp1900726079-3069] DEBUG org.springframework.http.codec.json.Jackson2JsonEncoder - [2ab761cd] Encoding [[Person{name='ROBERT'}, Person{name='MARIE'}]]
12:03:22.909 [qtp1900726079-3069] DEBUG org.springframework.web.server.adapter.HttpWebHandlerAdapter - [2ab761cd] Completed 200 OK
12:03:22.909 [Test worker] DEBUG org.springframework.web.client.RestTemplate - Response 200 OK
12:03:22.909 [Test worker] DEBUG org.springframework.web.client.RestTemplate - Reading to [java.util.List<org.springframework.web.reactive.result.method.annotation.RequestMappingMessageConversionIntegrationTests$Person>]
12:03:22.909 [Test worker] DEBUG org.springframework.http.server.reactive.bootstrap.JettyHttpServer - Stopping JettyHttpServer...
12:03:22.909 [Test worker] INFO  org.eclipse.jetty.server.handler.ContextHandler - Stopped o.e.j.s.ServletContextHandler@5925633d{/,null,UNAVAILABLE}
12:03:22.910 [Test worker] INFO  org.eclipse.jetty.server.AbstractConnector - Stopped ServerConnector@883ef8d{HTTP/1.1,[http/1.1]}{0.0.0.0:0}
12:03:22.910 [Test worker] DEBUG org.springframework.http.server.reactive.bootstrap.JettyHttpServer - Server stopped (0 millis).
12:03:22.993 [Test worker] DEBUG org.springframework.web.reactive.result.method.annotation.RequestMappingHandlerMapping - 37 mappings in 'requestMappingHandlerMapping'
12:03:23.044 [Test worker] DEBUG org.springframework.web.reactive.result.method.annotation.ControllerMethodResolver - ControllerAdvice beans: none
12:03:23.118 [Test worker] DEBUG org.springframework.web.server.adapter.HttpWebHandlerAdapter - enableLoggingRequestDetails='false': form data and headers will be masked to prevent unsafe logging of potentially sensitive data
12:03:23.118 [Test worker] WARN  org.eclipse.jetty.server.handler.ContextHandler - Empty contextPath
12:03:23.118 [Test worker] INFO  org.eclipse.jetty.server.handler.ContextHandler - Started o.e.j.s.ServletContextHandler@4cdc6e2{/,null,AVAILABLE}
12:03:23.118 [Test worker] DEBUG org.springframework.http.server.reactive.bootstrap.JettyHttpServer - Starting JettyHttpServer...
12:03:23.118 [Test worker] INFO  org.eclipse.jetty.server.Server - jetty-9.4.12.RC2; built: 2018-08-14T14:46:56.477Z; git: 1f9703cf836af6c70ac0665fbc6790c0a8229a7a; jvm 1.8.0_101-b13
12:03:23.118 [Test worker] WARN  org.eclipse.jetty.server.Server - THIS IS NOT A STABLE RELEASE! DO NOT USE IN PRODUCTION!
12:03:23.118 [Test worker] WARN  org.eclipse.jetty.server.Server - Download a stable release from http://download.eclipse.org/jetty/
12:03:23.119 [Test worker] INFO  org.eclipse.jetty.server.AbstractConnector - Started ServerConnector@ca40b59{HTTP/1.1,[http/1.1]}{0.0.0.0:52718}
12:03:23.119 [Test worker] INFO  org.eclipse.jetty.server.Server - Started @83517ms
12:03:23.119 [Test worker] DEBUG org.springframework.http.server.reactive.bootstrap.JettyHttpServer - Server started on port 52718(0 millis).
12:03:23.119 [Test worker] DEBUG org.springframework.web.client.RestTemplate - HTTP POST http://localhost:52718/person-transform/mono
12:03:23.120 [Test worker] DEBUG org.springframework.web.client.RestTemplate - Accept=[application/xml, text/xml, application/json, application/x-jackson-smile, application/*+xml, application/*+json]
12:03:23.120 [Test worker] DEBUG org.springframework.web.client.RestTemplate - Writing [Person{name='Robert'}] as "application/json"
12:03:23.121 [qtp1947810932-3079] DEBUG org.springframework.web.server.adapter.HttpWebHandlerAdapter - [3b6de760] HTTP POST "/person-transform/mono"
12:03:23.121 [qtp1947810932-3079] DEBUG org.springframework.web.reactive.result.method.annotation.RequestMappingHandlerMapping - [3b6de760] Mapped to public reactor.core.publisher.Mono<org.springframework.web.reactive.result.method.annotation.RequestMappingMessageConversionIntegrationTests$Person> org.springframework.web.reactive.result.method.annotation.RequestMappingMessageConversionIntegrationTests$PersonTransformationController.transformMono(reactor.core.publisher.Mono<org.springframework.web.reactive.result.method.annotation.RequestMappingMessageConversionIntegrationTests$Person>)
12:03:23.121 [qtp1947810932-3079] DEBUG org.springframework.web.reactive.result.method.annotation.RequestBodyArgumentResolver - [3b6de760] Content-Type:application/json;charset=UTF-8
12:03:23.121 [qtp1947810932-3079] DEBUG org.springframework.web.reactive.result.method.annotation.RequestBodyArgumentResolver - [3b6de760] 0..1 [org.springframework.web.reactive.result.method.annotation.RequestMappingMessageConversionIntegrationTests$Person]
12:03:23.122 [qtp1947810932-3079] DEBUG org.springframework.web.reactive.result.method.annotation.ResponseBodyResultHandler - Using 'application/json;charset=UTF-8' given [application/json] and supported [application/json;charset=UTF-8, application/*+json;charset=UTF-8, application/x-jackson-smile;charset=UTF-8, application/*+x-jackson-smile;charset=UTF-8, application/xml, text/xml, text/event-stream]
12:03:23.122 [qtp1947810932-3079] DEBUG org.springframework.web.reactive.result.method.annotation.ResponseBodyResultHandler - [3b6de760] 0..1 [org.springframework.web.reactive.result.method.annotation.RequestMappingMessageConversionIntegrationTests$Person]
12:03:23.122 [qtp1947810932-3079] DEBUG org.springframework.http.codec.json.Jackson2JsonDecoder - [3b6de760] Decoded [Person{name='Robert'}]
12:03:23.122 [qtp1947810932-3079] DEBUG org.springframework.http.codec.json.Jackson2JsonEncoder - [3b6de760] Encoding [Person{name='ROBERT'}]
12:03:23.122 [Test worker] DEBUG org.springframework.web.client.RestTemplate - Response 200 OK
12:03:23.122 [qtp1947810932-3079] DEBUG org.springframework.web.server.adapter.HttpWebHandlerAdapter - [3b6de760] Completed 200 OK
12:03:23.122 [Test worker] DEBUG org.springframework.web.client.RestTemplate - Reading to [org.springframework.web.reactive.result.method.annotation.RequestMappingMessageConversionIntegrationTests$Person]
12:03:23.123 [Test worker] DEBUG org.springframework.http.server.reactive.bootstrap.JettyHttpServer - Stopping JettyHttpServer...
12:03:23.123 [Test worker] INFO  org.eclipse.jetty.server.handler.ContextHandler - Stopped o.e.j.s.ServletContextHandler@4cdc6e2{/,null,UNAVAILABLE}
12:03:23.123 [Test worker] INFO  org.eclipse.jetty.server.AbstractConnector - Stopped ServerConnector@ca40b59{HTTP/1.1,[http/1.1]}{0.0.0.0:0}
12:03:23.124 [Test worker] DEBUG org.springframework.http.server.reactive.bootstrap.JettyHttpServer - Server stopped (0 millis).
12:03:23.204 [Test worker] DEBUG org.springframework.web.reactive.result.method.annotation.RequestMappingHandlerMapping - 37 mappings in 'requestMappingHandlerMapping'
12:03:23.247 [Test worker] DEBUG org.springframework.web.reactive.result.method.annotation.ControllerMethodResolver - ControllerAdvice beans: none
12:03:23.315 [Test worker] DEBUG org.springframework.web.server.adapter.HttpWebHandlerAdapter - enableLoggingRequestDetails='false': form data and headers will be masked to prevent unsafe logging of potentially sensitive data
12:03:23.315 [Test worker] WARN  org.eclipse.jetty.server.handler.ContextHandler - Empty contextPath
12:03:23.315 [Test worker] INFO  org.eclipse.jetty.server.handler.ContextHandler - Started o.e.j.s.ServletContextHandler@4ab961aa{/,null,AVAILABLE}
12:03:23.315 [Test worker] DEBUG org.springframework.http.server.reactive.bootstrap.JettyHttpServer - Starting JettyHttpServer...
12:03:23.315 [Test worker] INFO  org.eclipse.jetty.server.Server - jetty-9.4.12.RC2; built: 2018-08-14T14:46:56.477Z; git: 1f9703cf836af6c70ac0665fbc6790c0a8229a7a; jvm 1.8.0_101-b13
12:03:23.316 [Test worker] WARN  org.eclipse.jetty.server.Server - THIS IS NOT A STABLE RELEASE! DO NOT USE IN PRODUCTION!
12:03:23.316 [Test worker] WARN  org.eclipse.jetty.server.Server - Download a stable release from http://download.eclipse.org/jetty/
12:03:23.317 [Test worker] INFO  org.eclipse.jetty.server.AbstractConnector - Started ServerConnector@22522131{HTTP/1.1,[http/1.1]}{0.0.0.0:52726}
12:03:23.317 [Test worker] INFO  org.eclipse.jetty.server.Server - Started @83715ms
12:03:23.317 [Test worker] DEBUG org.springframework.http.server.reactive.bootstrap.JettyHttpServer - Server started on port 52726(0 millis).
12:03:23.317 [Test worker] DEBUG org.springframework.web.client.RestTemplate - HTTP POST http://localhost:52726/person-transform/person
12:03:23.317 [Test worker] DEBUG org.springframework.web.client.RestTemplate - Accept=[application/xml, text/xml, application/json, application/x-jackson-smile, application/*+xml, application/*+json]
12:03:23.318 [Test worker] DEBUG org.springframework.web.client.RestTemplate - Writing [Person{name='Robert'}] as "application/json"
12:03:23.319 [qtp717206840-3089] DEBUG org.springframework.web.server.adapter.HttpWebHandlerAdapter - [5f9e2df1] HTTP POST "/person-transform/person"
12:03:23.319 [qtp717206840-3089] DEBUG org.springframework.web.reactive.result.method.annotation.RequestMappingHandlerMapping - [5f9e2df1] Mapped to public org.springframework.web.reactive.result.method.annotation.RequestMappingMessageConversionIntegrationTests$Person org.springframework.web.reactive.result.method.annotation.RequestMappingMessageConversionIntegrationTests$PersonTransformationController.transformPerson(org.springframework.web.reactive.result.method.annotation.RequestMappingMessageConversionIntegrationTests$Person)
12:03:23.319 [qtp717206840-3089] DEBUG org.springframework.web.reactive.result.method.annotation.RequestBodyArgumentResolver - [5f9e2df1] Content-Type:application/json;charset=UTF-8
12:03:23.319 [qtp717206840-3089] DEBUG org.springframework.web.reactive.result.method.annotation.RequestBodyArgumentResolver - [5f9e2df1] 0..1 [org.springframework.web.reactive.result.method.annotation.RequestMappingMessageConversionIntegrationTests$Person]
12:03:23.319 [qtp717206840-3089] DEBUG org.springframework.http.codec.json.Jackson2JsonDecoder - [5f9e2df1] Decoded [Person{name='Robert'}]
12:03:23.320 [qtp717206840-3089] DEBUG org.springframework.web.reactive.result.method.annotation.ResponseBodyResultHandler - Using 'application/json;charset=UTF-8' given [application/json] and supported [application/json;charset=UTF-8, application/*+json;charset=UTF-8, application/x-jackson-smile;charset=UTF-8, application/*+x-jackson-smile;charset=UTF-8, application/xml, text/xml, text/event-stream]
12:03:23.320 [qtp717206840-3089] DEBUG org.springframework.web.reactive.result.method.annotation.ResponseBodyResultHandler - [5f9e2df1] 0..1 [org.springframework.web.reactive.result.method.annotation.RequestMappingMessageConversionIntegrationTests$Person]
12:03:23.320 [qtp717206840-3089] DEBUG org.springframework.http.codec.json.Jackson2JsonEncoder - [5f9e2df1] Encoding [Person{name='ROBERT'}]
12:03:23.320 [qtp717206840-3089] DEBUG org.springframework.web.server.adapter.HttpWebHandlerAdapter - [5f9e2df1] Completed 200 OK
12:03:23.320 [Test worker] DEBUG org.springframework.web.client.RestTemplate - Response 200 OK
12:03:23.320 [Test worker] DEBUG org.springframework.web.client.RestTemplate - Reading to [org.springframework.web.reactive.result.method.annotation.RequestMappingMessageConversionIntegrationTests$Person]
12:03:23.320 [Test worker] DEBUG org.springframework.http.server.reactive.bootstrap.JettyHttpServer - Stopping JettyHttpServer...
12:03:23.320 [Test worker] INFO  org.eclipse.jetty.server.handler.ContextHandler - Stopped o.e.j.s.ServletContextHandler@4ab961aa{/,null,UNAVAILABLE}
12:03:23.321 [Test worker] INFO  org.eclipse.jetty.server.AbstractConnector - Stopped ServerConnector@22522131{HTTP/1.1,[http/1.1]}{0.0.0.0:0}
12:03:23.322 [Test worker] DEBUG org.springframework.http.server.reactive.bootstrap.JettyHttpServer - Server stopped (0 millis).
12:03:23.402 [Test worker] DEBUG org.springframework.web.reactive.result.method.annotation.RequestMappingHandlerMapping - 37 mappings in 'requestMappingHandlerMapping'
12:03:23.443 [Test worker] DEBUG org.springframework.web.reactive.result.method.annotation.ControllerMethodResolver - ControllerAdvice beans: none
12:03:23.512 [Test worker] DEBUG org.springframework.web.server.adapter.HttpWebHandlerAdapter - enableLoggingRequestDetails='false': form data and headers will be masked to prevent unsafe logging of potentially sensitive data
12:03:23.512 [Test worker] WARN  org.eclipse.jetty.server.handler.ContextHandler - Empty contextPath
12:03:23.512 [Test worker] INFO  org.eclipse.jetty.server.handler.ContextHandler - Started o.e.j.s.ServletContextHandler@4434b7e7{/,null,AVAILABLE}
12:03:23.512 [Test worker] DEBUG org.springframework.http.server.reactive.bootstrap.JettyHttpServer - Starting JettyHttpServer...
12:03:23.512 [Test worker] INFO  org.eclipse.jetty.server.Server - jetty-9.4.12.RC2; built: 2018-08-14T14:46:56.477Z; git: 1f9703cf836af6c70ac0665fbc6790c0a8229a7a; jvm 1.8.0_101-b13
12:03:23.512 [Test worker] WARN  org.eclipse.jetty.server.Server - THIS IS NOT A STABLE RELEASE! DO NOT USE IN PRODUCTION!
12:03:23.512 [Test worker] WARN  org.eclipse.jetty.server.Server - Download a stable release from http://download.eclipse.org/jetty/
12:03:23.514 [Test worker] INFO  org.eclipse.jetty.server.AbstractConnector - Started ServerConnector@f0c9365{HTTP/1.1,[http/1.1]}{0.0.0.0:52734}
12:03:23.514 [Test worker] INFO  org.eclipse.jetty.server.Server - Started @83912ms
12:03:23.514 [Test worker] DEBUG org.springframework.http.server.reactive.bootstrap.JettyHttpServer - Server started on port 52734(0 millis).
12:03:23.514 [Test worker] DEBUG org.springframework.web.client.RestTemplate - HTTP POST http://localhost:52734/person-transform/mono
12:03:23.514 [Test worker] DEBUG org.springframework.web.client.RestTemplate - Accept=[application/xml, text/xml, application/json, application/x-jackson-smile, application/*+xml, application/*+json]
12:03:23.514 [Test worker] DEBUG org.springframework.web.client.RestTemplate - Writing [Person{name='Robert'}] as "application/xml"
12:03:23.520 [qtp2146491485-3097] DEBUG org.springframework.web.server.adapter.HttpWebHandlerAdapter - [6d971cff] HTTP POST "/person-transform/mono"
12:03:23.521 [qtp2146491485-3097] DEBUG org.springframework.web.reactive.result.method.annotation.RequestMappingHandlerMapping - [6d971cff] Mapped to public reactor.core.publisher.Mono<org.springframework.web.reactive.result.method.annotation.RequestMappingMessageConversionIntegrationTests$Person> org.springframework.web.reactive.result.method.annotation.RequestMappingMessageConversionIntegrationTests$PersonTransformationController.transformMono(reactor.core.publisher.Mono<org.springframework.web.reactive.result.method.annotation.RequestMappingMessageConversionIntegrationTests$Person>)
12:03:23.521 [qtp2146491485-3097] DEBUG org.springframework.web.reactive.result.method.annotation.RequestBodyArgumentResolver - [6d971cff] Content-Type:application/xml
12:03:23.521 [qtp2146491485-3097] DEBUG org.springframework.web.reactive.result.method.annotation.RequestBodyArgumentResolver - [6d971cff] 0..1 [org.springframework.web.reactive.result.method.annotation.RequestMappingMessageConversionIntegrationTests$Person]
12:03:23.521 [qtp2146491485-3097] DEBUG org.springframework.web.reactive.result.method.annotation.ResponseBodyResultHandler - Using 'application/xml' given [application/xml] and supported [application/json;charset=UTF-8, application/*+json;charset=UTF-8, application/x-jackson-smile;charset=UTF-8, application/*+x-jackson-smile;charset=UTF-8, application/xml, text/xml, text/event-stream]
12:03:23.521 [qtp2146491485-3097] DEBUG org.springframework.web.reactive.result.method.annotation.ResponseBodyResultHandler - [6d971cff] 0..1 [org.springframework.web.reactive.result.method.annotation.RequestMappingMessageConversionIntegrationTests$Person]
12:03:23.526 [qtp2146491485-3097] DEBUG org.springframework.http.codec.xml.Jaxb2XmlDecoder - [6d971cff] Decoded [Person{name='Robert'}]
12:03:23.526 [qtp2146491485-3097] DEBUG org.springframework.http.codec.xml.Jaxb2XmlEncoder - [6d971cff] Encoding [Person{name='ROBERT'}]
12:03:23.531 [qtp2146491485-3097] DEBUG org.springframework.web.server.adapter.HttpWebHandlerAdapter - [6d971cff] Completed 200 OK
12:03:23.531 [Test worker] DEBUG org.springframework.web.client.RestTemplate - Response 200 OK
12:03:23.531 [Test worker] DEBUG org.springframework.web.client.RestTemplate - Reading to [org.springframework.web.reactive.result.method.annotation.RequestMappingMessageConversionIntegrationTests$Person] as "application/xml"
12:03:23.537 [Test worker] DEBUG org.springframework.http.server.reactive.bootstrap.JettyHttpServer - Stopping JettyHttpServer...
12:03:23.537 [Test worker] INFO  org.eclipse.jetty.server.handler.ContextHandler - Stopped o.e.j.s.ServletContextHandler@4434b7e7{/,null,UNAVAILABLE}
12:03:23.538 [Test worker] INFO  org.eclipse.jetty.server.AbstractConnector - Stopped ServerConnector@f0c9365{HTTP/1.1,[http/1.1]}{0.0.0.0:0}
12:03:23.539 [Test worker] DEBUG org.springframework.http.server.reactive.bootstrap.JettyHttpServer - Server stopped (0 millis).
12:03:23.618 [Test worker] DEBUG org.springframework.web.reactive.result.method.annotation.RequestMappingHandlerMapping - 37 mappings in 'requestMappingHandlerMapping'
12:03:23.661 [Test worker] DEBUG org.springframework.web.reactive.result.method.annotation.ControllerMethodResolver - ControllerAdvice beans: none
12:03:23.731 [Test worker] DEBUG org.springframework.web.server.adapter.HttpWebHandlerAdapter - enableLoggingRequestDetails='false': form data and headers will be masked to prevent unsafe logging of potentially sensitive data
12:03:23.731 [Test worker] WARN  org.eclipse.jetty.server.handler.ContextHandler - Empty contextPath
12:03:23.731 [Test worker] INFO  org.eclipse.jetty.server.handler.ContextHandler - Started o.e.j.s.ServletContextHandler@48771351{/,null,AVAILABLE}
12:03:23.731 [Test worker] DEBUG org.springframework.http.server.reactive.bootstrap.JettyHttpServer - Starting JettyHttpServer...
12:03:23.731 [Test worker] INFO  org.eclipse.jetty.server.Server - jetty-9.4.12.RC2; built: 2018-08-14T14:46:56.477Z; git: 1f9703cf836af6c70ac0665fbc6790c0a8229a7a; jvm 1.8.0_101-b13
12:03:23.731 [Test worker] WARN  org.eclipse.jetty.server.Server - THIS IS NOT A STABLE RELEASE! DO NOT USE IN PRODUCTION!
12:03:23.731 [Test worker] WARN  org.eclipse.jetty.server.Server - Download a stable release from http://download.eclipse.org/jetty/
12:03:23.732 [Test worker] INFO  org.eclipse.jetty.server.AbstractConnector - Started ServerConnector@6212438f{HTTP/1.1,[http/1.1]}{0.0.0.0:52742}
12:03:23.732 [Test worker] INFO  org.eclipse.jetty.server.Server - Started @84130ms
12:03:23.732 [Test worker] DEBUG org.springframework.http.server.reactive.bootstrap.JettyHttpServer - Server started on port 52742(0 millis).
12:03:23.732 [Test worker] DEBUG org.springframework.web.client.RestTemplate - HTTP GET http://localhost:52742/person-response/observable
12:03:23.733 [Test worker] DEBUG org.springframework.web.client.RestTemplate - Accept=[application/json, application/x-jackson-smile, application/*+json]
12:03:23.734 [qtp1503557022-3109] DEBUG org.springframework.web.server.adapter.HttpWebHandlerAdapter - [5e7e056a] HTTP GET "/person-response/observable"
12:03:23.734 [qtp1503557022-3109] DEBUG org.springframework.web.reactive.result.method.annotation.RequestMappingHandlerMapping - [5e7e056a] Mapped to public rx.Observable<org.springframework.web.reactive.result.method.annotation.RequestMappingMessageConversionIntegrationTests$Person> org.springframework.web.reactive.result.method.annotation.RequestMappingMessageConversionIntegrationTests$PersonResponseBodyController.getObservable()
12:03:23.735 [qtp1503557022-3109] DEBUG org.springframework.web.reactive.result.method.annotation.ResponseBodyResultHandler - Using 'application/json;charset=UTF-8' given [application/json] and supported [application/json;charset=UTF-8, application/*+json;charset=UTF-8, application/x-jackson-smile;charset=UTF-8, application/*+x-jackson-smile;charset=UTF-8, application/xml, text/xml, text/event-stream]
12:03:23.735 [qtp1503557022-3109] DEBUG org.springframework.web.reactive.result.method.annotation.ResponseBodyResultHandler - [5e7e056a] 0..N [org.springframework.web.reactive.result.method.annotation.RequestMappingMessageConversionIntegrationTests$Person]
12:03:23.737 [qtp1503557022-3109] DEBUG org.springframework.http.codec.json.Jackson2JsonEncoder - [5e7e056a] Encoding [[Person{name='Robert'}, Person{name='Marie'}]]
12:03:23.737 [qtp1503557022-3109] DEBUG org.springframework.web.server.adapter.HttpWebHandlerAdapter - [5e7e056a] Completed 200 OK
12:03:23.737 [Test worker] DEBUG org.springframework.web.client.RestTemplate - Response 200 OK
12:03:23.737 [Test worker] DEBUG org.springframework.web.client.RestTemplate - Reading to [java.util.List<org.springframework.web.reactive.result.method.annotation.RequestMappingMessageConversionIntegrationTests$Person>]
12:03:23.738 [Test worker] DEBUG org.springframework.http.server.reactive.bootstrap.JettyHttpServer - Stopping JettyHttpServer...
12:03:23.738 [Test worker] INFO  org.eclipse.jetty.server.handler.ContextHandler - Stopped o.e.j.s.ServletContextHandler@48771351{/,null,UNAVAILABLE}
12:03:23.739 [Test worker] INFO  org.eclipse.jetty.server.AbstractConnector - Stopped ServerConnector@6212438f{HTTP/1.1,[http/1.1]}{0.0.0.0:0}
12:03:23.739 [Test worker] DEBUG org.springframework.http.server.reactive.bootstrap.JettyHttpServer - Server stopped (0 millis).
12:03:23.819 [Test worker] DEBUG org.springframework.web.reactive.result.method.annotation.RequestMappingHandlerMapping - 37 mappings in 'requestMappingHandlerMapping'
12:03:23.863 [Test worker] DEBUG org.springframework.web.reactive.result.method.annotation.ControllerMethodResolver - ControllerAdvice beans: none
12:03:23.936 [Test worker] DEBUG org.springframework.web.server.adapter.HttpWebHandlerAdapter - enableLoggingRequestDetails='false': form data and headers will be masked to prevent unsafe logging of potentially sensitive data
12:03:23.936 [Test worker] WARN  org.eclipse.jetty.server.handler.ContextHandler - Empty contextPath
12:03:23.936 [Test worker] INFO  org.eclipse.jetty.server.handler.ContextHandler - Started o.e.j.s.ServletContextHandler@30b004d0{/,null,AVAILABLE}
12:03:23.936 [Test worker] DEBUG org.springframework.http.server.reactive.bootstrap.JettyHttpServer - Starting JettyHttpServer...
12:03:23.936 [Test worker] INFO  org.eclipse.jetty.server.Server - jetty-9.4.12.RC2; built: 2018-08-14T14:46:56.477Z; git: 1f9703cf836af6c70ac0665fbc6790c0a8229a7a; jvm 1.8.0_101-b13
12:03:23.936 [Test worker] WARN  org.eclipse.jetty.server.Server - THIS IS NOT A STABLE RELEASE! DO NOT USE IN PRODUCTION!
12:03:23.936 [Test worker] WARN  org.eclipse.jetty.server.Server - Download a stable release from http://download.eclipse.org/jetty/
12:03:23.938 [Test worker] INFO  org.eclipse.jetty.server.AbstractConnector - Started ServerConnector@117bfe6a{HTTP/1.1,[http/1.1]}{0.0.0.0:52750}
12:03:23.938 [Test worker] INFO  org.eclipse.jetty.server.Server - Started @84335ms
12:03:23.938 [Test worker] DEBUG org.springframework.http.server.reactive.bootstrap.JettyHttpServer - Server started on port 52750(0 millis).
12:03:23.938 [Test worker] DEBUG org.springframework.web.client.RestTemplate - HTTP POST http://localhost:52750/person-transform/rxjava2-single
12:03:23.938 [Test worker] DEBUG org.springframework.web.client.RestTemplate - Accept=[application/xml, text/xml, application/json, application/x-jackson-smile, application/*+xml, application/*+json]
12:03:23.938 [Test worker] DEBUG org.springframework.web.client.RestTemplate - Writing [Person{name='Robert'}] as "application/json"
12:03:23.939 [qtp1324212332-3119] DEBUG org.springframework.web.server.adapter.HttpWebHandlerAdapter - [1b412e3e] HTTP POST "/person-transform/rxjava2-single"
12:03:23.939 [qtp1324212332-3119] DEBUG org.springframework.web.reactive.result.method.annotation.RequestMappingHandlerMapping - [1b412e3e] Mapped to public io.reactivex.Single<org.springframework.web.reactive.result.method.annotation.RequestMappingMessageConversionIntegrationTests$Person> org.springframework.web.reactive.result.method.annotation.RequestMappingMessageConversionIntegrationTests$PersonTransformationController.transformRxJava2Single(io.reactivex.Single<org.springframework.web.reactive.result.method.annotation.RequestMappingMessageConversionIntegrationTests$Person>)
12:03:23.940 [qtp1324212332-3119] DEBUG org.springframework.web.reactive.result.method.annotation.RequestBodyArgumentResolver - [1b412e3e] Content-Type:application/json;charset=UTF-8
12:03:23.940 [qtp1324212332-3119] DEBUG org.springframework.web.reactive.result.method.annotation.RequestBodyArgumentResolver - [1b412e3e] 0..1 [org.springframework.web.reactive.result.method.annotation.RequestMappingMessageConversionIntegrationTests$Person]
12:03:23.940 [qtp1324212332-3119] DEBUG org.springframework.web.reactive.result.method.annotation.ResponseBodyResultHandler - Using 'application/json;charset=UTF-8' given [application/json] and supported [application/json;charset=UTF-8, application/*+json;charset=UTF-8, application/x-jackson-smile;charset=UTF-8, application/*+x-jackson-smile;charset=UTF-8, application/xml, text/xml, text/event-stream]
12:03:23.940 [qtp1324212332-3119] DEBUG org.springframework.web.reactive.result.method.annotation.ResponseBodyResultHandler - [1b412e3e] 0..1 [org.springframework.web.reactive.result.method.annotation.RequestMappingMessageConversionIntegrationTests$Person]
12:03:23.942 [qtp1324212332-3119] DEBUG org.springframework.http.codec.json.Jackson2JsonDecoder - [1b412e3e] Decoded [Person{name='Robert'}]
12:03:23.942 [qtp1324212332-3119] DEBUG org.springframework.http.codec.json.Jackson2JsonEncoder - [1b412e3e] Encoding [Person{name='ROBERT'}]
12:03:23.942 [qtp1324212332-3119] DEBUG org.springframework.web.server.adapter.HttpWebHandlerAdapter - [1b412e3e] Completed 200 OK
12:03:23.942 [Test worker] DEBUG org.springframework.web.client.RestTemplate - Response 200 OK
12:03:23.942 [Test worker] DEBUG org.springframework.web.client.RestTemplate - Reading to [org.springframework.web.reactive.result.method.annotation.RequestMappingMessageConversionIntegrationTests$Person]
12:03:23.943 [Test worker] DEBUG org.springframework.http.server.reactive.bootstrap.JettyHttpServer - Stopping JettyHttpServer...
12:03:23.943 [Test worker] INFO  org.eclipse.jetty.server.handler.ContextHandler - Stopped o.e.j.s.ServletContextHandler@30b004d0{/,null,UNAVAILABLE}
12:03:23.944 [Test worker] INFO  org.eclipse.jetty.server.AbstractConnector - Stopped ServerConnector@117bfe6a{HTTP/1.1,[http/1.1]}{0.0.0.0:0}
12:03:23.944 [Test worker] DEBUG org.springframework.http.server.reactive.bootstrap.JettyHttpServer - Server stopped (0 millis).
12:03:24.029 [Test worker] DEBUG org.springframework.web.reactive.result.method.annotation.RequestMappingHandlerMapping - 37 mappings in 'requestMappingHandlerMapping'
12:03:24.072 [Test worker] DEBUG org.springframework.web.reactive.result.method.annotation.ControllerMethodResolver - ControllerAdvice beans: none
12:03:24.146 [Test worker] DEBUG org.springframework.web.server.adapter.HttpWebHandlerAdapter - enableLoggingRequestDetails='false': form data and headers will be masked to prevent unsafe logging of potentially sensitive data
12:03:24.146 [Test worker] WARN  org.eclipse.jetty.server.handler.ContextHandler - Empty contextPath
12:03:24.147 [Test worker] INFO  org.eclipse.jetty.server.handler.ContextHandler - Started o.e.j.s.ServletContextHandler@54af39e9{/,null,AVAILABLE}
12:03:24.147 [Test worker] DEBUG org.springframework.http.server.reactive.bootstrap.JettyHttpServer - Starting JettyHttpServer...
12:03:24.147 [Test worker] INFO  org.eclipse.jetty.server.Server - jetty-9.4.12.RC2; built: 2018-08-14T14:46:56.477Z; git: 1f9703cf836af6c70ac0665fbc6790c0a8229a7a; jvm 1.8.0_101-b13
12:03:24.147 [Test worker] WARN  org.eclipse.jetty.server.Server - THIS IS NOT A STABLE RELEASE! DO NOT USE IN PRODUCTION!
12:03:24.147 [Test worker] WARN  org.eclipse.jetty.server.Server - Download a stable release from http://download.eclipse.org/jetty/
12:03:24.148 [Test worker] INFO  org.eclipse.jetty.server.AbstractConnector - Started ServerConnector@257ad97b{HTTP/1.1,[http/1.1]}{0.0.0.0:52758}
12:03:24.148 [Test worker] INFO  org.eclipse.jetty.server.Server - Started @84546ms
12:03:24.148 [Test worker] DEBUG org.springframework.http.server.reactive.bootstrap.JettyHttpServer - Server started on port 52758(0 millis).
12:03:24.148 [Test worker] DEBUG org.springframework.web.client.RestTemplate - HTTP POST http://localhost:52758/person-transform/publisher
12:03:24.149 [Test worker] DEBUG org.springframework.web.client.RestTemplate - Accept=[application/json, application/x-jackson-smile, application/*+json]
12:03:24.149 [Test worker] DEBUG org.springframework.web.client.RestTemplate - Writing [[Person{name='Robert'}, Person{name='Marie'}]] as "application/json"
12:03:24.150 [qtp1107014874-3130] DEBUG org.springframework.web.server.adapter.HttpWebHandlerAdapter - [1ae9fb2a] HTTP POST "/person-transform/publisher"
12:03:24.150 [qtp1107014874-3130] DEBUG org.springframework.web.reactive.result.method.annotation.RequestMappingHandlerMapping - [1ae9fb2a] Mapped to public org.reactivestreams.Publisher<org.springframework.web.reactive.result.method.annotation.RequestMappingMessageConversionIntegrationTests$Person> org.springframework.web.reactive.result.method.annotation.RequestMappingMessageConversionIntegrationTests$PersonTransformationController.transformPublisher(org.reactivestreams.Publisher<org.springframework.web.reactive.result.method.annotation.RequestMappingMessageConversionIntegrationTests$Person>)
12:03:24.150 [qtp1107014874-3130] DEBUG org.springframework.web.reactive.result.method.annotation.RequestBodyArgumentResolver - [1ae9fb2a] Content-Type:application/json;charset=UTF-8
12:03:24.151 [qtp1107014874-3130] DEBUG org.springframework.web.reactive.result.method.annotation.RequestBodyArgumentResolver - [1ae9fb2a] 0..N [org.springframework.web.reactive.result.method.annotation.RequestMappingMessageConversionIntegrationTests$Person]
12:03:24.151 [qtp1107014874-3130] DEBUG org.springframework.web.reactive.result.method.annotation.ResponseBodyResultHandler - Using 'application/json;charset=UTF-8' given [application/json] and supported [application/json;charset=UTF-8, application/*+json;charset=UTF-8, application/x-jackson-smile;charset=UTF-8, application/*+x-jackson-smile;charset=UTF-8, application/xml, text/xml, text/event-stream]
12:03:24.151 [qtp1107014874-3130] DEBUG org.springframework.web.reactive.result.method.annotation.ResponseBodyResultHandler - [1ae9fb2a] 0..N [org.springframework.web.reactive.result.method.annotation.RequestMappingMessageConversionIntegrationTests$Person]
12:03:24.151 [qtp1107014874-3130] DEBUG org.springframework.http.codec.json.Jackson2JsonDecoder - [1ae9fb2a] Decoded [Person{name='Robert'}]
12:03:24.152 [qtp1107014874-3130] DEBUG org.springframework.http.codec.json.Jackson2JsonDecoder - [1ae9fb2a] Decoded [Person{name='Marie'}]
12:03:24.152 [qtp1107014874-3130] DEBUG org.springframework.http.codec.json.Jackson2JsonEncoder - [1ae9fb2a] Encoding [[Person{name='ROBERT'}, Person{name='MARIE'}]]
12:03:24.152 [qtp1107014874-3130] DEBUG org.springframework.web.server.adapter.HttpWebHandlerAdapter - [1ae9fb2a] Completed 200 OK
12:03:24.152 [Test worker] DEBUG org.springframework.web.client.RestTemplate - Response 200 OK
12:03:24.152 [Test worker] DEBUG org.springframework.web.client.RestTemplate - Reading to [java.util.List<org.springframework.web.reactive.result.method.annotation.RequestMappingMessageConversionIntegrationTests$Person>]
12:03:24.152 [Test worker] DEBUG org.springframework.http.server.reactive.bootstrap.JettyHttpServer - Stopping JettyHttpServer...
12:03:24.152 [Test worker] INFO  org.eclipse.jetty.server.handler.ContextHandler - Stopped o.e.j.s.ServletContextHandler@54af39e9{/,null,UNAVAILABLE}
12:03:24.153 [Test worker] INFO  org.eclipse.jetty.server.AbstractConnector - Stopped ServerConnector@257ad97b{HTTP/1.1,[http/1.1]}{0.0.0.0:0}
12:03:24.154 [Test worker] DEBUG org.springframework.http.server.reactive.bootstrap.JettyHttpServer - Server stopped (0 millis).
12:03:24.233 [Test worker] DEBUG org.springframework.web.reactive.result.method.annotation.RequestMappingHandlerMapping - 37 mappings in 'requestMappingHandlerMapping'
12:03:24.273 [Test worker] DEBUG org.springframework.web.reactive.result.method.annotation.ControllerMethodResolver - ControllerAdvice beans: none
12:03:24.348 [Test worker] DEBUG org.springframework.web.server.adapter.HttpWebHandlerAdapter - enableLoggingRequestDetails='false': form data and headers will be masked to prevent unsafe logging of potentially sensitive data
12:03:24.349 [Test worker] WARN  org.eclipse.jetty.server.handler.ContextHandler - Empty contextPath
12:03:24.349 [Test worker] INFO  org.eclipse.jetty.server.handler.ContextHandler - Started o.e.j.s.ServletContextHandler@613236d1{/,null,AVAILABLE}
12:03:24.349 [Test worker] DEBUG org.springframework.http.server.reactive.bootstrap.JettyHttpServer - Starting JettyHttpServer...
12:03:24.349 [Test worker] INFO  org.eclipse.jetty.server.Server - jetty-9.4.12.RC2; built: 2018-08-14T14:46:56.477Z; git: 1f9703cf836af6c70ac0665fbc6790c0a8229a7a; jvm 1.8.0_101-b13
12:03:24.349 [Test worker] WARN  org.eclipse.jetty.server.Server - THIS IS NOT A STABLE RELEASE! DO NOT USE IN PRODUCTION!
12:03:24.349 [Test worker] WARN  org.eclipse.jetty.server.Server - Download a stable release from http://download.eclipse.org/jetty/
12:03:24.350 [Test worker] INFO  org.eclipse.jetty.server.AbstractConnector - Started ServerConnector@6ffcd27{HTTP/1.1,[http/1.1]}{0.0.0.0:52767}
12:03:24.350 [Test worker] INFO  org.eclipse.jetty.server.Server - Started @84748ms
12:03:24.350 [Test worker] DEBUG org.springframework.http.server.reactive.bootstrap.JettyHttpServer - Server started on port 52767(0 millis).
12:03:24.350 [Test worker] DEBUG org.springframework.web.client.RestTemplate - HTTP POST http://localhost:52767/person-create/observable
12:03:24.350 [Test worker] DEBUG org.springframework.web.client.RestTemplate - Accept=[application/json, application/x-jackson-smile, application/*+json]
12:03:24.350 [Test worker] DEBUG org.springframework.web.client.RestTemplate - Writing [[Person{name='Robert'}, Person{name='Marie'}]] as "application/json"
12:03:24.352 [qtp2144523776-3137] DEBUG org.springframework.web.server.adapter.HttpWebHandlerAdapter - [7393bd9c] HTTP POST "/person-create/observable"
12:03:24.352 [qtp2144523776-3137] DEBUG org.springframework.web.reactive.result.method.annotation.RequestMappingHandlerMapping - [7393bd9c] Mapped to public rx.Observable<java.lang.Void> org.springframework.web.reactive.result.method.annotation.RequestMappingMessageConversionIntegrationTests$PersonCreateController.createWithObservable(rx.Observable<org.springframework.web.reactive.result.method.annotation.RequestMappingMessageConversionIntegrationTests$Person>)
12:03:24.352 [qtp2144523776-3137] DEBUG org.springframework.web.reactive.result.method.annotation.RequestBodyArgumentResolver - [7393bd9c] Content-Type:application/json;charset=UTF-8
12:03:24.352 [qtp2144523776-3137] DEBUG org.springframework.web.reactive.result.method.annotation.RequestBodyArgumentResolver - [7393bd9c] 0..N [org.springframework.web.reactive.result.method.annotation.RequestMappingMessageConversionIntegrationTests$Person]
12:03:24.353 [qtp2144523776-3137] DEBUG org.springframework.http.codec.json.Jackson2JsonDecoder - [7393bd9c] Decoded [Person{name='Robert'}]
12:03:24.353 [qtp2144523776-3137] DEBUG org.springframework.http.codec.json.Jackson2JsonDecoder - [7393bd9c] Decoded [Person{name='Marie'}]
12:03:24.353 [qtp2144523776-3137] DEBUG org.springframework.web.server.adapter.HttpWebHandlerAdapter - [7393bd9c] Completed 200 OK
12:03:24.353 [Test worker] DEBUG org.springframework.web.client.RestTemplate - Response 200 OK
12:03:24.353 [Test worker] DEBUG org.springframework.http.server.reactive.bootstrap.JettyHttpServer - Stopping JettyHttpServer...
12:03:24.353 [Test worker] INFO  org.eclipse.jetty.server.handler.ContextHandler - Stopped o.e.j.s.ServletContextHandler@613236d1{/,null,UNAVAILABLE}
12:03:24.354 [Test worker] INFO  org.eclipse.jetty.server.AbstractConnector - Stopped ServerConnector@6ffcd27{HTTP/1.1,[http/1.1]}{0.0.0.0:0}
12:03:24.354 [Test worker] DEBUG org.springframework.http.server.reactive.bootstrap.JettyHttpServer - Server stopped (0 millis).
12:03:24.431 [Test worker] DEBUG org.springframework.web.reactive.result.method.annotation.RequestMappingHandlerMapping - 37 mappings in 'requestMappingHandlerMapping'
12:03:24.472 [Test worker] DEBUG org.springframework.web.reactive.result.method.annotation.ControllerMethodResolver - ControllerAdvice beans: none
12:03:24.538 [Test worker] DEBUG org.springframework.web.server.adapter.HttpWebHandlerAdapter - enableLoggingRequestDetails='false': form data and headers will be masked to prevent unsafe logging of potentially sensitive data
12:03:24.539 [Test worker] WARN  org.eclipse.jetty.server.handler.ContextHandler - Empty contextPath
12:03:24.539 [Test worker] INFO  org.eclipse.jetty.server.handler.ContextHandler - Started o.e.j.s.ServletContextHandler@51d026e5{/,null,AVAILABLE}
12:03:24.539 [Test worker] DEBUG org.springframework.http.server.reactive.bootstrap.JettyHttpServer - Starting JettyHttpServer...
12:03:24.539 [Test worker] INFO  org.eclipse.jetty.server.Server - jetty-9.4.12.RC2; built: 2018-08-14T14:46:56.477Z; git: 1f9703cf836af6c70ac0665fbc6790c0a8229a7a; jvm 1.8.0_101-b13
12:03:24.539 [Test worker] WARN  org.eclipse.jetty.server.Server - THIS IS NOT A STABLE RELEASE! DO NOT USE IN PRODUCTION!
12:03:24.539 [Test worker] WARN  org.eclipse.jetty.server.Server - Download a stable release from http://download.eclipse.org/jetty/
12:03:24.540 [Test worker] INFO  org.eclipse.jetty.server.AbstractConnector - Started ServerConnector@615469d1{HTTP/1.1,[http/1.1]}{0.0.0.0:52776}
12:03:24.540 [Test worker] INFO  org.eclipse.jetty.server.Server - Started @84938ms
12:03:24.540 [Test worker] DEBUG org.springframework.http.server.reactive.bootstrap.JettyHttpServer - Server started on port 52776(0 millis).
12:03:24.540 [Test worker] DEBUG org.springframework.web.client.RestTemplate - HTTP POST http://localhost:52776/person-create/mono
12:03:24.541 [Test worker] DEBUG org.springframework.web.client.RestTemplate - Accept=[application/json, application/x-jackson-smile, application/*+json]
12:03:24.541 [Test worker] DEBUG org.springframework.web.client.RestTemplate - Writing [Person{name='Robert'}] as "application/json"
12:03:24.542 [qtp1794273798-3149] DEBUG org.springframework.web.server.adapter.HttpWebHandlerAdapter - [505e72c1] HTTP POST "/person-create/mono"
12:03:24.542 [qtp1794273798-3149] DEBUG org.springframework.web.reactive.result.method.annotation.RequestMappingHandlerMapping - [505e72c1] Mapped to public reactor.core.publisher.Mono<java.lang.Void> org.springframework.web.reactive.result.method.annotation.RequestMappingMessageConversionIntegrationTests$PersonCreateController.createWithMono(reactor.core.publisher.Mono<org.springframework.web.reactive.result.method.annotation.RequestMappingMessageConversionIntegrationTests$Person>)
12:03:24.542 [qtp1794273798-3149] DEBUG org.springframework.web.reactive.result.method.annotation.RequestBodyArgumentResolver - [505e72c1] Content-Type:application/json;charset=UTF-8
12:03:24.542 [qtp1794273798-3149] DEBUG org.springframework.web.reactive.result.method.annotation.RequestBodyArgumentResolver - [505e72c1] 0..1 [org.springframework.web.reactive.result.method.annotation.RequestMappingMessageConversionIntegrationTests$Person]
12:03:24.543 [qtp1794273798-3149] DEBUG org.springframework.http.codec.json.Jackson2JsonDecoder - [505e72c1] Decoded [Person{name='Robert'}]
12:03:24.543 [qtp1794273798-3149] DEBUG org.springframework.web.server.adapter.HttpWebHandlerAdapter - [505e72c1] Completed 200 OK
12:03:24.543 [Test worker] DEBUG org.springframework.web.client.RestTemplate - Response 200 OK
12:03:24.543 [Test worker] DEBUG org.springframework.http.server.reactive.bootstrap.JettyHttpServer - Stopping JettyHttpServer...
12:03:24.543 [Test worker] INFO  org.eclipse.jetty.server.handler.ContextHandler - Stopped o.e.j.s.ServletContextHandler@51d026e5{/,null,UNAVAILABLE}
12:03:24.544 [Test worker] INFO  org.eclipse.jetty.server.AbstractConnector - Stopped ServerConnector@615469d1{HTTP/1.1,[http/1.1]}{0.0.0.0:0}
12:03:24.544 [Test worker] DEBUG org.springframework.http.server.reactive.bootstrap.JettyHttpServer - Server stopped (0 millis).
12:03:24.621 [Test worker] DEBUG org.springframework.web.reactive.result.method.annotation.RequestMappingHandlerMapping - 37 mappings in 'requestMappingHandlerMapping'
12:03:24.661 [Test worker] DEBUG org.springframework.web.reactive.result.method.annotation.ControllerMethodResolver - ControllerAdvice beans: none
12:03:24.728 [Test worker] DEBUG org.springframework.web.server.adapter.HttpWebHandlerAdapter - enableLoggingRequestDetails='false': form data and headers will be masked to prevent unsafe logging of potentially sensitive data
12:03:24.728 [Test worker] WARN  org.eclipse.jetty.server.handler.ContextHandler - Empty contextPath
12:03:24.728 [Test worker] INFO  org.eclipse.jetty.server.handler.ContextHandler - Started o.e.j.s.ServletContextHandler@78e1c86d{/,null,AVAILABLE}
12:03:24.728 [Test worker] DEBUG org.springframework.http.server.reactive.bootstrap.JettyHttpServer - Starting JettyHttpServer...
12:03:24.728 [Test worker] INFO  org.eclipse.jetty.server.Server - jetty-9.4.12.RC2; built: 2018-08-14T14:46:56.477Z; git: 1f9703cf836af6c70ac0665fbc6790c0a8229a7a; jvm 1.8.0_101-b13
12:03:24.728 [Test worker] WARN  org.eclipse.jetty.server.Server - THIS IS NOT A STABLE RELEASE! DO NOT USE IN PRODUCTION!
12:03:24.728 [Test worker] WARN  org.eclipse.jetty.server.Server - Download a stable release from http://download.eclipse.org/jetty/
12:03:24.730 [Test worker] INFO  org.eclipse.jetty.server.AbstractConnector - Started ServerConnector@572d309e{HTTP/1.1,[http/1.1]}{0.0.0.0:52784}
12:03:24.730 [Test worker] INFO  org.eclipse.jetty.server.Server - Started @85127ms
12:03:24.730 [Test worker] DEBUG org.springframework.http.server.reactive.bootstrap.JettyHttpServer - Server started on port 52784(0 millis).
12:03:24.730 [Test worker] DEBUG org.springframework.web.client.RestTemplate - HTTP GET http://localhost:52784/person-response/person
12:03:24.730 [Test worker] DEBUG org.springframework.web.client.RestTemplate - Accept=[application/xml, text/xml, application/json, application/x-jackson-smile, application/*+xml, application/*+json]
12:03:24.731 [qtp836165203-3159] DEBUG org.springframework.web.server.adapter.HttpWebHandlerAdapter - [16a4222] HTTP GET "/person-response/person"
12:03:24.731 [qtp836165203-3159] DEBUG org.springframework.web.reactive.result.method.annotation.RequestMappingHandlerMapping - [16a4222] Mapped to public org.springframework.web.reactive.result.method.annotation.RequestMappingMessageConversionIntegrationTests$Person org.springframework.web.reactive.result.method.annotation.RequestMappingMessageConversionIntegrationTests$PersonResponseBodyController.getPerson()
12:03:24.732 [qtp836165203-3159] DEBUG org.springframework.web.reactive.result.method.annotation.ResponseBodyResultHandler - Using 'application/json;charset=UTF-8' given [application/json] and supported [application/json;charset=UTF-8, application/*+json;charset=UTF-8, application/x-jackson-smile;charset=UTF-8, application/*+x-jackson-smile;charset=UTF-8, application/xml, text/xml, text/event-stream]
12:03:24.732 [qtp836165203-3159] DEBUG org.springframework.web.reactive.result.method.annotation.ResponseBodyResultHandler - [16a4222] 0..1 [org.springframework.web.reactive.result.method.annotation.RequestMappingMessageConversionIntegrationTests$Person]
12:03:24.732 [qtp836165203-3159] DEBUG org.springframework.http.codec.json.Jackson2JsonEncoder - [16a4222] Encoding [Person{name='Robert'}]
12:03:24.732 [Test worker] DEBUG org.springframework.web.client.RestTemplate - Response 200 OK
12:03:24.732 [qtp836165203-3159] DEBUG org.springframework.web.server.adapter.HttpWebHandlerAdapter - [16a4222] Completed 200 OK
12:03:24.732 [Test worker] DEBUG org.springframework.web.client.RestTemplate - Reading to [org.springframework.web.reactive.result.method.annotation.RequestMappingMessageConversionIntegrationTests$Person]
12:03:24.732 [Test worker] DEBUG org.springframework.http.server.reactive.bootstrap.JettyHttpServer - Stopping JettyHttpServer...
12:03:24.732 [Test worker] INFO  org.eclipse.jetty.server.handler.ContextHandler - Stopped o.e.j.s.ServletContextHandler@78e1c86d{/,null,UNAVAILABLE}
12:03:24.733 [Test worker] INFO  org.eclipse.jetty.server.AbstractConnector - Stopped ServerConnector@572d309e{HTTP/1.1,[http/1.1]}{0.0.0.0:0}
12:03:24.733 [Test worker] DEBUG org.springframework.http.server.reactive.bootstrap.JettyHttpServer - Server stopped (0 millis).
12:03:24.811 [Test worker] DEBUG org.springframework.web.reactive.result.method.annotation.RequestMappingHandlerMapping - 37 mappings in 'requestMappingHandlerMapping'
12:03:24.851 [Test worker] DEBUG org.springframework.web.reactive.result.method.annotation.ControllerMethodResolver - ControllerAdvice beans: none
12:03:24.919 [Test worker] DEBUG org.springframework.web.server.adapter.HttpWebHandlerAdapter - enableLoggingRequestDetails='false': form data and headers will be masked to prevent unsafe logging of potentially sensitive data
12:03:24.919 [Test worker] WARN  org.eclipse.jetty.server.handler.ContextHandler - Empty contextPath
12:03:24.919 [Test worker] INFO  org.eclipse.jetty.server.handler.ContextHandler - Started o.e.j.s.ServletContextHandler@317f9f9e{/,null,AVAILABLE}
12:03:24.919 [Test worker] DEBUG org.springframework.http.server.reactive.bootstrap.JettyHttpServer - Starting JettyHttpServer...
12:03:24.919 [Test worker] INFO  org.eclipse.jetty.server.Server - jetty-9.4.12.RC2; built: 2018-08-14T14:46:56.477Z; git: 1f9703cf836af6c70ac0665fbc6790c0a8229a7a; jvm 1.8.0_101-b13
12:03:24.919 [Test worker] WARN  org.eclipse.jetty.server.Server - THIS IS NOT A STABLE RELEASE! DO NOT USE IN PRODUCTION!
12:03:24.919 [Test worker] WARN  org.eclipse.jetty.server.Server - Download a stable release from http://download.eclipse.org/jetty/
12:03:24.921 [Test worker] INFO  org.eclipse.jetty.server.AbstractConnector - Started ServerConnector@3cabe8fb{HTTP/1.1,[http/1.1]}{0.0.0.0:52792}
12:03:24.921 [Test worker] INFO  org.eclipse.jetty.server.Server - Started @85318ms
12:03:24.921 [Test worker] DEBUG org.springframework.http.server.reactive.bootstrap.JettyHttpServer - Server started on port 52792(0 millis).
12:03:24.921 [Test worker] DEBUG org.springframework.web.client.RestTemplate - HTTP POST http://localhost:52792/person-create/rxjava2-single
12:03:24.921 [Test worker] DEBUG org.springframework.web.client.RestTemplate - Accept=[application/json, application/x-jackson-smile, application/*+json]
12:03:24.921 [Test worker] DEBUG org.springframework.web.client.RestTemplate - Writing [Person{name='Robert'}] as "application/json"
12:03:24.922 [qtp1058705742-3168] DEBUG org.springframework.web.server.adapter.HttpWebHandlerAdapter - [5034c29d] HTTP POST "/person-create/rxjava2-single"
12:03:24.922 [qtp1058705742-3168] DEBUG org.springframework.web.reactive.result.method.annotation.RequestMappingHandlerMapping - [5034c29d] Mapped to public io.reactivex.Completable org.springframework.web.reactive.result.method.annotation.RequestMappingMessageConversionIntegrationTests$PersonCreateController.createWithRxJava2Single(io.reactivex.Single<org.springframework.web.reactive.result.method.annotation.RequestMappingMessageConversionIntegrationTests$Person>)
12:03:24.922 [qtp1058705742-3168] DEBUG org.springframework.web.reactive.result.method.annotation.RequestBodyArgumentResolver - [5034c29d] Content-Type:application/json;charset=UTF-8
12:03:24.923 [qtp1058705742-3168] DEBUG org.springframework.web.reactive.result.method.annotation.RequestBodyArgumentResolver - [5034c29d] 0..1 [org.springframework.web.reactive.result.method.annotation.RequestMappingMessageConversionIntegrationTests$Person]
12:03:24.923 [qtp1058705742-3168] DEBUG org.springframework.http.codec.json.Jackson2JsonDecoder - [5034c29d] Decoded [Person{name='Robert'}]
12:03:24.923 [qtp1058705742-3168] DEBUG org.springframework.web.server.adapter.HttpWebHandlerAdapter - [5034c29d] Completed 200 OK
12:03:24.923 [Test worker] DEBUG org.springframework.web.client.RestTemplate - Response 200 OK
12:03:24.924 [Test worker] DEBUG org.springframework.http.server.reactive.bootstrap.JettyHttpServer - Stopping JettyHttpServer...
12:03:24.924 [Test worker] INFO  org.eclipse.jetty.server.handler.ContextHandler - Stopped o.e.j.s.ServletContextHandler@317f9f9e{/,null,UNAVAILABLE}
12:03:24.924 [Test worker] INFO  org.eclipse.jetty.server.AbstractConnector - Stopped ServerConnector@3cabe8fb{HTTP/1.1,[http/1.1]}{0.0.0.0:0}
12:03:24.925 [Test worker] DEBUG org.springframework.http.server.reactive.bootstrap.JettyHttpServer - Server stopped (0 millis).
12:03:25.002 [Test worker] DEBUG org.springframework.web.reactive.result.method.annotation.RequestMappingHandlerMapping - 37 mappings in 'requestMappingHandlerMapping'
12:03:25.042 [Test worker] DEBUG org.springframework.web.reactive.result.method.annotation.ControllerMethodResolver - ControllerAdvice beans: none
12:03:25.110 [Test worker] DEBUG org.springframework.web.server.adapter.HttpWebHandlerAdapter - enableLoggingRequestDetails='false': form data and headers will be masked to prevent unsafe logging of potentially sensitive data
12:03:25.110 [Test worker] DEBUG org.springframework.http.server.reactive.bootstrap.ReactorHttpServer - Starting ReactorHttpServer...
12:03:25.111 [Test worker] DEBUG org.springframework.http.server.reactive.bootstrap.ReactorHttpServer - Server started on port 52800(0 millis).
12:03:25.111 [Test worker] DEBUG org.springframework.web.client.RestTemplate - HTTP GET http://localhost:52800/person-response/mono-declared-as-object
12:03:25.111 [Test worker] DEBUG org.springframework.web.client.RestTemplate - Accept=[application/xml, text/xml, application/json, application/x-jackson-smile, application/*+xml, application/*+json]
12:03:25.112 [reactor-http-nio-6] DEBUG org.springframework.web.server.adapter.HttpWebHandlerAdapter - [087453a3] HTTP GET "/person-response/mono-declared-as-object"
12:03:25.112 [reactor-http-nio-6] DEBUG org.springframework.web.reactive.result.method.annotation.RequestMappingHandlerMapping - [087453a3] Mapped to public java.lang.Object org.springframework.web.reactive.result.method.annotation.RequestMappingMessageConversionIntegrationTests$PersonResponseBodyController.getMonoDeclaredAsObject()
12:03:25.112 [reactor-http-nio-6] DEBUG org.springframework.web.reactive.result.method.annotation.ResponseBodyResultHandler - Using 'application/json;charset=UTF-8' given [application/json] and supported [application/json;charset=UTF-8, application/*+json;charset=UTF-8, application/x-jackson-smile;charset=UTF-8, application/*+x-jackson-smile;charset=UTF-8, text/event-stream]
12:03:25.112 [reactor-http-nio-6] DEBUG org.springframework.web.reactive.result.method.annotation.ResponseBodyResultHandler - [087453a3] 0..1 [java.lang.Object]
12:03:25.112 [reactor-http-nio-6] DEBUG org.springframework.http.codec.json.Jackson2JsonEncoder - [087453a3] Encoding [Person{name='Robert'}]
12:03:25.113 [Test worker] DEBUG org.springframework.web.client.RestTemplate - Response 200 OK
12:03:25.113 [reactor-http-nio-6] DEBUG org.springframework.web.server.adapter.HttpWebHandlerAdapter - [087453a3] Completed 200 OK
12:03:25.113 [Test worker] DEBUG org.springframework.web.client.RestTemplate - Reading to [org.springframework.web.reactive.result.method.annotation.RequestMappingMessageConversionIntegrationTests$Person]
12:03:25.113 [Test worker] DEBUG org.springframework.http.server.reactive.bootstrap.ReactorHttpServer - Stopping ReactorHttpServer...
12:03:25.113 [Test worker] DEBUG org.springframework.http.server.reactive.bootstrap.ReactorHttpServer - Server stopped (0 millis).
12:03:25.190 [Test worker] DEBUG org.springframework.web.reactive.result.method.annotation.RequestMappingHandlerMapping - 37 mappings in 'requestMappingHandlerMapping'
12:03:25.230 [Test worker] DEBUG org.springframework.web.reactive.result.method.annotation.ControllerMethodResolver - ControllerAdvice beans: none
12:03:25.298 [Test worker] DEBUG org.springframework.web.server.adapter.HttpWebHandlerAdapter - enableLoggingRequestDetails='false': form data and headers will be masked to prevent unsafe logging of potentially sensitive data
12:03:25.298 [Test worker] DEBUG org.springframework.http.server.reactive.bootstrap.ReactorHttpServer - Starting ReactorHttpServer...
12:03:25.298 [Test worker] DEBUG org.springframework.http.server.reactive.bootstrap.ReactorHttpServer - Server started on port 52802(0 millis).
12:03:25.298 [Test worker] DEBUG org.springframework.web.client.RestTemplate - HTTP GET http://localhost:52802/raw-response/publisher
12:03:25.298 [Test worker] DEBUG org.springframework.web.client.RestTemplate - Accept=[application/xml, text/xml, application/json, application/x-jackson-smile, application/*+xml, application/*+json]
12:03:25.299 [reactor-http-nio-2] DEBUG org.springframework.web.server.adapter.HttpWebHandlerAdapter - [8765f8c5] HTTP GET "/raw-response/publisher"
12:03:25.299 [reactor-http-nio-2] DEBUG org.springframework.web.reactive.result.method.annotation.RequestMappingHandlerMapping - [8765f8c5] Mapped to public org.reactivestreams.Publisher<java.nio.ByteBuffer> org.springframework.web.reactive.result.method.annotation.RequestMappingMessageConversionIntegrationTests$RawResponseBodyController.getPublisher()
12:03:25.306 [reactor-http-nio-2] DEBUG org.springframework.web.reactive.result.method.annotation.ResponseBodyResultHandler - Using 'application/json;charset=UTF-8' given [application/json] and supported [*/*, application/json;charset=UTF-8, application/*+json;charset=UTF-8, application/x-jackson-smile;charset=UTF-8, application/*+x-jackson-smile;charset=UTF-8, text/event-stream]
12:03:25.306 [reactor-http-nio-2] DEBUG org.springframework.web.reactive.result.method.annotation.ResponseBodyResultHandler - [8765f8c5] 0..N [java.nio.ByteBuffer]
12:03:25.306 [reactor-http-nio-2] DEBUG org.springframework.http.codec.json.Jackson2JsonEncoder - Encoding [Person{name='Robert'}]
12:03:25.307 [reactor-http-nio-2] DEBUG org.springframework.core.codec.ByteBufferEncoder - [8765f8c5] Writing 17 bytes
12:03:25.307 [Test worker] DEBUG org.springframework.web.client.RestTemplate - Response 200 OK
12:03:25.307 [reactor-http-nio-2] DEBUG org.springframework.web.server.adapter.HttpWebHandlerAdapter - [8765f8c5] Completed 200 OK
12:03:25.307 [Test worker] DEBUG org.springframework.web.client.RestTemplate - Reading to [org.springframework.web.reactive.result.method.annotation.RequestMappingMessageConversionIntegrationTests$Person]
12:03:25.307 [Test worker] DEBUG org.springframework.http.server.reactive.bootstrap.ReactorHttpServer - Stopping ReactorHttpServer...
12:03:25.307 [Test worker] DEBUG org.springframework.http.server.reactive.bootstrap.ReactorHttpServer - Server stopped (0 millis).
12:03:25.383 [Test worker] DEBUG org.springframework.web.reactive.result.method.annotation.RequestMappingHandlerMapping - 37 mappings in 'requestMappingHandlerMapping'
12:03:25.423 [Test worker] DEBUG org.springframework.web.reactive.result.method.annotation.ControllerMethodResolver - ControllerAdvice beans: none
12:03:25.490 [Test worker] DEBUG org.springframework.web.server.adapter.HttpWebHandlerAdapter - enableLoggingRequestDetails='false': form data and headers will be masked to prevent unsafe logging of potentially sensitive data
12:03:25.490 [Test worker] DEBUG org.springframework.http.server.reactive.bootstrap.ReactorHttpServer - Starting ReactorHttpServer...
12:03:25.491 [Test worker] DEBUG org.springframework.http.server.reactive.bootstrap.ReactorHttpServer - Server started on port 52804(0 millis).
12:03:25.491 [Test worker] DEBUG org.springframework.web.client.RestTemplate - HTTP GET http://localhost:52804/person-response/completable-future
12:03:25.491 [Test worker] DEBUG org.springframework.web.client.RestTemplate - Accept=[application/xml, text/xml, application/json, application/x-jackson-smile, application/*+xml, application/*+json]
12:03:25.492 [reactor-http-nio-4] DEBUG org.springframework.web.server.adapter.HttpWebHandlerAdapter - [25bb6179] HTTP GET "/person-response/completable-future"
12:03:25.492 [reactor-http-nio-4] DEBUG org.springframework.web.reactive.result.method.annotation.RequestMappingHandlerMapping - [25bb6179] Mapped to public java.util.concurrent.CompletableFuture<org.springframework.web.reactive.result.method.annotation.RequestMappingMessageConversionIntegrationTests$Person> org.springframework.web.reactive.result.method.annotation.RequestMappingMessageConversionIntegrationTests$PersonResponseBodyController.getCompletableFuture()
12:03:25.492 [reactor-http-nio-4] DEBUG org.springframework.web.reactive.result.method.annotation.ResponseBodyResultHandler - Using 'application/json;charset=UTF-8' given [application/json] and supported [application/json;charset=UTF-8, application/*+json;charset=UTF-8, application/x-jackson-smile;charset=UTF-8, application/*+x-jackson-smile;charset=UTF-8, application/xml, text/xml, text/event-stream]
12:03:25.492 [reactor-http-nio-4] DEBUG org.springframework.web.reactive.result.method.annotation.ResponseBodyResultHandler - [25bb6179] 0..1 [org.springframework.web.reactive.result.method.annotation.RequestMappingMessageConversionIntegrationTests$Person]
12:03:25.492 [reactor-http-nio-4] DEBUG org.springframework.http.codec.json.Jackson2JsonEncoder - [25bb6179] Encoding [Person{name='Robert'}]
12:03:25.493 [Test worker] DEBUG org.springframework.web.client.RestTemplate - Response 200 OK
12:03:25.493 [reactor-http-nio-4] DEBUG org.springframework.web.server.adapter.HttpWebHandlerAdapter - [25bb6179] Completed 200 OK
12:03:25.493 [Test worker] DEBUG org.springframework.web.client.RestTemplate - Reading to [org.springframework.web.reactive.result.method.annotation.RequestMappingMessageConversionIntegrationTests$Person]
12:03:25.493 [Test worker] DEBUG org.springframework.http.server.reactive.bootstrap.ReactorHttpServer - Stopping ReactorHttpServer...
12:03:25.493 [Test worker] DEBUG org.springframework.http.server.reactive.bootstrap.ReactorHttpServer - Server stopped (0 millis).
12:03:25.574 [Test worker] DEBUG org.springframework.web.reactive.result.method.annotation.RequestMappingHandlerMapping - 37 mappings in 'requestMappingHandlerMapping'
12:03:25.614 [Test worker] DEBUG org.springframework.web.reactive.result.method.annotation.ControllerMethodResolver - ControllerAdvice beans: none
12:03:25.681 [Test worker] DEBUG org.springframework.web.server.adapter.HttpWebHandlerAdapter - enableLoggingRequestDetails='false': form data and headers will be masked to prevent unsafe logging of potentially sensitive data
12:03:25.681 [Test worker] DEBUG org.springframework.http.server.reactive.bootstrap.ReactorHttpServer - Starting ReactorHttpServer...
12:03:25.681 [Test worker] DEBUG org.springframework.http.server.reactive.bootstrap.ReactorHttpServer - Server started on port 52806(0 millis).
12:03:25.681 [Test worker] DEBUG org.springframework.web.client.RestTemplate - HTTP POST http://localhost:52806/person-transform/rxjava2-observable
12:03:25.682 [Test worker] DEBUG org.springframework.web.client.RestTemplate - Accept=[application/json, application/x-jackson-smile, application/*+json]
12:03:25.682 [Test worker] DEBUG org.springframework.web.client.RestTemplate - Writing [[Person{name='Robert'}, Person{name='Marie'}]] as "application/json"
12:03:25.683 [reactor-http-nio-6] DEBUG org.springframework.web.server.adapter.HttpWebHandlerAdapter - [11804ede] HTTP POST "/person-transform/rxjava2-observable"
12:03:25.683 [reactor-http-nio-6] DEBUG org.springframework.web.reactive.result.method.annotation.RequestMappingHandlerMapping - [11804ede] Mapped to public io.reactivex.Observable<org.springframework.web.reactive.result.method.annotation.RequestMappingMessageConversionIntegrationTests$Person> org.springframework.web.reactive.result.method.annotation.RequestMappingMessageConversionIntegrationTests$PersonTransformationController.transformObservable(io.reactivex.Observable<org.springframework.web.reactive.result.method.annotation.RequestMappingMessageConversionIntegrationTests$Person>)
12:03:25.683 [reactor-http-nio-6] DEBUG org.springframework.web.reactive.result.method.annotation.RequestBodyArgumentResolver - [11804ede] Content-Type:application/json
12:03:25.683 [reactor-http-nio-6] DEBUG org.springframework.web.reactive.result.method.annotation.RequestBodyArgumentResolver - [11804ede] 0..N [org.springframework.web.reactive.result.method.annotation.RequestMappingMessageConversionIntegrationTests$Person]
12:03:25.684 [reactor-http-nio-6] DEBUG org.springframework.web.reactive.result.method.annotation.ResponseBodyResultHandler - Using 'application/json;charset=UTF-8' given [application/json] and supported [application/json;charset=UTF-8, application/*+json;charset=UTF-8, application/x-jackson-smile;charset=UTF-8, application/*+x-jackson-smile;charset=UTF-8, application/xml, text/xml, text/event-stream]
12:03:25.684 [reactor-http-nio-6] DEBUG org.springframework.web.reactive.result.method.annotation.ResponseBodyResultHandler - [11804ede] 0..N [org.springframework.web.reactive.result.method.annotation.RequestMappingMessageConversionIntegrationTests$Person]
12:03:25.684 [reactor-http-nio-6] DEBUG org.springframework.http.codec.json.Jackson2JsonDecoder - [11804ede] Decoded [Person{name='Robert'}]
12:03:25.684 [reactor-http-nio-6] DEBUG org.springframework.http.codec.json.Jackson2JsonDecoder - [11804ede] Decoded [Person{name='Marie'}]
12:03:25.684 [reactor-http-nio-6] DEBUG org.springframework.http.codec.json.Jackson2JsonEncoder - [11804ede] Encoding [[Person{name='ROBERT'}, Person{name='MARIE'}]]
12:03:25.684 [Test worker] DEBUG org.springframework.web.client.RestTemplate - Response 200 OK
12:03:25.684 [reactor-http-nio-6] DEBUG org.springframework.web.server.adapter.HttpWebHandlerAdapter - [11804ede] Completed 200 OK
12:03:25.684 [Test worker] DEBUG org.springframework.web.client.RestTemplate - Reading to [java.util.List<org.springframework.web.reactive.result.method.annotation.RequestMappingMessageConversionIntegrationTests$Person>]
12:03:25.685 [Test worker] DEBUG org.springframework.http.server.reactive.bootstrap.ReactorHttpServer - Stopping ReactorHttpServer...
12:03:25.685 [Test worker] DEBUG org.springframework.http.server.reactive.bootstrap.ReactorHttpServer - Server stopped (0 millis).
12:03:25.761 [Test worker] DEBUG org.springframework.web.reactive.result.method.annotation.RequestMappingHandlerMapping - 37 mappings in 'requestMappingHandlerMapping'
12:03:25.801 [Test worker] DEBUG org.springframework.web.reactive.result.method.annotation.ControllerMethodResolver - ControllerAdvice beans: none
12:03:25.868 [Test worker] DEBUG org.springframework.web.server.adapter.HttpWebHandlerAdapter - enableLoggingRequestDetails='false': form data and headers will be masked to prevent unsafe logging of potentially sensitive data
12:03:25.868 [Test worker] DEBUG org.springframework.http.server.reactive.bootstrap.ReactorHttpServer - Starting ReactorHttpServer...
12:03:25.868 [Test worker] DEBUG org.springframework.http.server.reactive.bootstrap.ReactorHttpServer - Server started on port 52808(0 millis).
12:03:25.868 [Test worker] DEBUG org.springframework.web.client.RestTemplate - HTTP POST http://localhost:52808/person-create/observable
12:03:25.869 [Test worker] DEBUG org.springframework.web.client.RestTemplate - Accept=[application/json, application/x-jackson-smile, application/*+json]
12:03:25.869 [Test worker] DEBUG org.springframework.web.client.RestTemplate - Writing [org.springframework.web.reactive.result.method.annotation.RequestMappingMessageConversionIntegrationTests$People@17643965] as "application/xml"
12:03:25.874 [reactor-http-nio-2] DEBUG org.springframework.web.server.adapter.HttpWebHandlerAdapter - [a84bbcf0] HTTP POST "/person-create/observable"
12:03:25.874 [reactor-http-nio-2] DEBUG org.springframework.web.reactive.result.method.annotation.RequestMappingHandlerMapping - [a84bbcf0] Mapped to public rx.Observable<java.lang.Void> org.springframework.web.reactive.result.method.annotation.RequestMappingMessageConversionIntegrationTests$PersonCreateController.createWithObservable(rx.Observable<org.springframework.web.reactive.result.method.annotation.RequestMappingMessageConversionIntegrationTests$Person>)
12:03:25.874 [reactor-http-nio-2] DEBUG org.springframework.web.reactive.result.method.annotation.RequestBodyArgumentResolver - [a84bbcf0] Content-Type:application/xml
12:03:25.875 [reactor-http-nio-2] DEBUG org.springframework.web.reactive.result.method.annotation.RequestBodyArgumentResolver - [a84bbcf0] 0..N [org.springframework.web.reactive.result.method.annotation.RequestMappingMessageConversionIntegrationTests$Person]
12:03:25.880 [reactor-http-nio-2] DEBUG org.springframework.http.codec.xml.Jaxb2XmlDecoder - [a84bbcf0] Decoded [Person{name='Robert'}]
12:03:25.881 [reactor-http-nio-2] DEBUG org.springframework.http.codec.xml.Jaxb2XmlDecoder - [a84bbcf0] Decoded [Person{name='Marie'}]
12:03:25.881 [reactor-http-nio-2] DEBUG org.springframework.web.server.adapter.HttpWebHandlerAdapter - [a84bbcf0] Completed 200 OK
12:03:25.881 [Test worker] DEBUG org.springframework.web.client.RestTemplate - Response 200 OK
12:03:25.881 [Test worker] DEBUG org.springframework.http.server.reactive.bootstrap.ReactorHttpServer - Stopping ReactorHttpServer...
12:03:25.881 [Test worker] DEBUG org.springframework.http.server.reactive.bootstrap.ReactorHttpServer - Server stopped (0 millis).
12:03:25.957 [Test worker] DEBUG org.springframework.web.reactive.result.method.annotation.RequestMappingHandlerMapping - 37 mappings in 'requestMappingHandlerMapping'
12:03:25.997 [Test worker] DEBUG org.springframework.web.reactive.result.method.annotation.ControllerMethodResolver - ControllerAdvice beans: none
12:03:26.065 [Test worker] DEBUG org.springframework.web.server.adapter.HttpWebHandlerAdapter - enableLoggingRequestDetails='false': form data and headers will be masked to prevent unsafe logging of potentially sensitive data
12:03:26.065 [Test worker] DEBUG org.springframework.http.server.reactive.bootstrap.ReactorHttpServer - Starting ReactorHttpServer...
12:03:26.066 [Test worker] DEBUG org.springframework.http.server.reactive.bootstrap.ReactorHttpServer - Server started on port 52810(0 millis).
12:03:26.066 [Test worker] DEBUG org.springframework.web.client.RestTemplate - HTTP GET http://localhost:52810/person-response/publisher
12:03:26.066 [Test worker] DEBUG org.springframework.web.client.RestTemplate - Accept=[application/json, application/x-jackson-smile, application/*+json]
12:03:26.067 [reactor-http-nio-4] DEBUG org.springframework.web.server.adapter.HttpWebHandlerAdapter - [48928825] HTTP GET "/person-response/publisher"
12:03:26.067 [reactor-http-nio-4] DEBUG org.springframework.web.reactive.result.method.annotation.RequestMappingHandlerMapping - [48928825] Mapped to public org.reactivestreams.Publisher<org.springframework.web.reactive.result.method.annotation.RequestMappingMessageConversionIntegrationTests$Person> org.springframework.web.reactive.result.method.annotation.RequestMappingMessageConversionIntegrationTests$PersonResponseBodyController.getPublisher()
12:03:26.068 [reactor-http-nio-4] DEBUG org.springframework.web.reactive.result.method.annotation.ResponseBodyResultHandler - Using 'application/json;charset=UTF-8' given [application/json] and supported [application/json;charset=UTF-8, application/*+json;charset=UTF-8, application/x-jackson-smile;charset=UTF-8, application/*+x-jackson-smile;charset=UTF-8, application/xml, text/xml, text/event-stream]
12:03:26.068 [reactor-http-nio-4] DEBUG org.springframework.web.reactive.result.method.annotation.ResponseBodyResultHandler - [48928825] 0..N [org.springframework.web.reactive.result.method.annotation.RequestMappingMessageConversionIntegrationTests$Person]
12:03:26.068 [reactor-http-nio-4] DEBUG org.springframework.http.codec.json.Jackson2JsonEncoder - [48928825] Encoding [[Person{name='Robert'}, Person{name='Marie'}]]
12:03:26.068 [Test worker] DEBUG org.springframework.web.client.RestTemplate - Response 200 OK
12:03:26.068 [reactor-http-nio-4] DEBUG org.springframework.web.server.adapter.HttpWebHandlerAdapter - [48928825] Completed 200 OK
12:03:26.068 [Test worker] DEBUG org.springframework.web.client.RestTemplate - Reading to [java.util.List<org.springframework.web.reactive.result.method.annotation.RequestMappingMessageConversionIntegrationTests$Person>]
12:03:26.069 [Test worker] DEBUG org.springframework.http.server.reactive.bootstrap.ReactorHttpServer - Stopping ReactorHttpServer...
12:03:26.069 [Test worker] DEBUG org.springframework.http.server.reactive.bootstrap.ReactorHttpServer - Server stopped (0 millis).
12:03:26.146 [Test worker] DEBUG org.springframework.web.reactive.result.method.annotation.RequestMappingHandlerMapping - 37 mappings in 'requestMappingHandlerMapping'
12:03:26.186 [Test worker] DEBUG org.springframework.web.reactive.result.method.annotation.ControllerMethodResolver - ControllerAdvice beans: none
12:03:26.254 [Test worker] DEBUG org.springframework.web.server.adapter.HttpWebHandlerAdapter - enableLoggingRequestDetails='false': form data and headers will be masked to prevent unsafe logging of potentially sensitive data
12:03:26.254 [Test worker] DEBUG org.springframework.http.server.reactive.bootstrap.ReactorHttpServer - Starting ReactorHttpServer...
12:03:26.254 [Test worker] DEBUG org.springframework.http.server.reactive.bootstrap.ReactorHttpServer - Server started on port 52812(0 millis).
12:03:26.254 [Test worker] DEBUG org.springframework.web.client.RestTemplate - HTTP POST http://localhost:52812/person-create/publisher
12:03:26.255 [Test worker] DEBUG org.springframework.web.client.RestTemplate - Accept=[application/json, application/x-jackson-smile, application/*+json]
12:03:26.255 [Test worker] DEBUG org.springframework.web.client.RestTemplate - Writing [org.springframework.web.reactive.result.method.annotation.RequestMappingMessageConversionIntegrationTests$People@14806349] as "application/xml"
12:03:26.260 [reactor-http-nio-6] DEBUG org.springframework.web.server.adapter.HttpWebHandlerAdapter - [446f51e4] HTTP POST "/person-create/publisher"
12:03:26.260 [reactor-http-nio-6] DEBUG org.springframework.web.reactive.result.method.annotation.RequestMappingHandlerMapping - [446f51e4] Mapped to public org.reactivestreams.Publisher<java.lang.Void> org.springframework.web.reactive.result.method.annotation.RequestMappingMessageConversionIntegrationTests$PersonCreateController.createWithPublisher(org.reactivestreams.Publisher<org.springframework.web.reactive.result.method.annotation.RequestMappingMessageConversionIntegrationTests$Person>)
12:03:26.260 [reactor-http-nio-6] DEBUG org.springframework.web.reactive.result.method.annotation.RequestBodyArgumentResolver - [446f51e4] Content-Type:application/xml
12:03:26.261 [reactor-http-nio-6] DEBUG org.springframework.web.reactive.result.method.annotation.RequestBodyArgumentResolver - [446f51e4] 0..N [org.springframework.web.reactive.result.method.annotation.RequestMappingMessageConversionIntegrationTests$Person]
12:03:26.265 [reactor-http-nio-6] DEBUG org.springframework.http.codec.xml.Jaxb2XmlDecoder - [446f51e4] Decoded [Person{name='Robert'}]
12:03:26.265 [reactor-http-nio-6] DEBUG org.springframework.http.codec.xml.Jaxb2XmlDecoder - [446f51e4] Decoded [Person{name='Marie'}]
12:03:26.265 [reactor-http-nio-6] DEBUG org.springframework.web.server.adapter.HttpWebHandlerAdapter - [446f51e4] Completed 200 OK
12:03:26.266 [Test worker] DEBUG org.springframework.web.client.RestTemplate - Response 200 OK
12:03:26.266 [Test worker] DEBUG org.springframework.http.server.reactive.bootstrap.ReactorHttpServer - Stopping ReactorHttpServer...
12:03:26.266 [Test worker] DEBUG org.springframework.http.server.reactive.bootstrap.ReactorHttpServer - Server stopped (0 millis).
12:03:26.341 [Test worker] DEBUG org.springframework.web.reactive.result.method.annotation.RequestMappingHandlerMapping - 37 mappings in 'requestMappingHandlerMapping'
12:03:26.381 [Test worker] DEBUG org.springframework.web.reactive.result.method.annotation.ControllerMethodResolver - ControllerAdvice beans: none
12:03:26.449 [Test worker] DEBUG org.springframework.web.server.adapter.HttpWebHandlerAdapter - enableLoggingRequestDetails='false': form data and headers will be masked to prevent unsafe logging of potentially sensitive data
12:03:26.449 [Test worker] DEBUG org.springframework.http.server.reactive.bootstrap.ReactorHttpServer - Starting ReactorHttpServer...
12:03:26.449 [Test worker] DEBUG org.springframework.http.server.reactive.bootstrap.ReactorHttpServer - Server started on port 52814(0 millis).
12:03:26.449 [Test worker] DEBUG org.springframework.web.client.RestTemplate - HTTP POST http://localhost:52814/person-transform/completable-future
12:03:26.450 [Test worker] DEBUG org.springframework.web.client.RestTemplate - Accept=[application/xml, text/xml, application/json, application/x-jackson-smile, application/*+xml, application/*+json]
12:03:26.450 [Test worker] DEBUG org.springframework.web.client.RestTemplate - Writing [Person{name='Robert'}] as "application/json"
12:03:26.451 [reactor-http-nio-2] DEBUG org.springframework.web.server.adapter.HttpWebHandlerAdapter - [c4a440c9] HTTP POST "/person-transform/completable-future"
12:03:26.451 [reactor-http-nio-2] DEBUG org.springframework.web.reactive.result.method.annotation.RequestMappingHandlerMapping - [c4a440c9] Mapped to public java.util.concurrent.CompletableFuture<org.springframework.web.reactive.result.method.annotation.RequestMappingMessageConversionIntegrationTests$Person> org.springframework.web.reactive.result.method.annotation.RequestMappingMessageConversionIntegrationTests$PersonTransformationController.transformCompletableFuture(java.util.concurrent.CompletableFuture<org.springframework.web.reactive.result.method.annotation.RequestMappingMessageConversionIntegrationTests$Person>)
12:03:26.451 [reactor-http-nio-2] DEBUG org.springframework.web.reactive.result.method.annotation.RequestBodyArgumentResolver - [c4a440c9] Content-Type:application/json
12:03:26.451 [reactor-http-nio-2] DEBUG org.springframework.web.reactive.result.method.annotation.RequestBodyArgumentResolver - [c4a440c9] 0..1 [org.springframework.web.reactive.result.method.annotation.RequestMappingMessageConversionIntegrationTests$Person]
12:03:26.452 [reactor-http-nio-2] DEBUG org.springframework.web.reactive.result.method.annotation.ResponseBodyResultHandler - Using 'application/json;charset=UTF-8' given [application/json] and supported [application/json;charset=UTF-8, application/*+json;charset=UTF-8, application/x-jackson-smile;charset=UTF-8, application/*+x-jackson-smile;charset=UTF-8, application/xml, text/xml, text/event-stream]
12:03:26.452 [reactor-http-nio-2] DEBUG org.springframework.web.reactive.result.method.annotation.ResponseBodyResultHandler - [c4a440c9] 0..1 [org.springframework.web.reactive.result.method.annotation.RequestMappingMessageConversionIntegrationTests$Person]
12:03:26.452 [reactor-http-nio-2] DEBUG org.springframework.http.codec.json.Jackson2JsonDecoder - [c4a440c9] Decoded [Person{name='Robert'}]
12:03:26.452 [reactor-http-nio-2] DEBUG org.springframework.http.codec.json.Jackson2JsonEncoder - [c4a440c9] Encoding [Person{name='ROBERT'}]
12:03:26.452 [Test worker] DEBUG org.springframework.web.client.RestTemplate - Response 200 OK
12:03:26.452 [reactor-http-nio-2] DEBUG org.springframework.web.server.adapter.HttpWebHandlerAdapter - [c4a440c9] Completed 200 OK
12:03:26.452 [Test worker] DEBUG org.springframework.web.client.RestTemplate - Reading to [org.springframework.web.reactive.result.method.annotation.RequestMappingMessageConversionIntegrationTests$Person]
12:03:26.453 [Test worker] DEBUG org.springframework.http.server.reactive.bootstrap.ReactorHttpServer - Stopping ReactorHttpServer...
12:03:26.453 [Test worker] DEBUG org.springframework.http.server.reactive.bootstrap.ReactorHttpServer - Server stopped (0 millis).
12:03:26.532 [Test worker] DEBUG org.springframework.web.reactive.result.method.annotation.RequestMappingHandlerMapping - 37 mappings in 'requestMappingHandlerMapping'
12:03:26.571 [Test worker] DEBUG org.springframework.web.reactive.result.method.annotation.ControllerMethodResolver - ControllerAdvice beans: none
12:03:26.638 [Test worker] DEBUG org.springframework.web.server.adapter.HttpWebHandlerAdapter - enableLoggingRequestDetails='false': form data and headers will be masked to prevent unsafe logging of potentially sensitive data
12:03:26.638 [Test worker] DEBUG org.springframework.http.server.reactive.bootstrap.ReactorHttpServer - Starting ReactorHttpServer...
12:03:26.638 [Test worker] DEBUG org.springframework.http.server.reactive.bootstrap.ReactorHttpServer - Server started on port 52816(0 millis).
12:03:26.639 [Test worker] DEBUG org.springframework.web.client.RestTemplate - HTTP POST http://localhost:52816/person-transform/single
12:03:26.639 [Test worker] DEBUG org.springframework.web.client.RestTemplate - Accept=[application/xml, text/xml, application/json, application/x-jackson-smile, application/*+xml, application/*+json]
12:03:26.639 [Test worker] DEBUG org.springframework.web.client.RestTemplate - Writing [Person{name='Robert'}] as "application/json"
12:03:26.640 [reactor-http-nio-4] DEBUG org.springframework.web.server.adapter.HttpWebHandlerAdapter - [6d95a9bf] HTTP POST "/person-transform/single"
12:03:26.640 [reactor-http-nio-4] DEBUG org.springframework.web.reactive.result.method.annotation.RequestMappingHandlerMapping - [6d95a9bf] Mapped to public rx.Single<org.springframework.web.reactive.result.method.annotation.RequestMappingMessageConversionIntegrationTests$Person> org.springframework.web.reactive.result.method.annotation.RequestMappingMessageConversionIntegrationTests$PersonTransformationController.transformSingle(rx.Single<org.springframework.web.reactive.result.method.annotation.RequestMappingMessageConversionIntegrationTests$Person>)
12:03:26.640 [reactor-http-nio-4] DEBUG org.springframework.web.reactive.result.method.annotation.RequestBodyArgumentResolver - [6d95a9bf] Content-Type:application/json
12:03:26.640 [reactor-http-nio-4] DEBUG org.springframework.web.reactive.result.method.annotation.RequestBodyArgumentResolver - [6d95a9bf] 0..1 [org.springframework.web.reactive.result.method.annotation.RequestMappingMessageConversionIntegrationTests$Person]
12:03:26.641 [reactor-http-nio-4] DEBUG org.springframework.web.reactive.result.method.annotation.ResponseBodyResultHandler - Using 'application/json;charset=UTF-8' given [application/json] and supported [application/json;charset=UTF-8, application/*+json;charset=UTF-8, application/x-jackson-smile;charset=UTF-8, application/*+x-jackson-smile;charset=UTF-8, application/xml, text/xml, text/event-stream]
12:03:26.641 [reactor-http-nio-4] DEBUG org.springframework.web.reactive.result.method.annotation.ResponseBodyResultHandler - [6d95a9bf] 0..1 [org.springframework.web.reactive.result.method.annotation.RequestMappingMessageConversionIntegrationTests$Person]
12:03:26.641 [reactor-http-nio-4] DEBUG org.springframework.http.codec.json.Jackson2JsonDecoder - [6d95a9bf] Decoded [Person{name='Robert'}]
12:03:26.641 [reactor-http-nio-4] DEBUG org.springframework.http.codec.json.Jackson2JsonEncoder - [6d95a9bf] Encoding [Person{name='ROBERT'}]
12:03:26.641 [Test worker] DEBUG org.springframework.web.client.RestTemplate - Response 200 OK
12:03:26.641 [reactor-http-nio-4] DEBUG org.springframework.web.server.adapter.HttpWebHandlerAdapter - [6d95a9bf] Completed 200 OK
12:03:26.641 [Test worker] DEBUG org.springframework.web.client.RestTemplate - Reading to [org.springframework.web.reactive.result.method.annotation.RequestMappingMessageConversionIntegrationTests$Person]
12:03:26.641 [Test worker] DEBUG org.springframework.http.server.reactive.bootstrap.ReactorHttpServer - Stopping ReactorHttpServer...
12:03:26.641 [Test worker] DEBUG org.springframework.http.server.reactive.bootstrap.ReactorHttpServer - Server stopped (0 millis).
12:03:26.717 [Test worker] DEBUG org.springframework.web.reactive.result.method.annotation.RequestMappingHandlerMapping - 37 mappings in 'requestMappingHandlerMapping'
12:03:26.757 [Test worker] DEBUG org.springframework.web.reactive.result.method.annotation.ControllerMethodResolver - ControllerAdvice beans: none
12:03:26.825 [Test worker] DEBUG org.springframework.web.server.adapter.HttpWebHandlerAdapter - enableLoggingRequestDetails='false': form data and headers will be masked to prevent unsafe logging of potentially sensitive data
12:03:26.825 [Test worker] DEBUG org.springframework.http.server.reactive.bootstrap.ReactorHttpServer - Starting ReactorHttpServer...
12:03:26.826 [Test worker] DEBUG org.springframework.http.server.reactive.bootstrap.ReactorHttpServer - Server started on port 52818(0 millis).
12:03:26.826 [Test worker] DEBUG org.springframework.web.client.RestTemplate - HTTP GET http://localhost:52818/person-response/mono-response-entity-xml
12:03:26.826 [Test worker] DEBUG org.springframework.web.client.RestTemplate - Accept=[text/plain, application/json, application/x-jackson-smile, application/*+json, */*]
12:03:26.826 [reactor-http-nio-6] DEBUG org.springframework.web.server.adapter.HttpWebHandlerAdapter - [e274e6ce] HTTP GET "/person-response/mono-response-entity-xml"
12:03:26.827 [reactor-http-nio-6] DEBUG org.springframework.web.reactive.result.method.annotation.RequestMappingHandlerMapping - [e274e6ce] Mapped to public org.springframework.http.ResponseEntity<reactor.core.publisher.Mono<org.springframework.web.reactive.result.method.annotation.RequestMappingMessageConversionIntegrationTests$Person>> org.springframework.web.reactive.result.method.annotation.RequestMappingMessageConversionIntegrationTests$PersonResponseBodyController.getMonoResponseEntityXml()
12:03:26.827 [reactor-http-nio-6] DEBUG org.springframework.web.reactive.result.method.annotation.ResponseEntityResultHandler - [e274e6ce] Found 'Content-Type:application/xml' in response
12:03:26.827 [reactor-http-nio-6] DEBUG org.springframework.web.reactive.result.method.annotation.ResponseEntityResultHandler - [e274e6ce] 0..1 [org.springframework.web.reactive.result.method.annotation.RequestMappingMessageConversionIntegrationTests$Person]
12:03:26.827 [reactor-http-nio-6] DEBUG org.springframework.http.codec.xml.Jaxb2XmlEncoder - [e274e6ce] Encoding [Person{name='Robert'}]
12:03:26.832 [Test worker] DEBUG org.springframework.web.client.RestTemplate - Response 200 OK
12:03:26.832 [Test worker] DEBUG org.springframework.web.client.RestTemplate - Reading to [java.lang.String] as "application/xml"
12:03:26.832 [reactor-http-nio-6] DEBUG org.springframework.web.server.adapter.HttpWebHandlerAdapter - [e274e6ce] Completed 200 OK
12:03:26.832 [Test worker] DEBUG org.springframework.http.server.reactive.bootstrap.ReactorHttpServer - Stopping ReactorHttpServer...
12:03:26.832 [Test worker] DEBUG org.springframework.http.server.reactive.bootstrap.ReactorHttpServer - Server stopped (0 millis).
12:03:26.916 [Test worker] DEBUG org.springframework.web.reactive.result.method.annotation.RequestMappingHandlerMapping - 37 mappings in 'requestMappingHandlerMapping'
12:03:26.958 [Test worker] DEBUG org.springframework.web.reactive.result.method.annotation.ControllerMethodResolver - ControllerAdvice beans: none
12:03:27.029 [Test worker] DEBUG org.springframework.web.server.adapter.HttpWebHandlerAdapter - enableLoggingRequestDetails='false': form data and headers will be masked to prevent unsafe logging of potentially sensitive data
12:03:27.029 [Test worker] DEBUG org.springframework.http.server.reactive.bootstrap.ReactorHttpServer - Starting ReactorHttpServer...
12:03:27.030 [Test worker] DEBUG org.springframework.http.server.reactive.bootstrap.ReactorHttpServer - Server started on port 52820(0 millis).
12:03:27.030 [Test worker] DEBUG org.springframework.web.client.RestTemplate - HTTP POST http://localhost:52820/person-create/rxjava2-observable
12:03:27.030 [Test worker] DEBUG org.springframework.web.client.RestTemplate - Accept=[application/json, application/x-jackson-smile, application/*+json]
12:03:27.030 [Test worker] DEBUG org.springframework.web.client.RestTemplate - Writing [[Person{name='Robert'}, Person{name='Marie'}]] as "application/json"
12:03:27.031 [reactor-http-nio-2] DEBUG org.springframework.web.server.adapter.HttpWebHandlerAdapter - [1e96fd6a] HTTP POST "/person-create/rxjava2-observable"
12:03:27.031 [reactor-http-nio-2] DEBUG org.springframework.web.reactive.result.method.annotation.RequestMappingHandlerMapping - [1e96fd6a] Mapped to public io.reactivex.Completable org.springframework.web.reactive.result.method.annotation.RequestMappingMessageConversionIntegrationTests$PersonCreateController.createWithRxJava2Observable(io.reactivex.Observable<org.springframework.web.reactive.result.method.annotation.RequestMappingMessageConversionIntegrationTests$Person>)
12:03:27.031 [reactor-http-nio-2] DEBUG org.springframework.web.reactive.result.method.annotation.RequestBodyArgumentResolver - [1e96fd6a] Content-Type:application/json
12:03:27.032 [reactor-http-nio-2] DEBUG org.springframework.web.reactive.result.method.annotation.RequestBodyArgumentResolver - [1e96fd6a] 0..N [org.springframework.web.reactive.result.method.annotation.RequestMappingMessageConversionIntegrationTests$Person]
12:03:27.032 [reactor-http-nio-2] DEBUG org.springframework.http.codec.json.Jackson2JsonDecoder - [1e96fd6a] Decoded [Person{name='Robert'}]
12:03:27.032 [reactor-http-nio-2] DEBUG org.springframework.http.codec.json.Jackson2JsonDecoder - [1e96fd6a] Decoded [Person{name='Marie'}]
12:03:27.032 [reactor-http-nio-2] DEBUG org.springframework.web.server.adapter.HttpWebHandlerAdapter - [1e96fd6a] Completed 200 OK
12:03:27.032 [Test worker] DEBUG org.springframework.web.client.RestTemplate - Response 200 OK
12:03:27.032 [Test worker] DEBUG org.springframework.http.server.reactive.bootstrap.ReactorHttpServer - Stopping ReactorHttpServer...
12:03:27.032 [Test worker] DEBUG org.springframework.http.server.reactive.bootstrap.ReactorHttpServer - Server stopped (0 millis).
12:03:27.111 [Test worker] DEBUG org.springframework.web.reactive.result.method.annotation.RequestMappingHandlerMapping - 37 mappings in 'requestMappingHandlerMapping'
12:03:27.157 [Test worker] DEBUG org.springframework.web.reactive.result.method.annotation.ControllerMethodResolver - ControllerAdvice beans: none
12:03:27.228 [Test worker] DEBUG org.springframework.web.server.adapter.HttpWebHandlerAdapter - enableLoggingRequestDetails='false': form data and headers will be masked to prevent unsafe logging of potentially sensitive data
12:03:27.228 [Test worker] DEBUG org.springframework.http.server.reactive.bootstrap.ReactorHttpServer - Starting ReactorHttpServer...
12:03:27.228 [Test worker] DEBUG org.springframework.http.server.reactive.bootstrap.ReactorHttpServer - Server started on port 52822(0 millis).
12:03:27.228 [Test worker] DEBUG org.springframework.web.client.RestTemplate - HTTP GET http://localhost:52822/raw-response/flux
12:03:27.228 [Test worker] DEBUG org.springframework.web.client.RestTemplate - Accept=[text/plain, application/json, application/x-jackson-smile, application/*+json, */*]
12:03:27.229 [reactor-http-nio-4] DEBUG org.springframework.web.server.adapter.HttpWebHandlerAdapter - [7eaca49e] HTTP GET "/raw-response/flux"
12:03:27.229 [reactor-http-nio-4] DEBUG org.springframework.web.reactive.result.method.annotation.RequestMappingHandlerMapping - [7eaca49e] Mapped to public reactor.core.publisher.Flux<java.nio.ByteBuffer> org.springframework.web.reactive.result.method.annotation.RequestMappingMessageConversionIntegrationTests$RawResponseBodyController.getFlux()
12:03:27.230 [reactor-http-nio-4] DEBUG org.springframework.web.reactive.result.method.annotation.ResponseBodyResultHandler - Using 'text/plain' given [text/plain, application/json, application/x-jackson-smile, application/*+json, */*] and supported [*/*, application/json;charset=UTF-8, application/*+json;charset=UTF-8, application/x-jackson-smile;charset=UTF-8, application/*+x-jackson-smile;charset=UTF-8, text/event-stream]
12:03:27.230 [reactor-http-nio-4] DEBUG org.springframework.web.reactive.result.method.annotation.ResponseBodyResultHandler - [7eaca49e] 0..N [java.nio.ByteBuffer]
12:03:27.230 [reactor-http-nio-4] DEBUG org.springframework.core.codec.ByteBufferEncoder - [7eaca49e] Writing 6 bytes
12:03:27.230 [Test worker] DEBUG org.springframework.web.client.RestTemplate - Response 200 OK
12:03:27.230 [reactor-http-nio-4] DEBUG org.springframework.web.server.adapter.HttpWebHandlerAdapter - [7eaca49e] Completed 200 OK
12:03:27.230 [Test worker] DEBUG org.springframework.web.client.RestTemplate - Reading to [java.lang.String] as "text/plain"
12:03:27.230 [Test worker] DEBUG org.springframework.http.server.reactive.bootstrap.ReactorHttpServer - Stopping ReactorHttpServer...
12:03:27.230 [Test worker] DEBUG org.springframework.http.server.reactive.bootstrap.ReactorHttpServer - Server stopped (0 millis).
12:03:27.310 [Test worker] DEBUG org.springframework.web.reactive.result.method.annotation.RequestMappingHandlerMapping - 37 mappings in 'requestMappingHandlerMapping'
12:03:27.355 [Test worker] DEBUG org.springframework.web.reactive.result.method.annotation.ControllerMethodResolver - ControllerAdvice beans: none
12:03:27.424 [Test worker] DEBUG org.springframework.web.server.adapter.HttpWebHandlerAdapter - enableLoggingRequestDetails='false': form data and headers will be masked to prevent unsafe logging of potentially sensitive data
12:03:27.424 [Test worker] DEBUG org.springframework.http.server.reactive.bootstrap.ReactorHttpServer - Starting ReactorHttpServer...
12:03:27.424 [Test worker] DEBUG org.springframework.http.server.reactive.bootstrap.ReactorHttpServer - Server started on port 52824(0 millis).
12:03:27.424 [Test worker] DEBUG org.springframework.web.client.RestTemplate - HTTP GET http://localhost:52824/raw-response/mono
12:03:27.424 [Test worker] DEBUG org.springframework.web.client.RestTemplate - Accept=[text/plain, application/json, application/x-jackson-smile, application/*+json, */*]
12:03:27.424 [reactor-http-nio-6] DEBUG org.springframework.web.server.adapter.HttpWebHandlerAdapter - [d402a8be] HTTP GET "/raw-response/mono"
12:03:27.424 [reactor-http-nio-6] DEBUG org.springframework.web.reactive.result.method.annotation.RequestMappingHandlerMapping - [d402a8be] Mapped to public reactor.core.publisher.Mono<java.nio.ByteBuffer> org.springframework.web.reactive.result.method.annotation.RequestMappingMessageConversionIntegrationTests$RawResponseBodyController.getMonoString()
12:03:27.425 [reactor-http-nio-6] DEBUG org.springframework.web.reactive.result.method.annotation.ResponseBodyResultHandler - Using 'text/plain' given [text/plain, application/json, application/x-jackson-smile, application/*+json, */*] and supported [*/*, application/json;charset=UTF-8, application/*+json;charset=UTF-8, application/x-jackson-smile;charset=UTF-8, application/*+x-jackson-smile;charset=UTF-8, text/event-stream]
12:03:27.425 [reactor-http-nio-6] DEBUG org.springframework.web.reactive.result.method.annotation.ResponseBodyResultHandler - [d402a8be] 0..1 [java.nio.ByteBuffer]
12:03:27.425 [reactor-http-nio-6] DEBUG org.springframework.core.codec.ByteBufferEncoder - [d402a8be] Writing 6 bytes
12:03:27.425 [Test worker] DEBUG org.springframework.web.client.RestTemplate - Response 200 OK
12:03:27.425 [reactor-http-nio-6] DEBUG org.springframework.web.server.adapter.HttpWebHandlerAdapter - [d402a8be] Completed 200 OK
12:03:27.425 [Test worker] DEBUG org.springframework.web.client.RestTemplate - Reading to [java.lang.String] as "text/plain"
12:03:27.425 [Test worker] DEBUG org.springframework.http.server.reactive.bootstrap.ReactorHttpServer - Stopping ReactorHttpServer...
12:03:27.425 [Test worker] DEBUG org.springframework.http.server.reactive.bootstrap.ReactorHttpServer - Server stopped (0 millis).
12:03:27.502 [Test worker] DEBUG org.springframework.web.reactive.result.method.annotation.RequestMappingHandlerMapping - 37 mappings in 'requestMappingHandlerMapping'
12:03:27.542 [Test worker] DEBUG org.springframework.web.reactive.result.method.annotation.ControllerMethodResolver - ControllerAdvice beans: none
12:03:27.610 [Test worker] DEBUG org.springframework.web.server.adapter.HttpWebHandlerAdapter - enableLoggingRequestDetails='false': form data and headers will be masked to prevent unsafe logging of potentially sensitive data
12:03:27.610 [Test worker] DEBUG org.springframework.http.server.reactive.bootstrap.ReactorHttpServer - Starting ReactorHttpServer...
12:03:27.611 [Test worker] DEBUG org.springframework.http.server.reactive.bootstrap.ReactorHttpServer - Server started on port 52826(0 millis).
12:03:27.611 [Test worker] DEBUG org.springframework.web.client.RestTemplate - HTTP POST http://localhost:52826/person-transform/flowable
12:03:27.611 [Test worker] DEBUG org.springframework.web.client.RestTemplate - Accept=[application/json, application/x-jackson-smile, application/*+json]
12:03:27.611 [Test worker] DEBUG org.springframework.web.client.RestTemplate - Writing [[Person{name='Robert'}, Person{name='Marie'}]] as "application/json"
12:03:27.612 [reactor-http-nio-2] DEBUG org.springframework.web.server.adapter.HttpWebHandlerAdapter - [841bab21] HTTP POST "/person-transform/flowable"
12:03:27.612 [reactor-http-nio-2] DEBUG org.springframework.web.reactive.result.method.annotation.RequestMappingHandlerMapping - [841bab21] Mapped to public io.reactivex.Flowable<org.springframework.web.reactive.result.method.annotation.RequestMappingMessageConversionIntegrationTests$Person> org.springframework.web.reactive.result.method.annotation.RequestMappingMessageConversionIntegrationTests$PersonTransformationController.transformFlowable(io.reactivex.Flowable<org.springframework.web.reactive.result.method.annotation.RequestMappingMessageConversionIntegrationTests$Person>)
12:03:27.612 [reactor-http-nio-2] DEBUG org.springframework.web.reactive.result.method.annotation.RequestBodyArgumentResolver - [841bab21] Content-Type:application/json
12:03:27.613 [reactor-http-nio-2] DEBUG org.springframework.web.reactive.result.method.annotation.RequestBodyArgumentResolver - [841bab21] 0..N [org.springframework.web.reactive.result.method.annotation.RequestMappingMessageConversionIntegrationTests$Person]
12:03:27.613 [reactor-http-nio-2] DEBUG org.springframework.web.reactive.result.method.annotation.ResponseBodyResultHandler - Using 'application/json;charset=UTF-8' given [application/json] and supported [application/json;charset=UTF-8, application/*+json;charset=UTF-8, application/x-jackson-smile;charset=UTF-8, application/*+x-jackson-smile;charset=UTF-8, application/xml, text/xml, text/event-stream]
12:03:27.613 [reactor-http-nio-2] DEBUG org.springframework.web.reactive.result.method.annotation.ResponseBodyResultHandler - [841bab21] 0..N [org.springframework.web.reactive.result.method.annotation.RequestMappingMessageConversionIntegrationTests$Person]
12:03:27.613 [reactor-http-nio-2] DEBUG org.springframework.http.codec.json.Jackson2JsonDecoder - [841bab21] Decoded [Person{name='Robert'}]
12:03:27.613 [reactor-http-nio-2] DEBUG org.springframework.http.codec.json.Jackson2JsonDecoder - [841bab21] Decoded [Person{name='Marie'}]
12:03:27.613 [reactor-http-nio-2] DEBUG org.springframework.http.codec.json.Jackson2JsonEncoder - [841bab21] Encoding [[Person{name='ROBERT'}, Person{name='MARIE'}]]
12:03:27.614 [Test worker] DEBUG org.springframework.web.client.RestTemplate - Response 200 OK
12:03:27.614 [reactor-http-nio-2] DEBUG org.springframework.web.server.adapter.HttpWebHandlerAdapter - [841bab21] Completed 200 OK
12:03:27.614 [Test worker] DEBUG org.springframework.web.client.RestTemplate - Reading to [java.util.List<org.springframework.web.reactive.result.method.annotation.RequestMappingMessageConversionIntegrationTests$Person>]
12:03:27.614 [Test worker] DEBUG org.springframework.http.server.reactive.bootstrap.ReactorHttpServer - Stopping ReactorHttpServer...
12:03:27.614 [Test worker] DEBUG org.springframework.http.server.reactive.bootstrap.ReactorHttpServer - Server stopped (0 millis).
12:03:27.690 [Test worker] DEBUG org.springframework.web.reactive.result.method.annotation.RequestMappingHandlerMapping - 37 mappings in 'requestMappingHandlerMapping'
12:03:27.730 [Test worker] DEBUG org.springframework.web.reactive.result.method.annotation.ControllerMethodResolver - ControllerAdvice beans: none
12:03:27.796 [Test worker] DEBUG org.springframework.web.server.adapter.HttpWebHandlerAdapter - enableLoggingRequestDetails='false': form data and headers will be masked to prevent unsafe logging of potentially sensitive data
12:03:27.797 [Test worker] DEBUG org.springframework.http.server.reactive.bootstrap.ReactorHttpServer - Starting ReactorHttpServer...
12:03:27.797 [Test worker] DEBUG org.springframework.http.server.reactive.bootstrap.ReactorHttpServer - Server started on port 52828(0 millis).
12:03:27.797 [Test worker] DEBUG org.springframework.web.client.RestTemplate - HTTP POST http://localhost:52828/person-create/flux
12:03:27.797 [Test worker] DEBUG org.springframework.web.client.RestTemplate - Accept=[application/json, application/x-jackson-smile, application/*+json]
12:03:27.797 [Test worker] DEBUG org.springframework.web.client.RestTemplate - Writing [[Person{name='Robert'}, Person{name='Marie'}]] as "application/json"
12:03:27.798 [reactor-http-nio-4] DEBUG org.springframework.web.server.adapter.HttpWebHandlerAdapter - [8f6628ff] HTTP POST "/person-create/flux"
12:03:27.798 [reactor-http-nio-4] DEBUG org.springframework.web.reactive.result.method.annotation.RequestMappingHandlerMapping - [8f6628ff] Mapped to public reactor.core.publisher.Mono<java.lang.Void> org.springframework.web.reactive.result.method.annotation.RequestMappingMessageConversionIntegrationTests$PersonCreateController.createWithFlux(reactor.core.publisher.Flux<org.springframework.web.reactive.result.method.annotation.RequestMappingMessageConversionIntegrationTests$Person>)
12:03:27.798 [reactor-http-nio-4] DEBUG org.springframework.web.reactive.result.method.annotation.RequestBodyArgumentResolver - [8f6628ff] Content-Type:application/json
12:03:27.800 [reactor-http-nio-4] DEBUG org.springframework.web.reactive.result.method.annotation.RequestBodyArgumentResolver - [8f6628ff] 0..N [org.springframework.web.reactive.result.method.annotation.RequestMappingMessageConversionIntegrationTests$Person]
12:03:27.800 [reactor-http-nio-4] DEBUG org.springframework.http.codec.json.Jackson2JsonDecoder - [8f6628ff] Decoded [Person{name='Robert'}]
12:03:27.800 [reactor-http-nio-4] DEBUG org.springframework.http.codec.json.Jackson2JsonDecoder - [8f6628ff] Decoded [Person{name='Marie'}]
12:03:27.800 [reactor-http-nio-4] DEBUG org.springframework.web.server.adapter.HttpWebHandlerAdapter - [8f6628ff] Completed 200 OK
12:03:27.800 [Test worker] DEBUG org.springframework.web.client.RestTemplate - Response 200 OK
12:03:27.800 [Test worker] DEBUG org.springframework.http.server.reactive.bootstrap.ReactorHttpServer - Stopping ReactorHttpServer...
12:03:27.800 [Test worker] DEBUG org.springframework.http.server.reactive.bootstrap.ReactorHttpServer - Server stopped (0 millis).
12:03:27.876 [Test worker] DEBUG org.springframework.web.reactive.result.method.annotation.RequestMappingHandlerMapping - 37 mappings in 'requestMappingHandlerMapping'
12:03:27.916 [Test worker] DEBUG org.springframework.web.reactive.result.method.annotation.ControllerMethodResolver - ControllerAdvice beans: none
12:03:27.985 [Test worker] DEBUG org.springframework.web.server.adapter.HttpWebHandlerAdapter - enableLoggingRequestDetails='false': form data and headers will be masked to prevent unsafe logging of potentially sensitive data
12:03:27.985 [Test worker] DEBUG org.springframework.http.server.reactive.bootstrap.ReactorHttpServer - Starting ReactorHttpServer...
12:03:27.985 [Test worker] DEBUG org.springframework.http.server.reactive.bootstrap.ReactorHttpServer - Server started on port 52830(0 millis).
12:03:27.985 [Test worker] DEBUG org.springframework.web.client.RestTemplate - HTTP POST http://localhost:52830/person-create/flowable
12:03:27.985 [Test worker] DEBUG org.springframework.web.client.RestTemplate - Accept=[application/json, application/x-jackson-smile, application/*+json]
12:03:27.985 [Test worker] DEBUG org.springframework.web.client.RestTemplate - Writing [org.springframework.web.reactive.result.method.annotation.RequestMappingMessageConversionIntegrationTests$People@134a61ec] as "application/xml"
12:03:27.991 [reactor-http-nio-6] DEBUG org.springframework.web.server.adapter.HttpWebHandlerAdapter - [208a5cc8] HTTP POST "/person-create/flowable"
12:03:27.991 [reactor-http-nio-6] DEBUG org.springframework.web.reactive.result.method.annotation.RequestMappingHandlerMapping - [208a5cc8] Mapped to public io.reactivex.Completable org.springframework.web.reactive.result.method.annotation.RequestMappingMessageConversionIntegrationTests$PersonCreateController.createWithFlowable(io.reactivex.Flowable<org.springframework.web.reactive.result.method.annotation.RequestMappingMessageConversionIntegrationTests$Person>)
12:03:27.991 [reactor-http-nio-6] DEBUG org.springframework.web.reactive.result.method.annotation.RequestBodyArgumentResolver - [208a5cc8] Content-Type:application/xml
12:03:27.991 [reactor-http-nio-6] DEBUG org.springframework.web.reactive.result.method.annotation.RequestBodyArgumentResolver - [208a5cc8] 0..N [org.springframework.web.reactive.result.method.annotation.RequestMappingMessageConversionIntegrationTests$Person]
12:03:27.996 [reactor-http-nio-6] DEBUG org.springframework.http.codec.xml.Jaxb2XmlDecoder - [208a5cc8] Decoded [Person{name='Robert'}]
12:03:27.996 [reactor-http-nio-6] DEBUG org.springframework.http.codec.xml.Jaxb2XmlDecoder - [208a5cc8] Decoded [Person{name='Marie'}]
12:03:27.996 [reactor-http-nio-6] DEBUG org.springframework.web.server.adapter.HttpWebHandlerAdapter - [208a5cc8] Completed 200 OK
12:03:27.997 [Test worker] DEBUG org.springframework.web.client.RestTemplate - Response 200 OK
12:03:27.997 [Test worker] DEBUG org.springframework.http.server.reactive.bootstrap.ReactorHttpServer - Stopping ReactorHttpServer...
12:03:27.997 [Test worker] DEBUG org.springframework.http.server.reactive.bootstrap.ReactorHttpServer - Server stopped (0 millis).
12:03:28.074 [Test worker] DEBUG org.springframework.web.reactive.result.method.annotation.RequestMappingHandlerMapping - 37 mappings in 'requestMappingHandlerMapping'
12:03:28.114 [Test worker] DEBUG org.springframework.web.reactive.result.method.annotation.ControllerMethodResolver - ControllerAdvice beans: none
12:03:28.179 [Test worker] DEBUG org.springframework.web.server.adapter.HttpWebHandlerAdapter - enableLoggingRequestDetails='false': form data and headers will be masked to prevent unsafe logging of potentially sensitive data
12:03:28.179 [Test worker] DEBUG org.springframework.http.server.reactive.bootstrap.ReactorHttpServer - Starting ReactorHttpServer...
12:03:28.181 [Test worker] DEBUG org.springframework.http.server.reactive.bootstrap.ReactorHttpServer - Server started on port 52832(0 millis).
12:03:28.181 [Test worker] DEBUG org.springframework.web.client.RestTemplate - HTTP GET http://localhost:52832/resource
12:03:28.181 [Test worker] DEBUG org.springframework.web.client.RestTemplate - Accept=[application/octet-stream, application/json, application/x-jackson-smile, application/*+json, */*]
12:03:28.181 [reactor-http-nio-2] DEBUG org.springframework.web.server.adapter.HttpWebHandlerAdapter - [cb9772cb] HTTP GET "/resource"
12:03:28.181 [reactor-http-nio-2] DEBUG org.springframework.web.reactive.result.method.annotation.RequestMappingHandlerMapping - [cb9772cb] Mapped to public org.springframework.core.io.Resource org.springframework.web.reactive.result.method.annotation.RequestMappingMessageConversionIntegrationTests$ResourceController.resource()
12:03:28.183 [reactor-http-nio-2] DEBUG org.springframework.web.reactive.result.method.annotation.ResponseBodyResultHandler - Using 'application/octet-stream' given [application/octet-stream, application/json, application/x-jackson-smile, application/*+json, */*] and supported [application/octet-stream, */*, application/json;charset=UTF-8, application/*+json;charset=UTF-8, application/x-jackson-smile;charset=UTF-8, application/*+x-jackson-smile;charset=UTF-8, text/event-stream]
12:03:28.183 [reactor-http-nio-2] DEBUG org.springframework.web.reactive.result.method.annotation.ResponseBodyResultHandler - [cb9772cb] 0..1 [org.springframework.core.io.Resource]
12:03:28.183 [reactor-http-nio-2] DEBUG org.springframework.http.codec.ResourceHttpMessageWriter - [cb9772cb] Resource associated with 'image/png'
12:03:28.184 [reactor-http-nio-2] DEBUG org.springframework.http.codec.ResourceHttpMessageWriter - [cb9772cb] Zero-copy [class path resource [org/springframework/http/server/reactive/spring.png]]
12:03:28.186 [Test worker] DEBUG org.springframework.web.client.RestTemplate - Response 200 OK
12:03:28.194 [Test worker] DEBUG org.springframework.web.client.RestTemplate - Reading to [[B] as "image/png"
12:03:28.194 [reactor-http-nio-2] DEBUG org.springframework.web.server.adapter.HttpWebHandlerAdapter - [cb9772cb] Completed 200 OK
12:03:28.194 [Test worker] DEBUG org.springframework.http.server.reactive.bootstrap.ReactorHttpServer - Stopping ReactorHttpServer...
12:03:28.194 [Test worker] DEBUG org.springframework.http.server.reactive.bootstrap.ReactorHttpServer - Server stopped (0 millis).
12:03:28.279 [Test worker] DEBUG org.springframework.web.reactive.result.method.annotation.RequestMappingHandlerMapping - 37 mappings in 'requestMappingHandlerMapping'
12:03:28.320 [Test worker] DEBUG org.springframework.web.reactive.result.method.annotation.ControllerMethodResolver - ControllerAdvice beans: none
12:03:28.387 [Test worker] DEBUG org.springframework.web.server.adapter.HttpWebHandlerAdapter - enableLoggingRequestDetails='false': form data and headers will be masked to prevent unsafe logging of potentially sensitive data
12:03:28.387 [Test worker] DEBUG org.springframework.http.server.reactive.bootstrap.ReactorHttpServer - Starting ReactorHttpServer...
12:03:28.388 [Test worker] DEBUG org.springframework.http.server.reactive.bootstrap.ReactorHttpServer - Server started on port 52834(0 millis).
12:03:28.388 [Test worker] DEBUG org.springframework.web.client.RestTemplate - HTTP POST http://localhost:52834/person-create/flux
12:03:28.388 [Test worker] DEBUG org.springframework.web.client.RestTemplate - Accept=[application/json, application/x-jackson-smile, application/*+json]
12:03:28.388 [Test worker] DEBUG org.springframework.web.client.RestTemplate - Writing [org.springframework.web.reactive.result.method.annotation.RequestMappingMessageConversionIntegrationTests$People@34eac2c0] as "application/xml"
12:03:28.394 [reactor-http-nio-4] DEBUG org.springframework.web.server.adapter.HttpWebHandlerAdapter - [85356dd6] HTTP POST "/person-create/flux"
12:03:28.394 [reactor-http-nio-4] DEBUG org.springframework.web.reactive.result.method.annotation.RequestMappingHandlerMapping - [85356dd6] Mapped to public reactor.core.publisher.Mono<java.lang.Void> org.springframework.web.reactive.result.method.annotation.RequestMappingMessageConversionIntegrationTests$PersonCreateController.createWithFlux(reactor.core.publisher.Flux<org.springframework.web.reactive.result.method.annotation.RequestMappingMessageConversionIntegrationTests$Person>)
12:03:28.394 [reactor-http-nio-4] DEBUG org.springframework.web.reactive.result.method.annotation.RequestBodyArgumentResolver - [85356dd6] Content-Type:application/xml
12:03:28.394 [reactor-http-nio-4] DEBUG org.springframework.web.reactive.result.method.annotation.RequestBodyArgumentResolver - [85356dd6] 0..N [org.springframework.web.reactive.result.method.annotation.RequestMappingMessageConversionIntegrationTests$Person]
12:03:28.399 [reactor-http-nio-4] DEBUG org.springframework.http.codec.xml.Jaxb2XmlDecoder - [85356dd6] Decoded [Person{name='Robert'}]
12:03:28.399 [reactor-http-nio-4] DEBUG org.springframework.http.codec.xml.Jaxb2XmlDecoder - [85356dd6] Decoded [Person{name='Marie'}]
12:03:28.400 [reactor-http-nio-4] DEBUG org.springframework.web.server.adapter.HttpWebHandlerAdapter - [85356dd6] Completed 200 OK
12:03:28.400 [Test worker] DEBUG org.springframework.web.client.RestTemplate - Response 200 OK
12:03:28.400 [Test worker] DEBUG org.springframework.http.server.reactive.bootstrap.ReactorHttpServer - Stopping ReactorHttpServer...
12:03:28.400 [Test worker] DEBUG org.springframework.http.server.reactive.bootstrap.ReactorHttpServer - Server stopped (0 millis).
12:03:28.478 [Test worker] DEBUG org.springframework.web.reactive.result.method.annotation.RequestMappingHandlerMapping - 37 mappings in 'requestMappingHandlerMapping'
12:03:28.519 [Test worker] DEBUG org.springframework.web.reactive.result.method.annotation.ControllerMethodResolver - ControllerAdvice beans: none
12:03:28.585 [Test worker] DEBUG org.springframework.web.server.adapter.HttpWebHandlerAdapter - enableLoggingRequestDetails='false': form data and headers will be masked to prevent unsafe logging of potentially sensitive data
12:03:28.585 [Test worker] DEBUG org.springframework.http.server.reactive.bootstrap.ReactorHttpServer - Starting ReactorHttpServer...
12:03:28.586 [Test worker] DEBUG org.springframework.http.server.reactive.bootstrap.ReactorHttpServer - Server started on port 52836(0 millis).
12:03:28.586 [Test worker] DEBUG org.springframework.web.client.RestTemplate - HTTP GET http://localhost:52836/person-response/mono-response-entity
12:03:28.586 [Test worker] DEBUG org.springframework.web.client.RestTemplate - Accept=[application/xml, text/xml, application/json, application/x-jackson-smile, application/*+xml, application/*+json]
12:03:28.587 [reactor-http-nio-6] DEBUG org.springframework.web.server.adapter.HttpWebHandlerAdapter - [fdcf662b] HTTP GET "/person-response/mono-response-entity"
12:03:28.587 [reactor-http-nio-6] DEBUG org.springframework.web.reactive.result.method.annotation.RequestMappingHandlerMapping - [fdcf662b] Mapped to public org.springframework.http.ResponseEntity<reactor.core.publisher.Mono<org.springframework.web.reactive.result.method.annotation.RequestMappingMessageConversionIntegrationTests$Person>> org.springframework.web.reactive.result.method.annotation.RequestMappingMessageConversionIntegrationTests$PersonResponseBodyController.getMonoResponseEntity()
12:03:28.588 [reactor-http-nio-6] DEBUG org.springframework.web.reactive.result.method.annotation.ResponseEntityResultHandler - Using 'application/json;charset=UTF-8' given [application/json] and supported [application/json;charset=UTF-8, application/*+json;charset=UTF-8, application/x-jackson-smile;charset=UTF-8, application/*+x-jackson-smile;charset=UTF-8, application/xml, text/xml, text/event-stream]
12:03:28.588 [reactor-http-nio-6] DEBUG org.springframework.web.reactive.result.method.annotation.ResponseEntityResultHandler - [fdcf662b] 0..1 [org.springframework.web.reactive.result.method.annotation.RequestMappingMessageConversionIntegrationTests$Person]
12:03:28.588 [reactor-http-nio-6] DEBUG org.springframework.http.codec.json.Jackson2JsonEncoder - [fdcf662b] Encoding [Person{name='Robert'}]
12:03:28.588 [Test worker] DEBUG org.springframework.web.client.RestTemplate - Response 200 OK
12:03:28.588 [reactor-http-nio-6] DEBUG org.springframework.web.server.adapter.HttpWebHandlerAdapter - [fdcf662b] Completed 200 OK
12:03:28.588 [Test worker] DEBUG org.springframework.web.client.RestTemplate - Reading to [org.springframework.web.reactive.result.method.annotation.RequestMappingMessageConversionIntegrationTests$Person]
12:03:28.588 [Test worker] DEBUG org.springframework.http.server.reactive.bootstrap.ReactorHttpServer - Stopping ReactorHttpServer...
12:03:28.588 [Test worker] DEBUG org.springframework.http.server.reactive.bootstrap.ReactorHttpServer - Server stopped (0 millis).
12:03:28.664 [Test worker] DEBUG org.springframework.web.reactive.result.method.annotation.RequestMappingHandlerMapping - 37 mappings in 'requestMappingHandlerMapping'
12:03:28.704 [Test worker] DEBUG org.springframework.web.reactive.result.method.annotation.ControllerMethodResolver - ControllerAdvice beans: none
12:03:28.771 [Test worker] DEBUG org.springframework.web.server.adapter.HttpWebHandlerAdapter - enableLoggingRequestDetails='false': form data and headers will be masked to prevent unsafe logging of potentially sensitive data
12:03:28.771 [Test worker] DEBUG org.springframework.http.server.reactive.bootstrap.ReactorHttpServer - Starting ReactorHttpServer...
12:03:28.772 [Test worker] DEBUG org.springframework.http.server.reactive.bootstrap.ReactorHttpServer - Server started on port 52838(0 millis).
12:03:28.772 [Test worker] DEBUG org.springframework.web.client.RestTemplate - HTTP GET http://localhost:52838/raw-response/rxjava2-observable
12:03:28.772 [Test worker] DEBUG org.springframework.web.client.RestTemplate - Accept=[text/plain, application/json, application/x-jackson-smile, application/*+json, */*]
12:03:28.772 [reactor-http-nio-2] DEBUG org.springframework.web.server.adapter.HttpWebHandlerAdapter - [3802f299] HTTP GET "/raw-response/rxjava2-observable"
12:03:28.773 [reactor-http-nio-2] DEBUG org.springframework.web.reactive.result.method.annotation.RequestMappingHandlerMapping - [3802f299] Mapped to public io.reactivex.Observable<java.nio.ByteBuffer> org.springframework.web.reactive.result.method.annotation.RequestMappingMessageConversionIntegrationTests$RawResponseBodyController.getRxJava2Observable()
12:03:28.773 [reactor-http-nio-2] DEBUG org.springframework.web.reactive.result.method.annotation.ResponseBodyResultHandler - Using 'text/plain' given [text/plain, application/json, application/x-jackson-smile, application/*+json, */*] and supported [*/*, application/json;charset=UTF-8, application/*+json;charset=UTF-8, application/x-jackson-smile;charset=UTF-8, application/*+x-jackson-smile;charset=UTF-8, text/event-stream]
12:03:28.773 [reactor-http-nio-2] DEBUG org.springframework.web.reactive.result.method.annotation.ResponseBodyResultHandler - [3802f299] 0..N [java.nio.ByteBuffer]
12:03:28.773 [reactor-http-nio-2] DEBUG org.springframework.core.codec.ByteBufferEncoder - [3802f299] Writing 6 bytes
12:03:28.773 [Test worker] DEBUG org.springframework.web.client.RestTemplate - Response 200 OK
12:03:28.773 [Test worker] DEBUG org.springframework.web.client.RestTemplate - Reading to [java.lang.String] as "text/plain"
12:03:28.773 [reactor-http-nio-2] DEBUG org.springframework.web.server.adapter.HttpWebHandlerAdapter - [3802f299] Completed 200 OK
12:03:28.773 [Test worker] DEBUG org.springframework.http.server.reactive.bootstrap.ReactorHttpServer - Stopping ReactorHttpServer...
12:03:28.774 [Test worker] DEBUG org.springframework.http.server.reactive.bootstrap.ReactorHttpServer - Server stopped (0 millis).
12:03:28.850 [Test worker] DEBUG org.springframework.web.reactive.result.method.annotation.RequestMappingHandlerMapping - 37 mappings in 'requestMappingHandlerMapping'
12:03:28.890 [Test worker] DEBUG org.springframework.web.reactive.result.method.annotation.ControllerMethodResolver - ControllerAdvice beans: none
12:03:28.959 [Test worker] DEBUG org.springframework.web.server.adapter.HttpWebHandlerAdapter - enableLoggingRequestDetails='false': form data and headers will be masked to prevent unsafe logging of potentially sensitive data
12:03:28.959 [Test worker] DEBUG org.springframework.http.server.reactive.bootstrap.ReactorHttpServer - Starting ReactorHttpServer...
12:03:28.959 [Test worker] DEBUG org.springframework.http.server.reactive.bootstrap.ReactorHttpServer - Server started on port 52841(0 millis).
12:03:28.959 [Test worker] DEBUG org.springframework.web.client.RestTemplate - HTTP POST http://localhost:52841/person-create/single
12:03:28.960 [Test worker] DEBUG org.springframework.web.client.RestTemplate - Accept=[application/json, application/x-jackson-smile, application/*+json]
12:03:28.960 [Test worker] DEBUG org.springframework.web.client.RestTemplate - Writing [Person{name='Robert'}] as "application/json"
12:03:28.961 [reactor-http-nio-4] DEBUG org.springframework.web.server.adapter.HttpWebHandlerAdapter - [0e5875f1] HTTP POST "/person-create/single"
12:03:28.961 [reactor-http-nio-4] DEBUG org.springframework.web.reactive.result.method.annotation.RequestMappingHandlerMapping - [0e5875f1] Mapped to public rx.Completable org.springframework.web.reactive.result.method.annotation.RequestMappingMessageConversionIntegrationTests$PersonCreateController.createWithSingle(rx.Single<org.springframework.web.reactive.result.method.annotation.RequestMappingMessageConversionIntegrationTests$Person>)
12:03:28.961 [reactor-http-nio-4] DEBUG org.springframework.web.reactive.result.method.annotation.RequestBodyArgumentResolver - [0e5875f1] Content-Type:application/json
12:03:28.961 [reactor-http-nio-4] DEBUG org.springframework.web.reactive.result.method.annotation.RequestBodyArgumentResolver - [0e5875f1] 0..1 [org.springframework.web.reactive.result.method.annotation.RequestMappingMessageConversionIntegrationTests$Person]
12:03:28.961 [reactor-http-nio-4] DEBUG org.springframework.http.codec.json.Jackson2JsonDecoder - [0e5875f1] Decoded [Person{name='Robert'}]
12:03:28.961 [reactor-http-nio-4] DEBUG org.springframework.web.server.adapter.HttpWebHandlerAdapter - [0e5875f1] Completed 200 OK
12:03:28.962 [Test worker] DEBUG org.springframework.web.client.RestTemplate - Response 200 OK
12:03:28.962 [Test worker] DEBUG org.springframework.http.server.reactive.bootstrap.ReactorHttpServer - Stopping ReactorHttpServer...
12:03:28.962 [Test worker] DEBUG org.springframework.http.server.reactive.bootstrap.ReactorHttpServer - Server stopped (0 millis).
12:03:29.039 [Test worker] DEBUG org.springframework.web.reactive.result.method.annotation.RequestMappingHandlerMapping - 37 mappings in 'requestMappingHandlerMapping'
12:03:29.079 [Test worker] DEBUG org.springframework.web.reactive.result.method.annotation.ControllerMethodResolver - ControllerAdvice beans: none
12:03:29.148 [Test worker] DEBUG org.springframework.web.server.adapter.HttpWebHandlerAdapter - enableLoggingRequestDetails='false': form data and headers will be masked to prevent unsafe logging of potentially sensitive data
12:03:29.148 [Test worker] DEBUG org.springframework.http.server.reactive.bootstrap.ReactorHttpServer - Starting ReactorHttpServer...
12:03:29.148 [Test worker] DEBUG org.springframework.http.server.reactive.bootstrap.ReactorHttpServer - Server started on port 52843(0 millis).
12:03:29.148 [Test worker] DEBUG org.springframework.web.client.RestTemplate - HTTP GET http://localhost:52843/raw-response/observable
12:03:29.148 [Test worker] DEBUG org.springframework.web.client.RestTemplate - Accept=[text/plain, application/json, application/x-jackson-smile, application/*+json, */*]
12:03:29.149 [reactor-http-nio-6] DEBUG org.springframework.web.server.adapter.HttpWebHandlerAdapter - [8b7e26d1] HTTP GET "/raw-response/observable"
12:03:29.149 [reactor-http-nio-6] DEBUG org.springframework.web.reactive.result.method.annotation.RequestMappingHandlerMapping - [8b7e26d1] Mapped to public rx.Observable<java.nio.ByteBuffer> org.springframework.web.reactive.result.method.annotation.RequestMappingMessageConversionIntegrationTests$RawResponseBodyController.getObservable()
12:03:29.150 [reactor-http-nio-6] DEBUG org.springframework.web.reactive.result.method.annotation.ResponseBodyResultHandler - Using 'text/plain' given [text/plain, application/json, application/x-jackson-smile, application/*+json, */*] and supported [*/*, application/json;charset=UTF-8, application/*+json;charset=UTF-8, application/x-jackson-smile;charset=UTF-8, application/*+x-jackson-smile;charset=UTF-8, text/event-stream]
12:03:29.150 [reactor-http-nio-6] DEBUG org.springframework.web.reactive.result.method.annotation.ResponseBodyResultHandler - [8b7e26d1] 0..N [java.nio.ByteBuffer]
12:03:29.150 [reactor-http-nio-6] DEBUG org.springframework.core.codec.ByteBufferEncoder - [8b7e26d1] Writing 6 bytes
12:03:29.150 [Test worker] DEBUG org.springframework.web.client.RestTemplate - Response 200 OK
12:03:29.150 [reactor-http-nio-6] DEBUG org.springframework.web.server.adapter.HttpWebHandlerAdapter - [8b7e26d1] Completed 200 OK
12:03:29.150 [Test worker] DEBUG org.springframework.web.client.RestTemplate - Reading to [java.lang.String] as "text/plain"
12:03:29.150 [Test worker] DEBUG org.springframework.http.server.reactive.bootstrap.ReactorHttpServer - Stopping ReactorHttpServer...
12:03:29.150 [Test worker] DEBUG org.springframework.http.server.reactive.bootstrap.ReactorHttpServer - Server stopped (0 millis).
12:03:29.227 [Test worker] DEBUG org.springframework.web.reactive.result.method.annotation.RequestMappingHandlerMapping - 37 mappings in 'requestMappingHandlerMapping'
12:03:29.267 [Test worker] DEBUG org.springframework.web.reactive.result.method.annotation.ControllerMethodResolver - ControllerAdvice beans: none
12:03:29.334 [Test worker] DEBUG org.springframework.web.server.adapter.HttpWebHandlerAdapter - enableLoggingRequestDetails='false': form data and headers will be masked to prevent unsafe logging of potentially sensitive data
12:03:29.334 [Test worker] DEBUG org.springframework.http.server.reactive.bootstrap.ReactorHttpServer - Starting ReactorHttpServer...
12:03:29.335 [Test worker] DEBUG org.springframework.http.server.reactive.bootstrap.ReactorHttpServer - Server started on port 52845(0 millis).
12:03:29.335 [Test worker] DEBUG org.springframework.web.client.RestTemplate - HTTP GET http://localhost:52845/person-response/flux
12:03:29.335 [Test worker] DEBUG org.springframework.web.client.RestTemplate - Accept=[application/json, application/x-jackson-smile, application/*+json]
12:03:29.336 [reactor-http-nio-2] DEBUG org.springframework.web.server.adapter.HttpWebHandlerAdapter - [21a2e4cd] HTTP GET "/person-response/flux"
12:03:29.336 [reactor-http-nio-2] DEBUG org.springframework.web.reactive.result.method.annotation.RequestMappingHandlerMapping - [21a2e4cd] Mapped to public reactor.core.publisher.Flux<org.springframework.web.reactive.result.method.annotation.RequestMappingMessageConversionIntegrationTests$Person> org.springframework.web.reactive.result.method.annotation.RequestMappingMessageConversionIntegrationTests$PersonResponseBodyController.getFlux()
12:03:29.336 [reactor-http-nio-2] DEBUG org.springframework.web.reactive.result.method.annotation.ResponseBodyResultHandler - Using 'application/json;charset=UTF-8' given [application/json] and supported [application/json;charset=UTF-8, application/*+json;charset=UTF-8, application/x-jackson-smile;charset=UTF-8, application/*+x-jackson-smile;charset=UTF-8, application/xml, text/xml, text/event-stream]
12:03:29.336 [reactor-http-nio-2] DEBUG org.springframework.web.reactive.result.method.annotation.ResponseBodyResultHandler - [21a2e4cd] 0..N [org.springframework.web.reactive.result.method.annotation.RequestMappingMessageConversionIntegrationTests$Person]
12:03:29.336 [reactor-http-nio-2] DEBUG org.springframework.http.codec.json.Jackson2JsonEncoder - [21a2e4cd] Encoding [[Person{name='Robert'}, Person{name='Marie'}]]
12:03:29.337 [Test worker] DEBUG org.springframework.web.client.RestTemplate - Response 200 OK
12:03:29.337 [reactor-http-nio-2] DEBUG org.springframework.web.server.adapter.HttpWebHandlerAdapter - [21a2e4cd] Completed 200 OK
12:03:29.337 [Test worker] DEBUG org.springframework.web.client.RestTemplate - Reading to [java.util.List<org.springframework.web.reactive.result.method.annotation.RequestMappingMessageConversionIntegrationTests$Person>]
12:03:29.337 [Test worker] DEBUG org.springframework.http.server.reactive.bootstrap.ReactorHttpServer - Stopping ReactorHttpServer...
12:03:29.337 [Test worker] DEBUG org.springframework.http.server.reactive.bootstrap.ReactorHttpServer - Server stopped (0 millis).
12:03:29.413 [Test worker] DEBUG org.springframework.web.reactive.result.method.annotation.RequestMappingHandlerMapping - 37 mappings in 'requestMappingHandlerMapping'
12:03:29.452 [Test worker] DEBUG org.springframework.web.reactive.result.method.annotation.ControllerMethodResolver - ControllerAdvice beans: none
12:03:29.525 [Test worker] DEBUG org.springframework.web.server.adapter.HttpWebHandlerAdapter - enableLoggingRequestDetails='false': form data and headers will be masked to prevent unsafe logging of potentially sensitive data
12:03:29.525 [Test worker] DEBUG org.springframework.http.server.reactive.bootstrap.ReactorHttpServer - Starting ReactorHttpServer...
12:03:29.525 [Test worker] DEBUG org.springframework.http.server.reactive.bootstrap.ReactorHttpServer - Server started on port 52847(0 millis).
12:03:29.525 [Test worker] DEBUG org.springframework.web.client.RestTemplate - HTTP GET http://localhost:52847/person-response/list
12:03:29.525 [Test worker] DEBUG org.springframework.web.client.RestTemplate - Accept=[application/json, application/x-jackson-smile, application/*+json]
12:03:29.526 [reactor-http-nio-4] DEBUG org.springframework.web.server.adapter.HttpWebHandlerAdapter - [9bd367c4] HTTP GET "/person-response/list"
12:03:29.526 [reactor-http-nio-4] DEBUG org.springframework.web.reactive.result.method.annotation.RequestMappingHandlerMapping - [9bd367c4] Mapped to public java.util.List<org.springframework.web.reactive.result.method.annotation.RequestMappingMessageConversionIntegrationTests$Person> org.springframework.web.reactive.result.method.annotation.RequestMappingMessageConversionIntegrationTests$PersonResponseBodyController.getList()
12:03:29.527 [reactor-http-nio-4] DEBUG org.springframework.web.reactive.result.method.annotation.ResponseBodyResultHandler - Using 'application/json;charset=UTF-8' given [application/json] and supported [application/json;charset=UTF-8, application/*+json;charset=UTF-8, application/x-jackson-smile;charset=UTF-8, application/*+x-jackson-smile;charset=UTF-8, text/event-stream]
12:03:29.527 [reactor-http-nio-4] DEBUG org.springframework.web.reactive.result.method.annotation.ResponseBodyResultHandler - [9bd367c4] 0..1 [java.util.List<org.springframework.web.reactive.result.method.annotation.RequestMappingMessageConversionIntegrationTests$Person>]
12:03:29.527 [reactor-http-nio-4] DEBUG org.springframework.http.codec.json.Jackson2JsonEncoder - [9bd367c4] Encoding [[Person{name='Robert'}, Person{name='Marie'}]]
12:03:29.527 [Test worker] DEBUG org.springframework.web.client.RestTemplate - Response 200 OK
12:03:29.527 [reactor-http-nio-4] DEBUG org.springframework.web.server.adapter.HttpWebHandlerAdapter - [9bd367c4] Completed 200 OK
12:03:29.527 [Test worker] DEBUG org.springframework.web.client.RestTemplate - Reading to [java.util.List<org.springframework.web.reactive.result.method.annotation.RequestMappingMessageConversionIntegrationTests$Person>]
12:03:29.527 [Test worker] DEBUG org.springframework.http.server.reactive.bootstrap.ReactorHttpServer - Stopping ReactorHttpServer...
12:03:29.527 [Test worker] DEBUG org.springframework.http.server.reactive.bootstrap.ReactorHttpServer - Server stopped (0 millis).
12:03:29.603 [Test worker] DEBUG org.springframework.web.reactive.result.method.annotation.RequestMappingHandlerMapping - 37 mappings in 'requestMappingHandlerMapping'
12:03:29.643 [Test worker] DEBUG org.springframework.web.reactive.result.method.annotation.ControllerMethodResolver - ControllerAdvice beans: none
12:03:29.709 [Test worker] DEBUG org.springframework.web.server.adapter.HttpWebHandlerAdapter - enableLoggingRequestDetails='false': form data and headers will be masked to prevent unsafe logging of potentially sensitive data
12:03:29.709 [Test worker] DEBUG org.springframework.http.server.reactive.bootstrap.ReactorHttpServer - Starting ReactorHttpServer...
12:03:29.709 [Test worker] DEBUG org.springframework.http.server.reactive.bootstrap.ReactorHttpServer - Server started on port 52849(0 millis).
12:03:29.709 [Test worker] DEBUG org.springframework.web.client.RestTemplate - HTTP GET http://localhost:52849/person-response/mono
12:03:29.710 [Test worker] DEBUG org.springframework.web.client.RestTemplate - Accept=[application/xml, text/xml, application/json, application/x-jackson-smile, application/*+xml, application/*+json]
12:03:29.710 [reactor-http-nio-6] DEBUG org.springframework.web.server.adapter.HttpWebHandlerAdapter - [4228a377] HTTP GET "/person-response/mono"
12:03:29.711 [reactor-http-nio-6] DEBUG org.springframework.web.reactive.result.method.annotation.RequestMappingHandlerMapping - [4228a377] Mapped to public reactor.core.publisher.Mono<org.springframework.web.reactive.result.method.annotation.RequestMappingMessageConversionIntegrationTests$Person> org.springframework.web.reactive.result.method.annotation.RequestMappingMessageConversionIntegrationTests$PersonResponseBodyController.getMono()
12:03:29.711 [reactor-http-nio-6] DEBUG org.springframework.web.reactive.result.method.annotation.ResponseBodyResultHandler - Using 'application/json;charset=UTF-8' given [application/json] and supported [application/json;charset=UTF-8, application/*+json;charset=UTF-8, application/x-jackson-smile;charset=UTF-8, application/*+x-jackson-smile;charset=UTF-8, application/xml, text/xml, text/event-stream]
12:03:29.711 [reactor-http-nio-6] DEBUG org.springframework.web.reactive.result.method.annotation.ResponseBodyResultHandler - [4228a377] 0..1 [org.springframework.web.reactive.result.method.annotation.RequestMappingMessageConversionIntegrationTests$Person]
12:03:29.711 [reactor-http-nio-6] DEBUG org.springframework.http.codec.json.Jackson2JsonEncoder - [4228a377] Encoding [Person{name='Robert'}]
12:03:29.711 [Test worker] DEBUG org.springframework.web.client.RestTemplate - Response 200 OK
12:03:29.711 [reactor-http-nio-6] DEBUG org.springframework.web.server.adapter.HttpWebHandlerAdapter - [4228a377] Completed 200 OK
12:03:29.711 [Test worker] DEBUG org.springframework.web.client.RestTemplate - Reading to [org.springframework.web.reactive.result.method.annotation.RequestMappingMessageConversionIntegrationTests$Person]
12:03:29.711 [Test worker] DEBUG org.springframework.http.server.reactive.bootstrap.ReactorHttpServer - Stopping ReactorHttpServer...
12:03:29.711 [Test worker] DEBUG org.springframework.http.server.reactive.bootstrap.ReactorHttpServer - Server stopped (0 millis).
12:03:29.788 [Test worker] DEBUG org.springframework.web.reactive.result.method.annotation.RequestMappingHandlerMapping - 37 mappings in 'requestMappingHandlerMapping'
12:03:29.828 [Test worker] DEBUG org.springframework.web.reactive.result.method.annotation.ControllerMethodResolver - ControllerAdvice beans: none
12:03:29.897 [Test worker] DEBUG org.springframework.web.server.adapter.HttpWebHandlerAdapter - enableLoggingRequestDetails='false': form data and headers will be masked to prevent unsafe logging of potentially sensitive data
12:03:29.897 [Test worker] DEBUG org.springframework.http.server.reactive.bootstrap.ReactorHttpServer - Starting ReactorHttpServer...
12:03:29.897 [Test worker] DEBUG org.springframework.http.server.reactive.bootstrap.ReactorHttpServer - Server started on port 52851(0 millis).
12:03:29.897 [Test worker] DEBUG org.springframework.web.client.RestTemplate - HTTP POST http://localhost:52851/person-transform/observable
12:03:29.897 [Test worker] DEBUG org.springframework.web.client.RestTemplate - Accept=[application/json, application/x-jackson-smile, application/*+json]
12:03:29.898 [Test worker] DEBUG org.springframework.web.client.RestTemplate - Writing [[Person{name='Robert'}, Person{name='Marie'}]] as "application/json"
12:03:29.898 [reactor-http-nio-2] DEBUG org.springframework.web.server.adapter.HttpWebHandlerAdapter - [2b9046f5] HTTP POST "/person-transform/observable"
12:03:29.899 [reactor-http-nio-2] DEBUG org.springframework.web.reactive.result.method.annotation.RequestMappingHandlerMapping - [2b9046f5] Mapped to public rx.Observable<org.springframework.web.reactive.result.method.annotation.RequestMappingMessageConversionIntegrationTests$Person> org.springframework.web.reactive.result.method.annotation.RequestMappingMessageConversionIntegrationTests$PersonTransformationController.transformObservable(rx.Observable<org.springframework.web.reactive.result.method.annotation.RequestMappingMessageConversionIntegrationTests$Person>)
12:03:29.899 [reactor-http-nio-2] DEBUG org.springframework.web.reactive.result.method.annotation.RequestBodyArgumentResolver - [2b9046f5] Content-Type:application/json
12:03:29.899 [reactor-http-nio-2] DEBUG org.springframework.web.reactive.result.method.annotation.RequestBodyArgumentResolver - [2b9046f5] 0..N [org.springframework.web.reactive.result.method.annotation.RequestMappingMessageConversionIntegrationTests$Person]
12:03:29.899 [reactor-http-nio-2] DEBUG org.springframework.web.reactive.result.method.annotation.ResponseBodyResultHandler - Using 'application/json;charset=UTF-8' given [application/json] and supported [application/json;charset=UTF-8, application/*+json;charset=UTF-8, application/x-jackson-smile;charset=UTF-8, application/*+x-jackson-smile;charset=UTF-8, application/xml, text/xml, text/event-stream]
12:03:29.899 [reactor-http-nio-2] DEBUG org.springframework.web.reactive.result.method.annotation.ResponseBodyResultHandler - [2b9046f5] 0..N [org.springframework.web.reactive.result.method.annotation.RequestMappingMessageConversionIntegrationTests$Person]
12:03:29.900 [reactor-http-nio-2] DEBUG org.springframework.http.codec.json.Jackson2JsonDecoder - [2b9046f5] Decoded [Person{name='Robert'}]
12:03:29.900 [reactor-http-nio-2] DEBUG org.springframework.http.codec.json.Jackson2JsonDecoder - [2b9046f5] Decoded [Person{name='Marie'}]
12:03:29.900 [reactor-http-nio-2] DEBUG org.springframework.http.codec.json.Jackson2JsonEncoder - [2b9046f5] Encoding [[Person{name='ROBERT'}, Person{name='MARIE'}]]
12:03:29.900 [Test worker] DEBUG org.springframework.web.client.RestTemplate - Response 200 OK
12:03:29.900 [reactor-http-nio-2] DEBUG org.springframework.web.server.adapter.HttpWebHandlerAdapter - [2b9046f5] Completed 200 OK
12:03:29.900 [Test worker] DEBUG org.springframework.web.client.RestTemplate - Reading to [java.util.List<org.springframework.web.reactive.result.method.annotation.RequestMappingMessageConversionIntegrationTests$Person>]
12:03:29.900 [Test worker] DEBUG org.springframework.http.server.reactive.bootstrap.ReactorHttpServer - Stopping ReactorHttpServer...
12:03:29.900 [Test worker] DEBUG org.springframework.http.server.reactive.bootstrap.ReactorHttpServer - Server stopped (0 millis).
12:03:29.977 [Test worker] DEBUG org.springframework.web.reactive.result.method.annotation.RequestMappingHandlerMapping - 37 mappings in 'requestMappingHandlerMapping'
12:03:30.018 [Test worker] DEBUG org.springframework.web.reactive.result.method.annotation.ControllerMethodResolver - ControllerAdvice beans: none
12:03:30.083 [Test worker] DEBUG org.springframework.web.server.adapter.HttpWebHandlerAdapter - enableLoggingRequestDetails='false': form data and headers will be masked to prevent unsafe logging of potentially sensitive data
12:03:30.083 [Test worker] DEBUG org.springframework.http.server.reactive.bootstrap.ReactorHttpServer - Starting ReactorHttpServer...
12:03:30.084 [Test worker] DEBUG org.springframework.http.server.reactive.bootstrap.ReactorHttpServer - Server started on port 52853(0 millis).
12:03:30.084 [Test worker] DEBUG org.springframework.web.client.RestTemplate - HTTP POST http://localhost:52853/person-create/publisher
12:03:30.084 [Test worker] DEBUG org.springframework.web.client.RestTemplate - Accept=[application/json, application/x-jackson-smile, application/*+json]
12:03:30.084 [Test worker] DEBUG org.springframework.web.client.RestTemplate - Writing [[Person{name='Robert'}, Person{name='Marie'}]] as "application/json"
12:03:30.085 [reactor-http-nio-4] DEBUG org.springframework.web.server.adapter.HttpWebHandlerAdapter - [0e808e15] HTTP POST "/person-create/publisher"
12:03:30.085 [reactor-http-nio-4] DEBUG org.springframework.web.reactive.result.method.annotation.RequestMappingHandlerMapping - [0e808e15] Mapped to public org.reactivestreams.Publisher<java.lang.Void> org.springframework.web.reactive.result.method.annotation.RequestMappingMessageConversionIntegrationTests$PersonCreateController.createWithPublisher(org.reactivestreams.Publisher<org.springframework.web.reactive.result.method.annotation.RequestMappingMessageConversionIntegrationTests$Person>)
12:03:30.085 [reactor-http-nio-4] DEBUG org.springframework.web.reactive.result.method.annotation.RequestBodyArgumentResolver - [0e808e15] Content-Type:application/json
12:03:30.085 [reactor-http-nio-4] DEBUG org.springframework.web.reactive.result.method.annotation.RequestBodyArgumentResolver - [0e808e15] 0..N [org.springframework.web.reactive.result.method.annotation.RequestMappingMessageConversionIntegrationTests$Person]
12:03:30.086 [reactor-http-nio-4] DEBUG org.springframework.http.codec.json.Jackson2JsonDecoder - [0e808e15] Decoded [Person{name='Robert'}]
12:03:30.086 [reactor-http-nio-4] DEBUG org.springframework.http.codec.json.Jackson2JsonDecoder - [0e808e15] Decoded [Person{name='Marie'}]
12:03:30.086 [reactor-http-nio-4] DEBUG org.springframework.web.server.adapter.HttpWebHandlerAdapter - [0e808e15] Completed 200 OK
12:03:30.086 [Test worker] DEBUG org.springframework.web.client.RestTemplate - Response 200 OK
12:03:30.086 [Test worker] DEBUG org.springframework.http.server.reactive.bootstrap.ReactorHttpServer - Stopping ReactorHttpServer...
12:03:30.086 [Test worker] DEBUG org.springframework.http.server.reactive.bootstrap.ReactorHttpServer - Server stopped (0 millis).
12:03:30.162 [Test worker] DEBUG org.springframework.web.reactive.result.method.annotation.RequestMappingHandlerMapping - 37 mappings in 'requestMappingHandlerMapping'
12:03:30.202 [Test worker] DEBUG org.springframework.web.reactive.result.method.annotation.ControllerMethodResolver - ControllerAdvice beans: none
12:03:30.270 [Test worker] DEBUG org.springframework.web.server.adapter.HttpWebHandlerAdapter - enableLoggingRequestDetails='false': form data and headers will be masked to prevent unsafe logging of potentially sensitive data
12:03:30.271 [Test worker] DEBUG org.springframework.http.server.reactive.bootstrap.ReactorHttpServer - Starting ReactorHttpServer...
12:03:30.271 [Test worker] DEBUG org.springframework.http.server.reactive.bootstrap.ReactorHttpServer - Server started on port 52856(0 millis).
12:03:30.271 [Test worker] DEBUG org.springframework.web.client.RestTemplate - HTTP GET http://localhost:52856/person-response/single
12:03:30.271 [Test worker] DEBUG org.springframework.web.client.RestTemplate - Accept=[application/xml, text/xml, application/json, application/x-jackson-smile, application/*+xml, application/*+json]
12:03:30.272 [reactor-http-nio-6] DEBUG org.springframework.web.server.adapter.HttpWebHandlerAdapter - [f3340986] HTTP GET "/person-response/single"
12:03:30.272 [reactor-http-nio-6] DEBUG org.springframework.web.reactive.result.method.annotation.RequestMappingHandlerMapping - [f3340986] Mapped to public rx.Single<org.springframework.web.reactive.result.method.annotation.RequestMappingMessageConversionIntegrationTests$Person> org.springframework.web.reactive.result.method.annotation.RequestMappingMessageConversionIntegrationTests$PersonResponseBodyController.getSingle()
12:03:30.273 [reactor-http-nio-6] DEBUG org.springframework.web.reactive.result.method.annotation.ResponseBodyResultHandler - Using 'application/json;charset=UTF-8' given [application/json] and supported [application/json;charset=UTF-8, application/*+json;charset=UTF-8, application/x-jackson-smile;charset=UTF-8, application/*+x-jackson-smile;charset=UTF-8, application/xml, text/xml, text/event-stream]
12:03:30.273 [reactor-http-nio-6] DEBUG org.springframework.web.reactive.result.method.annotation.ResponseBodyResultHandler - [f3340986] 0..1 [org.springframework.web.reactive.result.method.annotation.RequestMappingMessageConversionIntegrationTests$Person]
12:03:30.273 [reactor-http-nio-6] DEBUG org.springframework.http.codec.json.Jackson2JsonEncoder - [f3340986] Encoding [Person{name='Robert'}]
12:03:30.273 [Test worker] DEBUG org.springframework.web.client.RestTemplate - Response 200 OK
12:03:30.273 [reactor-http-nio-6] DEBUG org.springframework.web.server.adapter.HttpWebHandlerAdapter - [f3340986] Completed 200 OK
12:03:30.273 [Test worker] DEBUG org.springframework.web.client.RestTemplate - Reading to [org.springframework.web.reactive.result.method.annotation.RequestMappingMessageConversionIntegrationTests$Person]
12:03:30.273 [Test worker] DEBUG org.springframework.http.server.reactive.bootstrap.ReactorHttpServer - Stopping ReactorHttpServer...
12:03:30.273 [Test worker] DEBUG org.springframework.http.server.reactive.bootstrap.ReactorHttpServer - Server stopped (0 millis).
12:03:30.350 [Test worker] DEBUG org.springframework.web.reactive.result.method.annotation.RequestMappingHandlerMapping - 37 mappings in 'requestMappingHandlerMapping'
12:03:30.389 [Test worker] DEBUG org.springframework.web.reactive.result.method.annotation.ControllerMethodResolver - ControllerAdvice beans: none
12:03:30.456 [Test worker] DEBUG org.springframework.web.server.adapter.HttpWebHandlerAdapter - enableLoggingRequestDetails='false': form data and headers will be masked to prevent unsafe logging of potentially sensitive data
12:03:30.456 [Test worker] DEBUG org.springframework.http.server.reactive.bootstrap.ReactorHttpServer - Starting ReactorHttpServer...
12:03:30.456 [Test worker] DEBUG org.springframework.http.server.reactive.bootstrap.ReactorHttpServer - Server started on port 52858(0 millis).
12:03:30.456 [Test worker] DEBUG org.springframework.web.client.RestTemplate - HTTP POST http://localhost:52858/person-create/flowable
12:03:30.456 [Test worker] DEBUG org.springframework.web.client.RestTemplate - Accept=[application/json, application/x-jackson-smile, application/*+json]
12:03:30.456 [Test worker] DEBUG org.springframework.web.client.RestTemplate - Writing [[Person{name='Robert'}, Person{name='Marie'}]] as "application/json"
12:03:30.457 [reactor-http-nio-2] DEBUG org.springframework.web.server.adapter.HttpWebHandlerAdapter - [305709eb] HTTP POST "/person-create/flowable"
12:03:30.457 [reactor-http-nio-2] DEBUG org.springframework.web.reactive.result.method.annotation.RequestMappingHandlerMapping - [305709eb] Mapped to public io.reactivex.Completable org.springframework.web.reactive.result.method.annotation.RequestMappingMessageConversionIntegrationTests$PersonCreateController.createWithFlowable(io.reactivex.Flowable<org.springframework.web.reactive.result.method.annotation.RequestMappingMessageConversionIntegrationTests$Person>)
12:03:30.458 [reactor-http-nio-2] DEBUG org.springframework.web.reactive.result.method.annotation.RequestBodyArgumentResolver - [305709eb] Content-Type:application/json
12:03:30.458 [reactor-http-nio-2] DEBUG org.springframework.web.reactive.result.method.annotation.RequestBodyArgumentResolver - [305709eb] 0..N [org.springframework.web.reactive.result.method.annotation.RequestMappingMessageConversionIntegrationTests$Person]
12:03:30.458 [reactor-http-nio-2] DEBUG org.springframework.http.codec.json.Jackson2JsonDecoder - [305709eb] Decoded [Person{name='Robert'}]
12:03:30.458 [reactor-http-nio-2] DEBUG org.springframework.http.codec.json.Jackson2JsonDecoder - [305709eb] Decoded [Person{name='Marie'}]
12:03:30.458 [reactor-http-nio-2] DEBUG org.springframework.web.server.adapter.HttpWebHandlerAdapter - [305709eb] Completed 200 OK
12:03:30.458 [Test worker] DEBUG org.springframework.web.client.RestTemplate - Response 200 OK
12:03:30.458 [Test worker] DEBUG org.springframework.http.server.reactive.bootstrap.ReactorHttpServer - Stopping ReactorHttpServer...
12:03:30.458 [Test worker] DEBUG org.springframework.http.server.reactive.bootstrap.ReactorHttpServer - Server stopped (0 millis).
12:03:30.537 [Test worker] DEBUG org.springframework.web.reactive.result.method.annotation.RequestMappingHandlerMapping - 37 mappings in 'requestMappingHandlerMapping'
12:03:30.576 [Test worker] DEBUG org.springframework.web.reactive.result.method.annotation.ControllerMethodResolver - ControllerAdvice beans: none
12:03:30.645 [Test worker] DEBUG org.springframework.web.server.adapter.HttpWebHandlerAdapter - enableLoggingRequestDetails='false': form data and headers will be masked to prevent unsafe logging of potentially sensitive data
12:03:30.645 [Test worker] DEBUG org.springframework.http.server.reactive.bootstrap.ReactorHttpServer - Starting ReactorHttpServer...
12:03:30.645 [Test worker] DEBUG org.springframework.http.server.reactive.bootstrap.ReactorHttpServer - Server started on port 52861(0 millis).
12:03:30.645 [Test worker] DEBUG org.springframework.web.client.RestTemplate - HTTP POST http://localhost:52861/person-create/rxjava2-observable
12:03:30.646 [Test worker] DEBUG org.springframework.web.client.RestTemplate - Accept=[application/json, application/x-jackson-smile, application/*+json]
12:03:30.646 [Test worker] DEBUG org.springframework.web.client.RestTemplate - Writing [org.springframework.web.reactive.result.method.annotation.RequestMappingMessageConversionIntegrationTests$People@2204c209] as "application/xml"
12:03:30.651 [reactor-http-nio-4] DEBUG org.springframework.web.server.adapter.HttpWebHandlerAdapter - [e058cdb2] HTTP POST "/person-create/rxjava2-observable"
12:03:30.651 [reactor-http-nio-4] DEBUG org.springframework.web.reactive.result.method.annotation.RequestMappingHandlerMapping - [e058cdb2] Mapped to public io.reactivex.Completable org.springframework.web.reactive.result.method.annotation.RequestMappingMessageConversionIntegrationTests$PersonCreateController.createWithRxJava2Observable(io.reactivex.Observable<org.springframework.web.reactive.result.method.annotation.RequestMappingMessageConversionIntegrationTests$Person>)
12:03:30.651 [reactor-http-nio-4] DEBUG org.springframework.web.reactive.result.method.annotation.RequestBodyArgumentResolver - [e058cdb2] Content-Type:application/xml
12:03:30.651 [reactor-http-nio-4] DEBUG org.springframework.web.reactive.result.method.annotation.RequestBodyArgumentResolver - [e058cdb2] 0..N [org.springframework.web.reactive.result.method.annotation.RequestMappingMessageConversionIntegrationTests$Person]
12:03:30.656 [reactor-http-nio-4] DEBUG org.springframework.http.codec.xml.Jaxb2XmlDecoder - [e058cdb2] Decoded [Person{name='Robert'}]
12:03:30.656 [reactor-http-nio-4] DEBUG org.springframework.http.codec.xml.Jaxb2XmlDecoder - [e058cdb2] Decoded [Person{name='Marie'}]
12:03:30.656 [reactor-http-nio-4] DEBUG org.springframework.web.server.adapter.HttpWebHandlerAdapter - [e058cdb2] Completed 200 OK
12:03:30.656 [Test worker] DEBUG org.springframework.web.client.RestTemplate - Response 200 OK
12:03:30.657 [Test worker] DEBUG org.springframework.http.server.reactive.bootstrap.ReactorHttpServer - Stopping ReactorHttpServer...
12:03:30.657 [Test worker] DEBUG org.springframework.http.server.reactive.bootstrap.ReactorHttpServer - Server stopped (0 millis).
12:03:30.741 [Test worker] DEBUG org.springframework.web.reactive.result.method.annotation.RequestMappingHandlerMapping - 37 mappings in 'requestMappingHandlerMapping'
12:03:30.781 [Test worker] DEBUG org.springframework.web.reactive.result.method.annotation.ControllerMethodResolver - ControllerAdvice beans: none
12:03:30.847 [Test worker] DEBUG org.springframework.web.server.adapter.HttpWebHandlerAdapter - enableLoggingRequestDetails='false': form data and headers will be masked to prevent unsafe logging of potentially sensitive data
12:03:30.847 [Test worker] DEBUG org.springframework.http.server.reactive.bootstrap.ReactorHttpServer - Starting ReactorHttpServer...
12:03:30.848 [Test worker] DEBUG org.springframework.http.server.reactive.bootstrap.ReactorHttpServer - Server started on port 52863(0 millis).
12:03:30.848 [Test worker] DEBUG org.springframework.web.client.RestTemplate - HTTP POST http://localhost:52863/person-transform/rxjava2-maybe
12:03:30.848 [Test worker] DEBUG org.springframework.web.client.RestTemplate - Accept=[application/xml, text/xml, application/json, application/x-jackson-smile, application/*+xml, application/*+json]
12:03:30.848 [Test worker] DEBUG org.springframework.web.client.RestTemplate - Writing [Person{name='Robert'}] as "application/json"
12:03:30.849 [reactor-http-nio-6] DEBUG org.springframework.web.server.adapter.HttpWebHandlerAdapter - [eb2f8fcb] HTTP POST "/person-transform/rxjava2-maybe"
12:03:30.849 [reactor-http-nio-6] DEBUG org.springframework.web.reactive.result.method.annotation.RequestMappingHandlerMapping - [eb2f8fcb] Mapped to public io.reactivex.Maybe<org.springframework.web.reactive.result.method.annotation.RequestMappingMessageConversionIntegrationTests$Person> org.springframework.web.reactive.result.method.annotation.RequestMappingMessageConversionIntegrationTests$PersonTransformationController.transformRxJava2Maybe(io.reactivex.Maybe<org.springframework.web.reactive.result.method.annotation.RequestMappingMessageConversionIntegrationTests$Person>)
12:03:30.849 [reactor-http-nio-6] DEBUG org.springframework.web.reactive.result.method.annotation.RequestBodyArgumentResolver - [eb2f8fcb] Content-Type:application/json
12:03:30.850 [reactor-http-nio-6] DEBUG org.springframework.web.reactive.result.method.annotation.RequestBodyArgumentResolver - [eb2f8fcb] 0..1 [org.springframework.web.reactive.result.method.annotation.RequestMappingMessageConversionIntegrationTests$Person]
12:03:30.850 [reactor-http-nio-6] DEBUG org.springframework.web.reactive.result.method.annotation.ResponseBodyResultHandler - Using 'application/json;charset=UTF-8' given [application/json] and supported [application/json;charset=UTF-8, application/*+json;charset=UTF-8, application/x-jackson-smile;charset=UTF-8, application/*+x-jackson-smile;charset=UTF-8, application/xml, text/xml, text/event-stream]
12:03:30.850 [reactor-http-nio-6] DEBUG org.springframework.web.reactive.result.method.annotation.ResponseBodyResultHandler - [eb2f8fcb] 0..1 [org.springframework.web.reactive.result.method.annotation.RequestMappingMessageConversionIntegrationTests$Person]
12:03:30.850 [reactor-http-nio-6] DEBUG org.springframework.http.codec.json.Jackson2JsonDecoder - [eb2f8fcb] Decoded [Person{name='Robert'}]
12:03:30.850 [reactor-http-nio-6] DEBUG org.springframework.http.codec.json.Jackson2JsonEncoder - [eb2f8fcb] Encoding [Person{name='ROBERT'}]
12:03:30.851 [Test worker] DEBUG org.springframework.web.client.RestTemplate - Response 200 OK
12:03:30.851 [reactor-http-nio-6] DEBUG org.springframework.web.server.adapter.HttpWebHandlerAdapter - [eb2f8fcb] Completed 200 OK
12:03:30.851 [Test worker] DEBUG org.springframework.web.client.RestTemplate - Reading to [org.springframework.web.reactive.result.method.annotation.RequestMappingMessageConversionIntegrationTests$Person]
12:03:30.851 [Test worker] DEBUG org.springframework.http.server.reactive.bootstrap.ReactorHttpServer - Stopping ReactorHttpServer...
12:03:30.851 [Test worker] DEBUG org.springframework.http.server.reactive.bootstrap.ReactorHttpServer - Server stopped (0 millis).
12:03:30.928 [Test worker] DEBUG org.springframework.web.reactive.result.method.annotation.RequestMappingHandlerMapping - 37 mappings in 'requestMappingHandlerMapping'
12:03:30.968 [Test worker] DEBUG org.springframework.web.reactive.result.method.annotation.ControllerMethodResolver - ControllerAdvice beans: none
12:03:31.035 [Test worker] DEBUG org.springframework.web.server.adapter.HttpWebHandlerAdapter - enableLoggingRequestDetails='false': form data and headers will be masked to prevent unsafe logging of potentially sensitive data
12:03:31.035 [Test worker] DEBUG org.springframework.http.server.reactive.bootstrap.ReactorHttpServer - Starting ReactorHttpServer...
12:03:31.035 [Test worker] DEBUG org.springframework.http.server.reactive.bootstrap.ReactorHttpServer - Server started on port 52865(0 millis).
12:03:31.035 [Test worker] DEBUG org.springframework.web.client.RestTemplate - HTTP GET http://localhost:52865/raw-response/flowable
12:03:31.035 [Test worker] DEBUG org.springframework.web.client.RestTemplate - Accept=[text/plain, application/json, application/x-jackson-smile, application/*+json, */*]
12:03:31.036 [reactor-http-nio-2] DEBUG org.springframework.web.server.adapter.HttpWebHandlerAdapter - [b7f579b3] HTTP GET "/raw-response/flowable"
12:03:31.036 [reactor-http-nio-2] DEBUG org.springframework.web.reactive.result.method.annotation.RequestMappingHandlerMapping - [b7f579b3] Mapped to public io.reactivex.Flowable<java.nio.ByteBuffer> org.springframework.web.reactive.result.method.annotation.RequestMappingMessageConversionIntegrationTests$RawResponseBodyController.getFlowable()
12:03:31.037 [reactor-http-nio-2] DEBUG org.springframework.web.reactive.result.method.annotation.ResponseBodyResultHandler - Using 'text/plain' given [text/plain, application/json, application/x-jackson-smile, application/*+json, */*] and supported [*/*, application/json;charset=UTF-8, application/*+json;charset=UTF-8, application/x-jackson-smile;charset=UTF-8, application/*+x-jackson-smile;charset=UTF-8, text/event-stream]
12:03:31.037 [reactor-http-nio-2] DEBUG org.springframework.web.reactive.result.method.annotation.ResponseBodyResultHandler - [b7f579b3] 0..N [java.nio.ByteBuffer]
12:03:31.037 [reactor-http-nio-2] DEBUG org.springframework.core.codec.ByteBufferEncoder - [b7f579b3] Writing 6 bytes
12:03:31.037 [Test worker] DEBUG org.springframework.web.client.RestTemplate - Response 200 OK
12:03:31.037 [reactor-http-nio-2] DEBUG org.springframework.web.server.adapter.HttpWebHandlerAdapter - [b7f579b3] Completed 200 OK
12:03:31.037 [Test worker] DEBUG org.springframework.web.client.RestTemplate - Reading to [java.lang.String] as "text/plain"
12:03:31.037 [Test worker] DEBUG org.springframework.http.server.reactive.bootstrap.ReactorHttpServer - Stopping ReactorHttpServer...
12:03:31.037 [Test worker] DEBUG org.springframework.http.server.reactive.bootstrap.ReactorHttpServer - Server stopped (0 millis).
12:03:31.113 [Test worker] DEBUG org.springframework.web.reactive.result.method.annotation.RequestMappingHandlerMapping - 37 mappings in 'requestMappingHandlerMapping'
12:03:31.153 [Test worker] DEBUG org.springframework.web.reactive.result.method.annotation.ControllerMethodResolver - ControllerAdvice beans: none
12:03:31.219 [Test worker] DEBUG org.springframework.web.server.adapter.HttpWebHandlerAdapter - enableLoggingRequestDetails='false': form data and headers will be masked to prevent unsafe logging of potentially sensitive data
12:03:31.219 [Test worker] DEBUG org.springframework.http.server.reactive.bootstrap.ReactorHttpServer - Starting ReactorHttpServer...
12:03:31.219 [Test worker] DEBUG org.springframework.http.server.reactive.bootstrap.ReactorHttpServer - Server started on port 52867(0 millis).
12:03:31.219 [Test worker] DEBUG org.springframework.web.client.RestTemplate - HTTP POST http://localhost:52867/person-transform/flux
12:03:31.220 [Test worker] DEBUG org.springframework.web.client.RestTemplate - Accept=[application/json, application/x-jackson-smile, application/*+json]
12:03:31.220 [Test worker] DEBUG org.springframework.web.client.RestTemplate - Writing [[Person{name='Robert'}, Person{name='Marie'}]] as "application/json"
12:03:31.221 [reactor-http-nio-4] DEBUG org.springframework.web.server.adapter.HttpWebHandlerAdapter - [99b773bb] HTTP POST "/person-transform/flux"
12:03:31.221 [reactor-http-nio-4] DEBUG org.springframework.web.reactive.result.method.annotation.RequestMappingHandlerMapping - [99b773bb] Mapped to public reactor.core.publisher.Flux<org.springframework.web.reactive.result.method.annotation.RequestMappingMessageConversionIntegrationTests$Person> org.springframework.web.reactive.result.method.annotation.RequestMappingMessageConversionIntegrationTests$PersonTransformationController.transformFlux(reactor.core.publisher.Flux<org.springframework.web.reactive.result.method.annotation.RequestMappingMessageConversionIntegrationTests$Person>)
12:03:31.221 [reactor-http-nio-4] DEBUG org.springframework.web.reactive.result.method.annotation.RequestBodyArgumentResolver - [99b773bb] Content-Type:application/json
12:03:31.221 [reactor-http-nio-4] DEBUG org.springframework.web.reactive.result.method.annotation.RequestBodyArgumentResolver - [99b773bb] 0..N [org.springframework.web.reactive.result.method.annotation.RequestMappingMessageConversionIntegrationTests$Person]
12:03:31.221 [reactor-http-nio-4] DEBUG org.springframework.web.reactive.result.method.annotation.ResponseBodyResultHandler - Using 'application/json;charset=UTF-8' given [application/json] and supported [application/json;charset=UTF-8, application/*+json;charset=UTF-8, application/x-jackson-smile;charset=UTF-8, application/*+x-jackson-smile;charset=UTF-8, application/xml, text/xml, text/event-stream]
12:03:31.221 [reactor-http-nio-4] DEBUG org.springframework.web.reactive.result.method.annotation.ResponseBodyResultHandler - [99b773bb] 0..N [org.springframework.web.reactive.result.method.annotation.RequestMappingMessageConversionIntegrationTests$Person]
12:03:31.222 [reactor-http-nio-4] DEBUG org.springframework.http.codec.json.Jackson2JsonDecoder - [99b773bb] Decoded [Person{name='Robert'}]
12:03:31.222 [reactor-http-nio-4] DEBUG org.springframework.http.codec.json.Jackson2JsonDecoder - [99b773bb] Decoded [Person{name='Marie'}]
12:03:31.222 [reactor-http-nio-4] DEBUG org.springframework.http.codec.json.Jackson2JsonEncoder - [99b773bb] Encoding [[Person{name='ROBERT'}, Person{name='MARIE'}]]
12:03:31.222 [Test worker] DEBUG org.springframework.web.client.RestTemplate - Response 200 OK
12:03:31.222 [reactor-http-nio-4] DEBUG org.springframework.web.server.adapter.HttpWebHandlerAdapter - [99b773bb] Completed 200 OK
12:03:31.222 [Test worker] DEBUG org.springframework.web.client.RestTemplate - Reading to [java.util.List<org.springframework.web.reactive.result.method.annotation.RequestMappingMessageConversionIntegrationTests$Person>]
12:03:31.222 [Test worker] DEBUG org.springframework.http.server.reactive.bootstrap.ReactorHttpServer - Stopping ReactorHttpServer...
12:03:31.223 [Test worker] DEBUG org.springframework.http.server.reactive.bootstrap.ReactorHttpServer - Server stopped (0 millis).
12:03:31.299 [Test worker] DEBUG org.springframework.web.reactive.result.method.annotation.RequestMappingHandlerMapping - 37 mappings in 'requestMappingHandlerMapping'
12:03:31.339 [Test worker] DEBUG org.springframework.web.reactive.result.method.annotation.ControllerMethodResolver - ControllerAdvice beans: none
12:03:31.408 [Test worker] DEBUG org.springframework.web.server.adapter.HttpWebHandlerAdapter - enableLoggingRequestDetails='false': form data and headers will be masked to prevent unsafe logging of potentially sensitive data
12:03:31.408 [Test worker] DEBUG org.springframework.http.server.reactive.bootstrap.ReactorHttpServer - Starting ReactorHttpServer...
12:03:31.408 [Test worker] DEBUG org.springframework.http.server.reactive.bootstrap.ReactorHttpServer - Server started on port 52869(0 millis).
12:03:31.408 [Test worker] DEBUG org.springframework.web.client.RestTemplate - HTTP POST http://localhost:52869/person-transform/mono
12:03:31.408 [Test worker] DEBUG org.springframework.web.client.RestTemplate - Accept=[application/xml, text/xml, application/json, application/x-jackson-smile, application/*+xml, application/*+json]
12:03:31.409 [Test worker] DEBUG org.springframework.web.client.RestTemplate - Writing [Person{name='Robert'}] as "application/json"
12:03:31.409 [reactor-http-nio-6] DEBUG org.springframework.web.server.adapter.HttpWebHandlerAdapter - [0851e70b] HTTP POST "/person-transform/mono"
12:03:31.410 [reactor-http-nio-6] DEBUG org.springframework.web.reactive.result.method.annotation.RequestMappingHandlerMapping - [0851e70b] Mapped to public reactor.core.publisher.Mono<org.springframework.web.reactive.result.method.annotation.RequestMappingMessageConversionIntegrationTests$Person> org.springframework.web.reactive.result.method.annotation.RequestMappingMessageConversionIntegrationTests$PersonTransformationController.transformMono(reactor.core.publisher.Mono<org.springframework.web.reactive.result.method.annotation.RequestMappingMessageConversionIntegrationTests$Person>)
12:03:31.410 [reactor-http-nio-6] DEBUG org.springframework.web.reactive.result.method.annotation.RequestBodyArgumentResolver - [0851e70b] Content-Type:application/json
12:03:31.410 [reactor-http-nio-6] DEBUG org.springframework.web.reactive.result.method.annotation.RequestBodyArgumentResolver - [0851e70b] 0..1 [org.springframework.web.reactive.result.method.annotation.RequestMappingMessageConversionIntegrationTests$Person]
12:03:31.410 [reactor-http-nio-6] DEBUG org.springframework.web.reactive.result.method.annotation.ResponseBodyResultHandler - Using 'application/json;charset=UTF-8' given [application/json] and supported [application/json;charset=UTF-8, application/*+json;charset=UTF-8, application/x-jackson-smile;charset=UTF-8, application/*+x-jackson-smile;charset=UTF-8, application/xml, text/xml, text/event-stream]
12:03:31.410 [reactor-http-nio-6] DEBUG org.springframework.web.reactive.result.method.annotation.ResponseBodyResultHandler - [0851e70b] 0..1 [org.springframework.web.reactive.result.method.annotation.RequestMappingMessageConversionIntegrationTests$Person]
12:03:31.410 [reactor-http-nio-6] DEBUG org.springframework.http.codec.json.Jackson2JsonDecoder - [0851e70b] Decoded [Person{name='Robert'}]
12:03:31.410 [reactor-http-nio-6] DEBUG org.springframework.http.codec.json.Jackson2JsonEncoder - [0851e70b] Encoding [Person{name='ROBERT'}]
12:03:31.411 [Test worker] DEBUG org.springframework.web.client.RestTemplate - Response 200 OK
12:03:31.411 [reactor-http-nio-6] DEBUG org.springframework.web.server.adapter.HttpWebHandlerAdapter - [0851e70b] Completed 200 OK
12:03:31.411 [Test worker] DEBUG org.springframework.web.client.RestTemplate - Reading to [org.springframework.web.reactive.result.method.annotation.RequestMappingMessageConversionIntegrationTests$Person]
12:03:31.411 [Test worker] DEBUG org.springframework.http.server.reactive.bootstrap.ReactorHttpServer - Stopping ReactorHttpServer...
12:03:31.411 [Test worker] DEBUG org.springframework.http.server.reactive.bootstrap.ReactorHttpServer - Server stopped (0 millis).
12:03:31.487 [Test worker] DEBUG org.springframework.web.reactive.result.method.annotation.RequestMappingHandlerMapping - 37 mappings in 'requestMappingHandlerMapping'
12:03:31.528 [Test worker] DEBUG org.springframework.web.reactive.result.method.annotation.ControllerMethodResolver - ControllerAdvice beans: none
12:03:31.595 [Test worker] DEBUG org.springframework.web.server.adapter.HttpWebHandlerAdapter - enableLoggingRequestDetails='false': form data and headers will be masked to prevent unsafe logging of potentially sensitive data
12:03:31.595 [Test worker] DEBUG org.springframework.http.server.reactive.bootstrap.ReactorHttpServer - Starting ReactorHttpServer...
12:03:31.595 [Test worker] DEBUG org.springframework.http.server.reactive.bootstrap.ReactorHttpServer - Server started on port 52871(0 millis).
12:03:31.595 [Test worker] DEBUG org.springframework.web.client.RestTemplate - HTTP POST http://localhost:52871/person-transform/person
12:03:31.596 [Test worker] DEBUG org.springframework.web.client.RestTemplate - Accept=[application/xml, text/xml, application/json, application/x-jackson-smile, application/*+xml, application/*+json]
12:03:31.596 [Test worker] DEBUG org.springframework.web.client.RestTemplate - Writing [Person{name='Robert'}] as "application/json"
12:03:31.597 [reactor-http-nio-2] DEBUG org.springframework.web.server.adapter.HttpWebHandlerAdapter - [2e712a58] HTTP POST "/person-transform/person"
12:03:31.597 [reactor-http-nio-2] DEBUG org.springframework.web.reactive.result.method.annotation.RequestMappingHandlerMapping - [2e712a58] Mapped to public org.springframework.web.reactive.result.method.annotation.RequestMappingMessageConversionIntegrationTests$Person org.springframework.web.reactive.result.method.annotation.RequestMappingMessageConversionIntegrationTests$PersonTransformationController.transformPerson(org.springframework.web.reactive.result.method.annotation.RequestMappingMessageConversionIntegrationTests$Person)
12:03:31.597 [reactor-http-nio-2] DEBUG org.springframework.web.reactive.result.method.annotation.RequestBodyArgumentResolver - [2e712a58] Content-Type:application/json
12:03:31.597 [reactor-http-nio-2] DEBUG org.springframework.web.reactive.result.method.annotation.RequestBodyArgumentResolver - [2e712a58] 0..1 [org.springframework.web.reactive.result.method.annotation.RequestMappingMessageConversionIntegrationTests$Person]
12:03:31.597 [reactor-http-nio-2] DEBUG org.springframework.http.codec.json.Jackson2JsonDecoder - [2e712a58] Decoded [Person{name='Robert'}]
12:03:31.598 [reactor-http-nio-2] DEBUG org.springframework.web.reactive.result.method.annotation.ResponseBodyResultHandler - Using 'application/json;charset=UTF-8' given [application/json] and supported [application/json;charset=UTF-8, application/*+json;charset=UTF-8, application/x-jackson-smile;charset=UTF-8, application/*+x-jackson-smile;charset=UTF-8, application/xml, text/xml, text/event-stream]
12:03:31.598 [reactor-http-nio-2] DEBUG org.springframework.web.reactive.result.method.annotation.ResponseBodyResultHandler - [2e712a58] 0..1 [org.springframework.web.reactive.result.method.annotation.RequestMappingMessageConversionIntegrationTests$Person]
12:03:31.598 [reactor-http-nio-2] DEBUG org.springframework.http.codec.json.Jackson2JsonEncoder - [2e712a58] Encoding [Person{name='ROBERT'}]
12:03:31.598 [Test worker] DEBUG org.springframework.web.client.RestTemplate - Response 200 OK
12:03:31.598 [reactor-http-nio-2] DEBUG org.springframework.web.server.adapter.HttpWebHandlerAdapter - [2e712a58] Completed 200 OK
12:03:31.598 [Test worker] DEBUG org.springframework.web.client.RestTemplate - Reading to [org.springframework.web.reactive.result.method.annotation.RequestMappingMessageConversionIntegrationTests$Person]
12:03:31.598 [Test worker] DEBUG org.springframework.http.server.reactive.bootstrap.ReactorHttpServer - Stopping ReactorHttpServer...
12:03:31.598 [Test worker] DEBUG org.springframework.http.server.reactive.bootstrap.ReactorHttpServer - Server stopped (0 millis).
12:03:31.675 [Test worker] DEBUG org.springframework.web.reactive.result.method.annotation.RequestMappingHandlerMapping - 37 mappings in 'requestMappingHandlerMapping'
12:03:31.715 [Test worker] DEBUG org.springframework.web.reactive.result.method.annotation.ControllerMethodResolver - ControllerAdvice beans: none
12:03:31.783 [Test worker] DEBUG org.springframework.web.server.adapter.HttpWebHandlerAdapter - enableLoggingRequestDetails='false': form data and headers will be masked to prevent unsafe logging of potentially sensitive data
12:03:31.783 [Test worker] DEBUG org.springframework.http.server.reactive.bootstrap.ReactorHttpServer - Starting ReactorHttpServer...
12:03:31.783 [Test worker] DEBUG org.springframework.http.server.reactive.bootstrap.ReactorHttpServer - Server started on port 52873(0 millis).
12:03:31.783 [Test worker] DEBUG org.springframework.web.client.RestTemplate - HTTP POST http://localhost:52873/person-transform/mono
12:03:31.784 [Test worker] DEBUG org.springframework.web.client.RestTemplate - Accept=[application/xml, text/xml, application/json, application/x-jackson-smile, application/*+xml, application/*+json]
12:03:31.784 [Test worker] DEBUG org.springframework.web.client.RestTemplate - Writing [Person{name='Robert'}] as "application/xml"
12:03:31.789 [reactor-http-nio-4] DEBUG org.springframework.web.server.adapter.HttpWebHandlerAdapter - [5cc0c1ea] HTTP POST "/person-transform/mono"
12:03:31.789 [reactor-http-nio-4] DEBUG org.springframework.web.reactive.result.method.annotation.RequestMappingHandlerMapping - [5cc0c1ea] Mapped to public reactor.core.publisher.Mono<org.springframework.web.reactive.result.method.annotation.RequestMappingMessageConversionIntegrationTests$Person> org.springframework.web.reactive.result.method.annotation.RequestMappingMessageConversionIntegrationTests$PersonTransformationController.transformMono(reactor.core.publisher.Mono<org.springframework.web.reactive.result.method.annotation.RequestMappingMessageConversionIntegrationTests$Person>)
12:03:31.789 [reactor-http-nio-4] DEBUG org.springframework.web.reactive.result.method.annotation.RequestBodyArgumentResolver - [5cc0c1ea] Content-Type:application/xml
12:03:31.789 [reactor-http-nio-4] DEBUG org.springframework.web.reactive.result.method.annotation.RequestBodyArgumentResolver - [5cc0c1ea] 0..1 [org.springframework.web.reactive.result.method.annotation.RequestMappingMessageConversionIntegrationTests$Person]
12:03:31.789 [reactor-http-nio-4] DEBUG org.springframework.web.reactive.result.method.annotation.ResponseBodyResultHandler - Using 'application/xml' given [application/xml] and supported [application/json;charset=UTF-8, application/*+json;charset=UTF-8, application/x-jackson-smile;charset=UTF-8, application/*+x-jackson-smile;charset=UTF-8, application/xml, text/xml, text/event-stream]
12:03:31.789 [reactor-http-nio-4] DEBUG org.springframework.web.reactive.result.method.annotation.ResponseBodyResultHandler - [5cc0c1ea] 0..1 [org.springframework.web.reactive.result.method.annotation.RequestMappingMessageConversionIntegrationTests$Person]
12:03:31.794 [reactor-http-nio-4] DEBUG org.springframework.http.codec.xml.Jaxb2XmlDecoder - [5cc0c1ea] Decoded [Person{name='Robert'}]
12:03:31.794 [reactor-http-nio-4] DEBUG org.springframework.http.codec.xml.Jaxb2XmlEncoder - [5cc0c1ea] Encoding [Person{name='ROBERT'}]
12:03:31.798 [Test worker] DEBUG org.springframework.web.client.RestTemplate - Response 200 OK
12:03:31.798 [reactor-http-nio-4] DEBUG org.springframework.web.server.adapter.HttpWebHandlerAdapter - [5cc0c1ea] Completed 200 OK
12:03:31.798 [Test worker] DEBUG org.springframework.web.client.RestTemplate - Reading to [org.springframework.web.reactive.result.method.annotation.RequestMappingMessageConversionIntegrationTests$Person] as "application/xml"
12:03:31.799 [Test worker] DEBUG org.springframework.http.server.reactive.bootstrap.ReactorHttpServer - Stopping ReactorHttpServer...
12:03:31.799 [Test worker] DEBUG org.springframework.http.server.reactive.bootstrap.ReactorHttpServer - Server stopped (0 millis).
12:03:31.876 [Test worker] DEBUG org.springframework.web.reactive.result.method.annotation.RequestMappingHandlerMapping - 37 mappings in 'requestMappingHandlerMapping'
12:03:31.924 [Test worker] DEBUG org.springframework.web.reactive.result.method.annotation.ControllerMethodResolver - ControllerAdvice beans: none
12:03:31.992 [Test worker] DEBUG org.springframework.web.server.adapter.HttpWebHandlerAdapter - enableLoggingRequestDetails='false': form data and headers will be masked to prevent unsafe logging of potentially sensitive data
12:03:31.992 [Test worker] DEBUG org.springframework.http.server.reactive.bootstrap.ReactorHttpServer - Starting ReactorHttpServer...
12:03:31.992 [Test worker] DEBUG org.springframework.http.server.reactive.bootstrap.ReactorHttpServer - Server started on port 52875(0 millis).
12:03:31.992 [Test worker] DEBUG org.springframework.web.client.RestTemplate - HTTP GET http://localhost:52875/person-response/observable
12:03:31.992 [Test worker] DEBUG org.springframework.web.client.RestTemplate - Accept=[application/json, application/x-jackson-smile, application/*+json]
12:03:31.993 [reactor-http-nio-6] DEBUG org.springframework.web.server.adapter.HttpWebHandlerAdapter - [c98c9bcd] HTTP GET "/person-response/observable"
12:03:31.993 [reactor-http-nio-6] DEBUG org.springframework.web.reactive.result.method.annotation.RequestMappingHandlerMapping - [c98c9bcd] Mapped to public rx.Observable<org.springframework.web.reactive.result.method.annotation.RequestMappingMessageConversionIntegrationTests$Person> org.springframework.web.reactive.result.method.annotation.RequestMappingMessageConversionIntegrationTests$PersonResponseBodyController.getObservable()
12:03:31.994 [reactor-http-nio-6] DEBUG org.springframework.web.reactive.result.method.annotation.ResponseBodyResultHandler - Using 'application/json;charset=UTF-8' given [application/json] and supported [application/json;charset=UTF-8, application/*+json;charset=UTF-8, application/x-jackson-smile;charset=UTF-8, application/*+x-jackson-smile;charset=UTF-8, application/xml, text/xml, text/event-stream]
12:03:31.994 [reactor-http-nio-6] DEBUG org.springframework.web.reactive.result.method.annotation.ResponseBodyResultHandler - [c98c9bcd] 0..N [org.springframework.web.reactive.result.method.annotation.RequestMappingMessageConversionIntegrationTests$Person]
12:03:31.994 [reactor-http-nio-6] DEBUG org.springframework.http.codec.json.Jackson2JsonEncoder - [c98c9bcd] Encoding [[Person{name='Robert'}, Person{name='Marie'}]]
12:03:31.994 [Test worker] DEBUG org.springframework.web.client.RestTemplate - Response 200 OK
12:03:31.994 [reactor-http-nio-6] DEBUG org.springframework.web.server.adapter.HttpWebHandlerAdapter - [c98c9bcd] Completed 200 OK
12:03:31.994 [Test worker] DEBUG org.springframework.web.client.RestTemplate - Reading to [java.util.List<org.springframework.web.reactive.result.method.annotation.RequestMappingMessageConversionIntegrationTests$Person>]
12:03:31.994 [Test worker] DEBUG org.springframework.http.server.reactive.bootstrap.ReactorHttpServer - Stopping ReactorHttpServer...
12:03:31.995 [Test worker] DEBUG org.springframework.http.server.reactive.bootstrap.ReactorHttpServer - Server stopped (0 millis).
12:03:32.071 [Test worker] DEBUG org.springframework.web.reactive.result.method.annotation.RequestMappingHandlerMapping - 37 mappings in 'requestMappingHandlerMapping'
12:03:32.110 [Test worker] DEBUG org.springframework.web.reactive.result.method.annotation.ControllerMethodResolver - ControllerAdvice beans: none
12:03:32.178 [Test worker] DEBUG org.springframework.web.server.adapter.HttpWebHandlerAdapter - enableLoggingRequestDetails='false': form data and headers will be masked to prevent unsafe logging of potentially sensitive data
12:03:32.178 [Test worker] DEBUG org.springframework.http.server.reactive.bootstrap.ReactorHttpServer - Starting ReactorHttpServer...
12:03:32.178 [Test worker] DEBUG org.springframework.http.server.reactive.bootstrap.ReactorHttpServer - Server started on port 52877(0 millis).
12:03:32.178 [Test worker] DEBUG org.springframework.web.client.RestTemplate - HTTP POST http://localhost:52877/person-transform/rxjava2-single
12:03:32.178 [Test worker] DEBUG org.springframework.web.client.RestTemplate - Accept=[application/xml, text/xml, application/json, application/x-jackson-smile, application/*+xml, application/*+json]
12:03:32.178 [Test worker] DEBUG org.springframework.web.client.RestTemplate - Writing [Person{name='Robert'}] as "application/json"
12:03:32.179 [reactor-http-nio-2] DEBUG org.springframework.web.server.adapter.HttpWebHandlerAdapter - [f8d7f919] HTTP POST "/person-transform/rxjava2-single"
12:03:32.179 [reactor-http-nio-2] DEBUG org.springframework.web.reactive.result.method.annotation.RequestMappingHandlerMapping - [f8d7f919] Mapped to public io.reactivex.Single<org.springframework.web.reactive.result.method.annotation.RequestMappingMessageConversionIntegrationTests$Person> org.springframework.web.reactive.result.method.annotation.RequestMappingMessageConversionIntegrationTests$PersonTransformationController.transformRxJava2Single(io.reactivex.Single<org.springframework.web.reactive.result.method.annotation.RequestMappingMessageConversionIntegrationTests$Person>)
12:03:32.180 [reactor-http-nio-2] DEBUG org.springframework.web.reactive.result.method.annotation.RequestBodyArgumentResolver - [f8d7f919] Content-Type:application/json
12:03:32.180 [reactor-http-nio-2] DEBUG org.springframework.web.reactive.result.method.annotation.RequestBodyArgumentResolver - [f8d7f919] 0..1 [org.springframework.web.reactive.result.method.annotation.RequestMappingMessageConversionIntegrationTests$Person]
12:03:32.180 [reactor-http-nio-2] DEBUG org.springframework.web.reactive.result.method.annotation.ResponseBodyResultHandler - Using 'application/json;charset=UTF-8' given [application/json] and supported [application/json;charset=UTF-8, application/*+json;charset=UTF-8, application/x-jackson-smile;charset=UTF-8, application/*+x-jackson-smile;charset=UTF-8, application/xml, text/xml, text/event-stream]
12:03:32.180 [reactor-http-nio-2] DEBUG org.springframework.web.reactive.result.method.annotation.ResponseBodyResultHandler - [f8d7f919] 0..1 [org.springframework.web.reactive.result.method.annotation.RequestMappingMessageConversionIntegrationTests$Person]
12:03:32.180 [reactor-http-nio-2] DEBUG org.springframework.http.codec.json.Jackson2JsonDecoder - [f8d7f919] Decoded [Person{name='Robert'}]
12:03:32.180 [reactor-http-nio-2] DEBUG org.springframework.http.codec.json.Jackson2JsonEncoder - [f8d7f919] Encoding [Person{name='ROBERT'}]
12:03:32.181 [Test worker] DEBUG org.springframework.web.client.RestTemplate - Response 200 OK
12:03:32.181 [reactor-http-nio-2] DEBUG org.springframework.web.server.adapter.HttpWebHandlerAdapter - [f8d7f919] Completed 200 OK
12:03:32.181 [Test worker] DEBUG org.springframework.web.client.RestTemplate - Reading to [org.springframework.web.reactive.result.method.annotation.RequestMappingMessageConversionIntegrationTests$Person]
12:03:32.181 [Test worker] DEBUG org.springframework.http.server.reactive.bootstrap.ReactorHttpServer - Stopping ReactorHttpServer...
12:03:32.181 [Test worker] DEBUG org.springframework.http.server.reactive.bootstrap.ReactorHttpServer - Server stopped (0 millis).
12:03:32.257 [Test worker] DEBUG org.springframework.web.reactive.result.method.annotation.RequestMappingHandlerMapping - 37 mappings in 'requestMappingHandlerMapping'
12:03:32.296 [Test worker] DEBUG org.springframework.web.reactive.result.method.annotation.ControllerMethodResolver - ControllerAdvice beans: none
12:03:32.364 [Test worker] DEBUG org.springframework.web.server.adapter.HttpWebHandlerAdapter - enableLoggingRequestDetails='false': form data and headers will be masked to prevent unsafe logging of potentially sensitive data
12:03:32.364 [Test worker] DEBUG org.springframework.http.server.reactive.bootstrap.ReactorHttpServer - Starting ReactorHttpServer...
12:03:32.365 [Test worker] DEBUG org.springframework.http.server.reactive.bootstrap.ReactorHttpServer - Server started on port 52879(0 millis).
12:03:32.365 [Test worker] DEBUG org.springframework.web.client.RestTemplate - HTTP POST http://localhost:52879/person-transform/publisher
12:03:32.365 [Test worker] DEBUG org.springframework.web.client.RestTemplate - Accept=[application/json, application/x-jackson-smile, application/*+json]
12:03:32.365 [Test worker] DEBUG org.springframework.web.client.RestTemplate - Writing [[Person{name='Robert'}, Person{name='Marie'}]] as "application/json"
12:03:32.366 [reactor-http-nio-4] DEBUG org.springframework.web.server.adapter.HttpWebHandlerAdapter - [fc3608e5] HTTP POST "/person-transform/publisher"
12:03:32.366 [reactor-http-nio-4] DEBUG org.springframework.web.reactive.result.method.annotation.RequestMappingHandlerMapping - [fc3608e5] Mapped to public org.reactivestreams.Publisher<org.springframework.web.reactive.result.method.annotation.RequestMappingMessageConversionIntegrationTests$Person> org.springframework.web.reactive.result.method.annotation.RequestMappingMessageConversionIntegrationTests$PersonTransformationController.transformPublisher(org.reactivestreams.Publisher<org.springframework.web.reactive.result.method.annotation.RequestMappingMessageConversionIntegrationTests$Person>)
12:03:32.366 [reactor-http-nio-4] DEBUG org.springframework.web.reactive.result.method.annotation.RequestBodyArgumentResolver - [fc3608e5] Content-Type:application/json
12:03:32.366 [reactor-http-nio-4] DEBUG org.springframework.web.reactive.result.method.annotation.RequestBodyArgumentResolver - [fc3608e5] 0..N [org.springframework.web.reactive.result.method.annotation.RequestMappingMessageConversionIntegrationTests$Person]
12:03:32.366 [reactor-http-nio-4] DEBUG org.springframework.web.reactive.result.method.annotation.ResponseBodyResultHandler - Using 'application/json;charset=UTF-8' given [application/json] and supported [application/json;charset=UTF-8, application/*+json;charset=UTF-8, application/x-jackson-smile;charset=UTF-8, application/*+x-jackson-smile;charset=UTF-8, application/xml, text/xml, text/event-stream]
12:03:32.367 [reactor-http-nio-4] DEBUG org.springframework.web.reactive.result.method.annotation.ResponseBodyResultHandler - [fc3608e5] 0..N [org.springframework.web.reactive.result.method.annotation.RequestMappingMessageConversionIntegrationTests$Person]
12:03:32.367 [reactor-http-nio-4] DEBUG org.springframework.http.codec.json.Jackson2JsonDecoder - [fc3608e5] Decoded [Person{name='Robert'}]
12:03:32.367 [reactor-http-nio-4] DEBUG org.springframework.http.codec.json.Jackson2JsonDecoder - [fc3608e5] Decoded [Person{name='Marie'}]
12:03:32.367 [reactor-http-nio-4] DEBUG org.springframework.http.codec.json.Jackson2JsonEncoder - [fc3608e5] Encoding [[Person{name='ROBERT'}, Person{name='MARIE'}]]
12:03:32.367 [Test worker] DEBUG org.springframework.web.client.RestTemplate - Response 200 OK
12:03:32.367 [reactor-http-nio-4] DEBUG org.springframework.web.server.adapter.HttpWebHandlerAdapter - [fc3608e5] Completed 200 OK
12:03:32.367 [Test worker] DEBUG org.springframework.web.client.RestTemplate - Reading to [java.util.List<org.springframework.web.reactive.result.method.annotation.RequestMappingMessageConversionIntegrationTests$Person>]
12:03:32.368 [Test worker] DEBUG org.springframework.http.server.reactive.bootstrap.ReactorHttpServer - Stopping ReactorHttpServer...
12:03:32.368 [Test worker] DEBUG org.springframework.http.server.reactive.bootstrap.ReactorHttpServer - Server stopped (0 millis).
12:03:32.445 [Test worker] DEBUG org.springframework.web.reactive.result.method.annotation.RequestMappingHandlerMapping - 37 mappings in 'requestMappingHandlerMapping'
12:03:32.485 [Test worker] DEBUG org.springframework.web.reactive.result.method.annotation.ControllerMethodResolver - ControllerAdvice beans: none
12:03:32.553 [Test worker] DEBUG org.springframework.web.server.adapter.HttpWebHandlerAdapter - enableLoggingRequestDetails='false': form data and headers will be masked to prevent unsafe logging of potentially sensitive data
12:03:32.553 [Test worker] DEBUG org.springframework.http.server.reactive.bootstrap.ReactorHttpServer - Starting ReactorHttpServer...
12:03:32.553 [Test worker] DEBUG org.springframework.http.server.reactive.bootstrap.ReactorHttpServer - Server started on port 52881(0 millis).
12:03:32.553 [Test worker] DEBUG org.springframework.web.client.RestTemplate - HTTP POST http://localhost:52881/person-create/observable
12:03:32.553 [Test worker] DEBUG org.springframework.web.client.RestTemplate - Accept=[application/json, application/x-jackson-smile, application/*+json]
12:03:32.553 [Test worker] DEBUG org.springframework.web.client.RestTemplate - Writing [[Person{name='Robert'}, Person{name='Marie'}]] as "application/json"
12:03:32.554 [reactor-http-nio-6] DEBUG org.springframework.web.server.adapter.HttpWebHandlerAdapter - [f02f2347] HTTP POST "/person-create/observable"
12:03:32.554 [reactor-http-nio-6] DEBUG org.springframework.web.reactive.result.method.annotation.RequestMappingHandlerMapping - [f02f2347] Mapped to public rx.Observable<java.lang.Void> org.springframework.web.reactive.result.method.annotation.RequestMappingMessageConversionIntegrationTests$PersonCreateController.createWithObservable(rx.Observable<org.springframework.web.reactive.result.method.annotation.RequestMappingMessageConversionIntegrationTests$Person>)
12:03:32.555 [reactor-http-nio-6] DEBUG org.springframework.web.reactive.result.method.annotation.RequestBodyArgumentResolver - [f02f2347] Content-Type:application/json
12:03:32.555 [reactor-http-nio-6] DEBUG org.springframework.web.reactive.result.method.annotation.RequestBodyArgumentResolver - [f02f2347] 0..N [org.springframework.web.reactive.result.method.annotation.RequestMappingMessageConversionIntegrationTests$Person]
12:03:32.555 [reactor-http-nio-6] DEBUG org.springframework.http.codec.json.Jackson2JsonDecoder - [f02f2347] Decoded [Person{name='Robert'}]
12:03:32.555 [reactor-http-nio-6] DEBUG org.springframework.http.codec.json.Jackson2JsonDecoder - [f02f2347] Decoded [Person{name='Marie'}]
12:03:32.555 [reactor-http-nio-6] DEBUG org.springframework.web.server.adapter.HttpWebHandlerAdapter - [f02f2347] Completed 200 OK
12:03:32.555 [Test worker] DEBUG org.springframework.web.client.RestTemplate - Response 200 OK
12:03:32.555 [Test worker] DEBUG org.springframework.http.server.reactive.bootstrap.ReactorHttpServer - Stopping ReactorHttpServer...
12:03:32.556 [Test worker] DEBUG org.springframework.http.server.reactive.bootstrap.ReactorHttpServer - Server stopped (0 millis).
12:03:32.632 [Test worker] DEBUG org.springframework.web.reactive.result.method.annotation.RequestMappingHandlerMapping - 37 mappings in 'requestMappingHandlerMapping'
12:03:32.672 [Test worker] DEBUG org.springframework.web.reactive.result.method.annotation.ControllerMethodResolver - ControllerAdvice beans: none
12:03:32.739 [Test worker] DEBUG org.springframework.web.server.adapter.HttpWebHandlerAdapter - enableLoggingRequestDetails='false': form data and headers will be masked to prevent unsafe logging of potentially sensitive data
12:03:32.739 [Test worker] DEBUG org.springframework.http.server.reactive.bootstrap.ReactorHttpServer - Starting ReactorHttpServer...
12:03:32.739 [Test worker] DEBUG org.springframework.http.server.reactive.bootstrap.ReactorHttpServer - Server started on port 52884(0 millis).
12:03:32.739 [Test worker] DEBUG org.springframework.web.client.RestTemplate - HTTP POST http://localhost:52884/person-create/mono
12:03:32.739 [Test worker] DEBUG org.springframework.web.client.RestTemplate - Accept=[application/json, application/x-jackson-smile, application/*+json]
12:03:32.739 [Test worker] DEBUG org.springframework.web.client.RestTemplate - Writing [Person{name='Robert'}] as "application/json"
12:03:32.740 [reactor-http-nio-2] DEBUG org.springframework.web.server.adapter.HttpWebHandlerAdapter - [1f54aeba] HTTP POST "/person-create/mono"
12:03:32.740 [reactor-http-nio-2] DEBUG org.springframework.web.reactive.result.method.annotation.RequestMappingHandlerMapping - [1f54aeba] Mapped to public reactor.core.publisher.Mono<java.lang.Void> org.springframework.web.reactive.result.method.annotation.RequestMappingMessageConversionIntegrationTests$PersonCreateController.createWithMono(reactor.core.publisher.Mono<org.springframework.web.reactive.result.method.annotation.RequestMappingMessageConversionIntegrationTests$Person>)
12:03:32.741 [reactor-http-nio-2] DEBUG org.springframework.web.reactive.result.method.annotation.RequestBodyArgumentResolver - [1f54aeba] Content-Type:application/json
12:03:32.741 [reactor-http-nio-2] DEBUG org.springframework.web.reactive.result.method.annotation.RequestBodyArgumentResolver - [1f54aeba] 0..1 [org.springframework.web.reactive.result.method.annotation.RequestMappingMessageConversionIntegrationTests$Person]
12:03:32.741 [reactor-http-nio-2] DEBUG org.springframework.http.codec.json.Jackson2JsonDecoder - [1f54aeba] Decoded [Person{name='Robert'}]
12:03:32.741 [reactor-http-nio-2] DEBUG org.springframework.web.server.adapter.HttpWebHandlerAdapter - [1f54aeba] Completed 200 OK
12:03:32.741 [Test worker] DEBUG org.springframework.web.client.RestTemplate - Response 200 OK
12:03:32.741 [Test worker] DEBUG org.springframework.http.server.reactive.bootstrap.ReactorHttpServer - Stopping ReactorHttpServer...
12:03:32.741 [Test worker] DEBUG org.springframework.http.server.reactive.bootstrap.ReactorHttpServer - Server stopped (0 millis).
12:03:32.818 [Test worker] DEBUG org.springframework.web.reactive.result.method.annotation.RequestMappingHandlerMapping - 37 mappings in 'requestMappingHandlerMapping'
12:03:32.858 [Test worker] DEBUG org.springframework.web.reactive.result.method.annotation.ControllerMethodResolver - ControllerAdvice beans: none
12:03:32.926 [Test worker] DEBUG org.springframework.web.server.adapter.HttpWebHandlerAdapter - enableLoggingRequestDetails='false': form data and headers will be masked to prevent unsafe logging of potentially sensitive data
12:03:32.926 [Test worker] DEBUG org.springframework.http.server.reactive.bootstrap.ReactorHttpServer - Starting ReactorHttpServer...
12:03:32.926 [Test worker] DEBUG org.springframework.http.server.reactive.bootstrap.ReactorHttpServer - Server started on port 52886(0 millis).
12:03:32.926 [Test worker] DEBUG org.springframework.web.client.RestTemplate - HTTP GET http://localhost:52886/person-response/person
12:03:32.927 [Test worker] DEBUG org.springframework.web.client.RestTemplate - Accept=[application/xml, text/xml, application/json, application/x-jackson-smile, application/*+xml, application/*+json]
12:03:32.927 [reactor-http-nio-4] DEBUG org.springframework.web.server.adapter.HttpWebHandlerAdapter - [31e29ff5] HTTP GET "/person-response/person"
12:03:32.928 [reactor-http-nio-4] DEBUG org.springframework.web.reactive.result.method.annotation.RequestMappingHandlerMapping - [31e29ff5] Mapped to public org.springframework.web.reactive.result.method.annotation.RequestMappingMessageConversionIntegrationTests$Person org.springframework.web.reactive.result.method.annotation.RequestMappingMessageConversionIntegrationTests$PersonResponseBodyController.getPerson()
12:03:32.928 [reactor-http-nio-4] DEBUG org.springframework.web.reactive.result.method.annotation.ResponseBodyResultHandler - Using 'application/json;charset=UTF-8' given [application/json] and supported [application/json;charset=UTF-8, application/*+json;charset=UTF-8, application/x-jackson-smile;charset=UTF-8, application/*+x-jackson-smile;charset=UTF-8, application/xml, text/xml, text/event-stream]
12:03:32.928 [reactor-http-nio-4] DEBUG org.springframework.web.reactive.result.method.annotation.ResponseBodyResultHandler - [31e29ff5] 0..1 [org.springframework.web.reactive.result.method.annotation.RequestMappingMessageConversionIntegrationTests$Person]
12:03:32.928 [reactor-http-nio-4] DEBUG org.springframework.http.codec.json.Jackson2JsonEncoder - [31e29ff5] Encoding [Person{name='Robert'}]
12:03:32.928 [Test worker] DEBUG org.springframework.web.client.RestTemplate - Response 200 OK
12:03:32.928 [Test worker] DEBUG org.springframework.web.client.RestTemplate - Reading to [org.springframework.web.reactive.result.method.annotation.RequestMappingMessageConversionIntegrationTests$Person]
12:03:32.928 [reactor-http-nio-4] DEBUG org.springframework.web.server.adapter.HttpWebHandlerAdapter - [31e29ff5] Completed 200 OK
12:03:32.928 [Test worker] DEBUG org.springframework.http.server.reactive.bootstrap.ReactorHttpServer - Stopping ReactorHttpServer...
12:03:32.928 [Test worker] DEBUG org.springframework.http.server.reactive.bootstrap.ReactorHttpServer - Server stopped (0 millis).
12:03:33.005 [Test worker] DEBUG org.springframework.web.reactive.result.method.annotation.RequestMappingHandlerMapping - 37 mappings in 'requestMappingHandlerMapping'
12:03:33.056 [Test worker] DEBUG org.springframework.web.reactive.result.method.annotation.ControllerMethodResolver - ControllerAdvice beans: none
12:03:33.124 [Test worker] DEBUG org.springframework.web.server.adapter.HttpWebHandlerAdapter - enableLoggingRequestDetails='false': form data and headers will be masked to prevent unsafe logging of potentially sensitive data
12:03:33.124 [Test worker] DEBUG org.springframework.http.server.reactive.bootstrap.ReactorHttpServer - Starting ReactorHttpServer...
12:03:33.125 [Test worker] DEBUG org.springframework.http.server.reactive.bootstrap.ReactorHttpServer - Server started on port 52888(0 millis).
12:03:33.125 [Test worker] DEBUG org.springframework.web.client.RestTemplate - HTTP POST http://localhost:52888/person-create/rxjava2-single
12:03:33.125 [Test worker] DEBUG org.springframework.web.client.RestTemplate - Accept=[application/json, application/x-jackson-smile, application/*+json]
12:03:33.125 [Test worker] DEBUG org.springframework.web.client.RestTemplate - Writing [Person{name='Robert'}] as "application/json"
12:03:33.126 [reactor-http-nio-6] DEBUG org.springframework.web.server.adapter.HttpWebHandlerAdapter - [42236df0] HTTP POST "/person-create/rxjava2-single"
12:03:33.126 [reactor-http-nio-6] DEBUG org.springframework.web.reactive.result.method.annotation.RequestMappingHandlerMapping - [42236df0] Mapped to public io.reactivex.Completable org.springframework.web.reactive.result.method.annotation.RequestMappingMessageConversionIntegrationTests$PersonCreateController.createWithRxJava2Single(io.reactivex.Single<org.springframework.web.reactive.result.method.annotation.RequestMappingMessageConversionIntegrationTests$Person>)
12:03:33.126 [reactor-http-nio-6] DEBUG org.springframework.web.reactive.result.method.annotation.RequestBodyArgumentResolver - [42236df0] Content-Type:application/json
12:03:33.126 [reactor-http-nio-6] DEBUG org.springframework.web.reactive.result.method.annotation.RequestBodyArgumentResolver - [42236df0] 0..1 [org.springframework.web.reactive.result.method.annotation.RequestMappingMessageConversionIntegrationTests$Person]
12:03:33.126 [reactor-http-nio-6] DEBUG org.springframework.http.codec.json.Jackson2JsonDecoder - [42236df0] Decoded [Person{name='Robert'}]
12:03:33.126 [reactor-http-nio-6] DEBUG org.springframework.web.server.adapter.HttpWebHandlerAdapter - [42236df0] Completed 200 OK
12:03:33.127 [Test worker] DEBUG org.springframework.web.client.RestTemplate - Response 200 OK
12:03:33.127 [Test worker] DEBUG org.springframework.http.server.reactive.bootstrap.ReactorHttpServer - Stopping ReactorHttpServer...
12:03:33.127 [Test worker] DEBUG org.springframework.http.server.reactive.bootstrap.ReactorHttpServer - Server stopped (0 millis).
12:03:33.203 [Test worker] DEBUG org.springframework.web.reactive.result.method.annotation.RequestMappingHandlerMapping - 37 mappings in 'requestMappingHandlerMapping'
12:03:33.244 [Test worker] DEBUG org.springframework.web.reactive.result.method.annotation.ControllerMethodResolver - ControllerAdvice beans: none
12:03:33.312 [Test worker] DEBUG org.springframework.web.server.adapter.HttpWebHandlerAdapter - enableLoggingRequestDetails='false': form data and headers will be masked to prevent unsafe logging of potentially sensitive data
12:03:33.312 [Test worker] DEBUG org.springframework.http.server.reactive.bootstrap.TomcatHttpServer - Starting TomcatHttpServer...
12:03:33.320 [Test worker] DEBUG org.springframework.http.server.reactive.bootstrap.TomcatHttpServer - Server started on port 52890(0 millis).
12:03:33.320 [Test worker] DEBUG org.springframework.web.client.RestTemplate - HTTP GET http://localhost:52890/person-response/mono-declared-as-object
12:03:33.320 [Test worker] DEBUG org.springframework.web.client.RestTemplate - Accept=[application/xml, text/xml, application/json, application/x-jackson-smile, application/*+xml, application/*+json]
12:03:33.322 [http-nio-auto-80-exec-1] DEBUG org.springframework.web.server.adapter.HttpWebHandlerAdapter - [5daa6486] HTTP GET "/person-response/mono-declared-as-object"
12:03:33.322 [http-nio-auto-80-exec-1] DEBUG org.springframework.web.reactive.result.method.annotation.RequestMappingHandlerMapping - [5daa6486] Mapped to public java.lang.Object org.springframework.web.reactive.result.method.annotation.RequestMappingMessageConversionIntegrationTests$PersonResponseBodyController.getMonoDeclaredAsObject()
12:03:33.322 [http-nio-auto-80-exec-1] DEBUG org.springframework.web.reactive.result.method.annotation.ResponseBodyResultHandler - Using 'application/json;charset=UTF-8' given [application/json] and supported [application/json;charset=UTF-8, application/*+json;charset=UTF-8, application/x-jackson-smile;charset=UTF-8, application/*+x-jackson-smile;charset=UTF-8, text/event-stream]
12:03:33.322 [http-nio-auto-80-exec-1] DEBUG org.springframework.web.reactive.result.method.annotation.ResponseBodyResultHandler - [5daa6486] 0..1 [java.lang.Object]
12:03:33.322 [http-nio-auto-80-exec-1] DEBUG org.springframework.http.codec.json.Jackson2JsonEncoder - [5daa6486] Encoding [Person{name='Robert'}]
12:03:33.323 [http-nio-auto-80-exec-1] DEBUG org.springframework.web.server.adapter.HttpWebHandlerAdapter - [5daa6486] Completed 200 OK
12:03:33.323 [Test worker] DEBUG org.springframework.web.client.RestTemplate - Response 200 OK
12:03:33.323 [Test worker] DEBUG org.springframework.web.client.RestTemplate - Reading to [org.springframework.web.reactive.result.method.annotation.RequestMappingMessageConversionIntegrationTests$Person]
12:03:33.323 [Test worker] DEBUG org.springframework.http.server.reactive.bootstrap.TomcatHttpServer - Stopping TomcatHttpServer...
12:03:33.378 [Test worker] DEBUG org.springframework.http.server.reactive.bootstrap.TomcatHttpServer - Server stopped (0 millis).
12:03:33.480 [Test worker] DEBUG org.springframework.web.reactive.result.method.annotation.RequestMappingHandlerMapping - 37 mappings in 'requestMappingHandlerMapping'
12:03:33.525 [Test worker] DEBUG org.springframework.web.reactive.result.method.annotation.ControllerMethodResolver - ControllerAdvice beans: none
12:03:33.596 [Test worker] DEBUG org.springframework.web.server.adapter.HttpWebHandlerAdapter - enableLoggingRequestDetails='false': form data and headers will be masked to prevent unsafe logging of potentially sensitive data
12:03:33.596 [Test worker] DEBUG org.springframework.http.server.reactive.bootstrap.TomcatHttpServer - Starting TomcatHttpServer...
12:03:33.603 [Test worker] DEBUG org.springframework.http.server.reactive.bootstrap.TomcatHttpServer - Server started on port 52900(0 millis).
12:03:33.603 [Test worker] DEBUG org.springframework.web.client.RestTemplate - HTTP GET http://localhost:52900/raw-response/publisher
12:03:33.604 [Test worker] DEBUG org.springframework.web.client.RestTemplate - Accept=[application/xml, text/xml, application/json, application/x-jackson-smile, application/*+xml, application/*+json]
12:03:33.605 [http-nio-auto-81-exec-1] DEBUG org.springframework.web.server.adapter.HttpWebHandlerAdapter - [48730138] HTTP GET "/raw-response/publisher"
12:03:33.605 [http-nio-auto-81-exec-1] DEBUG org.springframework.web.reactive.result.method.annotation.RequestMappingHandlerMapping - [48730138] Mapped to public org.reactivestreams.Publisher<java.nio.ByteBuffer> org.springframework.web.reactive.result.method.annotation.RequestMappingMessageConversionIntegrationTests$RawResponseBodyController.getPublisher()
12:03:33.612 [http-nio-auto-81-exec-1] DEBUG org.springframework.web.reactive.result.method.annotation.ResponseBodyResultHandler - Using 'application/json;charset=UTF-8' given [application/json] and supported [*/*, application/json;charset=UTF-8, application/*+json;charset=UTF-8, application/x-jackson-smile;charset=UTF-8, application/*+x-jackson-smile;charset=UTF-8, text/event-stream]
12:03:33.612 [http-nio-auto-81-exec-1] DEBUG org.springframework.web.reactive.result.method.annotation.ResponseBodyResultHandler - [48730138] 0..N [java.nio.ByteBuffer]
12:03:33.612 [http-nio-auto-81-exec-1] DEBUG org.springframework.http.codec.json.Jackson2JsonEncoder - Encoding [Person{name='Robert'}]
12:03:33.612 [http-nio-auto-81-exec-1] DEBUG org.springframework.core.codec.ByteBufferEncoder - [48730138] Writing 17 bytes
12:03:33.612 [http-nio-auto-81-exec-1] DEBUG org.springframework.web.server.adapter.HttpWebHandlerAdapter - [48730138] Completed 200 OK
12:03:33.612 [Test worker] DEBUG org.springframework.web.client.RestTemplate - Response 200 OK
12:03:33.612 [Test worker] DEBUG org.springframework.web.client.RestTemplate - Reading to [org.springframework.web.reactive.result.method.annotation.RequestMappingMessageConversionIntegrationTests$Person]
12:03:33.612 [Test worker] DEBUG org.springframework.http.server.reactive.bootstrap.TomcatHttpServer - Stopping TomcatHttpServer...
12:03:33.667 [Test worker] DEBUG org.springframework.http.server.reactive.bootstrap.TomcatHttpServer - Server stopped (0 millis).
12:03:33.772 [Test worker] DEBUG org.springframework.web.reactive.result.method.annotation.RequestMappingHandlerMapping - 37 mappings in 'requestMappingHandlerMapping'
12:03:33.815 [Test worker] DEBUG org.springframework.web.reactive.result.method.annotation.ControllerMethodResolver - ControllerAdvice beans: none
12:03:33.886 [Test worker] DEBUG org.springframework.web.server.adapter.HttpWebHandlerAdapter - enableLoggingRequestDetails='false': form data and headers will be masked to prevent unsafe logging of potentially sensitive data
12:03:33.887 [Test worker] DEBUG org.springframework.http.server.reactive.bootstrap.TomcatHttpServer - Starting TomcatHttpServer...
12:03:33.894 [Test worker] DEBUG org.springframework.http.server.reactive.bootstrap.TomcatHttpServer - Server started on port 52909(0 millis).
12:03:33.894 [Test worker] DEBUG org.springframework.web.client.RestTemplate - HTTP GET http://localhost:52909/person-response/completable-future
12:03:33.894 [Test worker] DEBUG org.springframework.web.client.RestTemplate - Accept=[application/xml, text/xml, application/json, application/x-jackson-smile, application/*+xml, application/*+json]
12:03:33.895 [http-nio-auto-82-exec-1] DEBUG org.springframework.web.server.adapter.HttpWebHandlerAdapter - [3a8a95c8] HTTP GET "/person-response/completable-future"
12:03:33.896 [http-nio-auto-82-exec-1] DEBUG org.springframework.web.reactive.result.method.annotation.RequestMappingHandlerMapping - [3a8a95c8] Mapped to public java.util.concurrent.CompletableFuture<org.springframework.web.reactive.result.method.annotation.RequestMappingMessageConversionIntegrationTests$Person> org.springframework.web.reactive.result.method.annotation.RequestMappingMessageConversionIntegrationTests$PersonResponseBodyController.getCompletableFuture()
12:03:33.896 [http-nio-auto-82-exec-1] DEBUG org.springframework.web.reactive.result.method.annotation.ResponseBodyResultHandler - Using 'application/json;charset=UTF-8' given [application/json] and supported [application/json;charset=UTF-8, application/*+json;charset=UTF-8, application/x-jackson-smile;charset=UTF-8, application/*+x-jackson-smile;charset=UTF-8, application/xml, text/xml, text/event-stream]
12:03:33.896 [http-nio-auto-82-exec-1] DEBUG org.springframework.web.reactive.result.method.annotation.ResponseBodyResultHandler - [3a8a95c8] 0..1 [org.springframework.web.reactive.result.method.annotation.RequestMappingMessageConversionIntegrationTests$Person]
12:03:33.896 [http-nio-auto-82-exec-1] DEBUG org.springframework.http.codec.json.Jackson2JsonEncoder - [3a8a95c8] Encoding [Person{name='Robert'}]
12:03:33.896 [http-nio-auto-82-exec-1] DEBUG org.springframework.web.server.adapter.HttpWebHandlerAdapter - [3a8a95c8] Completed 200 OK
12:03:33.896 [Test worker] DEBUG org.springframework.web.client.RestTemplate - Response 200 OK
12:03:33.896 [Test worker] DEBUG org.springframework.web.client.RestTemplate - Reading to [org.springframework.web.reactive.result.method.annotation.RequestMappingMessageConversionIntegrationTests$Person]
12:03:33.896 [Test worker] DEBUG org.springframework.http.server.reactive.bootstrap.TomcatHttpServer - Stopping TomcatHttpServer...
12:03:33.951 [Test worker] DEBUG org.springframework.http.server.reactive.bootstrap.TomcatHttpServer - Server stopped (0 millis).
12:03:34.054 [Test worker] DEBUG org.springframework.web.reactive.result.method.annotation.RequestMappingHandlerMapping - 37 mappings in 'requestMappingHandlerMapping'
12:03:34.097 [Test worker] DEBUG org.springframework.web.reactive.result.method.annotation.ControllerMethodResolver - ControllerAdvice beans: none
12:03:34.166 [Test worker] DEBUG org.springframework.web.server.adapter.HttpWebHandlerAdapter - enableLoggingRequestDetails='false': form data and headers will be masked to prevent unsafe logging of potentially sensitive data
12:03:34.166 [Test worker] DEBUG org.springframework.http.server.reactive.bootstrap.TomcatHttpServer - Starting TomcatHttpServer...
12:03:34.173 [Test worker] DEBUG org.springframework.http.server.reactive.bootstrap.TomcatHttpServer - Server started on port 52918(0 millis).
12:03:34.173 [Test worker] DEBUG org.springframework.web.client.RestTemplate - HTTP POST http://localhost:52918/person-transform/rxjava2-observable
12:03:34.178 [Test worker] DEBUG org.springframework.web.client.RestTemplate - Accept=[application/json, application/x-jackson-smile, application/*+json]
12:03:34.178 [Test worker] DEBUG org.springframework.web.client.RestTemplate - Writing [[Person{name='Robert'}, Person{name='Marie'}]] as "application/json"
12:03:34.179 [http-nio-auto-83-exec-1] DEBUG org.springframework.web.server.adapter.HttpWebHandlerAdapter - [49d07475] HTTP POST "/person-transform/rxjava2-observable"
12:03:34.180 [http-nio-auto-83-exec-1] DEBUG org.springframework.web.reactive.result.method.annotation.RequestMappingHandlerMapping - [49d07475] Mapped to public io.reactivex.Observable<org.springframework.web.reactive.result.method.annotation.RequestMappingMessageConversionIntegrationTests$Person> org.springframework.web.reactive.result.method.annotation.RequestMappingMessageConversionIntegrationTests$PersonTransformationController.transformObservable(io.reactivex.Observable<org.springframework.web.reactive.result.method.annotation.RequestMappingMessageConversionIntegrationTests$Person>)
12:03:34.180 [http-nio-auto-83-exec-1] DEBUG org.springframework.web.reactive.result.method.annotation.RequestBodyArgumentResolver - [49d07475] Content-Type:application/json
12:03:34.180 [http-nio-auto-83-exec-1] DEBUG org.springframework.web.reactive.result.method.annotation.RequestBodyArgumentResolver - [49d07475] 0..N [org.springframework.web.reactive.result.method.annotation.RequestMappingMessageConversionIntegrationTests$Person]
12:03:34.180 [http-nio-auto-83-exec-1] DEBUG org.springframework.web.reactive.result.method.annotation.ResponseBodyResultHandler - Using 'application/json;charset=UTF-8' given [application/json] and supported [application/json;charset=UTF-8, application/*+json;charset=UTF-8, application/x-jackson-smile;charset=UTF-8, application/*+x-jackson-smile;charset=UTF-8, application/xml, text/xml, text/event-stream]
12:03:34.180 [http-nio-auto-83-exec-1] DEBUG org.springframework.web.reactive.result.method.annotation.ResponseBodyResultHandler - [49d07475] 0..N [org.springframework.web.reactive.result.method.annotation.RequestMappingMessageConversionIntegrationTests$Person]
12:03:34.180 [http-nio-auto-83-exec-1] DEBUG org.springframework.http.codec.json.Jackson2JsonDecoder - [49d07475] Decoded [Person{name='Robert'}]
12:03:34.180 [http-nio-auto-83-exec-1] DEBUG org.springframework.http.codec.json.Jackson2JsonDecoder - [49d07475] Decoded [Person{name='Marie'}]
12:03:34.180 [http-nio-auto-83-exec-1] DEBUG org.springframework.http.codec.json.Jackson2JsonEncoder - [49d07475] Encoding [[Person{name='ROBERT'}, Person{name='MARIE'}]]
12:03:34.181 [http-nio-auto-83-exec-1] DEBUG org.springframework.web.server.adapter.HttpWebHandlerAdapter - [49d07475] Completed 200 OK
12:03:34.181 [Test worker] DEBUG org.springframework.web.client.RestTemplate - Response 200 OK
12:03:34.181 [Test worker] DEBUG org.springframework.web.client.RestTemplate - Reading to [java.util.List<org.springframework.web.reactive.result.method.annotation.RequestMappingMessageConversionIntegrationTests$Person>]
12:03:34.181 [Test worker] DEBUG org.springframework.http.server.reactive.bootstrap.TomcatHttpServer - Stopping TomcatHttpServer...
12:03:34.285 [Test worker] DEBUG org.springframework.http.server.reactive.bootstrap.TomcatHttpServer - Server stopped (0 millis).
12:03:34.388 [Test worker] DEBUG org.springframework.web.reactive.result.method.annotation.RequestMappingHandlerMapping - 37 mappings in 'requestMappingHandlerMapping'
12:03:34.433 [Test worker] DEBUG org.springframework.web.reactive.result.method.annotation.ControllerMethodResolver - ControllerAdvice beans: none
12:03:34.505 [Test worker] DEBUG org.springframework.web.server.adapter.HttpWebHandlerAdapter - enableLoggingRequestDetails='false': form data and headers will be masked to prevent unsafe logging of potentially sensitive data
12:03:34.505 [Test worker] DEBUG org.springframework.http.server.reactive.bootstrap.TomcatHttpServer - Starting TomcatHttpServer...
12:03:34.512 [Test worker] DEBUG org.springframework.http.server.reactive.bootstrap.TomcatHttpServer - Server started on port 52927(0 millis).
12:03:34.512 [Test worker] DEBUG org.springframework.web.client.RestTemplate - HTTP POST http://localhost:52927/person-create/observable
12:03:34.513 [Test worker] DEBUG org.springframework.web.client.RestTemplate - Accept=[application/json, application/x-jackson-smile, application/*+json]
12:03:34.513 [Test worker] DEBUG org.springframework.web.client.RestTemplate - Writing [org.springframework.web.reactive.result.method.annotation.RequestMappingMessageConversionIntegrationTests$People@30c22614] as "application/xml"
12:03:34.518 [http-nio-auto-84-exec-1] DEBUG org.springframework.web.server.adapter.HttpWebHandlerAdapter - [386e9e45] HTTP POST "/person-create/observable"
12:03:34.519 [http-nio-auto-84-exec-1] DEBUG org.springframework.web.reactive.result.method.annotation.RequestMappingHandlerMapping - [386e9e45] Mapped to public rx.Observable<java.lang.Void> org.springframework.web.reactive.result.method.annotation.RequestMappingMessageConversionIntegrationTests$PersonCreateController.createWithObservable(rx.Observable<org.springframework.web.reactive.result.method.annotation.RequestMappingMessageConversionIntegrationTests$Person>)
12:03:34.519 [http-nio-auto-84-exec-1] DEBUG org.springframework.web.reactive.result.method.annotation.RequestBodyArgumentResolver - [386e9e45] Content-Type:application/xml
12:03:34.519 [http-nio-auto-84-exec-1] DEBUG org.springframework.web.reactive.result.method.annotation.RequestBodyArgumentResolver - [386e9e45] 0..N [org.springframework.web.reactive.result.method.annotation.RequestMappingMessageConversionIntegrationTests$Person]
12:03:34.525 [http-nio-auto-84-exec-1] DEBUG org.springframework.http.codec.xml.Jaxb2XmlDecoder - [386e9e45] Decoded [Person{name='Robert'}]
12:03:34.525 [http-nio-auto-84-exec-1] DEBUG org.springframework.http.codec.xml.Jaxb2XmlDecoder - [386e9e45] Decoded [Person{name='Marie'}]
12:03:34.525 [http-nio-auto-84-exec-1] DEBUG org.springframework.web.server.adapter.HttpWebHandlerAdapter - [386e9e45] Completed 200 OK
12:03:34.532 [Test worker] DEBUG org.springframework.web.client.RestTemplate - Response 200 OK
12:03:34.532 [Test worker] DEBUG org.springframework.http.server.reactive.bootstrap.TomcatHttpServer - Stopping TomcatHttpServer...
12:03:34.624 [Test worker] DEBUG org.springframework.http.server.reactive.bootstrap.TomcatHttpServer - Server stopped (0 millis).
12:03:34.728 [Test worker] DEBUG org.springframework.web.reactive.result.method.annotation.RequestMappingHandlerMapping - 37 mappings in 'requestMappingHandlerMapping'
12:03:34.772 [Test worker] DEBUG org.springframework.web.reactive.result.method.annotation.ControllerMethodResolver - ControllerAdvice beans: none
12:03:34.842 [Test worker] DEBUG org.springframework.web.server.adapter.HttpWebHandlerAdapter - enableLoggingRequestDetails='false': form data and headers will be masked to prevent unsafe logging of potentially sensitive data
12:03:34.842 [Test worker] DEBUG org.springframework.http.server.reactive.bootstrap.TomcatHttpServer - Starting TomcatHttpServer...
12:03:34.850 [Test worker] DEBUG org.springframework.http.server.reactive.bootstrap.TomcatHttpServer - Server started on port 52936(0 millis).
12:03:34.850 [Test worker] DEBUG org.springframework.web.client.RestTemplate - HTTP GET http://localhost:52936/person-response/publisher
12:03:34.850 [Test worker] DEBUG org.springframework.web.client.RestTemplate - Accept=[application/json, application/x-jackson-smile, application/*+json]
12:03:34.851 [http-nio-auto-85-exec-1] DEBUG org.springframework.web.server.adapter.HttpWebHandlerAdapter - [58d979d9] HTTP GET "/person-response/publisher"
12:03:34.851 [http-nio-auto-85-exec-1] DEBUG org.springframework.web.reactive.result.method.annotation.RequestMappingHandlerMapping - [58d979d9] Mapped to public org.reactivestreams.Publisher<org.springframework.web.reactive.result.method.annotation.RequestMappingMessageConversionIntegrationTests$Person> org.springframework.web.reactive.result.method.annotation.RequestMappingMessageConversionIntegrationTests$PersonResponseBodyController.getPublisher()
12:03:34.851 [http-nio-auto-85-exec-1] DEBUG org.springframework.web.reactive.result.method.annotation.ResponseBodyResultHandler - Using 'application/json;charset=UTF-8' given [application/json] and supported [application/json;charset=UTF-8, application/*+json;charset=UTF-8, application/x-jackson-smile;charset=UTF-8, application/*+x-jackson-smile;charset=UTF-8, application/xml, text/xml, text/event-stream]
12:03:34.851 [http-nio-auto-85-exec-1] DEBUG org.springframework.web.reactive.result.method.annotation.ResponseBodyResultHandler - [58d979d9] 0..N [org.springframework.web.reactive.result.method.annotation.RequestMappingMessageConversionIntegrationTests$Person]
12:03:34.852 [http-nio-auto-85-exec-1] DEBUG org.springframework.http.codec.json.Jackson2JsonEncoder - [58d979d9] Encoding [[Person{name='Robert'}, Person{name='Marie'}]]
12:03:34.852 [http-nio-auto-85-exec-1] DEBUG org.springframework.web.server.adapter.HttpWebHandlerAdapter - [58d979d9] Completed 200 OK
12:03:34.852 [Test worker] DEBUG org.springframework.web.client.RestTemplate - Response 200 OK
12:03:34.852 [Test worker] DEBUG org.springframework.web.client.RestTemplate - Reading to [java.util.List<org.springframework.web.reactive.result.method.annotation.RequestMappingMessageConversionIntegrationTests$Person>]
12:03:34.852 [Test worker] DEBUG org.springframework.http.server.reactive.bootstrap.TomcatHttpServer - Stopping TomcatHttpServer...
12:03:34.947 [Test worker] DEBUG org.springframework.http.server.reactive.bootstrap.TomcatHttpServer - Server stopped (0 millis).
12:03:35.049 [Test worker] DEBUG org.springframework.web.reactive.result.method.annotation.RequestMappingHandlerMapping - 37 mappings in 'requestMappingHandlerMapping'
12:03:35.092 [Test worker] DEBUG org.springframework.web.reactive.result.method.annotation.ControllerMethodResolver - ControllerAdvice beans: none
12:03:35.162 [Test worker] DEBUG org.springframework.web.server.adapter.HttpWebHandlerAdapter - enableLoggingRequestDetails='false': form data and headers will be masked to prevent unsafe logging of potentially sensitive data
12:03:35.162 [Test worker] DEBUG org.springframework.http.server.reactive.bootstrap.TomcatHttpServer - Starting TomcatHttpServer...
12:03:35.170 [Test worker] DEBUG org.springframework.http.server.reactive.bootstrap.TomcatHttpServer - Server started on port 52945(0 millis).
12:03:35.170 [Test worker] DEBUG org.springframework.web.client.RestTemplate - HTTP POST http://localhost:52945/person-create/publisher
12:03:35.170 [Test worker] DEBUG org.springframework.web.client.RestTemplate - Accept=[application/json, application/x-jackson-smile, application/*+json]
12:03:35.170 [Test worker] DEBUG org.springframework.web.client.RestTemplate - Writing [org.springframework.web.reactive.result.method.annotation.RequestMappingMessageConversionIntegrationTests$People@6d602365] as "application/xml"
12:03:35.176 [http-nio-auto-86-exec-1] DEBUG org.springframework.web.server.adapter.HttpWebHandlerAdapter - [3c0f91f1] HTTP POST "/person-create/publisher"
12:03:35.176 [http-nio-auto-86-exec-1] DEBUG org.springframework.web.reactive.result.method.annotation.RequestMappingHandlerMapping - [3c0f91f1] Mapped to public org.reactivestreams.Publisher<java.lang.Void> org.springframework.web.reactive.result.method.annotation.RequestMappingMessageConversionIntegrationTests$PersonCreateController.createWithPublisher(org.reactivestreams.Publisher<org.springframework.web.reactive.result.method.annotation.RequestMappingMessageConversionIntegrationTests$Person>)
12:03:35.176 [http-nio-auto-86-exec-1] DEBUG org.springframework.web.reactive.result.method.annotation.RequestBodyArgumentResolver - [3c0f91f1] Content-Type:application/xml
12:03:35.176 [http-nio-auto-86-exec-1] DEBUG org.springframework.web.reactive.result.method.annotation.RequestBodyArgumentResolver - [3c0f91f1] 0..N [org.springframework.web.reactive.result.method.annotation.RequestMappingMessageConversionIntegrationTests$Person]
12:03:35.181 [http-nio-auto-86-exec-1] DEBUG org.springframework.http.codec.xml.Jaxb2XmlDecoder - [3c0f91f1] Decoded [Person{name='Robert'}]
12:03:35.181 [http-nio-auto-86-exec-1] DEBUG org.springframework.http.codec.xml.Jaxb2XmlDecoder - [3c0f91f1] Decoded [Person{name='Marie'}]
12:03:35.181 [http-nio-auto-86-exec-1] DEBUG org.springframework.web.server.adapter.HttpWebHandlerAdapter - [3c0f91f1] Completed 200 OK
12:03:35.182 [Test worker] DEBUG org.springframework.web.client.RestTemplate - Response 200 OK
12:03:35.182 [Test worker] DEBUG org.springframework.http.server.reactive.bootstrap.TomcatHttpServer - Stopping TomcatHttpServer...
12:03:35.276 [Test worker] DEBUG org.springframework.http.server.reactive.bootstrap.TomcatHttpServer - Server stopped (0 millis).
12:03:35.381 [Test worker] DEBUG org.springframework.web.reactive.result.method.annotation.RequestMappingHandlerMapping - 37 mappings in 'requestMappingHandlerMapping'
12:03:35.425 [Test worker] DEBUG org.springframework.web.reactive.result.method.annotation.ControllerMethodResolver - ControllerAdvice beans: none
12:03:35.498 [Test worker] DEBUG org.springframework.web.server.adapter.HttpWebHandlerAdapter - enableLoggingRequestDetails='false': form data and headers will be masked to prevent unsafe logging of potentially sensitive data
12:03:35.498 [Test worker] DEBUG org.springframework.http.server.reactive.bootstrap.TomcatHttpServer - Starting TomcatHttpServer...
12:03:35.505 [Test worker] DEBUG org.springframework.http.server.reactive.bootstrap.TomcatHttpServer - Server started on port 52954(0 millis).
12:03:35.505 [Test worker] DEBUG org.springframework.web.client.RestTemplate - HTTP POST http://localhost:52954/person-transform/completable-future
12:03:35.506 [Test worker] DEBUG org.springframework.web.client.RestTemplate - Accept=[application/xml, text/xml, application/json, application/x-jackson-smile, application/*+xml, application/*+json]
12:03:35.506 [Test worker] DEBUG org.springframework.web.client.RestTemplate - Writing [Person{name='Robert'}] as "application/json"
12:03:35.507 [http-nio-auto-87-exec-1] DEBUG org.springframework.web.server.adapter.HttpWebHandlerAdapter - [71800c32] HTTP POST "/person-transform/completable-future"
12:03:35.507 [http-nio-auto-87-exec-1] DEBUG org.springframework.web.reactive.result.method.annotation.RequestMappingHandlerMapping - [71800c32] Mapped to public java.util.concurrent.CompletableFuture<org.springframework.web.reactive.result.method.annotation.RequestMappingMessageConversionIntegrationTests$Person> org.springframework.web.reactive.result.method.annotation.RequestMappingMessageConversionIntegrationTests$PersonTransformationController.transformCompletableFuture(java.util.concurrent.CompletableFuture<org.springframework.web.reactive.result.method.annotation.RequestMappingMessageConversionIntegrationTests$Person>)
12:03:35.507 [http-nio-auto-87-exec-1] DEBUG org.springframework.web.reactive.result.method.annotation.RequestBodyArgumentResolver - [71800c32] Content-Type:application/json
12:03:35.507 [http-nio-auto-87-exec-1] DEBUG org.springframework.web.reactive.result.method.annotation.RequestBodyArgumentResolver - [71800c32] 0..1 [org.springframework.web.reactive.result.method.annotation.RequestMappingMessageConversionIntegrationTests$Person]
12:03:35.508 [http-nio-auto-87-exec-1] DEBUG org.springframework.http.codec.json.Jackson2JsonDecoder - [71800c32] Decoded [Person{name='Robert'}]
12:03:35.508 [http-nio-auto-87-exec-1] DEBUG org.springframework.web.reactive.result.method.annotation.ResponseBodyResultHandler - Using 'application/json;charset=UTF-8' given [application/json] and supported [application/json;charset=UTF-8, application/*+json;charset=UTF-8, application/x-jackson-smile;charset=UTF-8, application/*+x-jackson-smile;charset=UTF-8, application/xml, text/xml, text/event-stream]
12:03:35.508 [http-nio-auto-87-exec-1] DEBUG org.springframework.web.reactive.result.method.annotation.ResponseBodyResultHandler - [71800c32] 0..1 [org.springframework.web.reactive.result.method.annotation.RequestMappingMessageConversionIntegrationTests$Person]
12:03:35.508 [http-nio-auto-87-exec-1] DEBUG org.springframework.http.codec.json.Jackson2JsonEncoder - [71800c32] Encoding [Person{name='ROBERT'}]
12:03:35.508 [http-nio-auto-87-exec-1] DEBUG org.springframework.web.server.adapter.HttpWebHandlerAdapter - [71800c32] Completed 200 OK
12:03:35.508 [Test worker] DEBUG org.springframework.web.client.RestTemplate - Response 200 OK
12:03:35.508 [Test worker] DEBUG org.springframework.web.client.RestTemplate - Reading to [org.springframework.web.reactive.result.method.annotation.RequestMappingMessageConversionIntegrationTests$Person]
12:03:35.508 [Test worker] DEBUG org.springframework.http.server.reactive.bootstrap.TomcatHttpServer - Stopping TomcatHttpServer...
12:03:35.561 [Test worker] DEBUG org.springframework.http.server.reactive.bootstrap.TomcatHttpServer - Server stopped (0 millis).
12:03:35.671 [Test worker] DEBUG org.springframework.web.reactive.result.method.annotation.RequestMappingHandlerMapping - 37 mappings in 'requestMappingHandlerMapping'
12:03:35.715 [Test worker] DEBUG org.springframework.web.reactive.result.method.annotation.ControllerMethodResolver - ControllerAdvice beans: none
12:03:35.785 [Test worker] DEBUG org.springframework.web.server.adapter.HttpWebHandlerAdapter - enableLoggingRequestDetails='false': form data and headers will be masked to prevent unsafe logging of potentially sensitive data
12:03:35.786 [Test worker] DEBUG org.springframework.http.server.reactive.bootstrap.TomcatHttpServer - Starting TomcatHttpServer...
12:03:35.791 [Test worker] DEBUG org.springframework.http.server.reactive.bootstrap.TomcatHttpServer - Server started on port 52963(0 millis).
12:03:35.792 [Test worker] DEBUG org.springframework.web.client.RestTemplate - HTTP POST http://localhost:52963/person-transform/single
12:03:35.792 [Test worker] DEBUG org.springframework.web.client.RestTemplate - Accept=[application/xml, text/xml, application/json, application/x-jackson-smile, application/*+xml, application/*+json]
12:03:35.792 [Test worker] DEBUG org.springframework.web.client.RestTemplate - Writing [Person{name='Robert'}] as "application/json"
12:03:35.793 [http-nio-auto-88-exec-1] DEBUG org.springframework.web.server.adapter.HttpWebHandlerAdapter - [7331ab35] HTTP POST "/person-transform/single"
12:03:35.793 [http-nio-auto-88-exec-1] DEBUG org.springframework.web.reactive.result.method.annotation.RequestMappingHandlerMapping - [7331ab35] Mapped to public rx.Single<org.springframework.web.reactive.result.method.annotation.RequestMappingMessageConversionIntegrationTests$Person> org.springframework.web.reactive.result.method.annotation.RequestMappingMessageConversionIntegrationTests$PersonTransformationController.transformSingle(rx.Single<org.springframework.web.reactive.result.method.annotation.RequestMappingMessageConversionIntegrationTests$Person>)
12:03:35.794 [http-nio-auto-88-exec-1] DEBUG org.springframework.web.reactive.result.method.annotation.RequestBodyArgumentResolver - [7331ab35] Content-Type:application/json
12:03:35.794 [http-nio-auto-88-exec-1] DEBUG org.springframework.web.reactive.result.method.annotation.RequestBodyArgumentResolver - [7331ab35] 0..1 [org.springframework.web.reactive.result.method.annotation.RequestMappingMessageConversionIntegrationTests$Person]
12:03:35.794 [http-nio-auto-88-exec-1] DEBUG org.springframework.web.reactive.result.method.annotation.ResponseBodyResultHandler - Using 'application/json;charset=UTF-8' given [application/json] and supported [application/json;charset=UTF-8, application/*+json;charset=UTF-8, application/x-jackson-smile;charset=UTF-8, application/*+x-jackson-smile;charset=UTF-8, application/xml, text/xml, text/event-stream]
12:03:35.794 [http-nio-auto-88-exec-1] DEBUG org.springframework.web.reactive.result.method.annotation.ResponseBodyResultHandler - [7331ab35] 0..1 [org.springframework.web.reactive.result.method.annotation.RequestMappingMessageConversionIntegrationTests$Person]
12:03:35.794 [http-nio-auto-88-exec-1] DEBUG org.springframework.http.codec.json.Jackson2JsonDecoder - [7331ab35] Decoded [Person{name='Robert'}]
12:03:35.794 [http-nio-auto-88-exec-1] DEBUG org.springframework.http.codec.json.Jackson2JsonEncoder - [7331ab35] Encoding [Person{name='ROBERT'}]
12:03:35.795 [http-nio-auto-88-exec-1] DEBUG org.springframework.web.server.adapter.HttpWebHandlerAdapter - [7331ab35] Completed 200 OK
12:03:35.795 [Test worker] DEBUG org.springframework.web.client.RestTemplate - Response 200 OK
12:03:35.795 [Test worker] DEBUG org.springframework.web.client.RestTemplate - Reading to [org.springframework.web.reactive.result.method.annotation.RequestMappingMessageConversionIntegrationTests$Person]
12:03:35.795 [Test worker] DEBUG org.springframework.http.server.reactive.bootstrap.TomcatHttpServer - Stopping TomcatHttpServer...
12:03:35.889 [Test worker] DEBUG org.springframework.http.server.reactive.bootstrap.TomcatHttpServer - Server stopped (0 millis).
12:03:35.992 [Test worker] DEBUG org.springframework.web.reactive.result.method.annotation.RequestMappingHandlerMapping - 37 mappings in 'requestMappingHandlerMapping'
12:03:36.036 [Test worker] DEBUG org.springframework.web.reactive.result.method.annotation.ControllerMethodResolver - ControllerAdvice beans: none
12:03:36.108 [Test worker] DEBUG org.springframework.web.server.adapter.HttpWebHandlerAdapter - enableLoggingRequestDetails='false': form data and headers will be masked to prevent unsafe logging of potentially sensitive data
12:03:36.108 [Test worker] DEBUG org.springframework.http.server.reactive.bootstrap.TomcatHttpServer - Starting TomcatHttpServer...
12:03:36.119 [Test worker] DEBUG org.springframework.http.server.reactive.bootstrap.TomcatHttpServer - Server started on port 52972(0 millis).
12:03:36.119 [Test worker] DEBUG org.springframework.web.client.RestTemplate - HTTP GET http://localhost:52972/person-response/mono-response-entity-xml
12:03:36.119 [Test worker] DEBUG org.springframework.web.client.RestTemplate - Accept=[text/plain, application/json, application/x-jackson-smile, application/*+json, */*]
12:03:36.120 [http-nio-auto-89-exec-1] DEBUG org.springframework.web.server.adapter.HttpWebHandlerAdapter - [40b20e18] HTTP GET "/person-response/mono-response-entity-xml"
12:03:36.121 [http-nio-auto-89-exec-1] DEBUG org.springframework.web.reactive.result.method.annotation.RequestMappingHandlerMapping - [40b20e18] Mapped to public org.springframework.http.ResponseEntity<reactor.core.publisher.Mono<org.springframework.web.reactive.result.method.annotation.RequestMappingMessageConversionIntegrationTests$Person>> org.springframework.web.reactive.result.method.annotation.RequestMappingMessageConversionIntegrationTests$PersonResponseBodyController.getMonoResponseEntityXml()
12:03:36.121 [http-nio-auto-89-exec-1] DEBUG org.springframework.web.reactive.result.method.annotation.ResponseEntityResultHandler - [40b20e18] Found 'Content-Type:application/xml' in response
12:03:36.121 [http-nio-auto-89-exec-1] DEBUG org.springframework.web.reactive.result.method.annotation.ResponseEntityResultHandler - [40b20e18] 0..1 [org.springframework.web.reactive.result.method.annotation.RequestMappingMessageConversionIntegrationTests$Person]
12:03:36.121 [http-nio-auto-89-exec-1] DEBUG org.springframework.http.codec.xml.Jaxb2XmlEncoder - [40b20e18] Encoding [Person{name='Robert'}]
12:03:36.126 [http-nio-auto-89-exec-1] DEBUG org.springframework.web.server.adapter.HttpWebHandlerAdapter - [40b20e18] Completed 200 OK
12:03:36.126 [Test worker] DEBUG org.springframework.web.client.RestTemplate - Response 200 OK
12:03:36.126 [Test worker] DEBUG org.springframework.web.client.RestTemplate - Reading to [java.lang.String] as "application/xml"
12:03:36.126 [Test worker] DEBUG org.springframework.http.server.reactive.bootstrap.TomcatHttpServer - Stopping TomcatHttpServer...
12:03:36.179 [Test worker] DEBUG org.springframework.http.server.reactive.bootstrap.TomcatHttpServer - Server stopped (0 millis).
12:03:36.285 [Test worker] DEBUG org.springframework.web.reactive.result.method.annotation.RequestMappingHandlerMapping - 37 mappings in 'requestMappingHandlerMapping'
12:03:36.327 [Test worker] DEBUG org.springframework.web.reactive.result.method.annotation.ControllerMethodResolver - ControllerAdvice beans: none
12:03:36.399 [Test worker] DEBUG org.springframework.web.server.adapter.HttpWebHandlerAdapter - enableLoggingRequestDetails='false': form data and headers will be masked to prevent unsafe logging of potentially sensitive data
12:03:36.399 [Test worker] DEBUG org.springframework.http.server.reactive.bootstrap.TomcatHttpServer - Starting TomcatHttpServer...
12:03:36.406 [Test worker] DEBUG org.springframework.http.server.reactive.bootstrap.TomcatHttpServer - Server started on port 52982(0 millis).
12:03:36.406 [Test worker] DEBUG org.springframework.web.client.RestTemplate - HTTP POST http://localhost:52982/person-create/rxjava2-observable
12:03:36.406 [Test worker] DEBUG org.springframework.web.client.RestTemplate - Accept=[application/json, application/x-jackson-smile, application/*+json]
12:03:36.406 [Test worker] DEBUG org.springframework.web.client.RestTemplate - Writing [[Person{name='Robert'}, Person{name='Marie'}]] as "application/json"
12:03:36.408 [http-nio-auto-90-exec-1] DEBUG org.springframework.web.server.adapter.HttpWebHandlerAdapter - [4a110f55] HTTP POST "/person-create/rxjava2-observable"
12:03:36.408 [http-nio-auto-90-exec-1] DEBUG org.springframework.web.reactive.result.method.annotation.RequestMappingHandlerMapping - [4a110f55] Mapped to public io.reactivex.Completable org.springframework.web.reactive.result.method.annotation.RequestMappingMessageConversionIntegrationTests$PersonCreateController.createWithRxJava2Observable(io.reactivex.Observable<org.springframework.web.reactive.result.method.annotation.RequestMappingMessageConversionIntegrationTests$Person>)
12:03:36.408 [http-nio-auto-90-exec-1] DEBUG org.springframework.web.reactive.result.method.annotation.RequestBodyArgumentResolver - [4a110f55] Content-Type:application/json
12:03:36.409 [http-nio-auto-90-exec-1] DEBUG org.springframework.web.reactive.result.method.annotation.RequestBodyArgumentResolver - [4a110f55] 0..N [org.springframework.web.reactive.result.method.annotation.RequestMappingMessageConversionIntegrationTests$Person]
12:03:36.409 [http-nio-auto-90-exec-1] DEBUG org.springframework.http.codec.json.Jackson2JsonDecoder - [4a110f55] Decoded [Person{name='Robert'}]
12:03:36.409 [http-nio-auto-90-exec-1] DEBUG org.springframework.http.codec.json.Jackson2JsonDecoder - [4a110f55] Decoded [Person{name='Marie'}]
12:03:36.409 [http-nio-auto-90-exec-1] DEBUG org.springframework.web.server.adapter.HttpWebHandlerAdapter - [4a110f55] Completed 200 OK
12:03:36.409 [Test worker] DEBUG org.springframework.web.client.RestTemplate - Response 200 OK
12:03:36.409 [Test worker] DEBUG org.springframework.http.server.reactive.bootstrap.TomcatHttpServer - Stopping TomcatHttpServer...
12:03:36.503 [Test worker] DEBUG org.springframework.http.server.reactive.bootstrap.TomcatHttpServer - Server stopped (0 millis).
12:03:36.608 [Test worker] DEBUG org.springframework.web.reactive.result.method.annotation.RequestMappingHandlerMapping - 37 mappings in 'requestMappingHandlerMapping'
12:03:36.652 [Test worker] DEBUG org.springframework.web.reactive.result.method.annotation.ControllerMethodResolver - ControllerAdvice beans: none
12:03:36.722 [Test worker] DEBUG org.springframework.web.server.adapter.HttpWebHandlerAdapter - enableLoggingRequestDetails='false': form data and headers will be masked to prevent unsafe logging of potentially sensitive data
12:03:36.722 [Test worker] DEBUG org.springframework.http.server.reactive.bootstrap.TomcatHttpServer - Starting TomcatHttpServer...
12:03:36.729 [Test worker] DEBUG org.springframework.http.server.reactive.bootstrap.TomcatHttpServer - Server started on port 52992(0 millis).
12:03:36.729 [Test worker] DEBUG org.springframework.web.client.RestTemplate - HTTP GET http://localhost:52992/raw-response/flux
12:03:36.729 [Test worker] DEBUG org.springframework.web.client.RestTemplate - Accept=[text/plain, application/json, application/x-jackson-smile, application/*+json, */*]
12:03:36.730 [http-nio-auto-91-exec-1] DEBUG org.springframework.web.server.adapter.HttpWebHandlerAdapter - [3b4dcaa] HTTP GET "/raw-response/flux"
12:03:36.731 [http-nio-auto-91-exec-1] DEBUG org.springframework.web.reactive.result.method.annotation.RequestMappingHandlerMapping - [3b4dcaa] Mapped to public reactor.core.publisher.Flux<java.nio.ByteBuffer> org.springframework.web.reactive.result.method.annotation.RequestMappingMessageConversionIntegrationTests$RawResponseBodyController.getFlux()
12:03:36.731 [http-nio-auto-91-exec-1] DEBUG org.springframework.web.reactive.result.method.annotation.ResponseBodyResultHandler - Using 'text/plain' given [text/plain, application/json, application/x-jackson-smile, application/*+json, */*] and supported [*/*, application/json;charset=UTF-8, application/*+json;charset=UTF-8, application/x-jackson-smile;charset=UTF-8, application/*+x-jackson-smile;charset=UTF-8, text/event-stream]
12:03:36.731 [http-nio-auto-91-exec-1] DEBUG org.springframework.web.reactive.result.method.annotation.ResponseBodyResultHandler - [3b4dcaa] 0..N [java.nio.ByteBuffer]
12:03:36.731 [http-nio-auto-91-exec-1] DEBUG org.springframework.core.codec.ByteBufferEncoder - [3b4dcaa] Writing 6 bytes
12:03:36.731 [http-nio-auto-91-exec-1] DEBUG org.springframework.web.server.adapter.HttpWebHandlerAdapter - [3b4dcaa] Completed 200 OK
12:03:36.731 [Test worker] DEBUG org.springframework.web.client.RestTemplate - Response 200 OK
12:03:36.731 [Test worker] DEBUG org.springframework.web.client.RestTemplate - Reading to [java.lang.String] as "text/plain"
12:03:36.731 [Test worker] DEBUG org.springframework.http.server.reactive.bootstrap.TomcatHttpServer - Stopping TomcatHttpServer...
12:03:36.791 [Test worker] DEBUG org.springframework.http.server.reactive.bootstrap.TomcatHttpServer - Server stopped (0 millis).
12:03:36.897 [Test worker] DEBUG org.springframework.web.reactive.result.method.annotation.RequestMappingHandlerMapping - 37 mappings in 'requestMappingHandlerMapping'
12:03:36.941 [Test worker] DEBUG org.springframework.web.reactive.result.method.annotation.ControllerMethodResolver - ControllerAdvice beans: none
12:03:37.013 [Test worker] DEBUG org.springframework.web.server.adapter.HttpWebHandlerAdapter - enableLoggingRequestDetails='false': form data and headers will be masked to prevent unsafe logging of potentially sensitive data
12:03:37.014 [Test worker] DEBUG org.springframework.http.server.reactive.bootstrap.TomcatHttpServer - Starting TomcatHttpServer...
12:03:37.021 [Test worker] DEBUG org.springframework.http.server.reactive.bootstrap.TomcatHttpServer - Server started on port 53001(0 millis).
12:03:37.021 [Test worker] DEBUG org.springframework.web.client.RestTemplate - HTTP GET http://localhost:53001/raw-response/mono
12:03:37.021 [Test worker] DEBUG org.springframework.web.client.RestTemplate - Accept=[text/plain, application/json, application/x-jackson-smile, application/*+json, */*]
12:03:37.022 [http-nio-auto-92-exec-2] DEBUG org.springframework.web.server.adapter.HttpWebHandlerAdapter - [1e11a30d] HTTP GET "/raw-response/mono"
12:03:37.023 [http-nio-auto-92-exec-2] DEBUG org.springframework.web.reactive.result.method.annotation.RequestMappingHandlerMapping - [1e11a30d] Mapped to public reactor.core.publisher.Mono<java.nio.ByteBuffer> org.springframework.web.reactive.result.method.annotation.RequestMappingMessageConversionIntegrationTests$RawResponseBodyController.getMonoString()
12:03:37.023 [http-nio-auto-92-exec-2] DEBUG org.springframework.web.reactive.result.method.annotation.ResponseBodyResultHandler - Using 'text/plain' given [text/plain, application/json, application/x-jackson-smile, application/*+json, */*] and supported [*/*, application/json;charset=UTF-8, application/*+json;charset=UTF-8, application/x-jackson-smile;charset=UTF-8, application/*+x-jackson-smile;charset=UTF-8, text/event-stream]
12:03:37.023 [http-nio-auto-92-exec-2] DEBUG org.springframework.web.reactive.result.method.annotation.ResponseBodyResultHandler - [1e11a30d] 0..1 [java.nio.ByteBuffer]
12:03:37.023 [http-nio-auto-92-exec-2] DEBUG org.springframework.core.codec.ByteBufferEncoder - [1e11a30d] Writing 6 bytes
12:03:37.023 [http-nio-auto-92-exec-2] DEBUG org.springframework.web.server.adapter.HttpWebHandlerAdapter - [1e11a30d] Completed 200 OK
12:03:37.023 [Test worker] DEBUG org.springframework.web.client.RestTemplate - Response 200 OK
12:03:37.023 [Test worker] DEBUG org.springframework.web.client.RestTemplate - Reading to [java.lang.String] as "text/plain"
12:03:37.024 [Test worker] DEBUG org.springframework.http.server.reactive.bootstrap.TomcatHttpServer - Stopping TomcatHttpServer...
12:03:37.079 [Test worker] DEBUG org.springframework.http.server.reactive.bootstrap.TomcatHttpServer - Server stopped (0 millis).
12:03:37.183 [Test worker] DEBUG org.springframework.web.reactive.result.method.annotation.RequestMappingHandlerMapping - 37 mappings in 'requestMappingHandlerMapping'
12:03:37.228 [Test worker] DEBUG org.springframework.web.reactive.result.method.annotation.ControllerMethodResolver - ControllerAdvice beans: none
12:03:37.299 [Test worker] DEBUG org.springframework.web.server.adapter.HttpWebHandlerAdapter - enableLoggingRequestDetails='false': form data and headers will be masked to prevent unsafe logging of potentially sensitive data
12:03:37.299 [Test worker] DEBUG org.springframework.http.server.reactive.bootstrap.TomcatHttpServer - Starting TomcatHttpServer...
12:03:37.306 [Test worker] DEBUG org.springframework.http.server.reactive.bootstrap.TomcatHttpServer - Server started on port 53010(0 millis).
12:03:37.306 [Test worker] DEBUG org.springframework.web.client.RestTemplate - HTTP POST http://localhost:53010/person-transform/flowable
12:03:37.307 [Test worker] DEBUG org.springframework.web.client.RestTemplate - Accept=[application/json, application/x-jackson-smile, application/*+json]
12:03:37.307 [Test worker] DEBUG org.springframework.web.client.RestTemplate - Writing [[Person{name='Robert'}, Person{name='Marie'}]] as "application/json"
12:03:37.308 [http-nio-auto-93-exec-1] DEBUG org.springframework.web.server.adapter.HttpWebHandlerAdapter - [5dec3c21] HTTP POST "/person-transform/flowable"
12:03:37.308 [http-nio-auto-93-exec-1] DEBUG org.springframework.web.reactive.result.method.annotation.RequestMappingHandlerMapping - [5dec3c21] Mapped to public io.reactivex.Flowable<org.springframework.web.reactive.result.method.annotation.RequestMappingMessageConversionIntegrationTests$Person> org.springframework.web.reactive.result.method.annotation.RequestMappingMessageConversionIntegrationTests$PersonTransformationController.transformFlowable(io.reactivex.Flowable<org.springframework.web.reactive.result.method.annotation.RequestMappingMessageConversionIntegrationTests$Person>)
12:03:37.309 [http-nio-auto-93-exec-1] DEBUG org.springframework.web.reactive.result.method.annotation.RequestBodyArgumentResolver - [5dec3c21] Content-Type:application/json
12:03:37.309 [http-nio-auto-93-exec-1] DEBUG org.springframework.web.reactive.result.method.annotation.RequestBodyArgumentResolver - [5dec3c21] 0..N [org.springframework.web.reactive.result.method.annotation.RequestMappingMessageConversionIntegrationTests$Person]
12:03:37.309 [http-nio-auto-93-exec-1] DEBUG org.springframework.web.reactive.result.method.annotation.ResponseBodyResultHandler - Using 'application/json;charset=UTF-8' given [application/json] and supported [application/json;charset=UTF-8, application/*+json;charset=UTF-8, application/x-jackson-smile;charset=UTF-8, application/*+x-jackson-smile;charset=UTF-8, application/xml, text/xml, text/event-stream]
12:03:37.309 [http-nio-auto-93-exec-1] DEBUG org.springframework.web.reactive.result.method.annotation.ResponseBodyResultHandler - [5dec3c21] 0..N [org.springframework.web.reactive.result.method.annotation.RequestMappingMessageConversionIntegrationTests$Person]
12:03:37.309 [http-nio-auto-93-exec-1] DEBUG org.springframework.http.codec.json.Jackson2JsonDecoder - [5dec3c21] Decoded [Person{name='Robert'}]
12:03:37.309 [http-nio-auto-93-exec-1] DEBUG org.springframework.http.codec.json.Jackson2JsonDecoder - [5dec3c21] Decoded [Person{name='Marie'}]
12:03:37.309 [http-nio-auto-93-exec-1] DEBUG org.springframework.http.codec.json.Jackson2JsonEncoder - [5dec3c21] Encoding [[Person{name='ROBERT'}, Person{name='MARIE'}]]
12:03:37.310 [http-nio-auto-93-exec-1] DEBUG org.springframework.web.server.adapter.HttpWebHandlerAdapter - [5dec3c21] Completed 200 OK
12:03:37.310 [Test worker] DEBUG org.springframework.web.client.RestTemplate - Response 200 OK
12:03:37.310 [Test worker] DEBUG org.springframework.web.client.RestTemplate - Reading to [java.util.List<org.springframework.web.reactive.result.method.annotation.RequestMappingMessageConversionIntegrationTests$Person>]
12:03:37.310 [Test worker] DEBUG org.springframework.http.server.reactive.bootstrap.TomcatHttpServer - Stopping TomcatHttpServer...
12:03:37.403 [Test worker] DEBUG org.springframework.http.server.reactive.bootstrap.TomcatHttpServer - Server stopped (0 millis).
12:03:37.508 [Test worker] DEBUG org.springframework.web.reactive.result.method.annotation.RequestMappingHandlerMapping - 37 mappings in 'requestMappingHandlerMapping'
12:03:37.552 [Test worker] DEBUG org.springframework.web.reactive.result.method.annotation.ControllerMethodResolver - ControllerAdvice beans: none
12:03:37.623 [Test worker] DEBUG org.springframework.web.server.adapter.HttpWebHandlerAdapter - enableLoggingRequestDetails='false': form data and headers will be masked to prevent unsafe logging of potentially sensitive data
12:03:37.623 [Test worker] DEBUG org.springframework.http.server.reactive.bootstrap.TomcatHttpServer - Starting TomcatHttpServer...
12:03:37.630 [Test worker] DEBUG org.springframework.http.server.reactive.bootstrap.TomcatHttpServer - Server started on port 53019(0 millis).
12:03:37.630 [Test worker] DEBUG org.springframework.web.client.RestTemplate - HTTP POST http://localhost:53019/person-create/flux
12:03:37.630 [Test worker] DEBUG org.springframework.web.client.RestTemplate - Accept=[application/json, application/x-jackson-smile, application/*+json]
12:03:37.630 [Test worker] DEBUG org.springframework.web.client.RestTemplate - Writing [[Person{name='Robert'}, Person{name='Marie'}]] as "application/json"
12:03:37.631 [http-nio-auto-94-exec-1] DEBUG org.springframework.web.server.adapter.HttpWebHandlerAdapter - [4cff01be] HTTP POST "/person-create/flux"
12:03:37.632 [http-nio-auto-94-exec-1] DEBUG org.springframework.web.reactive.result.method.annotation.RequestMappingHandlerMapping - [4cff01be] Mapped to public reactor.core.publisher.Mono<java.lang.Void> org.springframework.web.reactive.result.method.annotation.RequestMappingMessageConversionIntegrationTests$PersonCreateController.createWithFlux(reactor.core.publisher.Flux<org.springframework.web.reactive.result.method.annotation.RequestMappingMessageConversionIntegrationTests$Person>)
12:03:37.632 [http-nio-auto-94-exec-1] DEBUG org.springframework.web.reactive.result.method.annotation.RequestBodyArgumentResolver - [4cff01be] Content-Type:application/json
12:03:37.632 [http-nio-auto-94-exec-1] DEBUG org.springframework.web.reactive.result.method.annotation.RequestBodyArgumentResolver - [4cff01be] 0..N [org.springframework.web.reactive.result.method.annotation.RequestMappingMessageConversionIntegrationTests$Person]
12:03:37.632 [http-nio-auto-94-exec-1] DEBUG org.springframework.http.codec.json.Jackson2JsonDecoder - [4cff01be] Decoded [Person{name='Robert'}]
12:03:37.632 [http-nio-auto-94-exec-1] DEBUG org.springframework.http.codec.json.Jackson2JsonDecoder - [4cff01be] Decoded [Person{name='Marie'}]
12:03:37.632 [http-nio-auto-94-exec-1] DEBUG org.springframework.web.server.adapter.HttpWebHandlerAdapter - [4cff01be] Completed 200 OK
12:03:37.632 [Test worker] DEBUG org.springframework.web.client.RestTemplate - Response 200 OK
12:03:37.632 [Test worker] DEBUG org.springframework.http.server.reactive.bootstrap.TomcatHttpServer - Stopping TomcatHttpServer...
12:03:37.685 [Test worker] DEBUG org.springframework.http.server.reactive.bootstrap.TomcatHttpServer - Server stopped (0 millis).
12:03:37.789 [Test worker] DEBUG org.springframework.web.reactive.result.method.annotation.RequestMappingHandlerMapping - 37 mappings in 'requestMappingHandlerMapping'
12:03:37.835 [Test worker] DEBUG org.springframework.web.reactive.result.method.annotation.ControllerMethodResolver - ControllerAdvice beans: none
12:03:37.908 [Test worker] DEBUG org.springframework.web.server.adapter.HttpWebHandlerAdapter - enableLoggingRequestDetails='false': form data and headers will be masked to prevent unsafe logging of potentially sensitive data
12:03:37.909 [Test worker] DEBUG org.springframework.http.server.reactive.bootstrap.TomcatHttpServer - Starting TomcatHttpServer...
12:03:37.921 [Test worker] DEBUG org.springframework.http.server.reactive.bootstrap.TomcatHttpServer - Server started on port 53028(0 millis).
12:03:37.921 [Test worker] DEBUG org.springframework.web.client.RestTemplate - HTTP POST http://localhost:53028/person-create/flowable
12:03:37.921 [Test worker] DEBUG org.springframework.web.client.RestTemplate - Accept=[application/json, application/x-jackson-smile, application/*+json]
12:03:37.921 [Test worker] DEBUG org.springframework.web.client.RestTemplate - Writing [org.springframework.web.reactive.result.method.annotation.RequestMappingMessageConversionIntegrationTests$People@34b3f8d7] as "application/xml"
12:03:37.927 [http-nio-auto-95-exec-1] DEBUG org.springframework.web.server.adapter.HttpWebHandlerAdapter - [23089713] HTTP POST "/person-create/flowable"
12:03:37.927 [http-nio-auto-95-exec-1] DEBUG org.springframework.web.reactive.result.method.annotation.RequestMappingHandlerMapping - [23089713] Mapped to public io.reactivex.Completable org.springframework.web.reactive.result.method.annotation.RequestMappingMessageConversionIntegrationTests$PersonCreateController.createWithFlowable(io.reactivex.Flowable<org.springframework.web.reactive.result.method.annotation.RequestMappingMessageConversionIntegrationTests$Person>)
12:03:37.927 [http-nio-auto-95-exec-1] DEBUG org.springframework.web.reactive.result.method.annotation.RequestBodyArgumentResolver - [23089713] Content-Type:application/xml
12:03:37.927 [http-nio-auto-95-exec-1] DEBUG org.springframework.web.reactive.result.method.annotation.RequestBodyArgumentResolver - [23089713] 0..N [org.springframework.web.reactive.result.method.annotation.RequestMappingMessageConversionIntegrationTests$Person]
12:03:37.932 [http-nio-auto-95-exec-1] DEBUG org.springframework.http.codec.xml.Jaxb2XmlDecoder - [23089713] Decoded [Person{name='Robert'}]
12:03:37.932 [http-nio-auto-95-exec-1] DEBUG org.springframework.http.codec.xml.Jaxb2XmlDecoder - [23089713] Decoded [Person{name='Marie'}]
12:03:37.933 [http-nio-auto-95-exec-1] DEBUG org.springframework.web.server.adapter.HttpWebHandlerAdapter - [23089713] Completed 200 OK
12:03:37.938 [Test worker] DEBUG org.springframework.web.client.RestTemplate - Response 200 OK
12:03:37.938 [Test worker] DEBUG org.springframework.http.server.reactive.bootstrap.TomcatHttpServer - Stopping TomcatHttpServer...
12:03:37.991 [Test worker] DEBUG org.springframework.http.server.reactive.bootstrap.TomcatHttpServer - Server stopped (0 millis).
12:03:38.095 [Test worker] DEBUG org.springframework.web.reactive.result.method.annotation.RequestMappingHandlerMapping - 37 mappings in 'requestMappingHandlerMapping'
12:03:38.140 [Test worker] DEBUG org.springframework.web.reactive.result.method.annotation.ControllerMethodResolver - ControllerAdvice beans: none
12:03:38.213 [Test worker] DEBUG org.springframework.web.server.adapter.HttpWebHandlerAdapter - enableLoggingRequestDetails='false': form data and headers will be masked to prevent unsafe logging of potentially sensitive data
12:03:38.214 [Test worker] DEBUG org.springframework.http.server.reactive.bootstrap.TomcatHttpServer - Starting TomcatHttpServer...
12:03:38.222 [Test worker] DEBUG org.springframework.http.server.reactive.bootstrap.TomcatHttpServer - Server started on port 53037(0 millis).
12:03:38.222 [Test worker] DEBUG org.springframework.web.client.RestTemplate - HTTP GET http://localhost:53037/resource
12:03:38.222 [Test worker] DEBUG org.springframework.web.client.RestTemplate - Accept=[application/octet-stream, application/json, application/x-jackson-smile, application/*+json, */*]
12:03:38.224 [http-nio-auto-96-exec-2] DEBUG org.springframework.web.server.adapter.HttpWebHandlerAdapter - [1e4cdbc4] HTTP GET "/resource"
12:03:38.224 [http-nio-auto-96-exec-2] DEBUG org.springframework.web.reactive.result.method.annotation.RequestMappingHandlerMapping - [1e4cdbc4] Mapped to public org.springframework.core.io.Resource org.springframework.web.reactive.result.method.annotation.RequestMappingMessageConversionIntegrationTests$ResourceController.resource()
12:03:38.224 [http-nio-auto-96-exec-2] DEBUG org.springframework.web.reactive.result.method.annotation.ResponseBodyResultHandler - Using 'application/octet-stream' given [application/octet-stream, application/json, application/x-jackson-smile, application/*+json, */*] and supported [application/octet-stream, */*, application/json;charset=UTF-8, application/*+json;charset=UTF-8, application/x-jackson-smile;charset=UTF-8, application/*+x-jackson-smile;charset=UTF-8, text/event-stream]
12:03:38.224 [http-nio-auto-96-exec-2] DEBUG org.springframework.web.reactive.result.method.annotation.ResponseBodyResultHandler - [1e4cdbc4] 0..1 [org.springframework.core.io.Resource]
12:03:38.224 [http-nio-auto-96-exec-2] DEBUG org.springframework.http.codec.ResourceHttpMessageWriter - [1e4cdbc4] Resource associated with 'image/png'
12:03:38.225 [http-nio-auto-96-exec-2] DEBUG org.springframework.core.codec.ResourceEncoder - [1e4cdbc4] Writing [class path resource [org/springframework/http/server/reactive/spring.png]]
12:03:38.226 [Thread-8] DEBUG org.springframework.web.server.adapter.HttpWebHandlerAdapter - [1e4cdbc4] Completed 200 OK
12:03:38.226 [Test worker] DEBUG org.springframework.web.client.RestTemplate - Response 200 OK
12:03:38.226 [Test worker] DEBUG org.springframework.web.client.RestTemplate - Reading to [[B] as "image/png"
12:03:38.227 [Test worker] DEBUG org.springframework.http.server.reactive.bootstrap.TomcatHttpServer - Stopping TomcatHttpServer...
12:03:38.280 [Test worker] DEBUG org.springframework.http.server.reactive.bootstrap.TomcatHttpServer - Server stopped (0 millis).
12:03:38.383 [Test worker] DEBUG org.springframework.web.reactive.result.method.annotation.RequestMappingHandlerMapping - 37 mappings in 'requestMappingHandlerMapping'
12:03:38.425 [Test worker] DEBUG org.springframework.web.reactive.result.method.annotation.ControllerMethodResolver - ControllerAdvice beans: none
12:03:38.498 [Test worker] DEBUG org.springframework.web.server.adapter.HttpWebHandlerAdapter - enableLoggingRequestDetails='false': form data and headers will be masked to prevent unsafe logging of potentially sensitive data
12:03:38.498 [Test worker] DEBUG org.springframework.http.server.reactive.bootstrap.TomcatHttpServer - Starting TomcatHttpServer...
12:03:38.505 [Test worker] DEBUG org.springframework.http.server.reactive.bootstrap.TomcatHttpServer - Server started on port 53046(0 millis).
12:03:38.505 [Test worker] DEBUG org.springframework.web.client.RestTemplate - HTTP POST http://localhost:53046/person-create/flux
12:03:38.505 [Test worker] DEBUG org.springframework.web.client.RestTemplate - Accept=[application/json, application/x-jackson-smile, application/*+json]
12:03:38.505 [Test worker] DEBUG org.springframework.web.client.RestTemplate - Writing [org.springframework.web.reactive.result.method.annotation.RequestMappingMessageConversionIntegrationTests$People@459d6cb5] as "application/xml"
12:03:38.511 [http-nio-auto-97-exec-1] DEBUG org.springframework.web.server.adapter.HttpWebHandlerAdapter - [474785a4] HTTP POST "/person-create/flux"
12:03:38.511 [http-nio-auto-97-exec-1] DEBUG org.springframework.web.reactive.result.method.annotation.RequestMappingHandlerMapping - [474785a4] Mapped to public reactor.core.publisher.Mono<java.lang.Void> org.springframework.web.reactive.result.method.annotation.RequestMappingMessageConversionIntegrationTests$PersonCreateController.createWithFlux(reactor.core.publisher.Flux<org.springframework.web.reactive.result.method.annotation.RequestMappingMessageConversionIntegrationTests$Person>)
12:03:38.511 [http-nio-auto-97-exec-1] DEBUG org.springframework.web.reactive.result.method.annotation.RequestBodyArgumentResolver - [474785a4] Content-Type:application/xml
12:03:38.511 [http-nio-auto-97-exec-1] DEBUG org.springframework.web.reactive.result.method.annotation.RequestBodyArgumentResolver - [474785a4] 0..N [org.springframework.web.reactive.result.method.annotation.RequestMappingMessageConversionIntegrationTests$Person]
12:03:38.516 [http-nio-auto-97-exec-1] DEBUG org.springframework.http.codec.xml.Jaxb2XmlDecoder - [474785a4] Decoded [Person{name='Robert'}]
12:03:38.516 [http-nio-auto-97-exec-1] DEBUG org.springframework.http.codec.xml.Jaxb2XmlDecoder - [474785a4] Decoded [Person{name='Marie'}]
12:03:38.516 [http-nio-auto-97-exec-1] DEBUG org.springframework.web.server.adapter.HttpWebHandlerAdapter - [474785a4] Completed 200 OK
12:03:38.516 [Test worker] DEBUG org.springframework.web.client.RestTemplate - Response 200 OK
12:03:38.516 [Test worker] DEBUG org.springframework.http.server.reactive.bootstrap.TomcatHttpServer - Stopping TomcatHttpServer...
12:03:38.569 [Test worker] DEBUG org.springframework.http.server.reactive.bootstrap.TomcatHttpServer - Server stopped (0 millis).
12:03:38.673 [Test worker] DEBUG org.springframework.web.reactive.result.method.annotation.RequestMappingHandlerMapping - 37 mappings in 'requestMappingHandlerMapping'
12:03:38.717 [Test worker] DEBUG org.springframework.web.reactive.result.method.annotation.ControllerMethodResolver - ControllerAdvice beans: none
12:03:38.788 [Test worker] DEBUG org.springframework.web.server.adapter.HttpWebHandlerAdapter - enableLoggingRequestDetails='false': form data and headers will be masked to prevent unsafe logging of potentially sensitive data
12:03:38.789 [Test worker] DEBUG org.springframework.http.server.reactive.bootstrap.TomcatHttpServer - Starting TomcatHttpServer...
12:03:38.796 [Test worker] DEBUG org.springframework.http.server.reactive.bootstrap.TomcatHttpServer - Server started on port 53055(0 millis).
12:03:38.796 [Test worker] DEBUG org.springframework.web.client.RestTemplate - HTTP GET http://localhost:53055/person-response/mono-response-entity
12:03:38.796 [Test worker] DEBUG org.springframework.web.client.RestTemplate - Accept=[application/xml, text/xml, application/json, application/x-jackson-smile, application/*+xml, application/*+json]
12:03:38.797 [http-nio-auto-98-exec-1] DEBUG org.springframework.web.server.adapter.HttpWebHandlerAdapter - [25d887bb] HTTP GET "/person-response/mono-response-entity"
12:03:38.797 [http-nio-auto-98-exec-1] DEBUG org.springframework.web.reactive.result.method.annotation.RequestMappingHandlerMapping - [25d887bb] Mapped to public org.springframework.http.ResponseEntity<reactor.core.publisher.Mono<org.springframework.web.reactive.result.method.annotation.RequestMappingMessageConversionIntegrationTests$Person>> org.springframework.web.reactive.result.method.annotation.RequestMappingMessageConversionIntegrationTests$PersonResponseBodyController.getMonoResponseEntity()
12:03:38.798 [http-nio-auto-98-exec-1] DEBUG org.springframework.web.reactive.result.method.annotation.ResponseEntityResultHandler - Using 'application/json;charset=UTF-8' given [application/json] and supported [application/json;charset=UTF-8, application/*+json;charset=UTF-8, application/x-jackson-smile;charset=UTF-8, application/*+x-jackson-smile;charset=UTF-8, application/xml, text/xml, text/event-stream]
12:03:38.798 [http-nio-auto-98-exec-1] DEBUG org.springframework.web.reactive.result.method.annotation.ResponseEntityResultHandler - [25d887bb] 0..1 [org.springframework.web.reactive.result.method.annotation.RequestMappingMessageConversionIntegrationTests$Person]
12:03:38.798 [http-nio-auto-98-exec-1] DEBUG org.springframework.http.codec.json.Jackson2JsonEncoder - [25d887bb] Encoding [Person{name='Robert'}]
12:03:38.798 [http-nio-auto-98-exec-1] DEBUG org.springframework.web.server.adapter.HttpWebHandlerAdapter - [25d887bb] Completed 200 OK
12:03:38.798 [Test worker] DEBUG org.springframework.web.client.RestTemplate - Response 200 OK
12:03:38.798 [Test worker] DEBUG org.springframework.web.client.RestTemplate - Reading to [org.springframework.web.reactive.result.method.annotation.RequestMappingMessageConversionIntegrationTests$Person]
12:03:38.798 [Test worker] DEBUG org.springframework.http.server.reactive.bootstrap.TomcatHttpServer - Stopping TomcatHttpServer...
12:03:38.860 [Test worker] DEBUG org.springframework.http.server.reactive.bootstrap.TomcatHttpServer - Server stopped (0 millis).
12:03:38.964 [Test worker] DEBUG org.springframework.web.reactive.result.method.annotation.RequestMappingHandlerMapping - 37 mappings in 'requestMappingHandlerMapping'
12:03:39.012 [Test worker] DEBUG org.springframework.web.reactive.result.method.annotation.ControllerMethodResolver - ControllerAdvice beans: none
12:03:39.094 [Test worker] DEBUG org.springframework.web.server.adapter.HttpWebHandlerAdapter - enableLoggingRequestDetails='false': form data and headers will be masked to prevent unsafe logging of potentially sensitive data
12:03:39.095 [Test worker] DEBUG org.springframework.http.server.reactive.bootstrap.TomcatHttpServer - Starting TomcatHttpServer...
12:03:39.103 [Test worker] DEBUG org.springframework.http.server.reactive.bootstrap.TomcatHttpServer - Server started on port 53064(0 millis).
12:03:39.103 [Test worker] DEBUG org.springframework.web.client.RestTemplate - HTTP GET http://localhost:53064/raw-response/rxjava2-observable
12:03:39.103 [Test worker] DEBUG org.springframework.web.client.RestTemplate - Accept=[text/plain, application/json, application/x-jackson-smile, application/*+json, */*]
12:03:39.104 [http-nio-auto-99-exec-1] DEBUG org.springframework.web.server.adapter.HttpWebHandlerAdapter - [c3166b9] HTTP GET "/raw-response/rxjava2-observable"
12:03:39.104 [http-nio-auto-99-exec-1] DEBUG org.springframework.web.reactive.result.method.annotation.RequestMappingHandlerMapping - [c3166b9] Mapped to public io.reactivex.Observable<java.nio.ByteBuffer> org.springframework.web.reactive.result.method.annotation.RequestMappingMessageConversionIntegrationTests$RawResponseBodyController.getRxJava2Observable()
12:03:39.105 [http-nio-auto-99-exec-1] DEBUG org.springframework.web.reactive.result.method.annotation.ResponseBodyResultHandler - Using 'text/plain' given [text/plain, application/json, application/x-jackson-smile, application/*+json, */*] and supported [*/*, application/json;charset=UTF-8, application/*+json;charset=UTF-8, application/x-jackson-smile;charset=UTF-8, application/*+x-jackson-smile;charset=UTF-8, text/event-stream]
12:03:39.105 [http-nio-auto-99-exec-1] DEBUG org.springframework.web.reactive.result.method.annotation.ResponseBodyResultHandler - [c3166b9] 0..N [java.nio.ByteBuffer]
12:03:39.105 [http-nio-auto-99-exec-1] DEBUG org.springframework.core.codec.ByteBufferEncoder - [c3166b9] Writing 6 bytes
12:03:39.105 [http-nio-auto-99-exec-1] DEBUG org.springframework.web.server.adapter.HttpWebHandlerAdapter - [c3166b9] Completed 200 OK
12:03:39.105 [Test worker] DEBUG org.springframework.web.client.RestTemplate - Response 200 OK
12:03:39.105 [Test worker] DEBUG org.springframework.web.client.RestTemplate - Reading to [java.lang.String] as "text/plain"
12:03:39.105 [Test worker] DEBUG org.springframework.http.server.reactive.bootstrap.TomcatHttpServer - Stopping TomcatHttpServer...
12:03:39.199 [Test worker] DEBUG org.springframework.http.server.reactive.bootstrap.TomcatHttpServer - Server stopped (0 millis).
12:03:39.303 [Test worker] DEBUG org.springframework.web.reactive.result.method.annotation.RequestMappingHandlerMapping - 37 mappings in 'requestMappingHandlerMapping'
12:03:39.349 [Test worker] DEBUG org.springframework.web.reactive.result.method.annotation.ControllerMethodResolver - ControllerAdvice beans: none
12:03:39.419 [Test worker] DEBUG org.springframework.web.server.adapter.HttpWebHandlerAdapter - enableLoggingRequestDetails='false': form data and headers will be masked to prevent unsafe logging of potentially sensitive data
12:03:39.420 [Test worker] DEBUG org.springframework.http.server.reactive.bootstrap.TomcatHttpServer - Starting TomcatHttpServer...
12:03:39.427 [Test worker] DEBUG org.springframework.http.server.reactive.bootstrap.TomcatHttpServer - Server started on port 53073(0 millis).
12:03:39.427 [Test worker] DEBUG org.springframework.web.client.RestTemplate - HTTP POST http://localhost:53073/person-create/single
12:03:39.427 [Test worker] DEBUG org.springframework.web.client.RestTemplate - Accept=[application/json, application/x-jackson-smile, application/*+json]
12:03:39.427 [Test worker] DEBUG org.springframework.web.client.RestTemplate - Writing [Person{name='Robert'}] as "application/json"
12:03:39.428 [http-nio-auto-100-exec-1] DEBUG org.springframework.web.server.adapter.HttpWebHandlerAdapter - [1e497a55] HTTP POST "/person-create/single"
12:03:39.428 [http-nio-auto-100-exec-1] DEBUG org.springframework.web.reactive.result.method.annotation.RequestMappingHandlerMapping - [1e497a55] Mapped to public rx.Completable org.springframework.web.reactive.result.method.annotation.RequestMappingMessageConversionIntegrationTests$PersonCreateController.createWithSingle(rx.Single<org.springframework.web.reactive.result.method.annotation.RequestMappingMessageConversionIntegrationTests$Person>)
12:03:39.429 [http-nio-auto-100-exec-1] DEBUG org.springframework.web.reactive.result.method.annotation.RequestBodyArgumentResolver - [1e497a55] Content-Type:application/json
12:03:39.429 [http-nio-auto-100-exec-1] DEBUG org.springframework.web.reactive.result.method.annotation.RequestBodyArgumentResolver - [1e497a55] 0..1 [org.springframework.web.reactive.result.method.annotation.RequestMappingMessageConversionIntegrationTests$Person]
12:03:39.429 [http-nio-auto-100-exec-1] DEBUG org.springframework.http.codec.json.Jackson2JsonDecoder - [1e497a55] Decoded [Person{name='Robert'}]
12:03:39.429 [http-nio-auto-100-exec-1] DEBUG org.springframework.web.server.adapter.HttpWebHandlerAdapter - [1e497a55] Completed 200 OK
12:03:39.429 [Test worker] DEBUG org.springframework.web.client.RestTemplate - Response 200 OK
12:03:39.429 [Test worker] DEBUG org.springframework.http.server.reactive.bootstrap.TomcatHttpServer - Stopping TomcatHttpServer...
12:03:39.486 [Test worker] DEBUG org.springframework.http.server.reactive.bootstrap.TomcatHttpServer - Server stopped (0 millis).
12:03:39.590 [Test worker] DEBUG org.springframework.web.reactive.result.method.annotation.RequestMappingHandlerMapping - 37 mappings in 'requestMappingHandlerMapping'
12:03:39.635 [Test worker] DEBUG org.springframework.web.reactive.result.method.annotation.ControllerMethodResolver - ControllerAdvice beans: none
12:03:39.707 [Test worker] DEBUG org.springframework.web.server.adapter.HttpWebHandlerAdapter - enableLoggingRequestDetails='false': form data and headers will be masked to prevent unsafe logging of potentially sensitive data
12:03:39.708 [Test worker] DEBUG org.springframework.http.server.reactive.bootstrap.TomcatHttpServer - Starting TomcatHttpServer...
12:03:39.715 [Test worker] DEBUG org.springframework.http.server.reactive.bootstrap.TomcatHttpServer - Server started on port 53082(0 millis).
12:03:39.715 [Test worker] DEBUG org.springframework.web.client.RestTemplate - HTTP GET http://localhost:53082/raw-response/observable
12:03:39.715 [Test worker] DEBUG org.springframework.web.client.RestTemplate - Accept=[text/plain, application/json, application/x-jackson-smile, application/*+json, */*]
12:03:39.716 [http-nio-auto-101-exec-1] DEBUG org.springframework.web.server.adapter.HttpWebHandlerAdapter - [2b195fcb] HTTP GET "/raw-response/observable"
12:03:39.716 [http-nio-auto-101-exec-1] DEBUG org.springframework.web.reactive.result.method.annotation.RequestMappingHandlerMapping - [2b195fcb] Mapped to public rx.Observable<java.nio.ByteBuffer> org.springframework.web.reactive.result.method.annotation.RequestMappingMessageConversionIntegrationTests$RawResponseBodyController.getObservable()
12:03:39.717 [http-nio-auto-101-exec-1] DEBUG org.springframework.web.reactive.result.method.annotation.ResponseBodyResultHandler - Using 'text/plain' given [text/plain, application/json, application/x-jackson-smile, application/*+json, */*] and supported [*/*, application/json;charset=UTF-8, application/*+json;charset=UTF-8, application/x-jackson-smile;charset=UTF-8, application/*+x-jackson-smile;charset=UTF-8, text/event-stream]
12:03:39.717 [http-nio-auto-101-exec-1] DEBUG org.springframework.web.reactive.result.method.annotation.ResponseBodyResultHandler - [2b195fcb] 0..N [java.nio.ByteBuffer]
12:03:39.717 [http-nio-auto-101-exec-1] DEBUG org.springframework.core.codec.ByteBufferEncoder - [2b195fcb] Writing 6 bytes
12:03:39.717 [http-nio-auto-101-exec-1] DEBUG org.springframework.web.server.adapter.HttpWebHandlerAdapter - [2b195fcb] Completed 200 OK
12:03:39.717 [Test worker] DEBUG org.springframework.web.client.RestTemplate - Response 200 OK
12:03:39.717 [Test worker] DEBUG org.springframework.web.client.RestTemplate - Reading to [java.lang.String] as "text/plain"
12:03:39.717 [Test worker] DEBUG org.springframework.http.server.reactive.bootstrap.TomcatHttpServer - Stopping TomcatHttpServer...
12:03:39.770 [Test worker] DEBUG org.springframework.http.server.reactive.bootstrap.TomcatHttpServer - Server stopped (0 millis).
12:03:39.874 [Test worker] DEBUG org.springframework.web.reactive.result.method.annotation.RequestMappingHandlerMapping - 37 mappings in 'requestMappingHandlerMapping'
12:03:39.918 [Test worker] DEBUG org.springframework.web.reactive.result.method.annotation.ControllerMethodResolver - ControllerAdvice beans: none
12:03:39.988 [Test worker] DEBUG org.springframework.web.server.adapter.HttpWebHandlerAdapter - enableLoggingRequestDetails='false': form data and headers will be masked to prevent unsafe logging of potentially sensitive data
12:03:39.988 [Test worker] DEBUG org.springframework.http.server.reactive.bootstrap.TomcatHttpServer - Starting TomcatHttpServer...
12:03:39.995 [Test worker] DEBUG org.springframework.http.server.reactive.bootstrap.TomcatHttpServer - Server started on port 53091(0 millis).
12:03:39.995 [Test worker] DEBUG org.springframework.web.client.RestTemplate - HTTP GET http://localhost:53091/person-response/flux
12:03:39.995 [Test worker] DEBUG org.springframework.web.client.RestTemplate - Accept=[application/json, application/x-jackson-smile, application/*+json]
12:03:39.996 [http-nio-auto-102-exec-1] DEBUG org.springframework.web.server.adapter.HttpWebHandlerAdapter - [32ff684f] HTTP GET "/person-response/flux"
12:03:39.997 [http-nio-auto-102-exec-1] DEBUG org.springframework.web.reactive.result.method.annotation.RequestMappingHandlerMapping - [32ff684f] Mapped to public reactor.core.publisher.Flux<org.springframework.web.reactive.result.method.annotation.RequestMappingMessageConversionIntegrationTests$Person> org.springframework.web.reactive.result.method.annotation.RequestMappingMessageConversionIntegrationTests$PersonResponseBodyController.getFlux()
12:03:39.997 [http-nio-auto-102-exec-1] DEBUG org.springframework.web.reactive.result.method.annotation.ResponseBodyResultHandler - Using 'application/json;charset=UTF-8' given [application/json] and supported [application/json;charset=UTF-8, application/*+json;charset=UTF-8, application/x-jackson-smile;charset=UTF-8, application/*+x-jackson-smile;charset=UTF-8, application/xml, text/xml, text/event-stream]
12:03:39.997 [http-nio-auto-102-exec-1] DEBUG org.springframework.web.reactive.result.method.annotation.ResponseBodyResultHandler - [32ff684f] 0..N [org.springframework.web.reactive.result.method.annotation.RequestMappingMessageConversionIntegrationTests$Person]
12:03:39.997 [http-nio-auto-102-exec-1] DEBUG org.springframework.http.codec.json.Jackson2JsonEncoder - [32ff684f] Encoding [[Person{name='Robert'}, Person{name='Marie'}]]
12:03:39.997 [http-nio-auto-102-exec-1] DEBUG org.springframework.web.server.adapter.HttpWebHandlerAdapter - [32ff684f] Completed 200 OK
12:03:39.998 [Test worker] DEBUG org.springframework.web.client.RestTemplate - Response 200 OK
12:03:39.998 [Test worker] DEBUG org.springframework.web.client.RestTemplate - Reading to [java.util.List<org.springframework.web.reactive.result.method.annotation.RequestMappingMessageConversionIntegrationTests$Person>]
12:03:39.998 [Test worker] DEBUG org.springframework.http.server.reactive.bootstrap.TomcatHttpServer - Stopping TomcatHttpServer...
12:03:40.052 [Test worker] DEBUG org.springframework.http.server.reactive.bootstrap.TomcatHttpServer - Server stopped (0 millis).
12:03:40.160 [Test worker] DEBUG org.springframework.web.reactive.result.method.annotation.RequestMappingHandlerMapping - 37 mappings in 'requestMappingHandlerMapping'
12:03:40.204 [Test worker] DEBUG org.springframework.web.reactive.result.method.annotation.ControllerMethodResolver - ControllerAdvice beans: none
12:03:40.277 [Test worker] DEBUG org.springframework.web.server.adapter.HttpWebHandlerAdapter - enableLoggingRequestDetails='false': form data and headers will be masked to prevent unsafe logging of potentially sensitive data
12:03:40.278 [Test worker] DEBUG org.springframework.http.server.reactive.bootstrap.TomcatHttpServer - Starting TomcatHttpServer...
12:03:40.285 [Test worker] DEBUG org.springframework.http.server.reactive.bootstrap.TomcatHttpServer - Server started on port 53100(0 millis).
12:03:40.285 [Test worker] DEBUG org.springframework.web.client.RestTemplate - HTTP GET http://localhost:53100/person-response/list
12:03:40.285 [Test worker] DEBUG org.springframework.web.client.RestTemplate - Accept=[application/json, application/x-jackson-smile, application/*+json]
12:03:40.286 [http-nio-auto-103-exec-1] DEBUG org.springframework.web.server.adapter.HttpWebHandlerAdapter - [2d271737] HTTP GET "/person-response/list"
12:03:40.286 [http-nio-auto-103-exec-1] DEBUG org.springframework.web.reactive.result.method.annotation.RequestMappingHandlerMapping - [2d271737] Mapped to public java.util.List<org.springframework.web.reactive.result.method.annotation.RequestMappingMessageConversionIntegrationTests$Person> org.springframework.web.reactive.result.method.annotation.RequestMappingMessageConversionIntegrationTests$PersonResponseBodyController.getList()
12:03:40.287 [http-nio-auto-103-exec-1] DEBUG org.springframework.web.reactive.result.method.annotation.ResponseBodyResultHandler - Using 'application/json;charset=UTF-8' given [application/json] and supported [application/json;charset=UTF-8, application/*+json;charset=UTF-8, application/x-jackson-smile;charset=UTF-8, application/*+x-jackson-smile;charset=UTF-8, text/event-stream]
12:03:40.287 [http-nio-auto-103-exec-1] DEBUG org.springframework.web.reactive.result.method.annotation.ResponseBodyResultHandler - [2d271737] 0..1 [java.util.List<org.springframework.web.reactive.result.method.annotation.RequestMappingMessageConversionIntegrationTests$Person>]
12:03:40.287 [http-nio-auto-103-exec-1] DEBUG org.springframework.http.codec.json.Jackson2JsonEncoder - [2d271737] Encoding [[Person{name='Robert'}, Person{name='Marie'}]]
12:03:40.287 [http-nio-auto-103-exec-1] DEBUG org.springframework.web.server.adapter.HttpWebHandlerAdapter - [2d271737] Completed 200 OK
12:03:40.287 [Test worker] DEBUG org.springframework.web.client.RestTemplate - Response 200 OK
12:03:40.287 [Test worker] DEBUG org.springframework.web.client.RestTemplate - Reading to [java.util.List<org.springframework.web.reactive.result.method.annotation.RequestMappingMessageConversionIntegrationTests$Person>]
12:03:40.288 [Test worker] DEBUG org.springframework.http.server.reactive.bootstrap.TomcatHttpServer - Stopping TomcatHttpServer...
12:03:40.341 [Test worker] DEBUG org.springframework.http.server.reactive.bootstrap.TomcatHttpServer - Server stopped (0 millis).
12:03:40.443 [Test worker] DEBUG org.springframework.web.reactive.result.method.annotation.RequestMappingHandlerMapping - 37 mappings in 'requestMappingHandlerMapping'
12:03:40.488 [Test worker] DEBUG org.springframework.web.reactive.result.method.annotation.ControllerMethodResolver - ControllerAdvice beans: none
12:03:40.558 [Test worker] DEBUG org.springframework.web.server.adapter.HttpWebHandlerAdapter - enableLoggingRequestDetails='false': form data and headers will be masked to prevent unsafe logging of potentially sensitive data
12:03:40.559 [Test worker] DEBUG org.springframework.http.server.reactive.bootstrap.TomcatHttpServer - Starting TomcatHttpServer...
12:03:40.566 [Test worker] DEBUG org.springframework.http.server.reactive.bootstrap.TomcatHttpServer - Server started on port 53109(0 millis).
12:03:40.566 [Test worker] DEBUG org.springframework.web.client.RestTemplate - HTTP GET http://localhost:53109/person-response/mono
12:03:40.566 [Test worker] DEBUG org.springframework.web.client.RestTemplate - Accept=[application/xml, text/xml, application/json, application/x-jackson-smile, application/*+xml, application/*+json]
12:03:40.567 [http-nio-auto-104-exec-2] DEBUG org.springframework.web.server.adapter.HttpWebHandlerAdapter - [711dda2e] HTTP GET "/person-response/mono"
12:03:40.567 [http-nio-auto-104-exec-2] DEBUG org.springframework.web.reactive.result.method.annotation.RequestMappingHandlerMapping - [711dda2e] Mapped to public reactor.core.publisher.Mono<org.springframework.web.reactive.result.method.annotation.RequestMappingMessageConversionIntegrationTests$Person> org.springframework.web.reactive.result.method.annotation.RequestMappingMessageConversionIntegrationTests$PersonResponseBodyController.getMono()
12:03:40.568 [http-nio-auto-104-exec-2] DEBUG org.springframework.web.reactive.result.method.annotation.ResponseBodyResultHandler - Using 'application/json;charset=UTF-8' given [application/json] and supported [application/json;charset=UTF-8, application/*+json;charset=UTF-8, application/x-jackson-smile;charset=UTF-8, application/*+x-jackson-smile;charset=UTF-8, application/xml, text/xml, text/event-stream]
12:03:40.568 [http-nio-auto-104-exec-2] DEBUG org.springframework.web.reactive.result.method.annotation.ResponseBodyResultHandler - [711dda2e] 0..1 [org.springframework.web.reactive.result.method.annotation.RequestMappingMessageConversionIntegrationTests$Person]
12:03:40.568 [http-nio-auto-104-exec-2] DEBUG org.springframework.http.codec.json.Jackson2JsonEncoder - [711dda2e] Encoding [Person{name='Robert'}]
12:03:40.568 [http-nio-auto-104-exec-2] DEBUG org.springframework.web.server.adapter.HttpWebHandlerAdapter - [711dda2e] Completed 200 OK
12:03:40.568 [Test worker] DEBUG org.springframework.web.client.RestTemplate - Response 200 OK
12:03:40.568 [Test worker] DEBUG org.springframework.web.client.RestTemplate - Reading to [org.springframework.web.reactive.result.method.annotation.RequestMappingMessageConversionIntegrationTests$Person]
12:03:40.568 [Test worker] DEBUG org.springframework.http.server.reactive.bootstrap.TomcatHttpServer - Stopping TomcatHttpServer...
12:03:40.622 [Test worker] DEBUG org.springframework.http.server.reactive.bootstrap.TomcatHttpServer - Server stopped (0 millis).
12:03:40.727 [Test worker] DEBUG org.springframework.web.reactive.result.method.annotation.RequestMappingHandlerMapping - 37 mappings in 'requestMappingHandlerMapping'
12:03:40.771 [Test worker] DEBUG org.springframework.web.reactive.result.method.annotation.ControllerMethodResolver - ControllerAdvice beans: none
12:03:40.841 [Test worker] DEBUG org.springframework.web.server.adapter.HttpWebHandlerAdapter - enableLoggingRequestDetails='false': form data and headers will be masked to prevent unsafe logging of potentially sensitive data
12:03:40.842 [Test worker] DEBUG org.springframework.http.server.reactive.bootstrap.TomcatHttpServer - Starting TomcatHttpServer...
12:03:40.848 [Test worker] DEBUG org.springframework.http.server.reactive.bootstrap.TomcatHttpServer - Server started on port 53118(0 millis).
12:03:40.848 [Test worker] DEBUG org.springframework.web.client.RestTemplate - HTTP POST http://localhost:53118/person-transform/observable
12:03:40.849 [Test worker] DEBUG org.springframework.web.client.RestTemplate - Accept=[application/json, application/x-jackson-smile, application/*+json]
12:03:40.849 [Test worker] DEBUG org.springframework.web.client.RestTemplate - Writing [[Person{name='Robert'}, Person{name='Marie'}]] as "application/json"
12:03:40.850 [http-nio-auto-105-exec-1] DEBUG org.springframework.web.server.adapter.HttpWebHandlerAdapter - [4dd1b932] HTTP POST "/person-transform/observable"
12:03:40.850 [http-nio-auto-105-exec-1] DEBUG org.springframework.web.reactive.result.method.annotation.RequestMappingHandlerMapping - [4dd1b932] Mapped to public rx.Observable<org.springframework.web.reactive.result.method.annotation.RequestMappingMessageConversionIntegrationTests$Person> org.springframework.web.reactive.result.method.annotation.RequestMappingMessageConversionIntegrationTests$PersonTransformationController.transformObservable(rx.Observable<org.springframework.web.reactive.result.method.annotation.RequestMappingMessageConversionIntegrationTests$Person>)
12:03:40.850 [http-nio-auto-105-exec-1] DEBUG org.springframework.web.reactive.result.method.annotation.RequestBodyArgumentResolver - [4dd1b932] Content-Type:application/json
12:03:40.850 [http-nio-auto-105-exec-1] DEBUG org.springframework.web.reactive.result.method.annotation.RequestBodyArgumentResolver - [4dd1b932] 0..N [org.springframework.web.reactive.result.method.annotation.RequestMappingMessageConversionIntegrationTests$Person]
12:03:40.851 [http-nio-auto-105-exec-1] DEBUG org.springframework.web.reactive.result.method.annotation.ResponseBodyResultHandler - Using 'application/json;charset=UTF-8' given [application/json] and supported [application/json;charset=UTF-8, application/*+json;charset=UTF-8, application/x-jackson-smile;charset=UTF-8, application/*+x-jackson-smile;charset=UTF-8, application/xml, text/xml, text/event-stream]
12:03:40.851 [http-nio-auto-105-exec-1] DEBUG org.springframework.web.reactive.result.method.annotation.ResponseBodyResultHandler - [4dd1b932] 0..N [org.springframework.web.reactive.result.method.annotation.RequestMappingMessageConversionIntegrationTests$Person]
12:03:40.851 [http-nio-auto-105-exec-1] DEBUG org.springframework.http.codec.json.Jackson2JsonDecoder - [4dd1b932] Decoded [Person{name='Robert'}]
12:03:40.851 [http-nio-auto-105-exec-1] DEBUG org.springframework.http.codec.json.Jackson2JsonDecoder - [4dd1b932] Decoded [Person{name='Marie'}]
12:03:40.851 [http-nio-auto-105-exec-1] DEBUG org.springframework.http.codec.json.Jackson2JsonEncoder - [4dd1b932] Encoding [[Person{name='ROBERT'}, Person{name='MARIE'}]]
12:03:40.851 [http-nio-auto-105-exec-1] DEBUG org.springframework.web.server.adapter.HttpWebHandlerAdapter - [4dd1b932] Completed 200 OK
12:03:40.851 [Test worker] DEBUG org.springframework.web.client.RestTemplate - Response 200 OK
12:03:40.851 [Test worker] DEBUG org.springframework.web.client.RestTemplate - Reading to [java.util.List<org.springframework.web.reactive.result.method.annotation.RequestMappingMessageConversionIntegrationTests$Person>]
12:03:40.852 [Test worker] DEBUG org.springframework.http.server.reactive.bootstrap.TomcatHttpServer - Stopping TomcatHttpServer...
12:03:40.906 [Test worker] DEBUG org.springframework.http.server.reactive.bootstrap.TomcatHttpServer - Server stopped (0 millis).
12:03:41.011 [Test worker] DEBUG org.springframework.web.reactive.result.method.annotation.RequestMappingHandlerMapping - 37 mappings in 'requestMappingHandlerMapping'
12:03:41.056 [Test worker] DEBUG org.springframework.web.reactive.result.method.annotation.ControllerMethodResolver - ControllerAdvice beans: none
12:03:41.131 [Test worker] DEBUG org.springframework.web.server.adapter.HttpWebHandlerAdapter - enableLoggingRequestDetails='false': form data and headers will be masked to prevent unsafe logging of potentially sensitive data
12:03:41.132 [Test worker] DEBUG org.springframework.http.server.reactive.bootstrap.TomcatHttpServer - Starting TomcatHttpServer...
12:03:41.139 [Test worker] DEBUG org.springframework.http.server.reactive.bootstrap.TomcatHttpServer - Server started on port 53127(0 millis).
12:03:41.139 [Test worker] DEBUG org.springframework.web.client.RestTemplate - HTTP POST http://localhost:53127/person-create/publisher
12:03:41.139 [Test worker] DEBUG org.springframework.web.client.RestTemplate - Accept=[application/json, application/x-jackson-smile, application/*+json]
12:03:41.139 [Test worker] DEBUG org.springframework.web.client.RestTemplate - Writing [[Person{name='Robert'}, Person{name='Marie'}]] as "application/json"
12:03:41.140 [http-nio-auto-106-exec-1] DEBUG org.springframework.web.server.adapter.HttpWebHandlerAdapter - [2c0c17de] HTTP POST "/person-create/publisher"
12:03:41.140 [http-nio-auto-106-exec-1] DEBUG org.springframework.web.reactive.result.method.annotation.RequestMappingHandlerMapping - [2c0c17de] Mapped to public org.reactivestreams.Publisher<java.lang.Void> org.springframework.web.reactive.result.method.annotation.RequestMappingMessageConversionIntegrationTests$PersonCreateController.createWithPublisher(org.reactivestreams.Publisher<org.springframework.web.reactive.result.method.annotation.RequestMappingMessageConversionIntegrationTests$Person>)
12:03:41.141 [http-nio-auto-106-exec-1] DEBUG org.springframework.web.reactive.result.method.annotation.RequestBodyArgumentResolver - [2c0c17de] Content-Type:application/json
12:03:41.141 [http-nio-auto-106-exec-1] DEBUG org.springframework.web.reactive.result.method.annotation.RequestBodyArgumentResolver - [2c0c17de] 0..N [org.springframework.web.reactive.result.method.annotation.RequestMappingMessageConversionIntegrationTests$Person]
12:03:41.141 [http-nio-auto-106-exec-1] DEBUG org.springframework.http.codec.json.Jackson2JsonDecoder - [2c0c17de] Decoded [Person{name='Robert'}]
12:03:41.141 [http-nio-auto-106-exec-1] DEBUG org.springframework.http.codec.json.Jackson2JsonDecoder - [2c0c17de] Decoded [Person{name='Marie'}]
12:03:41.141 [http-nio-auto-106-exec-1] DEBUG org.springframework.web.server.adapter.HttpWebHandlerAdapter - [2c0c17de] Completed 200 OK
12:03:41.142 [Test worker] DEBUG org.springframework.web.client.RestTemplate - Response 200 OK
12:03:41.142 [Test worker] DEBUG org.springframework.http.server.reactive.bootstrap.TomcatHttpServer - Stopping TomcatHttpServer...
12:03:41.194 [Test worker] DEBUG org.springframework.http.server.reactive.bootstrap.TomcatHttpServer - Server stopped (0 millis).
12:03:41.299 [Test worker] DEBUG org.springframework.web.reactive.result.method.annotation.RequestMappingHandlerMapping - 37 mappings in 'requestMappingHandlerMapping'
12:03:41.342 [Test worker] DEBUG org.springframework.web.reactive.result.method.annotation.ControllerMethodResolver - ControllerAdvice beans: none
12:03:41.413 [Test worker] DEBUG org.springframework.web.server.adapter.HttpWebHandlerAdapter - enableLoggingRequestDetails='false': form data and headers will be masked to prevent unsafe logging of potentially sensitive data
12:03:41.413 [Test worker] DEBUG org.springframework.http.server.reactive.bootstrap.TomcatHttpServer - Starting TomcatHttpServer...
12:03:41.420 [Test worker] DEBUG org.springframework.http.server.reactive.bootstrap.TomcatHttpServer - Server started on port 53136(0 millis).
12:03:41.421 [Test worker] DEBUG org.springframework.web.client.RestTemplate - HTTP GET http://localhost:53136/person-response/single
12:03:41.421 [Test worker] DEBUG org.springframework.web.client.RestTemplate - Accept=[application/xml, text/xml, application/json, application/x-jackson-smile, application/*+xml, application/*+json]
12:03:41.422 [http-nio-auto-107-exec-1] DEBUG org.springframework.web.server.adapter.HttpWebHandlerAdapter - [1d1dd7bf] HTTP GET "/person-response/single"
12:03:41.422 [http-nio-auto-107-exec-1] DEBUG org.springframework.web.reactive.result.method.annotation.RequestMappingHandlerMapping - [1d1dd7bf] Mapped to public rx.Single<org.springframework.web.reactive.result.method.annotation.RequestMappingMessageConversionIntegrationTests$Person> org.springframework.web.reactive.result.method.annotation.RequestMappingMessageConversionIntegrationTests$PersonResponseBodyController.getSingle()
12:03:41.422 [http-nio-auto-107-exec-1] DEBUG org.springframework.web.reactive.result.method.annotation.ResponseBodyResultHandler - Using 'application/json;charset=UTF-8' given [application/json] and supported [application/json;charset=UTF-8, application/*+json;charset=UTF-8, application/x-jackson-smile;charset=UTF-8, application/*+x-jackson-smile;charset=UTF-8, application/xml, text/xml, text/event-stream]
12:03:41.422 [http-nio-auto-107-exec-1] DEBUG org.springframework.web.reactive.result.method.annotation.ResponseBodyResultHandler - [1d1dd7bf] 0..1 [org.springframework.web.reactive.result.method.annotation.RequestMappingMessageConversionIntegrationTests$Person]
12:03:41.423 [http-nio-auto-107-exec-1] DEBUG org.springframework.http.codec.json.Jackson2JsonEncoder - [1d1dd7bf] Encoding [Person{name='Robert'}]
12:03:41.423 [http-nio-auto-107-exec-1] DEBUG org.springframework.web.server.adapter.HttpWebHandlerAdapter - [1d1dd7bf] Completed 200 OK
12:03:41.423 [Test worker] DEBUG org.springframework.web.client.RestTemplate - Response 200 OK
12:03:41.423 [Test worker] DEBUG org.springframework.web.client.RestTemplate - Reading to [org.springframework.web.reactive.result.method.annotation.RequestMappingMessageConversionIntegrationTests$Person]
12:03:41.423 [Test worker] DEBUG org.springframework.http.server.reactive.bootstrap.TomcatHttpServer - Stopping TomcatHttpServer...
12:03:41.477 [Test worker] DEBUG org.springframework.http.server.reactive.bootstrap.TomcatHttpServer - Server stopped (0 millis).
12:03:41.583 [Test worker] DEBUG org.springframework.web.reactive.result.method.annotation.RequestMappingHandlerMapping - 37 mappings in 'requestMappingHandlerMapping'
12:03:41.627 [Test worker] DEBUG org.springframework.web.reactive.result.method.annotation.ControllerMethodResolver - ControllerAdvice beans: none
12:03:41.700 [Test worker] DEBUG org.springframework.web.server.adapter.HttpWebHandlerAdapter - enableLoggingRequestDetails='false': form data and headers will be masked to prevent unsafe logging of potentially sensitive data
12:03:41.700 [Test worker] DEBUG org.springframework.http.server.reactive.bootstrap.TomcatHttpServer - Starting TomcatHttpServer...
12:03:41.707 [Test worker] DEBUG org.springframework.http.server.reactive.bootstrap.TomcatHttpServer - Server started on port 53145(0 millis).
12:03:41.707 [Test worker] DEBUG org.springframework.web.client.RestTemplate - HTTP POST http://localhost:53145/person-create/flowable
12:03:41.707 [Test worker] DEBUG org.springframework.web.client.RestTemplate - Accept=[application/json, application/x-jackson-smile, application/*+json]
12:03:41.707 [Test worker] DEBUG org.springframework.web.client.RestTemplate - Writing [[Person{name='Robert'}, Person{name='Marie'}]] as "application/json"
12:03:41.708 [http-nio-auto-108-exec-1] DEBUG org.springframework.web.server.adapter.HttpWebHandlerAdapter - [3ca5e8fb] HTTP POST "/person-create/flowable"
12:03:41.709 [http-nio-auto-108-exec-1] DEBUG org.springframework.web.reactive.result.method.annotation.RequestMappingHandlerMapping - [3ca5e8fb] Mapped to public io.reactivex.Completable org.springframework.web.reactive.result.method.annotation.RequestMappingMessageConversionIntegrationTests$PersonCreateController.createWithFlowable(io.reactivex.Flowable<org.springframework.web.reactive.result.method.annotation.RequestMappingMessageConversionIntegrationTests$Person>)
12:03:41.709 [http-nio-auto-108-exec-1] DEBUG org.springframework.web.reactive.result.method.annotation.RequestBodyArgumentResolver - [3ca5e8fb] Content-Type:application/json
12:03:41.709 [http-nio-auto-108-exec-1] DEBUG org.springframework.web.reactive.result.method.annotation.RequestBodyArgumentResolver - [3ca5e8fb] 0..N [org.springframework.web.reactive.result.method.annotation.RequestMappingMessageConversionIntegrationTests$Person]
12:03:41.709 [http-nio-auto-108-exec-1] DEBUG org.springframework.http.codec.json.Jackson2JsonDecoder - [3ca5e8fb] Decoded [Person{name='Robert'}]
12:03:41.709 [http-nio-auto-108-exec-1] DEBUG org.springframework.http.codec.json.Jackson2JsonDecoder - [3ca5e8fb] Decoded [Person{name='Marie'}]
12:03:41.709 [http-nio-auto-108-exec-1] DEBUG org.springframework.web.server.adapter.HttpWebHandlerAdapter - [3ca5e8fb] Completed 200 OK
12:03:41.710 [Test worker] DEBUG org.springframework.web.client.RestTemplate - Response 200 OK
12:03:41.710 [Test worker] DEBUG org.springframework.http.server.reactive.bootstrap.TomcatHttpServer - Stopping TomcatHttpServer...
12:03:41.763 [Test worker] DEBUG org.springframework.http.server.reactive.bootstrap.TomcatHttpServer - Server stopped (0 millis).
12:03:41.868 [Test worker] DEBUG org.springframework.web.reactive.result.method.annotation.RequestMappingHandlerMapping - 37 mappings in 'requestMappingHandlerMapping'
12:03:41.912 [Test worker] DEBUG org.springframework.web.reactive.result.method.annotation.ControllerMethodResolver - ControllerAdvice beans: none
12:03:41.983 [Test worker] DEBUG org.springframework.web.server.adapter.HttpWebHandlerAdapter - enableLoggingRequestDetails='false': form data and headers will be masked to prevent unsafe logging of potentially sensitive data
12:03:41.983 [Test worker] DEBUG org.springframework.http.server.reactive.bootstrap.TomcatHttpServer - Starting TomcatHttpServer...
12:03:41.990 [Test worker] DEBUG org.springframework.http.server.reactive.bootstrap.TomcatHttpServer - Server started on port 53154(0 millis).
12:03:41.990 [Test worker] DEBUG org.springframework.web.client.RestTemplate - HTTP POST http://localhost:53154/person-create/rxjava2-observable
12:03:41.990 [Test worker] DEBUG org.springframework.web.client.RestTemplate - Accept=[application/json, application/x-jackson-smile, application/*+json]
12:03:41.990 [Test worker] DEBUG org.springframework.web.client.RestTemplate - Writing [org.springframework.web.reactive.result.method.annotation.RequestMappingMessageConversionIntegrationTests$People@2e1b763] as "application/xml"
12:03:41.996 [http-nio-auto-109-exec-1] DEBUG org.springframework.web.server.adapter.HttpWebHandlerAdapter - [68c9233e] HTTP POST "/person-create/rxjava2-observable"
12:03:41.996 [http-nio-auto-109-exec-1] DEBUG org.springframework.web.reactive.result.method.annotation.RequestMappingHandlerMapping - [68c9233e] Mapped to public io.reactivex.Completable org.springframework.web.reactive.result.method.annotation.RequestMappingMessageConversionIntegrationTests$PersonCreateController.createWithRxJava2Observable(io.reactivex.Observable<org.springframework.web.reactive.result.method.annotation.RequestMappingMessageConversionIntegrationTests$Person>)
12:03:41.996 [http-nio-auto-109-exec-1] DEBUG org.springframework.web.reactive.result.method.annotation.RequestBodyArgumentResolver - [68c9233e] Content-Type:application/xml
12:03:41.997 [http-nio-auto-109-exec-1] DEBUG org.springframework.web.reactive.result.method.annotation.RequestBodyArgumentResolver - [68c9233e] 0..N [org.springframework.web.reactive.result.method.annotation.RequestMappingMessageConversionIntegrationTests$Person]
12:03:42.002 [http-nio-auto-109-exec-1] DEBUG org.springframework.http.codec.xml.Jaxb2XmlDecoder - [68c9233e] Decoded [Person{name='Robert'}]
12:03:42.002 [http-nio-auto-109-exec-1] DEBUG org.springframework.http.codec.xml.Jaxb2XmlDecoder - [68c9233e] Decoded [Person{name='Marie'}]
12:03:42.002 [http-nio-auto-109-exec-1] DEBUG org.springframework.web.server.adapter.HttpWebHandlerAdapter - [68c9233e] Completed 200 OK
12:03:42.002 [Test worker] DEBUG org.springframework.web.client.RestTemplate - Response 200 OK
12:03:42.002 [Test worker] DEBUG org.springframework.http.server.reactive.bootstrap.TomcatHttpServer - Stopping TomcatHttpServer...
12:03:42.055 [Test worker] DEBUG org.springframework.http.server.reactive.bootstrap.TomcatHttpServer - Server stopped (0 millis).
12:03:42.163 [Test worker] DEBUG org.springframework.web.reactive.result.method.annotation.RequestMappingHandlerMapping - 37 mappings in 'requestMappingHandlerMapping'
12:03:42.207 [Test worker] DEBUG org.springframework.web.reactive.result.method.annotation.ControllerMethodResolver - ControllerAdvice beans: none
12:03:42.278 [Test worker] DEBUG org.springframework.web.server.adapter.HttpWebHandlerAdapter - enableLoggingRequestDetails='false': form data and headers will be masked to prevent unsafe logging of potentially sensitive data
12:03:42.278 [Test worker] DEBUG org.springframework.http.server.reactive.bootstrap.TomcatHttpServer - Starting TomcatHttpServer...
12:03:42.285 [Test worker] DEBUG org.springframework.http.server.reactive.bootstrap.TomcatHttpServer - Server started on port 53164(0 millis).
12:03:42.286 [Test worker] DEBUG org.springframework.web.client.RestTemplate - HTTP POST http://localhost:53164/person-transform/rxjava2-maybe
12:03:42.286 [Test worker] DEBUG org.springframework.web.client.RestTemplate - Accept=[application/xml, text/xml, application/json, application/x-jackson-smile, application/*+xml, application/*+json]
12:03:42.286 [Test worker] DEBUG org.springframework.web.client.RestTemplate - Writing [Person{name='Robert'}] as "application/json"
12:03:42.287 [http-nio-auto-110-exec-1] DEBUG org.springframework.web.server.adapter.HttpWebHandlerAdapter - [496d9535] HTTP POST "/person-transform/rxjava2-maybe"
12:03:42.287 [http-nio-auto-110-exec-1] DEBUG org.springframework.web.reactive.result.method.annotation.RequestMappingHandlerMapping - [496d9535] Mapped to public io.reactivex.Maybe<org.springframework.web.reactive.result.method.annotation.RequestMappingMessageConversionIntegrationTests$Person> org.springframework.web.reactive.result.method.annotation.RequestMappingMessageConversionIntegrationTests$PersonTransformationController.transformRxJava2Maybe(io.reactivex.Maybe<org.springframework.web.reactive.result.method.annotation.RequestMappingMessageConversionIntegrationTests$Person>)
12:03:42.287 [http-nio-auto-110-exec-1] DEBUG org.springframework.web.reactive.result.method.annotation.RequestBodyArgumentResolver - [496d9535] Content-Type:application/json
12:03:42.288 [http-nio-auto-110-exec-1] DEBUG org.springframework.web.reactive.result.method.annotation.RequestBodyArgumentResolver - [496d9535] 0..1 [org.springframework.web.reactive.result.method.annotation.RequestMappingMessageConversionIntegrationTests$Person]
12:03:42.288 [http-nio-auto-110-exec-1] DEBUG org.springframework.web.reactive.result.method.annotation.ResponseBodyResultHandler - Using 'application/json;charset=UTF-8' given [application/json] and supported [application/json;charset=UTF-8, application/*+json;charset=UTF-8, application/x-jackson-smile;charset=UTF-8, application/*+x-jackson-smile;charset=UTF-8, application/xml, text/xml, text/event-stream]
12:03:42.288 [http-nio-auto-110-exec-1] DEBUG org.springframework.web.reactive.result.method.annotation.ResponseBodyResultHandler - [496d9535] 0..1 [org.springframework.web.reactive.result.method.annotation.RequestMappingMessageConversionIntegrationTests$Person]
12:03:42.288 [http-nio-auto-110-exec-1] DEBUG org.springframework.http.codec.json.Jackson2JsonDecoder - [496d9535] Decoded [Person{name='Robert'}]
12:03:42.288 [http-nio-auto-110-exec-1] DEBUG org.springframework.http.codec.json.Jackson2JsonEncoder - [496d9535] Encoding [Person{name='ROBERT'}]
12:03:42.288 [http-nio-auto-110-exec-1] DEBUG org.springframework.web.server.adapter.HttpWebHandlerAdapter - [496d9535] Completed 200 OK
12:03:42.288 [Test worker] DEBUG org.springframework.web.client.RestTemplate - Response 200 OK
12:03:42.288 [Test worker] DEBUG org.springframework.web.client.RestTemplate - Reading to [org.springframework.web.reactive.result.method.annotation.RequestMappingMessageConversionIntegrationTests$Person]
12:03:42.289 [Test worker] DEBUG org.springframework.http.server.reactive.bootstrap.TomcatHttpServer - Stopping TomcatHttpServer...
12:03:42.351 [Test worker] DEBUG org.springframework.http.server.reactive.bootstrap.TomcatHttpServer - Server stopped (0 millis).
12:03:42.466 [Test worker] DEBUG org.springframework.web.reactive.result.method.annotation.RequestMappingHandlerMapping - 37 mappings in 'requestMappingHandlerMapping'
12:03:42.509 [Test worker] DEBUG org.springframework.web.reactive.result.method.annotation.ControllerMethodResolver - ControllerAdvice beans: none
12:03:42.580 [Test worker] DEBUG org.springframework.web.server.adapter.HttpWebHandlerAdapter - enableLoggingRequestDetails='false': form data and headers will be masked to prevent unsafe logging of potentially sensitive data
12:03:42.580 [Test worker] DEBUG org.springframework.http.server.reactive.bootstrap.TomcatHttpServer - Starting TomcatHttpServer...
12:03:42.587 [Test worker] DEBUG org.springframework.http.server.reactive.bootstrap.TomcatHttpServer - Server started on port 53174(0 millis).
12:03:42.587 [Test worker] DEBUG org.springframework.web.client.RestTemplate - HTTP GET http://localhost:53174/raw-response/flowable
12:03:42.588 [Test worker] DEBUG org.springframework.web.client.RestTemplate - Accept=[text/plain, application/json, application/x-jackson-smile, application/*+json, */*]
12:03:42.589 [http-nio-auto-111-exec-1] DEBUG org.springframework.web.server.adapter.HttpWebHandlerAdapter - [2764191b] HTTP GET "/raw-response/flowable"
12:03:42.589 [http-nio-auto-111-exec-1] DEBUG org.springframework.web.reactive.result.method.annotation.RequestMappingHandlerMapping - [2764191b] Mapped to public io.reactivex.Flowable<java.nio.ByteBuffer> org.springframework.web.reactive.result.method.annotation.RequestMappingMessageConversionIntegrationTests$RawResponseBodyController.getFlowable()
12:03:42.589 [http-nio-auto-111-exec-1] DEBUG org.springframework.web.reactive.result.method.annotation.ResponseBodyResultHandler - Using 'text/plain' given [text/plain, application/json, application/x-jackson-smile, application/*+json, */*] and supported [*/*, application/json;charset=UTF-8, application/*+json;charset=UTF-8, application/x-jackson-smile;charset=UTF-8, application/*+x-jackson-smile;charset=UTF-8, text/event-stream]
12:03:42.589 [http-nio-auto-111-exec-1] DEBUG org.springframework.web.reactive.result.method.annotation.ResponseBodyResultHandler - [2764191b] 0..N [java.nio.ByteBuffer]
12:03:42.589 [http-nio-auto-111-exec-1] DEBUG org.springframework.core.codec.ByteBufferEncoder - [2764191b] Writing 6 bytes
12:03:42.590 [http-nio-auto-111-exec-1] DEBUG org.springframework.web.server.adapter.HttpWebHandlerAdapter - [2764191b] Completed 200 OK
12:03:42.590 [Test worker] DEBUG org.springframework.web.client.RestTemplate - Response 200 OK
12:03:42.590 [Test worker] DEBUG org.springframework.web.client.RestTemplate - Reading to [java.lang.String] as "text/plain"
12:03:42.590 [Test worker] DEBUG org.springframework.http.server.reactive.bootstrap.TomcatHttpServer - Stopping TomcatHttpServer...
12:03:42.643 [Test worker] DEBUG org.springframework.http.server.reactive.bootstrap.TomcatHttpServer - Server stopped (0 millis).
12:03:42.748 [Test worker] DEBUG org.springframework.web.reactive.result.method.annotation.RequestMappingHandlerMapping - 37 mappings in 'requestMappingHandlerMapping'
12:03:42.793 [Test worker] DEBUG org.springframework.web.reactive.result.method.annotation.ControllerMethodResolver - ControllerAdvice beans: none
12:03:42.866 [Test worker] DEBUG org.springframework.web.server.adapter.HttpWebHandlerAdapter - enableLoggingRequestDetails='false': form data and headers will be masked to prevent unsafe logging of potentially sensitive data
12:03:42.866 [Test worker] DEBUG org.springframework.http.server.reactive.bootstrap.TomcatHttpServer - Starting TomcatHttpServer...
12:03:42.873 [Test worker] DEBUG org.springframework.http.server.reactive.bootstrap.TomcatHttpServer - Server started on port 53183(0 millis).
12:03:42.873 [Test worker] DEBUG org.springframework.web.client.RestTemplate - HTTP POST http://localhost:53183/person-transform/flux
12:03:42.874 [Test worker] DEBUG org.springframework.web.client.RestTemplate - Accept=[application/json, application/x-jackson-smile, application/*+json]
12:03:42.874 [Test worker] DEBUG org.springframework.web.client.RestTemplate - Writing [[Person{name='Robert'}, Person{name='Marie'}]] as "application/json"
12:03:42.875 [http-nio-auto-112-exec-2] DEBUG org.springframework.web.server.adapter.HttpWebHandlerAdapter - [155a0480] HTTP POST "/person-transform/flux"
12:03:42.875 [http-nio-auto-112-exec-2] DEBUG org.springframework.web.reactive.result.method.annotation.RequestMappingHandlerMapping - [155a0480] Mapped to public reactor.core.publisher.Flux<org.springframework.web.reactive.result.method.annotation.RequestMappingMessageConversionIntegrationTests$Person> org.springframework.web.reactive.result.method.annotation.RequestMappingMessageConversionIntegrationTests$PersonTransformationController.transformFlux(reactor.core.publisher.Flux<org.springframework.web.reactive.result.method.annotation.RequestMappingMessageConversionIntegrationTests$Person>)
12:03:42.875 [http-nio-auto-112-exec-2] DEBUG org.springframework.web.reactive.result.method.annotation.RequestBodyArgumentResolver - [155a0480] Content-Type:application/json
12:03:42.875 [http-nio-auto-112-exec-2] DEBUG org.springframework.web.reactive.result.method.annotation.RequestBodyArgumentResolver - [155a0480] 0..N [org.springframework.web.reactive.result.method.annotation.RequestMappingMessageConversionIntegrationTests$Person]
12:03:42.876 [http-nio-auto-112-exec-2] DEBUG org.springframework.web.reactive.result.method.annotation.ResponseBodyResultHandler - Using 'application/json;charset=UTF-8' given [application/json] and supported [application/json;charset=UTF-8, application/*+json;charset=UTF-8, application/x-jackson-smile;charset=UTF-8, application/*+x-jackson-smile;charset=UTF-8, application/xml, text/xml, text/event-stream]
12:03:42.876 [http-nio-auto-112-exec-2] DEBUG org.springframework.web.reactive.result.method.annotation.ResponseBodyResultHandler - [155a0480] 0..N [org.springframework.web.reactive.result.method.annotation.RequestMappingMessageConversionIntegrationTests$Person]
12:03:42.876 [http-nio-auto-112-exec-2] DEBUG org.springframework.http.codec.json.Jackson2JsonDecoder - [155a0480] Decoded [Person{name='Robert'}]
12:03:42.876 [http-nio-auto-112-exec-2] DEBUG org.springframework.http.codec.json.Jackson2JsonDecoder - [155a0480] Decoded [Person{name='Marie'}]
12:03:42.876 [http-nio-auto-112-exec-2] DEBUG org.springframework.http.codec.json.Jackson2JsonEncoder - [155a0480] Encoding [[Person{name='ROBERT'}, Person{name='MARIE'}]]
12:03:42.876 [http-nio-auto-112-exec-2] DEBUG org.springframework.web.server.adapter.HttpWebHandlerAdapter - [155a0480] Completed 200 OK
12:03:42.876 [Test worker] DEBUG org.springframework.web.client.RestTemplate - Response 200 OK
12:03:42.876 [Test worker] DEBUG org.springframework.web.client.RestTemplate - Reading to [java.util.List<org.springframework.web.reactive.result.method.annotation.RequestMappingMessageConversionIntegrationTests$Person>]
12:03:42.877 [Test worker] DEBUG org.springframework.http.server.reactive.bootstrap.TomcatHttpServer - Stopping TomcatHttpServer...
12:03:42.929 [Test worker] DEBUG org.springframework.http.server.reactive.bootstrap.TomcatHttpServer - Server stopped (0 millis).
12:03:43.037 [Test worker] DEBUG org.springframework.web.reactive.result.method.annotation.RequestMappingHandlerMapping - 37 mappings in 'requestMappingHandlerMapping'
12:03:43.080 [Test worker] DEBUG org.springframework.web.reactive.result.method.annotation.ControllerMethodResolver - ControllerAdvice beans: none
12:03:43.151 [Test worker] DEBUG org.springframework.web.server.adapter.HttpWebHandlerAdapter - enableLoggingRequestDetails='false': form data and headers will be masked to prevent unsafe logging of potentially sensitive data
12:03:43.152 [Test worker] DEBUG org.springframework.http.server.reactive.bootstrap.TomcatHttpServer - Starting TomcatHttpServer...
12:03:43.158 [Test worker] DEBUG org.springframework.http.server.reactive.bootstrap.TomcatHttpServer - Server started on port 53192(0 millis).
12:03:43.159 [Test worker] DEBUG org.springframework.web.client.RestTemplate - HTTP POST http://localhost:53192/person-transform/mono
12:03:43.159 [Test worker] DEBUG org.springframework.web.client.RestTemplate - Accept=[application/xml, text/xml, application/json, application/x-jackson-smile, application/*+xml, application/*+json]
12:03:43.159 [Test worker] DEBUG org.springframework.web.client.RestTemplate - Writing [Person{name='Robert'}] as "application/json"
12:03:43.160 [http-nio-auto-113-exec-1] DEBUG org.springframework.web.server.adapter.HttpWebHandlerAdapter - [45f21488] HTTP POST "/person-transform/mono"
12:03:43.160 [http-nio-auto-113-exec-1] DEBUG org.springframework.web.reactive.result.method.annotation.RequestMappingHandlerMapping - [45f21488] Mapped to public reactor.core.publisher.Mono<org.springframework.web.reactive.result.method.annotation.RequestMappingMessageConversionIntegrationTests$Person> org.springframework.web.reactive.result.method.annotation.RequestMappingMessageConversionIntegrationTests$PersonTransformationController.transformMono(reactor.core.publisher.Mono<org.springframework.web.reactive.result.method.annotation.RequestMappingMessageConversionIntegrationTests$Person>)
12:03:43.161 [http-nio-auto-113-exec-1] DEBUG org.springframework.web.reactive.result.method.annotation.RequestBodyArgumentResolver - [45f21488] Content-Type:application/json
12:03:43.161 [http-nio-auto-113-exec-1] DEBUG org.springframework.web.reactive.result.method.annotation.RequestBodyArgumentResolver - [45f21488] 0..1 [org.springframework.web.reactive.result.method.annotation.RequestMappingMessageConversionIntegrationTests$Person]
12:03:43.161 [http-nio-auto-113-exec-1] DEBUG org.springframework.web.reactive.result.method.annotation.ResponseBodyResultHandler - Using 'application/json;charset=UTF-8' given [application/json] and supported [application/json;charset=UTF-8, application/*+json;charset=UTF-8, application/x-jackson-smile;charset=UTF-8, application/*+x-jackson-smile;charset=UTF-8, application/xml, text/xml, text/event-stream]
12:03:43.161 [http-nio-auto-113-exec-1] DEBUG org.springframework.web.reactive.result.method.annotation.ResponseBodyResultHandler - [45f21488] 0..1 [org.springframework.web.reactive.result.method.annotation.RequestMappingMessageConversionIntegrationTests$Person]
12:03:43.161 [http-nio-auto-113-exec-1] DEBUG org.springframework.http.codec.json.Jackson2JsonDecoder - [45f21488] Decoded [Person{name='Robert'}]
12:03:43.161 [http-nio-auto-113-exec-1] DEBUG org.springframework.http.codec.json.Jackson2JsonEncoder - [45f21488] Encoding [Person{name='ROBERT'}]
12:03:43.161 [http-nio-auto-113-exec-1] DEBUG org.springframework.web.server.adapter.HttpWebHandlerAdapter - [45f21488] Completed 200 OK
12:03:43.161 [Test worker] DEBUG org.springframework.web.client.RestTemplate - Response 200 OK
12:03:43.162 [Test worker] DEBUG org.springframework.web.client.RestTemplate - Reading to [org.springframework.web.reactive.result.method.annotation.RequestMappingMessageConversionIntegrationTests$Person]
12:03:43.162 [Test worker] DEBUG org.springframework.http.server.reactive.bootstrap.TomcatHttpServer - Stopping TomcatHttpServer...
12:03:43.214 [Test worker] DEBUG org.springframework.http.server.reactive.bootstrap.TomcatHttpServer - Server stopped (0 millis).
12:03:43.319 [Test worker] DEBUG org.springframework.web.reactive.result.method.annotation.RequestMappingHandlerMapping - 37 mappings in 'requestMappingHandlerMapping'
12:03:43.363 [Test worker] DEBUG org.springframework.web.reactive.result.method.annotation.ControllerMethodResolver - ControllerAdvice beans: none
12:03:43.433 [Test worker] DEBUG org.springframework.web.server.adapter.HttpWebHandlerAdapter - enableLoggingRequestDetails='false': form data and headers will be masked to prevent unsafe logging of potentially sensitive data
12:03:43.434 [Test worker] DEBUG org.springframework.http.server.reactive.bootstrap.TomcatHttpServer - Starting TomcatHttpServer...
12:03:43.441 [Test worker] DEBUG org.springframework.http.server.reactive.bootstrap.TomcatHttpServer - Server started on port 53201(0 millis).
12:03:43.441 [Test worker] DEBUG org.springframework.web.client.RestTemplate - HTTP POST http://localhost:53201/person-transform/person
12:03:43.441 [Test worker] DEBUG org.springframework.web.client.RestTemplate - Accept=[application/xml, text/xml, application/json, application/x-jackson-smile, application/*+xml, application/*+json]
12:03:43.441 [Test worker] DEBUG org.springframework.web.client.RestTemplate - Writing [Person{name='Robert'}] as "application/json"
12:03:43.442 [http-nio-auto-114-exec-1] DEBUG org.springframework.web.server.adapter.HttpWebHandlerAdapter - [6a28c51] HTTP POST "/person-transform/person"
12:03:43.442 [http-nio-auto-114-exec-1] DEBUG org.springframework.web.reactive.result.method.annotation.RequestMappingHandlerMapping - [6a28c51] Mapped to public org.springframework.web.reactive.result.method.annotation.RequestMappingMessageConversionIntegrationTests$Person org.springframework.web.reactive.result.method.annotation.RequestMappingMessageConversionIntegrationTests$PersonTransformationController.transformPerson(org.springframework.web.reactive.result.method.annotation.RequestMappingMessageConversionIntegrationTests$Person)
12:03:43.443 [http-nio-auto-114-exec-1] DEBUG org.springframework.web.reactive.result.method.annotation.RequestBodyArgumentResolver - [6a28c51] Content-Type:application/json
12:03:43.443 [http-nio-auto-114-exec-1] DEBUG org.springframework.web.reactive.result.method.annotation.RequestBodyArgumentResolver - [6a28c51] 0..1 [org.springframework.web.reactive.result.method.annotation.RequestMappingMessageConversionIntegrationTests$Person]
12:03:43.443 [http-nio-auto-114-exec-1] DEBUG org.springframework.http.codec.json.Jackson2JsonDecoder - [6a28c51] Decoded [Person{name='Robert'}]
12:03:43.443 [http-nio-auto-114-exec-1] DEBUG org.springframework.web.reactive.result.method.annotation.ResponseBodyResultHandler - Using 'application/json;charset=UTF-8' given [application/json] and supported [application/json;charset=UTF-8, application/*+json;charset=UTF-8, application/x-jackson-smile;charset=UTF-8, application/*+x-jackson-smile;charset=UTF-8, application/xml, text/xml, text/event-stream]
12:03:43.443 [http-nio-auto-114-exec-1] DEBUG org.springframework.web.reactive.result.method.annotation.ResponseBodyResultHandler - [6a28c51] 0..1 [org.springframework.web.reactive.result.method.annotation.RequestMappingMessageConversionIntegrationTests$Person]
12:03:43.443 [http-nio-auto-114-exec-1] DEBUG org.springframework.http.codec.json.Jackson2JsonEncoder - [6a28c51] Encoding [Person{name='ROBERT'}]
12:03:43.444 [http-nio-auto-114-exec-1] DEBUG org.springframework.web.server.adapter.HttpWebHandlerAdapter - [6a28c51] Completed 200 OK
12:03:43.444 [Test worker] DEBUG org.springframework.web.client.RestTemplate - Response 200 OK
12:03:43.444 [Test worker] DEBUG org.springframework.web.client.RestTemplate - Reading to [org.springframework.web.reactive.result.method.annotation.RequestMappingMessageConversionIntegrationTests$Person]
12:03:43.444 [Test worker] DEBUG org.springframework.http.server.reactive.bootstrap.TomcatHttpServer - Stopping TomcatHttpServer...
12:03:43.496 [Test worker] DEBUG org.springframework.http.server.reactive.bootstrap.TomcatHttpServer - Server stopped (0 millis).
12:03:43.600 [Test worker] DEBUG org.springframework.web.reactive.result.method.annotation.RequestMappingHandlerMapping - 37 mappings in 'requestMappingHandlerMapping'
12:03:43.643 [Test worker] DEBUG org.springframework.web.reactive.result.method.annotation.ControllerMethodResolver - ControllerAdvice beans: none
12:03:43.714 [Test worker] DEBUG org.springframework.web.server.adapter.HttpWebHandlerAdapter - enableLoggingRequestDetails='false': form data and headers will be masked to prevent unsafe logging of potentially sensitive data
12:03:43.715 [Test worker] DEBUG org.springframework.http.server.reactive.bootstrap.TomcatHttpServer - Starting TomcatHttpServer...
12:03:43.722 [Test worker] DEBUG org.springframework.http.server.reactive.bootstrap.TomcatHttpServer - Server started on port 53210(0 millis).
12:03:43.722 [Test worker] DEBUG org.springframework.web.client.RestTemplate - HTTP POST http://localhost:53210/person-transform/mono
12:03:43.722 [Test worker] DEBUG org.springframework.web.client.RestTemplate - Accept=[application/xml, text/xml, application/json, application/x-jackson-smile, application/*+xml, application/*+json]
12:03:43.722 [Test worker] DEBUG org.springframework.web.client.RestTemplate - Writing [Person{name='Robert'}] as "application/xml"
12:03:43.727 [http-nio-auto-115-exec-1] DEBUG org.springframework.web.server.adapter.HttpWebHandlerAdapter - [3f84d471] HTTP POST "/person-transform/mono"
12:03:43.728 [http-nio-auto-115-exec-1] DEBUG org.springframework.web.reactive.result.method.annotation.RequestMappingHandlerMapping - [3f84d471] Mapped to public reactor.core.publisher.Mono<org.springframework.web.reactive.result.method.annotation.RequestMappingMessageConversionIntegrationTests$Person> org.springframework.web.reactive.result.method.annotation.RequestMappingMessageConversionIntegrationTests$PersonTransformationController.transformMono(reactor.core.publisher.Mono<org.springframework.web.reactive.result.method.annotation.RequestMappingMessageConversionIntegrationTests$Person>)
12:03:43.728 [http-nio-auto-115-exec-1] DEBUG org.springframework.web.reactive.result.method.annotation.RequestBodyArgumentResolver - [3f84d471] Content-Type:application/xml
12:03:43.728 [http-nio-auto-115-exec-1] DEBUG org.springframework.web.reactive.result.method.annotation.RequestBodyArgumentResolver - [3f84d471] 0..1 [org.springframework.web.reactive.result.method.annotation.RequestMappingMessageConversionIntegrationTests$Person]
12:03:43.728 [http-nio-auto-115-exec-1] DEBUG org.springframework.web.reactive.result.method.annotation.ResponseBodyResultHandler - Using 'application/xml' given [application/xml] and supported [application/json;charset=UTF-8, application/*+json;charset=UTF-8, application/x-jackson-smile;charset=UTF-8, application/*+x-jackson-smile;charset=UTF-8, application/xml, text/xml, text/event-stream]
12:03:43.728 [http-nio-auto-115-exec-1] DEBUG org.springframework.web.reactive.result.method.annotation.ResponseBodyResultHandler - [3f84d471] 0..1 [org.springframework.web.reactive.result.method.annotation.RequestMappingMessageConversionIntegrationTests$Person]
12:03:43.733 [http-nio-auto-115-exec-1] DEBUG org.springframework.http.codec.xml.Jaxb2XmlDecoder - [3f84d471] Decoded [Person{name='Robert'}]
12:03:43.733 [http-nio-auto-115-exec-1] DEBUG org.springframework.http.codec.xml.Jaxb2XmlEncoder - [3f84d471] Encoding [Person{name='ROBERT'}]
12:03:43.737 [http-nio-auto-115-exec-1] DEBUG org.springframework.web.server.adapter.HttpWebHandlerAdapter - [3f84d471] Completed 200 OK
12:03:43.737 [Test worker] DEBUG org.springframework.web.client.RestTemplate - Response 200 OK
12:03:43.737 [Test worker] DEBUG org.springframework.web.client.RestTemplate - Reading to [org.springframework.web.reactive.result.method.annotation.RequestMappingMessageConversionIntegrationTests$Person] as "application/xml"
12:03:43.738 [Test worker] DEBUG org.springframework.http.server.reactive.bootstrap.TomcatHttpServer - Stopping TomcatHttpServer...
12:03:43.792 [Test worker] DEBUG org.springframework.http.server.reactive.bootstrap.TomcatHttpServer - Server stopped (0 millis).
12:03:43.900 [Test worker] DEBUG org.springframework.web.reactive.result.method.annotation.RequestMappingHandlerMapping - 37 mappings in 'requestMappingHandlerMapping'
12:03:43.943 [Test worker] DEBUG org.springframework.web.reactive.result.method.annotation.ControllerMethodResolver - ControllerAdvice beans: none
12:03:44.015 [Test worker] DEBUG org.springframework.web.server.adapter.HttpWebHandlerAdapter - enableLoggingRequestDetails='false': form data and headers will be masked to prevent unsafe logging of potentially sensitive data
12:03:44.015 [Test worker] DEBUG org.springframework.http.server.reactive.bootstrap.TomcatHttpServer - Starting TomcatHttpServer...
12:03:44.022 [Test worker] DEBUG org.springframework.http.server.reactive.bootstrap.TomcatHttpServer - Server started on port 53219(0 millis).
12:03:44.022 [Test worker] DEBUG org.springframework.web.client.RestTemplate - HTTP GET http://localhost:53219/person-response/observable
12:03:44.022 [Test worker] DEBUG org.springframework.web.client.RestTemplate - Accept=[application/json, application/x-jackson-smile, application/*+json]
12:03:44.024 [http-nio-auto-116-exec-1] DEBUG org.springframework.web.server.adapter.HttpWebHandlerAdapter - [46751f5d] HTTP GET "/person-response/observable"
12:03:44.024 [http-nio-auto-116-exec-1] DEBUG org.springframework.web.reactive.result.method.annotation.RequestMappingHandlerMapping - [46751f5d] Mapped to public rx.Observable<org.springframework.web.reactive.result.method.annotation.RequestMappingMessageConversionIntegrationTests$Person> org.springframework.web.reactive.result.method.annotation.RequestMappingMessageConversionIntegrationTests$PersonResponseBodyController.getObservable()
12:03:44.024 [http-nio-auto-116-exec-1] DEBUG org.springframework.web.reactive.result.method.annotation.ResponseBodyResultHandler - Using 'application/json;charset=UTF-8' given [application/json] and supported [application/json;charset=UTF-8, application/*+json;charset=UTF-8, application/x-jackson-smile;charset=UTF-8, application/*+x-jackson-smile;charset=UTF-8, application/xml, text/xml, text/event-stream]
12:03:44.024 [http-nio-auto-116-exec-1] DEBUG org.springframework.web.reactive.result.method.annotation.ResponseBodyResultHandler - [46751f5d] 0..N [org.springframework.web.reactive.result.method.annotation.RequestMappingMessageConversionIntegrationTests$Person]
12:03:44.024 [http-nio-auto-116-exec-1] DEBUG org.springframework.http.codec.json.Jackson2JsonEncoder - [46751f5d] Encoding [[Person{name='Robert'}, Person{name='Marie'}]]
12:03:44.025 [http-nio-auto-116-exec-1] DEBUG org.springframework.web.server.adapter.HttpWebHandlerAdapter - [46751f5d] Completed 200 OK
12:03:44.025 [Test worker] DEBUG org.springframework.web.client.RestTemplate - Response 200 OK
12:03:44.025 [Test worker] DEBUG org.springframework.web.client.RestTemplate - Reading to [java.util.List<org.springframework.web.reactive.result.method.annotation.RequestMappingMessageConversionIntegrationTests$Person>]
12:03:44.025 [Test worker] DEBUG org.springframework.http.server.reactive.bootstrap.TomcatHttpServer - Stopping TomcatHttpServer...
12:03:44.086 [Test worker] DEBUG org.springframework.http.server.reactive.bootstrap.TomcatHttpServer - Server stopped (0 millis).
12:03:44.197 [Test worker] DEBUG org.springframework.web.reactive.result.method.annotation.RequestMappingHandlerMapping - 37 mappings in 'requestMappingHandlerMapping'
12:03:44.240 [Test worker] DEBUG org.springframework.web.reactive.result.method.annotation.ControllerMethodResolver - ControllerAdvice beans: none
12:03:44.311 [Test worker] DEBUG org.springframework.web.server.adapter.HttpWebHandlerAdapter - enableLoggingRequestDetails='false': form data and headers will be masked to prevent unsafe logging of potentially sensitive data
12:03:44.311 [Test worker] DEBUG org.springframework.http.server.reactive.bootstrap.TomcatHttpServer - Starting TomcatHttpServer...
12:03:44.319 [Test worker] DEBUG org.springframework.http.server.reactive.bootstrap.TomcatHttpServer - Server started on port 53228(0 millis).
12:03:44.319 [Test worker] DEBUG org.springframework.web.client.RestTemplate - HTTP POST http://localhost:53228/person-transform/rxjava2-single
12:03:44.320 [Test worker] DEBUG org.springframework.web.client.RestTemplate - Accept=[application/xml, text/xml, application/json, application/x-jackson-smile, application/*+xml, application/*+json]
12:03:44.320 [Test worker] DEBUG org.springframework.web.client.RestTemplate - Writing [Person{name='Robert'}] as "application/json"
12:03:44.321 [http-nio-auto-117-exec-1] DEBUG org.springframework.web.server.adapter.HttpWebHandlerAdapter - [ac46659] HTTP POST "/person-transform/rxjava2-single"
12:03:44.321 [http-nio-auto-117-exec-1] DEBUG org.springframework.web.reactive.result.method.annotation.RequestMappingHandlerMapping - [ac46659] Mapped to public io.reactivex.Single<org.springframework.web.reactive.result.method.annotation.RequestMappingMessageConversionIntegrationTests$Person> org.springframework.web.reactive.result.method.annotation.RequestMappingMessageConversionIntegrationTests$PersonTransformationController.transformRxJava2Single(io.reactivex.Single<org.springframework.web.reactive.result.method.annotation.RequestMappingMessageConversionIntegrationTests$Person>)
12:03:44.321 [http-nio-auto-117-exec-1] DEBUG org.springframework.web.reactive.result.method.annotation.RequestBodyArgumentResolver - [ac46659] Content-Type:application/json
12:03:44.321 [http-nio-auto-117-exec-1] DEBUG org.springframework.web.reactive.result.method.annotation.RequestBodyArgumentResolver - [ac46659] 0..1 [org.springframework.web.reactive.result.method.annotation.RequestMappingMessageConversionIntegrationTests$Person]
12:03:44.322 [http-nio-auto-117-exec-1] DEBUG org.springframework.web.reactive.result.method.annotation.ResponseBodyResultHandler - Using 'application/json;charset=UTF-8' given [application/json] and supported [application/json;charset=UTF-8, application/*+json;charset=UTF-8, application/x-jackson-smile;charset=UTF-8, application/*+x-jackson-smile;charset=UTF-8, application/xml, text/xml, text/event-stream]
12:03:44.322 [http-nio-auto-117-exec-1] DEBUG org.springframework.web.reactive.result.method.annotation.ResponseBodyResultHandler - [ac46659] 0..1 [org.springframework.web.reactive.result.method.annotation.RequestMappingMessageConversionIntegrationTests$Person]
12:03:44.322 [http-nio-auto-117-exec-1] DEBUG org.springframework.http.codec.json.Jackson2JsonDecoder - [ac46659] Decoded [Person{name='Robert'}]
12:03:44.322 [http-nio-auto-117-exec-1] DEBUG org.springframework.http.codec.json.Jackson2JsonEncoder - [ac46659] Encoding [Person{name='ROBERT'}]
12:03:44.328 [http-nio-auto-117-exec-1] DEBUG org.springframework.web.server.adapter.HttpWebHandlerAdapter - [ac46659] Completed 200 OK
12:03:44.328 [Test worker] DEBUG org.springframework.web.client.RestTemplate - Response 200 OK
12:03:44.328 [Test worker] DEBUG org.springframework.web.client.RestTemplate - Reading to [org.springframework.web.reactive.result.method.annotation.RequestMappingMessageConversionIntegrationTests$Person]
12:03:44.328 [Test worker] DEBUG org.springframework.http.server.reactive.bootstrap.TomcatHttpServer - Stopping TomcatHttpServer...
12:03:44.382 [Test worker] DEBUG org.springframework.http.server.reactive.bootstrap.TomcatHttpServer - Server stopped (0 millis).
12:03:44.486 [Test worker] DEBUG org.springframework.web.reactive.result.method.annotation.RequestMappingHandlerMapping - 37 mappings in 'requestMappingHandlerMapping'
12:03:44.529 [Test worker] DEBUG org.springframework.web.reactive.result.method.annotation.ControllerMethodResolver - ControllerAdvice beans: none
12:03:44.600 [Test worker] DEBUG org.springframework.web.server.adapter.HttpWebHandlerAdapter - enableLoggingRequestDetails='false': form data and headers will be masked to prevent unsafe logging of potentially sensitive data
12:03:44.601 [Test worker] DEBUG org.springframework.http.server.reactive.bootstrap.TomcatHttpServer - Starting TomcatHttpServer...
12:03:44.608 [Test worker] DEBUG org.springframework.http.server.reactive.bootstrap.TomcatHttpServer - Server started on port 53237(0 millis).
12:03:44.608 [Test worker] DEBUG org.springframework.web.client.RestTemplate - HTTP POST http://localhost:53237/person-transform/publisher
12:03:44.608 [Test worker] DEBUG org.springframework.web.client.RestTemplate - Accept=[application/json, application/x-jackson-smile, application/*+json]
12:03:44.608 [Test worker] DEBUG org.springframework.web.client.RestTemplate - Writing [[Person{name='Robert'}, Person{name='Marie'}]] as "application/json"
12:03:44.609 [http-nio-auto-118-exec-1] DEBUG org.springframework.web.server.adapter.HttpWebHandlerAdapter - [779131ba] HTTP POST "/person-transform/publisher"
12:03:44.610 [http-nio-auto-118-exec-1] DEBUG org.springframework.web.reactive.result.method.annotation.RequestMappingHandlerMapping - [779131ba] Mapped to public org.reactivestreams.Publisher<org.springframework.web.reactive.result.method.annotation.RequestMappingMessageConversionIntegrationTests$Person> org.springframework.web.reactive.result.method.annotation.RequestMappingMessageConversionIntegrationTests$PersonTransformationController.transformPublisher(org.reactivestreams.Publisher<org.springframework.web.reactive.result.method.annotation.RequestMappingMessageConversionIntegrationTests$Person>)
12:03:44.610 [http-nio-auto-118-exec-1] DEBUG org.springframework.web.reactive.result.method.annotation.RequestBodyArgumentResolver - [779131ba] Content-Type:application/json
12:03:44.610 [http-nio-auto-118-exec-1] DEBUG org.springframework.web.reactive.result.method.annotation.RequestBodyArgumentResolver - [779131ba] 0..N [org.springframework.web.reactive.result.method.annotation.RequestMappingMessageConversionIntegrationTests$Person]
12:03:44.610 [http-nio-auto-118-exec-1] DEBUG org.springframework.web.reactive.result.method.annotation.ResponseBodyResultHandler - Using 'application/json;charset=UTF-8' given [application/json] and supported [application/json;charset=UTF-8, application/*+json;charset=UTF-8, application/x-jackson-smile;charset=UTF-8, application/*+x-jackson-smile;charset=UTF-8, application/xml, text/xml, text/event-stream]
12:03:44.610 [http-nio-auto-118-exec-1] DEBUG org.springframework.web.reactive.result.method.annotation.ResponseBodyResultHandler - [779131ba] 0..N [org.springframework.web.reactive.result.method.annotation.RequestMappingMessageConversionIntegrationTests$Person]
12:03:44.610 [http-nio-auto-118-exec-1] DEBUG org.springframework.http.codec.json.Jackson2JsonDecoder - [779131ba] Decoded [Person{name='Robert'}]
12:03:44.610 [http-nio-auto-118-exec-1] DEBUG org.springframework.http.codec.json.Jackson2JsonDecoder - [779131ba] Decoded [Person{name='Marie'}]
12:03:44.610 [http-nio-auto-118-exec-1] DEBUG org.springframework.http.codec.json.Jackson2JsonEncoder - [779131ba] Encoding [[Person{name='ROBERT'}, Person{name='MARIE'}]]
12:03:44.611 [http-nio-auto-118-exec-1] DEBUG org.springframework.web.server.adapter.HttpWebHandlerAdapter - [779131ba] Completed 200 OK
12:03:44.611 [Test worker] DEBUG org.springframework.web.client.RestTemplate - Response 200 OK
12:03:44.611 [Test worker] DEBUG org.springframework.web.client.RestTemplate - Reading to [java.util.List<org.springframework.web.reactive.result.method.annotation.RequestMappingMessageConversionIntegrationTests$Person>]
12:03:44.611 [Test worker] DEBUG org.springframework.http.server.reactive.bootstrap.TomcatHttpServer - Stopping TomcatHttpServer...
12:03:44.665 [Test worker] DEBUG org.springframework.http.server.reactive.bootstrap.TomcatHttpServer - Server stopped (0 millis).
12:03:44.772 [Test worker] DEBUG org.springframework.web.reactive.result.method.annotation.RequestMappingHandlerMapping - 37 mappings in 'requestMappingHandlerMapping'
12:03:44.815 [Test worker] DEBUG org.springframework.web.reactive.result.method.annotation.ControllerMethodResolver - ControllerAdvice beans: none
12:03:44.886 [Test worker] DEBUG org.springframework.web.server.adapter.HttpWebHandlerAdapter - enableLoggingRequestDetails='false': form data and headers will be masked to prevent unsafe logging of potentially sensitive data
12:03:44.886 [Test worker] DEBUG org.springframework.http.server.reactive.bootstrap.TomcatHttpServer - Starting TomcatHttpServer...
12:03:44.893 [Test worker] DEBUG org.springframework.http.server.reactive.bootstrap.TomcatHttpServer - Server started on port 53246(0 millis).
12:03:44.893 [Test worker] DEBUG org.springframework.web.client.RestTemplate - HTTP POST http://localhost:53246/person-create/observable
12:03:44.893 [Test worker] DEBUG org.springframework.web.client.RestTemplate - Accept=[application/json, application/x-jackson-smile, application/*+json]
12:03:44.893 [Test worker] DEBUG org.springframework.web.client.RestTemplate - Writing [[Person{name='Robert'}, Person{name='Marie'}]] as "application/json"
12:03:44.894 [http-nio-auto-119-exec-2] DEBUG org.springframework.web.server.adapter.HttpWebHandlerAdapter - [1c1810c2] HTTP POST "/person-create/observable"
12:03:44.895 [http-nio-auto-119-exec-2] DEBUG org.springframework.web.reactive.result.method.annotation.RequestMappingHandlerMapping - [1c1810c2] Mapped to public rx.Observable<java.lang.Void> org.springframework.web.reactive.result.method.annotation.RequestMappingMessageConversionIntegrationTests$PersonCreateController.createWithObservable(rx.Observable<org.springframework.web.reactive.result.method.annotation.RequestMappingMessageConversionIntegrationTests$Person>)
12:03:44.895 [http-nio-auto-119-exec-2] DEBUG org.springframework.web.reactive.result.method.annotation.RequestBodyArgumentResolver - [1c1810c2] Content-Type:application/json
12:03:44.895 [http-nio-auto-119-exec-2] DEBUG org.springframework.web.reactive.result.method.annotation.RequestBodyArgumentResolver - [1c1810c2] 0..N [org.springframework.web.reactive.result.method.annotation.RequestMappingMessageConversionIntegrationTests$Person]
12:03:44.895 [http-nio-auto-119-exec-2] DEBUG org.springframework.http.codec.json.Jackson2JsonDecoder - [1c1810c2] Decoded [Person{name='Robert'}]
12:03:44.895 [http-nio-auto-119-exec-2] DEBUG org.springframework.http.codec.json.Jackson2JsonDecoder - [1c1810c2] Decoded [Person{name='Marie'}]
12:03:44.895 [http-nio-auto-119-exec-2] DEBUG org.springframework.web.server.adapter.HttpWebHandlerAdapter - [1c1810c2] Completed 200 OK
12:03:44.896 [Test worker] DEBUG org.springframework.web.client.RestTemplate - Response 200 OK
12:03:44.896 [Test worker] DEBUG org.springframework.http.server.reactive.bootstrap.TomcatHttpServer - Stopping TomcatHttpServer...
12:03:44.949 [Test worker] DEBUG org.springframework.http.server.reactive.bootstrap.TomcatHttpServer - Server stopped (0 millis).
12:03:45.052 [Test worker] DEBUG org.springframework.web.reactive.result.method.annotation.RequestMappingHandlerMapping - 37 mappings in 'requestMappingHandlerMapping'
12:03:45.098 [Test worker] DEBUG org.springframework.web.reactive.result.method.annotation.ControllerMethodResolver - ControllerAdvice beans: none
12:03:45.167 [Test worker] DEBUG org.springframework.web.server.adapter.HttpWebHandlerAdapter - enableLoggingRequestDetails='false': form data and headers will be masked to prevent unsafe logging of potentially sensitive data
12:03:45.168 [Test worker] DEBUG org.springframework.http.server.reactive.bootstrap.TomcatHttpServer - Starting TomcatHttpServer...
12:03:45.175 [Test worker] DEBUG org.springframework.http.server.reactive.bootstrap.TomcatHttpServer - Server started on port 53255(0 millis).
12:03:45.175 [Test worker] DEBUG org.springframework.web.client.RestTemplate - HTTP POST http://localhost:53255/person-create/mono
12:03:45.175 [Test worker] DEBUG org.springframework.web.client.RestTemplate - Accept=[application/json, application/x-jackson-smile, application/*+json]
12:03:45.175 [Test worker] DEBUG org.springframework.web.client.RestTemplate - Writing [Person{name='Robert'}] as "application/json"
12:03:45.176 [http-nio-auto-120-exec-1] DEBUG org.springframework.web.server.adapter.HttpWebHandlerAdapter - [7759d36a] HTTP POST "/person-create/mono"
12:03:45.176 [http-nio-auto-120-exec-1] DEBUG org.springframework.web.reactive.result.method.annotation.RequestMappingHandlerMapping - [7759d36a] Mapped to public reactor.core.publisher.Mono<java.lang.Void> org.springframework.web.reactive.result.method.annotation.RequestMappingMessageConversionIntegrationTests$PersonCreateController.createWithMono(reactor.core.publisher.Mono<org.springframework.web.reactive.result.method.annotation.RequestMappingMessageConversionIntegrationTests$Person>)
12:03:45.177 [http-nio-auto-120-exec-1] DEBUG org.springframework.web.reactive.result.method.annotation.RequestBodyArgumentResolver - [7759d36a] Content-Type:application/json
12:03:45.177 [http-nio-auto-120-exec-1] DEBUG org.springframework.web.reactive.result.method.annotation.RequestBodyArgumentResolver - [7759d36a] 0..1 [org.springframework.web.reactive.result.method.annotation.RequestMappingMessageConversionIntegrationTests$Person]
12:03:45.177 [http-nio-auto-120-exec-1] DEBUG org.springframework.http.codec.json.Jackson2JsonDecoder - [7759d36a] Decoded [Person{name='Robert'}]
12:03:45.177 [http-nio-auto-120-exec-1] DEBUG org.springframework.web.server.adapter.HttpWebHandlerAdapter - [7759d36a] Completed 200 OK
12:03:45.177 [Test worker] DEBUG org.springframework.web.client.RestTemplate - Response 200 OK
12:03:45.177 [Test worker] DEBUG org.springframework.http.server.reactive.bootstrap.TomcatHttpServer - Stopping TomcatHttpServer...
12:03:45.231 [Test worker] DEBUG org.springframework.http.server.reactive.bootstrap.TomcatHttpServer - Server stopped (0 millis).
12:03:45.335 [Test worker] DEBUG org.springframework.web.reactive.result.method.annotation.RequestMappingHandlerMapping - 37 mappings in 'requestMappingHandlerMapping'
12:03:45.380 [Test worker] DEBUG org.springframework.web.reactive.result.method.annotation.ControllerMethodResolver - ControllerAdvice beans: none
12:03:45.449 [Test worker] DEBUG org.springframework.web.server.adapter.HttpWebHandlerAdapter - enableLoggingRequestDetails='false': form data and headers will be masked to prevent unsafe logging of potentially sensitive data
12:03:45.450 [Test worker] DEBUG org.springframework.http.server.reactive.bootstrap.TomcatHttpServer - Starting TomcatHttpServer...
12:03:45.457 [Test worker] DEBUG org.springframework.http.server.reactive.bootstrap.TomcatHttpServer - Server started on port 53264(0 millis).
12:03:45.457 [Test worker] DEBUG org.springframework.web.client.RestTemplate - HTTP GET http://localhost:53264/person-response/person
12:03:45.457 [Test worker] DEBUG org.springframework.web.client.RestTemplate - Accept=[application/xml, text/xml, application/json, application/x-jackson-smile, application/*+xml, application/*+json]
12:03:45.459 [http-nio-auto-121-exec-1] DEBUG org.springframework.web.server.adapter.HttpWebHandlerAdapter - [65d320c9] HTTP GET "/person-response/person"
12:03:45.459 [http-nio-auto-121-exec-1] DEBUG org.springframework.web.reactive.result.method.annotation.RequestMappingHandlerMapping - [65d320c9] Mapped to public org.springframework.web.reactive.result.method.annotation.RequestMappingMessageConversionIntegrationTests$Person org.springframework.web.reactive.result.method.annotation.RequestMappingMessageConversionIntegrationTests$PersonResponseBodyController.getPerson()
12:03:45.459 [http-nio-auto-121-exec-1] DEBUG org.springframework.web.reactive.result.method.annotation.ResponseBodyResultHandler - Using 'application/json;charset=UTF-8' given [application/json] and supported [application/json;charset=UTF-8, application/*+json;charset=UTF-8, application/x-jackson-smile;charset=UTF-8, application/*+x-jackson-smile;charset=UTF-8, application/xml, text/xml, text/event-stream]
12:03:45.459 [http-nio-auto-121-exec-1] DEBUG org.springframework.web.reactive.result.method.annotation.ResponseBodyResultHandler - [65d320c9] 0..1 [org.springframework.web.reactive.result.method.annotation.RequestMappingMessageConversionIntegrationTests$Person]
12:03:45.459 [http-nio-auto-121-exec-1] DEBUG org.springframework.http.codec.json.Jackson2JsonEncoder - [65d320c9] Encoding [Person{name='Robert'}]
12:03:45.460 [http-nio-auto-121-exec-1] DEBUG org.springframework.web.server.adapter.HttpWebHandlerAdapter - [65d320c9] Completed 200 OK
12:03:45.460 [Test worker] DEBUG org.springframework.web.client.RestTemplate - Response 200 OK
12:03:45.460 [Test worker] DEBUG org.springframework.web.client.RestTemplate - Reading to [org.springframework.web.reactive.result.method.annotation.RequestMappingMessageConversionIntegrationTests$Person]
12:03:45.460 [Test worker] DEBUG org.springframework.http.server.reactive.bootstrap.TomcatHttpServer - Stopping TomcatHttpServer...
12:03:45.522 [Test worker] DEBUG org.springframework.http.server.reactive.bootstrap.TomcatHttpServer - Server stopped (0 millis).
12:03:45.639 [Test worker] DEBUG org.springframework.web.reactive.result.method.annotation.RequestMappingHandlerMapping - 37 mappings in 'requestMappingHandlerMapping'
12:03:45.684 [Test worker] DEBUG org.springframework.web.reactive.result.method.annotation.ControllerMethodResolver - ControllerAdvice beans: none
12:03:45.756 [Test worker] DEBUG org.springframework.web.server.adapter.HttpWebHandlerAdapter - enableLoggingRequestDetails='false': form data and headers will be masked to prevent unsafe logging of potentially sensitive data
12:03:45.757 [Test worker] DEBUG org.springframework.http.server.reactive.bootstrap.TomcatHttpServer - Starting TomcatHttpServer...
12:03:45.763 [Test worker] DEBUG org.springframework.http.server.reactive.bootstrap.TomcatHttpServer - Server started on port 53273(0 millis).
12:03:45.764 [Test worker] DEBUG org.springframework.web.client.RestTemplate - HTTP POST http://localhost:53273/person-create/rxjava2-single
12:03:45.764 [Test worker] DEBUG org.springframework.web.client.RestTemplate - Accept=[application/json, application/x-jackson-smile, application/*+json]
12:03:45.764 [Test worker] DEBUG org.springframework.web.client.RestTemplate - Writing [Person{name='Robert'}] as "application/json"
12:03:45.765 [http-nio-auto-122-exec-1] DEBUG org.springframework.web.server.adapter.HttpWebHandlerAdapter - [69b72606] HTTP POST "/person-create/rxjava2-single"
12:03:45.765 [http-nio-auto-122-exec-1] DEBUG org.springframework.web.reactive.result.method.annotation.RequestMappingHandlerMapping - [69b72606] Mapped to public io.reactivex.Completable org.springframework.web.reactive.result.method.annotation.RequestMappingMessageConversionIntegrationTests$PersonCreateController.createWithRxJava2Single(io.reactivex.Single<org.springframework.web.reactive.result.method.annotation.RequestMappingMessageConversionIntegrationTests$Person>)
12:03:45.765 [http-nio-auto-122-exec-1] DEBUG org.springframework.web.reactive.result.method.annotation.RequestBodyArgumentResolver - [69b72606] Content-Type:application/json
12:03:45.766 [http-nio-auto-122-exec-1] DEBUG org.springframework.web.reactive.result.method.annotation.RequestBodyArgumentResolver - [69b72606] 0..1 [org.springframework.web.reactive.result.method.annotation.RequestMappingMessageConversionIntegrationTests$Person]
12:03:45.766 [http-nio-auto-122-exec-1] DEBUG org.springframework.http.codec.json.Jackson2JsonDecoder - [69b72606] Decoded [Person{name='Robert'}]
12:03:45.766 [http-nio-auto-122-exec-1] DEBUG org.springframework.web.server.adapter.HttpWebHandlerAdapter - [69b72606] Completed 200 OK
12:03:45.766 [Test worker] DEBUG org.springframework.web.client.RestTemplate - Response 200 OK
12:03:45.766 [Test worker] DEBUG org.springframework.http.server.reactive.bootstrap.TomcatHttpServer - Stopping TomcatHttpServer...
12:03:45.863 [Test worker] DEBUG org.springframework.http.server.reactive.bootstrap.TomcatHttpServer - Server stopped (0 millis).
12:03:45.968 [Test worker] DEBUG org.springframework.web.reactive.result.method.annotation.RequestMappingHandlerMapping - 37 mappings in 'requestMappingHandlerMapping'
12:03:46.013 [Test worker] DEBUG org.springframework.web.reactive.result.method.annotation.ControllerMethodResolver - ControllerAdvice beans: none
12:03:46.082 [Test worker] DEBUG org.springframework.web.server.adapter.HttpWebHandlerAdapter - enableLoggingRequestDetails='false': form data and headers will be masked to prevent unsafe logging of potentially sensitive data
12:03:46.082 [Test worker] DEBUG org.springframework.http.server.reactive.bootstrap.UndertowHttpServer - Starting UndertowHttpServer...
12:03:46.086 [Test worker] DEBUG org.springframework.http.server.reactive.bootstrap.UndertowHttpServer - Server started on port 53296(0 millis).
12:03:46.086 [Test worker] DEBUG org.springframework.web.client.RestTemplate - HTTP GET http://localhost:53296/person-response/mono-declared-as-object
12:03:46.086 [Test worker] DEBUG org.springframework.web.client.RestTemplate - Accept=[application/xml, text/xml, application/json, application/x-jackson-smile, application/*+xml, application/*+json]
12:03:46.087 [XNIO-79 I/O-6] DEBUG org.springframework.web.server.adapter.HttpWebHandlerAdapter - [185b6a10] HTTP GET "/person-response/mono-declared-as-object"
12:03:46.087 [XNIO-79 I/O-6] DEBUG org.springframework.web.reactive.result.method.annotation.RequestMappingHandlerMapping - [185b6a10] Mapped to public java.lang.Object org.springframework.web.reactive.result.method.annotation.RequestMappingMessageConversionIntegrationTests$PersonResponseBodyController.getMonoDeclaredAsObject()
12:03:46.087 [XNIO-79 I/O-6] DEBUG org.springframework.web.reactive.result.method.annotation.ResponseBodyResultHandler - Using 'application/json;charset=UTF-8' given [application/json] and supported [application/json;charset=UTF-8, application/*+json;charset=UTF-8, application/x-jackson-smile;charset=UTF-8, application/*+x-jackson-smile;charset=UTF-8, text/event-stream]
12:03:46.087 [XNIO-79 I/O-6] DEBUG org.springframework.web.reactive.result.method.annotation.ResponseBodyResultHandler - [185b6a10] 0..1 [java.lang.Object]
12:03:46.087 [XNIO-79 I/O-6] DEBUG org.springframework.http.codec.json.Jackson2JsonEncoder - [185b6a10] Encoding [Person{name='Robert'}]
12:03:46.088 [Test worker] DEBUG org.springframework.web.client.RestTemplate - Response 200 OK
12:03:46.088 [XNIO-79 I/O-6] DEBUG org.springframework.web.server.adapter.HttpWebHandlerAdapter - [185b6a10] Completed 200 OK
12:03:46.088 [Test worker] DEBUG org.springframework.web.client.RestTemplate - Reading to [org.springframework.web.reactive.result.method.annotation.RequestMappingMessageConversionIntegrationTests$Person]
12:03:46.088 [Test worker] DEBUG org.springframework.http.server.reactive.bootstrap.UndertowHttpServer - Stopping UndertowHttpServer...
12:03:46.088 [Test worker] DEBUG org.springframework.http.server.reactive.bootstrap.UndertowHttpServer - Server stopped (0 millis).
12:03:46.164 [Test worker] DEBUG org.springframework.web.reactive.result.method.annotation.RequestMappingHandlerMapping - 37 mappings in 'requestMappingHandlerMapping'
12:03:46.204 [Test worker] DEBUG org.springframework.web.reactive.result.method.annotation.ControllerMethodResolver - ControllerAdvice beans: none
12:03:46.270 [Test worker] DEBUG org.springframework.web.server.adapter.HttpWebHandlerAdapter - enableLoggingRequestDetails='false': form data and headers will be masked to prevent unsafe logging of potentially sensitive data
12:03:46.270 [Test worker] DEBUG org.springframework.http.server.reactive.bootstrap.UndertowHttpServer - Starting UndertowHttpServer...
12:03:46.273 [Test worker] DEBUG org.springframework.http.server.reactive.bootstrap.UndertowHttpServer - Server started on port 53312(0 millis).
12:03:46.273 [Test worker] DEBUG org.springframework.web.client.RestTemplate - HTTP GET http://localhost:53312/raw-response/publisher
12:03:46.274 [Test worker] DEBUG org.springframework.web.client.RestTemplate - Accept=[application/xml, text/xml, application/json, application/x-jackson-smile, application/*+xml, application/*+json]
12:03:46.274 [XNIO-80 I/O-6] DEBUG org.springframework.web.server.adapter.HttpWebHandlerAdapter - [4e801e5f] HTTP GET "/raw-response/publisher"
12:03:46.274 [XNIO-80 I/O-6] DEBUG org.springframework.web.reactive.result.method.annotation.RequestMappingHandlerMapping - [4e801e5f] Mapped to public org.reactivestreams.Publisher<java.nio.ByteBuffer> org.springframework.web.reactive.result.method.annotation.RequestMappingMessageConversionIntegrationTests$RawResponseBodyController.getPublisher()
12:03:46.281 [XNIO-80 I/O-6] DEBUG org.springframework.web.reactive.result.method.annotation.ResponseBodyResultHandler - Using 'application/json;charset=UTF-8' given [application/json] and supported [*/*, application/json;charset=UTF-8, application/*+json;charset=UTF-8, application/x-jackson-smile;charset=UTF-8, application/*+x-jackson-smile;charset=UTF-8, text/event-stream]
12:03:46.281 [XNIO-80 I/O-6] DEBUG org.springframework.web.reactive.result.method.annotation.ResponseBodyResultHandler - [4e801e5f] 0..N [java.nio.ByteBuffer]
12:03:46.281 [XNIO-80 I/O-6] DEBUG org.springframework.http.codec.json.Jackson2JsonEncoder - Encoding [Person{name='Robert'}]
12:03:46.281 [XNIO-80 I/O-6] DEBUG org.springframework.core.codec.ByteBufferEncoder - [4e801e5f] Writing 17 bytes
12:03:46.297 [XNIO-80 I/O-6] DEBUG org.springframework.web.server.adapter.HttpWebHandlerAdapter - [4e801e5f] Completed 200 OK
12:03:46.297 [Test worker] DEBUG org.springframework.web.client.RestTemplate - Response 200 OK
12:03:46.297 [Test worker] DEBUG org.springframework.web.client.RestTemplate - Reading to [org.springframework.web.reactive.result.method.annotation.RequestMappingMessageConversionIntegrationTests$Person]
12:03:46.297 [Test worker] DEBUG org.springframework.http.server.reactive.bootstrap.UndertowHttpServer - Stopping UndertowHttpServer...
12:03:46.297 [Test worker] DEBUG org.springframework.http.server.reactive.bootstrap.UndertowHttpServer - Server stopped (0 millis).
12:03:46.373 [Test worker] DEBUG org.springframework.web.reactive.result.method.annotation.RequestMappingHandlerMapping - 37 mappings in 'requestMappingHandlerMapping'
12:03:46.414 [Test worker] DEBUG org.springframework.web.reactive.result.method.annotation.ControllerMethodResolver - ControllerAdvice beans: none
12:03:46.486 [Test worker] DEBUG org.springframework.web.server.adapter.HttpWebHandlerAdapter - enableLoggingRequestDetails='false': form data and headers will be masked to prevent unsafe logging of potentially sensitive data
12:03:46.486 [Test worker] DEBUG org.springframework.http.server.reactive.bootstrap.UndertowHttpServer - Starting UndertowHttpServer...
12:03:46.490 [Test worker] DEBUG org.springframework.http.server.reactive.bootstrap.UndertowHttpServer - Server started on port 53328(0 millis).
12:03:46.490 [Test worker] DEBUG org.springframework.web.client.RestTemplate - HTTP GET http://localhost:53328/person-response/completable-future
12:03:46.490 [Test worker] DEBUG org.springframework.web.client.RestTemplate - Accept=[application/xml, text/xml, application/json, application/x-jackson-smile, application/*+xml, application/*+json]
12:03:46.491 [XNIO-81 I/O-6] DEBUG org.springframework.web.server.adapter.HttpWebHandlerAdapter - [1caad5c2] HTTP GET "/person-response/completable-future"
12:03:46.491 [XNIO-81 I/O-6] DEBUG org.springframework.web.reactive.result.method.annotation.RequestMappingHandlerMapping - [1caad5c2] Mapped to public java.util.concurrent.CompletableFuture<org.springframework.web.reactive.result.method.annotation.RequestMappingMessageConversionIntegrationTests$Person> org.springframework.web.reactive.result.method.annotation.RequestMappingMessageConversionIntegrationTests$PersonResponseBodyController.getCompletableFuture()
12:03:46.491 [XNIO-81 I/O-6] DEBUG org.springframework.web.reactive.result.method.annotation.ResponseBodyResultHandler - Using 'application/json;charset=UTF-8' given [application/json] and supported [application/json;charset=UTF-8, application/*+json;charset=UTF-8, application/x-jackson-smile;charset=UTF-8, application/*+x-jackson-smile;charset=UTF-8, application/xml, text/xml, text/event-stream]
12:03:46.491 [XNIO-81 I/O-6] DEBUG org.springframework.web.reactive.result.method.annotation.ResponseBodyResultHandler - [1caad5c2] 0..1 [org.springframework.web.reactive.result.method.annotation.RequestMappingMessageConversionIntegrationTests$Person]
12:03:46.491 [XNIO-81 I/O-6] DEBUG org.springframework.http.codec.json.Jackson2JsonEncoder - [1caad5c2] Encoding [Person{name='Robert'}]
12:03:46.491 [XNIO-81 I/O-6] DEBUG org.springframework.web.server.adapter.HttpWebHandlerAdapter - [1caad5c2] Completed 200 OK
12:03:46.491 [Test worker] DEBUG org.springframework.web.client.RestTemplate - Response 200 OK
12:03:46.491 [Test worker] DEBUG org.springframework.web.client.RestTemplate - Reading to [org.springframework.web.reactive.result.method.annotation.RequestMappingMessageConversionIntegrationTests$Person]
12:03:46.491 [Test worker] DEBUG org.springframework.http.server.reactive.bootstrap.UndertowHttpServer - Stopping UndertowHttpServer...
12:03:46.492 [Test worker] DEBUG org.springframework.http.server.reactive.bootstrap.UndertowHttpServer - Server stopped (0 millis).
12:03:46.569 [Test worker] DEBUG org.springframework.web.reactive.result.method.annotation.RequestMappingHandlerMapping - 37 mappings in 'requestMappingHandlerMapping'
12:03:46.609 [Test worker] DEBUG org.springframework.web.reactive.result.method.annotation.ControllerMethodResolver - ControllerAdvice beans: none
12:03:46.677 [Test worker] DEBUG org.springframework.web.server.adapter.HttpWebHandlerAdapter - enableLoggingRequestDetails='false': form data and headers will be masked to prevent unsafe logging of potentially sensitive data
12:03:46.677 [Test worker] DEBUG org.springframework.http.server.reactive.bootstrap.UndertowHttpServer - Starting UndertowHttpServer...
12:03:46.681 [Test worker] DEBUG org.springframework.http.server.reactive.bootstrap.UndertowHttpServer - Server started on port 53344(0 millis).
12:03:46.681 [Test worker] DEBUG org.springframework.web.client.RestTemplate - HTTP POST http://localhost:53344/person-transform/rxjava2-observable
12:03:46.681 [Test worker] DEBUG org.springframework.web.client.RestTemplate - Accept=[application/json, application/x-jackson-smile, application/*+json]
12:03:46.681 [Test worker] DEBUG org.springframework.web.client.RestTemplate - Writing [[Person{name='Robert'}, Person{name='Marie'}]] as "application/json"
12:03:46.682 [XNIO-82 I/O-6] DEBUG org.springframework.web.server.adapter.HttpWebHandlerAdapter - [7b68be2b] HTTP POST "/person-transform/rxjava2-observable"
12:03:46.682 [XNIO-82 I/O-6] DEBUG org.springframework.web.reactive.result.method.annotation.RequestMappingHandlerMapping - [7b68be2b] Mapped to public io.reactivex.Observable<org.springframework.web.reactive.result.method.annotation.RequestMappingMessageConversionIntegrationTests$Person> org.springframework.web.reactive.result.method.annotation.RequestMappingMessageConversionIntegrationTests$PersonTransformationController.transformObservable(io.reactivex.Observable<org.springframework.web.reactive.result.method.annotation.RequestMappingMessageConversionIntegrationTests$Person>)
12:03:46.682 [XNIO-82 I/O-6] DEBUG org.springframework.web.reactive.result.method.annotation.RequestBodyArgumentResolver - [7b68be2b] Content-Type:application/json
12:03:46.682 [XNIO-82 I/O-6] DEBUG org.springframework.web.reactive.result.method.annotation.RequestBodyArgumentResolver - [7b68be2b] 0..N [org.springframework.web.reactive.result.method.annotation.RequestMappingMessageConversionIntegrationTests$Person]
12:03:46.683 [XNIO-82 I/O-6] DEBUG org.springframework.web.reactive.result.method.annotation.ResponseBodyResultHandler - Using 'application/json;charset=UTF-8' given [application/json] and supported [application/json;charset=UTF-8, application/*+json;charset=UTF-8, application/x-jackson-smile;charset=UTF-8, application/*+x-jackson-smile;charset=UTF-8, application/xml, text/xml, text/event-stream]
12:03:46.683 [XNIO-82 I/O-6] DEBUG org.springframework.web.reactive.result.method.annotation.ResponseBodyResultHandler - [7b68be2b] 0..N [org.springframework.web.reactive.result.method.annotation.RequestMappingMessageConversionIntegrationTests$Person]
12:03:46.683 [XNIO-82 I/O-6] DEBUG org.springframework.http.codec.json.Jackson2JsonDecoder - [7b68be2b] Decoded [Person{name='Robert'}]
12:03:46.683 [XNIO-82 I/O-6] DEBUG org.springframework.http.codec.json.Jackson2JsonDecoder - [7b68be2b] Decoded [Person{name='Marie'}]
12:03:46.683 [XNIO-82 I/O-6] DEBUG org.springframework.http.codec.json.Jackson2JsonEncoder - [7b68be2b] Encoding [[Person{name='ROBERT'}, Person{name='MARIE'}]]
12:03:46.683 [XNIO-82 I/O-6] DEBUG org.springframework.web.server.adapter.HttpWebHandlerAdapter - [7b68be2b] Completed 200 OK
12:03:46.683 [Test worker] DEBUG org.springframework.web.client.RestTemplate - Response 200 OK
12:03:46.683 [Test worker] DEBUG org.springframework.web.client.RestTemplate - Reading to [java.util.List<org.springframework.web.reactive.result.method.annotation.RequestMappingMessageConversionIntegrationTests$Person>]
12:03:46.684 [Test worker] DEBUG org.springframework.http.server.reactive.bootstrap.UndertowHttpServer - Stopping UndertowHttpServer...
12:03:46.684 [Test worker] DEBUG org.springframework.http.server.reactive.bootstrap.UndertowHttpServer - Server stopped (0 millis).
12:03:46.760 [Test worker] DEBUG org.springframework.web.reactive.result.method.annotation.RequestMappingHandlerMapping - 37 mappings in 'requestMappingHandlerMapping'
12:03:46.800 [Test worker] DEBUG org.springframework.web.reactive.result.method.annotation.ControllerMethodResolver - ControllerAdvice beans: none
12:03:46.866 [Test worker] DEBUG org.springframework.web.server.adapter.HttpWebHandlerAdapter - enableLoggingRequestDetails='false': form data and headers will be masked to prevent unsafe logging of potentially sensitive data
12:03:46.866 [Test worker] DEBUG org.springframework.http.server.reactive.bootstrap.UndertowHttpServer - Starting UndertowHttpServer...
12:03:46.869 [Test worker] DEBUG org.springframework.http.server.reactive.bootstrap.UndertowHttpServer - Server started on port 53360(0 millis).
12:03:46.869 [Test worker] DEBUG org.springframework.web.client.RestTemplate - HTTP POST http://localhost:53360/person-create/observable
12:03:46.870 [Test worker] DEBUG org.springframework.web.client.RestTemplate - Accept=[application/json, application/x-jackson-smile, application/*+json]
12:03:46.870 [Test worker] DEBUG org.springframework.web.client.RestTemplate - Writing [org.springframework.web.reactive.result.method.annotation.RequestMappingMessageConversionIntegrationTests$People@69c7a6e1] as "application/xml"
12:03:46.875 [XNIO-83 I/O-6] DEBUG org.springframework.web.server.adapter.HttpWebHandlerAdapter - [63dfb804] HTTP POST "/person-create/observable"
12:03:46.875 [XNIO-83 I/O-6] DEBUG org.springframework.web.reactive.result.method.annotation.RequestMappingHandlerMapping - [63dfb804] Mapped to public rx.Observable<java.lang.Void> org.springframework.web.reactive.result.method.annotation.RequestMappingMessageConversionIntegrationTests$PersonCreateController.createWithObservable(rx.Observable<org.springframework.web.reactive.result.method.annotation.RequestMappingMessageConversionIntegrationTests$Person>)
12:03:46.875 [XNIO-83 I/O-6] DEBUG org.springframework.web.reactive.result.method.annotation.RequestBodyArgumentResolver - [63dfb804] Content-Type:application/xml
12:03:46.876 [XNIO-83 I/O-6] DEBUG org.springframework.web.reactive.result.method.annotation.RequestBodyArgumentResolver - [63dfb804] 0..N [org.springframework.web.reactive.result.method.annotation.RequestMappingMessageConversionIntegrationTests$Person]
12:03:46.880 [XNIO-83 I/O-6] DEBUG org.springframework.http.codec.xml.Jaxb2XmlDecoder - [63dfb804] Decoded [Person{name='Robert'}]
12:03:46.880 [XNIO-83 I/O-6] DEBUG org.springframework.http.codec.xml.Jaxb2XmlDecoder - [63dfb804] Decoded [Person{name='Marie'}]
12:03:46.880 [XNIO-83 I/O-6] DEBUG org.springframework.web.server.adapter.HttpWebHandlerAdapter - [63dfb804] Completed 200 OK
12:03:46.881 [Test worker] DEBUG org.springframework.web.client.RestTemplate - Response 200 OK
12:03:46.881 [Test worker] DEBUG org.springframework.http.server.reactive.bootstrap.UndertowHttpServer - Stopping UndertowHttpServer...
12:03:46.882 [Test worker] DEBUG org.springframework.http.server.reactive.bootstrap.UndertowHttpServer - Server stopped (0 millis).
12:03:46.958 [Test worker] DEBUG org.springframework.web.reactive.result.method.annotation.RequestMappingHandlerMapping - 37 mappings in 'requestMappingHandlerMapping'
12:03:46.997 [Test worker] DEBUG org.springframework.web.reactive.result.method.annotation.ControllerMethodResolver - ControllerAdvice beans: none
12:03:47.062 [Test worker] DEBUG org.springframework.web.server.adapter.HttpWebHandlerAdapter - enableLoggingRequestDetails='false': form data and headers will be masked to prevent unsafe logging of potentially sensitive data
12:03:47.062 [Test worker] DEBUG org.springframework.http.server.reactive.bootstrap.UndertowHttpServer - Starting UndertowHttpServer...
12:03:47.066 [Test worker] DEBUG org.springframework.http.server.reactive.bootstrap.UndertowHttpServer - Server started on port 53376(0 millis).
12:03:47.066 [Test worker] DEBUG org.springframework.web.client.RestTemplate - HTTP GET http://localhost:53376/person-response/publisher
12:03:47.066 [Test worker] DEBUG org.springframework.web.client.RestTemplate - Accept=[application/json, application/x-jackson-smile, application/*+json]
12:03:47.067 [XNIO-84 I/O-6] DEBUG org.springframework.web.server.adapter.HttpWebHandlerAdapter - [6a926206] HTTP GET "/person-response/publisher"
12:03:47.067 [XNIO-84 I/O-6] DEBUG org.springframework.web.reactive.result.method.annotation.RequestMappingHandlerMapping - [6a926206] Mapped to public org.reactivestreams.Publisher<org.springframework.web.reactive.result.method.annotation.RequestMappingMessageConversionIntegrationTests$Person> org.springframework.web.reactive.result.method.annotation.RequestMappingMessageConversionIntegrationTests$PersonResponseBodyController.getPublisher()
12:03:47.067 [XNIO-84 I/O-6] DEBUG org.springframework.web.reactive.result.method.annotation.ResponseBodyResultHandler - Using 'application/json;charset=UTF-8' given [application/json] and supported [application/json;charset=UTF-8, application/*+json;charset=UTF-8, application/x-jackson-smile;charset=UTF-8, application/*+x-jackson-smile;charset=UTF-8, application/xml, text/xml, text/event-stream]
12:03:47.067 [XNIO-84 I/O-6] DEBUG org.springframework.web.reactive.result.method.annotation.ResponseBodyResultHandler - [6a926206] 0..N [org.springframework.web.reactive.result.method.annotation.RequestMappingMessageConversionIntegrationTests$Person]
12:03:47.067 [XNIO-84 I/O-6] DEBUG org.springframework.http.codec.json.Jackson2JsonEncoder - [6a926206] Encoding [[Person{name='Robert'}, Person{name='Marie'}]]
12:03:47.067 [XNIO-84 I/O-6] DEBUG org.springframework.web.server.adapter.HttpWebHandlerAdapter - [6a926206] Completed 200 OK
12:03:47.068 [Test worker] DEBUG org.springframework.web.client.RestTemplate - Response 200 OK
12:03:47.068 [Test worker] DEBUG org.springframework.web.client.RestTemplate - Reading to [java.util.List<org.springframework.web.reactive.result.method.annotation.RequestMappingMessageConversionIntegrationTests$Person>]
12:03:47.068 [Test worker] DEBUG org.springframework.http.server.reactive.bootstrap.UndertowHttpServer - Stopping UndertowHttpServer...
12:03:47.068 [Test worker] DEBUG org.springframework.http.server.reactive.bootstrap.UndertowHttpServer - Server stopped (0 millis).
12:03:47.150 [Test worker] DEBUG org.springframework.web.reactive.result.method.annotation.RequestMappingHandlerMapping - 37 mappings in 'requestMappingHandlerMapping'
12:03:47.191 [Test worker] DEBUG org.springframework.web.reactive.result.method.annotation.ControllerMethodResolver - ControllerAdvice beans: none
12:03:47.257 [Test worker] DEBUG org.springframework.web.server.adapter.HttpWebHandlerAdapter - enableLoggingRequestDetails='false': form data and headers will be masked to prevent unsafe logging of potentially sensitive data
12:03:47.257 [Test worker] DEBUG org.springframework.http.server.reactive.bootstrap.UndertowHttpServer - Starting UndertowHttpServer...
12:03:47.260 [Test worker] DEBUG org.springframework.http.server.reactive.bootstrap.UndertowHttpServer - Server started on port 53392(0 millis).
12:03:47.260 [Test worker] DEBUG org.springframework.web.client.RestTemplate - HTTP POST http://localhost:53392/person-create/publisher
12:03:47.261 [Test worker] DEBUG org.springframework.web.client.RestTemplate - Accept=[application/json, application/x-jackson-smile, application/*+json]
12:03:47.261 [Test worker] DEBUG org.springframework.web.client.RestTemplate - Writing [org.springframework.web.reactive.result.method.annotation.RequestMappingMessageConversionIntegrationTests$People@7f85356a] as "application/xml"
12:03:47.266 [XNIO-85 I/O-6] DEBUG org.springframework.web.server.adapter.HttpWebHandlerAdapter - [1dca3f57] HTTP POST "/person-create/publisher"
12:03:47.266 [XNIO-85 I/O-6] DEBUG org.springframework.web.reactive.result.method.annotation.RequestMappingHandlerMapping - [1dca3f57] Mapped to public org.reactivestreams.Publisher<java.lang.Void> org.springframework.web.reactive.result.method.annotation.RequestMappingMessageConversionIntegrationTests$PersonCreateController.createWithPublisher(org.reactivestreams.Publisher<org.springframework.web.reactive.result.method.annotation.RequestMappingMessageConversionIntegrationTests$Person>)
12:03:47.266 [XNIO-85 I/O-6] DEBUG org.springframework.web.reactive.result.method.annotation.RequestBodyArgumentResolver - [1dca3f57] Content-Type:application/xml
12:03:47.266 [XNIO-85 I/O-6] DEBUG org.springframework.web.reactive.result.method.annotation.RequestBodyArgumentResolver - [1dca3f57] 0..N [org.springframework.web.reactive.result.method.annotation.RequestMappingMessageConversionIntegrationTests$Person]
12:03:47.271 [XNIO-85 I/O-6] DEBUG org.springframework.http.codec.xml.Jaxb2XmlDecoder - [1dca3f57] Decoded [Person{name='Robert'}]
12:03:47.271 [XNIO-85 I/O-6] DEBUG org.springframework.http.codec.xml.Jaxb2XmlDecoder - [1dca3f57] Decoded [Person{name='Marie'}]
12:03:47.271 [XNIO-85 I/O-6] DEBUG org.springframework.web.server.adapter.HttpWebHandlerAdapter - [1dca3f57] Completed 200 OK
12:03:47.282 [Test worker] DEBUG org.springframework.web.client.RestTemplate - Response 200 OK
12:03:47.282 [Test worker] DEBUG org.springframework.http.server.reactive.bootstrap.UndertowHttpServer - Stopping UndertowHttpServer...
12:03:47.282 [Test worker] DEBUG org.springframework.http.server.reactive.bootstrap.UndertowHttpServer - Server stopped (0 millis).
12:03:47.359 [Test worker] DEBUG org.springframework.web.reactive.result.method.annotation.RequestMappingHandlerMapping - 37 mappings in 'requestMappingHandlerMapping'
12:03:47.399 [Test worker] DEBUG org.springframework.web.reactive.result.method.annotation.ControllerMethodResolver - ControllerAdvice beans: none
12:03:47.467 [Test worker] DEBUG org.springframework.web.server.adapter.HttpWebHandlerAdapter - enableLoggingRequestDetails='false': form data and headers will be masked to prevent unsafe logging of potentially sensitive data
12:03:47.467 [Test worker] DEBUG org.springframework.http.server.reactive.bootstrap.UndertowHttpServer - Starting UndertowHttpServer...
12:03:47.470 [Test worker] DEBUG org.springframework.http.server.reactive.bootstrap.UndertowHttpServer - Server started on port 53408(0 millis).
12:03:47.471 [Test worker] DEBUG org.springframework.web.client.RestTemplate - HTTP POST http://localhost:53408/person-transform/completable-future
12:03:47.471 [Test worker] DEBUG org.springframework.web.client.RestTemplate - Accept=[application/xml, text/xml, application/json, application/x-jackson-smile, application/*+xml, application/*+json]
12:03:47.471 [Test worker] DEBUG org.springframework.web.client.RestTemplate - Writing [Person{name='Robert'}] as "application/json"
12:03:47.472 [XNIO-86 I/O-6] DEBUG org.springframework.web.server.adapter.HttpWebHandlerAdapter - [38c71d2] HTTP POST "/person-transform/completable-future"
12:03:47.472 [XNIO-86 I/O-6] DEBUG org.springframework.web.reactive.result.method.annotation.RequestMappingHandlerMapping - [38c71d2] Mapped to public java.util.concurrent.CompletableFuture<org.springframework.web.reactive.result.method.annotation.RequestMappingMessageConversionIntegrationTests$Person> org.springframework.web.reactive.result.method.annotation.RequestMappingMessageConversionIntegrationTests$PersonTransformationController.transformCompletableFuture(java.util.concurrent.CompletableFuture<org.springframework.web.reactive.result.method.annotation.RequestMappingMessageConversionIntegrationTests$Person>)
12:03:47.472 [XNIO-86 I/O-6] DEBUG org.springframework.web.reactive.result.method.annotation.RequestBodyArgumentResolver - [38c71d2] Content-Type:application/json
12:03:47.472 [XNIO-86 I/O-6] DEBUG org.springframework.web.reactive.result.method.annotation.RequestBodyArgumentResolver - [38c71d2] 0..1 [org.springframework.web.reactive.result.method.annotation.RequestMappingMessageConversionIntegrationTests$Person]
12:03:47.472 [XNIO-86 I/O-6] DEBUG org.springframework.http.codec.json.Jackson2JsonDecoder - [38c71d2] Decoded [Person{name='Robert'}]
12:03:47.472 [XNIO-86 I/O-6] DEBUG org.springframework.web.reactive.result.method.annotation.ResponseBodyResultHandler - Using 'application/json;charset=UTF-8' given [application/json] and supported [application/json;charset=UTF-8, application/*+json;charset=UTF-8, application/x-jackson-smile;charset=UTF-8, application/*+x-jackson-smile;charset=UTF-8, application/xml, text/xml, text/event-stream]
12:03:47.472 [XNIO-86 I/O-6] DEBUG org.springframework.web.reactive.result.method.annotation.ResponseBodyResultHandler - [38c71d2] 0..1 [org.springframework.web.reactive.result.method.annotation.RequestMappingMessageConversionIntegrationTests$Person]
12:03:47.473 [XNIO-86 I/O-6] DEBUG org.springframework.http.codec.json.Jackson2JsonEncoder - [38c71d2] Encoding [Person{name='ROBERT'}]
12:03:47.473 [XNIO-86 I/O-6] DEBUG org.springframework.web.server.adapter.HttpWebHandlerAdapter - [38c71d2] Completed 200 OK
12:03:47.473 [Test worker] DEBUG org.springframework.web.client.RestTemplate - Response 200 OK
12:03:47.473 [Test worker] DEBUG org.springframework.web.client.RestTemplate - Reading to [org.springframework.web.reactive.result.method.annotation.RequestMappingMessageConversionIntegrationTests$Person]
12:03:47.473 [Test worker] DEBUG org.springframework.http.server.reactive.bootstrap.UndertowHttpServer - Stopping UndertowHttpServer...
12:03:47.474 [Test worker] DEBUG org.springframework.http.server.reactive.bootstrap.UndertowHttpServer - Server stopped (0 millis).
12:03:47.551 [Test worker] DEBUG org.springframework.web.reactive.result.method.annotation.RequestMappingHandlerMapping - 37 mappings in 'requestMappingHandlerMapping'
12:03:47.593 [Test worker] DEBUG org.springframework.web.reactive.result.method.annotation.ControllerMethodResolver - ControllerAdvice beans: none
12:03:47.662 [Test worker] DEBUG org.springframework.web.server.adapter.HttpWebHandlerAdapter - enableLoggingRequestDetails='false': form data and headers will be masked to prevent unsafe logging of potentially sensitive data
12:03:47.662 [Test worker] DEBUG org.springframework.http.server.reactive.bootstrap.UndertowHttpServer - Starting UndertowHttpServer...
12:03:47.665 [Test worker] DEBUG org.springframework.http.server.reactive.bootstrap.UndertowHttpServer - Server started on port 53424(0 millis).
12:03:47.665 [Test worker] DEBUG org.springframework.web.client.RestTemplate - HTTP POST http://localhost:53424/person-transform/single
12:03:47.665 [Test worker] DEBUG org.springframework.web.client.RestTemplate - Accept=[application/xml, text/xml, application/json, application/x-jackson-smile, application/*+xml, application/*+json]
12:03:47.665 [Test worker] DEBUG org.springframework.web.client.RestTemplate - Writing [Person{name='Robert'}] as "application/json"
12:03:47.666 [XNIO-87 I/O-6] DEBUG org.springframework.web.server.adapter.HttpWebHandlerAdapter - [52402d75] HTTP POST "/person-transform/single"
12:03:47.666 [XNIO-87 I/O-6] DEBUG org.springframework.web.reactive.result.method.annotation.RequestMappingHandlerMapping - [52402d75] Mapped to public rx.Single<org.springframework.web.reactive.result.method.annotation.RequestMappingMessageConversionIntegrationTests$Person> org.springframework.web.reactive.result.method.annotation.RequestMappingMessageConversionIntegrationTests$PersonTransformationController.transformSingle(rx.Single<org.springframework.web.reactive.result.method.annotation.RequestMappingMessageConversionIntegrationTests$Person>)
12:03:47.666 [XNIO-87 I/O-6] DEBUG org.springframework.web.reactive.result.method.annotation.RequestBodyArgumentResolver - [52402d75] Content-Type:application/json
12:03:47.666 [XNIO-87 I/O-6] DEBUG org.springframework.web.reactive.result.method.annotation.RequestBodyArgumentResolver - [52402d75] 0..1 [org.springframework.web.reactive.result.method.annotation.RequestMappingMessageConversionIntegrationTests$Person]
12:03:47.667 [XNIO-87 I/O-6] DEBUG org.springframework.web.reactive.result.method.annotation.ResponseBodyResultHandler - Using 'application/json;charset=UTF-8' given [application/json] and supported [application/json;charset=UTF-8, application/*+json;charset=UTF-8, application/x-jackson-smile;charset=UTF-8, application/*+x-jackson-smile;charset=UTF-8, application/xml, text/xml, text/event-stream]
12:03:47.667 [XNIO-87 I/O-6] DEBUG org.springframework.web.reactive.result.method.annotation.ResponseBodyResultHandler - [52402d75] 0..1 [org.springframework.web.reactive.result.method.annotation.RequestMappingMessageConversionIntegrationTests$Person]
12:03:47.667 [XNIO-87 I/O-6] DEBUG org.springframework.http.codec.json.Jackson2JsonDecoder - [52402d75] Decoded [Person{name='Robert'}]
12:03:47.667 [XNIO-87 I/O-6] DEBUG org.springframework.http.codec.json.Jackson2JsonEncoder - [52402d75] Encoding [Person{name='ROBERT'}]
12:03:47.667 [XNIO-87 I/O-6] DEBUG org.springframework.web.server.adapter.HttpWebHandlerAdapter - [52402d75] Completed 200 OK
12:03:47.667 [Test worker] DEBUG org.springframework.web.client.RestTemplate - Response 200 OK
12:03:47.667 [Test worker] DEBUG org.springframework.web.client.RestTemplate - Reading to [org.springframework.web.reactive.result.method.annotation.RequestMappingMessageConversionIntegrationTests$Person]
12:03:47.667 [Test worker] DEBUG org.springframework.http.server.reactive.bootstrap.UndertowHttpServer - Stopping UndertowHttpServer...
12:03:47.668 [Test worker] DEBUG org.springframework.http.server.reactive.bootstrap.UndertowHttpServer - Server stopped (0 millis).
12:03:47.743 [Test worker] DEBUG org.springframework.web.reactive.result.method.annotation.RequestMappingHandlerMapping - 37 mappings in 'requestMappingHandlerMapping'
12:03:47.783 [Test worker] DEBUG org.springframework.web.reactive.result.method.annotation.ControllerMethodResolver - ControllerAdvice beans: none
12:03:47.853 [Test worker] DEBUG org.springframework.web.server.adapter.HttpWebHandlerAdapter - enableLoggingRequestDetails='false': form data and headers will be masked to prevent unsafe logging of potentially sensitive data
12:03:47.853 [Test worker] DEBUG org.springframework.http.server.reactive.bootstrap.UndertowHttpServer - Starting UndertowHttpServer...
12:03:47.857 [Test worker] DEBUG org.springframework.http.server.reactive.bootstrap.UndertowHttpServer - Server started on port 53440(0 millis).
12:03:47.857 [Test worker] DEBUG org.springframework.web.client.RestTemplate - HTTP GET http://localhost:53440/person-response/mono-response-entity-xml
12:03:47.857 [Test worker] DEBUG org.springframework.web.client.RestTemplate - Accept=[text/plain, application/json, application/x-jackson-smile, application/*+json, */*]
12:03:47.858 [XNIO-88 I/O-6] DEBUG org.springframework.web.server.adapter.HttpWebHandlerAdapter - [438e5f0b] HTTP GET "/person-response/mono-response-entity-xml"
12:03:47.858 [XNIO-88 I/O-6] DEBUG org.springframework.web.reactive.result.method.annotation.RequestMappingHandlerMapping - [438e5f0b] Mapped to public org.springframework.http.ResponseEntity<reactor.core.publisher.Mono<org.springframework.web.reactive.result.method.annotation.RequestMappingMessageConversionIntegrationTests$Person>> org.springframework.web.reactive.result.method.annotation.RequestMappingMessageConversionIntegrationTests$PersonResponseBodyController.getMonoResponseEntityXml()
12:03:47.858 [XNIO-88 I/O-6] DEBUG org.springframework.web.reactive.result.method.annotation.ResponseEntityResultHandler - [438e5f0b] Found 'Content-Type:application/xml' in response
12:03:47.858 [XNIO-88 I/O-6] DEBUG org.springframework.web.reactive.result.method.annotation.ResponseEntityResultHandler - [438e5f0b] 0..1 [org.springframework.web.reactive.result.method.annotation.RequestMappingMessageConversionIntegrationTests$Person]
12:03:47.858 [XNIO-88 I/O-6] DEBUG org.springframework.http.codec.xml.Jaxb2XmlEncoder - [438e5f0b] Encoding [Person{name='Robert'}]
12:03:47.863 [XNIO-88 I/O-6] DEBUG org.springframework.web.server.adapter.HttpWebHandlerAdapter - [438e5f0b] Completed 200 OK
12:03:47.863 [Test worker] DEBUG org.springframework.web.client.RestTemplate - Response 200 OK
12:03:47.863 [Test worker] DEBUG org.springframework.web.client.RestTemplate - Reading to [java.lang.String] as "application/xml"
12:03:47.863 [Test worker] DEBUG org.springframework.http.server.reactive.bootstrap.UndertowHttpServer - Stopping UndertowHttpServer...
12:03:47.863 [Test worker] DEBUG org.springframework.http.server.reactive.bootstrap.UndertowHttpServer - Server stopped (0 millis).
12:03:47.939 [Test worker] DEBUG org.springframework.web.reactive.result.method.annotation.RequestMappingHandlerMapping - 37 mappings in 'requestMappingHandlerMapping'
12:03:47.979 [Test worker] DEBUG org.springframework.web.reactive.result.method.annotation.ControllerMethodResolver - ControllerAdvice beans: none
12:03:48.045 [Test worker] DEBUG org.springframework.web.server.adapter.HttpWebHandlerAdapter - enableLoggingRequestDetails='false': form data and headers will be masked to prevent unsafe logging of potentially sensitive data
12:03:48.045 [Test worker] DEBUG org.springframework.http.server.reactive.bootstrap.UndertowHttpServer - Starting UndertowHttpServer...
12:03:48.049 [Test worker] DEBUG org.springframework.http.server.reactive.bootstrap.UndertowHttpServer - Server started on port 53456(0 millis).
12:03:48.049 [Test worker] DEBUG org.springframework.web.client.RestTemplate - HTTP POST http://localhost:53456/person-create/rxjava2-observable
12:03:48.049 [Test worker] DEBUG org.springframework.web.client.RestTemplate - Accept=[application/json, application/x-jackson-smile, application/*+json]
12:03:48.049 [Test worker] DEBUG org.springframework.web.client.RestTemplate - Writing [[Person{name='Robert'}, Person{name='Marie'}]] as "application/json"
12:03:48.050 [XNIO-89 I/O-6] DEBUG org.springframework.web.server.adapter.HttpWebHandlerAdapter - [433f7b48] HTTP POST "/person-create/rxjava2-observable"
12:03:48.050 [XNIO-89 I/O-6] DEBUG org.springframework.web.reactive.result.method.annotation.RequestMappingHandlerMapping - [433f7b48] Mapped to public io.reactivex.Completable org.springframework.web.reactive.result.method.annotation.RequestMappingMessageConversionIntegrationTests$PersonCreateController.createWithRxJava2Observable(io.reactivex.Observable<org.springframework.web.reactive.result.method.annotation.RequestMappingMessageConversionIntegrationTests$Person>)
12:03:48.050 [XNIO-89 I/O-6] DEBUG org.springframework.web.reactive.result.method.annotation.RequestBodyArgumentResolver - [433f7b48] Content-Type:application/json
12:03:48.050 [XNIO-89 I/O-6] DEBUG org.springframework.web.reactive.result.method.annotation.RequestBodyArgumentResolver - [433f7b48] 0..N [org.springframework.web.reactive.result.method.annotation.RequestMappingMessageConversionIntegrationTests$Person]
12:03:48.050 [XNIO-89 I/O-6] DEBUG org.springframework.http.codec.json.Jackson2JsonDecoder - [433f7b48] Decoded [Person{name='Robert'}]
12:03:48.050 [XNIO-89 I/O-6] DEBUG org.springframework.http.codec.json.Jackson2JsonDecoder - [433f7b48] Decoded [Person{name='Marie'}]
12:03:48.050 [XNIO-89 I/O-6] DEBUG org.springframework.web.server.adapter.HttpWebHandlerAdapter - [433f7b48] Completed 200 OK
12:03:48.051 [Test worker] DEBUG org.springframework.web.client.RestTemplate - Response 200 OK
12:03:48.051 [Test worker] DEBUG org.springframework.http.server.reactive.bootstrap.UndertowHttpServer - Stopping UndertowHttpServer...
12:03:48.051 [Test worker] DEBUG org.springframework.http.server.reactive.bootstrap.UndertowHttpServer - Server stopped (0 millis).
12:03:48.127 [Test worker] DEBUG org.springframework.web.reactive.result.method.annotation.RequestMappingHandlerMapping - 37 mappings in 'requestMappingHandlerMapping'
12:03:48.167 [Test worker] DEBUG org.springframework.web.reactive.result.method.annotation.ControllerMethodResolver - ControllerAdvice beans: none
12:03:48.234 [Test worker] DEBUG org.springframework.web.server.adapter.HttpWebHandlerAdapter - enableLoggingRequestDetails='false': form data and headers will be masked to prevent unsafe logging of potentially sensitive data
12:03:48.234 [Test worker] DEBUG org.springframework.http.server.reactive.bootstrap.UndertowHttpServer - Starting UndertowHttpServer...
12:03:48.238 [Test worker] DEBUG org.springframework.http.server.reactive.bootstrap.UndertowHttpServer - Server started on port 53472(0 millis).
12:03:48.238 [Test worker] DEBUG org.springframework.web.client.RestTemplate - HTTP GET http://localhost:53472/raw-response/flux
12:03:48.238 [Test worker] DEBUG org.springframework.web.client.RestTemplate - Accept=[text/plain, application/json, application/x-jackson-smile, application/*+json, */*]
12:03:48.238 [XNIO-90 I/O-1] DEBUG org.springframework.web.server.adapter.HttpWebHandlerAdapter - [2c0f1ae5] HTTP GET "/raw-response/flux"
12:03:48.238 [XNIO-90 I/O-1] DEBUG org.springframework.web.reactive.result.method.annotation.RequestMappingHandlerMapping - [2c0f1ae5] Mapped to public reactor.core.publisher.Flux<java.nio.ByteBuffer> org.springframework.web.reactive.result.method.annotation.RequestMappingMessageConversionIntegrationTests$RawResponseBodyController.getFlux()
12:03:48.239 [XNIO-90 I/O-1] DEBUG org.springframework.web.reactive.result.method.annotation.ResponseBodyResultHandler - Using 'text/plain' given [text/plain, application/json, application/x-jackson-smile, application/*+json, */*] and supported [*/*, application/json;charset=UTF-8, application/*+json;charset=UTF-8, application/x-jackson-smile;charset=UTF-8, application/*+x-jackson-smile;charset=UTF-8, text/event-stream]
12:03:48.239 [XNIO-90 I/O-1] DEBUG org.springframework.web.reactive.result.method.annotation.ResponseBodyResultHandler - [2c0f1ae5] 0..N [java.nio.ByteBuffer]
12:03:48.239 [XNIO-90 I/O-1] DEBUG org.springframework.core.codec.ByteBufferEncoder - [2c0f1ae5] Writing 6 bytes
12:03:48.239 [XNIO-90 I/O-1] DEBUG org.springframework.web.server.adapter.HttpWebHandlerAdapter - [2c0f1ae5] Completed 200 OK
12:03:48.239 [Test worker] DEBUG org.springframework.web.client.RestTemplate - Response 200 OK
12:03:48.239 [Test worker] DEBUG org.springframework.web.client.RestTemplate - Reading to [java.lang.String] as "text/plain"
12:03:48.239 [Test worker] DEBUG org.springframework.http.server.reactive.bootstrap.UndertowHttpServer - Stopping UndertowHttpServer...
12:03:48.240 [Test worker] DEBUG org.springframework.http.server.reactive.bootstrap.UndertowHttpServer - Server stopped (0 millis).
12:03:48.315 [Test worker] DEBUG org.springframework.web.reactive.result.method.annotation.RequestMappingHandlerMapping - 37 mappings in 'requestMappingHandlerMapping'
12:03:48.356 [Test worker] DEBUG org.springframework.web.reactive.result.method.annotation.ControllerMethodResolver - ControllerAdvice beans: none
12:03:48.423 [Test worker] DEBUG org.springframework.web.server.adapter.HttpWebHandlerAdapter - enableLoggingRequestDetails='false': form data and headers will be masked to prevent unsafe logging of potentially sensitive data
12:03:48.423 [Test worker] DEBUG org.springframework.http.server.reactive.bootstrap.UndertowHttpServer - Starting UndertowHttpServer...
12:03:48.426 [Test worker] DEBUG org.springframework.http.server.reactive.bootstrap.UndertowHttpServer - Server started on port 53489(0 millis).
12:03:48.426 [Test worker] DEBUG org.springframework.web.client.RestTemplate - HTTP GET http://localhost:53489/raw-response/mono
12:03:48.426 [Test worker] DEBUG org.springframework.web.client.RestTemplate - Accept=[text/plain, application/json, application/x-jackson-smile, application/*+json, */*]
12:03:48.427 [XNIO-91 I/O-6] DEBUG org.springframework.web.server.adapter.HttpWebHandlerAdapter - [16810bc6] HTTP GET "/raw-response/mono"
12:03:48.427 [XNIO-91 I/O-6] DEBUG org.springframework.web.reactive.result.method.annotation.RequestMappingHandlerMapping - [16810bc6] Mapped to public reactor.core.publisher.Mono<java.nio.ByteBuffer> org.springframework.web.reactive.result.method.annotation.RequestMappingMessageConversionIntegrationTests$RawResponseBodyController.getMonoString()
12:03:48.427 [XNIO-91 I/O-6] DEBUG org.springframework.web.reactive.result.method.annotation.ResponseBodyResultHandler - Using 'text/plain' given [text/plain, application/json, application/x-jackson-smile, application/*+json, */*] and supported [*/*, application/json;charset=UTF-8, application/*+json;charset=UTF-8, application/x-jackson-smile;charset=UTF-8, application/*+x-jackson-smile;charset=UTF-8, text/event-stream]
12:03:48.427 [XNIO-91 I/O-6] DEBUG org.springframework.web.reactive.result.method.annotation.ResponseBodyResultHandler - [16810bc6] 0..1 [java.nio.ByteBuffer]
12:03:48.427 [XNIO-91 I/O-6] DEBUG org.springframework.core.codec.ByteBufferEncoder - [16810bc6] Writing 6 bytes
12:03:48.428 [XNIO-91 I/O-6] DEBUG org.springframework.web.server.adapter.HttpWebHandlerAdapter - [16810bc6] Completed 200 OK
12:03:48.428 [Test worker] DEBUG org.springframework.web.client.RestTemplate - Response 200 OK
12:03:48.428 [Test worker] DEBUG org.springframework.web.client.RestTemplate - Reading to [java.lang.String] as "text/plain"
12:03:48.428 [Test worker] DEBUG org.springframework.http.server.reactive.bootstrap.UndertowHttpServer - Stopping UndertowHttpServer...
12:03:48.428 [Test worker] DEBUG org.springframework.http.server.reactive.bootstrap.UndertowHttpServer - Server stopped (0 millis).
12:03:48.508 [Test worker] DEBUG org.springframework.web.reactive.result.method.annotation.RequestMappingHandlerMapping - 37 mappings in 'requestMappingHandlerMapping'
12:03:48.548 [Test worker] DEBUG org.springframework.web.reactive.result.method.annotation.ControllerMethodResolver - ControllerAdvice beans: none
12:03:48.616 [Test worker] DEBUG org.springframework.web.server.adapter.HttpWebHandlerAdapter - enableLoggingRequestDetails='false': form data and headers will be masked to prevent unsafe logging of potentially sensitive data
12:03:48.616 [Test worker] DEBUG org.springframework.http.server.reactive.bootstrap.UndertowHttpServer - Starting UndertowHttpServer...
12:03:48.619 [Test worker] DEBUG org.springframework.http.server.reactive.bootstrap.UndertowHttpServer - Server started on port 53506(0 millis).
12:03:48.619 [Test worker] DEBUG org.springframework.web.client.RestTemplate - HTTP POST http://localhost:53506/person-transform/flowable
12:03:48.619 [Test worker] DEBUG org.springframework.web.client.RestTemplate - Accept=[application/json, application/x-jackson-smile, application/*+json]
12:03:48.619 [Test worker] DEBUG org.springframework.web.client.RestTemplate - Writing [[Person{name='Robert'}, Person{name='Marie'}]] as "application/json"
12:03:48.620 [XNIO-92 I/O-6] DEBUG org.springframework.web.server.adapter.HttpWebHandlerAdapter - [371170b5] HTTP POST "/person-transform/flowable"
12:03:48.620 [XNIO-92 I/O-6] DEBUG org.springframework.web.reactive.result.method.annotation.RequestMappingHandlerMapping - [371170b5] Mapped to public io.reactivex.Flowable<org.springframework.web.reactive.result.method.annotation.RequestMappingMessageConversionIntegrationTests$Person> org.springframework.web.reactive.result.method.annotation.RequestMappingMessageConversionIntegrationTests$PersonTransformationController.transformFlowable(io.reactivex.Flowable<org.springframework.web.reactive.result.method.annotation.RequestMappingMessageConversionIntegrationTests$Person>)
12:03:48.620 [XNIO-92 I/O-6] DEBUG org.springframework.web.reactive.result.method.annotation.RequestBodyArgumentResolver - [371170b5] Content-Type:application/json
12:03:48.621 [XNIO-92 I/O-6] DEBUG org.springframework.web.reactive.result.method.annotation.RequestBodyArgumentResolver - [371170b5] 0..N [org.springframework.web.reactive.result.method.annotation.RequestMappingMessageConversionIntegrationTests$Person]
12:03:48.621 [XNIO-92 I/O-6] DEBUG org.springframework.web.reactive.result.method.annotation.ResponseBodyResultHandler - Using 'application/json;charset=UTF-8' given [application/json] and supported [application/json;charset=UTF-8, application/*+json;charset=UTF-8, application/x-jackson-smile;charset=UTF-8, application/*+x-jackson-smile;charset=UTF-8, application/xml, text/xml, text/event-stream]
12:03:48.621 [XNIO-92 I/O-6] DEBUG org.springframework.web.reactive.result.method.annotation.ResponseBodyResultHandler - [371170b5] 0..N [org.springframework.web.reactive.result.method.annotation.RequestMappingMessageConversionIntegrationTests$Person]
12:03:48.621 [XNIO-92 I/O-6] DEBUG org.springframework.http.codec.json.Jackson2JsonDecoder - [371170b5] Decoded [Person{name='Robert'}]
12:03:48.621 [XNIO-92 I/O-6] DEBUG org.springframework.http.codec.json.Jackson2JsonDecoder - [371170b5] Decoded [Person{name='Marie'}]
12:03:48.621 [XNIO-92 I/O-6] DEBUG org.springframework.http.codec.json.Jackson2JsonEncoder - [371170b5] Encoding [[Person{name='ROBERT'}, Person{name='MARIE'}]]
12:03:48.622 [XNIO-92 I/O-6] DEBUG org.springframework.web.server.adapter.HttpWebHandlerAdapter - [371170b5] Completed 200 OK
12:03:48.622 [Test worker] DEBUG org.springframework.web.client.RestTemplate - Response 200 OK
12:03:48.622 [Test worker] DEBUG org.springframework.web.client.RestTemplate - Reading to [java.util.List<org.springframework.web.reactive.result.method.annotation.RequestMappingMessageConversionIntegrationTests$Person>]
12:03:48.622 [Test worker] DEBUG org.springframework.http.server.reactive.bootstrap.UndertowHttpServer - Stopping UndertowHttpServer...
12:03:48.623 [Test worker] DEBUG org.springframework.http.server.reactive.bootstrap.UndertowHttpServer - Server stopped (0 millis).
12:03:48.698 [Test worker] DEBUG org.springframework.web.reactive.result.method.annotation.RequestMappingHandlerMapping - 37 mappings in 'requestMappingHandlerMapping'
12:03:48.739 [Test worker] DEBUG org.springframework.web.reactive.result.method.annotation.ControllerMethodResolver - ControllerAdvice beans: none
12:03:48.809 [Test worker] DEBUG org.springframework.web.server.adapter.HttpWebHandlerAdapter - enableLoggingRequestDetails='false': form data and headers will be masked to prevent unsafe logging of potentially sensitive data
12:03:48.809 [Test worker] DEBUG org.springframework.http.server.reactive.bootstrap.UndertowHttpServer - Starting UndertowHttpServer...
12:03:48.812 [Test worker] DEBUG org.springframework.http.server.reactive.bootstrap.UndertowHttpServer - Server started on port 53523(0 millis).
12:03:48.812 [Test worker] DEBUG org.springframework.web.client.RestTemplate - HTTP POST http://localhost:53523/person-create/flux
12:03:48.812 [Test worker] DEBUG org.springframework.web.client.RestTemplate - Accept=[application/json, application/x-jackson-smile, application/*+json]
12:03:48.813 [Test worker] DEBUG org.springframework.web.client.RestTemplate - Writing [[Person{name='Robert'}, Person{name='Marie'}]] as "application/json"
12:03:48.813 [XNIO-93 I/O-6] DEBUG org.springframework.web.server.adapter.HttpWebHandlerAdapter - [3648e019] HTTP POST "/person-create/flux"
12:03:48.813 [XNIO-93 I/O-6] DEBUG org.springframework.web.reactive.result.method.annotation.RequestMappingHandlerMapping - [3648e019] Mapped to public reactor.core.publisher.Mono<java.lang.Void> org.springframework.web.reactive.result.method.annotation.RequestMappingMessageConversionIntegrationTests$PersonCreateController.createWithFlux(reactor.core.publisher.Flux<org.springframework.web.reactive.result.method.annotation.RequestMappingMessageConversionIntegrationTests$Person>)
12:03:48.814 [XNIO-93 I/O-6] DEBUG org.springframework.web.reactive.result.method.annotation.RequestBodyArgumentResolver - [3648e019] Content-Type:application/json
12:03:48.814 [XNIO-93 I/O-6] DEBUG org.springframework.web.reactive.result.method.annotation.RequestBodyArgumentResolver - [3648e019] 0..N [org.springframework.web.reactive.result.method.annotation.RequestMappingMessageConversionIntegrationTests$Person]
12:03:48.814 [XNIO-93 I/O-6] DEBUG org.springframework.http.codec.json.Jackson2JsonDecoder - [3648e019] Decoded [Person{name='Robert'}]
12:03:48.814 [XNIO-93 I/O-6] DEBUG org.springframework.http.codec.json.Jackson2JsonDecoder - [3648e019] Decoded [Person{name='Marie'}]
12:03:48.814 [XNIO-93 I/O-6] DEBUG org.springframework.web.server.adapter.HttpWebHandlerAdapter - [3648e019] Completed 200 OK
12:03:48.814 [Test worker] DEBUG org.springframework.web.client.RestTemplate - Response 200 OK
12:03:48.814 [Test worker] DEBUG org.springframework.http.server.reactive.bootstrap.UndertowHttpServer - Stopping UndertowHttpServer...
12:03:48.815 [Test worker] DEBUG org.springframework.http.server.reactive.bootstrap.UndertowHttpServer - Server stopped (0 millis).
12:03:48.889 [Test worker] DEBUG org.springframework.web.reactive.result.method.annotation.RequestMappingHandlerMapping - 37 mappings in 'requestMappingHandlerMapping'
12:03:48.929 [Test worker] DEBUG org.springframework.web.reactive.result.method.annotation.ControllerMethodResolver - ControllerAdvice beans: none
12:03:48.996 [Test worker] DEBUG org.springframework.web.server.adapter.HttpWebHandlerAdapter - enableLoggingRequestDetails='false': form data and headers will be masked to prevent unsafe logging of potentially sensitive data
12:03:48.996 [Test worker] DEBUG org.springframework.http.server.reactive.bootstrap.UndertowHttpServer - Starting UndertowHttpServer...
12:03:49.000 [Test worker] DEBUG org.springframework.http.server.reactive.bootstrap.UndertowHttpServer - Server started on port 53539(0 millis).
12:03:49.000 [Test worker] DEBUG org.springframework.web.client.RestTemplate - HTTP POST http://localhost:53539/person-create/flowable
12:03:49.000 [Test worker] DEBUG org.springframework.web.client.RestTemplate - Accept=[application/json, application/x-jackson-smile, application/*+json]
12:03:49.000 [Test worker] DEBUG org.springframework.web.client.RestTemplate - Writing [org.springframework.web.reactive.result.method.annotation.RequestMappingMessageConversionIntegrationTests$People@183d7862] as "application/xml"
12:03:49.005 [XNIO-94 I/O-6] DEBUG org.springframework.web.server.adapter.HttpWebHandlerAdapter - [65b29880] HTTP POST "/person-create/flowable"
12:03:49.006 [XNIO-94 I/O-6] DEBUG org.springframework.web.reactive.result.method.annotation.RequestMappingHandlerMapping - [65b29880] Mapped to public io.reactivex.Completable org.springframework.web.reactive.result.method.annotation.RequestMappingMessageConversionIntegrationTests$PersonCreateController.createWithFlowable(io.reactivex.Flowable<org.springframework.web.reactive.result.method.annotation.RequestMappingMessageConversionIntegrationTests$Person>)
12:03:49.006 [XNIO-94 I/O-6] DEBUG org.springframework.web.reactive.result.method.annotation.RequestBodyArgumentResolver - [65b29880] Content-Type:application/xml
12:03:49.006 [XNIO-94 I/O-6] DEBUG org.springframework.web.reactive.result.method.annotation.RequestBodyArgumentResolver - [65b29880] 0..N [org.springframework.web.reactive.result.method.annotation.RequestMappingMessageConversionIntegrationTests$Person]
12:03:49.011 [XNIO-94 I/O-6] DEBUG org.springframework.http.codec.xml.Jaxb2XmlDecoder - [65b29880] Decoded [Person{name='Robert'}]
12:03:49.011 [XNIO-94 I/O-6] DEBUG org.springframework.http.codec.xml.Jaxb2XmlDecoder - [65b29880] Decoded [Person{name='Marie'}]
12:03:49.011 [XNIO-94 I/O-6] DEBUG org.springframework.web.server.adapter.HttpWebHandlerAdapter - [65b29880] Completed 200 OK
12:03:49.012 [Test worker] DEBUG org.springframework.web.client.RestTemplate - Response 200 OK
12:03:49.012 [Test worker] DEBUG org.springframework.http.server.reactive.bootstrap.UndertowHttpServer - Stopping UndertowHttpServer...
12:03:49.013 [Test worker] DEBUG org.springframework.http.server.reactive.bootstrap.UndertowHttpServer - Server stopped (0 millis).
12:03:49.088 [Test worker] DEBUG org.springframework.web.reactive.result.method.annotation.RequestMappingHandlerMapping - 37 mappings in 'requestMappingHandlerMapping'
12:03:49.129 [Test worker] DEBUG org.springframework.web.reactive.result.method.annotation.ControllerMethodResolver - ControllerAdvice beans: none
12:03:49.199 [Test worker] DEBUG org.springframework.web.server.adapter.HttpWebHandlerAdapter - enableLoggingRequestDetails='false': form data and headers will be masked to prevent unsafe logging of potentially sensitive data
12:03:49.199 [Test worker] DEBUG org.springframework.http.server.reactive.bootstrap.UndertowHttpServer - Starting UndertowHttpServer...
12:03:49.202 [Test worker] DEBUG org.springframework.http.server.reactive.bootstrap.UndertowHttpServer - Server started on port 53555(0 millis).
12:03:49.202 [Test worker] DEBUG org.springframework.web.client.RestTemplate - HTTP GET http://localhost:53555/resource
12:03:49.203 [Test worker] DEBUG org.springframework.web.client.RestTemplate - Accept=[application/octet-stream, application/json, application/x-jackson-smile, application/*+json, */*]
12:03:49.203 [XNIO-95 I/O-6] DEBUG org.springframework.web.server.adapter.HttpWebHandlerAdapter - [a1759c] HTTP GET "/resource"
12:03:49.203 [XNIO-95 I/O-6] DEBUG org.springframework.web.reactive.result.method.annotation.RequestMappingHandlerMapping - [a1759c] Mapped to public org.springframework.core.io.Resource org.springframework.web.reactive.result.method.annotation.RequestMappingMessageConversionIntegrationTests$ResourceController.resource()
12:03:49.204 [XNIO-95 I/O-6] DEBUG org.springframework.web.reactive.result.method.annotation.ResponseBodyResultHandler - Using 'application/octet-stream' given [application/octet-stream, application/json, application/x-jackson-smile, application/*+json, */*] and supported [application/octet-stream, */*, application/json;charset=UTF-8, application/*+json;charset=UTF-8, application/x-jackson-smile;charset=UTF-8, application/*+x-jackson-smile;charset=UTF-8, text/event-stream]
12:03:49.204 [XNIO-95 I/O-6] DEBUG org.springframework.web.reactive.result.method.annotation.ResponseBodyResultHandler - [a1759c] 0..1 [org.springframework.core.io.Resource]
12:03:49.204 [XNIO-95 I/O-6] DEBUG org.springframework.http.codec.ResourceHttpMessageWriter - [a1759c] Resource associated with 'image/png'
12:03:49.205 [XNIO-95 I/O-6] DEBUG org.springframework.http.codec.ResourceHttpMessageWriter - [a1759c] Zero-copy [class path resource [org/springframework/http/server/reactive/spring.png]]
12:03:49.210 [XNIO-95 I/O-6] DEBUG org.springframework.web.server.adapter.HttpWebHandlerAdapter - [a1759c] Completed 200 OK
12:03:49.210 [Test worker] DEBUG org.springframework.web.client.RestTemplate - Response 200 OK
12:03:49.210 [Test worker] DEBUG org.springframework.web.client.RestTemplate - Reading to [[B] as "image/png"
12:03:49.210 [Test worker] DEBUG org.springframework.http.server.reactive.bootstrap.UndertowHttpServer - Stopping UndertowHttpServer...
12:03:49.210 [Test worker] DEBUG org.springframework.http.server.reactive.bootstrap.UndertowHttpServer - Server stopped (0 millis).
12:03:49.285 [Test worker] DEBUG org.springframework.web.reactive.result.method.annotation.RequestMappingHandlerMapping - 37 mappings in 'requestMappingHandlerMapping'
12:03:49.325 [Test worker] DEBUG org.springframework.web.reactive.result.method.annotation.ControllerMethodResolver - ControllerAdvice beans: none
12:03:49.391 [Test worker] DEBUG org.springframework.web.server.adapter.HttpWebHandlerAdapter - enableLoggingRequestDetails='false': form data and headers will be masked to prevent unsafe logging of potentially sensitive data
12:03:49.391 [Test worker] DEBUG org.springframework.http.server.reactive.bootstrap.UndertowHttpServer - Starting UndertowHttpServer...
12:03:49.395 [Test worker] DEBUG org.springframework.http.server.reactive.bootstrap.UndertowHttpServer - Server started on port 53571(0 millis).
12:03:49.395 [Test worker] DEBUG org.springframework.web.client.RestTemplate - HTTP POST http://localhost:53571/person-create/flux
12:03:49.395 [Test worker] DEBUG org.springframework.web.client.RestTemplate - Accept=[application/json, application/x-jackson-smile, application/*+json]
12:03:49.395 [Test worker] DEBUG org.springframework.web.client.RestTemplate - Writing [org.springframework.web.reactive.result.method.annotation.RequestMappingMessageConversionIntegrationTests$People@7786eac9] as "application/xml"
12:03:49.400 [XNIO-96 I/O-6] DEBUG org.springframework.web.server.adapter.HttpWebHandlerAdapter - [423a7878] HTTP POST "/person-create/flux"
12:03:49.400 [XNIO-96 I/O-6] DEBUG org.springframework.web.reactive.result.method.annotation.RequestMappingHandlerMapping - [423a7878] Mapped to public reactor.core.publisher.Mono<java.lang.Void> org.springframework.web.reactive.result.method.annotation.RequestMappingMessageConversionIntegrationTests$PersonCreateController.createWithFlux(reactor.core.publisher.Flux<org.springframework.web.reactive.result.method.annotation.RequestMappingMessageConversionIntegrationTests$Person>)
12:03:49.401 [XNIO-96 I/O-6] DEBUG org.springframework.web.reactive.result.method.annotation.RequestBodyArgumentResolver - [423a7878] Content-Type:application/xml
12:03:49.401 [XNIO-96 I/O-6] DEBUG org.springframework.web.reactive.result.method.annotation.RequestBodyArgumentResolver - [423a7878] 0..N [org.springframework.web.reactive.result.method.annotation.RequestMappingMessageConversionIntegrationTests$Person]
12:03:49.405 [XNIO-96 I/O-6] DEBUG org.springframework.http.codec.xml.Jaxb2XmlDecoder - [423a7878] Decoded [Person{name='Robert'}]
12:03:49.406 [XNIO-96 I/O-6] DEBUG org.springframework.http.codec.xml.Jaxb2XmlDecoder - [423a7878] Decoded [Person{name='Marie'}]
12:03:49.406 [XNIO-96 I/O-6] DEBUG org.springframework.web.server.adapter.HttpWebHandlerAdapter - [423a7878] Completed 200 OK
12:03:49.407 [Test worker] DEBUG org.springframework.web.client.RestTemplate - Response 200 OK
12:03:49.407 [Test worker] DEBUG org.springframework.http.server.reactive.bootstrap.UndertowHttpServer - Stopping UndertowHttpServer...
12:03:49.407 [Test worker] DEBUG org.springframework.http.server.reactive.bootstrap.UndertowHttpServer - Server stopped (0 millis).
12:03:49.483 [Test worker] DEBUG org.springframework.web.reactive.result.method.annotation.RequestMappingHandlerMapping - 37 mappings in 'requestMappingHandlerMapping'
12:03:49.525 [Test worker] DEBUG org.springframework.web.reactive.result.method.annotation.ControllerMethodResolver - ControllerAdvice beans: none
12:03:49.592 [Test worker] DEBUG org.springframework.web.server.adapter.HttpWebHandlerAdapter - enableLoggingRequestDetails='false': form data and headers will be masked to prevent unsafe logging of potentially sensitive data
12:03:49.592 [Test worker] DEBUG org.springframework.http.server.reactive.bootstrap.UndertowHttpServer - Starting UndertowHttpServer...
12:03:49.596 [Test worker] DEBUG org.springframework.http.server.reactive.bootstrap.UndertowHttpServer - Server started on port 53587(0 millis).
12:03:49.596 [Test worker] DEBUG org.springframework.web.client.RestTemplate - HTTP GET http://localhost:53587/person-response/mono-response-entity
12:03:49.596 [Test worker] DEBUG org.springframework.web.client.RestTemplate - Accept=[application/xml, text/xml, application/json, application/x-jackson-smile, application/*+xml, application/*+json]
12:03:49.597 [XNIO-97 I/O-6] DEBUG org.springframework.web.server.adapter.HttpWebHandlerAdapter - [148bb1e4] HTTP GET "/person-response/mono-response-entity"
12:03:49.597 [XNIO-97 I/O-6] DEBUG org.springframework.web.reactive.result.method.annotation.RequestMappingHandlerMapping - [148bb1e4] Mapped to public org.springframework.http.ResponseEntity<reactor.core.publisher.Mono<org.springframework.web.reactive.result.method.annotation.RequestMappingMessageConversionIntegrationTests$Person>> org.springframework.web.reactive.result.method.annotation.RequestMappingMessageConversionIntegrationTests$PersonResponseBodyController.getMonoResponseEntity()
12:03:49.597 [XNIO-97 I/O-6] DEBUG org.springframework.web.reactive.result.method.annotation.ResponseEntityResultHandler - Using 'application/json;charset=UTF-8' given [application/json] and supported [application/json;charset=UTF-8, application/*+json;charset=UTF-8, application/x-jackson-smile;charset=UTF-8, application/*+x-jackson-smile;charset=UTF-8, application/xml, text/xml, text/event-stream]
12:03:49.597 [XNIO-97 I/O-6] DEBUG org.springframework.web.reactive.result.method.annotation.ResponseEntityResultHandler - [148bb1e4] 0..1 [org.springframework.web.reactive.result.method.annotation.RequestMappingMessageConversionIntegrationTests$Person]
12:03:49.597 [XNIO-97 I/O-6] DEBUG org.springframework.http.codec.json.Jackson2JsonEncoder - [148bb1e4] Encoding [Person{name='Robert'}]
12:03:49.597 [Test worker] DEBUG org.springframework.web.client.RestTemplate - Response 200 OK
12:03:49.597 [XNIO-97 I/O-6] DEBUG org.springframework.web.server.adapter.HttpWebHandlerAdapter - [148bb1e4] Completed 200 OK
12:03:49.597 [Test worker] DEBUG org.springframework.web.client.RestTemplate - Reading to [org.springframework.web.reactive.result.method.annotation.RequestMappingMessageConversionIntegrationTests$Person]
12:03:49.598 [Test worker] DEBUG org.springframework.http.server.reactive.bootstrap.UndertowHttpServer - Stopping UndertowHttpServer...
12:03:49.598 [Test worker] DEBUG org.springframework.http.server.reactive.bootstrap.UndertowHttpServer - Server stopped (0 millis).
12:03:49.674 [Test worker] DEBUG org.springframework.web.reactive.result.method.annotation.RequestMappingHandlerMapping - 37 mappings in 'requestMappingHandlerMapping'
12:03:49.715 [Test worker] DEBUG org.springframework.web.reactive.result.method.annotation.ControllerMethodResolver - ControllerAdvice beans: none
12:03:49.781 [Test worker] DEBUG org.springframework.web.server.adapter.HttpWebHandlerAdapter - enableLoggingRequestDetails='false': form data and headers will be masked to prevent unsafe logging of potentially sensitive data
12:03:49.781 [Test worker] DEBUG org.springframework.http.server.reactive.bootstrap.UndertowHttpServer - Starting UndertowHttpServer...
12:03:49.785 [Test worker] DEBUG org.springframework.http.server.reactive.bootstrap.UndertowHttpServer - Server started on port 53603(0 millis).
12:03:49.785 [Test worker] DEBUG org.springframework.web.client.RestTemplate - HTTP GET http://localhost:53603/raw-response/rxjava2-observable
12:03:49.785 [Test worker] DEBUG org.springframework.web.client.RestTemplate - Accept=[text/plain, application/json, application/x-jackson-smile, application/*+json, */*]
12:03:49.786 [XNIO-98 I/O-6] DEBUG org.springframework.web.server.adapter.HttpWebHandlerAdapter - [1cb76def] HTTP GET "/raw-response/rxjava2-observable"
12:03:49.786 [XNIO-98 I/O-6] DEBUG org.springframework.web.reactive.result.method.annotation.RequestMappingHandlerMapping - [1cb76def] Mapped to public io.reactivex.Observable<java.nio.ByteBuffer> org.springframework.web.reactive.result.method.annotation.RequestMappingMessageConversionIntegrationTests$RawResponseBodyController.getRxJava2Observable()
12:03:49.786 [XNIO-98 I/O-6] DEBUG org.springframework.web.reactive.result.method.annotation.ResponseBodyResultHandler - Using 'text/plain' given [text/plain, application/json, application/x-jackson-smile, application/*+json, */*] and supported [*/*, application/json;charset=UTF-8, application/*+json;charset=UTF-8, application/x-jackson-smile;charset=UTF-8, application/*+x-jackson-smile;charset=UTF-8, text/event-stream]
12:03:49.786 [XNIO-98 I/O-6] DEBUG org.springframework.web.reactive.result.method.annotation.ResponseBodyResultHandler - [1cb76def] 0..N [java.nio.ByteBuffer]
12:03:49.786 [XNIO-98 I/O-6] DEBUG org.springframework.core.codec.ByteBufferEncoder - [1cb76def] Writing 6 bytes
12:03:49.786 [XNIO-98 I/O-6] DEBUG org.springframework.web.server.adapter.HttpWebHandlerAdapter - [1cb76def] Completed 200 OK
12:03:49.787 [Test worker] DEBUG org.springframework.web.client.RestTemplate - Response 200 OK
12:03:49.787 [Test worker] DEBUG org.springframework.web.client.RestTemplate - Reading to [java.lang.String] as "text/plain"
12:03:49.787 [Test worker] DEBUG org.springframework.http.server.reactive.bootstrap.UndertowHttpServer - Stopping UndertowHttpServer...
12:03:49.787 [Test worker] DEBUG org.springframework.http.server.reactive.bootstrap.UndertowHttpServer - Server stopped (0 millis).
12:03:49.867 [Test worker] DEBUG org.springframework.web.reactive.result.method.annotation.RequestMappingHandlerMapping - 37 mappings in 'requestMappingHandlerMapping'
12:03:49.908 [Test worker] DEBUG org.springframework.web.reactive.result.method.annotation.ControllerMethodResolver - ControllerAdvice beans: none
12:03:49.974 [Test worker] DEBUG org.springframework.web.server.adapter.HttpWebHandlerAdapter - enableLoggingRequestDetails='false': form data and headers will be masked to prevent unsafe logging of potentially sensitive data
12:03:49.974 [Test worker] DEBUG org.springframework.http.server.reactive.bootstrap.UndertowHttpServer - Starting UndertowHttpServer...
12:03:49.977 [Test worker] DEBUG org.springframework.http.server.reactive.bootstrap.UndertowHttpServer - Server started on port 53619(0 millis).
12:03:49.977 [Test worker] DEBUG org.springframework.web.client.RestTemplate - HTTP POST http://localhost:53619/person-create/single
12:03:49.977 [Test worker] DEBUG org.springframework.web.client.RestTemplate - Accept=[application/json, application/x-jackson-smile, application/*+json]
12:03:49.977 [Test worker] DEBUG org.springframework.web.client.RestTemplate - Writing [Person{name='Robert'}] as "application/json"
12:03:49.978 [XNIO-99 I/O-6] DEBUG org.springframework.web.server.adapter.HttpWebHandlerAdapter - [56b07fc9] HTTP POST "/person-create/single"
12:03:49.978 [XNIO-99 I/O-6] DEBUG org.springframework.web.reactive.result.method.annotation.RequestMappingHandlerMapping - [56b07fc9] Mapped to public rx.Completable org.springframework.web.reactive.result.method.annotation.RequestMappingMessageConversionIntegrationTests$PersonCreateController.createWithSingle(rx.Single<org.springframework.web.reactive.result.method.annotation.RequestMappingMessageConversionIntegrationTests$Person>)
12:03:49.978 [XNIO-99 I/O-6] DEBUG org.springframework.web.reactive.result.method.annotation.RequestBodyArgumentResolver - [56b07fc9] Content-Type:application/json
12:03:49.979 [XNIO-99 I/O-6] DEBUG org.springframework.web.reactive.result.method.annotation.RequestBodyArgumentResolver - [56b07fc9] 0..1 [org.springframework.web.reactive.result.method.annotation.RequestMappingMessageConversionIntegrationTests$Person]
12:03:49.979 [XNIO-99 I/O-6] DEBUG org.springframework.http.codec.json.Jackson2JsonDecoder - [56b07fc9] Decoded [Person{name='Robert'}]
12:03:49.979 [XNIO-99 I/O-6] DEBUG org.springframework.web.server.adapter.HttpWebHandlerAdapter - [56b07fc9] Completed 200 OK
12:03:49.979 [Test worker] DEBUG org.springframework.web.client.RestTemplate - Response 200 OK
12:03:49.979 [Test worker] DEBUG org.springframework.http.server.reactive.bootstrap.UndertowHttpServer - Stopping UndertowHttpServer...
12:03:49.980 [Test worker] DEBUG org.springframework.http.server.reactive.bootstrap.UndertowHttpServer - Server stopped (0 millis).
12:03:50.057 [Test worker] DEBUG org.springframework.web.reactive.result.method.annotation.RequestMappingHandlerMapping - 37 mappings in 'requestMappingHandlerMapping'
12:03:50.097 [Test worker] DEBUG org.springframework.web.reactive.result.method.annotation.ControllerMethodResolver - ControllerAdvice beans: none
12:03:50.165 [Test worker] DEBUG org.springframework.web.server.adapter.HttpWebHandlerAdapter - enableLoggingRequestDetails='false': form data and headers will be masked to prevent unsafe logging of potentially sensitive data
12:03:50.165 [Test worker] DEBUG org.springframework.http.server.reactive.bootstrap.UndertowHttpServer - Starting UndertowHttpServer...
12:03:50.169 [Test worker] DEBUG org.springframework.http.server.reactive.bootstrap.UndertowHttpServer - Server started on port 53635(0 millis).
12:03:50.169 [Test worker] DEBUG org.springframework.web.client.RestTemplate - HTTP GET http://localhost:53635/raw-response/observable
12:03:50.169 [Test worker] DEBUG org.springframework.web.client.RestTemplate - Accept=[text/plain, application/json, application/x-jackson-smile, application/*+json, */*]
12:03:50.169 [XNIO-100 I/O-6] DEBUG org.springframework.web.server.adapter.HttpWebHandlerAdapter - [20608738] HTTP GET "/raw-response/observable"
12:03:50.169 [XNIO-100 I/O-6] DEBUG org.springframework.web.reactive.result.method.annotation.RequestMappingHandlerMapping - [20608738] Mapped to public rx.Observable<java.nio.ByteBuffer> org.springframework.web.reactive.result.method.annotation.RequestMappingMessageConversionIntegrationTests$RawResponseBodyController.getObservable()
12:03:50.170 [XNIO-100 I/O-6] DEBUG org.springframework.web.reactive.result.method.annotation.ResponseBodyResultHandler - Using 'text/plain' given [text/plain, application/json, application/x-jackson-smile, application/*+json, */*] and supported [*/*, application/json;charset=UTF-8, application/*+json;charset=UTF-8, application/x-jackson-smile;charset=UTF-8, application/*+x-jackson-smile;charset=UTF-8, text/event-stream]
12:03:50.170 [XNIO-100 I/O-6] DEBUG org.springframework.web.reactive.result.method.annotation.ResponseBodyResultHandler - [20608738] 0..N [java.nio.ByteBuffer]
12:03:50.170 [XNIO-100 I/O-6] DEBUG org.springframework.core.codec.ByteBufferEncoder - [20608738] Writing 6 bytes
12:03:50.170 [XNIO-100 I/O-6] DEBUG org.springframework.web.server.adapter.HttpWebHandlerAdapter - [20608738] Completed 200 OK
12:03:50.170 [Test worker] DEBUG org.springframework.web.client.RestTemplate - Response 200 OK
12:03:50.170 [Test worker] DEBUG org.springframework.web.client.RestTemplate - Reading to [java.lang.String] as "text/plain"
12:03:50.170 [Test worker] DEBUG org.springframework.http.server.reactive.bootstrap.UndertowHttpServer - Stopping UndertowHttpServer...
12:03:50.171 [Test worker] DEBUG org.springframework.http.server.reactive.bootstrap.UndertowHttpServer - Server stopped (0 millis).
12:03:50.248 [Test worker] DEBUG org.springframework.web.reactive.result.method.annotation.RequestMappingHandlerMapping - 37 mappings in 'requestMappingHandlerMapping'
12:03:50.288 [Test worker] DEBUG org.springframework.web.reactive.result.method.annotation.ControllerMethodResolver - ControllerAdvice beans: none
12:03:50.355 [Test worker] DEBUG org.springframework.web.server.adapter.HttpWebHandlerAdapter - enableLoggingRequestDetails='false': form data and headers will be masked to prevent unsafe logging of potentially sensitive data
12:03:50.355 [Test worker] DEBUG org.springframework.http.server.reactive.bootstrap.UndertowHttpServer - Starting UndertowHttpServer...
12:03:50.358 [Test worker] DEBUG org.springframework.http.server.reactive.bootstrap.UndertowHttpServer - Server started on port 53651(0 millis).
12:03:50.358 [Test worker] DEBUG org.springframework.web.client.RestTemplate - HTTP GET http://localhost:53651/person-response/flux
12:03:50.359 [Test worker] DEBUG org.springframework.web.client.RestTemplate - Accept=[application/json, application/x-jackson-smile, application/*+json]
12:03:50.359 [XNIO-101 I/O-6] DEBUG org.springframework.web.server.adapter.HttpWebHandlerAdapter - [416a2111] HTTP GET "/person-response/flux"
12:03:50.359 [XNIO-101 I/O-6] DEBUG org.springframework.web.reactive.result.method.annotation.RequestMappingHandlerMapping - [416a2111] Mapped to public reactor.core.publisher.Flux<org.springframework.web.reactive.result.method.annotation.RequestMappingMessageConversionIntegrationTests$Person> org.springframework.web.reactive.result.method.annotation.RequestMappingMessageConversionIntegrationTests$PersonResponseBodyController.getFlux()
12:03:50.359 [XNIO-101 I/O-6] DEBUG org.springframework.web.reactive.result.method.annotation.ResponseBodyResultHandler - Using 'application/json;charset=UTF-8' given [application/json] and supported [application/json;charset=UTF-8, application/*+json;charset=UTF-8, application/x-jackson-smile;charset=UTF-8, application/*+x-jackson-smile;charset=UTF-8, application/xml, text/xml, text/event-stream]
12:03:50.360 [XNIO-101 I/O-6] DEBUG org.springframework.web.reactive.result.method.annotation.ResponseBodyResultHandler - [416a2111] 0..N [org.springframework.web.reactive.result.method.annotation.RequestMappingMessageConversionIntegrationTests$Person]
12:03:50.360 [XNIO-101 I/O-6] DEBUG org.springframework.http.codec.json.Jackson2JsonEncoder - [416a2111] Encoding [[Person{name='Robert'}, Person{name='Marie'}]]
12:03:50.360 [XNIO-101 I/O-6] DEBUG org.springframework.web.server.adapter.HttpWebHandlerAdapter - [416a2111] Completed 200 OK
12:03:50.360 [Test worker] DEBUG org.springframework.web.client.RestTemplate - Response 200 OK
12:03:50.360 [Test worker] DEBUG org.springframework.web.client.RestTemplate - Reading to [java.util.List<org.springframework.web.reactive.result.method.annotation.RequestMappingMessageConversionIntegrationTests$Person>]
12:03:50.360 [Test worker] DEBUG org.springframework.http.server.reactive.bootstrap.UndertowHttpServer - Stopping UndertowHttpServer...
12:03:50.361 [Test worker] DEBUG org.springframework.http.server.reactive.bootstrap.UndertowHttpServer - Server stopped (0 millis).
12:03:50.437 [Test worker] DEBUG org.springframework.web.reactive.result.method.annotation.RequestMappingHandlerMapping - 37 mappings in 'requestMappingHandlerMapping'
12:03:50.482 [Test worker] DEBUG org.springframework.web.reactive.result.method.annotation.ControllerMethodResolver - ControllerAdvice beans: none
12:03:50.548 [Test worker] DEBUG org.springframework.web.server.adapter.HttpWebHandlerAdapter - enableLoggingRequestDetails='false': form data and headers will be masked to prevent unsafe logging of potentially sensitive data
12:03:50.549 [Test worker] DEBUG org.springframework.http.server.reactive.bootstrap.UndertowHttpServer - Starting UndertowHttpServer...
12:03:50.552 [Test worker] DEBUG org.springframework.http.server.reactive.bootstrap.UndertowHttpServer - Server started on port 53667(0 millis).
12:03:50.552 [Test worker] DEBUG org.springframework.web.client.RestTemplate - HTTP GET http://localhost:53667/person-response/list
12:03:50.552 [Test worker] DEBUG org.springframework.web.client.RestTemplate - Accept=[application/json, application/x-jackson-smile, application/*+json]
12:03:50.553 [XNIO-102 I/O-6] DEBUG org.springframework.web.server.adapter.HttpWebHandlerAdapter - [6fdda6a0] HTTP GET "/person-response/list"
12:03:50.553 [XNIO-102 I/O-6] DEBUG org.springframework.web.reactive.result.method.annotation.RequestMappingHandlerMapping - [6fdda6a0] Mapped to public java.util.List<org.springframework.web.reactive.result.method.annotation.RequestMappingMessageConversionIntegrationTests$Person> org.springframework.web.reactive.result.method.annotation.RequestMappingMessageConversionIntegrationTests$PersonResponseBodyController.getList()
12:03:50.553 [XNIO-102 I/O-6] DEBUG org.springframework.web.reactive.result.method.annotation.ResponseBodyResultHandler - Using 'application/json;charset=UTF-8' given [application/json] and supported [application/json;charset=UTF-8, application/*+json;charset=UTF-8, application/x-jackson-smile;charset=UTF-8, application/*+x-jackson-smile;charset=UTF-8, text/event-stream]
12:03:50.553 [XNIO-102 I/O-6] DEBUG org.springframework.web.reactive.result.method.annotation.ResponseBodyResultHandler - [6fdda6a0] 0..1 [java.util.List<org.springframework.web.reactive.result.method.annotation.RequestMappingMessageConversionIntegrationTests$Person>]
12:03:50.553 [XNIO-102 I/O-6] DEBUG org.springframework.http.codec.json.Jackson2JsonEncoder - [6fdda6a0] Encoding [[Person{name='Robert'}, Person{name='Marie'}]]
12:03:50.553 [XNIO-102 I/O-6] DEBUG org.springframework.web.server.adapter.HttpWebHandlerAdapter - [6fdda6a0] Completed 200 OK
12:03:50.554 [Test worker] DEBUG org.springframework.web.client.RestTemplate - Response 200 OK
12:03:50.554 [Test worker] DEBUG org.springframework.web.client.RestTemplate - Reading to [java.util.List<org.springframework.web.reactive.result.method.annotation.RequestMappingMessageConversionIntegrationTests$Person>]
12:03:50.554 [Test worker] DEBUG org.springframework.http.server.reactive.bootstrap.UndertowHttpServer - Stopping UndertowHttpServer...
12:03:50.554 [Test worker] DEBUG org.springframework.http.server.reactive.bootstrap.UndertowHttpServer - Server stopped (0 millis).
12:03:50.631 [Test worker] DEBUG org.springframework.web.reactive.result.method.annotation.RequestMappingHandlerMapping - 37 mappings in 'requestMappingHandlerMapping'
12:03:50.671 [Test worker] DEBUG org.springframework.web.reactive.result.method.annotation.ControllerMethodResolver - ControllerAdvice beans: none
12:03:50.738 [Test worker] DEBUG org.springframework.web.server.adapter.HttpWebHandlerAdapter - enableLoggingRequestDetails='false': form data and headers will be masked to prevent unsafe logging of potentially sensitive data
12:03:50.738 [Test worker] DEBUG org.springframework.http.server.reactive.bootstrap.UndertowHttpServer - Starting UndertowHttpServer...
12:03:50.741 [Test worker] DEBUG org.springframework.http.server.reactive.bootstrap.UndertowHttpServer - Server started on port 53683(0 millis).
12:03:50.741 [Test worker] DEBUG org.springframework.web.client.RestTemplate - HTTP GET http://localhost:53683/person-response/mono
12:03:50.742 [Test worker] DEBUG org.springframework.web.client.RestTemplate - Accept=[application/xml, text/xml, application/json, application/x-jackson-smile, application/*+xml, application/*+json]
12:03:50.742 [XNIO-103 I/O-6] DEBUG org.springframework.web.server.adapter.HttpWebHandlerAdapter - [68269ac9] HTTP GET "/person-response/mono"
12:03:50.743 [XNIO-103 I/O-6] DEBUG org.springframework.web.reactive.result.method.annotation.RequestMappingHandlerMapping - [68269ac9] Mapped to public reactor.core.publisher.Mono<org.springframework.web.reactive.result.method.annotation.RequestMappingMessageConversionIntegrationTests$Person> org.springframework.web.reactive.result.method.annotation.RequestMappingMessageConversionIntegrationTests$PersonResponseBodyController.getMono()
12:03:50.743 [XNIO-103 I/O-6] DEBUG org.springframework.web.reactive.result.method.annotation.ResponseBodyResultHandler - Using 'application/json;charset=UTF-8' given [application/json] and supported [application/json;charset=UTF-8, application/*+json;charset=UTF-8, application/x-jackson-smile;charset=UTF-8, application/*+x-jackson-smile;charset=UTF-8, application/xml, text/xml, text/event-stream]
12:03:50.743 [XNIO-103 I/O-6] DEBUG org.springframework.web.reactive.result.method.annotation.ResponseBodyResultHandler - [68269ac9] 0..1 [org.springframework.web.reactive.result.method.annotation.RequestMappingMessageConversionIntegrationTests$Person]
12:03:50.743 [XNIO-103 I/O-6] DEBUG org.springframework.http.codec.json.Jackson2JsonEncoder - [68269ac9] Encoding [Person{name='Robert'}]
12:03:50.743 [XNIO-103 I/O-6] DEBUG org.springframework.web.server.adapter.HttpWebHandlerAdapter - [68269ac9] Completed 200 OK
12:03:50.743 [Test worker] DEBUG org.springframework.web.client.RestTemplate - Response 200 OK
12:03:50.743 [Test worker] DEBUG org.springframework.web.client.RestTemplate - Reading to [org.springframework.web.reactive.result.method.annotation.RequestMappingMessageConversionIntegrationTests$Person]
12:03:50.743 [Test worker] DEBUG org.springframework.http.server.reactive.bootstrap.UndertowHttpServer - Stopping UndertowHttpServer...
12:03:50.744 [Test worker] DEBUG org.springframework.http.server.reactive.bootstrap.UndertowHttpServer - Server stopped (0 millis).
12:03:50.820 [Test worker] DEBUG org.springframework.web.reactive.result.method.annotation.RequestMappingHandlerMapping - 37 mappings in 'requestMappingHandlerMapping'
12:03:50.860 [Test worker] DEBUG org.springframework.web.reactive.result.method.annotation.ControllerMethodResolver - ControllerAdvice beans: none
12:03:50.928 [Test worker] DEBUG org.springframework.web.server.adapter.HttpWebHandlerAdapter - enableLoggingRequestDetails='false': form data and headers will be masked to prevent unsafe logging of potentially sensitive data
12:03:50.928 [Test worker] DEBUG org.springframework.http.server.reactive.bootstrap.UndertowHttpServer - Starting UndertowHttpServer...
12:03:50.931 [Test worker] DEBUG org.springframework.http.server.reactive.bootstrap.UndertowHttpServer - Server started on port 53699(0 millis).
12:03:50.931 [Test worker] DEBUG org.springframework.web.client.RestTemplate - HTTP POST http://localhost:53699/person-transform/observable
12:03:50.931 [Test worker] DEBUG org.springframework.web.client.RestTemplate - Accept=[application/json, application/x-jackson-smile, application/*+json]
12:03:50.932 [Test worker] DEBUG org.springframework.web.client.RestTemplate - Writing [[Person{name='Robert'}, Person{name='Marie'}]] as "application/json"
12:03:50.932 [XNIO-104 I/O-6] DEBUG org.springframework.web.server.adapter.HttpWebHandlerAdapter - [29e577da] HTTP POST "/person-transform/observable"
12:03:50.932 [XNIO-104 I/O-6] DEBUG org.springframework.web.reactive.result.method.annotation.RequestMappingHandlerMapping - [29e577da] Mapped to public rx.Observable<org.springframework.web.reactive.result.method.annotation.RequestMappingMessageConversionIntegrationTests$Person> org.springframework.web.reactive.result.method.annotation.RequestMappingMessageConversionIntegrationTests$PersonTransformationController.transformObservable(rx.Observable<org.springframework.web.reactive.result.method.annotation.RequestMappingMessageConversionIntegrationTests$Person>)
12:03:50.932 [XNIO-104 I/O-6] DEBUG org.springframework.web.reactive.result.method.annotation.RequestBodyArgumentResolver - [29e577da] Content-Type:application/json
12:03:50.933 [XNIO-104 I/O-6] DEBUG org.springframework.web.reactive.result.method.annotation.RequestBodyArgumentResolver - [29e577da] 0..N [org.springframework.web.reactive.result.method.annotation.RequestMappingMessageConversionIntegrationTests$Person]
12:03:50.933 [XNIO-104 I/O-6] DEBUG org.springframework.web.reactive.result.method.annotation.ResponseBodyResultHandler - Using 'application/json;charset=UTF-8' given [application/json] and supported [application/json;charset=UTF-8, application/*+json;charset=UTF-8, application/x-jackson-smile;charset=UTF-8, application/*+x-jackson-smile;charset=UTF-8, application/xml, text/xml, text/event-stream]
12:03:50.933 [XNIO-104 I/O-6] DEBUG org.springframework.web.reactive.result.method.annotation.ResponseBodyResultHandler - [29e577da] 0..N [org.springframework.web.reactive.result.method.annotation.RequestMappingMessageConversionIntegrationTests$Person]
12:03:50.933 [XNIO-104 I/O-6] DEBUG org.springframework.http.codec.json.Jackson2JsonDecoder - [29e577da] Decoded [Person{name='Robert'}]
12:03:50.933 [XNIO-104 I/O-6] DEBUG org.springframework.http.codec.json.Jackson2JsonDecoder - [29e577da] Decoded [Person{name='Marie'}]
12:03:50.933 [XNIO-104 I/O-6] DEBUG org.springframework.http.codec.json.Jackson2JsonEncoder - [29e577da] Encoding [[Person{name='ROBERT'}, Person{name='MARIE'}]]
12:03:50.933 [XNIO-104 I/O-6] DEBUG org.springframework.web.server.adapter.HttpWebHandlerAdapter - [29e577da] Completed 200 OK
12:03:50.934 [Test worker] DEBUG org.springframework.web.client.RestTemplate - Response 200 OK
12:03:50.934 [Test worker] DEBUG org.springframework.web.client.RestTemplate - Reading to [java.util.List<org.springframework.web.reactive.result.method.annotation.RequestMappingMessageConversionIntegrationTests$Person>]
12:03:50.934 [Test worker] DEBUG org.springframework.http.server.reactive.bootstrap.UndertowHttpServer - Stopping UndertowHttpServer...
12:03:50.934 [Test worker] DEBUG org.springframework.http.server.reactive.bootstrap.UndertowHttpServer - Server stopped (0 millis).
12:03:51.013 [Test worker] DEBUG org.springframework.web.reactive.result.method.annotation.RequestMappingHandlerMapping - 37 mappings in 'requestMappingHandlerMapping'
12:03:51.052 [Test worker] DEBUG org.springframework.web.reactive.result.method.annotation.ControllerMethodResolver - ControllerAdvice beans: none
12:03:51.123 [Test worker] DEBUG org.springframework.web.server.adapter.HttpWebHandlerAdapter - enableLoggingRequestDetails='false': form data and headers will be masked to prevent unsafe logging of potentially sensitive data
12:03:51.123 [Test worker] DEBUG org.springframework.http.server.reactive.bootstrap.UndertowHttpServer - Starting UndertowHttpServer...
12:03:51.126 [Test worker] DEBUG org.springframework.http.server.reactive.bootstrap.UndertowHttpServer - Server started on port 53715(0 millis).
12:03:51.126 [Test worker] DEBUG org.springframework.web.client.RestTemplate - HTTP POST http://localhost:53715/person-create/publisher
12:03:51.126 [Test worker] DEBUG org.springframework.web.client.RestTemplate - Accept=[application/json, application/x-jackson-smile, application/*+json]
12:03:51.126 [Test worker] DEBUG org.springframework.web.client.RestTemplate - Writing [[Person{name='Robert'}, Person{name='Marie'}]] as "application/json"
12:03:51.127 [XNIO-105 I/O-6] DEBUG org.springframework.web.server.adapter.HttpWebHandlerAdapter - [64e82a16] HTTP POST "/person-create/publisher"
12:03:51.127 [XNIO-105 I/O-6] DEBUG org.springframework.web.reactive.result.method.annotation.RequestMappingHandlerMapping - [64e82a16] Mapped to public org.reactivestreams.Publisher<java.lang.Void> org.springframework.web.reactive.result.method.annotation.RequestMappingMessageConversionIntegrationTests$PersonCreateController.createWithPublisher(org.reactivestreams.Publisher<org.springframework.web.reactive.result.method.annotation.RequestMappingMessageConversionIntegrationTests$Person>)
12:03:51.127 [XNIO-105 I/O-6] DEBUG org.springframework.web.reactive.result.method.annotation.RequestBodyArgumentResolver - [64e82a16] Content-Type:application/json
12:03:51.128 [XNIO-105 I/O-6] DEBUG org.springframework.web.reactive.result.method.annotation.RequestBodyArgumentResolver - [64e82a16] 0..N [org.springframework.web.reactive.result.method.annotation.RequestMappingMessageConversionIntegrationTests$Person]
12:03:51.128 [XNIO-105 I/O-6] DEBUG org.springframework.http.codec.json.Jackson2JsonDecoder - [64e82a16] Decoded [Person{name='Robert'}]
12:03:51.128 [XNIO-105 I/O-6] DEBUG org.springframework.http.codec.json.Jackson2JsonDecoder - [64e82a16] Decoded [Person{name='Marie'}]
12:03:51.128 [XNIO-105 I/O-6] DEBUG org.springframework.web.server.adapter.HttpWebHandlerAdapter - [64e82a16] Completed 200 OK
12:03:51.128 [Test worker] DEBUG org.springframework.web.client.RestTemplate - Response 200 OK
12:03:51.128 [Test worker] DEBUG org.springframework.http.server.reactive.bootstrap.UndertowHttpServer - Stopping UndertowHttpServer...
12:03:51.129 [Test worker] DEBUG org.springframework.http.server.reactive.bootstrap.UndertowHttpServer - Server stopped (0 millis).
12:03:51.205 [Test worker] DEBUG org.springframework.web.reactive.result.method.annotation.RequestMappingHandlerMapping - 37 mappings in 'requestMappingHandlerMapping'
12:03:51.245 [Test worker] DEBUG org.springframework.web.reactive.result.method.annotation.ControllerMethodResolver - ControllerAdvice beans: none
12:03:51.314 [Test worker] DEBUG org.springframework.web.server.adapter.HttpWebHandlerAdapter - enableLoggingRequestDetails='false': form data and headers will be masked to prevent unsafe logging of potentially sensitive data
12:03:51.314 [Test worker] DEBUG org.springframework.http.server.reactive.bootstrap.UndertowHttpServer - Starting UndertowHttpServer...
12:03:51.317 [Test worker] DEBUG org.springframework.http.server.reactive.bootstrap.UndertowHttpServer - Server started on port 53731(0 millis).
12:03:51.317 [Test worker] DEBUG org.springframework.web.client.RestTemplate - HTTP GET http://localhost:53731/person-response/single
12:03:51.318 [Test worker] DEBUG org.springframework.web.client.RestTemplate - Accept=[application/xml, text/xml, application/json, application/x-jackson-smile, application/*+xml, application/*+json]
12:03:51.318 [XNIO-106 I/O-6] DEBUG org.springframework.web.server.adapter.HttpWebHandlerAdapter - [1c122c78] HTTP GET "/person-response/single"
12:03:51.318 [XNIO-106 I/O-6] DEBUG org.springframework.web.reactive.result.method.annotation.RequestMappingHandlerMapping - [1c122c78] Mapped to public rx.Single<org.springframework.web.reactive.result.method.annotation.RequestMappingMessageConversionIntegrationTests$Person> org.springframework.web.reactive.result.method.annotation.RequestMappingMessageConversionIntegrationTests$PersonResponseBodyController.getSingle()
12:03:51.319 [XNIO-106 I/O-6] DEBUG org.springframework.web.reactive.result.method.annotation.ResponseBodyResultHandler - Using 'application/json;charset=UTF-8' given [application/json] and supported [application/json;charset=UTF-8, application/*+json;charset=UTF-8, application/x-jackson-smile;charset=UTF-8, application/*+x-jackson-smile;charset=UTF-8, application/xml, text/xml, text/event-stream]
12:03:51.319 [XNIO-106 I/O-6] DEBUG org.springframework.web.reactive.result.method.annotation.ResponseBodyResultHandler - [1c122c78] 0..1 [org.springframework.web.reactive.result.method.annotation.RequestMappingMessageConversionIntegrationTests$Person]
12:03:51.319 [XNIO-106 I/O-6] DEBUG org.springframework.http.codec.json.Jackson2JsonEncoder - [1c122c78] Encoding [Person{name='Robert'}]
12:03:51.319 [XNIO-106 I/O-6] DEBUG org.springframework.web.server.adapter.HttpWebHandlerAdapter - [1c122c78] Completed 200 OK
12:03:51.319 [Test worker] DEBUG org.springframework.web.client.RestTemplate - Response 200 OK
12:03:51.319 [Test worker] DEBUG org.springframework.web.client.RestTemplate - Reading to [org.springframework.web.reactive.result.method.annotation.RequestMappingMessageConversionIntegrationTests$Person]
12:03:51.319 [Test worker] DEBUG org.springframework.http.server.reactive.bootstrap.UndertowHttpServer - Stopping UndertowHttpServer...
12:03:51.320 [Test worker] DEBUG org.springframework.http.server.reactive.bootstrap.UndertowHttpServer - Server stopped (0 millis).
12:03:51.398 [Test worker] DEBUG org.springframework.web.reactive.result.method.annotation.RequestMappingHandlerMapping - 37 mappings in 'requestMappingHandlerMapping'
12:03:51.439 [Test worker] DEBUG org.springframework.web.reactive.result.method.annotation.ControllerMethodResolver - ControllerAdvice beans: none
12:03:51.510 [Test worker] DEBUG org.springframework.web.server.adapter.HttpWebHandlerAdapter - enableLoggingRequestDetails='false': form data and headers will be masked to prevent unsafe logging of potentially sensitive data
12:03:51.510 [Test worker] DEBUG org.springframework.http.server.reactive.bootstrap.UndertowHttpServer - Starting UndertowHttpServer...
12:03:51.513 [Test worker] DEBUG org.springframework.http.server.reactive.bootstrap.UndertowHttpServer - Server started on port 53747(0 millis).
12:03:51.513 [Test worker] DEBUG org.springframework.web.client.RestTemplate - HTTP POST http://localhost:53747/person-create/flowable
12:03:51.513 [Test worker] DEBUG org.springframework.web.client.RestTemplate - Accept=[application/json, application/x-jackson-smile, application/*+json]
12:03:51.513 [Test worker] DEBUG org.springframework.web.client.RestTemplate - Writing [[Person{name='Robert'}, Person{name='Marie'}]] as "application/json"
12:03:51.514 [XNIO-107 I/O-6] DEBUG org.springframework.web.server.adapter.HttpWebHandlerAdapter - [655a9e4b] HTTP POST "/person-create/flowable"
12:03:51.514 [XNIO-107 I/O-6] DEBUG org.springframework.web.reactive.result.method.annotation.RequestMappingHandlerMapping - [655a9e4b] Mapped to public io.reactivex.Completable org.springframework.web.reactive.result.method.annotation.RequestMappingMessageConversionIntegrationTests$PersonCreateController.createWithFlowable(io.reactivex.Flowable<org.springframework.web.reactive.result.method.annotation.RequestMappingMessageConversionIntegrationTests$Person>)
12:03:51.514 [XNIO-107 I/O-6] DEBUG org.springframework.web.reactive.result.method.annotation.RequestBodyArgumentResolver - [655a9e4b] Content-Type:application/json
12:03:51.515 [XNIO-107 I/O-6] DEBUG org.springframework.web.reactive.result.method.annotation.RequestBodyArgumentResolver - [655a9e4b] 0..N [org.springframework.web.reactive.result.method.annotation.RequestMappingMessageConversionIntegrationTests$Person]
12:03:51.515 [XNIO-107 I/O-6] DEBUG org.springframework.http.codec.json.Jackson2JsonDecoder - [655a9e4b] Decoded [Person{name='Robert'}]
12:03:51.515 [XNIO-107 I/O-6] DEBUG org.springframework.http.codec.json.Jackson2JsonDecoder - [655a9e4b] Decoded [Person{name='Marie'}]
12:03:51.515 [XNIO-107 I/O-6] DEBUG org.springframework.web.server.adapter.HttpWebHandlerAdapter - [655a9e4b] Completed 200 OK
12:03:51.515 [Test worker] DEBUG org.springframework.web.client.RestTemplate - Response 200 OK
12:03:51.515 [Test worker] DEBUG org.springframework.http.server.reactive.bootstrap.UndertowHttpServer - Stopping UndertowHttpServer...
12:03:51.516 [Test worker] DEBUG org.springframework.http.server.reactive.bootstrap.UndertowHttpServer - Server stopped (0 millis).
12:03:51.595 [Test worker] DEBUG org.springframework.web.reactive.result.method.annotation.RequestMappingHandlerMapping - 37 mappings in 'requestMappingHandlerMapping'
12:03:51.635 [Test worker] DEBUG org.springframework.web.reactive.result.method.annotation.ControllerMethodResolver - ControllerAdvice beans: none
12:03:51.705 [Test worker] DEBUG org.springframework.web.server.adapter.HttpWebHandlerAdapter - enableLoggingRequestDetails='false': form data and headers will be masked to prevent unsafe logging of potentially sensitive data
12:03:51.705 [Test worker] DEBUG org.springframework.http.server.reactive.bootstrap.UndertowHttpServer - Starting UndertowHttpServer...
12:03:51.708 [Test worker] DEBUG org.springframework.http.server.reactive.bootstrap.UndertowHttpServer - Server started on port 53763(0 millis).
12:03:51.708 [Test worker] DEBUG org.springframework.web.client.RestTemplate - HTTP POST http://localhost:53763/person-create/rxjava2-observable
12:03:51.708 [Test worker] DEBUG org.springframework.web.client.RestTemplate - Accept=[application/json, application/x-jackson-smile, application/*+json]
12:03:51.709 [Test worker] DEBUG org.springframework.web.client.RestTemplate - Writing [org.springframework.web.reactive.result.method.annotation.RequestMappingMessageConversionIntegrationTests$People@476c5475] as "application/xml"
12:03:51.713 [XNIO-108 I/O-6] DEBUG org.springframework.web.server.adapter.HttpWebHandlerAdapter - [17ef9fe7] HTTP POST "/person-create/rxjava2-observable"
12:03:51.714 [XNIO-108 I/O-6] DEBUG org.springframework.web.reactive.result.method.annotation.RequestMappingHandlerMapping - [17ef9fe7] Mapped to public io.reactivex.Completable org.springframework.web.reactive.result.method.annotation.RequestMappingMessageConversionIntegrationTests$PersonCreateController.createWithRxJava2Observable(io.reactivex.Observable<org.springframework.web.reactive.result.method.annotation.RequestMappingMessageConversionIntegrationTests$Person>)
12:03:51.714 [XNIO-108 I/O-6] DEBUG org.springframework.web.reactive.result.method.annotation.RequestBodyArgumentResolver - [17ef9fe7] Content-Type:application/xml
12:03:51.714 [XNIO-108 I/O-6] DEBUG org.springframework.web.reactive.result.method.annotation.RequestBodyArgumentResolver - [17ef9fe7] 0..N [org.springframework.web.reactive.result.method.annotation.RequestMappingMessageConversionIntegrationTests$Person]
12:03:51.719 [XNIO-108 I/O-6] DEBUG org.springframework.http.codec.xml.Jaxb2XmlDecoder - [17ef9fe7] Decoded [Person{name='Robert'}]
12:03:51.719 [XNIO-108 I/O-6] DEBUG org.springframework.http.codec.xml.Jaxb2XmlDecoder - [17ef9fe7] Decoded [Person{name='Marie'}]
12:03:51.719 [XNIO-108 I/O-6] DEBUG org.springframework.web.server.adapter.HttpWebHandlerAdapter - [17ef9fe7] Completed 200 OK
12:03:51.719 [Test worker] DEBUG org.springframework.web.client.RestTemplate - Response 200 OK
12:03:51.719 [Test worker] DEBUG org.springframework.http.server.reactive.bootstrap.UndertowHttpServer - Stopping UndertowHttpServer...
12:03:51.720 [Test worker] DEBUG org.springframework.http.server.reactive.bootstrap.UndertowHttpServer - Server stopped (0 millis).
12:03:51.795 [Test worker] DEBUG org.springframework.web.reactive.result.method.annotation.RequestMappingHandlerMapping - 37 mappings in 'requestMappingHandlerMapping'
12:03:51.833 [Test worker] DEBUG org.springframework.web.reactive.result.method.annotation.ControllerMethodResolver - ControllerAdvice beans: none
12:03:51.901 [Test worker] DEBUG org.springframework.web.server.adapter.HttpWebHandlerAdapter - enableLoggingRequestDetails='false': form data and headers will be masked to prevent unsafe logging of potentially sensitive data
12:03:51.902 [Test worker] DEBUG org.springframework.http.server.reactive.bootstrap.UndertowHttpServer - Starting UndertowHttpServer...
12:03:51.905 [Test worker] DEBUG org.springframework.http.server.reactive.bootstrap.UndertowHttpServer - Server started on port 53779(0 millis).
12:03:51.905 [Test worker] DEBUG org.springframework.web.client.RestTemplate - HTTP POST http://localhost:53779/person-transform/rxjava2-maybe
12:03:51.905 [Test worker] DEBUG org.springframework.web.client.RestTemplate - Accept=[application/xml, text/xml, application/json, application/x-jackson-smile, application/*+xml, application/*+json]
12:03:51.905 [Test worker] DEBUG org.springframework.web.client.RestTemplate - Writing [Person{name='Robert'}] as "application/json"
12:03:51.906 [XNIO-109 I/O-6] DEBUG org.springframework.web.server.adapter.HttpWebHandlerAdapter - [18eefe2] HTTP POST "/person-transform/rxjava2-maybe"
12:03:51.906 [XNIO-109 I/O-6] DEBUG org.springframework.web.reactive.result.method.annotation.RequestMappingHandlerMapping - [18eefe2] Mapped to public io.reactivex.Maybe<org.springframework.web.reactive.result.method.annotation.RequestMappingMessageConversionIntegrationTests$Person> org.springframework.web.reactive.result.method.annotation.RequestMappingMessageConversionIntegrationTests$PersonTransformationController.transformRxJava2Maybe(io.reactivex.Maybe<org.springframework.web.reactive.result.method.annotation.RequestMappingMessageConversionIntegrationTests$Person>)
12:03:51.906 [XNIO-109 I/O-6] DEBUG org.springframework.web.reactive.result.method.annotation.RequestBodyArgumentResolver - [18eefe2] Content-Type:application/json
12:03:51.906 [XNIO-109 I/O-6] DEBUG org.springframework.web.reactive.result.method.annotation.RequestBodyArgumentResolver - [18eefe2] 0..1 [org.springframework.web.reactive.result.method.annotation.RequestMappingMessageConversionIntegrationTests$Person]
12:03:51.907 [XNIO-109 I/O-6] DEBUG org.springframework.web.reactive.result.method.annotation.ResponseBodyResultHandler - Using 'application/json;charset=UTF-8' given [application/json] and supported [application/json;charset=UTF-8, application/*+json;charset=UTF-8, application/x-jackson-smile;charset=UTF-8, application/*+x-jackson-smile;charset=UTF-8, application/xml, text/xml, text/event-stream]
12:03:51.907 [XNIO-109 I/O-6] DEBUG org.springframework.web.reactive.result.method.annotation.ResponseBodyResultHandler - [18eefe2] 0..1 [org.springframework.web.reactive.result.method.annotation.RequestMappingMessageConversionIntegrationTests$Person]
12:03:51.907 [XNIO-109 I/O-6] DEBUG org.springframework.http.codec.json.Jackson2JsonDecoder - [18eefe2] Decoded [Person{name='Robert'}]
12:03:51.907 [XNIO-109 I/O-6] DEBUG org.springframework.http.codec.json.Jackson2JsonEncoder - [18eefe2] Encoding [Person{name='ROBERT'}]
12:03:51.907 [XNIO-109 I/O-6] DEBUG org.springframework.web.server.adapter.HttpWebHandlerAdapter - [18eefe2] Completed 200 OK
12:03:51.907 [Test worker] DEBUG org.springframework.web.client.RestTemplate - Response 200 OK
12:03:51.907 [Test worker] DEBUG org.springframework.web.client.RestTemplate - Reading to [org.springframework.web.reactive.result.method.annotation.RequestMappingMessageConversionIntegrationTests$Person]
12:03:51.907 [Test worker] DEBUG org.springframework.http.server.reactive.bootstrap.UndertowHttpServer - Stopping UndertowHttpServer...
12:03:51.908 [Test worker] DEBUG org.springframework.http.server.reactive.bootstrap.UndertowHttpServer - Server stopped (0 millis).
12:03:51.984 [Test worker] DEBUG org.springframework.web.reactive.result.method.annotation.RequestMappingHandlerMapping - 37 mappings in 'requestMappingHandlerMapping'
12:03:52.024 [Test worker] DEBUG org.springframework.web.reactive.result.method.annotation.ControllerMethodResolver - ControllerAdvice beans: none
12:03:52.090 [Test worker] DEBUG org.springframework.web.server.adapter.HttpWebHandlerAdapter - enableLoggingRequestDetails='false': form data and headers will be masked to prevent unsafe logging of potentially sensitive data
12:03:52.090 [Test worker] DEBUG org.springframework.http.server.reactive.bootstrap.UndertowHttpServer - Starting UndertowHttpServer...
12:03:52.093 [Test worker] DEBUG org.springframework.http.server.reactive.bootstrap.UndertowHttpServer - Server started on port 53795(0 millis).
12:03:52.093 [Test worker] DEBUG org.springframework.web.client.RestTemplate - HTTP GET http://localhost:53795/raw-response/flowable
12:03:52.093 [Test worker] DEBUG org.springframework.web.client.RestTemplate - Accept=[text/plain, application/json, application/x-jackson-smile, application/*+json, */*]
12:03:52.094 [XNIO-110 I/O-6] DEBUG org.springframework.web.server.adapter.HttpWebHandlerAdapter - [592862f2] HTTP GET "/raw-response/flowable"
12:03:52.094 [XNIO-110 I/O-6] DEBUG org.springframework.web.reactive.result.method.annotation.RequestMappingHandlerMapping - [592862f2] Mapped to public io.reactivex.Flowable<java.nio.ByteBuffer> org.springframework.web.reactive.result.method.annotation.RequestMappingMessageConversionIntegrationTests$RawResponseBodyController.getFlowable()
12:03:52.094 [XNIO-110 I/O-6] DEBUG org.springframework.web.reactive.result.method.annotation.ResponseBodyResultHandler - Using 'text/plain' given [text/plain, application/json, application/x-jackson-smile, application/*+json, */*] and supported [*/*, application/json;charset=UTF-8, application/*+json;charset=UTF-8, application/x-jackson-smile;charset=UTF-8, application/*+x-jackson-smile;charset=UTF-8, text/event-stream]
12:03:52.094 [XNIO-110 I/O-6] DEBUG org.springframework.web.reactive.result.method.annotation.ResponseBodyResultHandler - [592862f2] 0..N [java.nio.ByteBuffer]
12:03:52.095 [XNIO-110 I/O-6] DEBUG org.springframework.core.codec.ByteBufferEncoder - [592862f2] Writing 6 bytes
12:03:52.095 [XNIO-110 I/O-6] DEBUG org.springframework.web.server.adapter.HttpWebHandlerAdapter - [592862f2] Completed 200 OK
12:03:52.095 [Test worker] DEBUG org.springframework.web.client.RestTemplate - Response 200 OK
12:03:52.095 [Test worker] DEBUG org.springframework.web.client.RestTemplate - Reading to [java.lang.String] as "text/plain"
12:03:52.095 [Test worker] DEBUG org.springframework.http.server.reactive.bootstrap.UndertowHttpServer - Stopping UndertowHttpServer...
12:03:52.096 [Test worker] DEBUG org.springframework.http.server.reactive.bootstrap.UndertowHttpServer - Server stopped (0 millis).
12:03:52.171 [Test worker] DEBUG org.springframework.web.reactive.result.method.annotation.RequestMappingHandlerMapping - 37 mappings in 'requestMappingHandlerMapping'
12:03:52.209 [Test worker] DEBUG org.springframework.web.reactive.result.method.annotation.ControllerMethodResolver - ControllerAdvice beans: none
12:03:52.276 [Test worker] DEBUG org.springframework.web.server.adapter.HttpWebHandlerAdapter - enableLoggingRequestDetails='false': form data and headers will be masked to prevent unsafe logging of potentially sensitive data
12:03:52.276 [Test worker] DEBUG org.springframework.http.server.reactive.bootstrap.UndertowHttpServer - Starting UndertowHttpServer...
12:03:52.279 [Test worker] DEBUG org.springframework.http.server.reactive.bootstrap.UndertowHttpServer - Server started on port 53811(0 millis).
12:03:52.279 [Test worker] DEBUG org.springframework.web.client.RestTemplate - HTTP POST http://localhost:53811/person-transform/flux
12:03:52.279 [Test worker] DEBUG org.springframework.web.client.RestTemplate - Accept=[application/json, application/x-jackson-smile, application/*+json]
12:03:52.279 [Test worker] DEBUG org.springframework.web.client.RestTemplate - Writing [[Person{name='Robert'}, Person{name='Marie'}]] as "application/json"
12:03:52.284 [XNIO-111 I/O-6] DEBUG org.springframework.web.server.adapter.HttpWebHandlerAdapter - [6b230180] HTTP POST "/person-transform/flux"
12:03:52.284 [XNIO-111 I/O-6] DEBUG org.springframework.web.reactive.result.method.annotation.RequestMappingHandlerMapping - [6b230180] Mapped to public reactor.core.publisher.Flux<org.springframework.web.reactive.result.method.annotation.RequestMappingMessageConversionIntegrationTests$Person> org.springframework.web.reactive.result.method.annotation.RequestMappingMessageConversionIntegrationTests$PersonTransformationController.transformFlux(reactor.core.publisher.Flux<org.springframework.web.reactive.result.method.annotation.RequestMappingMessageConversionIntegrationTests$Person>)
12:03:52.284 [XNIO-111 I/O-6] DEBUG org.springframework.web.reactive.result.method.annotation.RequestBodyArgumentResolver - [6b230180] Content-Type:application/json
12:03:52.284 [XNIO-111 I/O-6] DEBUG org.springframework.web.reactive.result.method.annotation.RequestBodyArgumentResolver - [6b230180] 0..N [org.springframework.web.reactive.result.method.annotation.RequestMappingMessageConversionIntegrationTests$Person]
12:03:52.285 [XNIO-111 I/O-6] DEBUG org.springframework.web.reactive.result.method.annotation.ResponseBodyResultHandler - Using 'application/json;charset=UTF-8' given [application/json] and supported [application/json;charset=UTF-8, application/*+json;charset=UTF-8, application/x-jackson-smile;charset=UTF-8, application/*+x-jackson-smile;charset=UTF-8, application/xml, text/xml, text/event-stream]
12:03:52.285 [XNIO-111 I/O-6] DEBUG org.springframework.web.reactive.result.method.annotation.ResponseBodyResultHandler - [6b230180] 0..N [org.springframework.web.reactive.result.method.annotation.RequestMappingMessageConversionIntegrationTests$Person]
12:03:52.285 [XNIO-111 I/O-6] DEBUG org.springframework.http.codec.json.Jackson2JsonDecoder - [6b230180] Decoded [Person{name='Robert'}]
12:03:52.285 [XNIO-111 I/O-6] DEBUG org.springframework.http.codec.json.Jackson2JsonDecoder - [6b230180] Decoded [Person{name='Marie'}]
12:03:52.285 [XNIO-111 I/O-6] DEBUG org.springframework.http.codec.json.Jackson2JsonEncoder - [6b230180] Encoding [[Person{name='ROBERT'}, Person{name='MARIE'}]]
12:03:52.285 [XNIO-111 I/O-6] DEBUG org.springframework.web.server.adapter.HttpWebHandlerAdapter - [6b230180] Completed 200 OK
12:03:52.285 [Test worker] DEBUG org.springframework.web.client.RestTemplate - Response 200 OK
12:03:52.285 [Test worker] DEBUG org.springframework.web.client.RestTemplate - Reading to [java.util.List<org.springframework.web.reactive.result.method.annotation.RequestMappingMessageConversionIntegrationTests$Person>]
12:03:52.286 [Test worker] DEBUG org.springframework.http.server.reactive.bootstrap.UndertowHttpServer - Stopping UndertowHttpServer...
12:03:52.286 [Test worker] DEBUG org.springframework.http.server.reactive.bootstrap.UndertowHttpServer - Server stopped (0 millis).
12:03:52.363 [Test worker] DEBUG org.springframework.web.reactive.result.method.annotation.RequestMappingHandlerMapping - 37 mappings in 'requestMappingHandlerMapping'
12:03:52.402 [Test worker] DEBUG org.springframework.web.reactive.result.method.annotation.ControllerMethodResolver - ControllerAdvice beans: none
12:03:52.471 [Test worker] DEBUG org.springframework.web.server.adapter.HttpWebHandlerAdapter - enableLoggingRequestDetails='false': form data and headers will be masked to prevent unsafe logging of potentially sensitive data
12:03:52.471 [Test worker] DEBUG org.springframework.http.server.reactive.bootstrap.UndertowHttpServer - Starting UndertowHttpServer...
12:03:52.474 [Test worker] DEBUG org.springframework.http.server.reactive.bootstrap.UndertowHttpServer - Server started on port 53827(0 millis).
12:03:52.474 [Test worker] DEBUG org.springframework.web.client.RestTemplate - HTTP POST http://localhost:53827/person-transform/mono
12:03:52.475 [Test worker] DEBUG org.springframework.web.client.RestTemplate - Accept=[application/xml, text/xml, application/json, application/x-jackson-smile, application/*+xml, application/*+json]
12:03:52.475 [Test worker] DEBUG org.springframework.web.client.RestTemplate - Writing [Person{name='Robert'}] as "application/json"
12:03:52.475 [XNIO-112 I/O-6] DEBUG org.springframework.web.server.adapter.HttpWebHandlerAdapter - [2cca68a7] HTTP POST "/person-transform/mono"
12:03:52.476 [XNIO-112 I/O-6] DEBUG org.springframework.web.reactive.result.method.annotation.RequestMappingHandlerMapping - [2cca68a7] Mapped to public reactor.core.publisher.Mono<org.springframework.web.reactive.result.method.annotation.RequestMappingMessageConversionIntegrationTests$Person> org.springframework.web.reactive.result.method.annotation.RequestMappingMessageConversionIntegrationTests$PersonTransformationController.transformMono(reactor.core.publisher.Mono<org.springframework.web.reactive.result.method.annotation.RequestMappingMessageConversionIntegrationTests$Person>)
12:03:52.476 [XNIO-112 I/O-6] DEBUG org.springframework.web.reactive.result.method.annotation.RequestBodyArgumentResolver - [2cca68a7] Content-Type:application/json
12:03:52.476 [XNIO-112 I/O-6] DEBUG org.springframework.web.reactive.result.method.annotation.RequestBodyArgumentResolver - [2cca68a7] 0..1 [org.springframework.web.reactive.result.method.annotation.RequestMappingMessageConversionIntegrationTests$Person]
12:03:52.476 [XNIO-112 I/O-6] DEBUG org.springframework.web.reactive.result.method.annotation.ResponseBodyResultHandler - Using 'application/json;charset=UTF-8' given [application/json] and supported [application/json;charset=UTF-8, application/*+json;charset=UTF-8, application/x-jackson-smile;charset=UTF-8, application/*+x-jackson-smile;charset=UTF-8, application/xml, text/xml, text/event-stream]
12:03:52.476 [XNIO-112 I/O-6] DEBUG org.springframework.web.reactive.result.method.annotation.ResponseBodyResultHandler - [2cca68a7] 0..1 [org.springframework.web.reactive.result.method.annotation.RequestMappingMessageConversionIntegrationTests$Person]
12:03:52.476 [XNIO-112 I/O-6] DEBUG org.springframework.http.codec.json.Jackson2JsonDecoder - [2cca68a7] Decoded [Person{name='Robert'}]
12:03:52.476 [XNIO-112 I/O-6] DEBUG org.springframework.http.codec.json.Jackson2JsonEncoder - [2cca68a7] Encoding [Person{name='ROBERT'}]
12:03:52.477 [Test worker] DEBUG org.springframework.web.client.RestTemplate - Response 200 OK
12:03:52.477 [XNIO-112 I/O-6] DEBUG org.springframework.web.server.adapter.HttpWebHandlerAdapter - [2cca68a7] Completed 200 OK
12:03:52.477 [Test worker] DEBUG org.springframework.web.client.RestTemplate - Reading to [org.springframework.web.reactive.result.method.annotation.RequestMappingMessageConversionIntegrationTests$Person]
12:03:52.477 [Test worker] DEBUG org.springframework.http.server.reactive.bootstrap.UndertowHttpServer - Stopping UndertowHttpServer...
12:03:52.477 [Test worker] DEBUG org.springframework.http.server.reactive.bootstrap.UndertowHttpServer - Server stopped (0 millis).
12:03:52.555 [Test worker] DEBUG org.springframework.web.reactive.result.method.annotation.RequestMappingHandlerMapping - 37 mappings in 'requestMappingHandlerMapping'
12:03:52.594 [Test worker] DEBUG org.springframework.web.reactive.result.method.annotation.ControllerMethodResolver - ControllerAdvice beans: none
12:03:52.660 [Test worker] DEBUG org.springframework.web.server.adapter.HttpWebHandlerAdapter - enableLoggingRequestDetails='false': form data and headers will be masked to prevent unsafe logging of potentially sensitive data
12:03:52.660 [Test worker] DEBUG org.springframework.http.server.reactive.bootstrap.UndertowHttpServer - Starting UndertowHttpServer...
12:03:52.663 [Test worker] DEBUG org.springframework.http.server.reactive.bootstrap.UndertowHttpServer - Server started on port 53843(0 millis).
12:03:52.663 [Test worker] DEBUG org.springframework.web.client.RestTemplate - HTTP POST http://localhost:53843/person-transform/person
12:03:52.663 [Test worker] DEBUG org.springframework.web.client.RestTemplate - Accept=[application/xml, text/xml, application/json, application/x-jackson-smile, application/*+xml, application/*+json]
12:03:52.664 [Test worker] DEBUG org.springframework.web.client.RestTemplate - Writing [Person{name='Robert'}] as "application/json"
12:03:52.664 [XNIO-113 I/O-6] DEBUG org.springframework.web.server.adapter.HttpWebHandlerAdapter - [2c784b6b] HTTP POST "/person-transform/person"
12:03:52.664 [XNIO-113 I/O-6] DEBUG org.springframework.web.reactive.result.method.annotation.RequestMappingHandlerMapping - [2c784b6b] Mapped to public org.springframework.web.reactive.result.method.annotation.RequestMappingMessageConversionIntegrationTests$Person org.springframework.web.reactive.result.method.annotation.RequestMappingMessageConversionIntegrationTests$PersonTransformationController.transformPerson(org.springframework.web.reactive.result.method.annotation.RequestMappingMessageConversionIntegrationTests$Person)
12:03:52.664 [XNIO-113 I/O-6] DEBUG org.springframework.web.reactive.result.method.annotation.RequestBodyArgumentResolver - [2c784b6b] Content-Type:application/json
12:03:52.665 [XNIO-113 I/O-6] DEBUG org.springframework.web.reactive.result.method.annotation.RequestBodyArgumentResolver - [2c784b6b] 0..1 [org.springframework.web.reactive.result.method.annotation.RequestMappingMessageConversionIntegrationTests$Person]
12:03:52.665 [XNIO-113 I/O-6] DEBUG org.springframework.http.codec.json.Jackson2JsonDecoder - [2c784b6b] Decoded [Person{name='Robert'}]
12:03:52.665 [XNIO-113 I/O-6] DEBUG org.springframework.web.reactive.result.method.annotation.ResponseBodyResultHandler - Using 'application/json;charset=UTF-8' given [application/json] and supported [application/json;charset=UTF-8, application/*+json;charset=UTF-8, application/x-jackson-smile;charset=UTF-8, application/*+x-jackson-smile;charset=UTF-8, application/xml, text/xml, text/event-stream]
12:03:52.665 [XNIO-113 I/O-6] DEBUG org.springframework.web.reactive.result.method.annotation.ResponseBodyResultHandler - [2c784b6b] 0..1 [org.springframework.web.reactive.result.method.annotation.RequestMappingMessageConversionIntegrationTests$Person]
12:03:52.665 [XNIO-113 I/O-6] DEBUG org.springframework.http.codec.json.Jackson2JsonEncoder - [2c784b6b] Encoding [Person{name='ROBERT'}]
12:03:52.665 [Test worker] DEBUG org.springframework.web.client.RestTemplate - Response 200 OK
12:03:52.665 [XNIO-113 I/O-6] DEBUG org.springframework.web.server.adapter.HttpWebHandlerAdapter - [2c784b6b] Completed 200 OK
12:03:52.665 [Test worker] DEBUG org.springframework.web.client.RestTemplate - Reading to [org.springframework.web.reactive.result.method.annotation.RequestMappingMessageConversionIntegrationTests$Person]
12:03:52.665 [Test worker] DEBUG org.springframework.http.server.reactive.bootstrap.UndertowHttpServer - Stopping UndertowHttpServer...
12:03:52.666 [Test worker] DEBUG org.springframework.http.server.reactive.bootstrap.UndertowHttpServer - Server stopped (0 millis).
12:03:52.742 [Test worker] DEBUG org.springframework.web.reactive.result.method.annotation.RequestMappingHandlerMapping - 37 mappings in 'requestMappingHandlerMapping'
12:03:52.783 [Test worker] DEBUG org.springframework.web.reactive.result.method.annotation.ControllerMethodResolver - ControllerAdvice beans: none
12:03:52.850 [Test worker] DEBUG org.springframework.web.server.adapter.HttpWebHandlerAdapter - enableLoggingRequestDetails='false': form data and headers will be masked to prevent unsafe logging of potentially sensitive data
12:03:52.850 [Test worker] DEBUG org.springframework.http.server.reactive.bootstrap.UndertowHttpServer - Starting UndertowHttpServer...
12:03:52.854 [Test worker] DEBUG org.springframework.http.server.reactive.bootstrap.UndertowHttpServer - Server started on port 53859(0 millis).
12:03:52.854 [Test worker] DEBUG org.springframework.web.client.RestTemplate - HTTP POST http://localhost:53859/person-transform/mono
12:03:52.854 [Test worker] DEBUG org.springframework.web.client.RestTemplate - Accept=[application/xml, text/xml, application/json, application/x-jackson-smile, application/*+xml, application/*+json]
12:03:52.854 [Test worker] DEBUG org.springframework.web.client.RestTemplate - Writing [Person{name='Robert'}] as "application/xml"
12:03:52.859 [XNIO-114 I/O-6] DEBUG org.springframework.web.server.adapter.HttpWebHandlerAdapter - [4ab4d738] HTTP POST "/person-transform/mono"
12:03:52.859 [XNIO-114 I/O-6] DEBUG org.springframework.web.reactive.result.method.annotation.RequestMappingHandlerMapping - [4ab4d738] Mapped to public reactor.core.publisher.Mono<org.springframework.web.reactive.result.method.annotation.RequestMappingMessageConversionIntegrationTests$Person> org.springframework.web.reactive.result.method.annotation.RequestMappingMessageConversionIntegrationTests$PersonTransformationController.transformMono(reactor.core.publisher.Mono<org.springframework.web.reactive.result.method.annotation.RequestMappingMessageConversionIntegrationTests$Person>)
12:03:52.859 [XNIO-114 I/O-6] DEBUG org.springframework.web.reactive.result.method.annotation.RequestBodyArgumentResolver - [4ab4d738] Content-Type:application/xml
12:03:52.859 [XNIO-114 I/O-6] DEBUG org.springframework.web.reactive.result.method.annotation.RequestBodyArgumentResolver - [4ab4d738] 0..1 [org.springframework.web.reactive.result.method.annotation.RequestMappingMessageConversionIntegrationTests$Person]
12:03:52.859 [XNIO-114 I/O-6] DEBUG org.springframework.web.reactive.result.method.annotation.ResponseBodyResultHandler - Using 'application/xml' given [application/xml] and supported [application/json;charset=UTF-8, application/*+json;charset=UTF-8, application/x-jackson-smile;charset=UTF-8, application/*+x-jackson-smile;charset=UTF-8, application/xml, text/xml, text/event-stream]
12:03:52.859 [XNIO-114 I/O-6] DEBUG org.springframework.web.reactive.result.method.annotation.ResponseBodyResultHandler - [4ab4d738] 0..1 [org.springframework.web.reactive.result.method.annotation.RequestMappingMessageConversionIntegrationTests$Person]
12:03:52.864 [XNIO-114 I/O-6] DEBUG org.springframework.http.codec.xml.Jaxb2XmlDecoder - [4ab4d738] Decoded [Person{name='Robert'}]
12:03:52.864 [XNIO-114 I/O-6] DEBUG org.springframework.http.codec.xml.Jaxb2XmlEncoder - [4ab4d738] Encoding [Person{name='ROBERT'}]
12:03:52.868 [Test worker] DEBUG org.springframework.web.client.RestTemplate - Response 200 OK
12:03:52.868 [XNIO-114 I/O-6] DEBUG org.springframework.web.server.adapter.HttpWebHandlerAdapter - [4ab4d738] Completed 200 OK
12:03:52.868 [Test worker] DEBUG org.springframework.web.client.RestTemplate - Reading to [org.springframework.web.reactive.result.method.annotation.RequestMappingMessageConversionIntegrationTests$Person] as "application/xml"
12:03:52.869 [Test worker] DEBUG org.springframework.http.server.reactive.bootstrap.UndertowHttpServer - Stopping UndertowHttpServer...
12:03:52.869 [Test worker] DEBUG org.springframework.http.server.reactive.bootstrap.UndertowHttpServer - Server stopped (0 millis).
12:03:52.948 [Test worker] DEBUG org.springframework.web.reactive.result.method.annotation.RequestMappingHandlerMapping - 37 mappings in 'requestMappingHandlerMapping'
12:03:52.987 [Test worker] DEBUG org.springframework.web.reactive.result.method.annotation.ControllerMethodResolver - ControllerAdvice beans: none
12:03:53.055 [Test worker] DEBUG org.springframework.web.server.adapter.HttpWebHandlerAdapter - enableLoggingRequestDetails='false': form data and headers will be masked to prevent unsafe logging of potentially sensitive data
12:03:53.055 [Test worker] DEBUG org.springframework.http.server.reactive.bootstrap.UndertowHttpServer - Starting UndertowHttpServer...
12:03:53.058 [Test worker] DEBUG org.springframework.http.server.reactive.bootstrap.UndertowHttpServer - Server started on port 53875(0 millis).
12:03:53.058 [Test worker] DEBUG org.springframework.web.client.RestTemplate - HTTP GET http://localhost:53875/person-response/observable
12:03:53.058 [Test worker] DEBUG org.springframework.web.client.RestTemplate - Accept=[application/json, application/x-jackson-smile, application/*+json]
12:03:53.058 [XNIO-115 I/O-6] DEBUG org.springframework.web.server.adapter.HttpWebHandlerAdapter - [60ad345f] HTTP GET "/person-response/observable"
12:03:53.058 [XNIO-115 I/O-6] DEBUG org.springframework.web.reactive.result.method.annotation.RequestMappingHandlerMapping - [60ad345f] Mapped to public rx.Observable<org.springframework.web.reactive.result.method.annotation.RequestMappingMessageConversionIntegrationTests$Person> org.springframework.web.reactive.result.method.annotation.RequestMappingMessageConversionIntegrationTests$PersonResponseBodyController.getObservable()
12:03:53.059 [XNIO-115 I/O-6] DEBUG org.springframework.web.reactive.result.method.annotation.ResponseBodyResultHandler - Using 'application/json;charset=UTF-8' given [application/json] and supported [application/json;charset=UTF-8, application/*+json;charset=UTF-8, application/x-jackson-smile;charset=UTF-8, application/*+x-jackson-smile;charset=UTF-8, application/xml, text/xml, text/event-stream]
12:03:53.059 [XNIO-115 I/O-6] DEBUG org.springframework.web.reactive.result.method.annotation.ResponseBodyResultHandler - [60ad345f] 0..N [org.springframework.web.reactive.result.method.annotation.RequestMappingMessageConversionIntegrationTests$Person]
12:03:53.059 [XNIO-115 I/O-6] DEBUG org.springframework.http.codec.json.Jackson2JsonEncoder - [60ad345f] Encoding [[Person{name='Robert'}, Person{name='Marie'}]]
12:03:53.059 [XNIO-115 I/O-6] DEBUG org.springframework.web.server.adapter.HttpWebHandlerAdapter - [60ad345f] Completed 200 OK
12:03:53.059 [Test worker] DEBUG org.springframework.web.client.RestTemplate - Response 200 OK
12:03:53.059 [Test worker] DEBUG org.springframework.web.client.RestTemplate - Reading to [java.util.List<org.springframework.web.reactive.result.method.annotation.RequestMappingMessageConversionIntegrationTests$Person>]
12:03:53.060 [Test worker] DEBUG org.springframework.http.server.reactive.bootstrap.UndertowHttpServer - Stopping UndertowHttpServer...
12:03:53.060 [Test worker] DEBUG org.springframework.http.server.reactive.bootstrap.UndertowHttpServer - Server stopped (0 millis).
12:03:53.139 [Test worker] DEBUG org.springframework.web.reactive.result.method.annotation.RequestMappingHandlerMapping - 37 mappings in 'requestMappingHandlerMapping'
12:03:53.179 [Test worker] DEBUG org.springframework.web.reactive.result.method.annotation.ControllerMethodResolver - ControllerAdvice beans: none
12:03:53.246 [Test worker] DEBUG org.springframework.web.server.adapter.HttpWebHandlerAdapter - enableLoggingRequestDetails='false': form data and headers will be masked to prevent unsafe logging of potentially sensitive data
12:03:53.246 [Test worker] DEBUG org.springframework.http.server.reactive.bootstrap.UndertowHttpServer - Starting UndertowHttpServer...
12:03:53.249 [Test worker] DEBUG org.springframework.http.server.reactive.bootstrap.UndertowHttpServer - Server started on port 53891(0 millis).
12:03:53.249 [Test worker] DEBUG org.springframework.web.client.RestTemplate - HTTP POST http://localhost:53891/person-transform/rxjava2-single
12:03:53.249 [Test worker] DEBUG org.springframework.web.client.RestTemplate - Accept=[application/xml, text/xml, application/json, application/x-jackson-smile, application/*+xml, application/*+json]
12:03:53.250 [Test worker] DEBUG org.springframework.web.client.RestTemplate - Writing [Person{name='Robert'}] as "application/json"
12:03:53.250 [XNIO-116 I/O-6] DEBUG org.springframework.web.server.adapter.HttpWebHandlerAdapter - [6999d4a8] HTTP POST "/person-transform/rxjava2-single"
12:03:53.250 [XNIO-116 I/O-6] DEBUG org.springframework.web.reactive.result.method.annotation.RequestMappingHandlerMapping - [6999d4a8] Mapped to public io.reactivex.Single<org.springframework.web.reactive.result.method.annotation.RequestMappingMessageConversionIntegrationTests$Person> org.springframework.web.reactive.result.method.annotation.RequestMappingMessageConversionIntegrationTests$PersonTransformationController.transformRxJava2Single(io.reactivex.Single<org.springframework.web.reactive.result.method.annotation.RequestMappingMessageConversionIntegrationTests$Person>)
12:03:53.251 [XNIO-116 I/O-6] DEBUG org.springframework.web.reactive.result.method.annotation.RequestBodyArgumentResolver - [6999d4a8] Content-Type:application/json
12:03:53.251 [XNIO-116 I/O-6] DEBUG org.springframework.web.reactive.result.method.annotation.RequestBodyArgumentResolver - [6999d4a8] 0..1 [org.springframework.web.reactive.result.method.annotation.RequestMappingMessageConversionIntegrationTests$Person]
12:03:53.251 [XNIO-116 I/O-6] DEBUG org.springframework.web.reactive.result.method.annotation.ResponseBodyResultHandler - Using 'application/json;charset=UTF-8' given [application/json] and supported [application/json;charset=UTF-8, application/*+json;charset=UTF-8, application/x-jackson-smile;charset=UTF-8, application/*+x-jackson-smile;charset=UTF-8, application/xml, text/xml, text/event-stream]
12:03:53.251 [XNIO-116 I/O-6] DEBUG org.springframework.web.reactive.result.method.annotation.ResponseBodyResultHandler - [6999d4a8] 0..1 [org.springframework.web.reactive.result.method.annotation.RequestMappingMessageConversionIntegrationTests$Person]
12:03:53.251 [XNIO-116 I/O-6] DEBUG org.springframework.http.codec.json.Jackson2JsonDecoder - [6999d4a8] Decoded [Person{name='Robert'}]
12:03:53.251 [XNIO-116 I/O-6] DEBUG org.springframework.http.codec.json.Jackson2JsonEncoder - [6999d4a8] Encoding [Person{name='ROBERT'}]
12:03:53.251 [XNIO-116 I/O-6] DEBUG org.springframework.web.server.adapter.HttpWebHandlerAdapter - [6999d4a8] Completed 200 OK
12:03:53.251 [Test worker] DEBUG org.springframework.web.client.RestTemplate - Response 200 OK
12:03:53.252 [Test worker] DEBUG org.springframework.web.client.RestTemplate - Reading to [org.springframework.web.reactive.result.method.annotation.RequestMappingMessageConversionIntegrationTests$Person]
12:03:53.252 [Test worker] DEBUG org.springframework.http.server.reactive.bootstrap.UndertowHttpServer - Stopping UndertowHttpServer...
12:03:53.252 [Test worker] DEBUG org.springframework.http.server.reactive.bootstrap.UndertowHttpServer - Server stopped (0 millis).
12:03:53.328 [Test worker] DEBUG org.springframework.web.reactive.result.method.annotation.RequestMappingHandlerMapping - 37 mappings in 'requestMappingHandlerMapping'
12:03:53.368 [Test worker] DEBUG org.springframework.web.reactive.result.method.annotation.ControllerMethodResolver - ControllerAdvice beans: none
12:03:53.440 [Test worker] DEBUG org.springframework.web.server.adapter.HttpWebHandlerAdapter - enableLoggingRequestDetails='false': form data and headers will be masked to prevent unsafe logging of potentially sensitive data
12:03:53.440 [Test worker] DEBUG org.springframework.http.server.reactive.bootstrap.UndertowHttpServer - Starting UndertowHttpServer...
12:03:53.443 [Test worker] DEBUG org.springframework.http.server.reactive.bootstrap.UndertowHttpServer - Server started on port 53907(0 millis).
12:03:53.444 [Test worker] DEBUG org.springframework.web.client.RestTemplate - HTTP POST http://localhost:53907/person-transform/publisher
12:03:53.444 [Test worker] DEBUG org.springframework.web.client.RestTemplate - Accept=[application/json, application/x-jackson-smile, application/*+json]
12:03:53.444 [Test worker] DEBUG org.springframework.web.client.RestTemplate - Writing [[Person{name='Robert'}, Person{name='Marie'}]] as "application/json"
12:03:53.445 [XNIO-117 I/O-6] DEBUG org.springframework.web.server.adapter.HttpWebHandlerAdapter - [21748656] HTTP POST "/person-transform/publisher"
12:03:53.445 [XNIO-117 I/O-6] DEBUG org.springframework.web.reactive.result.method.annotation.RequestMappingHandlerMapping - [21748656] Mapped to public org.reactivestreams.Publisher<org.springframework.web.reactive.result.method.annotation.RequestMappingMessageConversionIntegrationTests$Person> org.springframework.web.reactive.result.method.annotation.RequestMappingMessageConversionIntegrationTests$PersonTransformationController.transformPublisher(org.reactivestreams.Publisher<org.springframework.web.reactive.result.method.annotation.RequestMappingMessageConversionIntegrationTests$Person>)
12:03:53.445 [XNIO-117 I/O-6] DEBUG org.springframework.web.reactive.result.method.annotation.RequestBodyArgumentResolver - [21748656] Content-Type:application/json
12:03:53.445 [XNIO-117 I/O-6] DEBUG org.springframework.web.reactive.result.method.annotation.RequestBodyArgumentResolver - [21748656] 0..N [org.springframework.web.reactive.result.method.annotation.RequestMappingMessageConversionIntegrationTests$Person]
12:03:53.446 [XNIO-117 I/O-6] DEBUG org.springframework.web.reactive.result.method.annotation.ResponseBodyResultHandler - Using 'application/json;charset=UTF-8' given [application/json] and supported [application/json;charset=UTF-8, application/*+json;charset=UTF-8, application/x-jackson-smile;charset=UTF-8, application/*+x-jackson-smile;charset=UTF-8, application/xml, text/xml, text/event-stream]
12:03:53.446 [XNIO-117 I/O-6] DEBUG org.springframework.web.reactive.result.method.annotation.ResponseBodyResultHandler - [21748656] 0..N [org.springframework.web.reactive.result.method.annotation.RequestMappingMessageConversionIntegrationTests$Person]
12:03:53.446 [XNIO-117 I/O-6] DEBUG org.springframework.http.codec.json.Jackson2JsonDecoder - [21748656] Decoded [Person{name='Robert'}]
12:03:53.446 [XNIO-117 I/O-6] DEBUG org.springframework.http.codec.json.Jackson2JsonDecoder - [21748656] Decoded [Person{name='Marie'}]
12:03:53.446 [XNIO-117 I/O-6] DEBUG org.springframework.http.codec.json.Jackson2JsonEncoder - [21748656] Encoding [[Person{name='ROBERT'}, Person{name='MARIE'}]]
12:03:53.446 [XNIO-117 I/O-6] DEBUG org.springframework.web.server.adapter.HttpWebHandlerAdapter - [21748656] Completed 200 OK
12:03:53.446 [Test worker] DEBUG org.springframework.web.client.RestTemplate - Response 200 OK
12:03:53.446 [Test worker] DEBUG org.springframework.web.client.RestTemplate - Reading to [java.util.List<org.springframework.web.reactive.result.method.annotation.RequestMappingMessageConversionIntegrationTests$Person>]
12:03:53.447 [Test worker] DEBUG org.springframework.http.server.reactive.bootstrap.UndertowHttpServer - Stopping UndertowHttpServer...
12:03:53.448 [Test worker] DEBUG org.springframework.http.server.reactive.bootstrap.UndertowHttpServer - Server stopped (0 millis).
12:03:53.531 [Test worker] DEBUG org.springframework.web.reactive.result.method.annotation.RequestMappingHandlerMapping - 37 mappings in 'requestMappingHandlerMapping'
12:03:53.573 [Test worker] DEBUG org.springframework.web.reactive.result.method.annotation.ControllerMethodResolver - ControllerAdvice beans: none
12:03:53.641 [Test worker] DEBUG org.springframework.web.server.adapter.HttpWebHandlerAdapter - enableLoggingRequestDetails='false': form data and headers will be masked to prevent unsafe logging of potentially sensitive data
12:03:53.641 [Test worker] DEBUG org.springframework.http.server.reactive.bootstrap.UndertowHttpServer - Starting UndertowHttpServer...
12:03:53.645 [Test worker] DEBUG org.springframework.http.server.reactive.bootstrap.UndertowHttpServer - Server started on port 53923(0 millis).
12:03:53.645 [Test worker] DEBUG org.springframework.web.client.RestTemplate - HTTP POST http://localhost:53923/person-create/observable
12:03:53.645 [Test worker] DEBUG org.springframework.web.client.RestTemplate - Accept=[application/json, application/x-jackson-smile, application/*+json]
12:03:53.645 [Test worker] DEBUG org.springframework.web.client.RestTemplate - Writing [[Person{name='Robert'}, Person{name='Marie'}]] as "application/json"
12:03:53.646 [XNIO-118 I/O-6] DEBUG org.springframework.web.server.adapter.HttpWebHandlerAdapter - [676d9889] HTTP POST "/person-create/observable"
12:03:53.646 [XNIO-118 I/O-6] DEBUG org.springframework.web.reactive.result.method.annotation.RequestMappingHandlerMapping - [676d9889] Mapped to public rx.Observable<java.lang.Void> org.springframework.web.reactive.result.method.annotation.RequestMappingMessageConversionIntegrationTests$PersonCreateController.createWithObservable(rx.Observable<org.springframework.web.reactive.result.method.annotation.RequestMappingMessageConversionIntegrationTests$Person>)
12:03:53.646 [XNIO-118 I/O-6] DEBUG org.springframework.web.reactive.result.method.annotation.RequestBodyArgumentResolver - [676d9889] Content-Type:application/json
12:03:53.647 [XNIO-118 I/O-6] DEBUG org.springframework.web.reactive.result.method.annotation.RequestBodyArgumentResolver - [676d9889] 0..N [org.springframework.web.reactive.result.method.annotation.RequestMappingMessageConversionIntegrationTests$Person]
12:03:53.647 [XNIO-118 I/O-6] DEBUG org.springframework.http.codec.json.Jackson2JsonDecoder - [676d9889] Decoded [Person{name='Robert'}]
12:03:53.647 [XNIO-118 I/O-6] DEBUG org.springframework.http.codec.json.Jackson2JsonDecoder - [676d9889] Decoded [Person{name='Marie'}]
12:03:53.647 [XNIO-118 I/O-6] DEBUG org.springframework.web.server.adapter.HttpWebHandlerAdapter - [676d9889] Completed 200 OK
12:03:53.647 [Test worker] DEBUG org.springframework.web.client.RestTemplate - Response 200 OK
12:03:53.647 [Test worker] DEBUG org.springframework.http.server.reactive.bootstrap.UndertowHttpServer - Stopping UndertowHttpServer...
12:03:53.648 [Test worker] DEBUG org.springframework.http.server.reactive.bootstrap.UndertowHttpServer - Server stopped (0 millis).
12:03:53.725 [Test worker] DEBUG org.springframework.web.reactive.result.method.annotation.RequestMappingHandlerMapping - 37 mappings in 'requestMappingHandlerMapping'
12:03:53.765 [Test worker] DEBUG org.springframework.web.reactive.result.method.annotation.ControllerMethodResolver - ControllerAdvice beans: none
12:03:53.832 [Test worker] DEBUG org.springframework.web.server.adapter.HttpWebHandlerAdapter - enableLoggingRequestDetails='false': form data and headers will be masked to prevent unsafe logging of potentially sensitive data
12:03:53.832 [Test worker] DEBUG org.springframework.http.server.reactive.bootstrap.UndertowHttpServer - Starting UndertowHttpServer...
12:03:53.835 [Test worker] DEBUG org.springframework.http.server.reactive.bootstrap.UndertowHttpServer - Server started on port 53939(0 millis).
12:03:53.835 [Test worker] DEBUG org.springframework.web.client.RestTemplate - HTTP POST http://localhost:53939/person-create/mono
12:03:53.835 [Test worker] DEBUG org.springframework.web.client.RestTemplate - Accept=[application/json, application/x-jackson-smile, application/*+json]
12:03:53.835 [Test worker] DEBUG org.springframework.web.client.RestTemplate - Writing [Person{name='Robert'}] as "application/json"
12:03:53.836 [XNIO-119 I/O-6] DEBUG org.springframework.web.server.adapter.HttpWebHandlerAdapter - [57e09a98] HTTP POST "/person-create/mono"
12:03:53.836 [XNIO-119 I/O-6] DEBUG org.springframework.web.reactive.result.method.annotation.RequestMappingHandlerMapping - [57e09a98] Mapped to public reactor.core.publisher.Mono<java.lang.Void> org.springframework.web.reactive.result.method.annotation.RequestMappingMessageConversionIntegrationTests$PersonCreateController.createWithMono(reactor.core.publisher.Mono<org.springframework.web.reactive.result.method.annotation.RequestMappingMessageConversionIntegrationTests$Person>)
12:03:53.836 [XNIO-119 I/O-6] DEBUG org.springframework.web.reactive.result.method.annotation.RequestBodyArgumentResolver - [57e09a98] Content-Type:application/json
12:03:53.836 [XNIO-119 I/O-6] DEBUG org.springframework.web.reactive.result.method.annotation.RequestBodyArgumentResolver - [57e09a98] 0..1 [org.springframework.web.reactive.result.method.annotation.RequestMappingMessageConversionIntegrationTests$Person]
12:03:53.837 [XNIO-119 I/O-6] DEBUG org.springframework.http.codec.json.Jackson2JsonDecoder - [57e09a98] Decoded [Person{name='Robert'}]
12:03:53.837 [XNIO-119 I/O-6] DEBUG org.springframework.web.server.adapter.HttpWebHandlerAdapter - [57e09a98] Completed 200 OK
12:03:53.837 [Test worker] DEBUG org.springframework.web.client.RestTemplate - Response 200 OK
12:03:53.837 [Test worker] DEBUG org.springframework.http.server.reactive.bootstrap.UndertowHttpServer - Stopping UndertowHttpServer...
12:03:53.838 [Test worker] DEBUG org.springframework.http.server.reactive.bootstrap.UndertowHttpServer - Server stopped (0 millis).
12:03:53.913 [Test worker] DEBUG org.springframework.web.reactive.result.method.annotation.RequestMappingHandlerMapping - 37 mappings in 'requestMappingHandlerMapping'
12:03:53.953 [Test worker] DEBUG org.springframework.web.reactive.result.method.annotation.ControllerMethodResolver - ControllerAdvice beans: none
12:03:54.020 [Test worker] DEBUG org.springframework.web.server.adapter.HttpWebHandlerAdapter - enableLoggingRequestDetails='false': form data and headers will be masked to prevent unsafe logging of potentially sensitive data
12:03:54.020 [Test worker] DEBUG org.springframework.http.server.reactive.bootstrap.UndertowHttpServer - Starting UndertowHttpServer...
12:03:54.023 [Test worker] DEBUG org.springframework.http.server.reactive.bootstrap.UndertowHttpServer - Server started on port 53955(0 millis).
12:03:54.023 [Test worker] DEBUG org.springframework.web.client.RestTemplate - HTTP GET http://localhost:53955/person-response/person
12:03:54.024 [Test worker] DEBUG org.springframework.web.client.RestTemplate - Accept=[application/xml, text/xml, application/json, application/x-jackson-smile, application/*+xml, application/*+json]
12:03:54.024 [XNIO-120 I/O-6] DEBUG org.springframework.web.server.adapter.HttpWebHandlerAdapter - [36bf6ed3] HTTP GET "/person-response/person"
12:03:54.024 [XNIO-120 I/O-6] DEBUG org.springframework.web.reactive.result.method.annotation.RequestMappingHandlerMapping - [36bf6ed3] Mapped to public org.springframework.web.reactive.result.method.annotation.RequestMappingMessageConversionIntegrationTests$Person org.springframework.web.reactive.result.method.annotation.RequestMappingMessageConversionIntegrationTests$PersonResponseBodyController.getPerson()
12:03:54.025 [XNIO-120 I/O-6] DEBUG org.springframework.web.reactive.result.method.annotation.ResponseBodyResultHandler - Using 'application/json;charset=UTF-8' given [application/json] and supported [application/json;charset=UTF-8, application/*+json;charset=UTF-8, application/x-jackson-smile;charset=UTF-8, application/*+x-jackson-smile;charset=UTF-8, application/xml, text/xml, text/event-stream]
12:03:54.025 [XNIO-120 I/O-6] DEBUG org.springframework.web.reactive.result.method.annotation.ResponseBodyResultHandler - [36bf6ed3] 0..1 [org.springframework.web.reactive.result.method.annotation.RequestMappingMessageConversionIntegrationTests$Person]
12:03:54.025 [XNIO-120 I/O-6] DEBUG org.springframework.http.codec.json.Jackson2JsonEncoder - [36bf6ed3] Encoding [Person{name='Robert'}]
12:03:54.025 [Test worker] DEBUG org.springframework.web.client.RestTemplate - Response 200 OK
12:03:54.025 [XNIO-120 I/O-6] DEBUG org.springframework.web.server.adapter.HttpWebHandlerAdapter - [36bf6ed3] Completed 200 OK
12:03:54.025 [Test worker] DEBUG org.springframework.web.client.RestTemplate - Reading to [org.springframework.web.reactive.result.method.annotation.RequestMappingMessageConversionIntegrationTests$Person]
12:03:54.025 [Test worker] DEBUG org.springframework.http.server.reactive.bootstrap.UndertowHttpServer - Stopping UndertowHttpServer...
12:03:54.026 [Test worker] DEBUG org.springframework.http.server.reactive.bootstrap.UndertowHttpServer - Server stopped (0 millis).
12:03:54.104 [Test worker] DEBUG org.springframework.web.reactive.result.method.annotation.RequestMappingHandlerMapping - 37 mappings in 'requestMappingHandlerMapping'
12:03:54.144 [Test worker] DEBUG org.springframework.web.reactive.result.method.annotation.ControllerMethodResolver - ControllerAdvice beans: none
12:03:54.211 [Test worker] DEBUG org.springframework.web.server.adapter.HttpWebHandlerAdapter - enableLoggingRequestDetails='false': form data and headers will be masked to prevent unsafe logging of potentially sensitive data
12:03:54.211 [Test worker] DEBUG org.springframework.http.server.reactive.bootstrap.UndertowHttpServer - Starting UndertowHttpServer...
12:03:54.214 [Test worker] DEBUG org.springframework.http.server.reactive.bootstrap.UndertowHttpServer - Server started on port 53971(0 millis).
12:03:54.215 [Test worker] DEBUG org.springframework.web.client.RestTemplate - HTTP POST http://localhost:53971/person-create/rxjava2-single
12:03:54.215 [Test worker] DEBUG org.springframework.web.client.RestTemplate - Accept=[application/json, application/x-jackson-smile, application/*+json]
12:03:54.215 [Test worker] DEBUG org.springframework.web.client.RestTemplate - Writing [Person{name='Robert'}] as "application/json"
12:03:54.215 [XNIO-121 I/O-6] DEBUG org.springframework.web.server.adapter.HttpWebHandlerAdapter - [84be5fe] HTTP POST "/person-create/rxjava2-single"
12:03:54.216 [XNIO-121 I/O-6] DEBUG org.springframework.web.reactive.result.method.annotation.RequestMappingHandlerMapping - [84be5fe] Mapped to public io.reactivex.Completable org.springframework.web.reactive.result.method.annotation.RequestMappingMessageConversionIntegrationTests$PersonCreateController.createWithRxJava2Single(io.reactivex.Single<org.springframework.web.reactive.result.method.annotation.RequestMappingMessageConversionIntegrationTests$Person>)
12:03:54.216 [XNIO-121 I/O-6] DEBUG org.springframework.web.reactive.result.method.annotation.RequestBodyArgumentResolver - [84be5fe] Content-Type:application/json
12:03:54.216 [XNIO-121 I/O-6] DEBUG org.springframework.web.reactive.result.method.annotation.RequestBodyArgumentResolver - [84be5fe] 0..1 [org.springframework.web.reactive.result.method.annotation.RequestMappingMessageConversionIntegrationTests$Person]
12:03:54.216 [XNIO-121 I/O-6] DEBUG org.springframework.http.codec.json.Jackson2JsonDecoder - [84be5fe] Decoded [Person{name='Robert'}]
12:03:54.216 [XNIO-121 I/O-6] DEBUG org.springframework.web.server.adapter.HttpWebHandlerAdapter - [84be5fe] Completed 200 OK
12:03:54.216 [Test worker] DEBUG org.springframework.web.client.RestTemplate - Response 200 OK
12:03:54.216 [Test worker] DEBUG org.springframework.http.server.reactive.bootstrap.UndertowHttpServer - Stopping UndertowHttpServer...
12:03:54.217 [Test worker] DEBUG org.springframework.http.server.reactive.bootstrap.UndertowHttpServer - Server stopped (0 millis).
]]></system-out>
  <system-err><![CDATA[八月 26, 2020 12:03:33 下午 org.apache.catalina.core.StandardService startInternal
信息: Starting service [Tomcat]
八月 26, 2020 12:03:33 下午 org.apache.catalina.core.StandardEngine startInternal
信息: Starting Servlet Engine: Apache Tomcat/9.0.11
八月 26, 2020 12:03:33 下午 org.apache.coyote.AbstractProtocol init
信息: Initializing ProtocolHandler ["http-nio-auto-80"]
八月 26, 2020 12:03:33 下午 org.apache.tomcat.util.net.NioSelectorPool getSharedSelector
信息: Using a shared selector for servlet write/read
八月 26, 2020 12:03:33 下午 org.apache.coyote.AbstractProtocol start
信息: Starting ProtocolHandler ["http-nio-auto-80-52890"]
八月 26, 2020 12:03:33 下午 org.apache.coyote.AbstractProtocol pause
信息: Pausing ProtocolHandler ["http-nio-auto-80-52890"]
八月 26, 2020 12:03:33 下午 org.apache.catalina.core.StandardService stopInternal
信息: Stopping service [Tomcat]
八月 26, 2020 12:03:33 下午 org.apache.coyote.AbstractProtocol stop
信息: Stopping ProtocolHandler ["http-nio-auto-80-52890"]
八月 26, 2020 12:03:33 下午 org.apache.coyote.AbstractProtocol destroy
信息: Destroying ProtocolHandler ["http-nio-auto-80-52890"]
八月 26, 2020 12:03:33 下午 org.apache.catalina.core.StandardService startInternal
信息: Starting service [Tomcat]
八月 26, 2020 12:03:33 下午 org.apache.catalina.core.StandardEngine startInternal
信息: Starting Servlet Engine: Apache Tomcat/9.0.11
八月 26, 2020 12:03:33 下午 org.apache.coyote.AbstractProtocol init
信息: Initializing ProtocolHandler ["http-nio-auto-81"]
八月 26, 2020 12:03:33 下午 org.apache.tomcat.util.net.NioSelectorPool getSharedSelector
信息: Using a shared selector for servlet write/read
八月 26, 2020 12:03:33 下午 org.apache.coyote.AbstractProtocol start
信息: Starting ProtocolHandler ["http-nio-auto-81-52900"]
八月 26, 2020 12:03:33 下午 org.apache.coyote.AbstractProtocol pause
信息: Pausing ProtocolHandler ["http-nio-auto-81-52900"]
八月 26, 2020 12:03:33 下午 org.apache.catalina.core.StandardService stopInternal
信息: Stopping service [Tomcat]
八月 26, 2020 12:03:33 下午 org.apache.coyote.AbstractProtocol stop
信息: Stopping ProtocolHandler ["http-nio-auto-81-52900"]
八月 26, 2020 12:03:33 下午 org.apache.coyote.AbstractProtocol destroy
信息: Destroying ProtocolHandler ["http-nio-auto-81-52900"]
八月 26, 2020 12:03:33 下午 org.apache.catalina.core.StandardService startInternal
信息: Starting service [Tomcat]
八月 26, 2020 12:03:33 下午 org.apache.catalina.core.StandardEngine startInternal
信息: Starting Servlet Engine: Apache Tomcat/9.0.11
八月 26, 2020 12:03:33 下午 org.apache.coyote.AbstractProtocol init
信息: Initializing ProtocolHandler ["http-nio-auto-82"]
八月 26, 2020 12:03:33 下午 org.apache.tomcat.util.net.NioSelectorPool getSharedSelector
信息: Using a shared selector for servlet write/read
八月 26, 2020 12:03:33 下午 org.apache.coyote.AbstractProtocol start
信息: Starting ProtocolHandler ["http-nio-auto-82-52909"]
八月 26, 2020 12:03:33 下午 org.apache.coyote.AbstractProtocol pause
信息: Pausing ProtocolHandler ["http-nio-auto-82-52909"]
八月 26, 2020 12:03:33 下午 org.apache.catalina.core.StandardService stopInternal
信息: Stopping service [Tomcat]
八月 26, 2020 12:03:33 下午 org.apache.coyote.AbstractProtocol stop
信息: Stopping ProtocolHandler ["http-nio-auto-82-52909"]
八月 26, 2020 12:03:33 下午 org.apache.coyote.AbstractProtocol destroy
信息: Destroying ProtocolHandler ["http-nio-auto-82-52909"]
八月 26, 2020 12:03:34 下午 org.apache.catalina.core.StandardService startInternal
信息: Starting service [Tomcat]
八月 26, 2020 12:03:34 下午 org.apache.catalina.core.StandardEngine startInternal
信息: Starting Servlet Engine: Apache Tomcat/9.0.11
八月 26, 2020 12:03:34 下午 org.apache.coyote.AbstractProtocol init
信息: Initializing ProtocolHandler ["http-nio-auto-83"]
八月 26, 2020 12:03:34 下午 org.apache.tomcat.util.net.NioSelectorPool getSharedSelector
信息: Using a shared selector for servlet write/read
八月 26, 2020 12:03:34 下午 org.apache.coyote.AbstractProtocol start
信息: Starting ProtocolHandler ["http-nio-auto-83-52918"]
八月 26, 2020 12:03:34 下午 org.apache.coyote.AbstractProtocol pause
信息: Pausing ProtocolHandler ["http-nio-auto-83-52918"]
八月 26, 2020 12:03:34 下午 org.apache.catalina.core.StandardService stopInternal
信息: Stopping service [Tomcat]
八月 26, 2020 12:03:34 下午 org.apache.coyote.AbstractProtocol stop
信息: Stopping ProtocolHandler ["http-nio-auto-83-52918"]
八月 26, 2020 12:03:34 下午 org.apache.coyote.AbstractProtocol destroy
信息: Destroying ProtocolHandler ["http-nio-auto-83-52918"]
八月 26, 2020 12:03:34 下午 org.apache.catalina.core.StandardService startInternal
信息: Starting service [Tomcat]
八月 26, 2020 12:03:34 下午 org.apache.catalina.core.StandardEngine startInternal
信息: Starting Servlet Engine: Apache Tomcat/9.0.11
八月 26, 2020 12:03:34 下午 org.apache.coyote.AbstractProtocol init
信息: Initializing ProtocolHandler ["http-nio-auto-84"]
八月 26, 2020 12:03:34 下午 org.apache.tomcat.util.net.NioSelectorPool getSharedSelector
信息: Using a shared selector for servlet write/read
八月 26, 2020 12:03:34 下午 org.apache.coyote.AbstractProtocol start
信息: Starting ProtocolHandler ["http-nio-auto-84-52927"]
八月 26, 2020 12:03:34 下午 org.apache.coyote.AbstractProtocol pause
信息: Pausing ProtocolHandler ["http-nio-auto-84-52927"]
八月 26, 2020 12:03:34 下午 org.apache.catalina.core.StandardService stopInternal
信息: Stopping service [Tomcat]
八月 26, 2020 12:03:34 下午 org.apache.coyote.AbstractProtocol stop
信息: Stopping ProtocolHandler ["http-nio-auto-84-52927"]
八月 26, 2020 12:03:34 下午 org.apache.coyote.AbstractProtocol destroy
信息: Destroying ProtocolHandler ["http-nio-auto-84-52927"]
八月 26, 2020 12:03:34 下午 org.apache.catalina.core.StandardService startInternal
信息: Starting service [Tomcat]
八月 26, 2020 12:03:34 下午 org.apache.catalina.core.StandardEngine startInternal
信息: Starting Servlet Engine: Apache Tomcat/9.0.11
八月 26, 2020 12:03:34 下午 org.apache.coyote.AbstractProtocol init
信息: Initializing ProtocolHandler ["http-nio-auto-85"]
八月 26, 2020 12:03:34 下午 org.apache.tomcat.util.net.NioSelectorPool getSharedSelector
信息: Using a shared selector for servlet write/read
八月 26, 2020 12:03:34 下午 org.apache.coyote.AbstractProtocol start
信息: Starting ProtocolHandler ["http-nio-auto-85-52936"]
八月 26, 2020 12:03:34 下午 org.apache.coyote.AbstractProtocol pause
信息: Pausing ProtocolHandler ["http-nio-auto-85-52936"]
八月 26, 2020 12:03:34 下午 org.apache.catalina.core.StandardService stopInternal
信息: Stopping service [Tomcat]
八月 26, 2020 12:03:34 下午 org.apache.coyote.AbstractProtocol stop
信息: Stopping ProtocolHandler ["http-nio-auto-85-52936"]
八月 26, 2020 12:03:34 下午 org.apache.coyote.AbstractProtocol destroy
信息: Destroying ProtocolHandler ["http-nio-auto-85-52936"]
八月 26, 2020 12:03:35 下午 org.apache.catalina.core.StandardService startInternal
信息: Starting service [Tomcat]
八月 26, 2020 12:03:35 下午 org.apache.catalina.core.StandardEngine startInternal
信息: Starting Servlet Engine: Apache Tomcat/9.0.11
八月 26, 2020 12:03:35 下午 org.apache.coyote.AbstractProtocol init
信息: Initializing ProtocolHandler ["http-nio-auto-86"]
八月 26, 2020 12:03:35 下午 org.apache.tomcat.util.net.NioSelectorPool getSharedSelector
信息: Using a shared selector for servlet write/read
八月 26, 2020 12:03:35 下午 org.apache.coyote.AbstractProtocol start
信息: Starting ProtocolHandler ["http-nio-auto-86-52945"]
八月 26, 2020 12:03:35 下午 org.apache.coyote.AbstractProtocol pause
信息: Pausing ProtocolHandler ["http-nio-auto-86-52945"]
八月 26, 2020 12:03:35 下午 org.apache.catalina.core.StandardService stopInternal
信息: Stopping service [Tomcat]
八月 26, 2020 12:03:35 下午 org.apache.coyote.AbstractProtocol stop
信息: Stopping ProtocolHandler ["http-nio-auto-86-52945"]
八月 26, 2020 12:03:35 下午 org.apache.coyote.AbstractProtocol destroy
信息: Destroying ProtocolHandler ["http-nio-auto-86-52945"]
八月 26, 2020 12:03:35 下午 org.apache.catalina.core.StandardService startInternal
信息: Starting service [Tomcat]
八月 26, 2020 12:03:35 下午 org.apache.catalina.core.StandardEngine startInternal
信息: Starting Servlet Engine: Apache Tomcat/9.0.11
八月 26, 2020 12:03:35 下午 org.apache.coyote.AbstractProtocol init
信息: Initializing ProtocolHandler ["http-nio-auto-87"]
八月 26, 2020 12:03:35 下午 org.apache.tomcat.util.net.NioSelectorPool getSharedSelector
信息: Using a shared selector for servlet write/read
八月 26, 2020 12:03:35 下午 org.apache.coyote.AbstractProtocol start
信息: Starting ProtocolHandler ["http-nio-auto-87-52954"]
八月 26, 2020 12:03:35 下午 org.apache.coyote.AbstractProtocol pause
信息: Pausing ProtocolHandler ["http-nio-auto-87-52954"]
八月 26, 2020 12:03:35 下午 org.apache.catalina.core.StandardService stopInternal
信息: Stopping service [Tomcat]
八月 26, 2020 12:03:35 下午 org.apache.coyote.AbstractProtocol stop
信息: Stopping ProtocolHandler ["http-nio-auto-87-52954"]
八月 26, 2020 12:03:35 下午 org.apache.coyote.AbstractProtocol destroy
信息: Destroying ProtocolHandler ["http-nio-auto-87-52954"]
八月 26, 2020 12:03:35 下午 org.apache.catalina.core.StandardService startInternal
信息: Starting service [Tomcat]
八月 26, 2020 12:03:35 下午 org.apache.catalina.core.StandardEngine startInternal
信息: Starting Servlet Engine: Apache Tomcat/9.0.11
八月 26, 2020 12:03:35 下午 org.apache.coyote.AbstractProtocol init
信息: Initializing ProtocolHandler ["http-nio-auto-88"]
八月 26, 2020 12:03:35 下午 org.apache.tomcat.util.net.NioSelectorPool getSharedSelector
信息: Using a shared selector for servlet write/read
八月 26, 2020 12:03:35 下午 org.apache.coyote.AbstractProtocol start
信息: Starting ProtocolHandler ["http-nio-auto-88-52963"]
八月 26, 2020 12:03:35 下午 org.apache.coyote.AbstractProtocol pause
信息: Pausing ProtocolHandler ["http-nio-auto-88-52963"]
八月 26, 2020 12:03:35 下午 org.apache.catalina.core.StandardService stopInternal
信息: Stopping service [Tomcat]
八月 26, 2020 12:03:35 下午 org.apache.coyote.AbstractProtocol stop
信息: Stopping ProtocolHandler ["http-nio-auto-88-52963"]
八月 26, 2020 12:03:35 下午 org.apache.coyote.AbstractProtocol destroy
信息: Destroying ProtocolHandler ["http-nio-auto-88-52963"]
八月 26, 2020 12:03:36 下午 org.apache.catalina.core.StandardService startInternal
信息: Starting service [Tomcat]
八月 26, 2020 12:03:36 下午 org.apache.catalina.core.StandardEngine startInternal
信息: Starting Servlet Engine: Apache Tomcat/9.0.11
八月 26, 2020 12:03:36 下午 org.apache.coyote.AbstractProtocol init
信息: Initializing ProtocolHandler ["http-nio-auto-89"]
八月 26, 2020 12:03:36 下午 org.apache.tomcat.util.net.NioSelectorPool getSharedSelector
信息: Using a shared selector for servlet write/read
八月 26, 2020 12:03:36 下午 org.apache.coyote.AbstractProtocol start
信息: Starting ProtocolHandler ["http-nio-auto-89-52972"]
八月 26, 2020 12:03:36 下午 org.apache.coyote.AbstractProtocol pause
信息: Pausing ProtocolHandler ["http-nio-auto-89-52972"]
八月 26, 2020 12:03:36 下午 org.apache.catalina.core.StandardService stopInternal
信息: Stopping service [Tomcat]
八月 26, 2020 12:03:36 下午 org.apache.coyote.AbstractProtocol stop
信息: Stopping ProtocolHandler ["http-nio-auto-89-52972"]
八月 26, 2020 12:03:36 下午 org.apache.coyote.AbstractProtocol destroy
信息: Destroying ProtocolHandler ["http-nio-auto-89-52972"]
八月 26, 2020 12:03:36 下午 org.apache.catalina.core.StandardService startInternal
信息: Starting service [Tomcat]
八月 26, 2020 12:03:36 下午 org.apache.catalina.core.StandardEngine startInternal
信息: Starting Servlet Engine: Apache Tomcat/9.0.11
八月 26, 2020 12:03:36 下午 org.apache.coyote.AbstractProtocol init
信息: Initializing ProtocolHandler ["http-nio-auto-90"]
八月 26, 2020 12:03:36 下午 org.apache.tomcat.util.net.NioSelectorPool getSharedSelector
信息: Using a shared selector for servlet write/read
八月 26, 2020 12:03:36 下午 org.apache.coyote.AbstractProtocol start
信息: Starting ProtocolHandler ["http-nio-auto-90-52982"]
八月 26, 2020 12:03:36 下午 org.apache.coyote.AbstractProtocol pause
信息: Pausing ProtocolHandler ["http-nio-auto-90-52982"]
八月 26, 2020 12:03:36 下午 org.apache.catalina.core.StandardService stopInternal
信息: Stopping service [Tomcat]
八月 26, 2020 12:03:36 下午 org.apache.coyote.AbstractProtocol stop
信息: Stopping ProtocolHandler ["http-nio-auto-90-52982"]
八月 26, 2020 12:03:36 下午 org.apache.coyote.AbstractProtocol destroy
信息: Destroying ProtocolHandler ["http-nio-auto-90-52982"]
八月 26, 2020 12:03:36 下午 org.apache.catalina.core.StandardService startInternal
信息: Starting service [Tomcat]
八月 26, 2020 12:03:36 下午 org.apache.catalina.core.StandardEngine startInternal
信息: Starting Servlet Engine: Apache Tomcat/9.0.11
八月 26, 2020 12:03:36 下午 org.apache.coyote.AbstractProtocol init
信息: Initializing ProtocolHandler ["http-nio-auto-91"]
八月 26, 2020 12:03:36 下午 org.apache.tomcat.util.net.NioSelectorPool getSharedSelector
信息: Using a shared selector for servlet write/read
八月 26, 2020 12:03:36 下午 org.apache.coyote.AbstractProtocol start
信息: Starting ProtocolHandler ["http-nio-auto-91-52992"]
八月 26, 2020 12:03:36 下午 org.apache.coyote.AbstractProtocol pause
信息: Pausing ProtocolHandler ["http-nio-auto-91-52992"]
八月 26, 2020 12:03:36 下午 org.apache.catalina.core.StandardService stopInternal
信息: Stopping service [Tomcat]
八月 26, 2020 12:03:36 下午 org.apache.coyote.AbstractProtocol stop
信息: Stopping ProtocolHandler ["http-nio-auto-91-52992"]
八月 26, 2020 12:03:36 下午 org.apache.coyote.AbstractProtocol destroy
信息: Destroying ProtocolHandler ["http-nio-auto-91-52992"]
八月 26, 2020 12:03:37 下午 org.apache.catalina.core.StandardService startInternal
信息: Starting service [Tomcat]
八月 26, 2020 12:03:37 下午 org.apache.catalina.core.StandardEngine startInternal
信息: Starting Servlet Engine: Apache Tomcat/9.0.11
八月 26, 2020 12:03:37 下午 org.apache.coyote.AbstractProtocol init
信息: Initializing ProtocolHandler ["http-nio-auto-92"]
八月 26, 2020 12:03:37 下午 org.apache.tomcat.util.net.NioSelectorPool getSharedSelector
信息: Using a shared selector for servlet write/read
八月 26, 2020 12:03:37 下午 org.apache.coyote.AbstractProtocol start
信息: Starting ProtocolHandler ["http-nio-auto-92-53001"]
八月 26, 2020 12:03:37 下午 org.apache.coyote.AbstractProtocol pause
信息: Pausing ProtocolHandler ["http-nio-auto-92-53001"]
八月 26, 2020 12:03:37 下午 org.apache.catalina.core.StandardService stopInternal
信息: Stopping service [Tomcat]
八月 26, 2020 12:03:37 下午 org.apache.coyote.AbstractProtocol stop
信息: Stopping ProtocolHandler ["http-nio-auto-92-53001"]
八月 26, 2020 12:03:37 下午 org.apache.coyote.AbstractProtocol destroy
信息: Destroying ProtocolHandler ["http-nio-auto-92-53001"]
八月 26, 2020 12:03:37 下午 org.apache.catalina.core.StandardService startInternal
信息: Starting service [Tomcat]
八月 26, 2020 12:03:37 下午 org.apache.catalina.core.StandardEngine startInternal
信息: Starting Servlet Engine: Apache Tomcat/9.0.11
八月 26, 2020 12:03:37 下午 org.apache.coyote.AbstractProtocol init
信息: Initializing ProtocolHandler ["http-nio-auto-93"]
八月 26, 2020 12:03:37 下午 org.apache.tomcat.util.net.NioSelectorPool getSharedSelector
信息: Using a shared selector for servlet write/read
八月 26, 2020 12:03:37 下午 org.apache.coyote.AbstractProtocol start
信息: Starting ProtocolHandler ["http-nio-auto-93-53010"]
八月 26, 2020 12:03:37 下午 org.apache.coyote.AbstractProtocol pause
信息: Pausing ProtocolHandler ["http-nio-auto-93-53010"]
八月 26, 2020 12:03:37 下午 org.apache.catalina.core.StandardService stopInternal
信息: Stopping service [Tomcat]
八月 26, 2020 12:03:37 下午 org.apache.coyote.AbstractProtocol stop
信息: Stopping ProtocolHandler ["http-nio-auto-93-53010"]
八月 26, 2020 12:03:37 下午 org.apache.coyote.AbstractProtocol destroy
信息: Destroying ProtocolHandler ["http-nio-auto-93-53010"]
八月 26, 2020 12:03:37 下午 org.apache.catalina.core.StandardService startInternal
信息: Starting service [Tomcat]
八月 26, 2020 12:03:37 下午 org.apache.catalina.core.StandardEngine startInternal
信息: Starting Servlet Engine: Apache Tomcat/9.0.11
八月 26, 2020 12:03:37 下午 org.apache.coyote.AbstractProtocol init
信息: Initializing ProtocolHandler ["http-nio-auto-94"]
八月 26, 2020 12:03:37 下午 org.apache.tomcat.util.net.NioSelectorPool getSharedSelector
信息: Using a shared selector for servlet write/read
八月 26, 2020 12:03:37 下午 org.apache.coyote.AbstractProtocol start
信息: Starting ProtocolHandler ["http-nio-auto-94-53019"]
八月 26, 2020 12:03:37 下午 org.apache.coyote.AbstractProtocol pause
信息: Pausing ProtocolHandler ["http-nio-auto-94-53019"]
八月 26, 2020 12:03:37 下午 org.apache.catalina.core.StandardService stopInternal
信息: Stopping service [Tomcat]
八月 26, 2020 12:03:37 下午 org.apache.coyote.AbstractProtocol stop
信息: Stopping ProtocolHandler ["http-nio-auto-94-53019"]
八月 26, 2020 12:03:37 下午 org.apache.coyote.AbstractProtocol destroy
信息: Destroying ProtocolHandler ["http-nio-auto-94-53019"]
八月 26, 2020 12:03:37 下午 org.apache.catalina.core.StandardService startInternal
信息: Starting service [Tomcat]
八月 26, 2020 12:03:37 下午 org.apache.catalina.core.StandardEngine startInternal
信息: Starting Servlet Engine: Apache Tomcat/9.0.11
八月 26, 2020 12:03:37 下午 org.apache.coyote.AbstractProtocol init
信息: Initializing ProtocolHandler ["http-nio-auto-95"]
八月 26, 2020 12:03:37 下午 org.apache.tomcat.util.net.NioSelectorPool getSharedSelector
信息: Using a shared selector for servlet write/read
八月 26, 2020 12:03:37 下午 org.apache.coyote.AbstractProtocol start
信息: Starting ProtocolHandler ["http-nio-auto-95-53028"]
八月 26, 2020 12:03:37 下午 org.apache.coyote.AbstractProtocol pause
信息: Pausing ProtocolHandler ["http-nio-auto-95-53028"]
八月 26, 2020 12:03:37 下午 org.apache.catalina.core.StandardService stopInternal
信息: Stopping service [Tomcat]
八月 26, 2020 12:03:37 下午 org.apache.coyote.AbstractProtocol stop
信息: Stopping ProtocolHandler ["http-nio-auto-95-53028"]
八月 26, 2020 12:03:37 下午 org.apache.coyote.AbstractProtocol destroy
信息: Destroying ProtocolHandler ["http-nio-auto-95-53028"]
八月 26, 2020 12:03:38 下午 org.apache.catalina.core.StandardService startInternal
信息: Starting service [Tomcat]
八月 26, 2020 12:03:38 下午 org.apache.catalina.core.StandardEngine startInternal
信息: Starting Servlet Engine: Apache Tomcat/9.0.11
八月 26, 2020 12:03:38 下午 org.apache.coyote.AbstractProtocol init
信息: Initializing ProtocolHandler ["http-nio-auto-96"]
八月 26, 2020 12:03:38 下午 org.apache.tomcat.util.net.NioSelectorPool getSharedSelector
信息: Using a shared selector for servlet write/read
八月 26, 2020 12:03:38 下午 org.apache.coyote.AbstractProtocol start
信息: Starting ProtocolHandler ["http-nio-auto-96-53037"]
八月 26, 2020 12:03:38 下午 org.apache.coyote.AbstractProtocol pause
信息: Pausing ProtocolHandler ["http-nio-auto-96-53037"]
八月 26, 2020 12:03:38 下午 org.apache.catalina.core.StandardService stopInternal
信息: Stopping service [Tomcat]
八月 26, 2020 12:03:38 下午 org.apache.coyote.AbstractProtocol stop
信息: Stopping ProtocolHandler ["http-nio-auto-96-53037"]
八月 26, 2020 12:03:38 下午 org.apache.coyote.AbstractProtocol destroy
信息: Destroying ProtocolHandler ["http-nio-auto-96-53037"]
八月 26, 2020 12:03:38 下午 org.apache.catalina.core.StandardService startInternal
信息: Starting service [Tomcat]
八月 26, 2020 12:03:38 下午 org.apache.catalina.core.StandardEngine startInternal
信息: Starting Servlet Engine: Apache Tomcat/9.0.11
八月 26, 2020 12:03:38 下午 org.apache.coyote.AbstractProtocol init
信息: Initializing ProtocolHandler ["http-nio-auto-97"]
八月 26, 2020 12:03:38 下午 org.apache.tomcat.util.net.NioSelectorPool getSharedSelector
信息: Using a shared selector for servlet write/read
八月 26, 2020 12:03:38 下午 org.apache.coyote.AbstractProtocol start
信息: Starting ProtocolHandler ["http-nio-auto-97-53046"]
八月 26, 2020 12:03:38 下午 org.apache.coyote.AbstractProtocol pause
信息: Pausing ProtocolHandler ["http-nio-auto-97-53046"]
八月 26, 2020 12:03:38 下午 org.apache.catalina.core.StandardService stopInternal
信息: Stopping service [Tomcat]
八月 26, 2020 12:03:38 下午 org.apache.coyote.AbstractProtocol stop
信息: Stopping ProtocolHandler ["http-nio-auto-97-53046"]
八月 26, 2020 12:03:38 下午 org.apache.coyote.AbstractProtocol destroy
信息: Destroying ProtocolHandler ["http-nio-auto-97-53046"]
八月 26, 2020 12:03:38 下午 org.apache.catalina.core.StandardService startInternal
信息: Starting service [Tomcat]
八月 26, 2020 12:03:38 下午 org.apache.catalina.core.StandardEngine startInternal
信息: Starting Servlet Engine: Apache Tomcat/9.0.11
八月 26, 2020 12:03:38 下午 org.apache.coyote.AbstractProtocol init
信息: Initializing ProtocolHandler ["http-nio-auto-98"]
八月 26, 2020 12:03:38 下午 org.apache.tomcat.util.net.NioSelectorPool getSharedSelector
信息: Using a shared selector for servlet write/read
八月 26, 2020 12:03:38 下午 org.apache.coyote.AbstractProtocol start
信息: Starting ProtocolHandler ["http-nio-auto-98-53055"]
八月 26, 2020 12:03:38 下午 org.apache.coyote.AbstractProtocol pause
信息: Pausing ProtocolHandler ["http-nio-auto-98-53055"]
八月 26, 2020 12:03:38 下午 org.apache.catalina.core.StandardService stopInternal
信息: Stopping service [Tomcat]
八月 26, 2020 12:03:38 下午 org.apache.coyote.AbstractProtocol stop
信息: Stopping ProtocolHandler ["http-nio-auto-98-53055"]
八月 26, 2020 12:03:38 下午 org.apache.coyote.AbstractProtocol destroy
信息: Destroying ProtocolHandler ["http-nio-auto-98-53055"]
八月 26, 2020 12:03:39 下午 org.apache.catalina.core.StandardService startInternal
信息: Starting service [Tomcat]
八月 26, 2020 12:03:39 下午 org.apache.catalina.core.StandardEngine startInternal
信息: Starting Servlet Engine: Apache Tomcat/9.0.11
八月 26, 2020 12:03:39 下午 org.apache.coyote.AbstractProtocol init
信息: Initializing ProtocolHandler ["http-nio-auto-99"]
八月 26, 2020 12:03:39 下午 org.apache.tomcat.util.net.NioSelectorPool getSharedSelector
信息: Using a shared selector for servlet write/read
八月 26, 2020 12:03:39 下午 org.apache.coyote.AbstractProtocol start
信息: Starting ProtocolHandler ["http-nio-auto-99-53064"]
八月 26, 2020 12:03:39 下午 org.apache.coyote.AbstractProtocol pause
信息: Pausing ProtocolHandler ["http-nio-auto-99-53064"]
八月 26, 2020 12:03:39 下午 org.apache.catalina.core.StandardService stopInternal
信息: Stopping service [Tomcat]
八月 26, 2020 12:03:39 下午 org.apache.coyote.AbstractProtocol stop
信息: Stopping ProtocolHandler ["http-nio-auto-99-53064"]
八月 26, 2020 12:03:39 下午 org.apache.coyote.AbstractProtocol destroy
信息: Destroying ProtocolHandler ["http-nio-auto-99-53064"]
八月 26, 2020 12:03:39 下午 org.apache.catalina.core.StandardService startInternal
信息: Starting service [Tomcat]
八月 26, 2020 12:03:39 下午 org.apache.catalina.core.StandardEngine startInternal
信息: Starting Servlet Engine: Apache Tomcat/9.0.11
八月 26, 2020 12:03:39 下午 org.apache.coyote.AbstractProtocol init
信息: Initializing ProtocolHandler ["http-nio-auto-100"]
八月 26, 2020 12:03:39 下午 org.apache.tomcat.util.net.NioSelectorPool getSharedSelector
信息: Using a shared selector for servlet write/read
八月 26, 2020 12:03:39 下午 org.apache.coyote.AbstractProtocol start
信息: Starting ProtocolHandler ["http-nio-auto-100-53073"]
八月 26, 2020 12:03:39 下午 org.apache.coyote.AbstractProtocol pause
信息: Pausing ProtocolHandler ["http-nio-auto-100-53073"]
八月 26, 2020 12:03:39 下午 org.apache.catalina.core.StandardService stopInternal
信息: Stopping service [Tomcat]
八月 26, 2020 12:03:39 下午 org.apache.coyote.AbstractProtocol stop
信息: Stopping ProtocolHandler ["http-nio-auto-100-53073"]
八月 26, 2020 12:03:39 下午 org.apache.coyote.AbstractProtocol destroy
信息: Destroying ProtocolHandler ["http-nio-auto-100-53073"]
八月 26, 2020 12:03:39 下午 org.apache.catalina.core.StandardService startInternal
信息: Starting service [Tomcat]
八月 26, 2020 12:03:39 下午 org.apache.catalina.core.StandardEngine startInternal
信息: Starting Servlet Engine: Apache Tomcat/9.0.11
八月 26, 2020 12:03:39 下午 org.apache.coyote.AbstractProtocol init
信息: Initializing ProtocolHandler ["http-nio-auto-101"]
八月 26, 2020 12:03:39 下午 org.apache.tomcat.util.net.NioSelectorPool getSharedSelector
信息: Using a shared selector for servlet write/read
八月 26, 2020 12:03:39 下午 org.apache.coyote.AbstractProtocol start
信息: Starting ProtocolHandler ["http-nio-auto-101-53082"]
八月 26, 2020 12:03:39 下午 org.apache.coyote.AbstractProtocol pause
信息: Pausing ProtocolHandler ["http-nio-auto-101-53082"]
八月 26, 2020 12:03:39 下午 org.apache.catalina.core.StandardService stopInternal
信息: Stopping service [Tomcat]
八月 26, 2020 12:03:39 下午 org.apache.coyote.AbstractProtocol stop
信息: Stopping ProtocolHandler ["http-nio-auto-101-53082"]
八月 26, 2020 12:03:39 下午 org.apache.coyote.AbstractProtocol destroy
信息: Destroying ProtocolHandler ["http-nio-auto-101-53082"]
八月 26, 2020 12:03:39 下午 org.apache.catalina.core.StandardService startInternal
信息: Starting service [Tomcat]
八月 26, 2020 12:03:39 下午 org.apache.catalina.core.StandardEngine startInternal
信息: Starting Servlet Engine: Apache Tomcat/9.0.11
八月 26, 2020 12:03:39 下午 org.apache.coyote.AbstractProtocol init
信息: Initializing ProtocolHandler ["http-nio-auto-102"]
八月 26, 2020 12:03:39 下午 org.apache.tomcat.util.net.NioSelectorPool getSharedSelector
信息: Using a shared selector for servlet write/read
八月 26, 2020 12:03:39 下午 org.apache.coyote.AbstractProtocol start
信息: Starting ProtocolHandler ["http-nio-auto-102-53091"]
八月 26, 2020 12:03:39 下午 org.apache.coyote.AbstractProtocol pause
信息: Pausing ProtocolHandler ["http-nio-auto-102-53091"]
八月 26, 2020 12:03:40 下午 org.apache.catalina.core.StandardService stopInternal
信息: Stopping service [Tomcat]
八月 26, 2020 12:03:40 下午 org.apache.coyote.AbstractProtocol stop
信息: Stopping ProtocolHandler ["http-nio-auto-102-53091"]
八月 26, 2020 12:03:40 下午 org.apache.coyote.AbstractProtocol destroy
信息: Destroying ProtocolHandler ["http-nio-auto-102-53091"]
八月 26, 2020 12:03:40 下午 org.apache.catalina.core.StandardService startInternal
信息: Starting service [Tomcat]
八月 26, 2020 12:03:40 下午 org.apache.catalina.core.StandardEngine startInternal
信息: Starting Servlet Engine: Apache Tomcat/9.0.11
八月 26, 2020 12:03:40 下午 org.apache.coyote.AbstractProtocol init
信息: Initializing ProtocolHandler ["http-nio-auto-103"]
八月 26, 2020 12:03:40 下午 org.apache.tomcat.util.net.NioSelectorPool getSharedSelector
信息: Using a shared selector for servlet write/read
八月 26, 2020 12:03:40 下午 org.apache.coyote.AbstractProtocol start
信息: Starting ProtocolHandler ["http-nio-auto-103-53100"]
八月 26, 2020 12:03:40 下午 org.apache.coyote.AbstractProtocol pause
信息: Pausing ProtocolHandler ["http-nio-auto-103-53100"]
八月 26, 2020 12:03:40 下午 org.apache.catalina.core.StandardService stopInternal
信息: Stopping service [Tomcat]
八月 26, 2020 12:03:40 下午 org.apache.coyote.AbstractProtocol stop
信息: Stopping ProtocolHandler ["http-nio-auto-103-53100"]
八月 26, 2020 12:03:40 下午 org.apache.coyote.AbstractProtocol destroy
信息: Destroying ProtocolHandler ["http-nio-auto-103-53100"]
八月 26, 2020 12:03:40 下午 org.apache.catalina.core.StandardService startInternal
信息: Starting service [Tomcat]
八月 26, 2020 12:03:40 下午 org.apache.catalina.core.StandardEngine startInternal
信息: Starting Servlet Engine: Apache Tomcat/9.0.11
八月 26, 2020 12:03:40 下午 org.apache.coyote.AbstractProtocol init
信息: Initializing ProtocolHandler ["http-nio-auto-104"]
八月 26, 2020 12:03:40 下午 org.apache.tomcat.util.net.NioSelectorPool getSharedSelector
信息: Using a shared selector for servlet write/read
八月 26, 2020 12:03:40 下午 org.apache.coyote.AbstractProtocol start
信息: Starting ProtocolHandler ["http-nio-auto-104-53109"]
八月 26, 2020 12:03:40 下午 org.apache.coyote.AbstractProtocol pause
信息: Pausing ProtocolHandler ["http-nio-auto-104-53109"]
八月 26, 2020 12:03:40 下午 org.apache.catalina.core.StandardService stopInternal
信息: Stopping service [Tomcat]
八月 26, 2020 12:03:40 下午 org.apache.coyote.AbstractProtocol stop
信息: Stopping ProtocolHandler ["http-nio-auto-104-53109"]
八月 26, 2020 12:03:40 下午 org.apache.coyote.AbstractProtocol destroy
信息: Destroying ProtocolHandler ["http-nio-auto-104-53109"]
八月 26, 2020 12:03:40 下午 org.apache.catalina.core.StandardService startInternal
信息: Starting service [Tomcat]
八月 26, 2020 12:03:40 下午 org.apache.catalina.core.StandardEngine startInternal
信息: Starting Servlet Engine: Apache Tomcat/9.0.11
八月 26, 2020 12:03:40 下午 org.apache.coyote.AbstractProtocol init
信息: Initializing ProtocolHandler ["http-nio-auto-105"]
八月 26, 2020 12:03:40 下午 org.apache.tomcat.util.net.NioSelectorPool getSharedSelector
信息: Using a shared selector for servlet write/read
八月 26, 2020 12:03:40 下午 org.apache.coyote.AbstractProtocol start
信息: Starting ProtocolHandler ["http-nio-auto-105-53118"]
八月 26, 2020 12:03:40 下午 org.apache.coyote.AbstractProtocol pause
信息: Pausing ProtocolHandler ["http-nio-auto-105-53118"]
八月 26, 2020 12:03:40 下午 org.apache.catalina.core.StandardService stopInternal
信息: Stopping service [Tomcat]
八月 26, 2020 12:03:40 下午 org.apache.coyote.AbstractProtocol stop
信息: Stopping ProtocolHandler ["http-nio-auto-105-53118"]
八月 26, 2020 12:03:40 下午 org.apache.coyote.AbstractProtocol destroy
信息: Destroying ProtocolHandler ["http-nio-auto-105-53118"]
八月 26, 2020 12:03:41 下午 org.apache.catalina.core.StandardService startInternal
信息: Starting service [Tomcat]
八月 26, 2020 12:03:41 下午 org.apache.catalina.core.StandardEngine startInternal
信息: Starting Servlet Engine: Apache Tomcat/9.0.11
八月 26, 2020 12:03:41 下午 org.apache.coyote.AbstractProtocol init
信息: Initializing ProtocolHandler ["http-nio-auto-106"]
八月 26, 2020 12:03:41 下午 org.apache.tomcat.util.net.NioSelectorPool getSharedSelector
信息: Using a shared selector for servlet write/read
八月 26, 2020 12:03:41 下午 org.apache.coyote.AbstractProtocol start
信息: Starting ProtocolHandler ["http-nio-auto-106-53127"]
八月 26, 2020 12:03:41 下午 org.apache.coyote.AbstractProtocol pause
信息: Pausing ProtocolHandler ["http-nio-auto-106-53127"]
八月 26, 2020 12:03:41 下午 org.apache.catalina.core.StandardService stopInternal
信息: Stopping service [Tomcat]
八月 26, 2020 12:03:41 下午 org.apache.coyote.AbstractProtocol stop
信息: Stopping ProtocolHandler ["http-nio-auto-106-53127"]
八月 26, 2020 12:03:41 下午 org.apache.coyote.AbstractProtocol destroy
信息: Destroying ProtocolHandler ["http-nio-auto-106-53127"]
八月 26, 2020 12:03:41 下午 org.apache.catalina.core.StandardService startInternal
信息: Starting service [Tomcat]
八月 26, 2020 12:03:41 下午 org.apache.catalina.core.StandardEngine startInternal
信息: Starting Servlet Engine: Apache Tomcat/9.0.11
八月 26, 2020 12:03:41 下午 org.apache.coyote.AbstractProtocol init
信息: Initializing ProtocolHandler ["http-nio-auto-107"]
八月 26, 2020 12:03:41 下午 org.apache.tomcat.util.net.NioSelectorPool getSharedSelector
信息: Using a shared selector for servlet write/read
八月 26, 2020 12:03:41 下午 org.apache.coyote.AbstractProtocol start
信息: Starting ProtocolHandler ["http-nio-auto-107-53136"]
八月 26, 2020 12:03:41 下午 org.apache.coyote.AbstractProtocol pause
信息: Pausing ProtocolHandler ["http-nio-auto-107-53136"]
八月 26, 2020 12:03:41 下午 org.apache.catalina.core.StandardService stopInternal
信息: Stopping service [Tomcat]
八月 26, 2020 12:03:41 下午 org.apache.coyote.AbstractProtocol stop
信息: Stopping ProtocolHandler ["http-nio-auto-107-53136"]
八月 26, 2020 12:03:41 下午 org.apache.coyote.AbstractProtocol destroy
信息: Destroying ProtocolHandler ["http-nio-auto-107-53136"]
八月 26, 2020 12:03:41 下午 org.apache.catalina.core.StandardService startInternal
信息: Starting service [Tomcat]
八月 26, 2020 12:03:41 下午 org.apache.catalina.core.StandardEngine startInternal
信息: Starting Servlet Engine: Apache Tomcat/9.0.11
八月 26, 2020 12:03:41 下午 org.apache.coyote.AbstractProtocol init
信息: Initializing ProtocolHandler ["http-nio-auto-108"]
八月 26, 2020 12:03:41 下午 org.apache.tomcat.util.net.NioSelectorPool getSharedSelector
信息: Using a shared selector for servlet write/read
八月 26, 2020 12:03:41 下午 org.apache.coyote.AbstractProtocol start
信息: Starting ProtocolHandler ["http-nio-auto-108-53145"]
八月 26, 2020 12:03:41 下午 org.apache.coyote.AbstractProtocol pause
信息: Pausing ProtocolHandler ["http-nio-auto-108-53145"]
八月 26, 2020 12:03:41 下午 org.apache.catalina.core.StandardService stopInternal
信息: Stopping service [Tomcat]
八月 26, 2020 12:03:41 下午 org.apache.coyote.AbstractProtocol stop
信息: Stopping ProtocolHandler ["http-nio-auto-108-53145"]
八月 26, 2020 12:03:41 下午 org.apache.coyote.AbstractProtocol destroy
信息: Destroying ProtocolHandler ["http-nio-auto-108-53145"]
八月 26, 2020 12:03:41 下午 org.apache.catalina.core.StandardService startInternal
信息: Starting service [Tomcat]
八月 26, 2020 12:03:41 下午 org.apache.catalina.core.StandardEngine startInternal
信息: Starting Servlet Engine: Apache Tomcat/9.0.11
八月 26, 2020 12:03:41 下午 org.apache.coyote.AbstractProtocol init
信息: Initializing ProtocolHandler ["http-nio-auto-109"]
八月 26, 2020 12:03:41 下午 org.apache.tomcat.util.net.NioSelectorPool getSharedSelector
信息: Using a shared selector for servlet write/read
八月 26, 2020 12:03:41 下午 org.apache.coyote.AbstractProtocol start
信息: Starting ProtocolHandler ["http-nio-auto-109-53154"]
八月 26, 2020 12:03:42 下午 org.apache.coyote.AbstractProtocol pause
信息: Pausing ProtocolHandler ["http-nio-auto-109-53154"]
八月 26, 2020 12:03:42 下午 org.apache.catalina.core.StandardService stopInternal
信息: Stopping service [Tomcat]
八月 26, 2020 12:03:42 下午 org.apache.coyote.AbstractProtocol stop
信息: Stopping ProtocolHandler ["http-nio-auto-109-53154"]
八月 26, 2020 12:03:42 下午 org.apache.coyote.AbstractProtocol destroy
信息: Destroying ProtocolHandler ["http-nio-auto-109-53154"]
八月 26, 2020 12:03:42 下午 org.apache.catalina.core.StandardService startInternal
信息: Starting service [Tomcat]
八月 26, 2020 12:03:42 下午 org.apache.catalina.core.StandardEngine startInternal
信息: Starting Servlet Engine: Apache Tomcat/9.0.11
八月 26, 2020 12:03:42 下午 org.apache.coyote.AbstractProtocol init
信息: Initializing ProtocolHandler ["http-nio-auto-110"]
八月 26, 2020 12:03:42 下午 org.apache.tomcat.util.net.NioSelectorPool getSharedSelector
信息: Using a shared selector for servlet write/read
八月 26, 2020 12:03:42 下午 org.apache.coyote.AbstractProtocol start
信息: Starting ProtocolHandler ["http-nio-auto-110-53164"]
八月 26, 2020 12:03:42 下午 org.apache.coyote.AbstractProtocol pause
信息: Pausing ProtocolHandler ["http-nio-auto-110-53164"]
八月 26, 2020 12:03:42 下午 org.apache.catalina.core.StandardService stopInternal
信息: Stopping service [Tomcat]
八月 26, 2020 12:03:42 下午 org.apache.coyote.AbstractProtocol stop
信息: Stopping ProtocolHandler ["http-nio-auto-110-53164"]
八月 26, 2020 12:03:42 下午 org.apache.coyote.AbstractProtocol destroy
信息: Destroying ProtocolHandler ["http-nio-auto-110-53164"]
八月 26, 2020 12:03:42 下午 org.apache.catalina.core.StandardService startInternal
信息: Starting service [Tomcat]
八月 26, 2020 12:03:42 下午 org.apache.catalina.core.StandardEngine startInternal
信息: Starting Servlet Engine: Apache Tomcat/9.0.11
八月 26, 2020 12:03:42 下午 org.apache.coyote.AbstractProtocol init
信息: Initializing ProtocolHandler ["http-nio-auto-111"]
八月 26, 2020 12:03:42 下午 org.apache.tomcat.util.net.NioSelectorPool getSharedSelector
信息: Using a shared selector for servlet write/read
八月 26, 2020 12:03:42 下午 org.apache.coyote.AbstractProtocol start
信息: Starting ProtocolHandler ["http-nio-auto-111-53174"]
八月 26, 2020 12:03:42 下午 org.apache.coyote.AbstractProtocol pause
信息: Pausing ProtocolHandler ["http-nio-auto-111-53174"]
八月 26, 2020 12:03:42 下午 org.apache.catalina.core.StandardService stopInternal
信息: Stopping service [Tomcat]
八月 26, 2020 12:03:42 下午 org.apache.coyote.AbstractProtocol stop
信息: Stopping ProtocolHandler ["http-nio-auto-111-53174"]
八月 26, 2020 12:03:42 下午 org.apache.coyote.AbstractProtocol destroy
信息: Destroying ProtocolHandler ["http-nio-auto-111-53174"]
八月 26, 2020 12:03:42 下午 org.apache.catalina.core.StandardService startInternal
信息: Starting service [Tomcat]
八月 26, 2020 12:03:42 下午 org.apache.catalina.core.StandardEngine startInternal
信息: Starting Servlet Engine: Apache Tomcat/9.0.11
八月 26, 2020 12:03:42 下午 org.apache.coyote.AbstractProtocol init
信息: Initializing ProtocolHandler ["http-nio-auto-112"]
八月 26, 2020 12:03:42 下午 org.apache.tomcat.util.net.NioSelectorPool getSharedSelector
信息: Using a shared selector for servlet write/read
八月 26, 2020 12:03:42 下午 org.apache.coyote.AbstractProtocol start
信息: Starting ProtocolHandler ["http-nio-auto-112-53183"]
八月 26, 2020 12:03:42 下午 org.apache.coyote.AbstractProtocol pause
信息: Pausing ProtocolHandler ["http-nio-auto-112-53183"]
八月 26, 2020 12:03:42 下午 org.apache.catalina.core.StandardService stopInternal
信息: Stopping service [Tomcat]
八月 26, 2020 12:03:42 下午 org.apache.coyote.AbstractProtocol stop
信息: Stopping ProtocolHandler ["http-nio-auto-112-53183"]
八月 26, 2020 12:03:42 下午 org.apache.coyote.AbstractProtocol destroy
信息: Destroying ProtocolHandler ["http-nio-auto-112-53183"]
八月 26, 2020 12:03:43 下午 org.apache.catalina.core.StandardService startInternal
信息: Starting service [Tomcat]
八月 26, 2020 12:03:43 下午 org.apache.catalina.core.StandardEngine startInternal
信息: Starting Servlet Engine: Apache Tomcat/9.0.11
八月 26, 2020 12:03:43 下午 org.apache.coyote.AbstractProtocol init
信息: Initializing ProtocolHandler ["http-nio-auto-113"]
八月 26, 2020 12:03:43 下午 org.apache.tomcat.util.net.NioSelectorPool getSharedSelector
信息: Using a shared selector for servlet write/read
八月 26, 2020 12:03:43 下午 org.apache.coyote.AbstractProtocol start
信息: Starting ProtocolHandler ["http-nio-auto-113-53192"]
八月 26, 2020 12:03:43 下午 org.apache.coyote.AbstractProtocol pause
信息: Pausing ProtocolHandler ["http-nio-auto-113-53192"]
八月 26, 2020 12:03:43 下午 org.apache.catalina.core.StandardService stopInternal
信息: Stopping service [Tomcat]
八月 26, 2020 12:03:43 下午 org.apache.coyote.AbstractProtocol stop
信息: Stopping ProtocolHandler ["http-nio-auto-113-53192"]
八月 26, 2020 12:03:43 下午 org.apache.coyote.AbstractProtocol destroy
信息: Destroying ProtocolHandler ["http-nio-auto-113-53192"]
八月 26, 2020 12:03:43 下午 org.apache.catalina.core.StandardService startInternal
信息: Starting service [Tomcat]
八月 26, 2020 12:03:43 下午 org.apache.catalina.core.StandardEngine startInternal
信息: Starting Servlet Engine: Apache Tomcat/9.0.11
八月 26, 2020 12:03:43 下午 org.apache.coyote.AbstractProtocol init
信息: Initializing ProtocolHandler ["http-nio-auto-114"]
八月 26, 2020 12:03:43 下午 org.apache.tomcat.util.net.NioSelectorPool getSharedSelector
信息: Using a shared selector for servlet write/read
八月 26, 2020 12:03:43 下午 org.apache.coyote.AbstractProtocol start
信息: Starting ProtocolHandler ["http-nio-auto-114-53201"]
八月 26, 2020 12:03:43 下午 org.apache.coyote.AbstractProtocol pause
信息: Pausing ProtocolHandler ["http-nio-auto-114-53201"]
八月 26, 2020 12:03:43 下午 org.apache.catalina.core.StandardService stopInternal
信息: Stopping service [Tomcat]
八月 26, 2020 12:03:43 下午 org.apache.coyote.AbstractProtocol stop
信息: Stopping ProtocolHandler ["http-nio-auto-114-53201"]
八月 26, 2020 12:03:43 下午 org.apache.coyote.AbstractProtocol destroy
信息: Destroying ProtocolHandler ["http-nio-auto-114-53201"]
八月 26, 2020 12:03:43 下午 org.apache.catalina.core.StandardService startInternal
信息: Starting service [Tomcat]
八月 26, 2020 12:03:43 下午 org.apache.catalina.core.StandardEngine startInternal
信息: Starting Servlet Engine: Apache Tomcat/9.0.11
八月 26, 2020 12:03:43 下午 org.apache.coyote.AbstractProtocol init
信息: Initializing ProtocolHandler ["http-nio-auto-115"]
八月 26, 2020 12:03:43 下午 org.apache.tomcat.util.net.NioSelectorPool getSharedSelector
信息: Using a shared selector for servlet write/read
八月 26, 2020 12:03:43 下午 org.apache.coyote.AbstractProtocol start
信息: Starting ProtocolHandler ["http-nio-auto-115-53210"]
八月 26, 2020 12:03:43 下午 org.apache.coyote.AbstractProtocol pause
信息: Pausing ProtocolHandler ["http-nio-auto-115-53210"]
八月 26, 2020 12:03:43 下午 org.apache.catalina.core.StandardService stopInternal
信息: Stopping service [Tomcat]
八月 26, 2020 12:03:43 下午 org.apache.coyote.AbstractProtocol stop
信息: Stopping ProtocolHandler ["http-nio-auto-115-53210"]
八月 26, 2020 12:03:43 下午 org.apache.coyote.AbstractProtocol destroy
信息: Destroying ProtocolHandler ["http-nio-auto-115-53210"]
八月 26, 2020 12:03:44 下午 org.apache.catalina.core.StandardService startInternal
信息: Starting service [Tomcat]
八月 26, 2020 12:03:44 下午 org.apache.catalina.core.StandardEngine startInternal
信息: Starting Servlet Engine: Apache Tomcat/9.0.11
八月 26, 2020 12:03:44 下午 org.apache.coyote.AbstractProtocol init
信息: Initializing ProtocolHandler ["http-nio-auto-116"]
八月 26, 2020 12:03:44 下午 org.apache.tomcat.util.net.NioSelectorPool getSharedSelector
信息: Using a shared selector for servlet write/read
八月 26, 2020 12:03:44 下午 org.apache.coyote.AbstractProtocol start
信息: Starting ProtocolHandler ["http-nio-auto-116-53219"]
八月 26, 2020 12:03:44 下午 org.apache.coyote.AbstractProtocol pause
信息: Pausing ProtocolHandler ["http-nio-auto-116-53219"]
八月 26, 2020 12:03:44 下午 org.apache.catalina.core.StandardService stopInternal
信息: Stopping service [Tomcat]
八月 26, 2020 12:03:44 下午 org.apache.coyote.AbstractProtocol stop
信息: Stopping ProtocolHandler ["http-nio-auto-116-53219"]
八月 26, 2020 12:03:44 下午 org.apache.coyote.AbstractProtocol destroy
信息: Destroying ProtocolHandler ["http-nio-auto-116-53219"]
八月 26, 2020 12:03:44 下午 org.apache.catalina.core.StandardService startInternal
信息: Starting service [Tomcat]
八月 26, 2020 12:03:44 下午 org.apache.catalina.core.StandardEngine startInternal
信息: Starting Servlet Engine: Apache Tomcat/9.0.11
八月 26, 2020 12:03:44 下午 org.apache.coyote.AbstractProtocol init
信息: Initializing ProtocolHandler ["http-nio-auto-117"]
八月 26, 2020 12:03:44 下午 org.apache.tomcat.util.net.NioSelectorPool getSharedSelector
信息: Using a shared selector for servlet write/read
八月 26, 2020 12:03:44 下午 org.apache.coyote.AbstractProtocol start
信息: Starting ProtocolHandler ["http-nio-auto-117-53228"]
八月 26, 2020 12:03:44 下午 org.apache.coyote.AbstractProtocol pause
信息: Pausing ProtocolHandler ["http-nio-auto-117-53228"]
八月 26, 2020 12:03:44 下午 org.apache.catalina.core.StandardService stopInternal
信息: Stopping service [Tomcat]
八月 26, 2020 12:03:44 下午 org.apache.coyote.AbstractProtocol stop
信息: Stopping ProtocolHandler ["http-nio-auto-117-53228"]
八月 26, 2020 12:03:44 下午 org.apache.coyote.AbstractProtocol destroy
信息: Destroying ProtocolHandler ["http-nio-auto-117-53228"]
八月 26, 2020 12:03:44 下午 org.apache.catalina.core.StandardService startInternal
信息: Starting service [Tomcat]
八月 26, 2020 12:03:44 下午 org.apache.catalina.core.StandardEngine startInternal
信息: Starting Servlet Engine: Apache Tomcat/9.0.11
八月 26, 2020 12:03:44 下午 org.apache.coyote.AbstractProtocol init
信息: Initializing ProtocolHandler ["http-nio-auto-118"]
八月 26, 2020 12:03:44 下午 org.apache.tomcat.util.net.NioSelectorPool getSharedSelector
信息: Using a shared selector for servlet write/read
八月 26, 2020 12:03:44 下午 org.apache.coyote.AbstractProtocol start
信息: Starting ProtocolHandler ["http-nio-auto-118-53237"]
八月 26, 2020 12:03:44 下午 org.apache.coyote.AbstractProtocol pause
信息: Pausing ProtocolHandler ["http-nio-auto-118-53237"]
八月 26, 2020 12:03:44 下午 org.apache.catalina.core.StandardService stopInternal
信息: Stopping service [Tomcat]
八月 26, 2020 12:03:44 下午 org.apache.coyote.AbstractProtocol stop
信息: Stopping ProtocolHandler ["http-nio-auto-118-53237"]
八月 26, 2020 12:03:44 下午 org.apache.coyote.AbstractProtocol destroy
信息: Destroying ProtocolHandler ["http-nio-auto-118-53237"]
八月 26, 2020 12:03:44 下午 org.apache.catalina.core.StandardService startInternal
信息: Starting service [Tomcat]
八月 26, 2020 12:03:44 下午 org.apache.catalina.core.StandardEngine startInternal
信息: Starting Servlet Engine: Apache Tomcat/9.0.11
八月 26, 2020 12:03:44 下午 org.apache.coyote.AbstractProtocol init
信息: Initializing ProtocolHandler ["http-nio-auto-119"]
八月 26, 2020 12:03:44 下午 org.apache.tomcat.util.net.NioSelectorPool getSharedSelector
信息: Using a shared selector for servlet write/read
八月 26, 2020 12:03:44 下午 org.apache.coyote.AbstractProtocol start
信息: Starting ProtocolHandler ["http-nio-auto-119-53246"]
八月 26, 2020 12:03:44 下午 org.apache.coyote.AbstractProtocol pause
信息: Pausing ProtocolHandler ["http-nio-auto-119-53246"]
八月 26, 2020 12:03:44 下午 org.apache.catalina.core.StandardService stopInternal
信息: Stopping service [Tomcat]
八月 26, 2020 12:03:44 下午 org.apache.coyote.AbstractProtocol stop
信息: Stopping ProtocolHandler ["http-nio-auto-119-53246"]
八月 26, 2020 12:03:44 下午 org.apache.coyote.AbstractProtocol destroy
信息: Destroying ProtocolHandler ["http-nio-auto-119-53246"]
八月 26, 2020 12:03:45 下午 org.apache.catalina.core.StandardService startInternal
信息: Starting service [Tomcat]
八月 26, 2020 12:03:45 下午 org.apache.catalina.core.StandardEngine startInternal
信息: Starting Servlet Engine: Apache Tomcat/9.0.11
八月 26, 2020 12:03:45 下午 org.apache.coyote.AbstractProtocol init
信息: Initializing ProtocolHandler ["http-nio-auto-120"]
八月 26, 2020 12:03:45 下午 org.apache.tomcat.util.net.NioSelectorPool getSharedSelector
信息: Using a shared selector for servlet write/read
八月 26, 2020 12:03:45 下午 org.apache.coyote.AbstractProtocol start
信息: Starting ProtocolHandler ["http-nio-auto-120-53255"]
八月 26, 2020 12:03:45 下午 org.apache.coyote.AbstractProtocol pause
信息: Pausing ProtocolHandler ["http-nio-auto-120-53255"]
八月 26, 2020 12:03:45 下午 org.apache.catalina.core.StandardService stopInternal
信息: Stopping service [Tomcat]
八月 26, 2020 12:03:45 下午 org.apache.coyote.AbstractProtocol stop
信息: Stopping ProtocolHandler ["http-nio-auto-120-53255"]
八月 26, 2020 12:03:45 下午 org.apache.coyote.AbstractProtocol destroy
信息: Destroying ProtocolHandler ["http-nio-auto-120-53255"]
八月 26, 2020 12:03:45 下午 org.apache.catalina.core.StandardService startInternal
信息: Starting service [Tomcat]
八月 26, 2020 12:03:45 下午 org.apache.catalina.core.StandardEngine startInternal
信息: Starting Servlet Engine: Apache Tomcat/9.0.11
八月 26, 2020 12:03:45 下午 org.apache.coyote.AbstractProtocol init
信息: Initializing ProtocolHandler ["http-nio-auto-121"]
八月 26, 2020 12:03:45 下午 org.apache.tomcat.util.net.NioSelectorPool getSharedSelector
信息: Using a shared selector for servlet write/read
八月 26, 2020 12:03:45 下午 org.apache.coyote.AbstractProtocol start
信息: Starting ProtocolHandler ["http-nio-auto-121-53264"]
八月 26, 2020 12:03:45 下午 org.apache.coyote.AbstractProtocol pause
信息: Pausing ProtocolHandler ["http-nio-auto-121-53264"]
八月 26, 2020 12:03:45 下午 org.apache.catalina.core.StandardService stopInternal
信息: Stopping service [Tomcat]
八月 26, 2020 12:03:45 下午 org.apache.coyote.AbstractProtocol stop
信息: Stopping ProtocolHandler ["http-nio-auto-121-53264"]
八月 26, 2020 12:03:45 下午 org.apache.coyote.AbstractProtocol destroy
信息: Destroying ProtocolHandler ["http-nio-auto-121-53264"]
八月 26, 2020 12:03:45 下午 org.apache.catalina.core.StandardService startInternal
信息: Starting service [Tomcat]
八月 26, 2020 12:03:45 下午 org.apache.catalina.core.StandardEngine startInternal
信息: Starting Servlet Engine: Apache Tomcat/9.0.11
八月 26, 2020 12:03:45 下午 org.apache.coyote.AbstractProtocol init
信息: Initializing ProtocolHandler ["http-nio-auto-122"]
八月 26, 2020 12:03:45 下午 org.apache.tomcat.util.net.NioSelectorPool getSharedSelector
信息: Using a shared selector for servlet write/read
八月 26, 2020 12:03:45 下午 org.apache.coyote.AbstractProtocol start
信息: Starting ProtocolHandler ["http-nio-auto-122-53273"]
八月 26, 2020 12:03:45 下午 org.apache.coyote.AbstractProtocol pause
信息: Pausing ProtocolHandler ["http-nio-auto-122-53273"]
八月 26, 2020 12:03:45 下午 org.apache.catalina.core.StandardService stopInternal
信息: Stopping service [Tomcat]
八月 26, 2020 12:03:45 下午 org.apache.coyote.AbstractProtocol stop
信息: Stopping ProtocolHandler ["http-nio-auto-122-53273"]
八月 26, 2020 12:03:45 下午 org.apache.coyote.AbstractProtocol destroy
信息: Destroying ProtocolHandler ["http-nio-auto-122-53273"]
]]></system-err>
</testsuite>
