<?xml version="1.0" encoding="UTF-8"?>
<testsuite name="org.springframework.web.reactive.function.server.PublisherHandlerFunctionIntegrationTests" tests="12" skipped="0" failures="0" errors="0" timestamp="2020-08-26T04:02:17" hostname="PC-20191023THJJ" time="0.978">
  <properties/>
  <testcase name="flux[server [org.springframework.http.server.reactive.bootstrap.JettyHttpServer@10518716]]" classname="org.springframework.web.reactive.function.server.PublisherHandlerFunctionIntegrationTests" time="0.041"/>
  <testcase name="mono[server [org.springframework.http.server.reactive.bootstrap.JettyHttpServer@10518716]]" classname="org.springframework.web.reactive.function.server.PublisherHandlerFunctionIntegrationTests" time="0.036"/>
  <testcase name="postMono[server [org.springframework.http.server.reactive.bootstrap.JettyHttpServer@10518716]]" classname="org.springframework.web.reactive.function.server.PublisherHandlerFunctionIntegrationTests" time="0.049"/>
  <testcase name="flux[server [org.springframework.http.server.reactive.bootstrap.ReactorHttpServer@2da074b0]]" classname="org.springframework.web.reactive.function.server.PublisherHandlerFunctionIntegrationTests" time="0.035"/>
  <testcase name="mono[server [org.springframework.http.server.reactive.bootstrap.ReactorHttpServer@2da074b0]]" classname="org.springframework.web.reactive.function.server.PublisherHandlerFunctionIntegrationTests" time="0.04"/>
  <testcase name="postMono[server [org.springframework.http.server.reactive.bootstrap.ReactorHttpServer@2da074b0]]" classname="org.springframework.web.reactive.function.server.PublisherHandlerFunctionIntegrationTests" time="0.034"/>
  <testcase name="flux[server [org.springframework.http.server.reactive.bootstrap.TomcatHttpServer@1068d88d]]" classname="org.springframework.web.reactive.function.server.PublisherHandlerFunctionIntegrationTests" time="0.11"/>
  <testcase name="mono[server [org.springframework.http.server.reactive.bootstrap.TomcatHttpServer@1068d88d]]" classname="org.springframework.web.reactive.function.server.PublisherHandlerFunctionIntegrationTests" time="0.096"/>
  <testcase name="postMono[server [org.springframework.http.server.reactive.bootstrap.TomcatHttpServer@1068d88d]]" classname="org.springframework.web.reactive.function.server.PublisherHandlerFunctionIntegrationTests" time="0.097"/>
  <testcase name="flux[server [org.springframework.http.server.reactive.bootstrap.UndertowHttpServer@68abbfeb]]" classname="org.springframework.web.reactive.function.server.PublisherHandlerFunctionIntegrationTests" time="0.04"/>
  <testcase name="mono[server [org.springframework.http.server.reactive.bootstrap.UndertowHttpServer@68abbfeb]]" classname="org.springframework.web.reactive.function.server.PublisherHandlerFunctionIntegrationTests" time="0.038"/>
  <testcase name="postMono[server [org.springframework.http.server.reactive.bootstrap.UndertowHttpServer@68abbfeb]]" classname="org.springframework.web.reactive.function.server.PublisherHandlerFunctionIntegrationTests" time="0.04"/>
  <system-out><![CDATA[12:02:17.040 [Test worker] DEBUG org.springframework.web.server.adapter.HttpWebHandlerAdapter - enableLoggingRequestDetails='false': form data and headers will be masked to prevent unsafe logging of potentially sensitive data
12:02:17.041 [Test worker] WARN  org.eclipse.jetty.server.handler.ContextHandler - Empty contextPath
12:02:17.041 [Test worker] INFO  org.eclipse.jetty.server.handler.ContextHandler - Started o.e.j.s.ServletContextHandler@578ab649{/,null,AVAILABLE}
12:02:17.041 [Test worker] DEBUG org.springframework.http.server.reactive.bootstrap.JettyHttpServer - Starting JettyHttpServer...
12:02:17.041 [Test worker] INFO  org.eclipse.jetty.server.Server - jetty-9.4.12.RC2; built: 2018-08-14T14:46:56.477Z; git: 1f9703cf836af6c70ac0665fbc6790c0a8229a7a; jvm 1.8.0_101-b13
12:02:17.041 [Test worker] WARN  org.eclipse.jetty.server.Server - THIS IS NOT A STABLE RELEASE! DO NOT USE IN PRODUCTION!
12:02:17.041 [Test worker] WARN  org.eclipse.jetty.server.Server - Download a stable release from http://download.eclipse.org/jetty/
12:02:17.043 [Test worker] INFO  org.eclipse.jetty.server.AbstractConnector - Started ServerConnector@6636d605{HTTP/1.1,[http/1.1]}{0.0.0.0:50203}
12:02:17.043 [Test worker] INFO  org.eclipse.jetty.server.Server - Started @17440ms
12:02:17.043 [Test worker] DEBUG org.springframework.http.server.reactive.bootstrap.JettyHttpServer - Server started on port 50203(0 millis).
12:02:17.043 [Test worker] DEBUG org.springframework.web.client.RestTemplate - HTTP GET http://localhost:50203/flux
12:02:17.044 [Test worker] DEBUG org.springframework.web.client.RestTemplate - Accept=[application/json, application/x-jackson-smile, application/*+json]
12:02:17.045 [qtp1646799704-650] DEBUG org.springframework.web.server.adapter.HttpWebHandlerAdapter - [7615d14c] HTTP GET "/flux"
12:02:17.046 [qtp1646799704-650] DEBUG org.springframework.http.codec.json.Jackson2JsonEncoder - [7615d14c] Encoding [[Person{name='John'}, Person{name='Jane'}]]
12:02:17.046 [qtp1646799704-650] DEBUG org.springframework.web.server.adapter.HttpWebHandlerAdapter - [7615d14c] Completed 200 OK
12:02:17.046 [Test worker] DEBUG org.springframework.web.client.RestTemplate - Response 200 OK
12:02:17.046 [Test worker] DEBUG org.springframework.web.client.RestTemplate - Reading to [java.util.List<org.springframework.web.reactive.function.server.PublisherHandlerFunctionIntegrationTests$Person>]
12:02:17.048 [Test worker] DEBUG org.springframework.http.server.reactive.bootstrap.JettyHttpServer - Stopping JettyHttpServer...
12:02:17.048 [Test worker] INFO  org.eclipse.jetty.server.handler.ContextHandler - Stopped o.e.j.s.ServletContextHandler@578ab649{/,null,UNAVAILABLE}
12:02:17.049 [Test worker] INFO  org.eclipse.jetty.server.AbstractConnector - Stopped ServerConnector@6636d605{HTTP/1.1,[http/1.1]}{0.0.0.0:0}
12:02:17.049 [Test worker] DEBUG org.springframework.http.server.reactive.bootstrap.JettyHttpServer - Server stopped (0 millis).
12:02:17.107 [Test worker] DEBUG org.springframework.web.server.adapter.HttpWebHandlerAdapter - enableLoggingRequestDetails='false': form data and headers will be masked to prevent unsafe logging of potentially sensitive data
12:02:17.108 [Test worker] WARN  org.eclipse.jetty.server.handler.ContextHandler - Empty contextPath
12:02:17.108 [Test worker] INFO  org.eclipse.jetty.server.handler.ContextHandler - Started o.e.j.s.ServletContextHandler@65901cde{/,null,AVAILABLE}
12:02:17.108 [Test worker] DEBUG org.springframework.http.server.reactive.bootstrap.JettyHttpServer - Starting JettyHttpServer...
12:02:17.108 [Test worker] INFO  org.eclipse.jetty.server.Server - jetty-9.4.12.RC2; built: 2018-08-14T14:46:56.477Z; git: 1f9703cf836af6c70ac0665fbc6790c0a8229a7a; jvm 1.8.0_101-b13
12:02:17.108 [Test worker] WARN  org.eclipse.jetty.server.Server - THIS IS NOT A STABLE RELEASE! DO NOT USE IN PRODUCTION!
12:02:17.108 [Test worker] WARN  org.eclipse.jetty.server.Server - Download a stable release from http://download.eclipse.org/jetty/
12:02:17.110 [Test worker] INFO  org.eclipse.jetty.server.AbstractConnector - Started ServerConnector@ee8a845{HTTP/1.1,[http/1.1]}{0.0.0.0:50211}
12:02:17.110 [Test worker] INFO  org.eclipse.jetty.server.Server - Started @17507ms
12:02:17.110 [Test worker] DEBUG org.springframework.http.server.reactive.bootstrap.JettyHttpServer - Server started on port 50211(0 millis).
12:02:17.110 [Test worker] DEBUG org.springframework.web.client.RestTemplate - HTTP GET http://localhost:50211/mono
12:02:17.110 [Test worker] DEBUG org.springframework.web.client.RestTemplate - Accept=[application/json, application/x-jackson-smile, application/*+json]
12:02:17.111 [qtp550413799-656] DEBUG org.springframework.web.server.adapter.HttpWebHandlerAdapter - [1dd658da] HTTP GET "/mono"
12:02:17.112 [qtp550413799-656] DEBUG org.springframework.http.codec.json.Jackson2JsonEncoder - [1dd658da] Encoding [Person{name='John'}]
12:02:17.112 [qtp550413799-656] DEBUG org.springframework.web.server.adapter.HttpWebHandlerAdapter - [1dd658da] Completed 200 OK
12:02:17.112 [Test worker] DEBUG org.springframework.web.client.RestTemplate - Response 200 OK
12:02:17.112 [Test worker] DEBUG org.springframework.web.client.RestTemplate - Reading to [org.springframework.web.reactive.function.server.PublisherHandlerFunctionIntegrationTests$Person]
12:02:17.112 [Test worker] DEBUG org.springframework.http.server.reactive.bootstrap.JettyHttpServer - Stopping JettyHttpServer...
12:02:17.112 [Test worker] INFO  org.eclipse.jetty.server.handler.ContextHandler - Stopped o.e.j.s.ServletContextHandler@65901cde{/,null,UNAVAILABLE}
12:02:17.114 [Test worker] INFO  org.eclipse.jetty.server.AbstractConnector - Stopped ServerConnector@ee8a845{HTTP/1.1,[http/1.1]}{0.0.0.0:0}
12:02:17.114 [Test worker] DEBUG org.springframework.http.server.reactive.bootstrap.JettyHttpServer - Server stopped (0 millis).
12:02:17.173 [Test worker] DEBUG org.springframework.web.server.adapter.HttpWebHandlerAdapter - enableLoggingRequestDetails='false': form data and headers will be masked to prevent unsafe logging of potentially sensitive data
12:02:17.173 [Test worker] WARN  org.eclipse.jetty.server.handler.ContextHandler - Empty contextPath
12:02:17.173 [Test worker] INFO  org.eclipse.jetty.server.handler.ContextHandler - Started o.e.j.s.ServletContextHandler@60e060a1{/,null,AVAILABLE}
12:02:17.174 [Test worker] DEBUG org.springframework.http.server.reactive.bootstrap.JettyHttpServer - Starting JettyHttpServer...
12:02:17.174 [Test worker] INFO  org.eclipse.jetty.server.Server - jetty-9.4.12.RC2; built: 2018-08-14T14:46:56.477Z; git: 1f9703cf836af6c70ac0665fbc6790c0a8229a7a; jvm 1.8.0_101-b13
12:02:17.174 [Test worker] WARN  org.eclipse.jetty.server.Server - THIS IS NOT A STABLE RELEASE! DO NOT USE IN PRODUCTION!
12:02:17.174 [Test worker] WARN  org.eclipse.jetty.server.Server - Download a stable release from http://download.eclipse.org/jetty/
12:02:17.176 [Test worker] INFO  org.eclipse.jetty.server.AbstractConnector - Started ServerConnector@60e34b0f{HTTP/1.1,[http/1.1]}{0.0.0.0:50219}
12:02:17.176 [Test worker] INFO  org.eclipse.jetty.server.Server - Started @17574ms
12:02:17.176 [Test worker] DEBUG org.springframework.http.server.reactive.bootstrap.JettyHttpServer - Server started on port 50219(0 millis).
12:02:17.180 [Test worker] DEBUG org.springframework.web.client.RestTemplate - HTTP POST http://localhost:50219/mono
12:02:17.180 [Test worker] DEBUG org.springframework.web.client.RestTemplate - Accept=[application/json, application/x-jackson-smile, application/*+json]
12:02:17.181 [Test worker] DEBUG org.springframework.web.client.RestTemplate - Writing [Person{name='Jack'}] with org.springframework.http.converter.json.MappingJackson2HttpMessageConverter
12:02:17.187 [qtp1142876274-666] DEBUG org.springframework.web.server.adapter.HttpWebHandlerAdapter - [5a9e7a68] HTTP POST "/mono"
12:02:17.188 [qtp1142876274-666] DEBUG org.springframework.http.codec.json.Jackson2JsonDecoder - [5a9e7a68] Decoded [Person{name='Jack'}]
12:02:17.188 [qtp1142876274-666] DEBUG org.springframework.http.codec.json.Jackson2JsonEncoder - [5a9e7a68] Encoding [Person{name='Jack'}]
12:02:17.188 [qtp1142876274-666] DEBUG org.springframework.web.server.adapter.HttpWebHandlerAdapter - [5a9e7a68] Completed 200 OK
12:02:17.188 [Test worker] DEBUG org.springframework.web.client.RestTemplate - Response 200 OK
12:02:17.188 [Test worker] DEBUG org.springframework.web.client.RestTemplate - Reading to [org.springframework.web.reactive.function.server.PublisherHandlerFunctionIntegrationTests$Person]
12:02:17.188 [Test worker] DEBUG org.springframework.http.server.reactive.bootstrap.JettyHttpServer - Stopping JettyHttpServer...
12:02:17.188 [Test worker] INFO  org.eclipse.jetty.server.handler.ContextHandler - Stopped o.e.j.s.ServletContextHandler@60e060a1{/,null,UNAVAILABLE}
12:02:17.190 [Test worker] INFO  org.eclipse.jetty.server.AbstractConnector - Stopped ServerConnector@60e34b0f{HTTP/1.1,[http/1.1]}{0.0.0.0:0}
12:02:17.190 [Test worker] DEBUG org.springframework.http.server.reactive.bootstrap.JettyHttpServer - Server stopped (0 millis).
12:02:17.252 [Test worker] DEBUG org.springframework.web.server.adapter.HttpWebHandlerAdapter - enableLoggingRequestDetails='false': form data and headers will be masked to prevent unsafe logging of potentially sensitive data
12:02:17.252 [Test worker] DEBUG org.springframework.http.server.reactive.bootstrap.ReactorHttpServer - Starting ReactorHttpServer...
12:02:17.252 [Test worker] DEBUG org.springframework.http.server.reactive.bootstrap.ReactorHttpServer - Server started on port 50227(0 millis).
12:02:17.252 [Test worker] DEBUG org.springframework.web.client.RestTemplate - HTTP GET http://localhost:50227/flux
12:02:17.253 [Test worker] DEBUG org.springframework.web.client.RestTemplate - Accept=[application/json, application/x-jackson-smile, application/*+json]
12:02:17.254 [reactor-http-nio-2] DEBUG org.springframework.web.server.adapter.HttpWebHandlerAdapter - [2afd4dea] HTTP GET "/flux"
12:02:17.254 [reactor-http-nio-2] DEBUG org.springframework.http.codec.json.Jackson2JsonEncoder - [2afd4dea] Encoding [[Person{name='John'}, Person{name='Jane'}]]
12:02:17.255 [Test worker] DEBUG org.springframework.web.client.RestTemplate - Response 200 OK
12:02:17.255 [reactor-http-nio-2] DEBUG org.springframework.web.server.adapter.HttpWebHandlerAdapter - [2afd4dea] Completed 200 OK
12:02:17.255 [Test worker] DEBUG org.springframework.web.client.RestTemplate - Reading to [java.util.List<org.springframework.web.reactive.function.server.PublisherHandlerFunctionIntegrationTests$Person>]
12:02:17.255 [Test worker] DEBUG org.springframework.http.server.reactive.bootstrap.ReactorHttpServer - Stopping ReactorHttpServer...
12:02:17.256 [Test worker] DEBUG org.springframework.http.server.reactive.bootstrap.ReactorHttpServer - Server stopped (0 millis).
12:02:17.322 [Test worker] DEBUG org.springframework.web.server.adapter.HttpWebHandlerAdapter - enableLoggingRequestDetails='false': form data and headers will be masked to prevent unsafe logging of potentially sensitive data
12:02:17.322 [Test worker] DEBUG org.springframework.http.server.reactive.bootstrap.ReactorHttpServer - Starting ReactorHttpServer...
12:02:17.323 [Test worker] DEBUG org.springframework.http.server.reactive.bootstrap.ReactorHttpServer - Server started on port 50229(0 millis).
12:02:17.323 [Test worker] DEBUG org.springframework.web.client.RestTemplate - HTTP GET http://localhost:50229/mono
12:02:17.323 [Test worker] DEBUG org.springframework.web.client.RestTemplate - Accept=[application/json, application/x-jackson-smile, application/*+json]
12:02:17.324 [reactor-http-nio-4] DEBUG org.springframework.web.server.adapter.HttpWebHandlerAdapter - [2a68f3b6] HTTP GET "/mono"
12:02:17.325 [reactor-http-nio-4] DEBUG org.springframework.http.codec.json.Jackson2JsonEncoder - [2a68f3b6] Encoding [Person{name='John'}]
12:02:17.325 [Test worker] DEBUG org.springframework.web.client.RestTemplate - Response 200 OK
12:02:17.325 [reactor-http-nio-4] DEBUG org.springframework.web.server.adapter.HttpWebHandlerAdapter - [2a68f3b6] Completed 200 OK
12:02:17.325 [Test worker] DEBUG org.springframework.web.client.RestTemplate - Reading to [org.springframework.web.reactive.function.server.PublisherHandlerFunctionIntegrationTests$Person]
12:02:17.325 [Test worker] DEBUG org.springframework.http.server.reactive.bootstrap.ReactorHttpServer - Stopping ReactorHttpServer...
12:02:17.325 [Test worker] DEBUG org.springframework.http.server.reactive.bootstrap.ReactorHttpServer - Server stopped (0 millis).
12:02:17.383 [Test worker] DEBUG org.springframework.web.server.adapter.HttpWebHandlerAdapter - enableLoggingRequestDetails='false': form data and headers will be masked to prevent unsafe logging of potentially sensitive data
12:02:17.383 [Test worker] DEBUG org.springframework.http.server.reactive.bootstrap.ReactorHttpServer - Starting ReactorHttpServer...
12:02:17.384 [Test worker] DEBUG org.springframework.http.server.reactive.bootstrap.ReactorHttpServer - Server started on port 50231(0 millis).
12:02:17.384 [Test worker] DEBUG org.springframework.web.client.RestTemplate - HTTP POST http://localhost:50231/mono
12:02:17.385 [Test worker] DEBUG org.springframework.web.client.RestTemplate - Accept=[application/json, application/x-jackson-smile, application/*+json]
12:02:17.385 [Test worker] DEBUG org.springframework.web.client.RestTemplate - Writing [Person{name='Jack'}] with org.springframework.http.converter.json.MappingJackson2HttpMessageConverter
12:02:17.386 [reactor-http-nio-6] DEBUG org.springframework.web.server.adapter.HttpWebHandlerAdapter - [142f629a] HTTP POST "/mono"
12:02:17.387 [reactor-http-nio-6] DEBUG org.springframework.http.codec.json.Jackson2JsonDecoder - [142f629a] Decoded [Person{name='Jack'}]
12:02:17.387 [reactor-http-nio-6] DEBUG org.springframework.http.codec.json.Jackson2JsonEncoder - [142f629a] Encoding [Person{name='Jack'}]
12:02:17.387 [Test worker] DEBUG org.springframework.web.client.RestTemplate - Response 200 OK
12:02:17.387 [reactor-http-nio-6] DEBUG org.springframework.web.server.adapter.HttpWebHandlerAdapter - [142f629a] Completed 200 OK
12:02:17.387 [Test worker] DEBUG org.springframework.web.client.RestTemplate - Reading to [org.springframework.web.reactive.function.server.PublisherHandlerFunctionIntegrationTests$Person]
12:02:17.387 [Test worker] DEBUG org.springframework.http.server.reactive.bootstrap.ReactorHttpServer - Stopping ReactorHttpServer...
12:02:17.388 [Test worker] DEBUG org.springframework.http.server.reactive.bootstrap.ReactorHttpServer - Server stopped (0 millis).
12:02:17.447 [Test worker] DEBUG org.springframework.web.server.adapter.HttpWebHandlerAdapter - enableLoggingRequestDetails='false': form data and headers will be masked to prevent unsafe logging of potentially sensitive data
12:02:17.447 [Test worker] DEBUG org.springframework.http.server.reactive.bootstrap.TomcatHttpServer - Starting TomcatHttpServer...
12:02:17.458 [Test worker] DEBUG org.springframework.http.server.reactive.bootstrap.TomcatHttpServer - Server started on port 50233(0 millis).
12:02:17.458 [Test worker] DEBUG org.springframework.web.client.RestTemplate - HTTP GET http://localhost:50233/flux
12:02:17.458 [Test worker] DEBUG org.springframework.web.client.RestTemplate - Accept=[application/json, application/x-jackson-smile, application/*+json]
12:02:17.460 [http-nio-auto-16-exec-1] DEBUG org.springframework.web.server.adapter.HttpWebHandlerAdapter - [2504dacb] HTTP GET "/flux"
12:02:17.460 [http-nio-auto-16-exec-1] DEBUG org.springframework.http.codec.json.Jackson2JsonEncoder - [2504dacb] Encoding [[Person{name='John'}, Person{name='Jane'}]]
12:02:17.461 [http-nio-auto-16-exec-1] DEBUG org.springframework.web.server.adapter.HttpWebHandlerAdapter - [2504dacb] Completed 200 OK
12:02:17.461 [Test worker] DEBUG org.springframework.web.client.RestTemplate - Response 200 OK
12:02:17.461 [Test worker] DEBUG org.springframework.web.client.RestTemplate - Reading to [java.util.List<org.springframework.web.reactive.function.server.PublisherHandlerFunctionIntegrationTests$Person>]
12:02:17.461 [Test worker] DEBUG org.springframework.http.server.reactive.bootstrap.TomcatHttpServer - Stopping TomcatHttpServer...
12:02:17.526 [Test worker] DEBUG org.springframework.http.server.reactive.bootstrap.TomcatHttpServer - Server stopped (0 millis).
12:02:17.592 [Test worker] DEBUG org.springframework.web.server.adapter.HttpWebHandlerAdapter - enableLoggingRequestDetails='false': form data and headers will be masked to prevent unsafe logging of potentially sensitive data
12:02:17.593 [Test worker] DEBUG org.springframework.http.server.reactive.bootstrap.TomcatHttpServer - Starting TomcatHttpServer...
12:02:17.601 [Test worker] DEBUG org.springframework.http.server.reactive.bootstrap.TomcatHttpServer - Server started on port 50242(0 millis).
12:02:17.601 [Test worker] DEBUG org.springframework.web.client.RestTemplate - HTTP GET http://localhost:50242/mono
12:02:17.602 [Test worker] DEBUG org.springframework.web.client.RestTemplate - Accept=[application/json, application/x-jackson-smile, application/*+json]
12:02:17.603 [http-nio-auto-17-exec-1] DEBUG org.springframework.web.server.adapter.HttpWebHandlerAdapter - [1aa2d78b] HTTP GET "/mono"
12:02:17.604 [http-nio-auto-17-exec-1] DEBUG org.springframework.http.codec.json.Jackson2JsonEncoder - [1aa2d78b] Encoding [Person{name='John'}]
12:02:17.604 [http-nio-auto-17-exec-1] DEBUG org.springframework.web.server.adapter.HttpWebHandlerAdapter - [1aa2d78b] Completed 200 OK
12:02:17.604 [Test worker] DEBUG org.springframework.web.client.RestTemplate - Response 200 OK
12:02:17.604 [Test worker] DEBUG org.springframework.web.client.RestTemplate - Reading to [org.springframework.web.reactive.function.server.PublisherHandlerFunctionIntegrationTests$Person]
12:02:17.605 [Test worker] DEBUG org.springframework.http.server.reactive.bootstrap.TomcatHttpServer - Stopping TomcatHttpServer...
12:02:17.658 [Test worker] DEBUG org.springframework.http.server.reactive.bootstrap.TomcatHttpServer - Server stopped (0 millis).
12:02:17.717 [Test worker] DEBUG org.springframework.web.server.adapter.HttpWebHandlerAdapter - enableLoggingRequestDetails='false': form data and headers will be masked to prevent unsafe logging of potentially sensitive data
12:02:17.718 [Test worker] DEBUG org.springframework.http.server.reactive.bootstrap.TomcatHttpServer - Starting TomcatHttpServer...
12:02:17.726 [Test worker] DEBUG org.springframework.http.server.reactive.bootstrap.TomcatHttpServer - Server started on port 50252(0 millis).
12:02:17.726 [Test worker] DEBUG org.springframework.web.client.RestTemplate - HTTP POST http://localhost:50252/mono
12:02:17.726 [Test worker] DEBUG org.springframework.web.client.RestTemplate - Accept=[application/json, application/x-jackson-smile, application/*+json]
12:02:17.726 [Test worker] DEBUG org.springframework.web.client.RestTemplate - Writing [Person{name='Jack'}] with org.springframework.http.converter.json.MappingJackson2HttpMessageConverter
12:02:17.728 [http-nio-auto-18-exec-1] DEBUG org.springframework.web.server.adapter.HttpWebHandlerAdapter - [6b814dce] HTTP POST "/mono"
12:02:17.729 [http-nio-auto-18-exec-1] DEBUG org.springframework.http.codec.json.Jackson2JsonDecoder - [6b814dce] Decoded [Person{name='Jack'}]
12:02:17.729 [http-nio-auto-18-exec-1] DEBUG org.springframework.http.codec.json.Jackson2JsonEncoder - [6b814dce] Encoding [Person{name='Jack'}]
12:02:17.730 [http-nio-auto-18-exec-1] DEBUG org.springframework.web.server.adapter.HttpWebHandlerAdapter - [6b814dce] Completed 200 OK
12:02:17.730 [Test worker] DEBUG org.springframework.web.client.RestTemplate - Response 200 OK
12:02:17.730 [Test worker] DEBUG org.springframework.web.client.RestTemplate - Reading to [org.springframework.web.reactive.function.server.PublisherHandlerFunctionIntegrationTests$Person]
12:02:17.730 [Test worker] DEBUG org.springframework.http.server.reactive.bootstrap.TomcatHttpServer - Stopping TomcatHttpServer...
12:02:17.785 [Test worker] DEBUG org.springframework.http.server.reactive.bootstrap.TomcatHttpServer - Server stopped (0 millis).
12:02:17.844 [Test worker] DEBUG org.springframework.web.server.adapter.HttpWebHandlerAdapter - enableLoggingRequestDetails='false': form data and headers will be masked to prevent unsafe logging of potentially sensitive data
12:02:17.844 [Test worker] DEBUG org.springframework.http.server.reactive.bootstrap.UndertowHttpServer - Starting UndertowHttpServer...
12:02:17.848 [Test worker] DEBUG org.springframework.http.server.reactive.bootstrap.UndertowHttpServer - Server started on port 50275(0 millis).
12:02:17.848 [Test worker] DEBUG org.springframework.web.client.RestTemplate - HTTP GET http://localhost:50275/flux
12:02:17.849 [Test worker] DEBUG org.springframework.web.client.RestTemplate - Accept=[application/json, application/x-jackson-smile, application/*+json]
12:02:17.850 [XNIO-16 I/O-6] DEBUG org.springframework.web.server.adapter.HttpWebHandlerAdapter - [169f1589] HTTP GET "/flux"
12:02:17.850 [XNIO-16 I/O-6] DEBUG org.springframework.http.codec.json.Jackson2JsonEncoder - [169f1589] Encoding [[Person{name='John'}, Person{name='Jane'}]]
12:02:17.851 [XNIO-16 I/O-6] DEBUG org.springframework.web.server.adapter.HttpWebHandlerAdapter - [169f1589] Completed 200 OK
12:02:17.851 [Test worker] DEBUG org.springframework.web.client.RestTemplate - Response 200 OK
12:02:17.851 [Test worker] DEBUG org.springframework.web.client.RestTemplate - Reading to [java.util.List<org.springframework.web.reactive.function.server.PublisherHandlerFunctionIntegrationTests$Person>]
12:02:17.852 [Test worker] DEBUG org.springframework.http.server.reactive.bootstrap.UndertowHttpServer - Stopping UndertowHttpServer...
12:02:17.853 [Test worker] DEBUG org.springframework.http.server.reactive.bootstrap.UndertowHttpServer - Server stopped (0 millis).
12:02:17.911 [Test worker] DEBUG org.springframework.web.server.adapter.HttpWebHandlerAdapter - enableLoggingRequestDetails='false': form data and headers will be masked to prevent unsafe logging of potentially sensitive data
12:02:17.911 [Test worker] DEBUG org.springframework.http.server.reactive.bootstrap.UndertowHttpServer - Starting UndertowHttpServer...
12:02:17.914 [Test worker] DEBUG org.springframework.http.server.reactive.bootstrap.UndertowHttpServer - Server started on port 50291(0 millis).
12:02:17.914 [Test worker] DEBUG org.springframework.web.client.RestTemplate - HTTP GET http://localhost:50291/mono
12:02:17.915 [Test worker] DEBUG org.springframework.web.client.RestTemplate - Accept=[application/json, application/x-jackson-smile, application/*+json]
12:02:17.916 [XNIO-17 I/O-6] DEBUG org.springframework.web.server.adapter.HttpWebHandlerAdapter - [7d0a8802] HTTP GET "/mono"
12:02:17.916 [XNIO-17 I/O-6] DEBUG org.springframework.http.codec.json.Jackson2JsonEncoder - [7d0a8802] Encoding [Person{name='John'}]
12:02:17.916 [XNIO-17 I/O-6] DEBUG org.springframework.web.server.adapter.HttpWebHandlerAdapter - [7d0a8802] Completed 200 OK
12:02:17.916 [Test worker] DEBUG org.springframework.web.client.RestTemplate - Response 200 OK
12:02:17.917 [Test worker] DEBUG org.springframework.web.client.RestTemplate - Reading to [org.springframework.web.reactive.function.server.PublisherHandlerFunctionIntegrationTests$Person]
12:02:17.917 [Test worker] DEBUG org.springframework.http.server.reactive.bootstrap.UndertowHttpServer - Stopping UndertowHttpServer...
12:02:17.918 [Test worker] DEBUG org.springframework.http.server.reactive.bootstrap.UndertowHttpServer - Server stopped (0 millis).
12:02:17.976 [Test worker] DEBUG org.springframework.web.server.adapter.HttpWebHandlerAdapter - enableLoggingRequestDetails='false': form data and headers will be masked to prevent unsafe logging of potentially sensitive data
12:02:17.976 [Test worker] DEBUG org.springframework.http.server.reactive.bootstrap.UndertowHttpServer - Starting UndertowHttpServer...
12:02:17.979 [Test worker] DEBUG org.springframework.http.server.reactive.bootstrap.UndertowHttpServer - Server started on port 50307(0 millis).
12:02:17.979 [Test worker] DEBUG org.springframework.web.client.RestTemplate - HTTP POST http://localhost:50307/mono
12:02:17.980 [Test worker] DEBUG org.springframework.web.client.RestTemplate - Accept=[application/json, application/x-jackson-smile, application/*+json]
12:02:17.980 [Test worker] DEBUG org.springframework.web.client.RestTemplate - Writing [Person{name='Jack'}] with org.springframework.http.converter.json.MappingJackson2HttpMessageConverter
12:02:17.983 [XNIO-18 I/O-6] DEBUG org.springframework.web.server.adapter.HttpWebHandlerAdapter - [5d96ac03] HTTP POST "/mono"
12:02:17.984 [XNIO-18 I/O-6] DEBUG org.springframework.http.codec.json.Jackson2JsonDecoder - [5d96ac03] Decoded [Person{name='Jack'}]
12:02:17.984 [XNIO-18 I/O-6] DEBUG org.springframework.http.codec.json.Jackson2JsonEncoder - [5d96ac03] Encoding [Person{name='Jack'}]
12:02:17.985 [XNIO-18 I/O-6] DEBUG org.springframework.web.server.adapter.HttpWebHandlerAdapter - [5d96ac03] Completed 200 OK
12:02:17.985 [Test worker] DEBUG org.springframework.web.client.RestTemplate - Response 200 OK
12:02:17.985 [Test worker] DEBUG org.springframework.web.client.RestTemplate - Reading to [org.springframework.web.reactive.function.server.PublisherHandlerFunctionIntegrationTests$Person]
12:02:17.985 [Test worker] DEBUG org.springframework.http.server.reactive.bootstrap.UndertowHttpServer - Stopping UndertowHttpServer...
12:02:17.986 [Test worker] DEBUG org.springframework.http.server.reactive.bootstrap.UndertowHttpServer - Server stopped (0 millis).
]]></system-out>
  <system-err><![CDATA[八月 26, 2020 12:02:17 下午 org.apache.catalina.core.StandardService startInternal
信息: Starting service [Tomcat]
八月 26, 2020 12:02:17 下午 org.apache.catalina.core.StandardEngine startInternal
信息: Starting Servlet Engine: Apache Tomcat/9.0.11
八月 26, 2020 12:02:17 下午 org.apache.coyote.AbstractProtocol init
信息: Initializing ProtocolHandler ["http-nio-auto-16"]
八月 26, 2020 12:02:17 下午 org.apache.tomcat.util.net.NioSelectorPool getSharedSelector
信息: Using a shared selector for servlet write/read
八月 26, 2020 12:02:17 下午 org.apache.coyote.AbstractProtocol start
信息: Starting ProtocolHandler ["http-nio-auto-16-50233"]
八月 26, 2020 12:02:17 下午 org.apache.coyote.AbstractProtocol pause
信息: Pausing ProtocolHandler ["http-nio-auto-16-50233"]
八月 26, 2020 12:02:17 下午 org.apache.catalina.core.StandardService stopInternal
信息: Stopping service [Tomcat]
八月 26, 2020 12:02:17 下午 org.apache.coyote.AbstractProtocol stop
信息: Stopping ProtocolHandler ["http-nio-auto-16-50233"]
八月 26, 2020 12:02:17 下午 org.apache.coyote.AbstractProtocol destroy
信息: Destroying ProtocolHandler ["http-nio-auto-16-50233"]
八月 26, 2020 12:02:17 下午 org.apache.catalina.core.StandardService startInternal
信息: Starting service [Tomcat]
八月 26, 2020 12:02:17 下午 org.apache.catalina.core.StandardEngine startInternal
信息: Starting Servlet Engine: Apache Tomcat/9.0.11
八月 26, 2020 12:02:17 下午 org.apache.coyote.AbstractProtocol init
信息: Initializing ProtocolHandler ["http-nio-auto-17"]
八月 26, 2020 12:02:17 下午 org.apache.tomcat.util.net.NioSelectorPool getSharedSelector
信息: Using a shared selector for servlet write/read
八月 26, 2020 12:02:17 下午 org.apache.coyote.AbstractProtocol start
信息: Starting ProtocolHandler ["http-nio-auto-17-50242"]
八月 26, 2020 12:02:17 下午 org.apache.coyote.AbstractProtocol pause
信息: Pausing ProtocolHandler ["http-nio-auto-17-50242"]
八月 26, 2020 12:02:17 下午 org.apache.catalina.core.StandardService stopInternal
信息: Stopping service [Tomcat]
八月 26, 2020 12:02:17 下午 org.apache.coyote.AbstractProtocol stop
信息: Stopping ProtocolHandler ["http-nio-auto-17-50242"]
八月 26, 2020 12:02:17 下午 org.apache.coyote.AbstractProtocol destroy
信息: Destroying ProtocolHandler ["http-nio-auto-17-50242"]
八月 26, 2020 12:02:17 下午 org.apache.catalina.core.StandardService startInternal
信息: Starting service [Tomcat]
八月 26, 2020 12:02:17 下午 org.apache.catalina.core.StandardEngine startInternal
信息: Starting Servlet Engine: Apache Tomcat/9.0.11
八月 26, 2020 12:02:17 下午 org.apache.coyote.AbstractProtocol init
信息: Initializing ProtocolHandler ["http-nio-auto-18"]
八月 26, 2020 12:02:17 下午 org.apache.tomcat.util.net.NioSelectorPool getSharedSelector
信息: Using a shared selector for servlet write/read
八月 26, 2020 12:02:17 下午 org.apache.coyote.AbstractProtocol start
信息: Starting ProtocolHandler ["http-nio-auto-18-50252"]
八月 26, 2020 12:02:17 下午 org.apache.coyote.AbstractProtocol pause
信息: Pausing ProtocolHandler ["http-nio-auto-18-50252"]
八月 26, 2020 12:02:17 下午 org.apache.catalina.core.StandardService stopInternal
信息: Stopping service [Tomcat]
八月 26, 2020 12:02:17 下午 org.apache.coyote.AbstractProtocol stop
信息: Stopping ProtocolHandler ["http-nio-auto-18-50252"]
八月 26, 2020 12:02:17 下午 org.apache.coyote.AbstractProtocol destroy
信息: Destroying ProtocolHandler ["http-nio-auto-18-50252"]
]]></system-err>
</testsuite>
