<?xml version="1.0" encoding="UTF-8"?>
<testsuite name="org.springframework.web.reactive.resource.AppCacheManifestTransformerTests" tests="3" skipped="0" failures="0" errors="0" timestamp="2020-08-26T04:02:23" hostname="PC-20191023THJJ" time="0.033">
  <properties/>
  <testcase name="noTransformIfExtensionDoesNotMatch" classname="org.springframework.web.reactive.resource.AppCacheManifestTransformerTests" time="0.001"/>
  <testcase name="transformManifest" classname="org.springframework.web.reactive.resource.AppCacheManifestTransformerTests" time="0.031"/>
  <testcase name="syntaxErrorInManifest" classname="org.springframework.web.reactive.resource.AppCacheManifestTransformerTests" time="0.001"/>
  <system-out><![CDATA[]]></system-out>
  <system-err><![CDATA[]]></system-err>
</testsuite>
