<?xml version="1.0" encoding="UTF-8"?>
<testsuite name="org.springframework.web.reactive.result.condition.RequestMethodsRequestConditionTests" tests="7" skipped="2" failures="0" errors="0" timestamp="2020-08-26T04:02:24" hostname="PC-20191023THJJ" time="0.001">
  <properties/>
  <testcase name="getMatchingConditionWithCustomMethod" classname="org.springframework.web.reactive.result.condition.RequestMethodsRequestConditionTests" time="0.0">
    <skipped/>
  </testcase>
  <testcase name="compareTo" classname="org.springframework.web.reactive.result.condition.RequestMethodsRequestConditionTests" time="0.001"/>
  <testcase name="getMatchingConditionWithCorsPreFlight" classname="org.springframework.web.reactive.result.condition.RequestMethodsRequestConditionTests" time="0.0">
    <skipped/>
  </testcase>
  <testcase name="getMatchingCondition" classname="org.springframework.web.reactive.result.condition.RequestMethodsRequestConditionTests" time="0.0"/>
  <testcase name="getMatchingConditionWithHttpHead" classname="org.springframework.web.reactive.result.condition.RequestMethodsRequestConditionTests" time="0.0"/>
  <testcase name="combine" classname="org.springframework.web.reactive.result.condition.RequestMethodsRequestConditionTests" time="0.0"/>
  <testcase name="getMatchingConditionWithEmptyConditions" classname="org.springframework.web.reactive.result.condition.RequestMethodsRequestConditionTests" time="0.0"/>
  <system-out><![CDATA[]]></system-out>
  <system-err><![CDATA[]]></system-err>
</testsuite>
