<?xml version="1.0" encoding="UTF-8"?>
<testsuite name="org.springframework.web.reactive.accept.HeaderContentTypeResolverTests" tests="2" skipped="0" failures="0" errors="0" timestamp="2020-08-26T04:02:00" hostname="PC-20191023THJJ" time="1.101">
  <properties/>
  <testcase name="resolveMediaTypes" classname="org.springframework.web.reactive.accept.HeaderContentTypeResolverTests" time="1.098"/>
  <testcase name="resolveMediaTypesParseError" classname="org.springframework.web.reactive.accept.HeaderContentTypeResolverTests" time="0.003"/>
  <system-out><![CDATA[]]></system-out>
  <system-err><![CDATA[]]></system-err>
</testsuite>
