<?xml version="1.0" encoding="UTF-8"?>
<testsuite name="org.springframework.web.reactive.result.method.annotation.RequestMappingHandlerMappingTests" tests="9" skipped="0" failures="0" errors="0" timestamp="2020-08-26T04:03:12" hostname="PC-20191023THJJ" time="0.01">
  <properties/>
  <testcase name="getMappingOverridesConsumesFromTypeLevelAnnotation" classname="org.springframework.web.reactive.result.method.annotation.RequestMappingHandlerMappingTests" time="0.0"/>
  <testcase name="patchMapping" classname="org.springframework.web.reactive.result.method.annotation.RequestMappingHandlerMappingTests" time="0.003"/>
  <testcase name="resolveRequestMappingViaComposedAnnotation" classname="org.springframework.web.reactive.result.method.annotation.RequestMappingHandlerMappingTests" time="0.0"/>
  <testcase name="deleteMapping" classname="org.springframework.web.reactive.result.method.annotation.RequestMappingHandlerMappingTests" time="0.002"/>
  <testcase name="pathPrefix" classname="org.springframework.web.reactive.result.method.annotation.RequestMappingHandlerMappingTests" time="0.001"/>
  <testcase name="putMapping" classname="org.springframework.web.reactive.result.method.annotation.RequestMappingHandlerMappingTests" time="0.003"/>
  <testcase name="resolveEmbeddedValuesInPatterns" classname="org.springframework.web.reactive.result.method.annotation.RequestMappingHandlerMappingTests" time="0.0"/>
  <testcase name="postMapping" classname="org.springframework.web.reactive.result.method.annotation.RequestMappingHandlerMappingTests" time="0.0"/>
  <testcase name="getMapping" classname="org.springframework.web.reactive.result.method.annotation.RequestMappingHandlerMappingTests" time="0.001"/>
  <system-out><![CDATA[]]></system-out>
  <system-err><![CDATA[]]></system-err>
</testsuite>
