<?xml version="1.0" encoding="UTF-8"?>
<testsuite name="org.springframework.web.reactive.function.server.PathResourceLookupFunctionTests" tests="4" skipped="0" failures="0" errors="0" timestamp="2020-08-26T04:02:16" hostname="PC-20191023THJJ" time="0.13">
  <properties/>
  <testcase name="subPath" classname="org.springframework.web.reactive.function.server.PathResourceLookupFunctionTests" time="0.034"/>
  <testcase name="normal" classname="org.springframework.web.reactive.function.server.PathResourceLookupFunctionTests" time="0.032"/>
  <testcase name="composeResourceLookupFunction" classname="org.springframework.web.reactive.function.server.PathResourceLookupFunctionTests" time="0.032"/>
  <testcase name="notFound" classname="org.springframework.web.reactive.function.server.PathResourceLookupFunctionTests" time="0.031"/>
  <system-out><![CDATA[]]></system-out>
  <system-err><![CDATA[]]></system-err>
</testsuite>
