<?xml version="1.0" encoding="UTF-8"?>
<testsuite name="org.springframework.web.reactive.resource.WebJarsResourceResolverTests" tests="7" skipped="0" failures="0" errors="0" timestamp="2020-08-26T04:02:24" hostname="PC-20191023THJJ" time="0.018">
  <properties/>
  <testcase name="resolveResourceWebJar" classname="org.springframework.web.reactive.resource.WebJarsResourceResolverTests" time="0.003"/>
  <testcase name="resolveUrlExistingNotInJarFile" classname="org.springframework.web.reactive.resource.WebJarsResourceResolverTests" time="0.003"/>
  <testcase name="resolveUrlWebJarResource" classname="org.springframework.web.reactive.resource.WebJarsResourceResolverTests" time="0.002"/>
  <testcase name="resolveResourceNotFound" classname="org.springframework.web.reactive.resource.WebJarsResourceResolverTests" time="0.003"/>
  <testcase name="resolveUrlExisting" classname="org.springframework.web.reactive.resource.WebJarsResourceResolverTests" time="0.002"/>
  <testcase name="resolveUrlWebJarResourceNotFound" classname="org.springframework.web.reactive.resource.WebJarsResourceResolverTests" time="0.002"/>
  <testcase name="resolveResourceExisting" classname="org.springframework.web.reactive.resource.WebJarsResourceResolverTests" time="0.003"/>
  <system-out><![CDATA[]]></system-out>
  <system-err><![CDATA[]]></system-err>
</testsuite>
