<?xml version="1.0" encoding="UTF-8"?>
<testsuite name="org.springframework.web.reactive.function.client.DefaultClientRequestBuilderTests" tests="8" skipped="0" failures="0" errors="0" timestamp="2020-08-26T04:02:10" hostname="PC-20191023THJJ" time="0.011">
  <properties/>
  <testcase name="cookie" classname="org.springframework.web.reactive.function.client.DefaultClientRequestBuilderTests" time="0.0"/>
  <testcase name="method" classname="org.springframework.web.reactive.function.client.DefaultClientRequestBuilderTests" time="0.0"/>
  <testcase name="url" classname="org.springframework.web.reactive.function.client.DefaultClientRequestBuilderTests" time="0.0"/>
  <testcase name="from" classname="org.springframework.web.reactive.function.client.DefaultClientRequestBuilderTests" time="0.001"/>
  <testcase name="build" classname="org.springframework.web.reactive.function.client.DefaultClientRequestBuilderTests" time="0.007"/>
  <testcase name="bodyParameterizedTypeReference" classname="org.springframework.web.reactive.function.client.DefaultClientRequestBuilderTests" time="0.0"/>
  <testcase name="bodyInserter" classname="org.springframework.web.reactive.function.client.DefaultClientRequestBuilderTests" time="0.001"/>
  <testcase name="bodyClass" classname="org.springframework.web.reactive.function.client.DefaultClientRequestBuilderTests" time="0.001"/>
  <system-out><![CDATA[12:02:10.759 [Test worker] DEBUG org.springframework.core.codec.CharSequenceEncoder - [770413af] Writing 'foo'
12:02:10.760 [Test worker] DEBUG org.springframework.core.codec.CharSequenceEncoder - [4c85c749] Writing 'foo'
]]></system-out>
  <system-err><![CDATA[]]></system-err>
</testsuite>
