<?xml version="1.0" encoding="UTF-8"?>
<testsuite name="org.springframework.web.reactive.function.client.WebClientExtensionsTests" tests="3" skipped="0" failures="0" errors="0" timestamp="2020-08-26T04:04:16" hostname="PC-20191023THJJ" time="0.014">
  <properties/>
  <testcase name="ResponseSpec#bodyToMono with reified type parameters" classname="org.springframework.web.reactive.function.client.WebClientExtensionsTests" time="0.001"/>
  <testcase name="RequestBodySpec#body with Publisher and reified type parameters" classname="org.springframework.web.reactive.function.client.WebClientExtensionsTests" time="0.012"/>
  <testcase name="ResponseSpec#bodyToFlux with reified type parameters" classname="org.springframework.web.reactive.function.client.WebClientExtensionsTests" time="0.001"/>
  <system-out><![CDATA[]]></system-out>
  <system-err><![CDATA[]]></system-err>
</testsuite>
