<?xml version="1.0" encoding="UTF-8"?>
<testsuite name="org.springframework.web.reactive.result.method.RequestMappingInfoHandlerMappingTests" tests="18" skipped="0" failures="0" errors="0" timestamp="2020-08-26T04:04:07" hostname="PC-20191023THJJ" time="0.019">
  <properties/>
  <testcase name="getHandlerHttpOptions" classname="org.springframework.web.reactive.result.method.RequestMappingInfoHandlerMappingTests" time="0.003"/>
  <testcase name="getHandlerTestRequestParamMismatch" classname="org.springframework.web.reactive.result.method.RequestMappingInfoHandlerMappingTests" time="0.001"/>
  <testcase name="getHandlerTestMediaTypeNotAcceptable" classname="org.springframework.web.reactive.result.method.RequestMappingInfoHandlerMappingTests" time="0.002"/>
  <testcase name="getHandlerGlobMatch" classname="org.springframework.web.reactive.result.method.RequestMappingInfoHandlerMappingTests" time="0.001"/>
  <testcase name="handleMatchBestMatchingPatternAttributeNoPatternsDefined" classname="org.springframework.web.reactive.result.method.RequestMappingInfoHandlerMappingTests" time="0.0"/>
  <testcase name="getHandlerMediaTypeNotSupported" classname="org.springframework.web.reactive.result.method.RequestMappingInfoHandlerMappingTests" time="0.002"/>
  <testcase name="getHandlerRequestMethodNotAllowed" classname="org.springframework.web.reactive.result.method.RequestMappingInfoHandlerMappingTests" time="0.001"/>
  <testcase name="handleMatchUriTemplateVariables" classname="org.springframework.web.reactive.result.method.RequestMappingInfoHandlerMappingTests" time="0.0"/>
  <testcase name="getHandlerBestMatch" classname="org.springframework.web.reactive.result.method.RequestMappingInfoHandlerMappingTests" time="0.001"/>
  <testcase name="getHandlerProducibleMediaTypesAttribute" classname="org.springframework.web.reactive.result.method.RequestMappingInfoHandlerMappingTests" time="0.001"/>
  <testcase name="handleMatchBestMatchingPatternAttribute" classname="org.springframework.web.reactive.result.method.RequestMappingInfoHandlerMappingTests" time="0.0"/>
  <testcase name="handleMatchUriTemplateVariablesDecode" classname="org.springframework.web.reactive.result.method.RequestMappingInfoHandlerMappingTests" time="0.001"/>
  <testcase name="getHandlerEmptyPathMatch" classname="org.springframework.web.reactive.result.method.RequestMappingInfoHandlerMappingTests" time="0.002"/>
  <testcase name="getHandlerTestInvalidContentType" classname="org.springframework.web.reactive.result.method.RequestMappingInfoHandlerMappingTests" time="0.001"/>
  <testcase name="getHandlerDirectMatch" classname="org.springframework.web.reactive.result.method.RequestMappingInfoHandlerMappingTests" time="0.0"/>
  <testcase name="getHandlerRequestMethodMatchFalsePositive" classname="org.springframework.web.reactive.result.method.RequestMappingInfoHandlerMappingTests" time="0.001"/>
  <testcase name="handleMatchMatrixVariablesDecoding" classname="org.springframework.web.reactive.result.method.RequestMappingInfoHandlerMappingTests" time="0.001"/>
  <testcase name="handleMatchMatrixVariables" classname="org.springframework.web.reactive.result.method.RequestMappingInfoHandlerMappingTests" time="0.0"/>
  <system-out><![CDATA[12:04:07.360 [Test worker] DEBUG org.springframework.web.reactive.result.method.RequestMappingInfoHandlerMappingTests$TestRequestMappingInfoHandlerMapping - [18bdd333] Mapped to public org.springframework.http.HttpHeaders org.springframework.web.reactive.result.method.RequestMappingInfoHandlerMapping$HttpOptionsHandler.handle()
12:04:07.360 [Test worker] DEBUG org.springframework.web.reactive.result.method.RequestMappingInfoHandlerMappingTests$TestRequestMappingInfoHandlerMapping - [182ac3ee] Mapped to public org.springframework.http.HttpHeaders org.springframework.web.reactive.result.method.RequestMappingInfoHandlerMapping$HttpOptionsHandler.handle()
12:04:07.360 [Test worker] DEBUG org.springframework.web.reactive.result.method.RequestMappingInfoHandlerMappingTests$TestRequestMappingInfoHandlerMapping - [d293e02] Mapped to public org.springframework.http.HttpHeaders org.springframework.web.reactive.result.method.RequestMappingInfoHandlerMapping$HttpOptionsHandler.handle()
12:04:07.361 [Test worker] DEBUG org.springframework.web.reactive.result.method.RequestMappingInfoHandlerMappingTests$TestRequestMappingInfoHandlerMapping - [1d6f9c7d] Mapped to public org.springframework.http.HttpHeaders org.springframework.web.reactive.result.method.RequestMappingInfoHandlerMappingTests$TestController.fooOptions()
12:04:07.365 [Test worker] DEBUG org.springframework.web.reactive.result.method.RequestMappingInfoHandlerMappingTests$TestRequestMappingInfoHandlerMapping - [1340095b] Mapped to public void org.springframework.web.reactive.result.method.RequestMappingInfoHandlerMappingTests$TestController.bar()
12:04:07.369 [Test worker] DEBUG org.springframework.web.reactive.result.method.RequestMappingInfoHandlerMappingTests$TestRequestMappingInfoHandlerMapping - [7d606394] Mapped to public void org.springframework.web.reactive.result.method.RequestMappingInfoHandlerMappingTests$TestController.fooParam()
12:04:07.370 [Test worker] DEBUG org.springframework.web.reactive.result.method.RequestMappingInfoHandlerMappingTests$TestRequestMappingInfoHandlerMapping - [628c3e86] Mapped to public java.lang.String org.springframework.web.reactive.result.method.RequestMappingInfoHandlerMappingTests$TestController.xmlContent()
12:04:07.370 [Test worker] DEBUG org.springframework.web.reactive.result.method.RequestMappingInfoHandlerMappingTests$TestRequestMappingInfoHandlerMapping - [6a731ca0] Mapped to public java.lang.String org.springframework.web.reactive.result.method.RequestMappingInfoHandlerMappingTests$TestController.nonXmlContent()
12:04:07.373 [Test worker] DEBUG org.springframework.web.reactive.result.method.RequestMappingInfoHandlerMappingTests$TestRequestMappingInfoHandlerMapping - [600846dc] Mapped to public void org.springframework.web.reactive.result.method.RequestMappingInfoHandlerMappingTests$TestController.empty()
12:04:07.373 [Test worker] DEBUG org.springframework.web.reactive.result.method.RequestMappingInfoHandlerMappingTests$TestRequestMappingInfoHandlerMapping - [7a1df5e2] Mapped to public void org.springframework.web.reactive.result.method.RequestMappingInfoHandlerMappingTests$TestController.empty()
12:04:07.374 [Test worker] DEBUG org.springframework.web.reactive.result.method.RequestMappingInfoHandlerMappingTests$TestRequestMappingInfoHandlerMapping - [396e8d9e] Mapped to public void org.springframework.web.reactive.result.method.RequestMappingInfoHandlerMappingTests$TestController.foo()
]]></system-out>
  <system-err><![CDATA[]]></system-err>
</testsuite>
