<?xml version="1.0" encoding="UTF-8"?>
<testsuite name="org.springframework.web.reactive.function.server.RouterFunctionBuilderTests" tests="4" skipped="0" failures="0" errors="0" timestamp="2020-08-26T04:02:19" hostname="PC-20191023THJJ" time="0.261">
  <properties/>
  <testcase name="resources" classname="org.springframework.web.reactive.function.server.RouterFunctionBuilderTests" time="0.066"/>
  <testcase name="filters" classname="org.springframework.web.reactive.function.server.RouterFunctionBuilderTests" time="0.068"/>
  <testcase name="nest" classname="org.springframework.web.reactive.function.server.RouterFunctionBuilderTests" time="0.031"/>
  <testcase name="route" classname="org.springframework.web.reactive.function.server.RouterFunctionBuilderTests" time="0.096"/>
  <system-out><![CDATA[(GET && /foo) -> org.springframework.web.reactive.function.server.RouterFunctionBuilderTests$$Lambda$1018/1013090795@6a60bbbe
((POST && /) && Content-Type: [text/plain]) -> org.springframework.web.reactive.function.server.RouterFunctionBuilderTests$$Lambda$1019/1532554529@3bed5c22
]]></system-out>
  <system-err><![CDATA[]]></system-err>
</testsuite>
