<?xml version="1.0" encoding="UTF-8"?>
<testsuite name="org.springframework.web.reactive.function.client.ExchangeFilterFunctionsTests" tests="9" skipped="0" failures="0" errors="0" timestamp="2020-08-26T04:02:10" hostname="PC-20191023THJJ" time="0.032">
  <properties/>
  <testcase name="basicAuthenticationInvalidCharacters" classname="org.springframework.web.reactive.function.client.ExchangeFilterFunctionsTests" time="0.002"/>
  <testcase name="basicAuthenticationUsernamePassword" classname="org.springframework.web.reactive.function.client.ExchangeFilterFunctionsTests" time="0.024"/>
  <testcase name="statusHandlerNoMatch" classname="org.springframework.web.reactive.function.client.ExchangeFilterFunctionsTests" time="0.001"/>
  <testcase name="andThen" classname="org.springframework.web.reactive.function.client.ExchangeFilterFunctionsTests" time="0.0"/>
  <testcase name="basicAuthenticationAttributes" classname="org.springframework.web.reactive.function.client.ExchangeFilterFunctionsTests" time="0.002"/>
  <testcase name="limitResponseSize" classname="org.springframework.web.reactive.function.client.ExchangeFilterFunctionsTests" time="0.001"/>
  <testcase name="apply" classname="org.springframework.web.reactive.function.client.ExchangeFilterFunctionsTests" time="0.001"/>
  <testcase name="basicAuthenticationAbsentAttributes" classname="org.springframework.web.reactive.function.client.ExchangeFilterFunctionsTests" time="0.0"/>
  <testcase name="statusHandlerMatch" classname="org.springframework.web.reactive.function.client.ExchangeFilterFunctionsTests" time="0.0"/>
  <system-out><![CDATA[]]></system-out>
  <system-err><![CDATA[]]></system-err>
</testsuite>
