<?xml version="1.0" encoding="UTF-8"?>
<testsuite name="org.springframework.web.reactive.result.method.annotation.RequestParamMethodArgumentResolverKotlinTests" tests="8" skipped="0" failures="0" errors="0" timestamp="2020-08-26T04:04:17" hostname="PC-20191023THJJ" time="0.76">
  <properties/>
  <testcase name="resolveNullableRequiredWithoutParameter" classname="org.springframework.web.reactive.result.method.annotation.RequestParamMethodArgumentResolverKotlinTests" time="0.747"/>
  <testcase name="resolveNonNullableRequiredWithParameter" classname="org.springframework.web.reactive.result.method.annotation.RequestParamMethodArgumentResolverKotlinTests" time="0.01"/>
  <testcase name="resolveNonNullableNotRequiredWithParameter" classname="org.springframework.web.reactive.result.method.annotation.RequestParamMethodArgumentResolverKotlinTests" time="0.0"/>
  <testcase name="resolveNonNullableNotRequiredWithoutParameter" classname="org.springframework.web.reactive.result.method.annotation.RequestParamMethodArgumentResolverKotlinTests" time="0.001"/>
  <testcase name="resolveNullableNotRequiredWithoutParameter" classname="org.springframework.web.reactive.result.method.annotation.RequestParamMethodArgumentResolverKotlinTests" time="0.0"/>
  <testcase name="resolveNullableNotRequiredWithParameter" classname="org.springframework.web.reactive.result.method.annotation.RequestParamMethodArgumentResolverKotlinTests" time="0.0"/>
  <testcase name="resolveNullableRequiredWithParameter" classname="org.springframework.web.reactive.result.method.annotation.RequestParamMethodArgumentResolverKotlinTests" time="0.001"/>
  <testcase name="resolveNonNullableRequiredWithoutParameter" classname="org.springframework.web.reactive.result.method.annotation.RequestParamMethodArgumentResolverKotlinTests" time="0.0"/>
  <system-out><![CDATA[]]></system-out>
  <system-err><![CDATA[]]></system-err>
</testsuite>
