<?xml version="1.0" encoding="UTF-8"?>
<testsuite name="org.springframework.web.reactive.accept.RequestedContentTypeResolverBuilderTests" tests="5" skipped="0" failures="0" errors="0" timestamp="2020-08-26T04:02:01" hostname="PC-20191023THJJ" time="0.006">
  <properties/>
  <testcase name="parameterResolverWithCustomParamName" classname="org.springframework.web.reactive.accept.RequestedContentTypeResolverBuilderTests" time="0.003"/>
  <testcase name="parameterResolver" classname="org.springframework.web.reactive.accept.RequestedContentTypeResolverBuilderTests" time="0.001"/>
  <testcase name="defaultSettings" classname="org.springframework.web.reactive.accept.RequestedContentTypeResolverBuilderTests" time="0.0"/>
  <testcase name="resolver" classname="org.springframework.web.reactive.accept.RequestedContentTypeResolverBuilderTests" time="0.001"/>
  <testcase name="fixedResolver" classname="org.springframework.web.reactive.accept.RequestedContentTypeResolverBuilderTests" time="0.0"/>
  <system-out><![CDATA[]]></system-out>
  <system-err><![CDATA[]]></system-err>
</testsuite>
