<?xml version="1.0" encoding="UTF-8"?>
<testsuite name="org.springframework.web.reactive.result.method.annotation.ModelArgumentResolverTests" tests="2" skipped="0" failures="0" errors="0" timestamp="2020-08-26T04:02:56" hostname="PC-20191023THJJ" time="0.0">
  <properties/>
  <testcase name="resolveArgument" classname="org.springframework.web.reactive.result.method.annotation.ModelArgumentResolverTests" time="0.0"/>
  <testcase name="supportsParameter" classname="org.springframework.web.reactive.result.method.annotation.ModelArgumentResolverTests" time="0.0"/>
  <system-out><![CDATA[]]></system-out>
  <system-err><![CDATA[]]></system-err>
</testsuite>
