<?xml version="1.0" encoding="UTF-8"?>
<testsuite name="org.springframework.web.reactive.result.view.script.ScriptTemplateViewTests" tests="10" skipped="0" failures="0" errors="0" timestamp="2020-08-26T04:04:13" hostname="PC-20191023THJJ" time="0.052">
  <properties/>
  <testcase name="detectScriptTemplateConfigWithEngineName" classname="org.springframework.web.reactive.result.view.script.ScriptTemplateViewTests" time="0.004"/>
  <testcase name="nonInvocableScriptEngineWithRenderFunction" classname="org.springframework.web.reactive.result.view.script.ScriptTemplateViewTests" time="0.011"/>
  <testcase name="engineAndEngineNameBothDefined" classname="org.springframework.web.reactive.result.view.script.ScriptTemplateViewTests" time="0.01"/>
  <testcase name="nonSharedEngine" classname="org.springframework.web.reactive.result.view.script.ScriptTemplateViewTests" time="0.023"/>
  <testcase name="missingTemplate" classname="org.springframework.web.reactive.result.view.script.ScriptTemplateViewTests" time="0.003"/>
  <testcase name="missingScriptTemplateConfig" classname="org.springframework.web.reactive.result.view.script.ScriptTemplateViewTests" time="0.0"/>
  <testcase name="engineSetterAndNonSharedEngine" classname="org.springframework.web.reactive.result.view.script.ScriptTemplateViewTests" time="0.0"/>
  <testcase name="customEngineAndRenderFunction" classname="org.springframework.web.reactive.result.view.script.ScriptTemplateViewTests" time="0.0"/>
  <testcase name="nonInvocableScriptEngine" classname="org.springframework.web.reactive.result.view.script.ScriptTemplateViewTests" time="0.0"/>
  <testcase name="detectScriptTemplateConfigWithEngine" classname="org.springframework.web.reactive.result.view.script.ScriptTemplateViewTests" time="0.001"/>
  <system-out><![CDATA[]]></system-out>
  <system-err><![CDATA[]]></system-err>
</testsuite>
