<?xml version="1.0" encoding="UTF-8"?>
<testsuite name="org.springframework.web.reactive.DispatcherHandlerTests" tests="1" skipped="0" failures="0" errors="0" timestamp="2020-08-26T04:02:06" hostname="PC-20191023THJJ" time="0.023">
  <properties/>
  <testcase name="handlerMappingOrder" classname="org.springframework.web.reactive.DispatcherHandlerTests" time="0.023"/>
  <system-out><![CDATA[]]></system-out>
  <system-err><![CDATA[]]></system-err>
</testsuite>
