<?xml version="1.0" encoding="UTF-8"?>
<testsuite name="org.springframework.web.reactive.function.client.ClientResponseExtensionsTests" tests="4" skipped="0" failures="0" errors="0" timestamp="2020-08-26T04:04:16" hostname="PC-20191023THJJ" time="0.042">
  <properties/>
  <testcase name="bodyToMono with reified type parameters" classname="org.springframework.web.reactive.function.client.ClientResponseExtensionsTests" time="0.021"/>
  <testcase name="bodyToFlux with reified type parameters" classname="org.springframework.web.reactive.function.client.ClientResponseExtensionsTests" time="0.018"/>
  <testcase name="ResponseSpec#toEntityList with reified type parameters" classname="org.springframework.web.reactive.function.client.ClientResponseExtensionsTests" time="0.001"/>
  <testcase name="toEntity with reified type parameters" classname="org.springframework.web.reactive.function.client.ClientResponseExtensionsTests" time="0.001"/>
  <system-out><![CDATA[]]></system-out>
  <system-err><![CDATA[]]></system-err>
</testsuite>
