<?xml version="1.0" encoding="UTF-8"?>
<testsuite name="org.springframework.web.reactive.result.method.annotation.ServerWebExchangeArgumentResolverTests" tests="3" skipped="0" failures="0" errors="0" timestamp="2020-08-26T04:03:57" hostname="PC-20191023THJJ" time="0.0">
  <properties/>
  <testcase name="resolveUriComponentsBuilder" classname="org.springframework.web.reactive.result.method.annotation.ServerWebExchangeArgumentResolverTests" time="0.0"/>
  <testcase name="resolveArgument" classname="org.springframework.web.reactive.result.method.annotation.ServerWebExchangeArgumentResolverTests" time="0.0"/>
  <testcase name="supportsParameter" classname="org.springframework.web.reactive.result.method.annotation.ServerWebExchangeArgumentResolverTests" time="0.0"/>
  <system-out><![CDATA[]]></system-out>
  <system-err><![CDATA[]]></system-err>
</testsuite>
