<?xml version="1.0" encoding="UTF-8"?>
<testsuite name="org.springframework.web.reactive.result.view.RequestContextTests" tests="3" skipped="0" failures="0" errors="0" timestamp="2020-08-26T04:04:09" hostname="PC-20191023THJJ" time="0.005">
  <properties/>
  <testcase name="testGetContextUrlWithMap" classname="org.springframework.web.reactive.result.view.RequestContextTests" time="0.004"/>
  <testcase name="testGetContextUrlWithMapEscaping" classname="org.springframework.web.reactive.result.view.RequestContextTests" time="0.001"/>
  <testcase name="testGetContextUrl" classname="org.springframework.web.reactive.result.view.RequestContextTests" time="0.0"/>
  <system-out><![CDATA[]]></system-out>
  <system-err><![CDATA[]]></system-err>
</testsuite>
