<?xml version="1.0" encoding="UTF-8"?>
<testsuite name="org.springframework.web.reactive.config.ViewResolverRegistryTests" tests="6" skipped="0" failures="0" errors="0" timestamp="2020-08-26T04:02:03" hostname="PC-20191023THJJ" time="0.057">
  <properties/>
  <testcase name="hasRegistrations" classname="org.springframework.web.reactive.config.ViewResolverRegistryTests" time="0.017"/>
  <testcase name="defaultViews" classname="org.springframework.web.reactive.config.ViewResolverRegistryTests" time="0.022"/>
  <testcase name="noResolvers" classname="org.springframework.web.reactive.config.ViewResolverRegistryTests" time="0.001"/>
  <testcase name="scriptTemplate" classname="org.springframework.web.reactive.config.ViewResolverRegistryTests" time="0.017"/>
  <testcase name="order" classname="org.springframework.web.reactive.config.ViewResolverRegistryTests" time="0.0"/>
  <testcase name="customViewResolver" classname="org.springframework.web.reactive.config.ViewResolverRegistryTests" time="0.0"/>
  <system-out><![CDATA[]]></system-out>
  <system-err><![CDATA[]]></system-err>
</testsuite>
