<?xml version="1.0" encoding="UTF-8"?>
<testsuite name="org.springframework.web.reactive.function.server.RequestPredicatesTests" tests="12" skipped="0" failures="0" errors="0" timestamp="2020-08-26T04:02:18" hostname="PC-20191023THJJ" time="0.866">
  <properties/>
  <testcase name="allMethods" classname="org.springframework.web.reactive.function.server.RequestPredicatesTests" time="0.215"/>
  <testcase name="accept" classname="org.springframework.web.reactive.function.server.RequestPredicatesTests" time="0.061"/>
  <testcase name="method" classname="org.springframework.web.reactive.function.server.RequestPredicatesTests" time="0.066"/>
  <testcase name="pathPredicates" classname="org.springframework.web.reactive.function.server.RequestPredicatesTests" time="0.03"/>
  <testcase name="contentType" classname="org.springframework.web.reactive.function.server.RequestPredicatesTests" time="0.062"/>
  <testcase name="queryParam" classname="org.springframework.web.reactive.function.server.RequestPredicatesTests" time="0.031"/>
  <testcase name="all" classname="org.springframework.web.reactive.function.server.RequestPredicatesTests" time="0.031"/>
  <testcase name="path" classname="org.springframework.web.reactive.function.server.RequestPredicatesTests" time="0.061"/>
  <testcase name="pathEncoded" classname="org.springframework.web.reactive.function.server.RequestPredicatesTests" time="0.06"/>
  <testcase name="headers" classname="org.springframework.web.reactive.function.server.RequestPredicatesTests" time="0.063"/>
  <testcase name="methods" classname="org.springframework.web.reactive.function.server.RequestPredicatesTests" time="0.093"/>
  <testcase name="pathExtension" classname="org.springframework.web.reactive.function.server.RequestPredicatesTests" time="0.092"/>
  <system-out><![CDATA[]]></system-out>
  <system-err><![CDATA[]]></system-err>
</testsuite>
