<?xml version="1.0" encoding="UTF-8"?>
<testsuite name="org.springframework.web.reactive.resource.FixedVersionStrategyTests" tests="5" skipped="0" failures="0" errors="0" timestamp="2020-08-26T04:02:23" hostname="PC-20191023THJJ" time="0.0">
  <properties/>
  <testcase name="addVersion" classname="org.springframework.web.reactive.resource.FixedVersionStrategyTests" time="0.0"/>
  <testcase name="addVersionRelativePath" classname="org.springframework.web.reactive.resource.FixedVersionStrategyTests" time="0.0"/>
  <testcase name="emptyPrefixVersion" classname="org.springframework.web.reactive.resource.FixedVersionStrategyTests" time="0.0"/>
  <testcase name="extractVersion" classname="org.springframework.web.reactive.resource.FixedVersionStrategyTests" time="0.0"/>
  <testcase name="removeVersion" classname="org.springframework.web.reactive.resource.FixedVersionStrategyTests" time="0.0"/>
  <system-out><![CDATA[]]></system-out>
  <system-err><![CDATA[]]></system-err>
</testsuite>
