<?xml version="1.0" encoding="UTF-8"?>
<testsuite name="org.springframework.web.reactive.function.server.LocaleContextResolverIntegrationTests" tests="4" skipped="0" failures="0" errors="0" timestamp="2020-08-26T04:02:14" hostname="PC-20191023THJJ" time="0.231">
  <properties/>
  <testcase name="fixedLocale[server [org.springframework.http.server.reactive.bootstrap.JettyHttpServer@53e8d0e0]]" classname="org.springframework.web.reactive.function.server.LocaleContextResolverIntegrationTests" time="0.046"/>
  <testcase name="fixedLocale[server [org.springframework.http.server.reactive.bootstrap.ReactorHttpServer@456bfb4b]]" classname="org.springframework.web.reactive.function.server.LocaleContextResolverIntegrationTests" time="0.037"/>
  <testcase name="fixedLocale[server [org.springframework.http.server.reactive.bootstrap.TomcatHttpServer@1317186e]]" classname="org.springframework.web.reactive.function.server.LocaleContextResolverIntegrationTests" time="0.105"/>
  <testcase name="fixedLocale[server [org.springframework.http.server.reactive.bootstrap.UndertowHttpServer@6311a9cd]]" classname="org.springframework.web.reactive.function.server.LocaleContextResolverIntegrationTests" time="0.042"/>
  <system-out><![CDATA[12:02:14.985 [Test worker] DEBUG org.springframework.web.server.adapter.HttpWebHandlerAdapter - enableLoggingRequestDetails='false': form data and headers will be masked to prevent unsafe logging of potentially sensitive data
12:02:14.985 [Test worker] WARN  org.eclipse.jetty.server.handler.ContextHandler - Empty contextPath
12:02:14.985 [Test worker] INFO  org.eclipse.jetty.server.handler.ContextHandler - Started o.e.j.s.ServletContextHandler@28c2d03f{/,null,AVAILABLE}
12:02:14.985 [Test worker] DEBUG org.springframework.http.server.reactive.bootstrap.JettyHttpServer - Starting JettyHttpServer...
12:02:14.985 [Test worker] INFO  org.eclipse.jetty.server.Server - jetty-9.4.12.RC2; built: 2018-08-14T14:46:56.477Z; git: 1f9703cf836af6c70ac0665fbc6790c0a8229a7a; jvm 1.8.0_101-b13
12:02:14.985 [Test worker] WARN  org.eclipse.jetty.server.Server - THIS IS NOT A STABLE RELEASE! DO NOT USE IN PRODUCTION!
12:02:14.985 [Test worker] WARN  org.eclipse.jetty.server.Server - Download a stable release from http://download.eclipse.org/jetty/
12:02:14.988 [Test worker] INFO  org.eclipse.jetty.server.AbstractConnector - Started ServerConnector@2146c322{HTTP/1.1,[http/1.1]}{0.0.0.0:49991}
12:02:14.988 [Test worker] INFO  org.eclipse.jetty.server.Server - Started @15385ms
12:02:14.988 [Test worker] DEBUG org.springframework.http.server.reactive.bootstrap.JettyHttpServer - Server started on port 49991(0 millis).
12:02:14.988 [Test worker] DEBUG org.springframework.web.reactive.function.client.ExchangeFunctions - [17c7881c] HTTP GET http://localhost:49991/
12:02:14.990 [qtp157451758-451] DEBUG org.springframework.web.server.adapter.HttpWebHandlerAdapter - [567c2252] HTTP GET "/"
12:02:14.993 [qtp157451758-451] DEBUG org.springframework.web.server.adapter.HttpWebHandlerAdapter - [567c2252] Completed 200 OK
12:02:14.994 [reactor-http-nio-6] DEBUG org.springframework.web.reactive.function.client.ExchangeFunctions - [17c7881c] Response 200 OK
12:02:14.995 [Test worker] DEBUG org.springframework.http.server.reactive.bootstrap.JettyHttpServer - Stopping JettyHttpServer...
12:02:14.995 [Test worker] INFO  org.eclipse.jetty.server.handler.ContextHandler - Stopped o.e.j.s.ServletContextHandler@28c2d03f{/,null,UNAVAILABLE}
12:02:14.996 [Test worker] INFO  org.eclipse.jetty.server.AbstractConnector - Stopped ServerConnector@2146c322{HTTP/1.1,[http/1.1]}{0.0.0.0:0}
12:02:14.996 [Test worker] DEBUG org.springframework.http.server.reactive.bootstrap.JettyHttpServer - Server stopped (0 millis).
12:02:15.031 [Test worker] DEBUG org.springframework.web.server.adapter.HttpWebHandlerAdapter - enableLoggingRequestDetails='false': form data and headers will be masked to prevent unsafe logging of potentially sensitive data
12:02:15.031 [Test worker] DEBUG org.springframework.http.server.reactive.bootstrap.ReactorHttpServer - Starting ReactorHttpServer...
12:02:15.031 [Test worker] DEBUG org.springframework.http.server.reactive.bootstrap.ReactorHttpServer - Server started on port 49999(0 millis).
12:02:15.032 [Test worker] DEBUG org.springframework.web.reactive.function.client.ExchangeFunctions - [27b4c49f] HTTP GET http://localhost:49999/
12:02:15.033 [reactor-http-nio-6] DEBUG org.springframework.web.server.adapter.HttpWebHandlerAdapter - [f7b13bc1] HTTP GET "/"
12:02:15.033 [reactor-http-nio-6] DEBUG org.springframework.web.server.adapter.HttpWebHandlerAdapter - [f7b13bc1] Completed 200 OK
12:02:15.033 [reactor-http-nio-5] DEBUG org.springframework.web.reactive.function.client.ExchangeFunctions - [27b4c49f] Response 200 OK
12:02:15.034 [Test worker] DEBUG org.springframework.http.server.reactive.bootstrap.ReactorHttpServer - Stopping ReactorHttpServer...
12:02:15.034 [Test worker] DEBUG org.springframework.http.server.reactive.bootstrap.ReactorHttpServer - Server stopped (0 millis).
12:02:15.067 [Test worker] DEBUG org.springframework.web.server.adapter.HttpWebHandlerAdapter - enableLoggingRequestDetails='false': form data and headers will be masked to prevent unsafe logging of potentially sensitive data
12:02:15.068 [Test worker] DEBUG org.springframework.http.server.reactive.bootstrap.TomcatHttpServer - Starting TomcatHttpServer...
12:02:15.077 [Test worker] DEBUG org.springframework.http.server.reactive.bootstrap.TomcatHttpServer - Server started on port 50001(0 millis).
12:02:15.078 [Test worker] DEBUG org.springframework.web.reactive.function.client.ExchangeFunctions - [6a6c1824] HTTP GET http://localhost:50001/
12:02:15.080 [http-nio-auto-10-exec-1] DEBUG org.springframework.web.server.adapter.HttpWebHandlerAdapter - [4dea0a13] HTTP GET "/"
12:02:15.081 [http-nio-auto-10-exec-1] DEBUG org.springframework.web.server.adapter.HttpWebHandlerAdapter - [4dea0a13] Completed 200 OK
12:02:15.081 [reactor-http-nio-4] DEBUG org.springframework.web.reactive.function.client.ExchangeFunctions - [6a6c1824] Response 200 OK
12:02:15.082 [Test worker] DEBUG org.springframework.http.server.reactive.bootstrap.TomcatHttpServer - Stopping TomcatHttpServer...
12:02:15.139 [Test worker] DEBUG org.springframework.http.server.reactive.bootstrap.TomcatHttpServer - Server stopped (0 millis).
12:02:15.172 [Test worker] DEBUG org.springframework.web.server.adapter.HttpWebHandlerAdapter - enableLoggingRequestDetails='false': form data and headers will be masked to prevent unsafe logging of potentially sensitive data
12:02:15.172 [Test worker] DEBUG org.springframework.http.server.reactive.bootstrap.UndertowHttpServer - Starting UndertowHttpServer...
12:02:15.176 [Test worker] DEBUG org.springframework.http.server.reactive.bootstrap.UndertowHttpServer - Server started on port 50025(0 millis).
12:02:15.176 [Test worker] DEBUG org.springframework.web.reactive.function.client.ExchangeFunctions - [1c9a143e] HTTP GET http://localhost:50025/
12:02:15.178 [XNIO-10 I/O-6] DEBUG org.springframework.web.server.adapter.HttpWebHandlerAdapter - [57c30e62] HTTP GET "/"
12:02:15.178 [XNIO-10 I/O-6] DEBUG org.springframework.web.server.adapter.HttpWebHandlerAdapter - [57c30e62] Completed 200 OK
12:02:15.179 [reactor-http-nio-2] DEBUG org.springframework.web.reactive.function.client.ExchangeFunctions - [1c9a143e] Response 200 OK
12:02:15.179 [Test worker] DEBUG org.springframework.http.server.reactive.bootstrap.UndertowHttpServer - Stopping UndertowHttpServer...
12:02:15.180 [Test worker] DEBUG org.springframework.http.server.reactive.bootstrap.UndertowHttpServer - Server stopped (0 millis).
]]></system-out>
  <system-err><![CDATA[八月 26, 2020 12:02:15 下午 org.apache.catalina.core.StandardService startInternal
信息: Starting service [Tomcat]
八月 26, 2020 12:02:15 下午 org.apache.catalina.core.StandardEngine startInternal
信息: Starting Servlet Engine: Apache Tomcat/9.0.11
八月 26, 2020 12:02:15 下午 org.apache.coyote.AbstractProtocol init
信息: Initializing ProtocolHandler ["http-nio-auto-10"]
八月 26, 2020 12:02:15 下午 org.apache.tomcat.util.net.NioSelectorPool getSharedSelector
信息: Using a shared selector for servlet write/read
八月 26, 2020 12:02:15 下午 org.apache.coyote.AbstractProtocol start
信息: Starting ProtocolHandler ["http-nio-auto-10-50001"]
八月 26, 2020 12:02:15 下午 org.apache.coyote.AbstractProtocol pause
信息: Pausing ProtocolHandler ["http-nio-auto-10-50001"]
八月 26, 2020 12:02:15 下午 org.apache.catalina.core.StandardService stopInternal
信息: Stopping service [Tomcat]
八月 26, 2020 12:02:15 下午 org.apache.coyote.AbstractProtocol stop
信息: Stopping ProtocolHandler ["http-nio-auto-10-50001"]
八月 26, 2020 12:02:15 下午 org.apache.coyote.AbstractProtocol destroy
信息: Destroying ProtocolHandler ["http-nio-auto-10-50001"]
]]></system-err>
</testsuite>
