<?xml version="1.0" encoding="UTF-8"?>
<testsuite name="org.springframework.web.reactive.result.view.ViewResolutionResultHandlerTests" tests="9" skipped="0" failures="0" errors="0" timestamp="2020-08-26T04:04:13" hostname="PC-20191023THJJ" time="0.011">
  <properties/>
  <testcase name="supports" classname="org.springframework.web.reactive.result.view.ViewResolutionResultHandlerTests" time="0.002"/>
  <testcase name="contentNegotiationWith406" classname="org.springframework.web.reactive.result.view.ViewResolutionResultHandlerTests" time="0.002"/>
  <testcase name="defaultViewName" classname="org.springframework.web.reactive.result.view.ViewResolutionResultHandlerTests" time="0.003"/>
  <testcase name="unresolvedViewName" classname="org.springframework.web.reactive.result.view.ViewResolutionResultHandlerTests" time="0.0"/>
  <testcase name="contentNegotiationWithRedirect" classname="org.springframework.web.reactive.result.view.ViewResolutionResultHandlerTests" time="0.0"/>
  <testcase name="contentNegotiation" classname="org.springframework.web.reactive.result.view.ViewResolutionResultHandlerTests" time="0.001"/>
  <testcase name="handleWithMultipleResolvers" classname="org.springframework.web.reactive.result.view.ViewResolutionResultHandlerTests" time="0.0"/>
  <testcase name="handleReturnValueTypes" classname="org.springframework.web.reactive.result.view.ViewResolutionResultHandlerTests" time="0.003"/>
  <testcase name="viewResolverOrder" classname="org.springframework.web.reactive.result.view.ViewResolutionResultHandlerTests" time="0.0"/>
  <system-out><![CDATA[12:04:13.399 [Test worker] DEBUG org.springframework.web.reactive.result.view.ViewResolutionResultHandler - [6935c92a] No match for [application/json], supported: [text/html]
12:04:13.399 [Test worker] DEBUG org.springframework.web.reactive.result.view.ViewResolutionResultHandler - Using 'text/html' given [*/*] and supported [text/html]
12:04:13.400 [Test worker] DEBUG org.springframework.web.reactive.result.view.ViewResolutionResultHandler - Using 'text/html' given [*/*] and supported [text/html]
12:04:13.400 [Test worker] DEBUG org.springframework.web.reactive.result.view.ViewResolutionResultHandler - Using 'text/html' given [*/*] and supported [text/html]
12:04:13.400 [Test worker] DEBUG org.springframework.web.reactive.result.view.ViewResolutionResultHandler - Using 'text/html' given [*/*] and supported [text/html]
12:04:13.400 [Test worker] DEBUG org.springframework.web.reactive.result.view.ViewResolutionResultHandler - Using 'text/html' given [*/*] and supported [text/html]
12:04:13.400 [Test worker] DEBUG org.springframework.web.reactive.result.view.ViewResolutionResultHandler - Using 'text/html' given [*/*] and supported [text/html]
12:04:13.400 [Test worker] DEBUG org.springframework.web.reactive.result.view.ViewResolutionResultHandler - Using 'text/html' given [*/*] and supported [text/html]
12:04:13.400 [Test worker] DEBUG org.springframework.web.reactive.result.view.ViewResolutionResultHandler - Using 'text/html' given [*/*] and supported [text/html]
12:04:13.401 [Test worker] DEBUG org.springframework.web.reactive.result.view.ViewResolutionResultHandler - Using 'text/html' given [*/*] and supported [text/html]
12:04:13.401 [Test worker] DEBUG org.springframework.web.reactive.result.view.ViewResolutionResultHandler - Using 'text/html' given [*/*] and supported [text/html]
12:04:13.401 [Test worker] DEBUG org.springframework.web.reactive.result.view.ViewResolutionResultHandler - Using 'text/html' given [*/*] and supported [text/html]
12:04:13.401 [Test worker] DEBUG org.springframework.web.reactive.result.view.ViewResolutionResultHandler - Using 'text/html' given [*/*] and supported [text/html]
12:04:13.402 [Test worker] DEBUG org.springframework.web.reactive.result.view.RedirectView - [478735e2] View name 'redirect:/', model {}
12:04:13.402 [Test worker] DEBUG org.springframework.web.reactive.result.view.ViewResolutionResultHandler - Using 'application/json' given [application/json] and supported [text/html, application/json]
12:04:13.402 [Test worker] DEBUG org.springframework.web.reactive.result.view.ViewResolutionResultHandler - Using 'text/html' given [*/*] and supported [text/html]
12:04:13.403 [Test worker] DEBUG org.springframework.web.reactive.result.view.ViewResolutionResultHandler - Using 'text/html' given [*/*] and supported [text/html]
12:04:13.403 [Test worker] DEBUG org.springframework.web.reactive.result.view.ViewResolutionResultHandler - Using 'text/html' given [*/*] and supported [text/html]
12:04:13.403 [Test worker] DEBUG org.springframework.web.reactive.result.view.ViewResolutionResultHandler - Using 'text/html' given [*/*] and supported [text/html]
12:04:13.403 [Test worker] DEBUG org.springframework.web.reactive.result.view.ViewResolutionResultHandler - Using 'text/html' given [*/*] and supported [text/html]
12:04:13.403 [Test worker] DEBUG org.springframework.web.reactive.result.view.ViewResolutionResultHandler - Using 'text/html' given [*/*] and supported [text/html]
12:04:13.404 [Test worker] DEBUG org.springframework.web.reactive.result.view.ViewResolutionResultHandler - Using 'text/html' given [*/*] and supported [text/html]
12:04:13.404 [Test worker] DEBUG org.springframework.web.reactive.result.view.ViewResolutionResultHandler - Using 'text/html' given [*/*] and supported [text/html]
12:04:13.404 [Test worker] DEBUG org.springframework.web.reactive.result.view.ViewResolutionResultHandler - Using 'text/html' given [*/*] and supported [text/html]
12:04:13.405 [Test worker] DEBUG org.springframework.web.reactive.result.view.ViewResolutionResultHandler - Using 'text/html' given [*/*] and supported [text/html]
12:04:13.405 [Test worker] DEBUG org.springframework.web.reactive.result.view.ViewResolutionResultHandler - Using 'text/html' given [*/*] and supported [text/html]
12:04:13.405 [Test worker] DEBUG org.springframework.web.reactive.result.view.ViewResolutionResultHandler - Using 'text/html' given [*/*] and supported [text/html]
]]></system-out>
  <system-err><![CDATA[]]></system-err>
</testsuite>
