<?xml version="1.0" encoding="UTF-8"?>
<testsuite name="org.springframework.web.reactive.function.client.ExchangeStrategiesTests" tests="2" skipped="0" failures="0" errors="0" timestamp="2020-08-26T04:02:10" hostname="PC-20191023THJJ" time="0.0">
  <properties/>
  <testcase name="withDefaults" classname="org.springframework.web.reactive.function.client.ExchangeStrategiesTests" time="0.0"/>
  <testcase name="empty" classname="org.springframework.web.reactive.function.client.ExchangeStrategiesTests" time="0.0"/>
  <system-out><![CDATA[]]></system-out>
  <system-err><![CDATA[]]></system-err>
</testsuite>
