<?xml version="1.0" encoding="UTF-8"?>
<testsuite name="org.springframework.web.reactive.result.method.annotation.RequestPartMethodArgumentResolverTests" tests="13" skipped="0" failures="0" errors="0" timestamp="2020-08-26T04:03:57" hostname="PC-20191023THJJ" time="0.663">
  <properties/>
  <testcase name="fluxPart" classname="org.springframework.web.reactive.result.method.annotation.RequestPartMethodArgumentResolverTests" time="0.053"/>
  <testcase name="partRequired" classname="org.springframework.web.reactive.result.method.annotation.RequestPartMethodArgumentResolverTests" time="0.051"/>
  <testcase name="fluxPerson" classname="org.springframework.web.reactive.result.method.annotation.RequestPartMethodArgumentResolverTests" time="0.057"/>
  <testcase name="person" classname="org.springframework.web.reactive.result.method.annotation.RequestPartMethodArgumentResolverTests" time="0.056"/>
  <testcase name="personRequired" classname="org.springframework.web.reactive.result.method.annotation.RequestPartMethodArgumentResolverTests" time="0.052"/>
  <testcase name="personNotRequired" classname="org.springframework.web.reactive.result.method.annotation.RequestPartMethodArgumentResolverTests" time="0.053"/>
  <testcase name="monoPart" classname="org.springframework.web.reactive.result.method.annotation.RequestPartMethodArgumentResolverTests" time="0.052"/>
  <testcase name="partNotRequired" classname="org.springframework.web.reactive.result.method.annotation.RequestPartMethodArgumentResolverTests" time="0.05"/>
  <testcase name="part" classname="org.springframework.web.reactive.result.method.annotation.RequestPartMethodArgumentResolverTests" time="0.049"/>
  <testcase name="listPerson" classname="org.springframework.web.reactive.result.method.annotation.RequestPartMethodArgumentResolverTests" time="0.051"/>
  <testcase name="listPart" classname="org.springframework.web.reactive.result.method.annotation.RequestPartMethodArgumentResolverTests" time="0.049"/>
  <testcase name="supportsParameter" classname="org.springframework.web.reactive.result.method.annotation.RequestPartMethodArgumentResolverTests" time="0.039"/>
  <testcase name="monoPerson" classname="org.springframework.web.reactive.result.method.annotation.RequestPartMethodArgumentResolverTests" time="0.051"/>
  <system-out><![CDATA[12:03:57.047 [Test worker] DEBUG org.springframework.http.codec.multipart.MultipartHttpMessageWriter - Encoding parts [name] (content masked)
12:03:57.061 [Test worker] DEBUG org.springframework.http.codec.multipart.MultipartHttpMessageReader - [6f536baa] Parsed parts [name] (content masked)
12:03:57.098 [Test worker] DEBUG org.springframework.http.codec.multipart.MultipartHttpMessageWriter - Encoding parts [] (content masked)
12:03:57.111 [Test worker] DEBUG org.springframework.http.codec.multipart.MultipartHttpMessageReader - [307a61fe] Parsed parts [] (content masked)
12:03:57.154 [Test worker] DEBUG org.springframework.http.codec.multipart.MultipartHttpMessageWriter - Encoding parts [name] (content masked)
12:03:57.168 [Test worker] DEBUG org.springframework.http.codec.multipart.MultipartHttpMessageReader - [4c5fb73a] Parsed parts [name] (content masked)
12:03:57.168 [Test worker] DEBUG org.springframework.web.reactive.result.method.annotation.RequestPartMethodArgumentResolver - [4c5fb73a] Decoding part 'name'
12:03:57.168 [Test worker] DEBUG org.springframework.web.reactive.result.method.annotation.RequestPartMethodArgumentResolver - [4c5fb73a] Content-Type:application/json;charset=UTF-8
12:03:57.168 [Test worker] DEBUG org.springframework.web.reactive.result.method.annotation.RequestPartMethodArgumentResolver - [4c5fb73a] 0..1 [org.springframework.web.reactive.result.method.annotation.RequestPartMethodArgumentResolverTests$Person]
12:03:57.169 [Test worker] DEBUG org.springframework.http.codec.json.Jackson2JsonDecoder - [4c5fb73a] Decoded [org.springframework.web.reactive.result.method.annotation.RequestPartMethodArgumentResolverTests$Person@7a65f6fb]
12:03:57.169 [Test worker] DEBUG org.springframework.web.reactive.result.method.annotation.RequestPartMethodArgumentResolver - [4c5fb73a] Decoding part 'name'
12:03:57.169 [Test worker] DEBUG org.springframework.web.reactive.result.method.annotation.RequestPartMethodArgumentResolver - [4c5fb73a] Content-Type:application/json;charset=UTF-8
12:03:57.169 [Test worker] DEBUG org.springframework.web.reactive.result.method.annotation.RequestPartMethodArgumentResolver - [4c5fb73a] 0..1 [org.springframework.web.reactive.result.method.annotation.RequestPartMethodArgumentResolverTests$Person]
12:03:57.169 [Test worker] DEBUG org.springframework.http.codec.json.Jackson2JsonDecoder - [4c5fb73a] Decoded [org.springframework.web.reactive.result.method.annotation.RequestPartMethodArgumentResolverTests$Person@e1fdc26]
12:03:57.211 [Test worker] DEBUG org.springframework.http.codec.multipart.MultipartHttpMessageWriter - Encoding parts [name] (content masked)
12:03:57.224 [Test worker] DEBUG org.springframework.http.codec.multipart.MultipartHttpMessageReader - [6d89298a] Parsed parts [name] (content masked)
12:03:57.225 [Test worker] DEBUG org.springframework.web.reactive.result.method.annotation.RequestPartMethodArgumentResolver - [6d89298a] Decoding part 'name'
12:03:57.225 [Test worker] DEBUG org.springframework.web.reactive.result.method.annotation.RequestPartMethodArgumentResolver - [6d89298a] Content-Type:application/json;charset=UTF-8
12:03:57.225 [Test worker] DEBUG org.springframework.web.reactive.result.method.annotation.RequestPartMethodArgumentResolver - [6d89298a] 0..1 [org.springframework.web.reactive.result.method.annotation.RequestPartMethodArgumentResolverTests$Person]
12:03:57.225 [Test worker] DEBUG org.springframework.http.codec.json.Jackson2JsonDecoder - [6d89298a] Decoded [org.springframework.web.reactive.result.method.annotation.RequestPartMethodArgumentResolverTests$Person@5c5ea566]
12:03:57.264 [Test worker] DEBUG org.springframework.http.codec.multipart.MultipartHttpMessageWriter - Encoding parts [] (content masked)
12:03:57.277 [Test worker] DEBUG org.springframework.http.codec.multipart.MultipartHttpMessageReader - [9595238] Parsed parts [] (content masked)
12:03:57.317 [Test worker] DEBUG org.springframework.http.codec.multipart.MultipartHttpMessageWriter - Encoding parts [] (content masked)
12:03:57.330 [Test worker] DEBUG org.springframework.http.codec.multipart.MultipartHttpMessageReader - [79d751d9] Parsed parts [] (content masked)
12:03:57.368 [Test worker] DEBUG org.springframework.http.codec.multipart.MultipartHttpMessageWriter - Encoding parts [name] (content masked)
12:03:57.382 [Test worker] DEBUG org.springframework.http.codec.multipart.MultipartHttpMessageReader - [5d36f210] Parsed parts [name] (content masked)
12:03:57.420 [Test worker] DEBUG org.springframework.http.codec.multipart.MultipartHttpMessageWriter - Encoding parts [] (content masked)
12:03:57.433 [Test worker] DEBUG org.springframework.http.codec.multipart.MultipartHttpMessageReader - [74ea0945] Parsed parts [] (content masked)
12:03:57.468 [Test worker] DEBUG org.springframework.http.codec.multipart.MultipartHttpMessageWriter - Encoding parts [name] (content masked)
12:03:57.481 [Test worker] DEBUG org.springframework.http.codec.multipart.MultipartHttpMessageReader - [37615d72] Parsed parts [name] (content masked)
12:03:57.518 [Test worker] DEBUG org.springframework.http.codec.multipart.MultipartHttpMessageWriter - Encoding parts [name] (content masked)
12:03:57.531 [Test worker] DEBUG org.springframework.http.codec.multipart.MultipartHttpMessageReader - [747b9bde] Parsed parts [name] (content masked)
12:03:57.531 [Test worker] DEBUG org.springframework.web.reactive.result.method.annotation.RequestPartMethodArgumentResolver - [747b9bde] Decoding part 'name'
12:03:57.531 [Test worker] DEBUG org.springframework.web.reactive.result.method.annotation.RequestPartMethodArgumentResolver - [747b9bde] Content-Type:application/json;charset=UTF-8
12:03:57.531 [Test worker] DEBUG org.springframework.web.reactive.result.method.annotation.RequestPartMethodArgumentResolver - [747b9bde] 0..1 [org.springframework.web.reactive.result.method.annotation.RequestPartMethodArgumentResolverTests$Person]
12:03:57.531 [Test worker] DEBUG org.springframework.http.codec.json.Jackson2JsonDecoder - [747b9bde] Decoded [org.springframework.web.reactive.result.method.annotation.RequestPartMethodArgumentResolverTests$Person@1eb74133]
12:03:57.531 [Test worker] DEBUG org.springframework.web.reactive.result.method.annotation.RequestPartMethodArgumentResolver - [747b9bde] Decoding part 'name'
12:03:57.531 [Test worker] DEBUG org.springframework.web.reactive.result.method.annotation.RequestPartMethodArgumentResolver - [747b9bde] Content-Type:application/json;charset=UTF-8
12:03:57.531 [Test worker] DEBUG org.springframework.web.reactive.result.method.annotation.RequestPartMethodArgumentResolver - [747b9bde] 0..1 [org.springframework.web.reactive.result.method.annotation.RequestPartMethodArgumentResolverTests$Person]
12:03:57.531 [Test worker] DEBUG org.springframework.http.codec.json.Jackson2JsonDecoder - [747b9bde] Decoded [org.springframework.web.reactive.result.method.annotation.RequestPartMethodArgumentResolverTests$Person@3a33c381]
12:03:57.568 [Test worker] DEBUG org.springframework.http.codec.multipart.MultipartHttpMessageWriter - Encoding parts [name] (content masked)
12:03:57.581 [Test worker] DEBUG org.springframework.http.codec.multipart.MultipartHttpMessageReader - [7848378] Parsed parts [name] (content masked)
12:03:57.657 [Test worker] DEBUG org.springframework.http.codec.multipart.MultipartHttpMessageWriter - Encoding parts [name] (content masked)
12:03:57.671 [Test worker] DEBUG org.springframework.http.codec.multipart.MultipartHttpMessageReader - [b933f26] Parsed parts [name] (content masked)
12:03:57.671 [Test worker] DEBUG org.springframework.web.reactive.result.method.annotation.RequestPartMethodArgumentResolver - [b933f26] Decoding part 'name'
12:03:57.671 [Test worker] DEBUG org.springframework.web.reactive.result.method.annotation.RequestPartMethodArgumentResolver - [b933f26] Content-Type:application/json;charset=UTF-8
12:03:57.671 [Test worker] DEBUG org.springframework.web.reactive.result.method.annotation.RequestPartMethodArgumentResolver - [b933f26] 0..1 [org.springframework.web.reactive.result.method.annotation.RequestPartMethodArgumentResolverTests$Person]
12:03:57.671 [Test worker] DEBUG org.springframework.http.codec.json.Jackson2JsonDecoder - [b933f26] Decoded [org.springframework.web.reactive.result.method.annotation.RequestPartMethodArgumentResolverTests$Person@2f18da1e]
]]></system-out>
  <system-err><![CDATA[]]></system-err>
</testsuite>
