<?xml version="1.0" encoding="UTF-8"?>
<testsuite name="org.springframework.web.reactive.result.method.annotation.MatrixVariablesMapMethodArgumentResolverTests" tests="5" skipped="0" failures="0" errors="0" timestamp="2020-08-26T04:02:56" hostname="PC-20191023THJJ" time="0.004">
  <properties/>
  <testcase name="resolveArgumentNoMatch" classname="org.springframework.web.reactive.result.method.annotation.MatrixVariablesMapMethodArgumentResolverTests" time="0.002"/>
  <testcase name="resolveArgumentPathVariable" classname="org.springframework.web.reactive.result.method.annotation.MatrixVariablesMapMethodArgumentResolverTests" time="0.001"/>
  <testcase name="resolveArgumentNoParams" classname="org.springframework.web.reactive.result.method.annotation.MatrixVariablesMapMethodArgumentResolverTests" time="0.0"/>
  <testcase name="resolveArgument" classname="org.springframework.web.reactive.result.method.annotation.MatrixVariablesMapMethodArgumentResolverTests" time="0.0"/>
  <testcase name="supportsParameter" classname="org.springframework.web.reactive.result.method.annotation.MatrixVariablesMapMethodArgumentResolverTests" time="0.001"/>
  <system-out><![CDATA[]]></system-out>
  <system-err><![CDATA[]]></system-err>
</testsuite>
