<?xml version="1.0" encoding="UTF-8"?>
<testsuite name="org.springframework.web.reactive.function.server.RouterFunctionDslTests" tests="9" skipped="0" failures="0" errors="0" timestamp="2020-08-26T04:04:16" hostname="PC-20191023THJJ" time="0.274">
  <properties/>
  <testcase name="accept" classname="org.springframework.web.reactive.function.server.RouterFunctionDslTests" time="0.041"/>
  <testcase name="header" classname="org.springframework.web.reactive.function.server.RouterFunctionDslTests" time="0.031"/>
  <testcase name="method" classname="org.springframework.web.reactive.function.server.RouterFunctionDslTests" time="0.03"/>
  <testcase name="resourceByPath" classname="org.springframework.web.reactive.function.server.RouterFunctionDslTests" time="0.029"/>
  <testcase name="contentType" classname="org.springframework.web.reactive.function.server.RouterFunctionDslTests" time="0.028"/>
  <testcase name="resource" classname="org.springframework.web.reactive.function.server.RouterFunctionDslTests" time="0.029"/>
  <testcase name="path" classname="org.springframework.web.reactive.function.server.RouterFunctionDslTests" time="0.028"/>
  <testcase name="acceptAndPOST" classname="org.springframework.web.reactive.function.server.RouterFunctionDslTests" time="0.03"/>
  <testcase name="noRoute" classname="org.springframework.web.reactive.function.server.RouterFunctionDslTests" time="0.028"/>
  <system-out><![CDATA[]]></system-out>
  <system-err><![CDATA[]]></system-err>
</testsuite>
