<?xml version="1.0" encoding="UTF-8"?>
<testsuite name="org.springframework.web.reactive.function.server.NestedRouteIntegrationTests" tests="20" skipped="0" failures="0" errors="0" timestamp="2020-08-26T04:02:15" hostname="PC-20191023THJJ" time="1.637">
  <properties/>
  <testcase name="removeFailedPathVariables[server [org.springframework.http.server.reactive.bootstrap.JettyHttpServer@619b43af]]" classname="org.springframework.web.reactive.function.server.NestedRouteIntegrationTests" time="0.047"/>
  <testcase name="variables[server [org.springframework.http.server.reactive.bootstrap.JettyHttpServer@619b43af]]" classname="org.springframework.web.reactive.function.server.NestedRouteIntegrationTests" time="0.037"/>
  <testcase name="bar[server [org.springframework.http.server.reactive.bootstrap.JettyHttpServer@619b43af]]" classname="org.springframework.web.reactive.function.server.NestedRouteIntegrationTests" time="0.036"/>
  <testcase name="baz[server [org.springframework.http.server.reactive.bootstrap.JettyHttpServer@619b43af]]" classname="org.springframework.web.reactive.function.server.NestedRouteIntegrationTests" time="0.036"/>
  <testcase name="parentVariables[server [org.springframework.http.server.reactive.bootstrap.JettyHttpServer@619b43af]]" classname="org.springframework.web.reactive.function.server.NestedRouteIntegrationTests" time="0.037"/>
  <testcase name="removeFailedPathVariables[server [org.springframework.http.server.reactive.bootstrap.ReactorHttpServer@2dec8046]]" classname="org.springframework.web.reactive.function.server.NestedRouteIntegrationTests" time="0.034"/>
  <testcase name="variables[server [org.springframework.http.server.reactive.bootstrap.ReactorHttpServer@2dec8046]]" classname="org.springframework.web.reactive.function.server.NestedRouteIntegrationTests" time="0.034"/>
  <testcase name="bar[server [org.springframework.http.server.reactive.bootstrap.ReactorHttpServer@2dec8046]]" classname="org.springframework.web.reactive.function.server.NestedRouteIntegrationTests" time="0.033"/>
  <testcase name="baz[server [org.springframework.http.server.reactive.bootstrap.ReactorHttpServer@2dec8046]]" classname="org.springframework.web.reactive.function.server.NestedRouteIntegrationTests" time="0.032"/>
  <testcase name="parentVariables[server [org.springframework.http.server.reactive.bootstrap.ReactorHttpServer@2dec8046]]" classname="org.springframework.web.reactive.function.server.NestedRouteIntegrationTests" time="0.034"/>
  <testcase name="removeFailedPathVariables[server [org.springframework.http.server.reactive.bootstrap.TomcatHttpServer@34e06fd]]" classname="org.springframework.web.reactive.function.server.NestedRouteIntegrationTests" time="0.098"/>
  <testcase name="variables[server [org.springframework.http.server.reactive.bootstrap.TomcatHttpServer@34e06fd]]" classname="org.springframework.web.reactive.function.server.NestedRouteIntegrationTests" time="0.148"/>
  <testcase name="bar[server [org.springframework.http.server.reactive.bootstrap.TomcatHttpServer@34e06fd]]" classname="org.springframework.web.reactive.function.server.NestedRouteIntegrationTests" time="0.1"/>
  <testcase name="baz[server [org.springframework.http.server.reactive.bootstrap.TomcatHttpServer@34e06fd]]" classname="org.springframework.web.reactive.function.server.NestedRouteIntegrationTests" time="0.098"/>
  <testcase name="parentVariables[server [org.springframework.http.server.reactive.bootstrap.TomcatHttpServer@34e06fd]]" classname="org.springframework.web.reactive.function.server.NestedRouteIntegrationTests" time="0.097"/>
  <testcase name="removeFailedPathVariables[server [org.springframework.http.server.reactive.bootstrap.UndertowHttpServer@222dc820]]" classname="org.springframework.web.reactive.function.server.NestedRouteIntegrationTests" time="0.038"/>
  <testcase name="variables[server [org.springframework.http.server.reactive.bootstrap.UndertowHttpServer@222dc820]]" classname="org.springframework.web.reactive.function.server.NestedRouteIntegrationTests" time="0.037"/>
  <testcase name="bar[server [org.springframework.http.server.reactive.bootstrap.UndertowHttpServer@222dc820]]" classname="org.springframework.web.reactive.function.server.NestedRouteIntegrationTests" time="0.038"/>
  <testcase name="baz[server [org.springframework.http.server.reactive.bootstrap.UndertowHttpServer@222dc820]]" classname="org.springframework.web.reactive.function.server.NestedRouteIntegrationTests" time="0.037"/>
  <testcase name="parentVariables[server [org.springframework.http.server.reactive.bootstrap.UndertowHttpServer@222dc820]]" classname="org.springframework.web.reactive.function.server.NestedRouteIntegrationTests" time="0.038"/>
  <system-out><![CDATA[12:02:15.245 [Test worker] DEBUG org.springframework.web.server.adapter.HttpWebHandlerAdapter - enableLoggingRequestDetails='false': form data and headers will be masked to prevent unsafe logging of potentially sensitive data
12:02:15.245 [Test worker] WARN  org.eclipse.jetty.server.handler.ContextHandler - Empty contextPath
12:02:15.245 [Test worker] INFO  org.eclipse.jetty.server.handler.ContextHandler - Started o.e.j.s.ServletContextHandler@fb9b21b{/,null,AVAILABLE}
12:02:15.245 [Test worker] DEBUG org.springframework.http.server.reactive.bootstrap.JettyHttpServer - Starting JettyHttpServer...
12:02:15.245 [Test worker] INFO  org.eclipse.jetty.server.Server - jetty-9.4.12.RC2; built: 2018-08-14T14:46:56.477Z; git: 1f9703cf836af6c70ac0665fbc6790c0a8229a7a; jvm 1.8.0_101-b13
12:02:15.245 [Test worker] WARN  org.eclipse.jetty.server.Server - THIS IS NOT A STABLE RELEASE! DO NOT USE IN PRODUCTION!
12:02:15.246 [Test worker] WARN  org.eclipse.jetty.server.Server - Download a stable release from http://download.eclipse.org/jetty/
12:02:15.248 [Test worker] INFO  org.eclipse.jetty.server.AbstractConnector - Started ServerConnector@302a51e8{HTTP/1.1,[http/1.1]}{0.0.0.0:50027}
12:02:15.248 [Test worker] INFO  org.eclipse.jetty.server.Server - Started @15646ms
12:02:15.248 [Test worker] DEBUG org.springframework.http.server.reactive.bootstrap.JettyHttpServer - Server started on port 50027(0 millis).
12:02:15.248 [Test worker] DEBUG org.springframework.web.client.RestTemplate - HTTP GET http://localhost:50027/qux/quux
12:02:15.248 [Test worker] DEBUG org.springframework.web.client.RestTemplate - Accept=[text/plain, application/json, application/x-jackson-smile, application/*+json, */*]
12:02:15.249 [qtp2103881188-485] DEBUG org.springframework.web.server.adapter.HttpWebHandlerAdapter - [2abd9b9f] HTTP GET "/qux/quux"
12:02:15.255 [qtp2103881188-485] DEBUG org.springframework.core.codec.CharSequenceEncoder - [2abd9b9f] Writing '{qux=qux}'
12:02:15.255 [qtp2103881188-485] DEBUG org.springframework.web.server.adapter.HttpWebHandlerAdapter - [2abd9b9f] Completed 200 OK
12:02:15.255 [Test worker] DEBUG org.springframework.web.client.RestTemplate - Response 200 OK
12:02:15.255 [Test worker] DEBUG org.springframework.web.client.RestTemplate - Reading to [java.lang.String] as "text/plain;charset=utf-8"
12:02:15.255 [Test worker] DEBUG org.springframework.http.server.reactive.bootstrap.JettyHttpServer - Stopping JettyHttpServer...
12:02:15.256 [Test worker] INFO  org.eclipse.jetty.server.handler.ContextHandler - Stopped o.e.j.s.ServletContextHandler@fb9b21b{/,null,UNAVAILABLE}
12:02:15.257 [Test worker] INFO  org.eclipse.jetty.server.AbstractConnector - Stopped ServerConnector@302a51e8{HTTP/1.1,[http/1.1]}{0.0.0.0:0}
12:02:15.257 [Test worker] DEBUG org.springframework.http.server.reactive.bootstrap.JettyHttpServer - Server stopped (0 millis).
12:02:15.319 [Test worker] DEBUG org.springframework.web.server.adapter.HttpWebHandlerAdapter - enableLoggingRequestDetails='false': form data and headers will be masked to prevent unsafe logging of potentially sensitive data
12:02:15.319 [Test worker] WARN  org.eclipse.jetty.server.handler.ContextHandler - Empty contextPath
12:02:15.319 [Test worker] INFO  org.eclipse.jetty.server.handler.ContextHandler - Started o.e.j.s.ServletContextHandler@4208d833{/,null,AVAILABLE}
12:02:15.319 [Test worker] DEBUG org.springframework.http.server.reactive.bootstrap.JettyHttpServer - Starting JettyHttpServer...
12:02:15.319 [Test worker] INFO  org.eclipse.jetty.server.Server - jetty-9.4.12.RC2; built: 2018-08-14T14:46:56.477Z; git: 1f9703cf836af6c70ac0665fbc6790c0a8229a7a; jvm 1.8.0_101-b13
12:02:15.319 [Test worker] WARN  org.eclipse.jetty.server.Server - THIS IS NOT A STABLE RELEASE! DO NOT USE IN PRODUCTION!
12:02:15.319 [Test worker] WARN  org.eclipse.jetty.server.Server - Download a stable release from http://download.eclipse.org/jetty/
12:02:15.321 [Test worker] INFO  org.eclipse.jetty.server.AbstractConnector - Started ServerConnector@43109d44{HTTP/1.1,[http/1.1]}{0.0.0.0:50035}
12:02:15.321 [Test worker] INFO  org.eclipse.jetty.server.Server - Started @15719ms
12:02:15.321 [Test worker] DEBUG org.springframework.http.server.reactive.bootstrap.JettyHttpServer - Server started on port 50035(0 millis).
12:02:15.321 [Test worker] DEBUG org.springframework.web.client.RestTemplate - HTTP GET http://localhost:50035/1/2/3
12:02:15.321 [Test worker] DEBUG org.springframework.web.client.RestTemplate - Accept=[text/plain, application/json, application/x-jackson-smile, application/*+json, */*]
12:02:15.322 [qtp67605502-494] DEBUG org.springframework.web.server.adapter.HttpWebHandlerAdapter - [6b5f4953] HTTP GET "/1/2/3"
12:02:15.323 [qtp67605502-494] DEBUG org.springframework.core.codec.CharSequenceEncoder - [6b5f4953] Writing '{foo=1, bar=2, baz=3}'
12:02:15.323 [qtp67605502-494] DEBUG org.springframework.web.server.adapter.HttpWebHandlerAdapter - [6b5f4953] Completed 200 OK
12:02:15.323 [Test worker] DEBUG org.springframework.web.client.RestTemplate - Response 200 OK
12:02:15.323 [Test worker] DEBUG org.springframework.web.client.RestTemplate - Reading to [java.lang.String] as "text/plain;charset=utf-8"
12:02:15.323 [Test worker] DEBUG org.springframework.http.server.reactive.bootstrap.JettyHttpServer - Stopping JettyHttpServer...
12:02:15.323 [Test worker] INFO  org.eclipse.jetty.server.handler.ContextHandler - Stopped o.e.j.s.ServletContextHandler@4208d833{/,null,UNAVAILABLE}
12:02:15.325 [Test worker] INFO  org.eclipse.jetty.server.AbstractConnector - Stopped ServerConnector@43109d44{HTTP/1.1,[http/1.1]}{0.0.0.0:0}
12:02:15.325 [Test worker] DEBUG org.springframework.http.server.reactive.bootstrap.JettyHttpServer - Server stopped (0 millis).
12:02:15.384 [Test worker] DEBUG org.springframework.web.server.adapter.HttpWebHandlerAdapter - enableLoggingRequestDetails='false': form data and headers will be masked to prevent unsafe logging of potentially sensitive data
12:02:15.384 [Test worker] WARN  org.eclipse.jetty.server.handler.ContextHandler - Empty contextPath
12:02:15.384 [Test worker] INFO  org.eclipse.jetty.server.handler.ContextHandler - Started o.e.j.s.ServletContextHandler@33a43e3d{/,null,AVAILABLE}
12:02:15.384 [Test worker] DEBUG org.springframework.http.server.reactive.bootstrap.JettyHttpServer - Starting JettyHttpServer...
12:02:15.384 [Test worker] INFO  org.eclipse.jetty.server.Server - jetty-9.4.12.RC2; built: 2018-08-14T14:46:56.477Z; git: 1f9703cf836af6c70ac0665fbc6790c0a8229a7a; jvm 1.8.0_101-b13
12:02:15.384 [Test worker] WARN  org.eclipse.jetty.server.Server - THIS IS NOT A STABLE RELEASE! DO NOT USE IN PRODUCTION!
12:02:15.384 [Test worker] WARN  org.eclipse.jetty.server.Server - Download a stable release from http://download.eclipse.org/jetty/
12:02:15.386 [Test worker] INFO  org.eclipse.jetty.server.AbstractConnector - Started ServerConnector@4b3f0ce{HTTP/1.1,[http/1.1]}{0.0.0.0:50043}
12:02:15.386 [Test worker] INFO  org.eclipse.jetty.server.Server - Started @15784ms
12:02:15.386 [Test worker] DEBUG org.springframework.http.server.reactive.bootstrap.JettyHttpServer - Server started on port 50043(0 millis).
12:02:15.386 [Test worker] DEBUG org.springframework.web.client.RestTemplate - HTTP GET http://localhost:50043/foo/bar
12:02:15.386 [Test worker] DEBUG org.springframework.web.client.RestTemplate - Accept=[text/plain, application/json, application/x-jackson-smile, application/*+json, */*]
12:02:15.388 [qtp1310586327-501] DEBUG org.springframework.web.server.adapter.HttpWebHandlerAdapter - [475f463] HTTP GET "/foo/bar"
12:02:15.388 [qtp1310586327-501] DEBUG org.springframework.core.codec.CharSequenceEncoder - [475f463] Writing 'bar'
12:02:15.388 [qtp1310586327-501] DEBUG org.springframework.web.server.adapter.HttpWebHandlerAdapter - [475f463] Completed 200 OK
12:02:15.388 [Test worker] DEBUG org.springframework.web.client.RestTemplate - Response 200 OK
12:02:15.388 [Test worker] DEBUG org.springframework.web.client.RestTemplate - Reading to [java.lang.String] as "text/plain;charset=utf-8"
12:02:15.388 [Test worker] DEBUG org.springframework.http.server.reactive.bootstrap.JettyHttpServer - Stopping JettyHttpServer...
12:02:15.388 [Test worker] INFO  org.eclipse.jetty.server.handler.ContextHandler - Stopped o.e.j.s.ServletContextHandler@33a43e3d{/,null,UNAVAILABLE}
12:02:15.389 [Test worker] INFO  org.eclipse.jetty.server.AbstractConnector - Stopped ServerConnector@4b3f0ce{HTTP/1.1,[http/1.1]}{0.0.0.0:0}
12:02:15.390 [Test worker] DEBUG org.springframework.http.server.reactive.bootstrap.JettyHttpServer - Server stopped (0 millis).
12:02:15.449 [Test worker] DEBUG org.springframework.web.server.adapter.HttpWebHandlerAdapter - enableLoggingRequestDetails='false': form data and headers will be masked to prevent unsafe logging of potentially sensitive data
12:02:15.450 [Test worker] WARN  org.eclipse.jetty.server.handler.ContextHandler - Empty contextPath
12:02:15.450 [Test worker] INFO  org.eclipse.jetty.server.handler.ContextHandler - Started o.e.j.s.ServletContextHandler@4818c85c{/,null,AVAILABLE}
12:02:15.450 [Test worker] DEBUG org.springframework.http.server.reactive.bootstrap.JettyHttpServer - Starting JettyHttpServer...
12:02:15.450 [Test worker] INFO  org.eclipse.jetty.server.Server - jetty-9.4.12.RC2; built: 2018-08-14T14:46:56.477Z; git: 1f9703cf836af6c70ac0665fbc6790c0a8229a7a; jvm 1.8.0_101-b13
12:02:15.450 [Test worker] WARN  org.eclipse.jetty.server.Server - THIS IS NOT A STABLE RELEASE! DO NOT USE IN PRODUCTION!
12:02:15.450 [Test worker] WARN  org.eclipse.jetty.server.Server - Download a stable release from http://download.eclipse.org/jetty/
12:02:15.452 [Test worker] INFO  org.eclipse.jetty.server.AbstractConnector - Started ServerConnector@4f6a1996{HTTP/1.1,[http/1.1]}{0.0.0.0:50051}
12:02:15.452 [Test worker] INFO  org.eclipse.jetty.server.Server - Started @15849ms
12:02:15.452 [Test worker] DEBUG org.springframework.http.server.reactive.bootstrap.JettyHttpServer - Server started on port 50051(0 millis).
12:02:15.452 [Test worker] DEBUG org.springframework.web.client.RestTemplate - HTTP GET http://localhost:50051/foo/baz
12:02:15.452 [Test worker] DEBUG org.springframework.web.client.RestTemplate - Accept=[text/plain, application/json, application/x-jackson-smile, application/*+json, */*]
12:02:15.453 [qtp654563941-515] DEBUG org.springframework.web.server.adapter.HttpWebHandlerAdapter - [7787671b] HTTP GET "/foo/baz"
12:02:15.453 [qtp654563941-515] DEBUG org.springframework.core.codec.CharSequenceEncoder - [7787671b] Writing 'baz'
12:02:15.454 [qtp654563941-515] DEBUG org.springframework.web.server.adapter.HttpWebHandlerAdapter - [7787671b] Completed 200 OK
12:02:15.454 [Test worker] DEBUG org.springframework.web.client.RestTemplate - Response 200 OK
12:02:15.454 [Test worker] DEBUG org.springframework.web.client.RestTemplate - Reading to [java.lang.String] as "text/plain;charset=utf-8"
12:02:15.454 [Test worker] DEBUG org.springframework.http.server.reactive.bootstrap.JettyHttpServer - Stopping JettyHttpServer...
12:02:15.454 [Test worker] INFO  org.eclipse.jetty.server.handler.ContextHandler - Stopped o.e.j.s.ServletContextHandler@4818c85c{/,null,UNAVAILABLE}
12:02:15.455 [Test worker] INFO  org.eclipse.jetty.server.AbstractConnector - Stopped ServerConnector@4f6a1996{HTTP/1.1,[http/1.1]}{0.0.0.0:0}
12:02:15.456 [Test worker] DEBUG org.springframework.http.server.reactive.bootstrap.JettyHttpServer - Server stopped (0 millis).
12:02:15.515 [Test worker] DEBUG org.springframework.web.server.adapter.HttpWebHandlerAdapter - enableLoggingRequestDetails='false': form data and headers will be masked to prevent unsafe logging of potentially sensitive data
12:02:15.515 [Test worker] WARN  org.eclipse.jetty.server.handler.ContextHandler - Empty contextPath
12:02:15.515 [Test worker] INFO  org.eclipse.jetty.server.handler.ContextHandler - Started o.e.j.s.ServletContextHandler@705a9c4a{/,null,AVAILABLE}
12:02:15.515 [Test worker] DEBUG org.springframework.http.server.reactive.bootstrap.JettyHttpServer - Starting JettyHttpServer...
12:02:15.515 [Test worker] INFO  org.eclipse.jetty.server.Server - jetty-9.4.12.RC2; built: 2018-08-14T14:46:56.477Z; git: 1f9703cf836af6c70ac0665fbc6790c0a8229a7a; jvm 1.8.0_101-b13
12:02:15.515 [Test worker] WARN  org.eclipse.jetty.server.Server - THIS IS NOT A STABLE RELEASE! DO NOT USE IN PRODUCTION!
12:02:15.515 [Test worker] WARN  org.eclipse.jetty.server.Server - Download a stable release from http://download.eclipse.org/jetty/
12:02:15.517 [Test worker] INFO  org.eclipse.jetty.server.AbstractConnector - Started ServerConnector@177e6c7b{HTTP/1.1,[http/1.1]}{0.0.0.0:50059}
12:02:15.517 [Test worker] INFO  org.eclipse.jetty.server.Server - Started @15915ms
12:02:15.517 [Test worker] DEBUG org.springframework.http.server.reactive.bootstrap.JettyHttpServer - Server started on port 50059(0 millis).
12:02:15.517 [Test worker] DEBUG org.springframework.web.client.RestTemplate - HTTP GET http://localhost:50059/1/bar
12:02:15.518 [Test worker] DEBUG org.springframework.web.client.RestTemplate - Accept=[text/plain, application/json, application/x-jackson-smile, application/*+json, */*]
12:02:15.519 [qtp1712116762-526] DEBUG org.springframework.web.server.adapter.HttpWebHandlerAdapter - [122b4b6] HTTP GET "/1/bar"
12:02:15.519 [qtp1712116762-526] DEBUG org.springframework.core.codec.CharSequenceEncoder - [122b4b6] Writing '{foo=1}'
12:02:15.519 [qtp1712116762-526] DEBUG org.springframework.web.server.adapter.HttpWebHandlerAdapter - [122b4b6] Completed 200 OK
12:02:15.519 [Test worker] DEBUG org.springframework.web.client.RestTemplate - Response 200 OK
12:02:15.519 [Test worker] DEBUG org.springframework.web.client.RestTemplate - Reading to [java.lang.String] as "text/plain;charset=utf-8"
12:02:15.519 [Test worker] DEBUG org.springframework.http.server.reactive.bootstrap.JettyHttpServer - Stopping JettyHttpServer...
12:02:15.520 [Test worker] INFO  org.eclipse.jetty.server.handler.ContextHandler - Stopped o.e.j.s.ServletContextHandler@705a9c4a{/,null,UNAVAILABLE}
12:02:15.521 [Test worker] INFO  org.eclipse.jetty.server.AbstractConnector - Stopped ServerConnector@177e6c7b{HTTP/1.1,[http/1.1]}{0.0.0.0:0}
12:02:15.521 [Test worker] DEBUG org.springframework.http.server.reactive.bootstrap.JettyHttpServer - Server stopped (0 millis).
12:02:15.580 [Test worker] DEBUG org.springframework.web.server.adapter.HttpWebHandlerAdapter - enableLoggingRequestDetails='false': form data and headers will be masked to prevent unsafe logging of potentially sensitive data
12:02:15.580 [Test worker] DEBUG org.springframework.http.server.reactive.bootstrap.ReactorHttpServer - Starting ReactorHttpServer...
12:02:15.581 [Test worker] DEBUG org.springframework.http.server.reactive.bootstrap.ReactorHttpServer - Server started on port 50067(0 millis).
12:02:15.581 [Test worker] DEBUG org.springframework.web.client.RestTemplate - HTTP GET http://localhost:50067/qux/quux
12:02:15.581 [Test worker] DEBUG org.springframework.web.client.RestTemplate - Accept=[text/plain, application/json, application/x-jackson-smile, application/*+json, */*]
12:02:15.582 [reactor-http-nio-4] DEBUG org.springframework.web.server.adapter.HttpWebHandlerAdapter - [a0f7436a] HTTP GET "/qux/quux"
12:02:15.582 [reactor-http-nio-4] DEBUG org.springframework.core.codec.CharSequenceEncoder - [a0f7436a] Writing '{qux=qux}'
12:02:15.582 [Test worker] DEBUG org.springframework.web.client.RestTemplate - Response 200 OK
12:02:15.582 [reactor-http-nio-4] DEBUG org.springframework.web.server.adapter.HttpWebHandlerAdapter - [a0f7436a] Completed 200 OK
12:02:15.582 [Test worker] DEBUG org.springframework.web.client.RestTemplate - Reading to [java.lang.String] as "text/plain;charset=UTF-8"
12:02:15.582 [Test worker] DEBUG org.springframework.http.server.reactive.bootstrap.ReactorHttpServer - Stopping ReactorHttpServer...
12:02:15.583 [Test worker] DEBUG org.springframework.http.server.reactive.bootstrap.ReactorHttpServer - Server stopped (0 millis).
12:02:15.647 [Test worker] DEBUG org.springframework.web.server.adapter.HttpWebHandlerAdapter - enableLoggingRequestDetails='false': form data and headers will be masked to prevent unsafe logging of potentially sensitive data
12:02:15.647 [Test worker] DEBUG org.springframework.http.server.reactive.bootstrap.ReactorHttpServer - Starting ReactorHttpServer...
12:02:15.647 [Test worker] DEBUG org.springframework.http.server.reactive.bootstrap.ReactorHttpServer - Server started on port 50069(0 millis).
12:02:15.648 [Test worker] DEBUG org.springframework.web.client.RestTemplate - HTTP GET http://localhost:50069/1/2/3
12:02:15.648 [Test worker] DEBUG org.springframework.web.client.RestTemplate - Accept=[text/plain, application/json, application/x-jackson-smile, application/*+json, */*]
12:02:15.649 [reactor-http-nio-6] DEBUG org.springframework.web.server.adapter.HttpWebHandlerAdapter - [523c5930] HTTP GET "/1/2/3"
12:02:15.649 [reactor-http-nio-6] DEBUG org.springframework.core.codec.CharSequenceEncoder - [523c5930] Writing '{foo=1, bar=2, baz=3}'
12:02:15.649 [Test worker] DEBUG org.springframework.web.client.RestTemplate - Response 200 OK
12:02:15.649 [reactor-http-nio-6] DEBUG org.springframework.web.server.adapter.HttpWebHandlerAdapter - [523c5930] Completed 200 OK
12:02:15.649 [Test worker] DEBUG org.springframework.web.client.RestTemplate - Reading to [java.lang.String] as "text/plain;charset=UTF-8"
12:02:15.649 [Test worker] DEBUG org.springframework.http.server.reactive.bootstrap.ReactorHttpServer - Stopping ReactorHttpServer...
12:02:15.650 [Test worker] DEBUG org.springframework.http.server.reactive.bootstrap.ReactorHttpServer - Server stopped (0 millis).
12:02:15.709 [Test worker] DEBUG org.springframework.web.server.adapter.HttpWebHandlerAdapter - enableLoggingRequestDetails='false': form data and headers will be masked to prevent unsafe logging of potentially sensitive data
12:02:15.709 [Test worker] DEBUG org.springframework.http.server.reactive.bootstrap.ReactorHttpServer - Starting ReactorHttpServer...
12:02:15.710 [Test worker] DEBUG org.springframework.http.server.reactive.bootstrap.ReactorHttpServer - Server started on port 50071(0 millis).
12:02:15.710 [Test worker] DEBUG org.springframework.web.client.RestTemplate - HTTP GET http://localhost:50071/foo/bar
12:02:15.710 [Test worker] DEBUG org.springframework.web.client.RestTemplate - Accept=[text/plain, application/json, application/x-jackson-smile, application/*+json, */*]
12:02:15.711 [reactor-http-nio-2] DEBUG org.springframework.web.server.adapter.HttpWebHandlerAdapter - [7447c412] HTTP GET "/foo/bar"
12:02:15.711 [reactor-http-nio-2] DEBUG org.springframework.core.codec.CharSequenceEncoder - [7447c412] Writing 'bar'
12:02:15.711 [reactor-http-nio-2] DEBUG org.springframework.web.server.adapter.HttpWebHandlerAdapter - [7447c412] Completed 200 OK
12:02:15.711 [Test worker] DEBUG org.springframework.web.client.RestTemplate - Response 200 OK
12:02:15.711 [Test worker] DEBUG org.springframework.web.client.RestTemplate - Reading to [java.lang.String] as "text/plain;charset=UTF-8"
12:02:15.712 [Test worker] DEBUG org.springframework.http.server.reactive.bootstrap.ReactorHttpServer - Stopping ReactorHttpServer...
12:02:15.712 [Test worker] DEBUG org.springframework.http.server.reactive.bootstrap.ReactorHttpServer - Server stopped (0 millis).
12:02:15.769 [Test worker] DEBUG org.springframework.web.server.adapter.HttpWebHandlerAdapter - enableLoggingRequestDetails='false': form data and headers will be masked to prevent unsafe logging of potentially sensitive data
12:02:15.769 [Test worker] DEBUG org.springframework.http.server.reactive.bootstrap.ReactorHttpServer - Starting ReactorHttpServer...
12:02:15.770 [Test worker] DEBUG org.springframework.http.server.reactive.bootstrap.ReactorHttpServer - Server started on port 50073(0 millis).
12:02:15.770 [Test worker] DEBUG org.springframework.web.client.RestTemplate - HTTP GET http://localhost:50073/foo/baz
12:02:15.770 [Test worker] DEBUG org.springframework.web.client.RestTemplate - Accept=[text/plain, application/json, application/x-jackson-smile, application/*+json, */*]
12:02:15.771 [reactor-http-nio-4] DEBUG org.springframework.web.server.adapter.HttpWebHandlerAdapter - [41603fe4] HTTP GET "/foo/baz"
12:02:15.771 [reactor-http-nio-4] DEBUG org.springframework.core.codec.CharSequenceEncoder - [41603fe4] Writing 'baz'
12:02:15.772 [Test worker] DEBUG org.springframework.web.client.RestTemplate - Response 200 OK
12:02:15.772 [reactor-http-nio-4] DEBUG org.springframework.web.server.adapter.HttpWebHandlerAdapter - [41603fe4] Completed 200 OK
12:02:15.772 [Test worker] DEBUG org.springframework.web.client.RestTemplate - Reading to [java.lang.String] as "text/plain;charset=UTF-8"
12:02:15.772 [Test worker] DEBUG org.springframework.http.server.reactive.bootstrap.ReactorHttpServer - Stopping ReactorHttpServer...
12:02:15.772 [Test worker] DEBUG org.springframework.http.server.reactive.bootstrap.ReactorHttpServer - Server stopped (0 millis).
12:02:15.831 [Test worker] DEBUG org.springframework.web.server.adapter.HttpWebHandlerAdapter - enableLoggingRequestDetails='false': form data and headers will be masked to prevent unsafe logging of potentially sensitive data
12:02:15.831 [Test worker] DEBUG org.springframework.http.server.reactive.bootstrap.ReactorHttpServer - Starting ReactorHttpServer...
12:02:15.832 [Test worker] DEBUG org.springframework.http.server.reactive.bootstrap.ReactorHttpServer - Server started on port 50075(0 millis).
12:02:15.832 [Test worker] DEBUG org.springframework.web.client.RestTemplate - HTTP GET http://localhost:50075/1/bar
12:02:15.832 [Test worker] DEBUG org.springframework.web.client.RestTemplate - Accept=[text/plain, application/json, application/x-jackson-smile, application/*+json, */*]
12:02:15.833 [reactor-http-nio-6] DEBUG org.springframework.web.server.adapter.HttpWebHandlerAdapter - [5e2e94c1] HTTP GET "/1/bar"
12:02:15.833 [reactor-http-nio-6] DEBUG org.springframework.core.codec.CharSequenceEncoder - [5e2e94c1] Writing '{foo=1}'
12:02:15.833 [Test worker] DEBUG org.springframework.web.client.RestTemplate - Response 200 OK
12:02:15.833 [reactor-http-nio-6] DEBUG org.springframework.web.server.adapter.HttpWebHandlerAdapter - [5e2e94c1] Completed 200 OK
12:02:15.833 [Test worker] DEBUG org.springframework.web.client.RestTemplate - Reading to [java.lang.String] as "text/plain;charset=UTF-8"
12:02:15.834 [Test worker] DEBUG org.springframework.http.server.reactive.bootstrap.ReactorHttpServer - Stopping ReactorHttpServer...
12:02:15.834 [Test worker] DEBUG org.springframework.http.server.reactive.bootstrap.ReactorHttpServer - Server stopped (0 millis).
12:02:15.892 [Test worker] DEBUG org.springframework.web.server.adapter.HttpWebHandlerAdapter - enableLoggingRequestDetails='false': form data and headers will be masked to prevent unsafe logging of potentially sensitive data
12:02:15.893 [Test worker] DEBUG org.springframework.http.server.reactive.bootstrap.TomcatHttpServer - Starting TomcatHttpServer...
12:02:15.901 [Test worker] DEBUG org.springframework.http.server.reactive.bootstrap.TomcatHttpServer - Server started on port 50077(0 millis).
12:02:15.901 [Test worker] DEBUG org.springframework.web.client.RestTemplate - HTTP GET http://localhost:50077/qux/quux
12:02:15.901 [Test worker] DEBUG org.springframework.web.client.RestTemplate - Accept=[text/plain, application/json, application/x-jackson-smile, application/*+json, */*]
12:02:15.903 [http-nio-auto-11-exec-2] DEBUG org.springframework.web.server.adapter.HttpWebHandlerAdapter - [39f7ee2] HTTP GET "/qux/quux"
12:02:15.903 [http-nio-auto-11-exec-2] DEBUG org.springframework.core.codec.CharSequenceEncoder - [39f7ee2] Writing '{qux=qux}'
12:02:15.904 [http-nio-auto-11-exec-2] DEBUG org.springframework.web.server.adapter.HttpWebHandlerAdapter - [39f7ee2] Completed 200 OK
12:02:15.904 [Test worker] DEBUG org.springframework.web.client.RestTemplate - Response 200 OK
12:02:15.904 [Test worker] DEBUG org.springframework.web.client.RestTemplate - Reading to [java.lang.String] as "text/plain;charset=UTF-8"
12:02:15.905 [Test worker] DEBUG org.springframework.http.server.reactive.bootstrap.TomcatHttpServer - Stopping TomcatHttpServer...
12:02:15.959 [Test worker] DEBUG org.springframework.http.server.reactive.bootstrap.TomcatHttpServer - Server stopped (0 millis).
12:02:16.017 [Test worker] DEBUG org.springframework.web.server.adapter.HttpWebHandlerAdapter - enableLoggingRequestDetails='false': form data and headers will be masked to prevent unsafe logging of potentially sensitive data
12:02:16.018 [Test worker] DEBUG org.springframework.http.server.reactive.bootstrap.TomcatHttpServer - Starting TomcatHttpServer...
12:02:16.026 [Test worker] DEBUG org.springframework.http.server.reactive.bootstrap.TomcatHttpServer - Server started on port 50086(0 millis).
12:02:16.026 [Test worker] DEBUG org.springframework.web.client.RestTemplate - HTTP GET http://localhost:50086/1/2/3
12:02:16.026 [Test worker] DEBUG org.springframework.web.client.RestTemplate - Accept=[text/plain, application/json, application/x-jackson-smile, application/*+json, */*]
12:02:16.028 [http-nio-auto-12-exec-1] DEBUG org.springframework.web.server.adapter.HttpWebHandlerAdapter - [2028db90] HTTP GET "/1/2/3"
12:02:16.029 [http-nio-auto-12-exec-1] DEBUG org.springframework.core.codec.CharSequenceEncoder - [2028db90] Writing '{foo=1, bar=2, baz=3}'
12:02:16.029 [http-nio-auto-12-exec-1] DEBUG org.springframework.web.server.adapter.HttpWebHandlerAdapter - [2028db90] Completed 200 OK
12:02:16.029 [Test worker] DEBUG org.springframework.web.client.RestTemplate - Response 200 OK
12:02:16.029 [Test worker] DEBUG org.springframework.web.client.RestTemplate - Reading to [java.lang.String] as "text/plain;charset=UTF-8"
12:02:16.029 [Test worker] DEBUG org.springframework.http.server.reactive.bootstrap.TomcatHttpServer - Stopping TomcatHttpServer...
12:02:16.136 [Test worker] DEBUG org.springframework.http.server.reactive.bootstrap.TomcatHttpServer - Server stopped (0 millis).
12:02:16.198 [Test worker] DEBUG org.springframework.web.server.adapter.HttpWebHandlerAdapter - enableLoggingRequestDetails='false': form data and headers will be masked to prevent unsafe logging of potentially sensitive data
12:02:16.198 [Test worker] DEBUG org.springframework.http.server.reactive.bootstrap.TomcatHttpServer - Starting TomcatHttpServer...
12:02:16.208 [Test worker] DEBUG org.springframework.http.server.reactive.bootstrap.TomcatHttpServer - Server started on port 50096(0 millis).
12:02:16.208 [Test worker] DEBUG org.springframework.web.client.RestTemplate - HTTP GET http://localhost:50096/foo/bar
12:02:16.208 [Test worker] DEBUG org.springframework.web.client.RestTemplate - Accept=[text/plain, application/json, application/x-jackson-smile, application/*+json, */*]
12:02:16.210 [http-nio-auto-13-exec-1] DEBUG org.springframework.web.server.adapter.HttpWebHandlerAdapter - [39af7001] HTTP GET "/foo/bar"
12:02:16.210 [http-nio-auto-13-exec-1] DEBUG org.springframework.core.codec.CharSequenceEncoder - [39af7001] Writing 'bar'
12:02:16.210 [http-nio-auto-13-exec-1] DEBUG org.springframework.web.server.adapter.HttpWebHandlerAdapter - [39af7001] Completed 200 OK
12:02:16.211 [Test worker] DEBUG org.springframework.web.client.RestTemplate - Response 200 OK
12:02:16.211 [Test worker] DEBUG org.springframework.web.client.RestTemplate - Reading to [java.lang.String] as "text/plain;charset=UTF-8"
12:02:16.211 [Test worker] DEBUG org.springframework.http.server.reactive.bootstrap.TomcatHttpServer - Stopping TomcatHttpServer...
12:02:16.265 [Test worker] DEBUG org.springframework.http.server.reactive.bootstrap.TomcatHttpServer - Server stopped (0 millis).
12:02:16.324 [Test worker] DEBUG org.springframework.web.server.adapter.HttpWebHandlerAdapter - enableLoggingRequestDetails='false': form data and headers will be masked to prevent unsafe logging of potentially sensitive data
12:02:16.325 [Test worker] DEBUG org.springframework.http.server.reactive.bootstrap.TomcatHttpServer - Starting TomcatHttpServer...
12:02:16.333 [Test worker] DEBUG org.springframework.http.server.reactive.bootstrap.TomcatHttpServer - Server started on port 50105(0 millis).
12:02:16.333 [Test worker] DEBUG org.springframework.web.client.RestTemplate - HTTP GET http://localhost:50105/foo/baz
12:02:16.333 [Test worker] DEBUG org.springframework.web.client.RestTemplate - Accept=[text/plain, application/json, application/x-jackson-smile, application/*+json, */*]
12:02:16.335 [http-nio-auto-14-exec-1] DEBUG org.springframework.web.server.adapter.HttpWebHandlerAdapter - [767e78e3] HTTP GET "/foo/baz"
12:02:16.336 [http-nio-auto-14-exec-1] DEBUG org.springframework.core.codec.CharSequenceEncoder - [767e78e3] Writing 'baz'
12:02:16.336 [http-nio-auto-14-exec-1] DEBUG org.springframework.web.server.adapter.HttpWebHandlerAdapter - [767e78e3] Completed 200 OK
12:02:16.336 [Test worker] DEBUG org.springframework.web.client.RestTemplate - Response 200 OK
12:02:16.336 [Test worker] DEBUG org.springframework.web.client.RestTemplate - Reading to [java.lang.String] as "text/plain;charset=UTF-8"
12:02:16.336 [Test worker] DEBUG org.springframework.http.server.reactive.bootstrap.TomcatHttpServer - Stopping TomcatHttpServer...
12:02:16.390 [Test worker] DEBUG org.springframework.http.server.reactive.bootstrap.TomcatHttpServer - Server stopped (0 millis).
12:02:16.450 [Test worker] DEBUG org.springframework.web.server.adapter.HttpWebHandlerAdapter - enableLoggingRequestDetails='false': form data and headers will be masked to prevent unsafe logging of potentially sensitive data
12:02:16.451 [Test worker] DEBUG org.springframework.http.server.reactive.bootstrap.TomcatHttpServer - Starting TomcatHttpServer...
12:02:16.459 [Test worker] DEBUG org.springframework.http.server.reactive.bootstrap.TomcatHttpServer - Server started on port 50114(0 millis).
12:02:16.459 [Test worker] DEBUG org.springframework.web.client.RestTemplate - HTTP GET http://localhost:50114/1/bar
12:02:16.459 [Test worker] DEBUG org.springframework.web.client.RestTemplate - Accept=[text/plain, application/json, application/x-jackson-smile, application/*+json, */*]
12:02:16.461 [http-nio-auto-15-exec-1] DEBUG org.springframework.web.server.adapter.HttpWebHandlerAdapter - [736751df] HTTP GET "/1/bar"
12:02:16.462 [http-nio-auto-15-exec-1] DEBUG org.springframework.core.codec.CharSequenceEncoder - [736751df] Writing '{foo=1}'
12:02:16.462 [http-nio-auto-15-exec-1] DEBUG org.springframework.web.server.adapter.HttpWebHandlerAdapter - [736751df] Completed 200 OK
12:02:16.462 [Test worker] DEBUG org.springframework.web.client.RestTemplate - Response 200 OK
12:02:16.462 [Test worker] DEBUG org.springframework.web.client.RestTemplate - Reading to [java.lang.String] as "text/plain;charset=UTF-8"
12:02:16.462 [Test worker] DEBUG org.springframework.http.server.reactive.bootstrap.TomcatHttpServer - Stopping TomcatHttpServer...
12:02:16.516 [Test worker] DEBUG org.springframework.http.server.reactive.bootstrap.TomcatHttpServer - Server stopped (0 millis).
12:02:16.576 [Test worker] DEBUG org.springframework.web.server.adapter.HttpWebHandlerAdapter - enableLoggingRequestDetails='false': form data and headers will be masked to prevent unsafe logging of potentially sensitive data
12:02:16.576 [Test worker] DEBUG org.springframework.http.server.reactive.bootstrap.UndertowHttpServer - Starting UndertowHttpServer...
12:02:16.580 [Test worker] DEBUG org.springframework.http.server.reactive.bootstrap.UndertowHttpServer - Server started on port 50137(0 millis).
12:02:16.581 [Test worker] DEBUG org.springframework.web.client.RestTemplate - HTTP GET http://localhost:50137/qux/quux
12:02:16.581 [Test worker] DEBUG org.springframework.web.client.RestTemplate - Accept=[text/plain, application/json, application/x-jackson-smile, application/*+json, */*]
12:02:16.582 [XNIO-11 I/O-6] DEBUG org.springframework.web.server.adapter.HttpWebHandlerAdapter - [395cb746] HTTP GET "/qux/quux"
12:02:16.582 [XNIO-11 I/O-6] DEBUG org.springframework.core.codec.CharSequenceEncoder - [395cb746] Writing '{qux=qux}'
12:02:16.582 [XNIO-11 I/O-6] DEBUG org.springframework.web.server.adapter.HttpWebHandlerAdapter - [395cb746] Completed 200 OK
12:02:16.582 [Test worker] DEBUG org.springframework.web.client.RestTemplate - Response 200 OK
12:02:16.582 [Test worker] DEBUG org.springframework.web.client.RestTemplate - Reading to [java.lang.String] as "text/plain;charset=UTF-8"
12:02:16.582 [Test worker] DEBUG org.springframework.http.server.reactive.bootstrap.UndertowHttpServer - Stopping UndertowHttpServer...
12:02:16.583 [Test worker] DEBUG org.springframework.http.server.reactive.bootstrap.UndertowHttpServer - Server stopped (0 millis).
12:02:16.643 [Test worker] DEBUG org.springframework.web.server.adapter.HttpWebHandlerAdapter - enableLoggingRequestDetails='false': form data and headers will be masked to prevent unsafe logging of potentially sensitive data
12:02:16.643 [Test worker] DEBUG org.springframework.http.server.reactive.bootstrap.UndertowHttpServer - Starting UndertowHttpServer...
12:02:16.647 [Test worker] DEBUG org.springframework.http.server.reactive.bootstrap.UndertowHttpServer - Server started on port 50153(0 millis).
12:02:16.647 [Test worker] DEBUG org.springframework.web.client.RestTemplate - HTTP GET http://localhost:50153/1/2/3
12:02:16.647 [Test worker] DEBUG org.springframework.web.client.RestTemplate - Accept=[text/plain, application/json, application/x-jackson-smile, application/*+json, */*]
12:02:16.648 [XNIO-12 I/O-6] DEBUG org.springframework.web.server.adapter.HttpWebHandlerAdapter - [4dcb7c9a] HTTP GET "/1/2/3"
12:02:16.648 [XNIO-12 I/O-6] DEBUG org.springframework.core.codec.CharSequenceEncoder - [4dcb7c9a] Writing '{foo=1, bar=2, baz=3}'
12:02:16.649 [XNIO-12 I/O-6] DEBUG org.springframework.web.server.adapter.HttpWebHandlerAdapter - [4dcb7c9a] Completed 200 OK
12:02:16.649 [Test worker] DEBUG org.springframework.web.client.RestTemplate - Response 200 OK
12:02:16.649 [Test worker] DEBUG org.springframework.web.client.RestTemplate - Reading to [java.lang.String] as "text/plain;charset=UTF-8"
12:02:16.649 [Test worker] DEBUG org.springframework.http.server.reactive.bootstrap.UndertowHttpServer - Stopping UndertowHttpServer...
12:02:16.650 [Test worker] DEBUG org.springframework.http.server.reactive.bootstrap.UndertowHttpServer - Server stopped (0 millis).
12:02:16.709 [Test worker] DEBUG org.springframework.web.server.adapter.HttpWebHandlerAdapter - enableLoggingRequestDetails='false': form data and headers will be masked to prevent unsafe logging of potentially sensitive data
12:02:16.709 [Test worker] DEBUG org.springframework.http.server.reactive.bootstrap.UndertowHttpServer - Starting UndertowHttpServer...
12:02:16.714 [Test worker] DEBUG org.springframework.http.server.reactive.bootstrap.UndertowHttpServer - Server started on port 50169(0 millis).
12:02:16.714 [Test worker] DEBUG org.springframework.web.client.RestTemplate - HTTP GET http://localhost:50169/foo/bar
12:02:16.714 [Test worker] DEBUG org.springframework.web.client.RestTemplate - Accept=[text/plain, application/json, application/x-jackson-smile, application/*+json, */*]
12:02:16.715 [XNIO-13 I/O-6] DEBUG org.springframework.web.server.adapter.HttpWebHandlerAdapter - [af20db] HTTP GET "/foo/bar"
12:02:16.715 [XNIO-13 I/O-6] DEBUG org.springframework.core.codec.CharSequenceEncoder - [af20db] Writing 'bar'
12:02:16.715 [XNIO-13 I/O-6] DEBUG org.springframework.web.server.adapter.HttpWebHandlerAdapter - [af20db] Completed 200 OK
12:02:16.715 [Test worker] DEBUG org.springframework.web.client.RestTemplate - Response 200 OK
12:02:16.716 [Test worker] DEBUG org.springframework.web.client.RestTemplate - Reading to [java.lang.String] as "text/plain;charset=UTF-8"
12:02:16.716 [Test worker] DEBUG org.springframework.http.server.reactive.bootstrap.UndertowHttpServer - Stopping UndertowHttpServer...
12:02:16.716 [Test worker] DEBUG org.springframework.http.server.reactive.bootstrap.UndertowHttpServer - Server stopped (0 millis).
12:02:16.774 [Test worker] DEBUG org.springframework.web.server.adapter.HttpWebHandlerAdapter - enableLoggingRequestDetails='false': form data and headers will be masked to prevent unsafe logging of potentially sensitive data
12:02:16.774 [Test worker] DEBUG org.springframework.http.server.reactive.bootstrap.UndertowHttpServer - Starting UndertowHttpServer...
12:02:16.778 [Test worker] DEBUG org.springframework.http.server.reactive.bootstrap.UndertowHttpServer - Server started on port 50185(0 millis).
12:02:16.778 [Test worker] DEBUG org.springframework.web.client.RestTemplate - HTTP GET http://localhost:50185/foo/baz
12:02:16.778 [Test worker] DEBUG org.springframework.web.client.RestTemplate - Accept=[text/plain, application/json, application/x-jackson-smile, application/*+json, */*]
12:02:16.779 [XNIO-14 I/O-6] DEBUG org.springframework.web.server.adapter.HttpWebHandlerAdapter - [3ea15110] HTTP GET "/foo/baz"
12:02:16.779 [XNIO-14 I/O-6] DEBUG org.springframework.core.codec.CharSequenceEncoder - [3ea15110] Writing 'baz'
12:02:16.780 [XNIO-14 I/O-6] DEBUG org.springframework.web.server.adapter.HttpWebHandlerAdapter - [3ea15110] Completed 200 OK
12:02:16.780 [Test worker] DEBUG org.springframework.web.client.RestTemplate - Response 200 OK
12:02:16.780 [Test worker] DEBUG org.springframework.web.client.RestTemplate - Reading to [java.lang.String] as "text/plain;charset=UTF-8"
12:02:16.780 [Test worker] DEBUG org.springframework.http.server.reactive.bootstrap.UndertowHttpServer - Stopping UndertowHttpServer...
12:02:16.781 [Test worker] DEBUG org.springframework.http.server.reactive.bootstrap.UndertowHttpServer - Server stopped (0 millis).
12:02:16.840 [Test worker] DEBUG org.springframework.web.server.adapter.HttpWebHandlerAdapter - enableLoggingRequestDetails='false': form data and headers will be masked to prevent unsafe logging of potentially sensitive data
12:02:16.840 [Test worker] DEBUG org.springframework.http.server.reactive.bootstrap.UndertowHttpServer - Starting UndertowHttpServer...
12:02:16.844 [Test worker] DEBUG org.springframework.http.server.reactive.bootstrap.UndertowHttpServer - Server started on port 50201(0 millis).
12:02:16.844 [Test worker] DEBUG org.springframework.web.client.RestTemplate - HTTP GET http://localhost:50201/1/bar
12:02:16.844 [Test worker] DEBUG org.springframework.web.client.RestTemplate - Accept=[text/plain, application/json, application/x-jackson-smile, application/*+json, */*]
12:02:16.845 [XNIO-15 I/O-6] DEBUG org.springframework.web.server.adapter.HttpWebHandlerAdapter - [44aa8590] HTTP GET "/1/bar"
12:02:16.845 [XNIO-15 I/O-6] DEBUG org.springframework.core.codec.CharSequenceEncoder - [44aa8590] Writing '{foo=1}'
12:02:16.846 [XNIO-15 I/O-6] DEBUG org.springframework.web.server.adapter.HttpWebHandlerAdapter - [44aa8590] Completed 200 OK
12:02:16.846 [Test worker] DEBUG org.springframework.web.client.RestTemplate - Response 200 OK
12:02:16.846 [Test worker] DEBUG org.springframework.web.client.RestTemplate - Reading to [java.lang.String] as "text/plain;charset=UTF-8"
12:02:16.846 [Test worker] DEBUG org.springframework.http.server.reactive.bootstrap.UndertowHttpServer - Stopping UndertowHttpServer...
12:02:16.847 [Test worker] DEBUG org.springframework.http.server.reactive.bootstrap.UndertowHttpServer - Server stopped (0 millis).
]]></system-out>
  <system-err><![CDATA[八月 26, 2020 12:02:15 下午 org.apache.catalina.core.StandardService startInternal
信息: Starting service [Tomcat]
八月 26, 2020 12:02:15 下午 org.apache.catalina.core.StandardEngine startInternal
信息: Starting Servlet Engine: Apache Tomcat/9.0.11
八月 26, 2020 12:02:15 下午 org.apache.coyote.AbstractProtocol init
信息: Initializing ProtocolHandler ["http-nio-auto-11"]
八月 26, 2020 12:02:15 下午 org.apache.tomcat.util.net.NioSelectorPool getSharedSelector
信息: Using a shared selector for servlet write/read
八月 26, 2020 12:02:15 下午 org.apache.coyote.AbstractProtocol start
信息: Starting ProtocolHandler ["http-nio-auto-11-50077"]
八月 26, 2020 12:02:15 下午 org.apache.coyote.AbstractProtocol pause
信息: Pausing ProtocolHandler ["http-nio-auto-11-50077"]
八月 26, 2020 12:02:15 下午 org.apache.catalina.core.StandardService stopInternal
信息: Stopping service [Tomcat]
八月 26, 2020 12:02:15 下午 org.apache.coyote.AbstractProtocol stop
信息: Stopping ProtocolHandler ["http-nio-auto-11-50077"]
八月 26, 2020 12:02:15 下午 org.apache.coyote.AbstractProtocol destroy
信息: Destroying ProtocolHandler ["http-nio-auto-11-50077"]
八月 26, 2020 12:02:16 下午 org.apache.catalina.core.StandardService startInternal
信息: Starting service [Tomcat]
八月 26, 2020 12:02:16 下午 org.apache.catalina.core.StandardEngine startInternal
信息: Starting Servlet Engine: Apache Tomcat/9.0.11
八月 26, 2020 12:02:16 下午 org.apache.coyote.AbstractProtocol init
信息: Initializing ProtocolHandler ["http-nio-auto-12"]
八月 26, 2020 12:02:16 下午 org.apache.tomcat.util.net.NioSelectorPool getSharedSelector
信息: Using a shared selector for servlet write/read
八月 26, 2020 12:02:16 下午 org.apache.coyote.AbstractProtocol start
信息: Starting ProtocolHandler ["http-nio-auto-12-50086"]
八月 26, 2020 12:02:16 下午 org.apache.coyote.AbstractProtocol pause
信息: Pausing ProtocolHandler ["http-nio-auto-12-50086"]
八月 26, 2020 12:02:16 下午 org.apache.catalina.core.StandardService stopInternal
信息: Stopping service [Tomcat]
八月 26, 2020 12:02:16 下午 org.apache.coyote.AbstractProtocol stop
信息: Stopping ProtocolHandler ["http-nio-auto-12-50086"]
八月 26, 2020 12:02:16 下午 org.apache.coyote.AbstractProtocol destroy
信息: Destroying ProtocolHandler ["http-nio-auto-12-50086"]
八月 26, 2020 12:02:16 下午 org.apache.catalina.core.StandardService startInternal
信息: Starting service [Tomcat]
八月 26, 2020 12:02:16 下午 org.apache.catalina.core.StandardEngine startInternal
信息: Starting Servlet Engine: Apache Tomcat/9.0.11
八月 26, 2020 12:02:16 下午 org.apache.coyote.AbstractProtocol init
信息: Initializing ProtocolHandler ["http-nio-auto-13"]
八月 26, 2020 12:02:16 下午 org.apache.tomcat.util.net.NioSelectorPool getSharedSelector
信息: Using a shared selector for servlet write/read
八月 26, 2020 12:02:16 下午 org.apache.coyote.AbstractProtocol start
信息: Starting ProtocolHandler ["http-nio-auto-13-50096"]
八月 26, 2020 12:02:16 下午 org.apache.coyote.AbstractProtocol pause
信息: Pausing ProtocolHandler ["http-nio-auto-13-50096"]
八月 26, 2020 12:02:16 下午 org.apache.catalina.core.StandardService stopInternal
信息: Stopping service [Tomcat]
八月 26, 2020 12:02:16 下午 org.apache.coyote.AbstractProtocol stop
信息: Stopping ProtocolHandler ["http-nio-auto-13-50096"]
八月 26, 2020 12:02:16 下午 org.apache.coyote.AbstractProtocol destroy
信息: Destroying ProtocolHandler ["http-nio-auto-13-50096"]
八月 26, 2020 12:02:16 下午 org.apache.catalina.core.StandardService startInternal
信息: Starting service [Tomcat]
八月 26, 2020 12:02:16 下午 org.apache.catalina.core.StandardEngine startInternal
信息: Starting Servlet Engine: Apache Tomcat/9.0.11
八月 26, 2020 12:02:16 下午 org.apache.coyote.AbstractProtocol init
信息: Initializing ProtocolHandler ["http-nio-auto-14"]
八月 26, 2020 12:02:16 下午 org.apache.tomcat.util.net.NioSelectorPool getSharedSelector
信息: Using a shared selector for servlet write/read
八月 26, 2020 12:02:16 下午 org.apache.coyote.AbstractProtocol start
信息: Starting ProtocolHandler ["http-nio-auto-14-50105"]
八月 26, 2020 12:02:16 下午 org.apache.coyote.AbstractProtocol pause
信息: Pausing ProtocolHandler ["http-nio-auto-14-50105"]
八月 26, 2020 12:02:16 下午 org.apache.catalina.core.StandardService stopInternal
信息: Stopping service [Tomcat]
八月 26, 2020 12:02:16 下午 org.apache.coyote.AbstractProtocol stop
信息: Stopping ProtocolHandler ["http-nio-auto-14-50105"]
八月 26, 2020 12:02:16 下午 org.apache.coyote.AbstractProtocol destroy
信息: Destroying ProtocolHandler ["http-nio-auto-14-50105"]
八月 26, 2020 12:02:16 下午 org.apache.catalina.core.StandardService startInternal
信息: Starting service [Tomcat]
八月 26, 2020 12:02:16 下午 org.apache.catalina.core.StandardEngine startInternal
信息: Starting Servlet Engine: Apache Tomcat/9.0.11
八月 26, 2020 12:02:16 下午 org.apache.coyote.AbstractProtocol init
信息: Initializing ProtocolHandler ["http-nio-auto-15"]
八月 26, 2020 12:02:16 下午 org.apache.tomcat.util.net.NioSelectorPool getSharedSelector
信息: Using a shared selector for servlet write/read
八月 26, 2020 12:02:16 下午 org.apache.coyote.AbstractProtocol start
信息: Starting ProtocolHandler ["http-nio-auto-15-50114"]
八月 26, 2020 12:02:16 下午 org.apache.coyote.AbstractProtocol pause
信息: Pausing ProtocolHandler ["http-nio-auto-15-50114"]
八月 26, 2020 12:02:16 下午 org.apache.catalina.core.StandardService stopInternal
信息: Stopping service [Tomcat]
八月 26, 2020 12:02:16 下午 org.apache.coyote.AbstractProtocol stop
信息: Stopping ProtocolHandler ["http-nio-auto-15-50114"]
八月 26, 2020 12:02:16 下午 org.apache.coyote.AbstractProtocol destroy
信息: Destroying ProtocolHandler ["http-nio-auto-15-50114"]
]]></system-err>
</testsuite>
