<?xml version="1.0" encoding="UTF-8"?>
<testsuite name="org.springframework.web.reactive.resource.CssLinkResourceTransformerTests" tests="5" skipped="0" failures="0" errors="0" timestamp="2020-08-26T04:02:23" hostname="PC-20191023THJJ" time="0.028">
  <properties/>
  <testcase name="transformSkippedForNonCssResource" classname="org.springframework.web.reactive.resource.CssLinkResourceTransformerTests" time="0.002"/>
  <testcase name="transformSkippedForGzippedResource" classname="org.springframework.web.reactive.resource.CssLinkResourceTransformerTests" time="0.002"/>
  <testcase name="transformNoLinks" classname="org.springframework.web.reactive.resource.CssLinkResourceTransformerTests" time="0.002"/>
  <testcase name="transformExtLinksNotAllowed" classname="org.springframework.web.reactive.resource.CssLinkResourceTransformerTests" time="0.012"/>
  <testcase name="transform" classname="org.springframework.web.reactive.resource.CssLinkResourceTransformerTests" time="0.01"/>
  <system-out><![CDATA[]]></system-out>
  <system-err><![CDATA[]]></system-err>
</testsuite>
