<?xml version="1.0" encoding="UTF-8"?>
<testsuite name="org.springframework.web.reactive.result.condition.RequestMappingInfoTests" tests="12" skipped="1" failures="0" errors="0" timestamp="2020-08-26T04:02:24" hostname="PC-20191023THJJ" time="0.009">
  <properties/>
  <testcase name="preFlightRequest" classname="org.springframework.web.reactive.result.condition.RequestMappingInfoTests" time="0.0">
    <skipped/>
  </testcase>
  <testcase name="throwWhenInvalidPattern" classname="org.springframework.web.reactive.result.condition.RequestMappingInfoTests" time="0.004"/>
  <testcase name="matchParamsCondition" classname="org.springframework.web.reactive.result.condition.RequestMappingInfoTests" time="0.001"/>
  <testcase name="matchPatternsCondition" classname="org.springframework.web.reactive.result.condition.RequestMappingInfoTests" time="0.0"/>
  <testcase name="matchCustomCondition" classname="org.springframework.web.reactive.result.condition.RequestMappingInfoTests" time="0.0"/>
  <testcase name="equals" classname="org.springframework.web.reactive.result.condition.RequestMappingInfoTests" time="0.0"/>
  <testcase name="prependPatternWithSlash" classname="org.springframework.web.reactive.result.condition.RequestMappingInfoTests" time="0.0"/>
  <testcase name="createEmpty" classname="org.springframework.web.reactive.result.condition.RequestMappingInfoTests" time="0.0"/>
  <testcase name="matchProducesCondition" classname="org.springframework.web.reactive.result.condition.RequestMappingInfoTests" time="0.001"/>
  <testcase name="matchHeadersCondition" classname="org.springframework.web.reactive.result.condition.RequestMappingInfoTests" time="0.0"/>
  <testcase name="compareTwoHttpMethodsOneParam" classname="org.springframework.web.reactive.result.condition.RequestMappingInfoTests" time="0.0"/>
  <testcase name="matchConsumesCondition" classname="org.springframework.web.reactive.result.condition.RequestMappingInfoTests" time="0.001"/>
  <system-out><![CDATA[]]></system-out>
  <system-err><![CDATA[]]></system-err>
</testsuite>
