<?xml version="1.0" encoding="UTF-8"?>
<testsuite name="org.springframework.web.reactive.resource.CachingResourceResolverTests" tests="9" skipped="0" failures="0" errors="0" timestamp="2020-08-26T04:02:23" hostname="PC-20191023THJJ" time="0.022">
  <properties/>
  <testcase name="resolveResourceMatchingEncoding" classname="org.springframework.web.reactive.resource.CachingResourceResolverTests" time="0.011"/>
  <testcase name="resolveResourceInternal" classname="org.springframework.web.reactive.resource.CachingResourceResolverTests" time="0.001"/>
  <testcase name="resolverUrlPathNoMatch" classname="org.springframework.web.reactive.resource.CachingResourceResolverTests" time="0.001"/>
  <testcase name="resolverUrlPath" classname="org.springframework.web.reactive.resource.CachingResourceResolverTests" time="0.001"/>
  <testcase name="resolverUrlPathFromCache" classname="org.springframework.web.reactive.resource.CachingResourceResolverTests" time="0.0"/>
  <testcase name="resolveResourceInternalNoMatch" classname="org.springframework.web.reactive.resource.CachingResourceResolverTests" time="0.001"/>
  <testcase name="resolveResourceNoAcceptEncoding" classname="org.springframework.web.reactive.resource.CachingResourceResolverTests" time="0.001"/>
  <testcase name="resolveResourceAcceptEncodingInCacheKey" classname="org.springframework.web.reactive.resource.CachingResourceResolverTests" time="0.006"/>
  <testcase name="resolveResourceInternalFromCache" classname="org.springframework.web.reactive.resource.CachingResourceResolverTests" time="0.0"/>
  <system-out><![CDATA[]]></system-out>
  <system-err><![CDATA[]]></system-err>
</testsuite>
