<?xml version="1.0" encoding="UTF-8"?>
<testsuite name="org.springframework.web.reactive.resource.ResourceWebHandlerTests" tests="31" skipped="0" failures="0" errors="0" timestamp="2020-08-26T04:02:24" hostname="PC-20191023THJJ" time="0.106">
  <properties/>
  <testcase name="getResourceNoCache" classname="org.springframework.web.reactive.resource.ResourceWebHandlerTests" time="0.003"/>
  <testcase name="getResourceFromAlternatePath" classname="org.springframework.web.reactive.resource.ResourceWebHandlerTests" time="0.004"/>
  <testcase name="missingResourcePath" classname="org.springframework.web.reactive.resource.ResourceWebHandlerTests" time="0.0"/>
  <testcase name="partialContentMultipleByteRanges" classname="org.springframework.web.reactive.resource.ResourceWebHandlerTests" time="0.006"/>
  <testcase name="testInvalidPath" classname="org.springframework.web.reactive.resource.ResourceWebHandlerTests" time="0.003"/>
  <testcase name="partialContentByteRange" classname="org.springframework.web.reactive.resource.ResourceWebHandlerTests" time="0.002"/>
  <testcase name="getResourceFromSubDirectoryOfAlternatePath" classname="org.springframework.web.reactive.resource.ResourceWebHandlerTests" time="0.003"/>
  <testcase name="getResourceHttpOptions" classname="org.springframework.web.reactive.resource.ResourceWebHandlerTests" time="0.0"/>
  <testcase name="directory" classname="org.springframework.web.reactive.resource.ResourceWebHandlerTests" time="0.003"/>
  <testcase name="modified" classname="org.springframework.web.reactive.resource.ResourceWebHandlerTests" time="0.002"/>
  <testcase name="partialContentByteRangeNoEnd" classname="org.springframework.web.reactive.resource.ResourceWebHandlerTests" time="0.002"/>
  <testcase name="resourceNotFound" classname="org.springframework.web.reactive.resource.ResourceWebHandlerTests" time="0.022"/>
  <testcase name="unsupportedHttpMethod" classname="org.springframework.web.reactive.resource.ResourceWebHandlerTests" time="0.001"/>
  <testcase name="notModified" classname="org.springframework.web.reactive.resource.ResourceWebHandlerTests" time="0.001"/>
  <testcase name="processPath" classname="org.springframework.web.reactive.resource.ResourceWebHandlerTests" time="0.0"/>
  <testcase name="partialContentSuffixRange" classname="org.springframework.web.reactive.resource.ResourceWebHandlerTests" time="0.002"/>
  <testcase name="doOverwriteExistingCacheControlHeaders" classname="org.springframework.web.reactive.resource.ResourceWebHandlerTests" time="0.002"/>
  <testcase name="getResourceWithHtmlMediaType" classname="org.springframework.web.reactive.resource.ResourceWebHandlerTests" time="0.002"/>
  <testcase name="partialContentInvalidRangeHeader" classname="org.springframework.web.reactive.resource.ResourceWebHandlerTests" time="0.002"/>
  <testcase name="directoryInJarFile" classname="org.springframework.web.reactive.resource.ResourceWebHandlerTests" time="0.003"/>
  <testcase name="initAllowedLocationsWithExplicitConfiguration" classname="org.springframework.web.reactive.resource.ResourceWebHandlerTests" time="0.001"/>
  <testcase name="testResolvePathWithTraversal" classname="org.springframework.web.reactive.resource.ResourceWebHandlerTests" time="0.019"/>
  <testcase name="getMediaTypeWithFavorPathExtensionOff" classname="org.springframework.web.reactive.resource.ResourceWebHandlerTests" time="0.002"/>
  <testcase name="partialContentSuffixRangeLargeSuffix" classname="org.springframework.web.reactive.resource.ResourceWebHandlerTests" time="0.003"/>
  <testcase name="noPathWithinHandlerMappingAttribute" classname="org.springframework.web.reactive.resource.ResourceWebHandlerTests" time="0.0"/>
  <testcase name="partialContentByteRangeLargeEnd" classname="org.springframework.web.reactive.resource.ResourceWebHandlerTests" time="0.002"/>
  <testcase name="getResourceFromSubDirectory" classname="org.springframework.web.reactive.resource.ResourceWebHandlerTests" time="0.002"/>
  <testcase name="getVersionedResource" classname="org.springframework.web.reactive.resource.ResourceWebHandlerTests" time="0.008"/>
  <testcase name="initAllowedLocations" classname="org.springframework.web.reactive.resource.ResourceWebHandlerTests" time="0.0"/>
  <testcase name="getResource" classname="org.springframework.web.reactive.resource.ResourceWebHandlerTests" time="0.002"/>
  <testcase name="getResourceHttpHeader" classname="org.springframework.web.reactive.resource.ResourceWebHandlerTests" time="0.002"/>
  <system-out><![CDATA[12:02:24.063 [Test worker] DEBUG org.springframework.core.codec.ResourceEncoder - [6d017f22] Writing [class path resource [org/springframework/web/reactive/resource/test/foo.css]]
12:02:24.067 [Test worker] DEBUG org.springframework.core.codec.ResourceEncoder - [7ce60e3c] Writing [class path resource [org/springframework/web/reactive/resource/testalternatepath/baz.css]]
12:02:24.069 [Test worker] DEBUG org.springframework.web.reactive.resource.ResourceWebHandler - [688c250c] Resource not found
12:02:24.071 [Test worker] DEBUG org.springframework.core.codec.ResourceRegionEncoder - [42c9d750] Writing region 0-2 of [class path resource [org/springframework/web/reactive/resource/test/foo.txt]]
12:02:24.072 [Thread-8] DEBUG org.springframework.core.codec.ResourceRegionEncoder - [42c9d750] Writing region 4-6 of [class path resource [org/springframework/web/reactive/resource/test/foo.txt]]
12:02:24.073 [Thread-5] DEBUG org.springframework.core.codec.ResourceRegionEncoder - [42c9d750] Writing region 8-10 of [class path resource [org/springframework/web/reactive/resource/test/foo.txt]]
12:02:24.075 [Test worker] WARN  org.springframework.web.reactive.resource.ResourceWebHandler - Path contains "../" after call to StringUtils#cleanPath.
12:02:24.076 [Test worker] DEBUG org.springframework.web.reactive.resource.ResourceWebHandler - [411d67c7] Resource not found
12:02:24.076 [Test worker] WARN  org.springframework.web.reactive.resource.ResourceWebHandler - Path contains "../" after call to StringUtils#cleanPath.
12:02:24.076 [Test worker] DEBUG org.springframework.web.reactive.resource.ResourceWebHandler - [2703126e] Resource not found
12:02:24.076 [Test worker] WARN  org.springframework.web.reactive.resource.ResourceWebHandler - Path contains "../" after call to StringUtils#cleanPath.
12:02:24.076 [Test worker] DEBUG org.springframework.web.reactive.resource.ResourceWebHandler - [786d8dd8] Resource not found
12:02:24.076 [Test worker] WARN  org.springframework.web.reactive.resource.ResourceWebHandler - Path represents URL or has "url:" prefix.
12:02:24.076 [Test worker] DEBUG org.springframework.web.reactive.resource.ResourceWebHandler - [5264fe4d] Resource not found
12:02:24.077 [Test worker] WARN  org.springframework.web.reactive.resource.ResourceWebHandler - Path represents URL or has "url:" prefix.
12:02:24.077 [Test worker] DEBUG org.springframework.web.reactive.resource.ResourceWebHandler - [3e162742] Resource not found
12:02:24.077 [Test worker] WARN  org.springframework.web.reactive.resource.ResourceWebHandler - Path represents URL or has "url:" prefix.
12:02:24.077 [Test worker] DEBUG org.springframework.web.reactive.resource.ResourceWebHandler - [139d28c] Resource not found
12:02:24.077 [Test worker] WARN  org.springframework.web.reactive.resource.ResourceWebHandler - Path represents URL or has "url:" prefix.
12:02:24.077 [Test worker] DEBUG org.springframework.web.reactive.resource.ResourceWebHandler - [152e8c3e] Resource not found
12:02:24.077 [Test worker] WARN  org.springframework.web.reactive.resource.ResourceWebHandler - Path contains "../" after call to StringUtils#cleanPath.
12:02:24.077 [Test worker] DEBUG org.springframework.web.reactive.resource.ResourceWebHandler - [60cd9e40] Resource not found
12:02:24.077 [Test worker] WARN  org.springframework.web.reactive.resource.ResourceWebHandler - Path contains "../" after call to StringUtils#cleanPath.
12:02:24.077 [Test worker] DEBUG org.springframework.web.reactive.resource.ResourceWebHandler - [6f6e992c] Resource not found
12:02:24.077 [Test worker] WARN  org.springframework.web.reactive.resource.ResourceWebHandler - Path contains "../" after call to StringUtils#cleanPath.
12:02:24.077 [Test worker] DEBUG org.springframework.web.reactive.resource.ResourceWebHandler - [208c8bff] Resource not found
12:02:24.077 [Test worker] WARN  org.springframework.web.reactive.resource.ResourceWebHandler - Path contains "../" after call to StringUtils#cleanPath.
12:02:24.077 [Test worker] DEBUG org.springframework.web.reactive.resource.ResourceWebHandler - [4122bcac] Resource not found
12:02:24.079 [Test worker] DEBUG org.springframework.core.codec.ResourceRegionEncoder - [4d910556] Writing region 0-2 of [class path resource [org/springframework/web/reactive/resource/test/foo.txt]]
12:02:24.082 [Test worker] DEBUG org.springframework.core.codec.ResourceEncoder - [562d5231] Writing [class path resource [org/springframework/web/reactive/resource/testalternatepath/js/baz.js]]
12:02:24.085 [Test worker] DEBUG org.springframework.web.reactive.resource.ResourceWebHandler - [46a9e15f] Resource not found
12:02:24.087 [Test worker] DEBUG org.springframework.core.codec.ResourceEncoder - [3f5791f8] Writing [class path resource [org/springframework/web/reactive/resource/test/foo.css]]
12:02:24.089 [Test worker] DEBUG org.springframework.core.codec.ResourceRegionEncoder - [7aebd752] Writing region 9-10 of [class path resource [org/springframework/web/reactive/resource/test/foo.txt]]
12:02:24.093 [Test worker] DEBUG org.springframework.web.reactive.resource.ResourceWebHandler - [73c17249] Resource not found
12:02:24.096 [Test worker] DEBUG org.springframework.web.reactive.resource.ResourceWebHandler - [4c4a3fac] Resource not found
12:02:24.099 [Test worker] DEBUG org.springframework.web.reactive.resource.ResourceWebHandler - [68bf2030] Resource not found
12:02:24.101 [Test worker] DEBUG org.springframework.web.reactive.resource.ResourceWebHandler - [10945454] Resource not found
12:02:24.104 [Test worker] DEBUG org.springframework.web.reactive.resource.ResourceWebHandler - [52b8bf36] Resource not found
12:02:24.107 [Test worker] DEBUG org.springframework.web.reactive.resource.ResourceWebHandler - [4f124d92] Resource not found
12:02:24.109 [Test worker] DEBUG org.springframework.web.reactive.resource.ResourceWebHandler - [5ebd4ae0] Resource not found
12:02:24.112 [Test worker] DEBUG org.springframework.web.reactive.resource.ResourceWebHandler - [6cb99397] Resource not found
12:02:24.116 [Test worker] DEBUG org.springframework.core.codec.ResourceRegionEncoder - [72952a35] Writing region 9-10 of [class path resource [org/springframework/web/reactive/resource/test/foo.txt]]
12:02:24.119 [Test worker] DEBUG org.springframework.core.codec.ResourceEncoder - [76c06d17] Writing [class path resource [org/springframework/web/reactive/resource/test/foo.css]]
12:02:24.121 [Test worker] DEBUG org.springframework.core.codec.ResourceEncoder - [7a7f24ad] Writing [class path resource [org/springframework/web/reactive/resource/test/foo.html]]
12:02:24.127 [Test worker] DEBUG org.springframework.web.reactive.resource.ResourceWebHandler - [776dafb2] Resource not found
12:02:24.128 [Test worker] WARN  org.springframework.web.reactive.resource.ResourceWebHandler - Path contains "../" after call to StringUtils#cleanPath.
12:02:24.128 [Test worker] DEBUG org.springframework.web.reactive.resource.ResourceWebHandler - [169da3a] Resource not found
12:02:24.128 [Test worker] WARN  org.springframework.web.reactive.resource.ResourceWebHandler - Path contains "../" after call to StringUtils#cleanPath.
12:02:24.128 [Test worker] DEBUG org.springframework.web.reactive.resource.ResourceWebHandler - [204e407d] Resource not found
12:02:24.129 [Test worker] WARN  org.springframework.web.reactive.resource.ResourceWebHandler - Path contains "../" after call to StringUtils#cleanPath.
12:02:24.129 [Test worker] DEBUG org.springframework.web.reactive.resource.ResourceWebHandler - [249ea4dd] Resource not found
12:02:24.129 [Test worker] WARN  org.springframework.web.reactive.resource.ResourceWebHandler - Path represents URL or has "url:" prefix.
12:02:24.129 [Test worker] DEBUG org.springframework.web.reactive.resource.ResourceWebHandler - [6be9127e] Resource not found
12:02:24.129 [Test worker] WARN  org.springframework.web.reactive.resource.ResourceWebHandler - Path represents URL or has "url:" prefix.
12:02:24.129 [Test worker] DEBUG org.springframework.web.reactive.resource.ResourceWebHandler - [72f1a613] Resource not found
12:02:24.130 [Test worker] WARN  org.springframework.web.reactive.resource.ResourceWebHandler - Path represents URL or has "url:" prefix.
12:02:24.130 [Test worker] DEBUG org.springframework.web.reactive.resource.ResourceWebHandler - [20ee5d98] Resource not found
12:02:24.130 [Test worker] WARN  org.springframework.web.reactive.resource.ResourceWebHandler - Path represents URL or has "url:" prefix.
12:02:24.130 [Test worker] DEBUG org.springframework.web.reactive.resource.ResourceWebHandler - [7187bd14] Resource not found
12:02:24.130 [Test worker] WARN  org.springframework.web.reactive.resource.ResourceWebHandler - Path contains "../" after call to StringUtils#cleanPath.
12:02:24.130 [Test worker] DEBUG org.springframework.web.reactive.resource.ResourceWebHandler - [525e2bb8] Resource not found
12:02:24.130 [Test worker] WARN  org.springframework.web.reactive.resource.ResourceWebHandler - Path contains "../" after call to StringUtils#cleanPath.
12:02:24.130 [Test worker] DEBUG org.springframework.web.reactive.resource.ResourceWebHandler - [2de0cede] Resource not found
12:02:24.130 [Test worker] WARN  org.springframework.web.reactive.resource.ResourceWebHandler - Path contains "../" after call to StringUtils#cleanPath.
12:02:24.130 [Test worker] DEBUG org.springframework.web.reactive.resource.ResourceWebHandler - [7f304467] Resource not found
12:02:24.131 [Test worker] WARN  org.springframework.web.reactive.resource.ResourceWebHandler - Path represents URL or has "url:" prefix.
12:02:24.131 [Test worker] DEBUG org.springframework.web.reactive.resource.ResourceWebHandler - [33133988] Resource not found
12:02:24.131 [Test worker] WARN  org.springframework.web.reactive.resource.ResourceWebHandler - Path contains "../" after call to StringUtils#cleanPath.
12:02:24.131 [Test worker] DEBUG org.springframework.web.reactive.resource.ResourceWebHandler - [1033d7b9] Resource not found
12:02:24.131 [Test worker] WARN  org.springframework.web.reactive.resource.ResourceWebHandler - Path contains "../" after call to StringUtils#cleanPath.
12:02:24.131 [Test worker] DEBUG org.springframework.web.reactive.resource.ResourceWebHandler - [3b0e7d5f] Resource not found
12:02:24.131 [Test worker] WARN  org.springframework.web.reactive.resource.ResourceWebHandler - Path contains "../" after call to StringUtils#cleanPath.
12:02:24.131 [Test worker] DEBUG org.springframework.web.reactive.resource.ResourceWebHandler - [46e00525] Resource not found
12:02:24.132 [Test worker] WARN  org.springframework.web.reactive.resource.ResourceWebHandler - Path represents URL or has "url:" prefix.
12:02:24.132 [Test worker] DEBUG org.springframework.web.reactive.resource.ResourceWebHandler - [6c95ab08] Resource not found
12:02:24.132 [Test worker] WARN  org.springframework.web.reactive.resource.ResourceWebHandler - Path represents URL or has "url:" prefix.
12:02:24.132 [Test worker] DEBUG org.springframework.web.reactive.resource.ResourceWebHandler - [6295273c] Resource not found
12:02:24.132 [Test worker] WARN  org.springframework.web.reactive.resource.ResourceWebHandler - Path represents URL or has "url:" prefix.
12:02:24.132 [Test worker] DEBUG org.springframework.web.reactive.resource.ResourceWebHandler - [2ab94ab4] Resource not found
12:02:24.132 [Test worker] WARN  org.springframework.web.reactive.resource.ResourceWebHandler - Path represents URL or has "url:" prefix.
12:02:24.133 [Test worker] DEBUG org.springframework.web.reactive.resource.ResourceWebHandler - [6c36bbeb] Resource not found
12:02:24.133 [Test worker] WARN  org.springframework.web.reactive.resource.ResourceWebHandler - Path contains "../" after call to StringUtils#cleanPath.
12:02:24.133 [Test worker] DEBUG org.springframework.web.reactive.resource.ResourceWebHandler - [2dba808e] Resource not found
12:02:24.133 [Test worker] WARN  org.springframework.web.reactive.resource.ResourceWebHandler - Path contains "../" after call to StringUtils#cleanPath.
12:02:24.133 [Test worker] DEBUG org.springframework.web.reactive.resource.ResourceWebHandler - [66ddfec2] Resource not found
12:02:24.133 [Test worker] WARN  org.springframework.web.reactive.resource.ResourceWebHandler - Path contains "../" after call to StringUtils#cleanPath.
12:02:24.133 [Test worker] DEBUG org.springframework.web.reactive.resource.ResourceWebHandler - [651f447] Resource not found
12:02:24.133 [Test worker] WARN  org.springframework.web.reactive.resource.ResourceWebHandler - Path represents URL or has "url:" prefix.
12:02:24.133 [Test worker] DEBUG org.springframework.web.reactive.resource.ResourceWebHandler - [5fe1fe85] Resource not found
12:02:24.133 [Test worker] WARN  org.springframework.web.reactive.resource.ResourceWebHandler - Path contains "../" after call to StringUtils#cleanPath.
12:02:24.133 [Test worker] DEBUG org.springframework.web.reactive.resource.ResourceWebHandler - [2626bb07] Resource not found
12:02:24.134 [Test worker] WARN  org.springframework.web.reactive.resource.ResourceWebHandler - Path contains "../" after call to StringUtils#cleanPath.
12:02:24.134 [Test worker] DEBUG org.springframework.web.reactive.resource.ResourceWebHandler - [2f847aef] Resource not found
12:02:24.134 [Test worker] WARN  org.springframework.web.reactive.resource.ResourceWebHandler - Path contains "../" after call to StringUtils#cleanPath.
12:02:24.134 [Test worker] DEBUG org.springframework.web.reactive.resource.ResourceWebHandler - [26fe5094] Resource not found
12:02:24.134 [Test worker] WARN  org.springframework.web.reactive.resource.ResourceWebHandler - Path represents URL or has "url:" prefix.
12:02:24.134 [Test worker] DEBUG org.springframework.web.reactive.resource.ResourceWebHandler - [76bb9718] Resource not found
12:02:24.135 [Test worker] WARN  org.springframework.web.reactive.resource.ResourceWebHandler - Path represents URL or has "url:" prefix.
12:02:24.135 [Test worker] DEBUG org.springframework.web.reactive.resource.ResourceWebHandler - [6556e44b] Resource not found
12:02:24.135 [Test worker] WARN  org.springframework.web.reactive.resource.ResourceWebHandler - Path represents URL or has "url:" prefix.
12:02:24.135 [Test worker] DEBUG org.springframework.web.reactive.resource.ResourceWebHandler - [6989b90c] Resource not found
12:02:24.135 [Test worker] WARN  org.springframework.web.reactive.resource.ResourceWebHandler - Path represents URL or has "url:" prefix.
12:02:24.135 [Test worker] DEBUG org.springframework.web.reactive.resource.ResourceWebHandler - [3d272e59] Resource not found
12:02:24.135 [Test worker] WARN  org.springframework.web.reactive.resource.ResourceWebHandler - Path contains "../" after call to StringUtils#cleanPath.
12:02:24.135 [Test worker] DEBUG org.springframework.web.reactive.resource.ResourceWebHandler - [178e7db2] Resource not found
12:02:24.135 [Test worker] WARN  org.springframework.web.reactive.resource.ResourceWebHandler - Path contains "../" after call to StringUtils#cleanPath.
12:02:24.135 [Test worker] DEBUG org.springframework.web.reactive.resource.ResourceWebHandler - [4528a7b4] Resource not found
12:02:24.135 [Test worker] WARN  org.springframework.web.reactive.resource.ResourceWebHandler - Path contains "../" after call to StringUtils#cleanPath.
12:02:24.135 [Test worker] DEBUG org.springframework.web.reactive.resource.ResourceWebHandler - [61cd37c4] Resource not found
12:02:24.136 [Test worker] WARN  org.springframework.web.reactive.resource.ResourceWebHandler - Path represents URL or has "url:" prefix.
12:02:24.136 [Test worker] DEBUG org.springframework.web.reactive.resource.ResourceWebHandler - [659c9842] Resource not found
12:02:24.136 [Test worker] WARN  org.springframework.web.reactive.resource.ResourceWebHandler - Path contains "../" after call to StringUtils#cleanPath.
12:02:24.136 [Test worker] DEBUG org.springframework.web.reactive.resource.ResourceWebHandler - [11b0aae] Resource not found
12:02:24.136 [Test worker] WARN  org.springframework.web.reactive.resource.ResourceWebHandler - Path contains "../" after call to StringUtils#cleanPath.
12:02:24.136 [Test worker] DEBUG org.springframework.web.reactive.resource.ResourceWebHandler - [10e183e] Resource not found
12:02:24.136 [Test worker] WARN  org.springframework.web.reactive.resource.ResourceWebHandler - Path contains "../" after call to StringUtils#cleanPath.
12:02:24.136 [Test worker] DEBUG org.springframework.web.reactive.resource.ResourceWebHandler - [9f57ccc] Resource not found
12:02:24.137 [Test worker] WARN  org.springframework.web.reactive.resource.ResourceWebHandler - Path represents URL or has "url:" prefix.
12:02:24.137 [Test worker] DEBUG org.springframework.web.reactive.resource.ResourceWebHandler - [8aabb38] Resource not found
12:02:24.137 [Test worker] WARN  org.springframework.web.reactive.resource.ResourceWebHandler - Path represents URL or has "url:" prefix.
12:02:24.137 [Test worker] DEBUG org.springframework.web.reactive.resource.ResourceWebHandler - [513d9ef9] Resource not found
12:02:24.137 [Test worker] WARN  org.springframework.web.reactive.resource.ResourceWebHandler - Path represents URL or has "url:" prefix.
12:02:24.137 [Test worker] DEBUG org.springframework.web.reactive.resource.ResourceWebHandler - [2083b308] Resource not found
12:02:24.137 [Test worker] WARN  org.springframework.web.reactive.resource.ResourceWebHandler - Path represents URL or has "url:" prefix.
12:02:24.137 [Test worker] DEBUG org.springframework.web.reactive.resource.ResourceWebHandler - [2b2b8c8] Resource not found
12:02:24.137 [Test worker] WARN  org.springframework.web.reactive.resource.ResourceWebHandler - Path contains "../" after call to StringUtils#cleanPath.
12:02:24.137 [Test worker] DEBUG org.springframework.web.reactive.resource.ResourceWebHandler - [5f1cb0dd] Resource not found
12:02:24.138 [Test worker] WARN  org.springframework.web.reactive.resource.ResourceWebHandler - Path contains "../" after call to StringUtils#cleanPath.
12:02:24.138 [Test worker] DEBUG org.springframework.web.reactive.resource.ResourceWebHandler - [626b3791] Resource not found
12:02:24.138 [Test worker] WARN  org.springframework.web.reactive.resource.ResourceWebHandler - Path contains "../" after call to StringUtils#cleanPath.
12:02:24.138 [Test worker] DEBUG org.springframework.web.reactive.resource.ResourceWebHandler - [5f4dd327] Resource not found
12:02:24.138 [Test worker] WARN  org.springframework.web.reactive.resource.ResourceWebHandler - Path represents URL or has "url:" prefix.
12:02:24.138 [Test worker] DEBUG org.springframework.web.reactive.resource.ResourceWebHandler - [48ae54fe] Resource not found
12:02:24.138 [Test worker] WARN  org.springframework.web.reactive.resource.ResourceWebHandler - Path contains "../" after call to StringUtils#cleanPath.
12:02:24.138 [Test worker] DEBUG org.springframework.web.reactive.resource.ResourceWebHandler - [720e8f6e] Resource not found
12:02:24.139 [Test worker] WARN  org.springframework.web.reactive.resource.ResourceWebHandler - Path contains "../" after call to StringUtils#cleanPath.
12:02:24.139 [Test worker] DEBUG org.springframework.web.reactive.resource.ResourceWebHandler - [49e2f901] Resource not found
12:02:24.139 [Test worker] WARN  org.springframework.web.reactive.resource.ResourceWebHandler - Path contains "../" after call to StringUtils#cleanPath.
12:02:24.139 [Test worker] DEBUG org.springframework.web.reactive.resource.ResourceWebHandler - [7807dff1] Resource not found
12:02:24.139 [Test worker] WARN  org.springframework.web.reactive.resource.ResourceWebHandler - Path represents URL or has "url:" prefix.
12:02:24.139 [Test worker] DEBUG org.springframework.web.reactive.resource.ResourceWebHandler - [42b46dab] Resource not found
12:02:24.139 [Test worker] WARN  org.springframework.web.reactive.resource.ResourceWebHandler - Path represents URL or has "url:" prefix.
12:02:24.139 [Test worker] DEBUG org.springframework.web.reactive.resource.ResourceWebHandler - [4447ef6c] Resource not found
12:02:24.140 [Test worker] WARN  org.springframework.web.reactive.resource.ResourceWebHandler - Path represents URL or has "url:" prefix.
12:02:24.140 [Test worker] DEBUG org.springframework.web.reactive.resource.ResourceWebHandler - [1ab32c14] Resource not found
12:02:24.140 [Test worker] WARN  org.springframework.web.reactive.resource.ResourceWebHandler - Path represents URL or has "url:" prefix.
12:02:24.140 [Test worker] DEBUG org.springframework.web.reactive.resource.ResourceWebHandler - [5c8d80e4] Resource not found
12:02:24.140 [Test worker] WARN  org.springframework.web.reactive.resource.ResourceWebHandler - Path contains "../" after call to StringUtils#cleanPath.
12:02:24.140 [Test worker] DEBUG org.springframework.web.reactive.resource.ResourceWebHandler - [3db577eb] Resource not found
12:02:24.140 [Test worker] WARN  org.springframework.web.reactive.resource.ResourceWebHandler - Path contains "../" after call to StringUtils#cleanPath.
12:02:24.140 [Test worker] DEBUG org.springframework.web.reactive.resource.ResourceWebHandler - [4672c3be] Resource not found
12:02:24.140 [Test worker] WARN  org.springframework.web.reactive.resource.ResourceWebHandler - Path contains "../" after call to StringUtils#cleanPath.
12:02:24.140 [Test worker] DEBUG org.springframework.web.reactive.resource.ResourceWebHandler - [452284e8] Resource not found
12:02:24.140 [Test worker] WARN  org.springframework.web.reactive.resource.ResourceWebHandler - Path represents URL or has "url:" prefix.
12:02:24.141 [Test worker] DEBUG org.springframework.web.reactive.resource.ResourceWebHandler - [7518a608] Resource not found
12:02:24.141 [Test worker] WARN  org.springframework.web.reactive.resource.ResourceWebHandler - Path contains "../" after call to StringUtils#cleanPath.
12:02:24.141 [Test worker] DEBUG org.springframework.web.reactive.resource.ResourceWebHandler - [63849d6f] Resource not found
12:02:24.141 [Test worker] WARN  org.springframework.web.reactive.resource.ResourceWebHandler - Path contains "../" after call to StringUtils#cleanPath.
12:02:24.141 [Test worker] DEBUG org.springframework.web.reactive.resource.ResourceWebHandler - [33bbcd92] Resource not found
12:02:24.141 [Test worker] WARN  org.springframework.web.reactive.resource.ResourceWebHandler - Path contains "../" after call to StringUtils#cleanPath.
12:02:24.141 [Test worker] DEBUG org.springframework.web.reactive.resource.ResourceWebHandler - [62ef0ac9] Resource not found
12:02:24.142 [Test worker] WARN  org.springframework.web.reactive.resource.ResourceWebHandler - Path represents URL or has "url:" prefix.
12:02:24.142 [Test worker] DEBUG org.springframework.web.reactive.resource.ResourceWebHandler - [52f7c87a] Resource not found
12:02:24.142 [Test worker] WARN  org.springframework.web.reactive.resource.ResourceWebHandler - Path represents URL or has "url:" prefix.
12:02:24.142 [Test worker] DEBUG org.springframework.web.reactive.resource.ResourceWebHandler - [15df48ae] Resource not found
12:02:24.142 [Test worker] WARN  org.springframework.web.reactive.resource.ResourceWebHandler - Path represents URL or has "url:" prefix.
12:02:24.142 [Test worker] DEBUG org.springframework.web.reactive.resource.ResourceWebHandler - [78e5c0da] Resource not found
12:02:24.142 [Test worker] WARN  org.springframework.web.reactive.resource.ResourceWebHandler - Path represents URL or has "url:" prefix.
12:02:24.142 [Test worker] DEBUG org.springframework.web.reactive.resource.ResourceWebHandler - [6246244d] Resource not found
12:02:24.142 [Test worker] WARN  org.springframework.web.reactive.resource.ResourceWebHandler - Path contains "../" after call to StringUtils#cleanPath.
12:02:24.142 [Test worker] DEBUG org.springframework.web.reactive.resource.ResourceWebHandler - [e1e9467] Resource not found
12:02:24.142 [Test worker] WARN  org.springframework.web.reactive.resource.ResourceWebHandler - Path contains "../" after call to StringUtils#cleanPath.
12:02:24.143 [Test worker] DEBUG org.springframework.web.reactive.resource.ResourceWebHandler - [616b3732] Resource not found
12:02:24.143 [Test worker] WARN  org.springframework.web.reactive.resource.ResourceWebHandler - Path contains "../" after call to StringUtils#cleanPath.
12:02:24.143 [Test worker] DEBUG org.springframework.web.reactive.resource.ResourceWebHandler - [375ed8d5] Resource not found
12:02:24.143 [Test worker] WARN  org.springframework.web.reactive.resource.ResourceWebHandler - Path represents URL or has "url:" prefix.
12:02:24.143 [Test worker] DEBUG org.springframework.web.reactive.resource.ResourceWebHandler - [64e9f63f] Resource not found
12:02:24.143 [Test worker] WARN  org.springframework.web.reactive.resource.ResourceWebHandler - Path contains "../" after call to StringUtils#cleanPath.
12:02:24.143 [Test worker] DEBUG org.springframework.web.reactive.resource.ResourceWebHandler - [1eaefb69] Resource not found
12:02:24.143 [Test worker] WARN  org.springframework.web.reactive.resource.ResourceWebHandler - Path contains "../" after call to StringUtils#cleanPath.
12:02:24.143 [Test worker] DEBUG org.springframework.web.reactive.resource.ResourceWebHandler - [26c48d29] Resource not found
12:02:24.144 [Test worker] WARN  org.springframework.web.reactive.resource.ResourceWebHandler - Path contains "../" after call to StringUtils#cleanPath.
12:02:24.144 [Test worker] DEBUG org.springframework.web.reactive.resource.ResourceWebHandler - [679d7154] Resource not found
12:02:24.144 [Test worker] WARN  org.springframework.web.reactive.resource.ResourceWebHandler - Path represents URL or has "url:" prefix.
12:02:24.144 [Test worker] DEBUG org.springframework.web.reactive.resource.ResourceWebHandler - [4c6e2b96] Resource not found
12:02:24.144 [Test worker] WARN  org.springframework.web.reactive.resource.ResourceWebHandler - Path represents URL or has "url:" prefix.
12:02:24.144 [Test worker] DEBUG org.springframework.web.reactive.resource.ResourceWebHandler - [2572f4c1] Resource not found
12:02:24.144 [Test worker] WARN  org.springframework.web.reactive.resource.ResourceWebHandler - Path represents URL or has "url:" prefix.
12:02:24.144 [Test worker] DEBUG org.springframework.web.reactive.resource.ResourceWebHandler - [275d8883] Resource not found
12:02:24.144 [Test worker] WARN  org.springframework.web.reactive.resource.ResourceWebHandler - Path represents URL or has "url:" prefix.
12:02:24.145 [Test worker] DEBUG org.springframework.web.reactive.resource.ResourceWebHandler - [2bc64aed] Resource not found
12:02:24.145 [Test worker] WARN  org.springframework.web.reactive.resource.ResourceWebHandler - Path contains "../" after call to StringUtils#cleanPath.
12:02:24.145 [Test worker] DEBUG org.springframework.web.reactive.resource.ResourceWebHandler - [1649f698] Resource not found
12:02:24.145 [Test worker] WARN  org.springframework.web.reactive.resource.ResourceWebHandler - Path contains "../" after call to StringUtils#cleanPath.
12:02:24.145 [Test worker] DEBUG org.springframework.web.reactive.resource.ResourceWebHandler - [24afdc6c] Resource not found
12:02:24.145 [Test worker] WARN  org.springframework.web.reactive.resource.ResourceWebHandler - Path contains "../" after call to StringUtils#cleanPath.
12:02:24.145 [Test worker] DEBUG org.springframework.web.reactive.resource.ResourceWebHandler - [6f7d51ea] Resource not found
12:02:24.145 [Test worker] WARN  org.springframework.web.reactive.resource.ResourceWebHandler - Path represents URL or has "url:" prefix.
12:02:24.145 [Test worker] DEBUG org.springframework.web.reactive.resource.ResourceWebHandler - [7675ffca] Resource not found
12:02:24.145 [Test worker] WARN  org.springframework.web.reactive.resource.ResourceWebHandler - Path contains "../" after call to StringUtils#cleanPath.
12:02:24.145 [Test worker] DEBUG org.springframework.web.reactive.resource.ResourceWebHandler - [2fd13aaa] Resource not found
12:02:24.146 [Test worker] WARN  org.springframework.web.reactive.resource.ResourceWebHandler - Path contains "../" after call to StringUtils#cleanPath.
12:02:24.146 [Test worker] DEBUG org.springframework.web.reactive.resource.ResourceWebHandler - [75c7cf80] Resource not found
12:02:24.146 [Test worker] WARN  org.springframework.web.reactive.resource.ResourceWebHandler - Path contains "../" after call to StringUtils#cleanPath.
12:02:24.146 [Test worker] DEBUG org.springframework.web.reactive.resource.ResourceWebHandler - [703032d3] Resource not found
12:02:24.146 [Test worker] WARN  org.springframework.web.reactive.resource.ResourceWebHandler - Path represents URL or has "url:" prefix.
12:02:24.146 [Test worker] DEBUG org.springframework.web.reactive.resource.ResourceWebHandler - [296218b0] Resource not found
12:02:24.146 [Test worker] WARN  org.springframework.web.reactive.resource.ResourceWebHandler - Path represents URL or has "url:" prefix.
12:02:24.146 [Test worker] DEBUG org.springframework.web.reactive.resource.ResourceWebHandler - [fc0635c] Resource not found
12:02:24.146 [Test worker] WARN  org.springframework.web.reactive.resource.ResourceWebHandler - Path represents URL or has "url:" prefix.
12:02:24.147 [Test worker] DEBUG org.springframework.web.reactive.resource.ResourceWebHandler - [443016eb] Resource not found
12:02:24.147 [Test worker] WARN  org.springframework.web.reactive.resource.ResourceWebHandler - Path represents URL or has "url:" prefix.
12:02:24.147 [Test worker] DEBUG org.springframework.web.reactive.resource.ResourceWebHandler - [35671214] Resource not found
12:02:24.147 [Test worker] WARN  org.springframework.web.reactive.resource.ResourceWebHandler - Path contains "../" after call to StringUtils#cleanPath.
12:02:24.147 [Test worker] DEBUG org.springframework.web.reactive.resource.ResourceWebHandler - [c793b90] Resource not found
12:02:24.147 [Test worker] WARN  org.springframework.web.reactive.resource.ResourceWebHandler - Path contains "../" after call to StringUtils#cleanPath.
12:02:24.147 [Test worker] DEBUG org.springframework.web.reactive.resource.ResourceWebHandler - [af63c0] Resource not found
12:02:24.147 [Test worker] WARN  org.springframework.web.reactive.resource.ResourceWebHandler - Path contains "../" after call to StringUtils#cleanPath.
12:02:24.147 [Test worker] DEBUG org.springframework.web.reactive.resource.ResourceWebHandler - [44ecaa70] Resource not found
12:02:24.147 [Test worker] WARN  org.springframework.web.reactive.resource.ResourceWebHandler - Path represents URL or has "url:" prefix.
12:02:24.147 [Test worker] DEBUG org.springframework.web.reactive.resource.ResourceWebHandler - [4996f74b] Resource not found
12:02:24.149 [Test worker] DEBUG org.springframework.core.codec.ResourceEncoder - [cf6e052] Writing [class path resource [org/springframework/web/reactive/resource/test/foo.html]]
12:02:24.151 [Test worker] DEBUG org.springframework.core.codec.ResourceRegionEncoder - [773c236f] Writing region 0-10 of [class path resource [org/springframework/web/reactive/resource/test/foo.txt]]
12:02:24.154 [Test worker] DEBUG org.springframework.core.codec.ResourceRegionEncoder - [28f021f2] Writing region 9-10 of [class path resource [org/springframework/web/reactive/resource/test/foo.txt]]
12:02:24.156 [Test worker] DEBUG org.springframework.core.codec.ResourceEncoder - [133fb0ce] Writing [class path resource [org/springframework/web/reactive/resource/test/js/foo.js]]
12:02:24.163 [Test worker] DEBUG org.springframework.core.codec.ResourceEncoder - [50ede9d] Writing [class path resource [org/springframework/web/reactive/resource/test/foo.css]]
12:02:24.165 [Test worker] DEBUG org.springframework.core.codec.ResourceEncoder - [7814ef9f] Writing [class path resource [org/springframework/web/reactive/resource/test/foo.css]]
]]></system-out>
  <system-err><![CDATA[]]></system-err>
</testsuite>
