<?xml version="1.0" encoding="UTF-8"?>
<testsuite name="org.springframework.web.reactive.result.method.annotation.MultipartIntegrationTests" tests="16" skipped="0" failures="0" errors="0" timestamp="2020-08-26T04:02:57" hostname="PC-20191023THJJ" time="2.502">
  <properties/>
  <testcase name="requestBodyMap[server [org.springframework.http.server.reactive.bootstrap.JettyHttpServer@16f124c7]]" classname="org.springframework.web.reactive.result.method.annotation.MultipartIntegrationTests" time="0.149"/>
  <testcase name="modelAttribute[server [org.springframework.http.server.reactive.bootstrap.JettyHttpServer@16f124c7]]" classname="org.springframework.web.reactive.result.method.annotation.MultipartIntegrationTests" time="0.147"/>
  <testcase name="requestBodyFlux[server [org.springframework.http.server.reactive.bootstrap.JettyHttpServer@16f124c7]]" classname="org.springframework.web.reactive.result.method.annotation.MultipartIntegrationTests" time="0.134"/>
  <testcase name="requestPart[server [org.springframework.http.server.reactive.bootstrap.JettyHttpServer@16f124c7]]" classname="org.springframework.web.reactive.result.method.annotation.MultipartIntegrationTests" time="0.158"/>
  <testcase name="requestBodyMap[server [org.springframework.http.server.reactive.bootstrap.ReactorHttpServer@3683442a]]" classname="org.springframework.web.reactive.result.method.annotation.MultipartIntegrationTests" time="0.134"/>
  <testcase name="modelAttribute[server [org.springframework.http.server.reactive.bootstrap.ReactorHttpServer@3683442a]]" classname="org.springframework.web.reactive.result.method.annotation.MultipartIntegrationTests" time="0.128"/>
  <testcase name="requestBodyFlux[server [org.springframework.http.server.reactive.bootstrap.ReactorHttpServer@3683442a]]" classname="org.springframework.web.reactive.result.method.annotation.MultipartIntegrationTests" time="0.127"/>
  <testcase name="requestPart[server [org.springframework.http.server.reactive.bootstrap.ReactorHttpServer@3683442a]]" classname="org.springframework.web.reactive.result.method.annotation.MultipartIntegrationTests" time="0.123"/>
  <testcase name="requestBodyMap[server [org.springframework.http.server.reactive.bootstrap.TomcatHttpServer@5fc25e82]]" classname="org.springframework.web.reactive.result.method.annotation.MultipartIntegrationTests" time="0.184"/>
  <testcase name="modelAttribute[server [org.springframework.http.server.reactive.bootstrap.TomcatHttpServer@5fc25e82]]" classname="org.springframework.web.reactive.result.method.annotation.MultipartIntegrationTests" time="0.226"/>
  <testcase name="requestBodyFlux[server [org.springframework.http.server.reactive.bootstrap.TomcatHttpServer@5fc25e82]]" classname="org.springframework.web.reactive.result.method.annotation.MultipartIntegrationTests" time="0.215"/>
  <testcase name="requestPart[server [org.springframework.http.server.reactive.bootstrap.TomcatHttpServer@5fc25e82]]" classname="org.springframework.web.reactive.result.method.annotation.MultipartIntegrationTests" time="0.216"/>
  <testcase name="requestBodyMap[server [org.springframework.http.server.reactive.bootstrap.UndertowHttpServer@42e50f4f]]" classname="org.springframework.web.reactive.result.method.annotation.MultipartIntegrationTests" time="0.171"/>
  <testcase name="modelAttribute[server [org.springframework.http.server.reactive.bootstrap.UndertowHttpServer@42e50f4f]]" classname="org.springframework.web.reactive.result.method.annotation.MultipartIntegrationTests" time="0.134"/>
  <testcase name="requestBodyFlux[server [org.springframework.http.server.reactive.bootstrap.UndertowHttpServer@42e50f4f]]" classname="org.springframework.web.reactive.result.method.annotation.MultipartIntegrationTests" time="0.127"/>
  <testcase name="requestPart[server [org.springframework.http.server.reactive.bootstrap.UndertowHttpServer@42e50f4f]]" classname="org.springframework.web.reactive.result.method.annotation.MultipartIntegrationTests" time="0.128"/>
  <system-out><![CDATA[12:02:57.279 [Test worker] DEBUG org.springframework.web.reactive.result.method.annotation.RequestMappingHandlerMapping - 4 mappings in 'requestMappingHandlerMapping'
12:02:57.322 [Test worker] DEBUG org.springframework.web.reactive.result.method.annotation.ControllerMethodResolver - ControllerAdvice beans: none
12:02:57.387 [Test worker] DEBUG org.springframework.web.server.adapter.HttpWebHandlerAdapter - enableLoggingRequestDetails='false': form data and headers will be masked to prevent unsafe logging of potentially sensitive data
12:02:57.387 [Test worker] WARN  org.eclipse.jetty.server.handler.ContextHandler - Empty contextPath
12:02:57.387 [Test worker] INFO  org.eclipse.jetty.server.handler.ContextHandler - Started o.e.j.s.ServletContextHandler@4cb503fd{/,null,AVAILABLE}
12:02:57.387 [Test worker] DEBUG org.springframework.http.server.reactive.bootstrap.JettyHttpServer - Starting JettyHttpServer...
12:02:57.387 [Test worker] INFO  org.eclipse.jetty.server.Server - jetty-9.4.12.RC2; built: 2018-08-14T14:46:56.477Z; git: 1f9703cf836af6c70ac0665fbc6790c0a8229a7a; jvm 1.8.0_101-b13
12:02:57.387 [Test worker] WARN  org.eclipse.jetty.server.Server - THIS IS NOT A STABLE RELEASE! DO NOT USE IN PRODUCTION!
12:02:57.387 [Test worker] WARN  org.eclipse.jetty.server.Server - Download a stable release from http://download.eclipse.org/jetty/
12:02:57.388 [Test worker] INFO  org.eclipse.jetty.server.AbstractConnector - Started ServerConnector@1444a59d{HTTP/1.1,[http/1.1]}{0.0.0.0:51744}
12:02:57.388 [Test worker] INFO  org.eclipse.jetty.server.Server - Started @57786ms
12:02:57.388 [Test worker] DEBUG org.springframework.http.server.reactive.bootstrap.JettyHttpServer - Server started on port 51744(0 millis).
12:02:57.389 [Test worker] DEBUG org.springframework.web.reactive.function.client.ExchangeFunctions - [57a5cc3f] HTTP POST http://localhost:51744/requestBodyMap
12:02:57.390 [reactor-http-nio-4] DEBUG org.springframework.http.codec.multipart.MultipartHttpMessageWriter - [57a5cc3f] Encoding parts [fieldPart, fileParts, jsonPart] (content masked)
12:02:57.408 [qtp1393394455-2089] DEBUG org.springframework.web.server.adapter.HttpWebHandlerAdapter - [6e506017] HTTP POST "/requestBodyMap"
12:02:57.409 [qtp1393394455-2089] DEBUG org.springframework.web.reactive.result.method.annotation.RequestMappingHandlerMapping - [6e506017] Mapped to reactor.core.publisher.Mono<java.lang.String> org.springframework.web.reactive.result.method.annotation.MultipartIntegrationTests$MultipartController.requestBodyMap(reactor.core.publisher.Mono<org.springframework.util.MultiValueMap<java.lang.String, org.springframework.http.codec.multipart.Part>>)
12:02:57.409 [qtp1393394455-2089] DEBUG org.springframework.web.reactive.result.method.annotation.RequestBodyArgumentResolver - [6e506017] Content-Type:multipart/form-data;boundary=yFrs98KhL0SK8RaCfQTK-M0cGPrmRIF5KYeM4k;charset=UTF-8
12:02:57.409 [qtp1393394455-2089] DEBUG org.springframework.web.reactive.result.method.annotation.RequestBodyArgumentResolver - [6e506017] 0..1 [org.springframework.util.MultiValueMap<java.lang.String, org.springframework.http.codec.multipart.Part>]
12:02:57.410 [qtp1393394455-2089] DEBUG org.springframework.web.reactive.result.method.annotation.ResponseBodyResultHandler - Using 'text/plain;charset=UTF-8' given [*/*] and supported [text/plain;charset=UTF-8, text/event-stream, text/plain;charset=UTF-8, */*]
12:02:57.410 [qtp1393394455-2089] DEBUG org.springframework.web.reactive.result.method.annotation.ResponseBodyResultHandler - [6e506017] 0..1 [java.lang.String]
12:02:57.418 [qtp1393394455-2089] DEBUG org.springframework.http.codec.multipart.MultipartHttpMessageReader - [6e506017] Parsed parts [fieldPart, fileParts, jsonPart] (content masked)
12:02:57.419 [qtp1393394455-2089] DEBUG org.springframework.core.codec.CharSequenceEncoder - [6e506017] Writing 'Map[[fieldPart],[fileParts:foo.txt,fileParts:logo.png],[jsonPart]]'
12:02:57.419 [qtp1393394455-2089] DEBUG org.springframework.web.server.adapter.HttpWebHandlerAdapter - [6e506017] Completed 200 OK
12:02:57.420 [reactor-http-nio-4] DEBUG org.springframework.web.reactive.function.client.ExchangeFunctions - [57a5cc3f] Response 200 OK
12:02:57.420 [reactor-http-nio-4] DEBUG org.springframework.core.codec.StringDecoder - [57a5cc3f] Decoded 'Map[[fieldPart],[fileParts:foo.txt,fileParts:logo.png],[jsonPart]]'
12:02:57.420 [Test worker] DEBUG org.springframework.http.server.reactive.bootstrap.JettyHttpServer - Stopping JettyHttpServer...
12:02:57.420 [Test worker] INFO  org.eclipse.jetty.server.handler.ContextHandler - Stopped o.e.j.s.ServletContextHandler@4cb503fd{/,null,UNAVAILABLE}
12:02:57.421 [Test worker] INFO  org.eclipse.jetty.server.AbstractConnector - Stopped ServerConnector@1444a59d{HTTP/1.1,[http/1.1]}{0.0.0.0:0}
12:02:57.422 [Test worker] DEBUG org.springframework.http.server.reactive.bootstrap.JettyHttpServer - Server stopped (0 millis).
12:02:57.426 [Test worker] DEBUG org.springframework.web.reactive.result.method.annotation.RequestMappingHandlerMapping - 4 mappings in 'requestMappingHandlerMapping'
12:02:57.469 [Test worker] DEBUG org.springframework.web.reactive.result.method.annotation.ControllerMethodResolver - ControllerAdvice beans: none
12:02:57.529 [Test worker] DEBUG org.springframework.web.server.adapter.HttpWebHandlerAdapter - enableLoggingRequestDetails='false': form data and headers will be masked to prevent unsafe logging of potentially sensitive data
12:02:57.529 [Test worker] WARN  org.eclipse.jetty.server.handler.ContextHandler - Empty contextPath
12:02:57.529 [Test worker] INFO  org.eclipse.jetty.server.handler.ContextHandler - Started o.e.j.s.ServletContextHandler@3d8f6727{/,null,AVAILABLE}
12:02:57.529 [Test worker] DEBUG org.springframework.http.server.reactive.bootstrap.JettyHttpServer - Starting JettyHttpServer...
12:02:57.529 [Test worker] INFO  org.eclipse.jetty.server.Server - jetty-9.4.12.RC2; built: 2018-08-14T14:46:56.477Z; git: 1f9703cf836af6c70ac0665fbc6790c0a8229a7a; jvm 1.8.0_101-b13
12:02:57.529 [Test worker] WARN  org.eclipse.jetty.server.Server - THIS IS NOT A STABLE RELEASE! DO NOT USE IN PRODUCTION!
12:02:57.529 [Test worker] WARN  org.eclipse.jetty.server.Server - Download a stable release from http://download.eclipse.org/jetty/
12:02:57.531 [Test worker] INFO  org.eclipse.jetty.server.AbstractConnector - Started ServerConnector@dc52806{HTTP/1.1,[http/1.1]}{0.0.0.0:51752}
12:02:57.531 [Test worker] INFO  org.eclipse.jetty.server.Server - Started @57929ms
12:02:57.531 [Test worker] DEBUG org.springframework.http.server.reactive.bootstrap.JettyHttpServer - Server started on port 51752(0 millis).
12:02:57.532 [Test worker] DEBUG org.springframework.web.reactive.function.client.ExchangeFunctions - [57a43bcc] HTTP POST http://localhost:51752/modelAttribute
12:02:57.533 [reactor-http-nio-2] DEBUG org.springframework.http.codec.multipart.MultipartHttpMessageWriter - [57a43bcc] Encoding parts [fieldPart, fileParts, jsonPart] (content masked)
12:02:57.553 [qtp534282567-2095] DEBUG org.springframework.web.server.adapter.HttpWebHandlerAdapter - [136e34ac] HTTP POST "/modelAttribute"
12:02:57.554 [qtp534282567-2095] DEBUG org.springframework.web.reactive.result.method.annotation.RequestMappingHandlerMapping - [136e34ac] Mapped to java.lang.String org.springframework.web.reactive.result.method.annotation.MultipartIntegrationTests$MultipartController.modelAttribute(org.springframework.web.reactive.result.method.annotation.MultipartIntegrationTests$FormBean)
12:02:57.561 [qtp534282567-2095] DEBUG org.springframework.http.codec.multipart.MultipartHttpMessageReader - [136e34ac] Parsed parts [fieldPart, fileParts, jsonPart] (content masked)
12:02:57.567 [qtp534282567-2095] DEBUG org.springframework.web.reactive.result.method.annotation.ResponseBodyResultHandler - Using 'text/plain;charset=UTF-8' given [*/*] and supported [text/plain;charset=UTF-8, text/event-stream, text/plain;charset=UTF-8, */*]
12:02:57.567 [qtp534282567-2095] DEBUG org.springframework.web.reactive.result.method.annotation.ResponseBodyResultHandler - [136e34ac] 0..1 [java.lang.String]
12:02:57.567 [qtp534282567-2095] DEBUG org.springframework.core.codec.CharSequenceEncoder - [136e34ac] Writing 'FormBean[fieldValue,[fileParts:foo.txt,fileParts:logo.png]]'
12:02:57.567 [qtp534282567-2095] DEBUG org.springframework.web.server.adapter.HttpWebHandlerAdapter - [136e34ac] Completed 200 OK
12:02:57.567 [reactor-http-nio-2] DEBUG org.springframework.web.reactive.function.client.ExchangeFunctions - [57a43bcc] Response 200 OK
12:02:57.568 [reactor-http-nio-2] DEBUG org.springframework.core.codec.StringDecoder - [57a43bcc] Decoded 'FormBean[fieldValue,[fileParts:foo.txt,fileParts:logo.png]]'
12:02:57.568 [Test worker] DEBUG org.springframework.http.server.reactive.bootstrap.JettyHttpServer - Stopping JettyHttpServer...
12:02:57.568 [Test worker] INFO  org.eclipse.jetty.server.handler.ContextHandler - Stopped o.e.j.s.ServletContextHandler@3d8f6727{/,null,UNAVAILABLE}
12:02:57.569 [Test worker] INFO  org.eclipse.jetty.server.AbstractConnector - Stopped ServerConnector@dc52806{HTTP/1.1,[http/1.1]}{0.0.0.0:0}
12:02:57.569 [Test worker] DEBUG org.springframework.http.server.reactive.bootstrap.JettyHttpServer - Server stopped (0 millis).
12:02:57.573 [Test worker] DEBUG org.springframework.web.reactive.result.method.annotation.RequestMappingHandlerMapping - 4 mappings in 'requestMappingHandlerMapping'
12:02:57.616 [Test worker] DEBUG org.springframework.web.reactive.result.method.annotation.ControllerMethodResolver - ControllerAdvice beans: none
12:02:57.672 [Test worker] DEBUG org.springframework.web.server.adapter.HttpWebHandlerAdapter - enableLoggingRequestDetails='false': form data and headers will be masked to prevent unsafe logging of potentially sensitive data
12:02:57.673 [Test worker] WARN  org.eclipse.jetty.server.handler.ContextHandler - Empty contextPath
12:02:57.673 [Test worker] INFO  org.eclipse.jetty.server.handler.ContextHandler - Started o.e.j.s.ServletContextHandler@759b2ebb{/,null,AVAILABLE}
12:02:57.673 [Test worker] DEBUG org.springframework.http.server.reactive.bootstrap.JettyHttpServer - Starting JettyHttpServer...
12:02:57.673 [Test worker] INFO  org.eclipse.jetty.server.Server - jetty-9.4.12.RC2; built: 2018-08-14T14:46:56.477Z; git: 1f9703cf836af6c70ac0665fbc6790c0a8229a7a; jvm 1.8.0_101-b13
12:02:57.673 [Test worker] WARN  org.eclipse.jetty.server.Server - THIS IS NOT A STABLE RELEASE! DO NOT USE IN PRODUCTION!
12:02:57.673 [Test worker] WARN  org.eclipse.jetty.server.Server - Download a stable release from http://download.eclipse.org/jetty/
12:02:57.674 [Test worker] INFO  org.eclipse.jetty.server.AbstractConnector - Started ServerConnector@6ab3b746{HTTP/1.1,[http/1.1]}{0.0.0.0:51760}
12:02:57.674 [Test worker] INFO  org.eclipse.jetty.server.Server - Started @58073ms
12:02:57.674 [Test worker] DEBUG org.springframework.http.server.reactive.bootstrap.JettyHttpServer - Server started on port 51760(0 millis).
12:02:57.675 [Test worker] DEBUG org.springframework.web.reactive.function.client.ExchangeFunctions - [450073a7] HTTP POST http://localhost:51760/requestBodyFlux
12:02:57.676 [reactor-http-nio-6] DEBUG org.springframework.http.codec.multipart.MultipartHttpMessageWriter - [450073a7] Encoding parts [fieldPart, fileParts, jsonPart] (content masked)
12:02:57.694 [qtp1127166288-2106] DEBUG org.springframework.web.server.adapter.HttpWebHandlerAdapter - [29b8b7c] HTTP POST "/requestBodyFlux"
12:02:57.694 [qtp1127166288-2106] DEBUG org.springframework.web.reactive.result.method.annotation.RequestMappingHandlerMapping - [29b8b7c] Mapped to reactor.core.publisher.Mono<java.lang.String> org.springframework.web.reactive.result.method.annotation.MultipartIntegrationTests$MultipartController.requestBodyFlux(reactor.core.publisher.Flux<org.springframework.http.codec.multipart.Part>)
12:02:57.695 [qtp1127166288-2106] DEBUG org.springframework.web.reactive.result.method.annotation.RequestBodyArgumentResolver - [29b8b7c] Content-Type:multipart/form-data;boundary=nH61CIgoakofcPy4zLstNwMvIB76BUsvnaN;charset=UTF-8
12:02:57.695 [qtp1127166288-2106] DEBUG org.springframework.web.reactive.result.method.annotation.RequestBodyArgumentResolver - [29b8b7c] 0..N [org.springframework.http.codec.multipart.Part]
12:02:57.695 [qtp1127166288-2106] DEBUG org.springframework.web.reactive.result.method.annotation.ResponseBodyResultHandler - Using 'text/plain;charset=UTF-8' given [*/*] and supported [text/plain;charset=UTF-8, text/event-stream, text/plain;charset=UTF-8, */*]
12:02:57.695 [qtp1127166288-2106] DEBUG org.springframework.web.reactive.result.method.annotation.ResponseBodyResultHandler - [29b8b7c] 0..1 [java.lang.String]
12:02:57.695 [qtp1127166288-2106] DEBUG org.springframework.http.codec.multipart.SynchronossPartHttpMessageReader - [29b8b7c] Parsed parts 'fieldPart' (content masked)
12:02:57.695 [qtp1127166288-2106] DEBUG org.springframework.http.codec.multipart.SynchronossPartHttpMessageReader - [29b8b7c] Parsed parts 'fileParts' (content masked)
12:02:57.700 [qtp1127166288-2106] DEBUG org.springframework.http.codec.multipart.SynchronossPartHttpMessageReader - [29b8b7c] Parsed parts 'fileParts' (content masked)
12:02:57.700 [qtp1127166288-2106] DEBUG org.springframework.http.codec.multipart.SynchronossPartHttpMessageReader - [29b8b7c] Parsed parts 'jsonPart' (content masked)
12:02:57.700 [qtp1127166288-2106] DEBUG org.springframework.core.codec.CharSequenceEncoder - [29b8b7c] Writing '[fieldPart,fileParts:foo.txt,fileParts:logo.png,jsonPart]'
12:02:57.700 [qtp1127166288-2106] DEBUG org.springframework.web.server.adapter.HttpWebHandlerAdapter - [29b8b7c] Completed 200 OK
12:02:57.700 [reactor-http-nio-6] DEBUG org.springframework.web.reactive.function.client.ExchangeFunctions - [450073a7] Response 200 OK
12:02:57.700 [reactor-http-nio-6] DEBUG org.springframework.core.codec.StringDecoder - [450073a7] Decoded '[fieldPart,fileParts:foo.txt,fileParts:logo.png,jsonPart]'
12:02:57.701 [Test worker] DEBUG org.springframework.http.server.reactive.bootstrap.JettyHttpServer - Stopping JettyHttpServer...
12:02:57.701 [Test worker] INFO  org.eclipse.jetty.server.handler.ContextHandler - Stopped o.e.j.s.ServletContextHandler@759b2ebb{/,null,UNAVAILABLE}
12:02:57.702 [Test worker] INFO  org.eclipse.jetty.server.AbstractConnector - Stopped ServerConnector@6ab3b746{HTTP/1.1,[http/1.1]}{0.0.0.0:0}
12:02:57.702 [Test worker] DEBUG org.springframework.http.server.reactive.bootstrap.JettyHttpServer - Server stopped (0 millis).
12:02:57.706 [Test worker] DEBUG org.springframework.web.reactive.result.method.annotation.RequestMappingHandlerMapping - 4 mappings in 'requestMappingHandlerMapping'
12:02:57.749 [Test worker] DEBUG org.springframework.web.reactive.result.method.annotation.ControllerMethodResolver - ControllerAdvice beans: none
12:02:57.810 [Test worker] DEBUG org.springframework.web.server.adapter.HttpWebHandlerAdapter - enableLoggingRequestDetails='false': form data and headers will be masked to prevent unsafe logging of potentially sensitive data
12:02:57.810 [Test worker] WARN  org.eclipse.jetty.server.handler.ContextHandler - Empty contextPath
12:02:57.811 [Test worker] INFO  org.eclipse.jetty.server.handler.ContextHandler - Started o.e.j.s.ServletContextHandler@7ad753a4{/,null,AVAILABLE}
12:02:57.811 [Test worker] DEBUG org.springframework.http.server.reactive.bootstrap.JettyHttpServer - Starting JettyHttpServer...
12:02:57.811 [Test worker] INFO  org.eclipse.jetty.server.Server - jetty-9.4.12.RC2; built: 2018-08-14T14:46:56.477Z; git: 1f9703cf836af6c70ac0665fbc6790c0a8229a7a; jvm 1.8.0_101-b13
12:02:57.811 [Test worker] WARN  org.eclipse.jetty.server.Server - THIS IS NOT A STABLE RELEASE! DO NOT USE IN PRODUCTION!
12:02:57.811 [Test worker] WARN  org.eclipse.jetty.server.Server - Download a stable release from http://download.eclipse.org/jetty/
12:02:57.812 [Test worker] INFO  org.eclipse.jetty.server.AbstractConnector - Started ServerConnector@2f57008d{HTTP/1.1,[http/1.1]}{0.0.0.0:51768}
12:02:57.812 [Test worker] INFO  org.eclipse.jetty.server.Server - Started @58210ms
12:02:57.812 [Test worker] DEBUG org.springframework.http.server.reactive.bootstrap.JettyHttpServer - Server started on port 51768(0 millis).
12:02:57.813 [Test worker] DEBUG org.springframework.web.reactive.function.client.ExchangeFunctions - [6e135370] HTTP POST http://localhost:51768/requestPart
12:02:57.814 [reactor-http-nio-4] DEBUG org.springframework.http.codec.multipart.MultipartHttpMessageWriter - [6e135370] Encoding parts [fieldPart, fileParts, jsonPart] (content masked)
12:02:57.832 [qtp1510214465-2115] DEBUG org.springframework.web.server.adapter.HttpWebHandlerAdapter - [57d91d65] HTTP POST "/requestPart"
12:02:57.832 [qtp1510214465-2115] DEBUG org.springframework.web.reactive.result.method.annotation.RequestMappingHandlerMapping - [57d91d65] Mapped to void org.springframework.web.reactive.result.method.annotation.MultipartIntegrationTests$MultipartController.requestPart(org.springframework.http.codec.multipart.FormFieldPart,org.springframework.http.codec.multipart.FilePart,reactor.core.publisher.Mono<org.springframework.http.codec.multipart.FilePart>,reactor.core.publisher.Flux<org.springframework.http.codec.multipart.FilePart>,org.springframework.web.reactive.result.method.annotation.MultipartIntegrationTests$Person,reactor.core.publisher.Mono<org.springframework.web.reactive.result.method.annotation.MultipartIntegrationTests$Person>)
12:02:57.841 [qtp1510214465-2115] DEBUG org.springframework.http.codec.multipart.MultipartHttpMessageReader - [57d91d65] Parsed parts [fieldPart, fileParts, jsonPart] (content masked)
12:02:57.846 [qtp1510214465-2115] DEBUG org.springframework.web.reactive.result.method.annotation.RequestPartMethodArgumentResolver - [57d91d65] Decoding part 'jsonPart'
12:02:57.846 [qtp1510214465-2115] DEBUG org.springframework.web.reactive.result.method.annotation.RequestPartMethodArgumentResolver - [57d91d65] Content-Type:application/json;charset=UTF-8
12:02:57.852 [qtp1510214465-2115] DEBUG org.springframework.web.reactive.result.method.annotation.RequestPartMethodArgumentResolver - [57d91d65] 0..1 [org.springframework.web.reactive.result.method.annotation.MultipartIntegrationTests$Person]
12:02:57.857 [qtp1510214465-2115] DEBUG org.springframework.http.codec.json.Jackson2JsonDecoder - [57d91d65] Decoded [org.springframework.web.reactive.result.method.annotation.MultipartIntegrationTests$Person@bbea317]
12:02:57.857 [qtp1510214465-2115] DEBUG org.springframework.web.reactive.result.method.annotation.RequestPartMethodArgumentResolver - [57d91d65] Decoding part 'jsonPart'
12:02:57.857 [qtp1510214465-2115] DEBUG org.springframework.web.reactive.result.method.annotation.RequestPartMethodArgumentResolver - [57d91d65] Content-Type:application/json;charset=UTF-8
12:02:57.857 [qtp1510214465-2115] DEBUG org.springframework.web.reactive.result.method.annotation.RequestPartMethodArgumentResolver - [57d91d65] 0..1 [org.springframework.web.reactive.result.method.annotation.MultipartIntegrationTests$Person]
12:02:57.858 [qtp1510214465-2115] DEBUG org.springframework.http.codec.json.Jackson2JsonDecoder - [57d91d65] Decoded [org.springframework.web.reactive.result.method.annotation.MultipartIntegrationTests$Person@2e9b6c78]
12:02:57.858 [qtp1510214465-2115] DEBUG org.springframework.web.server.adapter.HttpWebHandlerAdapter - [57d91d65] Completed 200 OK
12:02:57.859 [reactor-http-nio-4] DEBUG org.springframework.web.reactive.function.client.ExchangeFunctions - [6e135370] Response 200 OK
12:02:57.859 [Test worker] DEBUG org.springframework.http.server.reactive.bootstrap.JettyHttpServer - Stopping JettyHttpServer...
12:02:57.859 [Test worker] INFO  org.eclipse.jetty.server.handler.ContextHandler - Stopped o.e.j.s.ServletContextHandler@7ad753a4{/,null,UNAVAILABLE}
12:02:57.860 [Test worker] INFO  org.eclipse.jetty.server.AbstractConnector - Stopped ServerConnector@2f57008d{HTTP/1.1,[http/1.1]}{0.0.0.0:0}
12:02:57.860 [Test worker] DEBUG org.springframework.http.server.reactive.bootstrap.JettyHttpServer - Server stopped (0 millis).
12:02:57.865 [Test worker] DEBUG org.springframework.web.reactive.result.method.annotation.RequestMappingHandlerMapping - 4 mappings in 'requestMappingHandlerMapping'
12:02:57.909 [Test worker] DEBUG org.springframework.web.reactive.result.method.annotation.ControllerMethodResolver - ControllerAdvice beans: none
12:02:57.970 [Test worker] DEBUG org.springframework.web.server.adapter.HttpWebHandlerAdapter - enableLoggingRequestDetails='false': form data and headers will be masked to prevent unsafe logging of potentially sensitive data
12:02:57.970 [Test worker] DEBUG org.springframework.http.server.reactive.bootstrap.ReactorHttpServer - Starting ReactorHttpServer...
12:02:57.971 [Test worker] DEBUG org.springframework.http.server.reactive.bootstrap.ReactorHttpServer - Server started on port 51776(0 millis).
12:02:57.971 [Test worker] DEBUG org.springframework.web.reactive.function.client.ExchangeFunctions - [6cb196df] HTTP POST http://localhost:51776/requestBodyMap
12:02:57.972 [reactor-http-nio-3] DEBUG org.springframework.http.codec.multipart.MultipartHttpMessageWriter - [6cb196df] Encoding parts [fieldPart, fileParts, jsonPart] (content masked)
12:02:57.988 [reactor-http-nio-4] DEBUG org.springframework.web.server.adapter.HttpWebHandlerAdapter - [d554b622] HTTP POST "/requestBodyMap"
12:02:57.988 [reactor-http-nio-4] DEBUG org.springframework.web.reactive.result.method.annotation.RequestMappingHandlerMapping - [d554b622] Mapped to reactor.core.publisher.Mono<java.lang.String> org.springframework.web.reactive.result.method.annotation.MultipartIntegrationTests$MultipartController.requestBodyMap(reactor.core.publisher.Mono<org.springframework.util.MultiValueMap<java.lang.String, org.springframework.http.codec.multipart.Part>>)
12:02:57.988 [reactor-http-nio-4] DEBUG org.springframework.web.reactive.result.method.annotation.RequestBodyArgumentResolver - [d554b622] Content-Type:multipart/form-data;boundary=ZDTgBA1u7l04pmUmnf8cmmrDRl60E8F;charset=UTF-8
12:02:57.988 [reactor-http-nio-4] DEBUG org.springframework.web.reactive.result.method.annotation.RequestBodyArgumentResolver - [d554b622] 0..1 [org.springframework.util.MultiValueMap<java.lang.String, org.springframework.http.codec.multipart.Part>]
12:02:57.989 [reactor-http-nio-4] DEBUG org.springframework.web.reactive.result.method.annotation.ResponseBodyResultHandler - Using 'text/plain;charset=UTF-8' given [*/*] and supported [text/plain;charset=UTF-8, text/event-stream, text/plain;charset=UTF-8, */*]
12:02:57.989 [reactor-http-nio-4] DEBUG org.springframework.web.reactive.result.method.annotation.ResponseBodyResultHandler - [d554b622] 0..1 [java.lang.String]
12:02:57.994 [reactor-http-nio-4] DEBUG org.springframework.http.codec.multipart.MultipartHttpMessageReader - [d554b622] Parsed parts [fieldPart, fileParts, jsonPart] (content masked)
12:02:57.994 [reactor-http-nio-4] DEBUG org.springframework.core.codec.CharSequenceEncoder - [d554b622] Writing 'Map[[fieldPart],[fileParts:foo.txt,fileParts:logo.png],[jsonPart]]'
12:02:57.994 [reactor-http-nio-3] DEBUG org.springframework.web.reactive.function.client.ExchangeFunctions - [6cb196df] Response 200 OK
12:02:57.994 [reactor-http-nio-4] DEBUG org.springframework.web.server.adapter.HttpWebHandlerAdapter - [d554b622] Completed 200 OK
12:02:57.994 [reactor-http-nio-3] DEBUG org.springframework.core.codec.StringDecoder - [6cb196df] Decoded 'Map[[fieldPart],[fileParts:foo.txt,fileParts:logo.png],[jsonPart]]'
12:02:57.995 [Test worker] DEBUG org.springframework.http.server.reactive.bootstrap.ReactorHttpServer - Stopping ReactorHttpServer...
12:02:57.995 [Test worker] DEBUG org.springframework.http.server.reactive.bootstrap.ReactorHttpServer - Server stopped (0 millis).
12:02:57.999 [Test worker] DEBUG org.springframework.web.reactive.result.method.annotation.RequestMappingHandlerMapping - 4 mappings in 'requestMappingHandlerMapping'
12:02:58.043 [Test worker] DEBUG org.springframework.web.reactive.result.method.annotation.ControllerMethodResolver - ControllerAdvice beans: none
12:02:58.099 [Test worker] DEBUG org.springframework.web.server.adapter.HttpWebHandlerAdapter - enableLoggingRequestDetails='false': form data and headers will be masked to prevent unsafe logging of potentially sensitive data
12:02:58.099 [Test worker] DEBUG org.springframework.http.server.reactive.bootstrap.ReactorHttpServer - Starting ReactorHttpServer...
12:02:58.100 [Test worker] DEBUG org.springframework.http.server.reactive.bootstrap.ReactorHttpServer - Server started on port 51778(0 millis).
12:02:58.100 [Test worker] DEBUG org.springframework.web.reactive.function.client.ExchangeFunctions - [3a0dac7b] HTTP POST http://localhost:51778/modelAttribute
12:02:58.101 [reactor-http-nio-3] DEBUG org.springframework.http.codec.multipart.MultipartHttpMessageWriter - [3a0dac7b] Encoding parts [fieldPart, fileParts, jsonPart] (content masked)
12:02:58.115 [reactor-http-nio-4] DEBUG org.springframework.web.server.adapter.HttpWebHandlerAdapter - [99098d37] HTTP POST "/modelAttribute"
12:02:58.116 [reactor-http-nio-4] DEBUG org.springframework.web.reactive.result.method.annotation.RequestMappingHandlerMapping - [99098d37] Mapped to java.lang.String org.springframework.web.reactive.result.method.annotation.MultipartIntegrationTests$MultipartController.modelAttribute(org.springframework.web.reactive.result.method.annotation.MultipartIntegrationTests$FormBean)
12:02:58.121 [reactor-http-nio-4] DEBUG org.springframework.http.codec.multipart.MultipartHttpMessageReader - [99098d37] Parsed parts [fieldPart, fileParts, jsonPart] (content masked)
12:02:58.122 [reactor-http-nio-4] DEBUG org.springframework.web.reactive.result.method.annotation.ResponseBodyResultHandler - Using 'text/plain;charset=UTF-8' given [*/*] and supported [text/plain;charset=UTF-8, text/event-stream, text/plain;charset=UTF-8, */*]
12:02:58.122 [reactor-http-nio-4] DEBUG org.springframework.web.reactive.result.method.annotation.ResponseBodyResultHandler - [99098d37] 0..1 [java.lang.String]
12:02:58.122 [reactor-http-nio-4] DEBUG org.springframework.core.codec.CharSequenceEncoder - [99098d37] Writing 'FormBean[fieldValue,[fileParts:foo.txt,fileParts:logo.png]]'
12:02:58.123 [reactor-http-nio-3] DEBUG org.springframework.web.reactive.function.client.ExchangeFunctions - [3a0dac7b] Response 200 OK
12:02:58.123 [reactor-http-nio-4] DEBUG org.springframework.web.server.adapter.HttpWebHandlerAdapter - [99098d37] Completed 200 OK
12:02:58.123 [reactor-http-nio-3] DEBUG org.springframework.core.codec.StringDecoder - [3a0dac7b] Decoded 'FormBean[fieldValue,[fileParts:foo.txt,fileParts:logo.png]]'
12:02:58.123 [Test worker] DEBUG org.springframework.http.server.reactive.bootstrap.ReactorHttpServer - Stopping ReactorHttpServer...
12:02:58.123 [Test worker] DEBUG org.springframework.http.server.reactive.bootstrap.ReactorHttpServer - Server stopped (0 millis).
12:02:58.127 [Test worker] DEBUG org.springframework.web.reactive.result.method.annotation.RequestMappingHandlerMapping - 4 mappings in 'requestMappingHandlerMapping'
12:02:58.167 [Test worker] DEBUG org.springframework.web.reactive.result.method.annotation.ControllerMethodResolver - ControllerAdvice beans: none
12:02:58.224 [Test worker] DEBUG org.springframework.web.server.adapter.HttpWebHandlerAdapter - enableLoggingRequestDetails='false': form data and headers will be masked to prevent unsafe logging of potentially sensitive data
12:02:58.224 [Test worker] DEBUG org.springframework.http.server.reactive.bootstrap.ReactorHttpServer - Starting ReactorHttpServer...
12:02:58.224 [Test worker] DEBUG org.springframework.http.server.reactive.bootstrap.ReactorHttpServer - Server started on port 51780(0 millis).
12:02:58.225 [Test worker] DEBUG org.springframework.web.reactive.function.client.ExchangeFunctions - [5f826a62] HTTP POST http://localhost:51780/requestBodyFlux
12:02:58.225 [reactor-http-nio-3] DEBUG org.springframework.http.codec.multipart.MultipartHttpMessageWriter - [5f826a62] Encoding parts [fieldPart, fileParts, jsonPart] (content masked)
12:02:58.240 [reactor-http-nio-4] DEBUG org.springframework.web.server.adapter.HttpWebHandlerAdapter - [6b0facf3] HTTP POST "/requestBodyFlux"
12:02:58.240 [reactor-http-nio-4] DEBUG org.springframework.web.reactive.result.method.annotation.RequestMappingHandlerMapping - [6b0facf3] Mapped to reactor.core.publisher.Mono<java.lang.String> org.springframework.web.reactive.result.method.annotation.MultipartIntegrationTests$MultipartController.requestBodyFlux(reactor.core.publisher.Flux<org.springframework.http.codec.multipart.Part>)
12:02:58.240 [reactor-http-nio-4] DEBUG org.springframework.web.reactive.result.method.annotation.RequestBodyArgumentResolver - [6b0facf3] Content-Type:multipart/form-data;boundary=VSBAwizf9RjtRRE_N7F882qMwr9RqEpP6rhqiIV;charset=UTF-8
12:02:58.240 [reactor-http-nio-4] DEBUG org.springframework.web.reactive.result.method.annotation.RequestBodyArgumentResolver - [6b0facf3] 0..N [org.springframework.http.codec.multipart.Part]
12:02:58.240 [reactor-http-nio-4] DEBUG org.springframework.web.reactive.result.method.annotation.ResponseBodyResultHandler - Using 'text/plain;charset=UTF-8' given [*/*] and supported [text/plain;charset=UTF-8, text/event-stream, text/plain;charset=UTF-8, */*]
12:02:58.240 [reactor-http-nio-4] DEBUG org.springframework.web.reactive.result.method.annotation.ResponseBodyResultHandler - [6b0facf3] 0..1 [java.lang.String]
12:02:58.241 [reactor-http-nio-4] DEBUG org.springframework.http.codec.multipart.SynchronossPartHttpMessageReader - [6b0facf3] Parsed parts 'fieldPart' (content masked)
12:02:58.241 [reactor-http-nio-4] DEBUG org.springframework.http.codec.multipart.SynchronossPartHttpMessageReader - [6b0facf3] Parsed parts 'fileParts' (content masked)
12:02:58.245 [reactor-http-nio-4] DEBUG org.springframework.http.codec.multipart.SynchronossPartHttpMessageReader - [6b0facf3] Parsed parts 'fileParts' (content masked)
12:02:58.245 [reactor-http-nio-4] DEBUG org.springframework.http.codec.multipart.SynchronossPartHttpMessageReader - [6b0facf3] Parsed parts 'jsonPart' (content masked)
12:02:58.245 [reactor-http-nio-4] DEBUG org.springframework.core.codec.CharSequenceEncoder - [6b0facf3] Writing '[fieldPart,fileParts:foo.txt,fileParts:logo.png,jsonPart]'
12:02:58.250 [reactor-http-nio-4] DEBUG org.springframework.web.server.adapter.HttpWebHandlerAdapter - [6b0facf3] Completed 200 OK
12:02:58.250 [reactor-http-nio-3] DEBUG org.springframework.web.reactive.function.client.ExchangeFunctions - [5f826a62] Response 200 OK
12:02:58.250 [reactor-http-nio-3] DEBUG org.springframework.core.codec.StringDecoder - [5f826a62] Decoded '[fieldPart,fileParts:foo.txt,fileParts:logo.png,jsonPart]'
12:02:58.250 [Test worker] DEBUG org.springframework.http.server.reactive.bootstrap.ReactorHttpServer - Stopping ReactorHttpServer...
12:02:58.251 [Test worker] DEBUG org.springframework.http.server.reactive.bootstrap.ReactorHttpServer - Server stopped (0 millis).
12:02:58.254 [Test worker] DEBUG org.springframework.web.reactive.result.method.annotation.RequestMappingHandlerMapping - 4 mappings in 'requestMappingHandlerMapping'
12:02:58.295 [Test worker] DEBUG org.springframework.web.reactive.result.method.annotation.ControllerMethodResolver - ControllerAdvice beans: none
12:02:58.351 [Test worker] DEBUG org.springframework.web.server.adapter.HttpWebHandlerAdapter - enableLoggingRequestDetails='false': form data and headers will be masked to prevent unsafe logging of potentially sensitive data
12:02:58.351 [Test worker] DEBUG org.springframework.http.server.reactive.bootstrap.ReactorHttpServer - Starting ReactorHttpServer...
12:02:58.352 [Test worker] DEBUG org.springframework.http.server.reactive.bootstrap.ReactorHttpServer - Server started on port 51782(0 millis).
12:02:58.352 [Test worker] DEBUG org.springframework.web.reactive.function.client.ExchangeFunctions - [470ebfd4] HTTP POST http://localhost:51782/requestPart
12:02:58.353 [reactor-http-nio-3] DEBUG org.springframework.http.codec.multipart.MultipartHttpMessageWriter - [470ebfd4] Encoding parts [fieldPart, fileParts, jsonPart] (content masked)
12:02:58.367 [reactor-http-nio-4] DEBUG org.springframework.web.server.adapter.HttpWebHandlerAdapter - [3e7e9260] HTTP POST "/requestPart"
12:02:58.367 [reactor-http-nio-4] DEBUG org.springframework.web.reactive.result.method.annotation.RequestMappingHandlerMapping - [3e7e9260] Mapped to void org.springframework.web.reactive.result.method.annotation.MultipartIntegrationTests$MultipartController.requestPart(org.springframework.http.codec.multipart.FormFieldPart,org.springframework.http.codec.multipart.FilePart,reactor.core.publisher.Mono<org.springframework.http.codec.multipart.FilePart>,reactor.core.publisher.Flux<org.springframework.http.codec.multipart.FilePart>,org.springframework.web.reactive.result.method.annotation.MultipartIntegrationTests$Person,reactor.core.publisher.Mono<org.springframework.web.reactive.result.method.annotation.MultipartIntegrationTests$Person>)
12:02:58.373 [reactor-http-nio-4] DEBUG org.springframework.http.codec.multipart.MultipartHttpMessageReader - [3e7e9260] Parsed parts [fieldPart, fileParts, jsonPart] (content masked)
12:02:58.373 [reactor-http-nio-4] DEBUG org.springframework.web.reactive.result.method.annotation.RequestPartMethodArgumentResolver - [3e7e9260] Decoding part 'jsonPart'
12:02:58.373 [reactor-http-nio-4] DEBUG org.springframework.web.reactive.result.method.annotation.RequestPartMethodArgumentResolver - [3e7e9260] Content-Type:application/json;charset=UTF-8
12:02:58.373 [reactor-http-nio-4] DEBUG org.springframework.web.reactive.result.method.annotation.RequestPartMethodArgumentResolver - [3e7e9260] 0..1 [org.springframework.web.reactive.result.method.annotation.MultipartIntegrationTests$Person]
12:02:58.373 [reactor-http-nio-4] DEBUG org.springframework.http.codec.json.Jackson2JsonDecoder - [3e7e9260] Decoded [org.springframework.web.reactive.result.method.annotation.MultipartIntegrationTests$Person@453c8d73]
12:02:58.373 [reactor-http-nio-4] DEBUG org.springframework.web.reactive.result.method.annotation.RequestPartMethodArgumentResolver - [3e7e9260] Decoding part 'jsonPart'
12:02:58.373 [reactor-http-nio-4] DEBUG org.springframework.web.reactive.result.method.annotation.RequestPartMethodArgumentResolver - [3e7e9260] Content-Type:application/json;charset=UTF-8
12:02:58.373 [reactor-http-nio-4] DEBUG org.springframework.web.reactive.result.method.annotation.RequestPartMethodArgumentResolver - [3e7e9260] 0..1 [org.springframework.web.reactive.result.method.annotation.MultipartIntegrationTests$Person]
12:02:58.374 [reactor-http-nio-4] DEBUG org.springframework.http.codec.json.Jackson2JsonDecoder - [3e7e9260] Decoded [org.springframework.web.reactive.result.method.annotation.MultipartIntegrationTests$Person@76873b70]
12:02:58.374 [reactor-http-nio-4] DEBUG org.springframework.web.server.adapter.HttpWebHandlerAdapter - [3e7e9260] Completed 200 OK
12:02:58.374 [reactor-http-nio-3] DEBUG org.springframework.web.reactive.function.client.ExchangeFunctions - [470ebfd4] Response 200 OK
12:02:58.374 [Test worker] DEBUG org.springframework.http.server.reactive.bootstrap.ReactorHttpServer - Stopping ReactorHttpServer...
12:02:58.374 [Test worker] DEBUG org.springframework.http.server.reactive.bootstrap.ReactorHttpServer - Server stopped (0 millis).
12:02:58.378 [Test worker] DEBUG org.springframework.web.reactive.result.method.annotation.RequestMappingHandlerMapping - 4 mappings in 'requestMappingHandlerMapping'
12:02:58.419 [Test worker] DEBUG org.springframework.web.reactive.result.method.annotation.ControllerMethodResolver - ControllerAdvice beans: none
12:02:58.474 [Test worker] DEBUG org.springframework.web.server.adapter.HttpWebHandlerAdapter - enableLoggingRequestDetails='false': form data and headers will be masked to prevent unsafe logging of potentially sensitive data
12:02:58.475 [Test worker] DEBUG org.springframework.http.server.reactive.bootstrap.TomcatHttpServer - Starting TomcatHttpServer...
12:02:58.482 [Test worker] DEBUG org.springframework.http.server.reactive.bootstrap.TomcatHttpServer - Server started on port 51784(0 millis).
12:02:58.482 [Test worker] DEBUG org.springframework.web.reactive.function.client.ExchangeFunctions - [272dbf06] HTTP POST http://localhost:51784/requestBodyMap
12:02:58.483 [reactor-http-nio-2] DEBUG org.springframework.http.codec.multipart.MultipartHttpMessageWriter - [272dbf06] Encoding parts [fieldPart, fileParts, jsonPart] (content masked)
12:02:58.498 [http-nio-auto-60-exec-1] DEBUG org.springframework.web.server.adapter.HttpWebHandlerAdapter - [59e051e2] HTTP POST "/requestBodyMap"
12:02:58.499 [http-nio-auto-60-exec-1] DEBUG org.springframework.web.reactive.result.method.annotation.RequestMappingHandlerMapping - [59e051e2] Mapped to reactor.core.publisher.Mono<java.lang.String> org.springframework.web.reactive.result.method.annotation.MultipartIntegrationTests$MultipartController.requestBodyMap(reactor.core.publisher.Mono<org.springframework.util.MultiValueMap<java.lang.String, org.springframework.http.codec.multipart.Part>>)
12:02:58.499 [http-nio-auto-60-exec-1] DEBUG org.springframework.web.reactive.result.method.annotation.RequestBodyArgumentResolver - [59e051e2] Content-Type:multipart/form-data;boundary=dMi6e-hCu_Sae0zfMqb5Aq4OkM3HnwtS98t9t_;charset=UTF-8
12:02:58.499 [http-nio-auto-60-exec-1] DEBUG org.springframework.web.reactive.result.method.annotation.RequestBodyArgumentResolver - [59e051e2] 0..1 [org.springframework.util.MultiValueMap<java.lang.String, org.springframework.http.codec.multipart.Part>]
12:02:58.499 [http-nio-auto-60-exec-1] DEBUG org.springframework.web.reactive.result.method.annotation.ResponseBodyResultHandler - Using 'text/plain;charset=UTF-8' given [*/*] and supported [text/plain;charset=UTF-8, text/event-stream, text/plain;charset=UTF-8, */*]
12:02:58.499 [http-nio-auto-60-exec-1] DEBUG org.springframework.web.reactive.result.method.annotation.ResponseBodyResultHandler - [59e051e2] 0..1 [java.lang.String]
12:02:58.504 [http-nio-auto-60-exec-1] DEBUG org.springframework.http.codec.multipart.MultipartHttpMessageReader - [59e051e2] Parsed parts [fieldPart, fileParts, jsonPart] (content masked)
12:02:58.504 [http-nio-auto-60-exec-1] DEBUG org.springframework.core.codec.CharSequenceEncoder - [59e051e2] Writing 'Map[[fieldPart],[fileParts:foo.txt,fileParts:logo.png],[jsonPart]]'
12:02:58.505 [http-nio-auto-60-exec-1] DEBUG org.springframework.web.server.adapter.HttpWebHandlerAdapter - [59e051e2] Completed 200 OK
12:02:58.505 [reactor-http-nio-2] DEBUG org.springframework.web.reactive.function.client.ExchangeFunctions - [272dbf06] Response 200 OK
12:02:58.505 [reactor-http-nio-2] DEBUG org.springframework.core.codec.StringDecoder - [272dbf06] Decoded 'Map[[fieldPart],[fileParts:foo.txt,fileParts:logo.png],[jsonPart]]'
12:02:58.505 [Test worker] DEBUG org.springframework.http.server.reactive.bootstrap.TomcatHttpServer - Stopping TomcatHttpServer...
12:02:58.558 [Test worker] DEBUG org.springframework.http.server.reactive.bootstrap.TomcatHttpServer - Server stopped (0 millis).
12:02:58.591 [Test worker] DEBUG org.springframework.web.reactive.result.method.annotation.RequestMappingHandlerMapping - 4 mappings in 'requestMappingHandlerMapping'
12:02:58.638 [Test worker] DEBUG org.springframework.web.reactive.result.method.annotation.ControllerMethodResolver - ControllerAdvice beans: none
12:02:58.693 [Test worker] DEBUG org.springframework.web.server.adapter.HttpWebHandlerAdapter - enableLoggingRequestDetails='false': form data and headers will be masked to prevent unsafe logging of potentially sensitive data
12:02:58.693 [Test worker] DEBUG org.springframework.http.server.reactive.bootstrap.TomcatHttpServer - Starting TomcatHttpServer...
12:02:58.701 [Test worker] DEBUG org.springframework.http.server.reactive.bootstrap.TomcatHttpServer - Server started on port 51793(0 millis).
12:02:58.701 [Test worker] DEBUG org.springframework.web.reactive.function.client.ExchangeFunctions - [2c82728] HTTP POST http://localhost:51793/modelAttribute
12:02:58.702 [reactor-http-nio-6] DEBUG org.springframework.http.codec.multipart.MultipartHttpMessageWriter - [2c82728] Encoding parts [fieldPart, fileParts, jsonPart] (content masked)
12:02:58.717 [http-nio-auto-61-exec-1] DEBUG org.springframework.web.server.adapter.HttpWebHandlerAdapter - [27db9c15] HTTP POST "/modelAttribute"
12:02:58.717 [http-nio-auto-61-exec-1] DEBUG org.springframework.web.reactive.result.method.annotation.RequestMappingHandlerMapping - [27db9c15] Mapped to java.lang.String org.springframework.web.reactive.result.method.annotation.MultipartIntegrationTests$MultipartController.modelAttribute(org.springframework.web.reactive.result.method.annotation.MultipartIntegrationTests$FormBean)
12:02:58.723 [http-nio-auto-61-exec-1] DEBUG org.springframework.http.codec.multipart.MultipartHttpMessageReader - [27db9c15] Parsed parts [fieldPart, fileParts, jsonPart] (content masked)
12:02:58.729 [http-nio-auto-61-exec-1] DEBUG org.springframework.web.reactive.result.method.annotation.ResponseBodyResultHandler - Using 'text/plain;charset=UTF-8' given [*/*] and supported [text/plain;charset=UTF-8, text/event-stream, text/plain;charset=UTF-8, */*]
12:02:58.729 [http-nio-auto-61-exec-1] DEBUG org.springframework.web.reactive.result.method.annotation.ResponseBodyResultHandler - [27db9c15] 0..1 [java.lang.String]
12:02:58.729 [http-nio-auto-61-exec-1] DEBUG org.springframework.core.codec.CharSequenceEncoder - [27db9c15] Writing 'FormBean[fieldValue,[fileParts:foo.txt,fileParts:logo.png]]'
12:02:58.729 [http-nio-auto-61-exec-1] DEBUG org.springframework.web.server.adapter.HttpWebHandlerAdapter - [27db9c15] Completed 200 OK
12:02:58.729 [reactor-http-nio-6] DEBUG org.springframework.web.reactive.function.client.ExchangeFunctions - [2c82728] Response 200 OK
12:02:58.730 [reactor-http-nio-6] DEBUG org.springframework.core.codec.StringDecoder - [2c82728] Decoded 'FormBean[fieldValue,[fileParts:foo.txt,fileParts:logo.png]]'
12:02:58.730 [Test worker] DEBUG org.springframework.http.server.reactive.bootstrap.TomcatHttpServer - Stopping TomcatHttpServer...
12:02:58.784 [Test worker] DEBUG org.springframework.http.server.reactive.bootstrap.TomcatHttpServer - Server stopped (0 millis).
12:02:58.816 [Test worker] DEBUG org.springframework.web.reactive.result.method.annotation.RequestMappingHandlerMapping - 4 mappings in 'requestMappingHandlerMapping'
12:02:58.859 [Test worker] DEBUG org.springframework.web.reactive.result.method.annotation.ControllerMethodResolver - ControllerAdvice beans: none
12:02:58.914 [Test worker] DEBUG org.springframework.web.server.adapter.HttpWebHandlerAdapter - enableLoggingRequestDetails='false': form data and headers will be masked to prevent unsafe logging of potentially sensitive data
12:02:58.914 [Test worker] DEBUG org.springframework.http.server.reactive.bootstrap.TomcatHttpServer - Starting TomcatHttpServer...
12:02:58.921 [Test worker] DEBUG org.springframework.http.server.reactive.bootstrap.TomcatHttpServer - Server started on port 51802(0 millis).
12:02:58.922 [Test worker] DEBUG org.springframework.web.reactive.function.client.ExchangeFunctions - [f331bd0] HTTP POST http://localhost:51802/requestBodyFlux
12:02:58.923 [reactor-http-nio-4] DEBUG org.springframework.http.codec.multipart.MultipartHttpMessageWriter - [f331bd0] Encoding parts [fieldPart, fileParts, jsonPart] (content masked)
12:02:58.938 [http-nio-auto-62-exec-1] DEBUG org.springframework.web.server.adapter.HttpWebHandlerAdapter - [336138f] HTTP POST "/requestBodyFlux"
12:02:58.938 [http-nio-auto-62-exec-1] DEBUG org.springframework.web.reactive.result.method.annotation.RequestMappingHandlerMapping - [336138f] Mapped to reactor.core.publisher.Mono<java.lang.String> org.springframework.web.reactive.result.method.annotation.MultipartIntegrationTests$MultipartController.requestBodyFlux(reactor.core.publisher.Flux<org.springframework.http.codec.multipart.Part>)
12:02:58.938 [http-nio-auto-62-exec-1] DEBUG org.springframework.web.reactive.result.method.annotation.RequestBodyArgumentResolver - [336138f] Content-Type:multipart/form-data;boundary=xrxNc0-PL3RkslVaNWnLyX6fR1DYfh3;charset=UTF-8
12:02:58.939 [http-nio-auto-62-exec-1] DEBUG org.springframework.web.reactive.result.method.annotation.RequestBodyArgumentResolver - [336138f] 0..N [org.springframework.http.codec.multipart.Part]
12:02:58.939 [http-nio-auto-62-exec-1] DEBUG org.springframework.web.reactive.result.method.annotation.ResponseBodyResultHandler - Using 'text/plain;charset=UTF-8' given [*/*] and supported [text/plain;charset=UTF-8, text/event-stream, text/plain;charset=UTF-8, */*]
12:02:58.939 [http-nio-auto-62-exec-1] DEBUG org.springframework.web.reactive.result.method.annotation.ResponseBodyResultHandler - [336138f] 0..1 [java.lang.String]
12:02:58.939 [http-nio-auto-62-exec-1] DEBUG org.springframework.http.codec.multipart.SynchronossPartHttpMessageReader - [336138f] Parsed parts 'fieldPart' (content masked)
12:02:58.939 [http-nio-auto-62-exec-1] DEBUG org.springframework.http.codec.multipart.SynchronossPartHttpMessageReader - [336138f] Parsed parts 'fileParts' (content masked)
12:02:58.943 [http-nio-auto-62-exec-1] DEBUG org.springframework.http.codec.multipart.SynchronossPartHttpMessageReader - [336138f] Parsed parts 'fileParts' (content masked)
12:02:58.943 [http-nio-auto-62-exec-1] DEBUG org.springframework.http.codec.multipart.SynchronossPartHttpMessageReader - [336138f] Parsed parts 'jsonPart' (content masked)
12:02:58.944 [http-nio-auto-62-exec-1] DEBUG org.springframework.core.codec.CharSequenceEncoder - [336138f] Writing '[fieldPart,fileParts:foo.txt,fileParts:logo.png,jsonPart]'
12:02:58.944 [http-nio-auto-62-exec-1] DEBUG org.springframework.web.server.adapter.HttpWebHandlerAdapter - [336138f] Completed 200 OK
12:02:58.944 [reactor-http-nio-4] DEBUG org.springframework.web.reactive.function.client.ExchangeFunctions - [f331bd0] Response 200 OK
12:02:58.944 [reactor-http-nio-4] DEBUG org.springframework.core.codec.StringDecoder - [f331bd0] Decoded '[fieldPart,fileParts:foo.txt,fileParts:logo.png,jsonPart]'
12:02:58.944 [Test worker] DEBUG org.springframework.http.server.reactive.bootstrap.TomcatHttpServer - Stopping TomcatHttpServer...
12:02:58.999 [Test worker] DEBUG org.springframework.http.server.reactive.bootstrap.TomcatHttpServer - Server stopped (0 millis).
12:02:59.031 [Test worker] DEBUG org.springframework.web.reactive.result.method.annotation.RequestMappingHandlerMapping - 4 mappings in 'requestMappingHandlerMapping'
12:02:59.075 [Test worker] DEBUG org.springframework.web.reactive.result.method.annotation.ControllerMethodResolver - ControllerAdvice beans: none
12:02:59.130 [Test worker] DEBUG org.springframework.web.server.adapter.HttpWebHandlerAdapter - enableLoggingRequestDetails='false': form data and headers will be masked to prevent unsafe logging of potentially sensitive data
12:02:59.131 [Test worker] DEBUG org.springframework.http.server.reactive.bootstrap.TomcatHttpServer - Starting TomcatHttpServer...
12:02:59.138 [Test worker] DEBUG org.springframework.http.server.reactive.bootstrap.TomcatHttpServer - Server started on port 51811(0 millis).
12:02:59.138 [Test worker] DEBUG org.springframework.web.reactive.function.client.ExchangeFunctions - [749ab043] HTTP POST http://localhost:51811/requestPart
12:02:59.139 [reactor-http-nio-2] DEBUG org.springframework.http.codec.multipart.MultipartHttpMessageWriter - [749ab043] Encoding parts [fieldPart, fileParts, jsonPart] (content masked)
12:02:59.154 [http-nio-auto-63-exec-1] DEBUG org.springframework.web.server.adapter.HttpWebHandlerAdapter - [554521b3] HTTP POST "/requestPart"
12:02:59.154 [http-nio-auto-63-exec-1] DEBUG org.springframework.web.reactive.result.method.annotation.RequestMappingHandlerMapping - [554521b3] Mapped to void org.springframework.web.reactive.result.method.annotation.MultipartIntegrationTests$MultipartController.requestPart(org.springframework.http.codec.multipart.FormFieldPart,org.springframework.http.codec.multipart.FilePart,reactor.core.publisher.Mono<org.springframework.http.codec.multipart.FilePart>,reactor.core.publisher.Flux<org.springframework.http.codec.multipart.FilePart>,org.springframework.web.reactive.result.method.annotation.MultipartIntegrationTests$Person,reactor.core.publisher.Mono<org.springframework.web.reactive.result.method.annotation.MultipartIntegrationTests$Person>)
12:02:59.160 [http-nio-auto-63-exec-1] DEBUG org.springframework.http.codec.multipart.MultipartHttpMessageReader - [554521b3] Parsed parts [fieldPart, fileParts, jsonPart] (content masked)
12:02:59.160 [http-nio-auto-63-exec-1] DEBUG org.springframework.web.reactive.result.method.annotation.RequestPartMethodArgumentResolver - [554521b3] Decoding part 'jsonPart'
12:02:59.160 [http-nio-auto-63-exec-1] DEBUG org.springframework.web.reactive.result.method.annotation.RequestPartMethodArgumentResolver - [554521b3] Content-Type:application/json;charset=UTF-8
12:02:59.160 [http-nio-auto-63-exec-1] DEBUG org.springframework.web.reactive.result.method.annotation.RequestPartMethodArgumentResolver - [554521b3] 0..1 [org.springframework.web.reactive.result.method.annotation.MultipartIntegrationTests$Person]
12:02:59.160 [http-nio-auto-63-exec-1] DEBUG org.springframework.http.codec.json.Jackson2JsonDecoder - [554521b3] Decoded [org.springframework.web.reactive.result.method.annotation.MultipartIntegrationTests$Person@21269f00]
12:02:59.160 [http-nio-auto-63-exec-1] DEBUG org.springframework.web.reactive.result.method.annotation.RequestPartMethodArgumentResolver - [554521b3] Decoding part 'jsonPart'
12:02:59.160 [http-nio-auto-63-exec-1] DEBUG org.springframework.web.reactive.result.method.annotation.RequestPartMethodArgumentResolver - [554521b3] Content-Type:application/json;charset=UTF-8
12:02:59.160 [http-nio-auto-63-exec-1] DEBUG org.springframework.web.reactive.result.method.annotation.RequestPartMethodArgumentResolver - [554521b3] 0..1 [org.springframework.web.reactive.result.method.annotation.MultipartIntegrationTests$Person]
12:02:59.161 [http-nio-auto-63-exec-1] DEBUG org.springframework.http.codec.json.Jackson2JsonDecoder - [554521b3] Decoded [org.springframework.web.reactive.result.method.annotation.MultipartIntegrationTests$Person@7457d4c7]
12:02:59.161 [http-nio-auto-63-exec-1] DEBUG org.springframework.web.server.adapter.HttpWebHandlerAdapter - [554521b3] Completed 200 OK
12:02:59.161 [reactor-http-nio-2] DEBUG org.springframework.web.reactive.function.client.ExchangeFunctions - [749ab043] Response 200 OK
12:02:59.161 [Test worker] DEBUG org.springframework.http.server.reactive.bootstrap.TomcatHttpServer - Stopping TomcatHttpServer...
12:02:59.215 [Test worker] DEBUG org.springframework.http.server.reactive.bootstrap.TomcatHttpServer - Server stopped (0 millis).
12:02:59.247 [Test worker] DEBUG org.springframework.web.reactive.result.method.annotation.RequestMappingHandlerMapping - 4 mappings in 'requestMappingHandlerMapping'
12:02:59.294 [Test worker] DEBUG org.springframework.web.reactive.result.method.annotation.ControllerMethodResolver - ControllerAdvice beans: none
12:02:59.358 [Test worker] DEBUG org.springframework.web.server.adapter.HttpWebHandlerAdapter - enableLoggingRequestDetails='false': form data and headers will be masked to prevent unsafe logging of potentially sensitive data
12:02:59.359 [Test worker] DEBUG org.springframework.http.server.reactive.bootstrap.UndertowHttpServer - Starting UndertowHttpServer...
12:02:59.362 [Test worker] DEBUG org.springframework.http.server.reactive.bootstrap.UndertowHttpServer - Server started on port 51834(0 millis).
12:02:59.362 [Test worker] DEBUG org.springframework.web.reactive.function.client.ExchangeFunctions - [5f3d2b6f] HTTP POST http://localhost:51834/requestBodyMap
12:02:59.364 [reactor-http-nio-6] DEBUG org.springframework.http.codec.multipart.MultipartHttpMessageWriter - [5f3d2b6f] Encoding parts [fieldPart, fileParts, jsonPart] (content masked)
12:02:59.378 [XNIO-59 I/O-6] DEBUG org.springframework.web.server.adapter.HttpWebHandlerAdapter - [c4af6f0] HTTP POST "/requestBodyMap"
12:02:59.379 [XNIO-59 I/O-6] DEBUG org.springframework.web.reactive.result.method.annotation.RequestMappingHandlerMapping - [c4af6f0] Mapped to reactor.core.publisher.Mono<java.lang.String> org.springframework.web.reactive.result.method.annotation.MultipartIntegrationTests$MultipartController.requestBodyMap(reactor.core.publisher.Mono<org.springframework.util.MultiValueMap<java.lang.String, org.springframework.http.codec.multipart.Part>>)
12:02:59.379 [XNIO-59 I/O-6] DEBUG org.springframework.web.reactive.result.method.annotation.RequestBodyArgumentResolver - [c4af6f0] Content-Type:multipart/form-data;boundary=ZlhN0mQRlFVpQyQs4hByL592pShHNkB;charset=UTF-8
12:02:59.379 [XNIO-59 I/O-6] DEBUG org.springframework.web.reactive.result.method.annotation.RequestBodyArgumentResolver - [c4af6f0] 0..1 [org.springframework.util.MultiValueMap<java.lang.String, org.springframework.http.codec.multipart.Part>]
12:02:59.379 [XNIO-59 I/O-6] DEBUG org.springframework.web.reactive.result.method.annotation.ResponseBodyResultHandler - Using 'text/plain;charset=UTF-8' given [*/*] and supported [text/plain;charset=UTF-8, text/event-stream, text/plain;charset=UTF-8, */*]
12:02:59.379 [XNIO-59 I/O-6] DEBUG org.springframework.web.reactive.result.method.annotation.ResponseBodyResultHandler - [c4af6f0] 0..1 [java.lang.String]
12:02:59.384 [XNIO-59 I/O-6] DEBUG org.springframework.http.codec.multipart.MultipartHttpMessageReader - [c4af6f0] Parsed parts [fieldPart, fileParts, jsonPart] (content masked)
12:02:59.384 [XNIO-59 I/O-6] DEBUG org.springframework.core.codec.CharSequenceEncoder - [c4af6f0] Writing 'Map[[fieldPart],[fileParts:foo.txt,fileParts:logo.png],[jsonPart]]'
12:02:59.384 [XNIO-59 I/O-6] DEBUG org.springframework.web.server.adapter.HttpWebHandlerAdapter - [c4af6f0] Completed 200 OK
12:02:59.384 [reactor-http-nio-6] DEBUG org.springframework.web.reactive.function.client.ExchangeFunctions - [5f3d2b6f] Response 200 OK
12:02:59.384 [reactor-http-nio-6] DEBUG org.springframework.core.codec.StringDecoder - [5f3d2b6f] Decoded 'Map[[fieldPart],[fileParts:foo.txt,fileParts:logo.png],[jsonPart]]'
12:02:59.384 [Test worker] DEBUG org.springframework.http.server.reactive.bootstrap.UndertowHttpServer - Stopping UndertowHttpServer...
12:02:59.385 [Test worker] DEBUG org.springframework.http.server.reactive.bootstrap.UndertowHttpServer - Server stopped (0 millis).
12:02:59.389 [Test worker] DEBUG org.springframework.web.reactive.result.method.annotation.RequestMappingHandlerMapping - 4 mappings in 'requestMappingHandlerMapping'
12:02:59.431 [Test worker] DEBUG org.springframework.web.reactive.result.method.annotation.ControllerMethodResolver - ControllerAdvice beans: none
12:02:59.488 [Test worker] DEBUG org.springframework.web.server.adapter.HttpWebHandlerAdapter - enableLoggingRequestDetails='false': form data and headers will be masked to prevent unsafe logging of potentially sensitive data
12:02:59.488 [Test worker] DEBUG org.springframework.http.server.reactive.bootstrap.UndertowHttpServer - Starting UndertowHttpServer...
12:02:59.492 [Test worker] DEBUG org.springframework.http.server.reactive.bootstrap.UndertowHttpServer - Server started on port 51850(0 millis).
12:02:59.492 [Test worker] DEBUG org.springframework.web.reactive.function.client.ExchangeFunctions - [52b09089] HTTP POST http://localhost:51850/modelAttribute
12:02:59.493 [reactor-http-nio-4] DEBUG org.springframework.http.codec.multipart.MultipartHttpMessageWriter - [52b09089] Encoding parts [fieldPart, fileParts, jsonPart] (content masked)
12:02:59.507 [XNIO-60 I/O-6] DEBUG org.springframework.web.server.adapter.HttpWebHandlerAdapter - [5d79738] HTTP POST "/modelAttribute"
12:02:59.508 [XNIO-60 I/O-6] DEBUG org.springframework.web.reactive.result.method.annotation.RequestMappingHandlerMapping - [5d79738] Mapped to java.lang.String org.springframework.web.reactive.result.method.annotation.MultipartIntegrationTests$MultipartController.modelAttribute(org.springframework.web.reactive.result.method.annotation.MultipartIntegrationTests$FormBean)
12:02:59.513 [XNIO-60 I/O-6] DEBUG org.springframework.http.codec.multipart.MultipartHttpMessageReader - [5d79738] Parsed parts [fieldPart, fileParts, jsonPart] (content masked)
12:02:59.518 [XNIO-60 I/O-6] DEBUG org.springframework.web.reactive.result.method.annotation.ResponseBodyResultHandler - Using 'text/plain;charset=UTF-8' given [*/*] and supported [text/plain;charset=UTF-8, text/event-stream, text/plain;charset=UTF-8, */*]
12:02:59.518 [XNIO-60 I/O-6] DEBUG org.springframework.web.reactive.result.method.annotation.ResponseBodyResultHandler - [5d79738] 0..1 [java.lang.String]
12:02:59.518 [XNIO-60 I/O-6] DEBUG org.springframework.core.codec.CharSequenceEncoder - [5d79738] Writing 'FormBean[fieldValue,[fileParts:foo.txt,fileParts:logo.png]]'
12:02:59.519 [XNIO-60 I/O-6] DEBUG org.springframework.web.server.adapter.HttpWebHandlerAdapter - [5d79738] Completed 200 OK
12:02:59.519 [reactor-http-nio-4] DEBUG org.springframework.web.reactive.function.client.ExchangeFunctions - [52b09089] Response 200 OK
12:02:59.519 [reactor-http-nio-4] DEBUG org.springframework.core.codec.StringDecoder - [52b09089] Decoded 'FormBean[fieldValue,[fileParts:foo.txt,fileParts:logo.png]]'
12:02:59.519 [Test worker] DEBUG org.springframework.http.server.reactive.bootstrap.UndertowHttpServer - Stopping UndertowHttpServer...
12:02:59.520 [Test worker] DEBUG org.springframework.http.server.reactive.bootstrap.UndertowHttpServer - Server stopped (0 millis).
12:02:59.524 [Test worker] DEBUG org.springframework.web.reactive.result.method.annotation.RequestMappingHandlerMapping - 4 mappings in 'requestMappingHandlerMapping'
12:02:59.566 [Test worker] DEBUG org.springframework.web.reactive.result.method.annotation.ControllerMethodResolver - ControllerAdvice beans: none
12:02:59.620 [Test worker] DEBUG org.springframework.web.server.adapter.HttpWebHandlerAdapter - enableLoggingRequestDetails='false': form data and headers will be masked to prevent unsafe logging of potentially sensitive data
12:02:59.620 [Test worker] DEBUG org.springframework.http.server.reactive.bootstrap.UndertowHttpServer - Starting UndertowHttpServer...
12:02:59.624 [Test worker] DEBUG org.springframework.http.server.reactive.bootstrap.UndertowHttpServer - Server started on port 51866(0 millis).
12:02:59.624 [Test worker] DEBUG org.springframework.web.reactive.function.client.ExchangeFunctions - [48cb5c7c] HTTP POST http://localhost:51866/requestBodyFlux
12:02:59.625 [reactor-http-nio-2] DEBUG org.springframework.http.codec.multipart.MultipartHttpMessageWriter - [48cb5c7c] Encoding parts [fieldPart, fileParts, jsonPart] (content masked)
12:02:59.639 [XNIO-61 I/O-6] DEBUG org.springframework.web.server.adapter.HttpWebHandlerAdapter - [39871961] HTTP POST "/requestBodyFlux"
12:02:59.640 [XNIO-61 I/O-6] DEBUG org.springframework.web.reactive.result.method.annotation.RequestMappingHandlerMapping - [39871961] Mapped to reactor.core.publisher.Mono<java.lang.String> org.springframework.web.reactive.result.method.annotation.MultipartIntegrationTests$MultipartController.requestBodyFlux(reactor.core.publisher.Flux<org.springframework.http.codec.multipart.Part>)
12:02:59.640 [XNIO-61 I/O-6] DEBUG org.springframework.web.reactive.result.method.annotation.RequestBodyArgumentResolver - [39871961] Content-Type:multipart/form-data;boundary=GGFnf_gwm7oaVSum3-bVKH-GQ9dw3_L6t_mAJkF;charset=UTF-8
12:02:59.640 [XNIO-61 I/O-6] DEBUG org.springframework.web.reactive.result.method.annotation.RequestBodyArgumentResolver - [39871961] 0..N [org.springframework.http.codec.multipart.Part]
12:02:59.640 [XNIO-61 I/O-6] DEBUG org.springframework.web.reactive.result.method.annotation.ResponseBodyResultHandler - Using 'text/plain;charset=UTF-8' given [*/*] and supported [text/plain;charset=UTF-8, text/event-stream, text/plain;charset=UTF-8, */*]
12:02:59.640 [XNIO-61 I/O-6] DEBUG org.springframework.web.reactive.result.method.annotation.ResponseBodyResultHandler - [39871961] 0..1 [java.lang.String]
12:02:59.640 [XNIO-61 I/O-6] DEBUG org.springframework.http.codec.multipart.SynchronossPartHttpMessageReader - [39871961] Parsed parts 'fieldPart' (content masked)
12:02:59.640 [XNIO-61 I/O-6] DEBUG org.springframework.http.codec.multipart.SynchronossPartHttpMessageReader - [39871961] Parsed parts 'fileParts' (content masked)
12:02:59.644 [XNIO-61 I/O-6] DEBUG org.springframework.http.codec.multipart.SynchronossPartHttpMessageReader - [39871961] Parsed parts 'fileParts' (content masked)
12:02:59.645 [XNIO-61 I/O-6] DEBUG org.springframework.http.codec.multipart.SynchronossPartHttpMessageReader - [39871961] Parsed parts 'jsonPart' (content masked)
12:02:59.645 [XNIO-61 I/O-6] DEBUG org.springframework.core.codec.CharSequenceEncoder - [39871961] Writing '[fieldPart,fileParts:foo.txt,fileParts:logo.png,jsonPart]'
12:02:59.645 [XNIO-61 I/O-6] DEBUG org.springframework.web.server.adapter.HttpWebHandlerAdapter - [39871961] Completed 200 OK
12:02:59.645 [reactor-http-nio-2] DEBUG org.springframework.web.reactive.function.client.ExchangeFunctions - [48cb5c7c] Response 200 OK
12:02:59.645 [reactor-http-nio-2] DEBUG org.springframework.core.codec.StringDecoder - [48cb5c7c] Decoded '[fieldPart,fileParts:foo.txt,fileParts:logo.png,jsonPart]'
12:02:59.645 [Test worker] DEBUG org.springframework.http.server.reactive.bootstrap.UndertowHttpServer - Stopping UndertowHttpServer...
12:02:59.646 [Test worker] DEBUG org.springframework.http.server.reactive.bootstrap.UndertowHttpServer - Server stopped (0 millis).
12:02:59.651 [Test worker] DEBUG org.springframework.web.reactive.result.method.annotation.RequestMappingHandlerMapping - 4 mappings in 'requestMappingHandlerMapping'
12:02:59.692 [Test worker] DEBUG org.springframework.web.reactive.result.method.annotation.ControllerMethodResolver - ControllerAdvice beans: none
12:02:59.748 [Test worker] DEBUG org.springframework.web.server.adapter.HttpWebHandlerAdapter - enableLoggingRequestDetails='false': form data and headers will be masked to prevent unsafe logging of potentially sensitive data
12:02:59.748 [Test worker] DEBUG org.springframework.http.server.reactive.bootstrap.UndertowHttpServer - Starting UndertowHttpServer...
12:02:59.752 [Test worker] DEBUG org.springframework.http.server.reactive.bootstrap.UndertowHttpServer - Server started on port 51882(0 millis).
12:02:59.752 [Test worker] DEBUG org.springframework.web.reactive.function.client.ExchangeFunctions - [4b13ab8b] HTTP POST http://localhost:51882/requestPart
12:02:59.754 [reactor-http-nio-6] DEBUG org.springframework.http.codec.multipart.MultipartHttpMessageWriter - [4b13ab8b] Encoding parts [fieldPart, fileParts, jsonPart] (content masked)
12:02:59.768 [XNIO-62 I/O-6] DEBUG org.springframework.web.server.adapter.HttpWebHandlerAdapter - [24c3ef7d] HTTP POST "/requestPart"
12:02:59.768 [XNIO-62 I/O-6] DEBUG org.springframework.web.reactive.result.method.annotation.RequestMappingHandlerMapping - [24c3ef7d] Mapped to void org.springframework.web.reactive.result.method.annotation.MultipartIntegrationTests$MultipartController.requestPart(org.springframework.http.codec.multipart.FormFieldPart,org.springframework.http.codec.multipart.FilePart,reactor.core.publisher.Mono<org.springframework.http.codec.multipart.FilePart>,reactor.core.publisher.Flux<org.springframework.http.codec.multipart.FilePart>,org.springframework.web.reactive.result.method.annotation.MultipartIntegrationTests$Person,reactor.core.publisher.Mono<org.springframework.web.reactive.result.method.annotation.MultipartIntegrationTests$Person>)
12:02:59.773 [XNIO-62 I/O-6] DEBUG org.springframework.http.codec.multipart.MultipartHttpMessageReader - [24c3ef7d] Parsed parts [fieldPart, fileParts, jsonPart] (content masked)
12:02:59.773 [XNIO-62 I/O-6] DEBUG org.springframework.web.reactive.result.method.annotation.RequestPartMethodArgumentResolver - [24c3ef7d] Decoding part 'jsonPart'
12:02:59.773 [XNIO-62 I/O-6] DEBUG org.springframework.web.reactive.result.method.annotation.RequestPartMethodArgumentResolver - [24c3ef7d] Content-Type:application/json;charset=UTF-8
12:02:59.773 [XNIO-62 I/O-6] DEBUG org.springframework.web.reactive.result.method.annotation.RequestPartMethodArgumentResolver - [24c3ef7d] 0..1 [org.springframework.web.reactive.result.method.annotation.MultipartIntegrationTests$Person]
12:02:59.773 [XNIO-62 I/O-6] DEBUG org.springframework.http.codec.json.Jackson2JsonDecoder - [24c3ef7d] Decoded [org.springframework.web.reactive.result.method.annotation.MultipartIntegrationTests$Person@20fc7f3d]
12:02:59.773 [XNIO-62 I/O-6] DEBUG org.springframework.web.reactive.result.method.annotation.RequestPartMethodArgumentResolver - [24c3ef7d] Decoding part 'jsonPart'
12:02:59.774 [XNIO-62 I/O-6] DEBUG org.springframework.web.reactive.result.method.annotation.RequestPartMethodArgumentResolver - [24c3ef7d] Content-Type:application/json;charset=UTF-8
12:02:59.774 [XNIO-62 I/O-6] DEBUG org.springframework.web.reactive.result.method.annotation.RequestPartMethodArgumentResolver - [24c3ef7d] 0..1 [org.springframework.web.reactive.result.method.annotation.MultipartIntegrationTests$Person]
12:02:59.774 [XNIO-62 I/O-6] DEBUG org.springframework.http.codec.json.Jackson2JsonDecoder - [24c3ef7d] Decoded [org.springframework.web.reactive.result.method.annotation.MultipartIntegrationTests$Person@65fee546]
12:02:59.774 [XNIO-62 I/O-6] DEBUG org.springframework.web.server.adapter.HttpWebHandlerAdapter - [24c3ef7d] Completed 200 OK
12:02:59.774 [reactor-http-nio-6] DEBUG org.springframework.web.reactive.function.client.ExchangeFunctions - [4b13ab8b] Response 200 OK
12:02:59.774 [Test worker] DEBUG org.springframework.http.server.reactive.bootstrap.UndertowHttpServer - Stopping UndertowHttpServer...
12:02:59.775 [Test worker] DEBUG org.springframework.http.server.reactive.bootstrap.UndertowHttpServer - Server stopped (0 millis).
]]></system-out>
  <system-err><![CDATA[八月 26, 2020 12:02:58 下午 org.apache.catalina.core.StandardService startInternal
信息: Starting service [Tomcat]
八月 26, 2020 12:02:58 下午 org.apache.catalina.core.StandardEngine startInternal
信息: Starting Servlet Engine: Apache Tomcat/9.0.11
八月 26, 2020 12:02:58 下午 org.apache.coyote.AbstractProtocol init
信息: Initializing ProtocolHandler ["http-nio-auto-60"]
八月 26, 2020 12:02:58 下午 org.apache.tomcat.util.net.NioSelectorPool getSharedSelector
信息: Using a shared selector for servlet write/read
八月 26, 2020 12:02:58 下午 org.apache.coyote.AbstractProtocol start
信息: Starting ProtocolHandler ["http-nio-auto-60-51784"]
八月 26, 2020 12:02:58 下午 org.apache.coyote.AbstractProtocol pause
信息: Pausing ProtocolHandler ["http-nio-auto-60-51784"]
八月 26, 2020 12:02:58 下午 org.apache.catalina.core.StandardService stopInternal
信息: Stopping service [Tomcat]
八月 26, 2020 12:02:58 下午 org.apache.coyote.AbstractProtocol stop
信息: Stopping ProtocolHandler ["http-nio-auto-60-51784"]
八月 26, 2020 12:02:58 下午 org.apache.coyote.AbstractProtocol destroy
信息: Destroying ProtocolHandler ["http-nio-auto-60-51784"]
八月 26, 2020 12:02:58 下午 org.apache.catalina.core.StandardService startInternal
信息: Starting service [Tomcat]
八月 26, 2020 12:02:58 下午 org.apache.catalina.core.StandardEngine startInternal
信息: Starting Servlet Engine: Apache Tomcat/9.0.11
八月 26, 2020 12:02:58 下午 org.apache.coyote.AbstractProtocol init
信息: Initializing ProtocolHandler ["http-nio-auto-61"]
八月 26, 2020 12:02:58 下午 org.apache.tomcat.util.net.NioSelectorPool getSharedSelector
信息: Using a shared selector for servlet write/read
八月 26, 2020 12:02:58 下午 org.apache.coyote.AbstractProtocol start
信息: Starting ProtocolHandler ["http-nio-auto-61-51793"]
八月 26, 2020 12:02:58 下午 org.apache.coyote.AbstractProtocol pause
信息: Pausing ProtocolHandler ["http-nio-auto-61-51793"]
八月 26, 2020 12:02:58 下午 org.apache.catalina.core.StandardService stopInternal
信息: Stopping service [Tomcat]
八月 26, 2020 12:02:58 下午 org.apache.coyote.AbstractProtocol stop
信息: Stopping ProtocolHandler ["http-nio-auto-61-51793"]
八月 26, 2020 12:02:58 下午 org.apache.coyote.AbstractProtocol destroy
信息: Destroying ProtocolHandler ["http-nio-auto-61-51793"]
八月 26, 2020 12:02:58 下午 org.apache.catalina.core.StandardService startInternal
信息: Starting service [Tomcat]
八月 26, 2020 12:02:58 下午 org.apache.catalina.core.StandardEngine startInternal
信息: Starting Servlet Engine: Apache Tomcat/9.0.11
八月 26, 2020 12:02:58 下午 org.apache.coyote.AbstractProtocol init
信息: Initializing ProtocolHandler ["http-nio-auto-62"]
八月 26, 2020 12:02:58 下午 org.apache.tomcat.util.net.NioSelectorPool getSharedSelector
信息: Using a shared selector for servlet write/read
八月 26, 2020 12:02:58 下午 org.apache.coyote.AbstractProtocol start
信息: Starting ProtocolHandler ["http-nio-auto-62-51802"]
八月 26, 2020 12:02:58 下午 org.apache.coyote.AbstractProtocol pause
信息: Pausing ProtocolHandler ["http-nio-auto-62-51802"]
八月 26, 2020 12:02:58 下午 org.apache.catalina.core.StandardService stopInternal
信息: Stopping service [Tomcat]
八月 26, 2020 12:02:58 下午 org.apache.coyote.AbstractProtocol stop
信息: Stopping ProtocolHandler ["http-nio-auto-62-51802"]
八月 26, 2020 12:02:58 下午 org.apache.coyote.AbstractProtocol destroy
信息: Destroying ProtocolHandler ["http-nio-auto-62-51802"]
八月 26, 2020 12:02:59 下午 org.apache.catalina.core.StandardService startInternal
信息: Starting service [Tomcat]
八月 26, 2020 12:02:59 下午 org.apache.catalina.core.StandardEngine startInternal
信息: Starting Servlet Engine: Apache Tomcat/9.0.11
八月 26, 2020 12:02:59 下午 org.apache.coyote.AbstractProtocol init
信息: Initializing ProtocolHandler ["http-nio-auto-63"]
八月 26, 2020 12:02:59 下午 org.apache.tomcat.util.net.NioSelectorPool getSharedSelector
信息: Using a shared selector for servlet write/read
八月 26, 2020 12:02:59 下午 org.apache.coyote.AbstractProtocol start
信息: Starting ProtocolHandler ["http-nio-auto-63-51811"]
八月 26, 2020 12:02:59 下午 org.apache.coyote.AbstractProtocol pause
信息: Pausing ProtocolHandler ["http-nio-auto-63-51811"]
八月 26, 2020 12:02:59 下午 org.apache.catalina.core.StandardService stopInternal
信息: Stopping service [Tomcat]
八月 26, 2020 12:02:59 下午 org.apache.coyote.AbstractProtocol stop
信息: Stopping ProtocolHandler ["http-nio-auto-63-51811"]
八月 26, 2020 12:02:59 下午 org.apache.coyote.AbstractProtocol destroy
信息: Destroying ProtocolHandler ["http-nio-auto-63-51811"]
]]></system-err>
</testsuite>
