<?xml version="1.0" encoding="UTF-8"?>
<testsuite name="org.springframework.web.reactive.function.server.RouterFunctionTests" tests="4" skipped="0" failures="0" errors="0" timestamp="2020-08-26T04:02:20" hostname="PC-20191023THJJ" time="0.129">
  <properties/>
  <testcase name="filter" classname="org.springframework.web.reactive.function.server.RouterFunctionTests" time="0.032"/>
  <testcase name="andOther" classname="org.springframework.web.reactive.function.server.RouterFunctionTests" time="0.032"/>
  <testcase name="andRoute" classname="org.springframework.web.reactive.function.server.RouterFunctionTests" time="0.035"/>
  <testcase name="and" classname="org.springframework.web.reactive.function.server.RouterFunctionTests" time="0.03"/>
  <system-out><![CDATA[]]></system-out>
  <system-err><![CDATA[]]></system-err>
</testsuite>
