<?xml version="1.0" encoding="UTF-8"?>
<testsuite name="org.springframework.web.reactive.result.view.script.JythonScriptTemplateTests" tests="1" skipped="0" failures="0" errors="0" timestamp="2020-08-26T04:04:09" hostname="PC-20191023THJJ" time="3.605">
  <properties/>
  <testcase name="renderTemplate" classname="org.springframework.web.reactive.result.view.script.JythonScriptTemplateTests" time="3.605"/>
  <system-out><![CDATA[]]></system-out>
  <system-err><![CDATA[]]></system-err>
</testsuite>
