<?xml version="1.0" encoding="UTF-8"?>
<testsuite name="org.springframework.web.reactive.result.view.script.NashornScriptTemplateTests" tests="2" skipped="0" failures="0" errors="0" timestamp="2020-08-26T04:04:13" hostname="PC-20191023THJJ" time="0.3">
  <properties/>
  <testcase name="renderTemplateWithUrl" classname="org.springframework.web.reactive.result.view.script.NashornScriptTemplateTests" time="0.278"/>
  <testcase name="renderTemplate" classname="org.springframework.web.reactive.result.view.script.NashornScriptTemplateTests" time="0.022"/>
  <system-out><![CDATA[]]></system-out>
  <system-err><![CDATA[]]></system-err>
</testsuite>
