<?xml version="1.0" encoding="UTF-8"?>
<testsuite name="org.springframework.web.reactive.resource.PathResourceResolverTests" tests="7" skipped="0" failures="0" errors="0" timestamp="2020-08-26T04:02:23" hostname="PC-20191023THJJ" time="0.005">
  <properties/>
  <testcase name="checkFileLocation" classname="org.springframework.web.reactive.resource.PathResourceResolverTests" time="0.0"/>
  <testcase name="checkResourceWithAllowedLocations" classname="org.springframework.web.reactive.resource.PathResourceResolverTests" time="0.0"/>
  <testcase name="resolveFromClasspathRoot" classname="org.springframework.web.reactive.resource.PathResourceResolverTests" time="0.001"/>
  <testcase name="resolveFromClasspath" classname="org.springframework.web.reactive.resource.PathResourceResolverTests" time="0.0"/>
  <testcase name="resolvePathRootResource" classname="org.springframework.web.reactive.resource.PathResourceResolverTests" time="0.0"/>
  <testcase name="checkRelativeLocation" classname="org.springframework.web.reactive.resource.PathResourceResolverTests" time="0.0"/>
  <testcase name="checkResource" classname="org.springframework.web.reactive.resource.PathResourceResolverTests" time="0.003"/>
  <system-out><![CDATA[12:02:23.996 [Test worker] WARN  org.springframework.web.reactive.resource.PathResourceResolver - Resource path "../testsecret/secret.txt" was successfully resolved but resource "file:/E:/SourceCode/spring-framework/spring-webflux/build/resources/test/org/springframework/web/reactive/resource/testsecret/secret.txt" is neither under the current location "file:/E:/SourceCode/spring-framework/spring-webflux/build/resources/test/org/springframework/web/reactive/resource/test/" nor under any of the allowed locations []
12:02:23.996 [Test worker] WARN  org.springframework.web.reactive.resource.PathResourceResolver - Resource path "test/../../testsecret/secret.txt" was successfully resolved but resource "file:/E:/SourceCode/spring-framework/spring-webflux/build/resources/test/org/springframework/web/reactive/resource/testsecret/secret.txt" is neither under the current location "file:/E:/SourceCode/spring-framework/spring-webflux/build/resources/test/org/springframework/web/reactive/resource/test/" nor under any of the allowed locations []
12:02:23.997 [Test worker] WARN  org.springframework.web.reactive.resource.PathResourceResolver - Resource path "file:/E:/SourceCode/spring-framework/spring-webflux/build/resources/test/org/springframework/web/reactive/resource/testsecret/secret.txt" was successfully resolved but resource "file:/E:/SourceCode/spring-framework/spring-webflux/build/resources/test/org/springframework/web/reactive/resource/testsecret/secret.txt" is neither under the current location "file:/E:/SourceCode/spring-framework/spring-webflux/build/resources/test/org/springframework/web/reactive/resource/test/" nor under any of the allowed locations []
12:02:23.997 [Test worker] WARN  org.springframework.web.reactive.resource.PathResourceResolver - Resource path "/file:/E:/SourceCode/spring-framework/spring-webflux/build/resources/test/org/springframework/web/reactive/resource/testsecret/secret.txt" was successfully resolved but resource "file:/E:/SourceCode/spring-framework/spring-webflux/build/resources/test/org/springframework/web/reactive/resource/testsecret/secret.txt" is neither under the current location "file:/E:/SourceCode/spring-framework/spring-webflux/build/resources/test/org/springframework/web/reactive/resource/test/" nor under any of the allowed locations []
12:02:23.997 [Test worker] WARN  org.springframework.web.reactive.resource.PathResourceResolver - Resource path "//E:/SourceCode/spring-framework/spring-webflux/build/resources/test/org/springframework/web/reactive/resource/testsecret/secret.txt" was successfully resolved but resource "file:/E:/SourceCode/spring-framework/spring-webflux/build/resources/test/org/springframework/web/reactive/resource/testsecret/secret.txt" is neither under the current location "file:/E:/SourceCode/spring-framework/spring-webflux/build/resources/test/org/springframework/web/reactive/resource/test/" nor under any of the allowed locations []
12:02:23.997 [Test worker] WARN  org.springframework.web.reactive.resource.PathResourceResolver - Resolved resource path contains encoded "../" or "..\": file:/E:/SourceCode/spring-framework/spring-webflux/build/resources/test/org/springframework/web/reactive/resource/test/%2E%2E/testsecret/secret.txt
12:02:23.997 [Test worker] WARN  org.springframework.web.reactive.resource.PathResourceResolver - Resource path "/%2E%2E/testsecret/secret.txt" was successfully resolved but resource "file:/E:/SourceCode/spring-framework/spring-webflux/build/resources/test/org/springframework/web/reactive/resource/test/%2E%2E/testsecret/secret.txt" is neither under the current location "file:/E:/SourceCode/spring-framework/spring-webflux/build/resources/test/org/springframework/web/reactive/resource/test/" nor under any of the allowed locations []
12:02:23.998 [Test worker] WARN  org.springframework.web.reactive.resource.PathResourceResolver - Resolved resource path contains encoded "../" or "..\": file:/E:/SourceCode/spring-framework/spring-webflux/build/resources/test/org/springframework/web/reactive/resource/test/%2e%2e/testsecret/secret.txt
12:02:23.998 [Test worker] WARN  org.springframework.web.reactive.resource.PathResourceResolver - Resource path "/%2e%2e/testsecret/secret.txt" was successfully resolved but resource "file:/E:/SourceCode/spring-framework/spring-webflux/build/resources/test/org/springframework/web/reactive/resource/test/%2e%2e/testsecret/secret.txt" is neither under the current location "file:/E:/SourceCode/spring-framework/spring-webflux/build/resources/test/org/springframework/web/reactive/resource/test/" nor under any of the allowed locations []
12:02:23.998 [Test worker] WARN  org.springframework.web.reactive.resource.PathResourceResolver - Resource path " /E:/SourceCode/spring-framework/spring-webflux/build/resources/test/org/springframework/web/reactive/resource/testsecret/secret.txt" was successfully resolved but resource "file:/E:/SourceCode/spring-framework/spring-webflux/build/resources/test/org/springframework/web/reactive/resource/testsecret/secret.txt" is neither under the current location "file:/E:/SourceCode/spring-framework/spring-webflux/build/resources/test/org/springframework/web/reactive/resource/test/" nor under any of the allowed locations []
12:02:23.998 [Test worker] WARN  org.springframework.web.reactive.resource.PathResourceResolver - Resource path "/  /E:/SourceCode/spring-framework/spring-webflux/build/resources/test/org/springframework/web/reactive/resource/testsecret/secret.txt" was successfully resolved but resource "file:/E:/SourceCode/spring-framework/spring-webflux/build/resources/test/org/springframework/web/reactive/resource/testsecret/secret.txt" is neither under the current location "file:/E:/SourceCode/spring-framework/spring-webflux/build/resources/test/org/springframework/web/reactive/resource/test/" nor under any of the allowed locations []
12:02:23.998 [Test worker] WARN  org.springframework.web.reactive.resource.PathResourceResolver - Resource path "url:/E:/SourceCode/spring-framework/spring-webflux/build/resources/test/org/springframework/web/reactive/resource/testsecret/secret.txt" was successfully resolved but resource "file:/E:/SourceCode/spring-framework/spring-webflux/build/resources/test/org/springframework/web/reactive/resource/testsecret/secret.txt" is neither under the current location "file:/E:/SourceCode/spring-framework/spring-webflux/build/resources/test/org/springframework/web/reactive/resource/test/" nor under any of the allowed locations []
]]></system-out>
  <system-err><![CDATA[]]></system-err>
</testsuite>
