<?xml version="1.0" encoding="UTF-8"?>
<testsuite name="org.springframework.web.reactive.function.server.DefaultRenderingResponseTests" tests="11" skipped="0" failures="0" errors="0" timestamp="2020-08-26T04:02:12" hostname="PC-20191023THJJ" time="0.029">
  <properties/>
  <testcase name="notModifiedEtag" classname="org.springframework.web.reactive.function.server.DefaultRenderingResponseTests" time="0.002"/>
  <testcase name="create" classname="org.springframework.web.reactive.function.server.DefaultRenderingResponseTests" time="0.0"/>
  <testcase name="modelAttributes" classname="org.springframework.web.reactive.function.server.DefaultRenderingResponseTests" time="0.0"/>
  <testcase name="render" classname="org.springframework.web.reactive.function.server.DefaultRenderingResponseTests" time="0.015"/>
  <testcase name="modelAttribute" classname="org.springframework.web.reactive.function.server.DefaultRenderingResponseTests" time="0.0"/>
  <testcase name="modelAttributesConventions" classname="org.springframework.web.reactive.function.server.DefaultRenderingResponseTests" time="0.0"/>
  <testcase name="notModifiedLastModified" classname="org.springframework.web.reactive.function.server.DefaultRenderingResponseTests" time="0.001"/>
  <testcase name="defaultContentType" classname="org.springframework.web.reactive.function.server.DefaultRenderingResponseTests" time="0.009"/>
  <testcase name="headers" classname="org.springframework.web.reactive.function.server.DefaultRenderingResponseTests" time="0.001"/>
  <testcase name="cookies" classname="org.springframework.web.reactive.function.server.DefaultRenderingResponseTests" time="0.0"/>
  <testcase name="modelAttributeConventions" classname="org.springframework.web.reactive.function.server.DefaultRenderingResponseTests" time="0.0"/>
  <system-out><![CDATA[12:02:12.215 [Test worker] DEBUG org.springframework.web.reactive.function.server.DefaultRenderingResponseTests$TestView - [667c5542] View [TestView], model {}
]]></system-out>
  <system-err><![CDATA[]]></system-err>
</testsuite>
