<?xml version="1.0" encoding="UTF-8"?>
<testsuite name="org.springframework.web.reactive.result.method.annotation.RequestMappingIntegrationTests" tests="12" skipped="0" failures="0" errors="0" timestamp="2020-08-26T04:03:12" hostname="PC-20191023THJJ" time="3.442">
  <properties/>
  <testcase name="forwardedHeaders[server [org.springframework.http.server.reactive.bootstrap.JettyHttpServer@1accc2f1]]" classname="org.springframework.web.reactive.result.method.annotation.RequestMappingIntegrationTests" time="0.152"/>
  <testcase name="stream[server [org.springframework.http.server.reactive.bootstrap.JettyHttpServer@1accc2f1]]" classname="org.springframework.web.reactive.result.method.annotation.RequestMappingIntegrationTests" time="0.397"/>
  <testcase name="httpHead[server [org.springframework.http.server.reactive.bootstrap.JettyHttpServer@1accc2f1]]" classname="org.springframework.web.reactive.result.method.annotation.RequestMappingIntegrationTests" time="0.152"/>
  <testcase name="forwardedHeaders[server [org.springframework.http.server.reactive.bootstrap.ReactorHttpServer@4760371d]]" classname="org.springframework.web.reactive.result.method.annotation.RequestMappingIntegrationTests" time="0.144"/>
  <testcase name="stream[server [org.springframework.http.server.reactive.bootstrap.ReactorHttpServer@4760371d]]" classname="org.springframework.web.reactive.result.method.annotation.RequestMappingIntegrationTests" time="0.394"/>
  <testcase name="httpHead[server [org.springframework.http.server.reactive.bootstrap.ReactorHttpServer@4760371d]]" classname="org.springframework.web.reactive.result.method.annotation.RequestMappingIntegrationTests" time="0.141"/>
  <testcase name="forwardedHeaders[server [org.springframework.http.server.reactive.bootstrap.TomcatHttpServer@6bae563c]]" classname="org.springframework.web.reactive.result.method.annotation.RequestMappingIntegrationTests" time="0.207"/>
  <testcase name="stream[server [org.springframework.http.server.reactive.bootstrap.TomcatHttpServer@6bae563c]]" classname="org.springframework.web.reactive.result.method.annotation.RequestMappingIntegrationTests" time="0.531"/>
  <testcase name="httpHead[server [org.springframework.http.server.reactive.bootstrap.TomcatHttpServer@6bae563c]]" classname="org.springframework.web.reactive.result.method.annotation.RequestMappingIntegrationTests" time="0.279"/>
  <testcase name="forwardedHeaders[server [org.springframework.http.server.reactive.bootstrap.UndertowHttpServer@1fcd14]]" classname="org.springframework.web.reactive.result.method.annotation.RequestMappingIntegrationTests" time="0.184"/>
  <testcase name="stream[server [org.springframework.http.server.reactive.bootstrap.UndertowHttpServer@1fcd14]]" classname="org.springframework.web.reactive.result.method.annotation.RequestMappingIntegrationTests" time="0.401"/>
  <testcase name="httpHead[server [org.springframework.http.server.reactive.bootstrap.UndertowHttpServer@1fcd14]]" classname="org.springframework.web.reactive.result.method.annotation.RequestMappingIntegrationTests" time="0.155"/>
  <system-out><![CDATA[12:03:12.426 [Test worker] DEBUG org.springframework.web.reactive.result.method.annotation.RequestMappingHandlerMapping - 3 mappings in 'requestMappingHandlerMapping'
12:03:12.468 [Test worker] DEBUG org.springframework.web.reactive.result.method.annotation.ControllerMethodResolver - ControllerAdvice beans: none
12:03:12.538 [Test worker] DEBUG org.springframework.web.server.adapter.HttpWebHandlerAdapter - enableLoggingRequestDetails='false': form data and headers will be masked to prevent unsafe logging of potentially sensitive data
12:03:12.539 [Test worker] WARN  org.eclipse.jetty.server.handler.ContextHandler - Empty contextPath
12:03:12.539 [Test worker] INFO  org.eclipse.jetty.server.handler.ContextHandler - Started o.e.j.s.ServletContextHandler@2f42ec51{/,null,AVAILABLE}
12:03:12.539 [Test worker] DEBUG org.springframework.http.server.reactive.bootstrap.JettyHttpServer - Starting JettyHttpServer...
12:03:12.539 [Test worker] INFO  org.eclipse.jetty.server.Server - jetty-9.4.12.RC2; built: 2018-08-14T14:46:56.477Z; git: 1f9703cf836af6c70ac0665fbc6790c0a8229a7a; jvm 1.8.0_101-b13
12:03:12.539 [Test worker] WARN  org.eclipse.jetty.server.Server - THIS IS NOT A STABLE RELEASE! DO NOT USE IN PRODUCTION!
12:03:12.539 [Test worker] WARN  org.eclipse.jetty.server.Server - Download a stable release from http://download.eclipse.org/jetty/
12:03:12.540 [Test worker] INFO  org.eclipse.jetty.server.AbstractConnector - Started ServerConnector@37346876{HTTP/1.1,[http/1.1]}{0.0.0.0:52346}
12:03:12.540 [Test worker] INFO  org.eclipse.jetty.server.Server - Started @72938ms
12:03:12.540 [Test worker] DEBUG org.springframework.http.server.reactive.bootstrap.JettyHttpServer - Server started on port 52346(0 millis).
12:03:12.540 [Test worker] DEBUG org.springframework.web.client.RestTemplate - HTTP GET http://localhost:52346/uri
12:03:12.540 [Test worker] DEBUG org.springframework.web.client.RestTemplate - Accept=[text/plain, application/json, application/x-jackson-smile, application/*+json, */*]
12:03:12.542 [qtp1489831524-2650] DEBUG org.springframework.web.server.adapter.HttpWebHandlerAdapter - [5adb70b] HTTP GET "/uri"
12:03:12.542 [qtp1489831524-2650] DEBUG org.springframework.web.reactive.result.method.annotation.RequestMappingHandlerMapping - [5adb70b] Mapped to public java.lang.String org.springframework.web.reactive.result.method.annotation.RequestMappingIntegrationTests$TestRestController.uri(org.springframework.http.server.reactive.ServerHttpRequest)
12:03:12.542 [qtp1489831524-2650] DEBUG org.springframework.web.reactive.result.method.annotation.ResponseBodyResultHandler - Using 'text/plain;charset=UTF-8' given [text/plain, application/json, application/x-jackson-smile, application/*+json, */*] and supported [text/plain;charset=UTF-8, text/event-stream, text/plain;charset=UTF-8, */*]
12:03:12.542 [qtp1489831524-2650] DEBUG org.springframework.web.reactive.result.method.annotation.ResponseBodyResultHandler - [5adb70b] 0..1 [java.lang.String]
12:03:12.542 [qtp1489831524-2650] DEBUG org.springframework.core.codec.CharSequenceEncoder - [5adb70b] Writing 'https://84.198.58.199/uri'
12:03:12.543 [qtp1489831524-2650] DEBUG org.springframework.web.server.adapter.HttpWebHandlerAdapter - [5adb70b] Completed 200 OK
12:03:12.543 [Test worker] DEBUG org.springframework.web.client.RestTemplate - Response 200 OK
12:03:12.543 [Test worker] DEBUG org.springframework.web.client.RestTemplate - Reading to [java.lang.String] as "text/plain;charset=utf-8"
12:03:12.543 [Test worker] DEBUG org.springframework.http.server.reactive.bootstrap.JettyHttpServer - Stopping JettyHttpServer...
12:03:12.543 [Test worker] INFO  org.eclipse.jetty.server.handler.ContextHandler - Stopped o.e.j.s.ServletContextHandler@2f42ec51{/,null,UNAVAILABLE}
12:03:12.544 [Test worker] INFO  org.eclipse.jetty.server.AbstractConnector - Stopped ServerConnector@37346876{HTTP/1.1,[http/1.1]}{0.0.0.0:0}
12:03:12.544 [Test worker] DEBUG org.springframework.http.server.reactive.bootstrap.JettyHttpServer - Server stopped (0 millis).
12:03:12.604 [Test worker] DEBUG org.springframework.web.reactive.result.method.annotation.RequestMappingHandlerMapping - 3 mappings in 'requestMappingHandlerMapping'
12:03:12.644 [Test worker] DEBUG org.springframework.web.reactive.result.method.annotation.ControllerMethodResolver - ControllerAdvice beans: none
12:03:12.713 [Test worker] DEBUG org.springframework.web.server.adapter.HttpWebHandlerAdapter - enableLoggingRequestDetails='false': form data and headers will be masked to prevent unsafe logging of potentially sensitive data
12:03:12.713 [Test worker] WARN  org.eclipse.jetty.server.handler.ContextHandler - Empty contextPath
12:03:12.713 [Test worker] INFO  org.eclipse.jetty.server.handler.ContextHandler - Started o.e.j.s.ServletContextHandler@18c9b5fb{/,null,AVAILABLE}
12:03:12.713 [Test worker] DEBUG org.springframework.http.server.reactive.bootstrap.JettyHttpServer - Starting JettyHttpServer...
12:03:12.713 [Test worker] INFO  org.eclipse.jetty.server.Server - jetty-9.4.12.RC2; built: 2018-08-14T14:46:56.477Z; git: 1f9703cf836af6c70ac0665fbc6790c0a8229a7a; jvm 1.8.0_101-b13
12:03:12.713 [Test worker] WARN  org.eclipse.jetty.server.Server - THIS IS NOT A STABLE RELEASE! DO NOT USE IN PRODUCTION!
12:03:12.713 [Test worker] WARN  org.eclipse.jetty.server.Server - Download a stable release from http://download.eclipse.org/jetty/
12:03:12.715 [Test worker] INFO  org.eclipse.jetty.server.AbstractConnector - Started ServerConnector@45728e93{HTTP/1.1,[http/1.1]}{0.0.0.0:52355}
12:03:12.715 [Test worker] INFO  org.eclipse.jetty.server.Server - Started @73112ms
12:03:12.715 [Test worker] DEBUG org.springframework.http.server.reactive.bootstrap.JettyHttpServer - Server started on port 52355(0 millis).
12:03:12.715 [Test worker] DEBUG org.springframework.web.client.RestTemplate - HTTP GET http://localhost:52355/stream
12:03:12.715 [Test worker] DEBUG org.springframework.web.client.RestTemplate - Accept=[application/json, application/x-jackson-smile, application/*+json]
12:03:12.716 [qtp468848156-2660] DEBUG org.springframework.web.server.adapter.HttpWebHandlerAdapter - [736cee26] HTTP GET "/stream"
12:03:12.716 [qtp468848156-2660] DEBUG org.springframework.web.reactive.result.method.annotation.RequestMappingHandlerMapping - [736cee26] Mapped to public org.reactivestreams.Publisher<java.lang.Long> org.springframework.web.reactive.result.method.annotation.RequestMappingIntegrationTests$TestRestController.stream()
12:03:12.717 [qtp468848156-2660] DEBUG org.springframework.web.reactive.result.method.annotation.ResponseBodyResultHandler - Using 'application/json;charset=UTF-8' given [application/json, application/x-jackson-smile, application/*+json] and supported [application/json;charset=UTF-8, application/*+json;charset=UTF-8, application/x-jackson-smile;charset=UTF-8, application/*+x-jackson-smile;charset=UTF-8, text/event-stream]
12:03:12.717 [qtp468848156-2660] DEBUG org.springframework.web.reactive.result.method.annotation.ResponseBodyResultHandler - [736cee26] 0..N [java.lang.Long]
12:03:12.969 [parallel-5] DEBUG org.springframework.http.codec.json.Jackson2JsonEncoder - [736cee26] Encoding [[0, 1, 2, 3, 4]]
12:03:12.969 [parallel-5] DEBUG org.springframework.web.server.adapter.HttpWebHandlerAdapter - [736cee26] Completed 200 OK
12:03:12.969 [Test worker] DEBUG org.springframework.web.client.RestTemplate - Response 200 OK
12:03:12.970 [Test worker] DEBUG org.springframework.web.client.RestTemplate - Reading to [java.lang.String[]]
12:03:12.970 [Test worker] DEBUG org.springframework.http.server.reactive.bootstrap.JettyHttpServer - Stopping JettyHttpServer...
12:03:12.970 [Test worker] INFO  org.eclipse.jetty.server.handler.ContextHandler - Stopped o.e.j.s.ServletContextHandler@18c9b5fb{/,null,UNAVAILABLE}
12:03:12.971 [Test worker] INFO  org.eclipse.jetty.server.AbstractConnector - Stopped ServerConnector@45728e93{HTTP/1.1,[http/1.1]}{0.0.0.0:0}
12:03:12.971 [Test worker] DEBUG org.springframework.http.server.reactive.bootstrap.JettyHttpServer - Server stopped (0 millis).
12:03:13.030 [Test worker] DEBUG org.springframework.web.reactive.result.method.annotation.RequestMappingHandlerMapping - 3 mappings in 'requestMappingHandlerMapping'
12:03:13.068 [Test worker] DEBUG org.springframework.web.reactive.result.method.annotation.ControllerMethodResolver - ControllerAdvice beans: none
12:03:13.135 [Test worker] DEBUG org.springframework.web.server.adapter.HttpWebHandlerAdapter - enableLoggingRequestDetails='false': form data and headers will be masked to prevent unsafe logging of potentially sensitive data
12:03:13.135 [Test worker] WARN  org.eclipse.jetty.server.handler.ContextHandler - Empty contextPath
12:03:13.135 [Test worker] INFO  org.eclipse.jetty.server.handler.ContextHandler - Started o.e.j.s.ServletContextHandler@1b5417d2{/,null,AVAILABLE}
12:03:13.135 [Test worker] DEBUG org.springframework.http.server.reactive.bootstrap.JettyHttpServer - Starting JettyHttpServer...
12:03:13.135 [Test worker] INFO  org.eclipse.jetty.server.Server - jetty-9.4.12.RC2; built: 2018-08-14T14:46:56.477Z; git: 1f9703cf836af6c70ac0665fbc6790c0a8229a7a; jvm 1.8.0_101-b13
12:03:13.135 [Test worker] WARN  org.eclipse.jetty.server.Server - THIS IS NOT A STABLE RELEASE! DO NOT USE IN PRODUCTION!
12:03:13.136 [Test worker] WARN  org.eclipse.jetty.server.Server - Download a stable release from http://download.eclipse.org/jetty/
12:03:13.144 [Test worker] INFO  org.eclipse.jetty.server.AbstractConnector - Started ServerConnector@271e913e{HTTP/1.1,[http/1.1]}{0.0.0.0:52363}
12:03:13.144 [Test worker] INFO  org.eclipse.jetty.server.Server - Started @73542ms
12:03:13.144 [Test worker] DEBUG org.springframework.http.server.reactive.bootstrap.JettyHttpServer - Server started on port 52363(0 millis).
12:03:13.144 [Test worker] DEBUG org.springframework.web.client.RestTemplate - HTTP HEAD http://localhost:52363/text
12:03:13.147 [qtp215989024-2665] DEBUG org.springframework.web.server.adapter.HttpWebHandlerAdapter - [10868228] HTTP HEAD "/text"
12:03:13.147 [qtp215989024-2665] DEBUG org.springframework.web.reactive.result.method.annotation.RequestMappingHandlerMapping - [10868228] Mapped to public java.lang.String org.springframework.web.reactive.result.method.annotation.RequestMappingIntegrationTests$TestRestController.text()
12:03:13.148 [qtp215989024-2665] DEBUG org.springframework.web.reactive.result.method.annotation.ResponseBodyResultHandler - Using 'text/html' given [text/html, image/gif, image/jpeg, */*;q=.2, */*;q=.2] and supported [text/plain;charset=UTF-8, text/event-stream, text/plain;charset=UTF-8, */*]
12:03:13.148 [qtp215989024-2665] DEBUG org.springframework.web.reactive.result.method.annotation.ResponseBodyResultHandler - [10868228] 0..1 [java.lang.String]
12:03:13.148 [qtp215989024-2665] DEBUG org.springframework.core.codec.CharSequenceEncoder - [10868228] Writing 'Foo'
12:03:13.148 [qtp215989024-2665] DEBUG org.springframework.web.server.adapter.HttpWebHandlerAdapter - [10868228] Completed 200 OK
12:03:13.149 [Test worker] DEBUG org.springframework.web.client.RestTemplate - Response 200 OK
12:03:13.149 [Test worker] DEBUG org.springframework.http.server.reactive.bootstrap.JettyHttpServer - Stopping JettyHttpServer...
12:03:13.149 [Test worker] INFO  org.eclipse.jetty.server.handler.ContextHandler - Stopped o.e.j.s.ServletContextHandler@1b5417d2{/,null,UNAVAILABLE}
12:03:13.150 [Test worker] INFO  org.eclipse.jetty.server.AbstractConnector - Stopped ServerConnector@271e913e{HTTP/1.1,[http/1.1]}{0.0.0.0:0}
12:03:13.150 [Test worker] DEBUG org.springframework.http.server.reactive.bootstrap.JettyHttpServer - Server stopped (0 millis).
12:03:13.209 [Test worker] DEBUG org.springframework.web.reactive.result.method.annotation.RequestMappingHandlerMapping - 3 mappings in 'requestMappingHandlerMapping'
12:03:13.251 [Test worker] DEBUG org.springframework.web.reactive.result.method.annotation.ControllerMethodResolver - ControllerAdvice beans: none
12:03:13.321 [Test worker] DEBUG org.springframework.web.server.adapter.HttpWebHandlerAdapter - enableLoggingRequestDetails='false': form data and headers will be masked to prevent unsafe logging of potentially sensitive data
12:03:13.321 [Test worker] DEBUG org.springframework.http.server.reactive.bootstrap.ReactorHttpServer - Starting ReactorHttpServer...
12:03:13.321 [Test worker] DEBUG org.springframework.http.server.reactive.bootstrap.ReactorHttpServer - Server started on port 52371(0 millis).
12:03:13.321 [Test worker] DEBUG org.springframework.web.client.RestTemplate - HTTP GET http://localhost:52371/uri
12:03:13.321 [Test worker] DEBUG org.springframework.web.client.RestTemplate - Accept=[text/plain, application/json, application/x-jackson-smile, application/*+json, */*]
12:03:13.322 [reactor-http-nio-6] DEBUG org.springframework.web.server.adapter.HttpWebHandlerAdapter - [8890db5e] HTTP GET "/uri"
12:03:13.322 [reactor-http-nio-6] DEBUG org.springframework.web.reactive.result.method.annotation.RequestMappingHandlerMapping - [8890db5e] Mapped to public java.lang.String org.springframework.web.reactive.result.method.annotation.RequestMappingIntegrationTests$TestRestController.uri(org.springframework.http.server.reactive.ServerHttpRequest)
12:03:13.322 [reactor-http-nio-6] DEBUG org.springframework.web.reactive.result.method.annotation.ResponseBodyResultHandler - Using 'text/plain;charset=UTF-8' given [text/plain, application/json, application/x-jackson-smile, application/*+json, */*] and supported [text/plain;charset=UTF-8, text/event-stream, text/plain;charset=UTF-8, */*]
12:03:13.322 [reactor-http-nio-6] DEBUG org.springframework.web.reactive.result.method.annotation.ResponseBodyResultHandler - [8890db5e] 0..1 [java.lang.String]
12:03:13.322 [reactor-http-nio-6] DEBUG org.springframework.core.codec.CharSequenceEncoder - [8890db5e] Writing 'https://84.198.58.199/uri'
12:03:13.323 [Test worker] DEBUG org.springframework.web.client.RestTemplate - Response 200 OK
12:03:13.323 [reactor-http-nio-6] DEBUG org.springframework.web.server.adapter.HttpWebHandlerAdapter - [8890db5e] Completed 200 OK
12:03:13.323 [Test worker] DEBUG org.springframework.web.client.RestTemplate - Reading to [java.lang.String] as "text/plain;charset=UTF-8"
12:03:13.323 [Test worker] DEBUG org.springframework.http.server.reactive.bootstrap.ReactorHttpServer - Stopping ReactorHttpServer...
12:03:13.323 [Test worker] DEBUG org.springframework.http.server.reactive.bootstrap.ReactorHttpServer - Server stopped (0 millis).
12:03:13.382 [Test worker] DEBUG org.springframework.web.reactive.result.method.annotation.RequestMappingHandlerMapping - 3 mappings in 'requestMappingHandlerMapping'
12:03:13.422 [Test worker] DEBUG org.springframework.web.reactive.result.method.annotation.ControllerMethodResolver - ControllerAdvice beans: none
12:03:13.489 [Test worker] DEBUG org.springframework.web.server.adapter.HttpWebHandlerAdapter - enableLoggingRequestDetails='false': form data and headers will be masked to prevent unsafe logging of potentially sensitive data
12:03:13.489 [Test worker] DEBUG org.springframework.http.server.reactive.bootstrap.ReactorHttpServer - Starting ReactorHttpServer...
12:03:13.489 [Test worker] DEBUG org.springframework.http.server.reactive.bootstrap.ReactorHttpServer - Server started on port 52373(0 millis).
12:03:13.489 [Test worker] DEBUG org.springframework.web.client.RestTemplate - HTTP GET http://localhost:52373/stream
12:03:13.489 [Test worker] DEBUG org.springframework.web.client.RestTemplate - Accept=[application/json, application/x-jackson-smile, application/*+json]
12:03:13.490 [reactor-http-nio-2] DEBUG org.springframework.web.server.adapter.HttpWebHandlerAdapter - [57e4b521] HTTP GET "/stream"
12:03:13.490 [reactor-http-nio-2] DEBUG org.springframework.web.reactive.result.method.annotation.RequestMappingHandlerMapping - [57e4b521] Mapped to public org.reactivestreams.Publisher<java.lang.Long> org.springframework.web.reactive.result.method.annotation.RequestMappingIntegrationTests$TestRestController.stream()
12:03:13.491 [reactor-http-nio-2] DEBUG org.springframework.web.reactive.result.method.annotation.ResponseBodyResultHandler - Using 'application/json;charset=UTF-8' given [application/json, application/x-jackson-smile, application/*+json] and supported [application/json;charset=UTF-8, application/*+json;charset=UTF-8, application/x-jackson-smile;charset=UTF-8, application/*+x-jackson-smile;charset=UTF-8, text/event-stream]
12:03:13.491 [reactor-http-nio-2] DEBUG org.springframework.web.reactive.result.method.annotation.ResponseBodyResultHandler - [57e4b521] 0..N [java.lang.Long]
12:03:13.743 [parallel-6] DEBUG org.springframework.http.codec.json.Jackson2JsonEncoder - [57e4b521] Encoding [[0, 1, 2, 3, 4]]
12:03:13.744 [Test worker] DEBUG org.springframework.web.client.RestTemplate - Response 200 OK
12:03:13.744 [reactor-http-nio-2] DEBUG org.springframework.web.server.adapter.HttpWebHandlerAdapter - [57e4b521] Completed 200 OK
12:03:13.744 [Test worker] DEBUG org.springframework.web.client.RestTemplate - Reading to [java.lang.String[]]
12:03:13.744 [Test worker] DEBUG org.springframework.http.server.reactive.bootstrap.ReactorHttpServer - Stopping ReactorHttpServer...
12:03:13.744 [Test worker] DEBUG org.springframework.http.server.reactive.bootstrap.ReactorHttpServer - Server stopped (0 millis).
12:03:13.802 [Test worker] DEBUG org.springframework.web.reactive.result.method.annotation.RequestMappingHandlerMapping - 3 mappings in 'requestMappingHandlerMapping'
12:03:13.844 [Test worker] DEBUG org.springframework.web.reactive.result.method.annotation.ControllerMethodResolver - ControllerAdvice beans: none
12:03:13.911 [Test worker] DEBUG org.springframework.web.server.adapter.HttpWebHandlerAdapter - enableLoggingRequestDetails='false': form data and headers will be masked to prevent unsafe logging of potentially sensitive data
12:03:13.912 [Test worker] DEBUG org.springframework.http.server.reactive.bootstrap.ReactorHttpServer - Starting ReactorHttpServer...
12:03:13.912 [Test worker] DEBUG org.springframework.http.server.reactive.bootstrap.ReactorHttpServer - Server started on port 52375(0 millis).
12:03:13.912 [Test worker] DEBUG org.springframework.web.client.RestTemplate - HTTP HEAD http://localhost:52375/text
12:03:13.913 [reactor-http-nio-4] DEBUG org.springframework.web.server.adapter.HttpWebHandlerAdapter - [8b1f4804] HTTP HEAD "/text"
12:03:13.913 [reactor-http-nio-4] DEBUG org.springframework.web.reactive.result.method.annotation.RequestMappingHandlerMapping - [8b1f4804] Mapped to public java.lang.String org.springframework.web.reactive.result.method.annotation.RequestMappingIntegrationTests$TestRestController.text()
12:03:13.913 [reactor-http-nio-4] DEBUG org.springframework.web.reactive.result.method.annotation.ResponseBodyResultHandler - Using 'text/html' given [text/html, image/gif, image/jpeg, */*;q=.2, */*;q=.2] and supported [text/plain;charset=UTF-8, text/event-stream, text/plain;charset=UTF-8, */*]
12:03:13.913 [reactor-http-nio-4] DEBUG org.springframework.web.reactive.result.method.annotation.ResponseBodyResultHandler - [8b1f4804] 0..1 [java.lang.String]
12:03:13.913 [reactor-http-nio-4] DEBUG org.springframework.core.codec.CharSequenceEncoder - [8b1f4804] Writing 'Foo'
12:03:13.913 [reactor-http-nio-4] DEBUG org.springframework.web.server.adapter.HttpWebHandlerAdapter - [8b1f4804] Completed 200 OK
12:03:13.913 [Test worker] DEBUG org.springframework.web.client.RestTemplate - Response 200 OK
12:03:13.913 [Test worker] DEBUG org.springframework.http.server.reactive.bootstrap.ReactorHttpServer - Stopping ReactorHttpServer...
12:03:13.914 [Test worker] DEBUG org.springframework.http.server.reactive.bootstrap.ReactorHttpServer - Server stopped (0 millis).
12:03:13.971 [Test worker] DEBUG org.springframework.web.reactive.result.method.annotation.RequestMappingHandlerMapping - 3 mappings in 'requestMappingHandlerMapping'
12:03:14.011 [Test worker] DEBUG org.springframework.web.reactive.result.method.annotation.ControllerMethodResolver - ControllerAdvice beans: none
12:03:14.079 [Test worker] DEBUG org.springframework.web.server.adapter.HttpWebHandlerAdapter - enableLoggingRequestDetails='false': form data and headers will be masked to prevent unsafe logging of potentially sensitive data
12:03:14.080 [Test worker] DEBUG org.springframework.http.server.reactive.bootstrap.TomcatHttpServer - Starting TomcatHttpServer...
12:03:14.088 [Test worker] DEBUG org.springframework.http.server.reactive.bootstrap.TomcatHttpServer - Server started on port 52377(0 millis).
12:03:14.088 [Test worker] DEBUG org.springframework.web.client.RestTemplate - HTTP GET http://localhost:52377/uri
12:03:14.088 [Test worker] DEBUG org.springframework.web.client.RestTemplate - Accept=[text/plain, application/json, application/x-jackson-smile, application/*+json, */*]
12:03:14.089 [http-nio-auto-77-exec-1] DEBUG org.springframework.web.server.adapter.HttpWebHandlerAdapter - [1f3d2370] HTTP GET "/uri"
12:03:14.090 [http-nio-auto-77-exec-1] DEBUG org.springframework.web.reactive.result.method.annotation.RequestMappingHandlerMapping - [1f3d2370] Mapped to public java.lang.String org.springframework.web.reactive.result.method.annotation.RequestMappingIntegrationTests$TestRestController.uri(org.springframework.http.server.reactive.ServerHttpRequest)
12:03:14.090 [http-nio-auto-77-exec-1] DEBUG org.springframework.web.reactive.result.method.annotation.ResponseBodyResultHandler - Using 'text/plain;charset=UTF-8' given [text/plain, application/json, application/x-jackson-smile, application/*+json, */*] and supported [text/plain;charset=UTF-8, text/event-stream, text/plain;charset=UTF-8, */*]
12:03:14.090 [http-nio-auto-77-exec-1] DEBUG org.springframework.web.reactive.result.method.annotation.ResponseBodyResultHandler - [1f3d2370] 0..1 [java.lang.String]
12:03:14.090 [http-nio-auto-77-exec-1] DEBUG org.springframework.core.codec.CharSequenceEncoder - [1f3d2370] Writing 'https://84.198.58.199/uri'
12:03:14.095 [http-nio-auto-77-exec-1] DEBUG org.springframework.web.server.adapter.HttpWebHandlerAdapter - [1f3d2370] Completed 200 OK
12:03:14.095 [Test worker] DEBUG org.springframework.web.client.RestTemplate - Response 200 OK
12:03:14.095 [Test worker] DEBUG org.springframework.web.client.RestTemplate - Reading to [java.lang.String] as "text/plain;charset=UTF-8"
12:03:14.095 [Test worker] DEBUG org.springframework.http.server.reactive.bootstrap.TomcatHttpServer - Stopping TomcatHttpServer...
12:03:14.147 [Test worker] DEBUG org.springframework.http.server.reactive.bootstrap.TomcatHttpServer - Server stopped (0 millis).
12:03:14.232 [Test worker] DEBUG org.springframework.web.reactive.result.method.annotation.RequestMappingHandlerMapping - 3 mappings in 'requestMappingHandlerMapping'
12:03:14.277 [Test worker] DEBUG org.springframework.web.reactive.result.method.annotation.ControllerMethodResolver - ControllerAdvice beans: none
12:03:14.349 [Test worker] DEBUG org.springframework.web.server.adapter.HttpWebHandlerAdapter - enableLoggingRequestDetails='false': form data and headers will be masked to prevent unsafe logging of potentially sensitive data
12:03:14.349 [Test worker] DEBUG org.springframework.http.server.reactive.bootstrap.TomcatHttpServer - Starting TomcatHttpServer...
12:03:14.357 [Test worker] DEBUG org.springframework.http.server.reactive.bootstrap.TomcatHttpServer - Server started on port 52386(0 millis).
12:03:14.357 [Test worker] DEBUG org.springframework.web.client.RestTemplate - HTTP GET http://localhost:52386/stream
12:03:14.357 [Test worker] DEBUG org.springframework.web.client.RestTemplate - Accept=[application/json, application/x-jackson-smile, application/*+json]
12:03:14.358 [http-nio-auto-78-exec-1] DEBUG org.springframework.web.server.adapter.HttpWebHandlerAdapter - [1cea6bce] HTTP GET "/stream"
12:03:14.358 [http-nio-auto-78-exec-1] DEBUG org.springframework.web.reactive.result.method.annotation.RequestMappingHandlerMapping - [1cea6bce] Mapped to public org.reactivestreams.Publisher<java.lang.Long> org.springframework.web.reactive.result.method.annotation.RequestMappingIntegrationTests$TestRestController.stream()
12:03:14.359 [http-nio-auto-78-exec-1] DEBUG org.springframework.web.reactive.result.method.annotation.ResponseBodyResultHandler - Using 'application/json;charset=UTF-8' given [application/json, application/x-jackson-smile, application/*+json] and supported [application/json;charset=UTF-8, application/*+json;charset=UTF-8, application/x-jackson-smile;charset=UTF-8, application/*+x-jackson-smile;charset=UTF-8, text/event-stream]
12:03:14.359 [http-nio-auto-78-exec-1] DEBUG org.springframework.web.reactive.result.method.annotation.ResponseBodyResultHandler - [1cea6bce] 0..N [java.lang.Long]
12:03:14.610 [parallel-1] DEBUG org.springframework.http.codec.json.Jackson2JsonEncoder - [1cea6bce] Encoding [[0, 1, 2, 3, 4]]
12:03:14.610 [parallel-1] DEBUG org.springframework.web.server.adapter.HttpWebHandlerAdapter - [1cea6bce] Completed 200 OK
12:03:14.611 [Test worker] DEBUG org.springframework.web.client.RestTemplate - Response 200 OK
12:03:14.611 [Test worker] DEBUG org.springframework.web.client.RestTemplate - Reading to [java.lang.String[]]
12:03:14.611 [Test worker] DEBUG org.springframework.http.server.reactive.bootstrap.TomcatHttpServer - Stopping TomcatHttpServer...
12:03:14.705 [Test worker] DEBUG org.springframework.http.server.reactive.bootstrap.TomcatHttpServer - Server stopped (0 millis).
12:03:14.791 [Test worker] DEBUG org.springframework.web.reactive.result.method.annotation.RequestMappingHandlerMapping - 3 mappings in 'requestMappingHandlerMapping'
12:03:14.836 [Test worker] DEBUG org.springframework.web.reactive.result.method.annotation.ControllerMethodResolver - ControllerAdvice beans: none
12:03:14.907 [Test worker] DEBUG org.springframework.web.server.adapter.HttpWebHandlerAdapter - enableLoggingRequestDetails='false': form data and headers will be masked to prevent unsafe logging of potentially sensitive data
12:03:14.907 [Test worker] DEBUG org.springframework.http.server.reactive.bootstrap.TomcatHttpServer - Starting TomcatHttpServer...
12:03:14.914 [Test worker] DEBUG org.springframework.http.server.reactive.bootstrap.TomcatHttpServer - Server started on port 52395(0 millis).
12:03:14.914 [Test worker] DEBUG org.springframework.web.client.RestTemplate - HTTP HEAD http://localhost:52395/text
12:03:14.915 [http-nio-auto-79-exec-1] DEBUG org.springframework.web.server.adapter.HttpWebHandlerAdapter - [4562d3d7] HTTP HEAD "/text"
12:03:14.916 [http-nio-auto-79-exec-1] DEBUG org.springframework.web.reactive.result.method.annotation.RequestMappingHandlerMapping - [4562d3d7] Mapped to public java.lang.String org.springframework.web.reactive.result.method.annotation.RequestMappingIntegrationTests$TestRestController.text()
12:03:14.916 [http-nio-auto-79-exec-1] DEBUG org.springframework.web.reactive.result.method.annotation.ResponseBodyResultHandler - Using 'text/html' given [text/html, image/gif, image/jpeg, */*;q=.2, */*;q=.2] and supported [text/plain;charset=UTF-8, text/event-stream, text/plain;charset=UTF-8, */*]
12:03:14.916 [http-nio-auto-79-exec-1] DEBUG org.springframework.web.reactive.result.method.annotation.ResponseBodyResultHandler - [4562d3d7] 0..1 [java.lang.String]
12:03:14.916 [http-nio-auto-79-exec-1] DEBUG org.springframework.core.codec.CharSequenceEncoder - [4562d3d7] Writing 'Foo'
12:03:14.916 [http-nio-auto-79-exec-1] DEBUG org.springframework.web.server.adapter.HttpWebHandlerAdapter - [4562d3d7] Completed 200 OK
12:03:14.916 [Test worker] DEBUG org.springframework.web.client.RestTemplate - Response 200 OK
12:03:14.916 [Test worker] DEBUG org.springframework.http.server.reactive.bootstrap.TomcatHttpServer - Stopping TomcatHttpServer...
12:03:15.012 [Test worker] DEBUG org.springframework.http.server.reactive.bootstrap.TomcatHttpServer - Server stopped (0 millis).
12:03:15.098 [Test worker] DEBUG org.springframework.web.reactive.result.method.annotation.RequestMappingHandlerMapping - 3 mappings in 'requestMappingHandlerMapping'
12:03:15.143 [Test worker] DEBUG org.springframework.web.reactive.result.method.annotation.ControllerMethodResolver - ControllerAdvice beans: none
12:03:15.215 [Test worker] DEBUG org.springframework.web.server.adapter.HttpWebHandlerAdapter - enableLoggingRequestDetails='false': form data and headers will be masked to prevent unsafe logging of potentially sensitive data
12:03:15.215 [Test worker] DEBUG org.springframework.http.server.reactive.bootstrap.UndertowHttpServer - Starting UndertowHttpServer...
12:03:15.218 [Test worker] DEBUG org.springframework.http.server.reactive.bootstrap.UndertowHttpServer - Server started on port 52418(0 millis).
12:03:15.219 [Test worker] DEBUG org.springframework.web.client.RestTemplate - HTTP GET http://localhost:52418/uri
12:03:15.219 [Test worker] DEBUG org.springframework.web.client.RestTemplate - Accept=[text/plain, application/json, application/x-jackson-smile, application/*+json, */*]
12:03:15.221 [XNIO-76 I/O-6] DEBUG org.springframework.web.server.adapter.HttpWebHandlerAdapter - [3451b60e] HTTP GET "/uri"
12:03:15.221 [XNIO-76 I/O-6] DEBUG org.springframework.web.reactive.result.method.annotation.RequestMappingHandlerMapping - [3451b60e] Mapped to public java.lang.String org.springframework.web.reactive.result.method.annotation.RequestMappingIntegrationTests$TestRestController.uri(org.springframework.http.server.reactive.ServerHttpRequest)
12:03:15.222 [XNIO-76 I/O-6] DEBUG org.springframework.web.reactive.result.method.annotation.ResponseBodyResultHandler - Using 'text/plain;charset=UTF-8' given [text/plain, application/json, application/x-jackson-smile, application/*+json, */*] and supported [text/plain;charset=UTF-8, text/event-stream, text/plain;charset=UTF-8, */*]
12:03:15.222 [XNIO-76 I/O-6] DEBUG org.springframework.web.reactive.result.method.annotation.ResponseBodyResultHandler - [3451b60e] 0..1 [java.lang.String]
12:03:15.222 [XNIO-76 I/O-6] DEBUG org.springframework.core.codec.CharSequenceEncoder - [3451b60e] Writing 'https://84.198.58.199/uri'
12:03:15.222 [XNIO-76 I/O-6] DEBUG org.springframework.web.server.adapter.HttpWebHandlerAdapter - [3451b60e] Completed 200 OK
12:03:15.222 [Test worker] DEBUG org.springframework.web.client.RestTemplate - Response 200 OK
12:03:15.222 [Test worker] DEBUG org.springframework.web.client.RestTemplate - Reading to [java.lang.String] as "text/plain;charset=UTF-8"
12:03:15.222 [Test worker] DEBUG org.springframework.http.server.reactive.bootstrap.UndertowHttpServer - Stopping UndertowHttpServer...
12:03:15.223 [Test worker] DEBUG org.springframework.http.server.reactive.bootstrap.UndertowHttpServer - Server stopped (0 millis).
12:03:15.282 [Test worker] DEBUG org.springframework.web.reactive.result.method.annotation.RequestMappingHandlerMapping - 3 mappings in 'requestMappingHandlerMapping'
12:03:15.325 [Test worker] DEBUG org.springframework.web.reactive.result.method.annotation.ControllerMethodResolver - ControllerAdvice beans: none
12:03:15.393 [Test worker] DEBUG org.springframework.web.server.adapter.HttpWebHandlerAdapter - enableLoggingRequestDetails='false': form data and headers will be masked to prevent unsafe logging of potentially sensitive data
12:03:15.393 [Test worker] DEBUG org.springframework.http.server.reactive.bootstrap.UndertowHttpServer - Starting UndertowHttpServer...
12:03:15.397 [Test worker] DEBUG org.springframework.http.server.reactive.bootstrap.UndertowHttpServer - Server started on port 52434(0 millis).
12:03:15.397 [Test worker] DEBUG org.springframework.web.client.RestTemplate - HTTP GET http://localhost:52434/stream
12:03:15.397 [Test worker] DEBUG org.springframework.web.client.RestTemplate - Accept=[application/json, application/x-jackson-smile, application/*+json]
12:03:15.398 [XNIO-77 I/O-6] DEBUG org.springframework.web.server.adapter.HttpWebHandlerAdapter - [275a4e48] HTTP GET "/stream"
12:03:15.398 [XNIO-77 I/O-6] DEBUG org.springframework.web.reactive.result.method.annotation.RequestMappingHandlerMapping - [275a4e48] Mapped to public org.reactivestreams.Publisher<java.lang.Long> org.springframework.web.reactive.result.method.annotation.RequestMappingIntegrationTests$TestRestController.stream()
12:03:15.398 [XNIO-77 I/O-6] DEBUG org.springframework.web.reactive.result.method.annotation.ResponseBodyResultHandler - Using 'application/json;charset=UTF-8' given [application/json, application/x-jackson-smile, application/*+json] and supported [application/json;charset=UTF-8, application/*+json;charset=UTF-8, application/x-jackson-smile;charset=UTF-8, application/*+x-jackson-smile;charset=UTF-8, text/event-stream]
12:03:15.398 [XNIO-77 I/O-6] DEBUG org.springframework.web.reactive.result.method.annotation.ResponseBodyResultHandler - [275a4e48] 0..N [java.lang.Long]
12:03:15.651 [parallel-2] DEBUG org.springframework.http.codec.json.Jackson2JsonEncoder - [275a4e48] Encoding [[0, 1, 2, 3, 4]]
12:03:15.651 [XNIO-77 I/O-6] DEBUG org.springframework.web.server.adapter.HttpWebHandlerAdapter - [275a4e48] Completed 200 OK
12:03:15.651 [Test worker] DEBUG org.springframework.web.client.RestTemplate - Response 200 OK
12:03:15.652 [Test worker] DEBUG org.springframework.web.client.RestTemplate - Reading to [java.lang.String[]]
12:03:15.652 [Test worker] DEBUG org.springframework.http.server.reactive.bootstrap.UndertowHttpServer - Stopping UndertowHttpServer...
12:03:15.652 [Test worker] DEBUG org.springframework.http.server.reactive.bootstrap.UndertowHttpServer - Server stopped (0 millis).
12:03:15.710 [Test worker] DEBUG org.springframework.web.reactive.result.method.annotation.RequestMappingHandlerMapping - 3 mappings in 'requestMappingHandlerMapping'
12:03:15.758 [Test worker] DEBUG org.springframework.web.reactive.result.method.annotation.ControllerMethodResolver - ControllerAdvice beans: none
12:03:15.827 [Test worker] DEBUG org.springframework.web.server.adapter.HttpWebHandlerAdapter - enableLoggingRequestDetails='false': form data and headers will be masked to prevent unsafe logging of potentially sensitive data
12:03:15.827 [Test worker] DEBUG org.springframework.http.server.reactive.bootstrap.UndertowHttpServer - Starting UndertowHttpServer...
12:03:15.830 [Test worker] DEBUG org.springframework.http.server.reactive.bootstrap.UndertowHttpServer - Server started on port 52450(0 millis).
12:03:15.830 [Test worker] DEBUG org.springframework.web.client.RestTemplate - HTTP HEAD http://localhost:52450/text
12:03:15.830 [XNIO-78 I/O-6] DEBUG org.springframework.web.server.adapter.HttpWebHandlerAdapter - [4e6bb5c6] HTTP HEAD "/text"
12:03:15.830 [XNIO-78 I/O-6] DEBUG org.springframework.web.reactive.result.method.annotation.RequestMappingHandlerMapping - [4e6bb5c6] Mapped to public java.lang.String org.springframework.web.reactive.result.method.annotation.RequestMappingIntegrationTests$TestRestController.text()
12:03:15.831 [XNIO-78 I/O-6] DEBUG org.springframework.web.reactive.result.method.annotation.ResponseBodyResultHandler - Using 'text/html' given [text/html, image/gif, image/jpeg, */*;q=.2, */*;q=.2] and supported [text/plain;charset=UTF-8, text/event-stream, text/plain;charset=UTF-8, */*]
12:03:15.831 [XNIO-78 I/O-6] DEBUG org.springframework.web.reactive.result.method.annotation.ResponseBodyResultHandler - [4e6bb5c6] 0..1 [java.lang.String]
12:03:15.831 [XNIO-78 I/O-6] DEBUG org.springframework.core.codec.CharSequenceEncoder - [4e6bb5c6] Writing 'Foo'
12:03:15.831 [XNIO-78 I/O-6] DEBUG org.springframework.web.server.adapter.HttpWebHandlerAdapter - [4e6bb5c6] Completed 200 OK
12:03:15.832 [Test worker] DEBUG org.springframework.web.client.RestTemplate - Response 200 OK
12:03:15.832 [Test worker] DEBUG org.springframework.http.server.reactive.bootstrap.UndertowHttpServer - Stopping UndertowHttpServer...
12:03:15.833 [Test worker] DEBUG org.springframework.http.server.reactive.bootstrap.UndertowHttpServer - Server stopped (0 millis).
]]></system-out>
  <system-err><![CDATA[八月 26, 2020 12:03:14 下午 org.apache.catalina.core.StandardService startInternal
信息: Starting service [Tomcat]
八月 26, 2020 12:03:14 下午 org.apache.catalina.core.StandardEngine startInternal
信息: Starting Servlet Engine: Apache Tomcat/9.0.11
八月 26, 2020 12:03:14 下午 org.apache.coyote.AbstractProtocol init
信息: Initializing ProtocolHandler ["http-nio-auto-77"]
八月 26, 2020 12:03:14 下午 org.apache.tomcat.util.net.NioSelectorPool getSharedSelector
信息: Using a shared selector for servlet write/read
八月 26, 2020 12:03:14 下午 org.apache.coyote.AbstractProtocol start
信息: Starting ProtocolHandler ["http-nio-auto-77-52377"]
八月 26, 2020 12:03:14 下午 org.apache.coyote.AbstractProtocol pause
信息: Pausing ProtocolHandler ["http-nio-auto-77-52377"]
八月 26, 2020 12:03:14 下午 org.apache.catalina.core.StandardService stopInternal
信息: Stopping service [Tomcat]
八月 26, 2020 12:03:14 下午 org.apache.coyote.AbstractProtocol stop
信息: Stopping ProtocolHandler ["http-nio-auto-77-52377"]
八月 26, 2020 12:03:14 下午 org.apache.coyote.AbstractProtocol destroy
信息: Destroying ProtocolHandler ["http-nio-auto-77-52377"]
八月 26, 2020 12:03:14 下午 org.apache.catalina.core.StandardService startInternal
信息: Starting service [Tomcat]
八月 26, 2020 12:03:14 下午 org.apache.catalina.core.StandardEngine startInternal
信息: Starting Servlet Engine: Apache Tomcat/9.0.11
八月 26, 2020 12:03:14 下午 org.apache.coyote.AbstractProtocol init
信息: Initializing ProtocolHandler ["http-nio-auto-78"]
八月 26, 2020 12:03:14 下午 org.apache.tomcat.util.net.NioSelectorPool getSharedSelector
信息: Using a shared selector for servlet write/read
八月 26, 2020 12:03:14 下午 org.apache.coyote.AbstractProtocol start
信息: Starting ProtocolHandler ["http-nio-auto-78-52386"]
八月 26, 2020 12:03:14 下午 org.apache.coyote.AbstractProtocol pause
信息: Pausing ProtocolHandler ["http-nio-auto-78-52386"]
八月 26, 2020 12:03:14 下午 org.apache.catalina.core.StandardService stopInternal
信息: Stopping service [Tomcat]
八月 26, 2020 12:03:14 下午 org.apache.coyote.AbstractProtocol stop
信息: Stopping ProtocolHandler ["http-nio-auto-78-52386"]
八月 26, 2020 12:03:14 下午 org.apache.coyote.AbstractProtocol destroy
信息: Destroying ProtocolHandler ["http-nio-auto-78-52386"]
八月 26, 2020 12:03:14 下午 org.apache.catalina.core.StandardService startInternal
信息: Starting service [Tomcat]
八月 26, 2020 12:03:14 下午 org.apache.catalina.core.StandardEngine startInternal
信息: Starting Servlet Engine: Apache Tomcat/9.0.11
八月 26, 2020 12:03:14 下午 org.apache.coyote.AbstractProtocol init
信息: Initializing ProtocolHandler ["http-nio-auto-79"]
八月 26, 2020 12:03:14 下午 org.apache.tomcat.util.net.NioSelectorPool getSharedSelector
信息: Using a shared selector for servlet write/read
八月 26, 2020 12:03:14 下午 org.apache.coyote.AbstractProtocol start
信息: Starting ProtocolHandler ["http-nio-auto-79-52395"]
八月 26, 2020 12:03:14 下午 org.apache.coyote.AbstractProtocol pause
信息: Pausing ProtocolHandler ["http-nio-auto-79-52395"]
八月 26, 2020 12:03:15 下午 org.apache.catalina.core.StandardService stopInternal
信息: Stopping service [Tomcat]
八月 26, 2020 12:03:15 下午 org.apache.coyote.AbstractProtocol stop
信息: Stopping ProtocolHandler ["http-nio-auto-79-52395"]
八月 26, 2020 12:03:15 下午 org.apache.coyote.AbstractProtocol destroy
信息: Destroying ProtocolHandler ["http-nio-auto-79-52395"]
]]></system-err>
</testsuite>
