<?xml version="1.0" encoding="UTF-8"?>
<testsuite name="org.springframework.aop.support.ControlFlowPointcutTests" tests="3" skipped="0" failures="0" errors="0" timestamp="2020-08-26T03:55:13" hostname="PC-20191023THJJ" time="0.001">
  <properties/>
  <testcase name="testSelectiveApplication" classname="org.springframework.aop.support.ControlFlowPointcutTests" time="0.001"/>
  <testcase name="testMatches" classname="org.springframework.aop.support.ControlFlowPointcutTests" time="0.0"/>
  <testcase name="testEqualsAndHashCode" classname="org.springframework.aop.support.ControlFlowPointcutTests" time="0.0"/>
  <system-out><![CDATA[]]></system-out>
  <system-err><![CDATA[]]></system-err>
</testsuite>
