<?xml version="1.0" encoding="UTF-8"?>
<testsuite name="org.springframework.aop.aspectj.BeanNamePointcutMatchingTests" tests="2" skipped="0" failures="0" errors="0" timestamp="2020-08-26T03:55:12" hostname="PC-20191023THJJ" time="0.006">
  <properties/>
  <testcase name="testNonMatchingPointcuts" classname="org.springframework.aop.aspectj.BeanNamePointcutMatchingTests" time="0.004"/>
  <testcase name="testMatchingPointcuts" classname="org.springframework.aop.aspectj.BeanNamePointcutMatchingTests" time="0.002"/>
  <system-out><![CDATA[]]></system-out>
  <system-err><![CDATA[]]></system-err>
</testsuite>
