<?xml version="1.0" encoding="UTF-8"?>
<testsuite name="org.springframework.aop.framework.IntroductionBenchmarkTests" tests="1" skipped="0" failures="0" errors="0" timestamp="2020-08-26T03:55:13" hostname="PC-20191023THJJ" time="0.07">
  <properties/>
  <testcase name="timeManyInvocations" classname="org.springframework.aop.framework.IntroductionBenchmarkTests" time="0.07"/>
  <system-out><![CDATA[StopWatch '': running time (millis) = 66
-----------------------------------------
ms     %     Task name
-----------------------------------------
00038  058%  100000 invocations on proxy, not hitting introduction
00028  042%  100000 invocations on proxy, hitting introduction
00000  000%  100000 invocations on target

]]></system-out>
  <system-err><![CDATA[]]></system-err>
</testsuite>
