<?xml version="1.0" encoding="UTF-8"?>
<testsuite name="org.springframework.aop.target.ThreadLocalTargetSourceTests" tests="5" skipped="0" failures="0" errors="0" timestamp="2020-08-26T03:55:14" hostname="PC-20191023THJJ" time="0.043">
  <properties/>
  <testcase name="testUseDifferentManagedInstancesInSameThread" classname="org.springframework.aop.target.ThreadLocalTargetSourceTests" time="0.024"/>
  <testcase name="testNewThreadHasOwnInstance" classname="org.springframework.aop.target.ThreadLocalTargetSourceTests" time="0.006"/>
  <testcase name="testReuseDestroyedTarget" classname="org.springframework.aop.target.ThreadLocalTargetSourceTests" time="0.003"/>
  <testcase name="testReuseInSameThread" classname="org.springframework.aop.target.ThreadLocalTargetSourceTests" time="0.004"/>
  <testcase name="testCanGetStatsViaMixin" classname="org.springframework.aop.target.ThreadLocalTargetSourceTests" time="0.005"/>
  <system-out><![CDATA[]]></system-out>
  <system-err><![CDATA[]]></system-err>
</testsuite>
