<?xml version="1.0" encoding="UTF-8"?>
<testsuite name="org.springframework.aop.interceptor.ExposeBeanNameAdvisorsTests" tests="2" skipped="0" failures="0" errors="0" timestamp="2020-08-26T03:55:13" hostname="PC-20191023THJJ" time="0.005">
  <properties/>
  <testcase name="testNoIntroduction" classname="org.springframework.aop.interceptor.ExposeBeanNameAdvisorsTests" time="0.002"/>
  <testcase name="testWithIntroduction" classname="org.springframework.aop.interceptor.ExposeBeanNameAdvisorsTests" time="0.003"/>
  <system-out><![CDATA[]]></system-out>
  <system-err><![CDATA[]]></system-err>
</testsuite>
