<?xml version="1.0" encoding="UTF-8"?>
<testsuite name="org.springframework.aop.framework.PrototypeTargetTests" tests="2" skipped="0" failures="0" errors="0" timestamp="2020-08-26T03:55:13" hostname="PC-20191023THJJ" time="0.093">
  <properties/>
  <testcase name="testSingletonProxyWithPrototypeTarget" classname="org.springframework.aop.framework.PrototypeTargetTests" time="0.087"/>
  <testcase name="testPrototypeProxyWithPrototypeTarget" classname="org.springframework.aop.framework.PrototypeTargetTests" time="0.006"/>
  <system-out><![CDATA[]]></system-out>
  <system-err><![CDATA[]]></system-err>
</testsuite>
