<?xml version="1.0" encoding="UTF-8"?>
<testsuite name="org.springframework.aop.config.AopNamespaceHandlerEventTests" tests="4" skipped="0" failures="0" errors="0" timestamp="2020-08-26T03:55:12" hostname="PC-20191023THJJ" time="0.135">
  <properties/>
  <testcase name="testPointcutEvents" classname="org.springframework.aop.config.AopNamespaceHandlerEventTests" time="0.079"/>
  <testcase name="testAdvisorEventsWithDirectPointcut" classname="org.springframework.aop.config.AopNamespaceHandlerEventTests" time="0.022"/>
  <testcase name="testAspectEvent" classname="org.springframework.aop.config.AopNamespaceHandlerEventTests" time="0.02"/>
  <testcase name="testAdvisorEventsWithPointcutRef" classname="org.springframework.aop.config.AopNamespaceHandlerEventTests" time="0.014"/>
  <system-out><![CDATA[]]></system-out>
  <system-err><![CDATA[]]></system-err>
</testsuite>
