<?xml version="1.0" encoding="UTF-8"?>
<testsuite name="org.springframework.aop.interceptor.ConcurrencyThrottleInterceptorTests" tests="3" skipped="0" failures="0" errors="0" timestamp="2020-08-26T03:55:13" hostname="PC-20191023THJJ" time="0.131">
  <properties/>
  <testcase name="testMultipleThreadsWithLimit1" classname="org.springframework.aop.interceptor.ConcurrencyThrottleInterceptorTests" time="0.066"/>
  <testcase name="testMultipleThreadsWithLimit10" classname="org.springframework.aop.interceptor.ConcurrencyThrottleInterceptorTests" time="0.061"/>
  <testcase name="testSerializable" classname="org.springframework.aop.interceptor.ConcurrencyThrottleInterceptorTests" time="0.003"/>
  <system-out><![CDATA[]]></system-out>
  <system-err><![CDATA[]]></system-err>
</testsuite>
