<?xml version="1.0" encoding="UTF-8"?>
<testsuite name="org.springframework.aop.interceptor.CustomizableTraceInterceptorTests" tests="11" skipped="0" failures="0" errors="0" timestamp="2020-08-26T03:55:13" hostname="PC-20191023THJJ" time="0.038">
  <properties/>
  <testcase name="testSunnyDayPathLogsCorrectlyWithPrettyMuchAllPlaceholdersMatching" classname="org.springframework.aop.interceptor.CustomizableTraceInterceptorTests" time="0.035"/>
  <testcase name="testSetEmptyExceptionMessage" classname="org.springframework.aop.interceptor.CustomizableTraceInterceptorTests" time="0.0"/>
  <testcase name="testSetExitMessageWithExceptionPlaceholder" classname="org.springframework.aop.interceptor.CustomizableTraceInterceptorTests" time="0.0"/>
  <testcase name="testSetEmptyExitMessage" classname="org.springframework.aop.interceptor.CustomizableTraceInterceptorTests" time="0.0"/>
  <testcase name="testSetEnterMessageWithInvocationTimePlaceholder" classname="org.springframework.aop.interceptor.CustomizableTraceInterceptorTests" time="0.0"/>
  <testcase name="testSetExceptionMethodWithReturnValuePlaceholder" classname="org.springframework.aop.interceptor.CustomizableTraceInterceptorTests" time="0.001"/>
  <testcase name="testSetEnterMessageWithReturnValuePlaceholder" classname="org.springframework.aop.interceptor.CustomizableTraceInterceptorTests" time="0.0"/>
  <testcase name="testSetEmptyEnterMessage" classname="org.springframework.aop.interceptor.CustomizableTraceInterceptorTests" time="0.0"/>
  <testcase name="testExceptionPathLogsCorrectly" classname="org.springframework.aop.interceptor.CustomizableTraceInterceptorTests" time="0.001"/>
  <testcase name="testSetEnterMessageWithExceptionPlaceholder" classname="org.springframework.aop.interceptor.CustomizableTraceInterceptorTests" time="0.0"/>
  <testcase name="testSunnyDayPathLogsCorrectly" classname="org.springframework.aop.interceptor.CustomizableTraceInterceptorTests" time="0.001"/>
  <system-out><![CDATA[]]></system-out>
  <system-err><![CDATA[]]></system-err>
</testsuite>
