<?xml version="1.0" encoding="UTF-8"?>
<testsuite name="org.springframework.aop.aspectj.annotation.AspectJPointcutAdvisorTests" tests="4" skipped="0" failures="0" errors="0" timestamp="2020-08-26T03:55:11" hostname="PC-20191023THJJ" time="0.011">
  <properties/>
  <testcase name="testPerCflowBelowTarget" classname="org.springframework.aop.aspectj.annotation.AspectJPointcutAdvisorTests" time="0.002"/>
  <testcase name="testSingleton" classname="org.springframework.aop.aspectj.annotation.AspectJPointcutAdvisorTests" time="0.001"/>
  <testcase name="testPerCflowTarget" classname="org.springframework.aop.aspectj.annotation.AspectJPointcutAdvisorTests" time="0.001"/>
  <testcase name="testPerTarget" classname="org.springframework.aop.aspectj.annotation.AspectJPointcutAdvisorTests" time="0.007"/>
  <system-out><![CDATA[]]></system-out>
  <system-err><![CDATA[]]></system-err>
</testsuite>
