<?xml version="1.0" encoding="UTF-8"?>
<testsuite name="org.springframework.aop.framework.NullPrimitiveTests" tests="2" skipped="0" failures="0" errors="0" timestamp="2020-08-26T03:55:13" hostname="PC-20191023THJJ" time="0.01">
  <properties/>
  <testcase name="testNullPrimitiveWithCglibProxy" classname="org.springframework.aop.framework.NullPrimitiveTests" time="0.007"/>
  <testcase name="testNullPrimitiveWithJdkProxy" classname="org.springframework.aop.framework.NullPrimitiveTests" time="0.003"/>
  <system-out><![CDATA[]]></system-out>
  <system-err><![CDATA[]]></system-err>
</testsuite>
