<?xml version="1.0" encoding="UTF-8"?>
<testsuite name="org.springframework.aop.target.LazyCreationTargetSourceTests" tests="1" skipped="0" failures="0" errors="0" timestamp="2020-08-26T03:55:14" hostname="PC-20191023THJJ" time="0.007">
  <properties/>
  <testcase name="testCreateLazy" classname="org.springframework.aop.target.LazyCreationTargetSourceTests" time="0.007"/>
  <system-out><![CDATA[]]></system-out>
  <system-err><![CDATA[]]></system-err>
</testsuite>
