<?xml version="1.0" encoding="UTF-8"?>
<testsuite name="org.springframework.aop.config.TopLevelAopTagTests" tests="1" skipped="0" failures="0" errors="0" timestamp="2020-08-26T03:55:12" hostname="PC-20191023THJJ" time="0.011">
  <properties/>
  <testcase name="testParse" classname="org.springframework.aop.config.TopLevelAopTagTests" time="0.011"/>
  <system-out><![CDATA[]]></system-out>
  <system-err><![CDATA[]]></system-err>
</testsuite>
